[03/09/2012 00:15:26] /name Rosso, Dont fucking tp me
[03/09/2012 00:15:27] /r
[03/09/2012 00:15:35] /goto saintz
[03/09/2012 00:16:06] /c dont fucking tp me
[03/09/2012 00:16:47] /name dont fucking tp me, Rosso
[03/09/2012 00:16:53] /r
[03/09/2012 00:17:18] /name Zatacka, Fuck Ur Server
[03/09/2012 00:17:20] /r
[03/09/2012 00:17:32] /name Saintz, Fuck Me
[03/09/2012 00:17:39] /r
[03/09/2012 00:17:53] /name Rosso, Am Bitch
[03/09/2012 00:17:57] /r
[03/09/2012 00:18:13] /name Saintz, Am A Stupid Bitch
[03/09/2012 00:18:18] /t
[03/09/2012 00:18:26] /ghost
[03/09/2012 00:18:38] /r
[03/09/2012 00:18:38] /r
[03/09/2012 00:18:38] /r
[03/09/2012 00:18:38] /r
[03/09/2012 00:18:38] /r
[03/09/2012 00:18:38] /r
[03/09/2012 00:18:39] /r
[03/09/2012 00:18:39] /r
[03/09/2012 00:18:39] /r
[03/09/2012 00:18:39] /r
[03/09/2012 00:18:39] /r
[03/09/2012 00:18:39] /r
[03/09/2012 00:18:39] /r
[03/09/2012 00:18:40] /r
[03/09/2012 00:18:40] /r
[03/09/2012 00:18:40] /r
[03/09/2012 00:18:40] /r
[03/09/2012 00:18:40] /r
[03/09/2012 00:18:40] /r
[03/09/2012 00:18:41] /r
[03/09/2012 00:18:41] /r
[03/09/2012 00:18:41] /r
[03/09/2012 00:18:41] /r
[03/09/2012 00:18:41] /r
[03/09/2012 00:18:41] /r
[03/09/2012 00:18:41] /r
[03/09/2012 00:18:42] /r
[03/09/2012 00:18:42] /r
[03/09/2012 00:18:42] /r
[03/09/2012 00:18:42] /r
[03/09/2012 00:18:42] /r
[03/09/2012 00:18:42] /r
[03/09/2012 00:18:42] /r
[03/09/2012 00:18:43] /r
[03/09/2012 00:18:43] /r
[03/09/2012 00:18:43] /r
[03/09/2012 00:18:43] /r
[03/09/2012 00:18:43] /r
[03/09/2012 00:18:43] /r
[03/09/2012 00:18:44] /r
[03/09/2012 00:18:44] /r
[03/09/2012 00:18:44] /r
[03/09/2012 00:18:44] /r
[03/09/2012 00:18:45] /r
[03/09/2012 00:18:45] /r
[03/09/2012 00:18:45] /r
[03/09/2012 00:18:45] /r
[03/09/2012 00:18:45] /r
[03/09/2012 00:18:45] /r
[03/09/2012 00:18:45] /r
[03/09/2012 00:18:45] /r
[03/09/2012 00:18:46] /r
[03/09/2012 00:18:46] /r
[03/09/2012 00:18:48] /r
[03/09/2012 00:18:49] /r
[03/09/2012 00:18:49] /r
[03/09/2012 00:18:49] /r
[03/09/2012 00:18:49] /r
[03/09/2012 00:18:49] /r
[03/09/2012 00:18:49] /r
[03/09/2012 00:18:51] /r
[03/09/2012 00:18:52] /r
[03/09/2012 00:19:02] /r
[03/09/2012 00:19:02] /r
[03/09/2012 00:19:02] /r
[03/09/2012 00:19:02] /r
[03/09/2012 00:19:02] /r
[03/09/2012 00:19:02] /r
[03/09/2012 00:19:03] /r
[03/09/2012 00:19:05] /r
[03/09/2012 00:19:05] /r
[03/09/2012 00:19:06] /r
[03/09/2012 00:19:06] /r
[03/09/2012 00:19:07] /r
[03/09/2012 00:19:07] /r
[03/09/2012 00:19:07] /r
[03/09/2012 00:19:08] /r
[03/09/2012 00:19:08] /r
[03/09/2012 00:19:08] /r
[03/09/2012 00:19:08] /r
[03/09/2012 00:19:08] /r
[03/09/2012 00:19:08] /r
[03/09/2012 00:19:09] /r
[03/09/2012 00:19:09] /r
[03/09/2012 00:19:09] /r
[03/09/2012 00:19:09] /r
[03/09/2012 00:19:09] /r
[03/09/2012 00:19:10] /r
[03/09/2012 00:19:10] /r
[03/09/2012 00:19:10] /r
[03/09/2012 00:19:10] /r
[03/09/2012 00:19:12] /r
[03/09/2012 00:19:13] /r
[03/09/2012 00:19:14] /r
[03/09/2012 00:19:17] /r
[03/09/2012 00:19:17] /r
[03/09/2012 00:19:17] /r
[03/09/2012 00:19:17] /r
[03/09/2012 00:19:18] /r
[03/09/2012 00:19:18] /r
[03/09/2012 00:19:18] /r
[03/09/2012 00:19:18] /r
[03/09/2012 00:19:19] /r
[03/09/2012 00:19:19] /r
[03/09/2012 00:19:19] /r
[03/09/2012 00:19:19] /r
[03/09/2012 00:19:19] /r
[03/09/2012 00:19:20] /r
[03/09/2012 00:19:20] /r
[03/09/2012 00:19:20] /r
[03/09/2012 00:19:20] /r
[03/09/2012 00:19:23] /r
[03/09/2012 00:19:23] /r
[03/09/2012 00:19:23] /r
[03/09/2012 00:19:23] /r
[03/09/2012 00:19:24] /r
[03/09/2012 00:19:26] /r
[03/09/2012 00:19:28] /r
[03/09/2012 00:19:29] /r
[03/09/2012 00:19:29] /r
[03/09/2012 00:19:29] /r
[03/09/2012 00:19:30] /r
[03/09/2012 00:19:30] /r
[03/09/2012 00:19:30] /r
[03/09/2012 00:19:30] /r
[03/09/2012 00:19:30] /r
[03/09/2012 00:19:30] /r
[03/09/2012 00:19:31] /r
[03/09/2012 00:19:31] /r
[03/09/2012 00:19:31] /r
[03/09/2012 00:19:31] /r
[03/09/2012 00:19:31] /r
[03/09/2012 00:19:32] /r
[03/09/2012 00:19:32] /r
[03/09/2012 00:19:32] /r
