[28/07/2012 14:49:23] /a 3
[28/07/2012 14:50:44] /a 
[28/07/2012 14:50:45] /a 3
[28/07/2012 14:50:56] /a 3
[28/07/2012 14:51:04] /s treiner
[28/07/2012 14:51:06] /s training monk
[28/07/2012 14:51:07] /s training monk
[28/07/2012 14:51:10] /s training boy
[28/07/2012 14:51:20] /r
[28/07/2012 14:51:51] /addskill [scripter] cheeze,level,716000
[28/07/2012 14:58:25] /attr poisition 2000 2000 7
[28/07/2012 14:58:30] /attr position 2000 2000 7
[28/07/2012 14:59:11] /a 3
[28/07/2012 14:59:47] /goto owner apdo
[28/07/2012 14:59:54] /newtype 302
[28/07/2012 15:00:36] /i 1387
[28/07/2012 15:00:41] /r
[28/07/2012 15:00:47] /attr action 30000
[28/07/2012 15:00:52] /attr unique 30000
[28/07/2012 15:01:12] /attr action 0
[28/07/2012 15:01:16] /r
[28/07/2012 15:01:17] /r
[28/07/2012 15:01:18] /r
[28/07/2012 15:01:20] /r
[28/07/2012 15:01:28] /i enter of blood castle
[28/07/2012 15:01:32] /i 8047
[28/07/2012 15:01:50] /bc green Wih0o+
[28/07/2012 15:02:10] /bc blue thanks for tuning in into this OT and Enjoy Ur stay Time
[28/07/2012 15:02:51] /bc green text
[28/07/2012 15:03:09] /bc orange YEUUUW
[28/07/2012 15:04:24] /i 8047
[28/07/2012 16:37:14] /i red lantern
[28/07/2012 16:39:15] /a 3
[28/07/2012 16:39:30] /a 3
[28/07/2012 16:40:15] /a 3
[28/07/2012 16:40:36] /a 10
[28/07/2012 16:40:37] /a 10
[28/07/2012 16:40:37] /a 10
[28/07/2012 16:40:38] /a 10
[28/07/2012 16:40:39] /a 10
[28/07/2012 16:40:39] /a 10
[28/07/2012 16:40:40] /a 10
[28/07/2012 16:40:40] /a 10
[28/07/2012 16:40:41] /a 10
[28/07/2012 16:40:41] /a 10
[28/07/2012 16:40:41] /a 10
[28/07/2012 16:41:17] /t
[28/07/2012 16:42:39] /a 3
[28/07/2012 16:47:35] /a 3
[28/07/2012 16:48:28] /a
[28/07/2012 16:48:29] /a
[28/07/2012 16:48:29] /a
[28/07/2012 16:48:29] /a
[28/07/2012 16:48:29] /a
[28/07/2012 16:48:29] /a
[28/07/2012 16:48:29] /a
[28/07/2012 16:48:29] /a
[28/07/2012 16:48:29] /a
[28/07/2012 16:48:29] /a
[28/07/2012 16:48:29] /a
[28/07/2012 16:48:29] /a
[28/07/2012 16:48:29] /a
[28/07/2012 16:48:29] /a
[28/07/2012 16:48:29] /a
[28/07/2012 16:48:29] /a
[28/07/2012 16:48:29] /a
[28/07/2012 16:48:29] /a
[28/07/2012 16:48:29] /a
[28/07/2012 16:48:29] /a
[28/07/2012 16:48:29] /a
[28/07/2012 16:48:29] /a
[28/07/2012 16:48:29] /a
[28/07/2012 16:48:30] /a
[28/07/2012 16:48:30] /a
[28/07/2012 16:48:30] /a
[28/07/2012 16:48:30] /a
[28/07/2012 16:48:30] /a
[28/07/2012 16:48:30] /a
[28/07/2012 16:48:30] /a
[28/07/2012 16:48:30] /a
[28/07/2012 16:48:30] /a
[28/07/2012 16:48:30] /a
[28/07/2012 16:48:30] /a
[28/07/2012 16:48:30] /a
[28/07/2012 16:48:30] /a
[28/07/2012 16:48:30] /a
[28/07/2012 16:48:30] /a
[28/07/2012 16:48:30] /a
[28/07/2012 16:48:30] /a
[28/07/2012 16:48:30] /a
[28/07/2012 16:48:30] /a
[28/07/2012 16:48:30] /a
[28/07/2012 16:48:30] /a
[28/07/2012 16:48:30] /a
[28/07/2012 16:48:30] /a
[28/07/2012 16:48:30] /a
[28/07/2012 16:48:30] /a
[28/07/2012 16:48:30] /a
[28/07/2012 16:48:30] /a
[28/07/2012 16:48:30] /a
[28/07/2012 16:48:30] /a
[28/07/2012 16:48:30] /a
[28/07/2012 16:48:30] /a
[28/07/2012 16:48:31] /a
[28/07/2012 16:48:31] /a
[28/07/2012 16:48:31] /a
[28/07/2012 16:48:31] /a
[28/07/2012 16:48:31] /a
[28/07/2012 16:48:31] /a
[28/07/2012 16:48:31] /a
[28/07/2012 16:48:31] /a
[28/07/2012 16:48:31] /a
[28/07/2012 16:48:31] /a
[28/07/2012 16:48:31] /a
[28/07/2012 16:48:31] /a
[28/07/2012 16:48:31] /a
[28/07/2012 16:48:31] /a
[28/07/2012 16:48:31] /a
[28/07/2012 16:48:31] /a
[28/07/2012 16:48:31] /a
[28/07/2012 16:48:31] /a
[28/07/2012 16:48:31] /a
[28/07/2012 16:48:31] /a
[28/07/2012 16:48:31] /a
[28/07/2012 16:48:31] /a
[28/07/2012 16:48:31] /a
[28/07/2012 16:48:31] /a
[28/07/2012 16:48:31] /a
[28/07/2012 16:48:31] /a
[28/07/2012 16:48:31] /a
[28/07/2012 16:48:31] /a
[28/07/2012 16:48:31] /a
[28/07/2012 16:48:31] /a
[28/07/2012 16:48:31] /a
[28/07/2012 16:48:32] /a
[28/07/2012 16:48:32] /a
[28/07/2012 16:48:32] /a
[28/07/2012 16:48:32] /a
[28/07/2012 16:48:32] /a
[28/07/2012 16:48:32] /a
[28/07/2012 16:48:32] /a
[28/07/2012 16:48:32] /a
[28/07/2012 16:48:32] /a
[28/07/2012 16:48:32] /a
[28/07/2012 16:48:32] /a
[28/07/2012 16:48:32] /a
[28/07/2012 16:48:32] /a
[28/07/2012 16:48:32] /a
[28/07/2012 16:48:32] /a
[28/07/2012 16:48:32] /a
[28/07/2012 16:48:32] /a
[28/07/2012 16:48:32] /a
[28/07/2012 16:48:32] /a
[28/07/2012 16:48:32] /a
[28/07/2012 16:48:32] /a
[28/07/2012 16:48:32] /a
[28/07/2012 16:48:32] /a
[28/07/2012 16:48:32] /a
[28/07/2012 16:48:32] /a
[28/07/2012 16:48:32] /a
[28/07/2012 16:48:32] /a
[28/07/2012 16:48:32] /a
[28/07/2012 16:48:32] /a
[28/07/2012 16:48:33] /a
[28/07/2012 16:48:33] /a
[28/07/2012 16:48:33] /a
[28/07/2012 16:48:33] /a
[28/07/2012 16:48:33] /a
[28/07/2012 16:48:33] /a
[28/07/2012 16:48:33] /a
[28/07/2012 16:48:33] /a
[28/07/2012 16:48:33] /a
[28/07/2012 16:48:33] /a
[28/07/2012 16:48:33] /a
[28/07/2012 16:48:33] /a
[28/07/2012 16:48:33] /a
[28/07/2012 16:48:33] /a
[28/07/2012 16:48:33] /a
[28/07/2012 16:48:33] /a
[28/07/2012 16:48:33] /a
[28/07/2012 16:48:33] /a
[28/07/2012 16:48:33] /a
[28/07/2012 16:48:33] /a
[28/07/2012 16:48:33] /a
[28/07/2012 16:48:33] /a
[28/07/2012 16:48:33] /a
[28/07/2012 16:48:33] /a
[28/07/2012 16:48:33] /a
[28/07/2012 16:48:33] /a
[28/07/2012 16:48:33] /a
[28/07/2012 16:48:33] /a
[28/07/2012 16:48:33] /a
[28/07/2012 16:48:33] /a
[28/07/2012 16:48:34] /a
[28/07/2012 16:48:34] /a
[28/07/2012 16:48:34] /a
[28/07/2012 16:48:34] /a
[28/07/2012 16:48:34] /a
[28/07/2012 16:48:34] /a
[28/07/2012 16:48:37] /a 2
[28/07/2012 16:48:39] /a 2
[28/07/2012 16:48:39] /a 2
[28/07/2012 16:48:39] /a 2
[28/07/2012 16:48:39] /a 2
[28/07/2012 16:48:39] /a 2
[28/07/2012 16:48:39] /a 2
[28/07/2012 16:48:39] /a 2
[28/07/2012 16:48:39] /a 2
[28/07/2012 16:48:39] /a 2
[28/07/2012 16:48:40] /a 2
[28/07/2012 16:48:40] /a 2
[28/07/2012 16:48:40] /a 2
[28/07/2012 16:48:40] /a 2
[28/07/2012 16:48:40] /a 2
[28/07/2012 16:48:40] /a 2
[28/07/2012 16:48:40] /a 2
[28/07/2012 16:48:40] /a 2
[28/07/2012 16:48:40] /a 2
[28/07/2012 16:48:40] /a 2
[28/07/2012 16:48:40] /a 2
[28/07/2012 16:48:40] /a 2
[28/07/2012 16:48:40] /a 2
[28/07/2012 16:48:40] /a 2
[28/07/2012 16:48:40] /a 2
[28/07/2012 16:48:40] /a 2
[28/07/2012 16:48:40] /a 2
[28/07/2012 16:48:40] /a 2
[28/07/2012 16:48:40] /a 2
[28/07/2012 16:48:40] /a 2
[28/07/2012 16:48:40] /a 2
[28/07/2012 16:48:40] /a 2
[28/07/2012 16:48:40] /a 2
[28/07/2012 16:48:40] /a 2
[28/07/2012 16:48:40] /a 2
[28/07/2012 16:48:40] /a 2
[28/07/2012 16:48:40] /a 2
[28/07/2012 16:48:40] /a 2
[28/07/2012 16:48:40] /a 2
[28/07/2012 16:48:40] /a 2
[28/07/2012 16:48:41] /a 2
[28/07/2012 16:48:41] /a 2
[28/07/2012 16:48:41] /a 2
[28/07/2012 16:48:41] /a 2
[28/07/2012 16:48:41] /a 2
[28/07/2012 16:48:41] /a 2
[28/07/2012 16:48:41] /a 2
[28/07/2012 16:48:41] /a 2
[28/07/2012 16:48:41] /a 2
[28/07/2012 16:48:41] /a 2
[28/07/2012 16:48:41] /a 2
[28/07/2012 16:48:41] /a 2
[28/07/2012 16:48:41] /a 2
[28/07/2012 16:48:41] /a 2
[28/07/2012 16:48:41] /a 2
[28/07/2012 16:48:41] /a 2
[28/07/2012 16:48:41] /a 2
[28/07/2012 16:48:41] /a 2
[28/07/2012 16:48:41] /a 2
[28/07/2012 16:48:41] /a 2
[28/07/2012 16:48:41] /a 2
[28/07/2012 16:48:41] /a 2
[28/07/2012 16:48:41] /a 2
[28/07/2012 16:48:41] /a 2
[28/07/2012 16:48:41] /a 2
[28/07/2012 16:48:41] /a 2
[28/07/2012 16:48:41] /a 2
[28/07/2012 16:48:41] /a 2
[28/07/2012 16:48:41] /a 2
[28/07/2012 16:48:41] /a 2
[28/07/2012 16:48:41] /a 2
[28/07/2012 16:48:42] /a 2
[28/07/2012 16:48:42] /a 2
[28/07/2012 16:48:42] /a 2
[28/07/2012 16:48:42] /a 2
[28/07/2012 16:48:42] /a 2
[28/07/2012 16:48:42] /a 2
[28/07/2012 16:48:42] /a 2
[28/07/2012 16:48:42] /a 2
[28/07/2012 16:48:42] /a 2
[28/07/2012 16:48:42] /a 2
[28/07/2012 16:48:42] /a 2
[28/07/2012 16:48:42] /a 2
[28/07/2012 16:48:42] /a 2
[28/07/2012 16:48:42] /a 2
[28/07/2012 16:48:42] /a 2
[28/07/2012 16:48:42] /a 2
[28/07/2012 16:48:42] /a 2
[28/07/2012 16:48:42] /a 2
[28/07/2012 16:48:42] /a 2
[28/07/2012 16:48:42] /a 2
[28/07/2012 16:48:42] /a 2
[28/07/2012 16:48:42] /a 2
[28/07/2012 16:48:42] /a 2
[28/07/2012 16:48:42] /a 2
[28/07/2012 16:48:42] /a 2
[28/07/2012 16:48:42] /a 2
[28/07/2012 16:48:42] /a 2
[28/07/2012 16:48:42] /a 2
[28/07/2012 16:48:42] /a 2
[28/07/2012 16:48:42] /a 2
[28/07/2012 16:48:43] /a 2
[28/07/2012 16:48:43] /a 2
[28/07/2012 16:48:43] /a 2
[28/07/2012 16:48:43] /a 2
[28/07/2012 16:48:43] /a 2
[28/07/2012 16:48:43] /a 2
[28/07/2012 16:48:43] /a 2
[28/07/2012 16:48:43] /a 2
[28/07/2012 16:48:43] /a 2
[28/07/2012 16:48:43] /a 2
[28/07/2012 16:48:43] /a 2
[28/07/2012 16:48:43] /a 2
[28/07/2012 16:48:43] /a 2
[28/07/2012 16:48:43] /a 2
[28/07/2012 16:48:43] /a 2
[28/07/2012 16:48:43] /a 2
[28/07/2012 16:48:43] /a 2
[28/07/2012 16:48:43] /a 2
[28/07/2012 16:48:43] /a 2
[28/07/2012 16:48:43] /a 2
[28/07/2012 16:48:43] /a 2
[28/07/2012 16:48:43] /a 2
[28/07/2012 16:48:43] /a 2
[28/07/2012 16:48:43] /a 2
[28/07/2012 16:48:43] /a 2
[28/07/2012 16:48:43] /a 2
[28/07/2012 16:48:43] /a 2
[28/07/2012 16:48:43] /a 2
[28/07/2012 16:48:43] /a 2
[28/07/2012 16:48:43] /a 2
[28/07/2012 16:48:44] /a 2
[28/07/2012 16:48:44] /a 2
[28/07/2012 16:48:44] /a 2
[28/07/2012 16:48:44] /a 2
[28/07/2012 16:48:44] /a 2
[28/07/2012 16:48:44] /a 2
[28/07/2012 16:48:44] /a 2
[28/07/2012 16:48:44] /a 2
[28/07/2012 16:48:44] /a 2
[28/07/2012 16:48:44] /a 2
[28/07/2012 16:48:44] /a 2
[28/07/2012 16:48:44] /a 2
[28/07/2012 16:48:44] /a 2
[28/07/2012 16:48:44] /a 2
[28/07/2012 16:48:44] /a 2
[28/07/2012 16:48:44] /a 2
[28/07/2012 16:48:44] /a 2
[28/07/2012 16:48:44] /a 2
[28/07/2012 16:48:44] /a 2
[28/07/2012 16:48:44] /a 2
[28/07/2012 16:48:44] /a 2
[28/07/2012 16:48:44] /a 2
[28/07/2012 16:48:44] /a 2
[28/07/2012 16:48:44] /a 2
[28/07/2012 16:48:44] /a 2
[28/07/2012 16:48:44] /a 2
[28/07/2012 16:48:44] /a 2
[28/07/2012 16:48:44] /a 2
[28/07/2012 16:48:44] /a 2
[28/07/2012 16:48:44] /a 2
[28/07/2012 16:48:45] /a 2
[28/07/2012 16:48:45] /a 2
[28/07/2012 16:48:45] /a 2
[28/07/2012 16:48:45] /a 2
[28/07/2012 16:48:45] /a 2
[28/07/2012 16:48:45] /a 2
[28/07/2012 16:48:45] /a 2
[28/07/2012 16:48:45] /a 2
[28/07/2012 16:48:45] /a 2
[28/07/2012 16:48:45] /a 2
[28/07/2012 16:48:45] /a 2
[28/07/2012 16:48:45] /a 2
[28/07/2012 16:48:45] /a 2
[28/07/2012 16:48:45] /a 2
[28/07/2012 16:48:45] /a 2
[28/07/2012 16:48:45] /a 2
[28/07/2012 16:48:45] /a 2
[28/07/2012 16:48:45] /a 2
[28/07/2012 16:48:45] /a 2
[28/07/2012 16:48:45] /a 2
[28/07/2012 16:48:45] /a 2
[28/07/2012 16:48:45] /a 2
[28/07/2012 16:48:45] /a 2
[28/07/2012 16:48:45] /a 2
[28/07/2012 16:48:45] /a 2
[28/07/2012 16:48:45] /a 2
[28/07/2012 16:48:45] /a 2
[28/07/2012 16:48:45] /a 2
[28/07/2012 16:48:45] /a 2
[28/07/2012 16:48:45] /a 2
[28/07/2012 16:48:45] /a 2
[28/07/2012 16:48:46] /a 2
[28/07/2012 16:48:46] /a 2
[28/07/2012 16:48:46] /a 2
[28/07/2012 16:48:46] /a 2
[28/07/2012 16:48:46] /a 2
[28/07/2012 16:48:46] /a 2
[28/07/2012 16:48:49] /a 3
[28/07/2012 16:48:49] /a 3
[28/07/2012 16:48:50] /a 3
[28/07/2012 16:48:50] /a 3
[28/07/2012 16:48:52] /a 3
[28/07/2012 16:48:52] /a 3
[28/07/2012 16:48:52] /a 3
[28/07/2012 16:48:52] /a 3
[28/07/2012 16:48:52] /a 3
[28/07/2012 16:48:52] /a 3
[28/07/2012 16:48:52] /a 3
[28/07/2012 16:48:52] /a 3
[28/07/2012 16:48:53] /a 3
[28/07/2012 16:48:53] /a 3
[28/07/2012 16:48:53] /a 3
[28/07/2012 16:48:53] /a 3
[28/07/2012 16:48:53] /a 3
[28/07/2012 16:48:53] /a 3
[28/07/2012 16:48:53] /a 3
[28/07/2012 16:48:53] /a 3
[28/07/2012 16:48:53] /a 3
[28/07/2012 16:48:53] /a 3
[28/07/2012 16:48:53] /a 3
[28/07/2012 16:48:53] /a 3
[28/07/2012 16:48:53] /a 3
[28/07/2012 16:48:53] /a 3
[28/07/2012 16:48:53] /a 3
[28/07/2012 16:48:53] /a 3
[28/07/2012 16:48:53] /a 3
[28/07/2012 16:48:53] /a 3
[28/07/2012 16:48:53] /a 3
[28/07/2012 16:48:53] /a 3
[28/07/2012 16:48:53] /a 3
[28/07/2012 16:48:53] /a 3
[28/07/2012 16:48:53] /a 3
[28/07/2012 16:48:53] /a 3
[28/07/2012 16:48:53] /a 3
[28/07/2012 16:48:53] /a 3
[28/07/2012 16:48:53] /a 3
[28/07/2012 16:48:53] /a 3
[28/07/2012 16:48:53] /a 3
[28/07/2012 16:48:53] /a 3
[28/07/2012 16:48:54] /a 3
[28/07/2012 16:48:54] /a 3
[28/07/2012 16:48:54] /a 3
[28/07/2012 16:48:54] /a 3
[28/07/2012 16:48:54] /a 3
[28/07/2012 16:48:54] /a 3
[28/07/2012 16:48:54] /a 3
[28/07/2012 16:48:54] /a 3
[28/07/2012 16:48:54] /a 3
[28/07/2012 16:48:54] /a 3
[28/07/2012 16:48:54] /a 3
[28/07/2012 16:48:54] /a 3
[28/07/2012 16:48:54] /a 3
[28/07/2012 16:48:54] /a 3
[28/07/2012 16:48:54] /a 3
[28/07/2012 16:48:54] /a 3
[28/07/2012 16:48:54] /a 3
[28/07/2012 16:48:54] /a 3
[28/07/2012 16:48:54] /a 3
[28/07/2012 16:48:54] /a 3
[28/07/2012 16:48:54] /a 3
[28/07/2012 16:48:54] /a 3
[28/07/2012 16:48:54] /a 3
[28/07/2012 16:48:54] /a 3
[28/07/2012 16:48:54] /a 3
[28/07/2012 16:48:54] /a 3
[28/07/2012 16:48:54] /a 3
[28/07/2012 16:48:54] /a 3
[28/07/2012 16:48:54] /a 3
[28/07/2012 16:48:54] /a 3
[28/07/2012 16:48:55] /a 3
[28/07/2012 16:48:55] /a 3
[28/07/2012 16:48:55] /a 3
[28/07/2012 16:48:55] /a 3
[28/07/2012 16:48:55] /a 3
[28/07/2012 16:48:55] /a 3
[28/07/2012 16:48:55] /a 3
[28/07/2012 16:48:55] /a 3
[28/07/2012 16:48:55] /a 3
[28/07/2012 16:48:55] /a 3
[28/07/2012 16:48:55] /a 3
[28/07/2012 16:48:55] /a 3
[28/07/2012 16:48:55] /a 3
[28/07/2012 16:48:55] /a 3
[28/07/2012 16:48:55] /a 3
[28/07/2012 16:48:55] /a 3
[28/07/2012 16:48:55] /a 3
[28/07/2012 16:48:55] /a 3
[28/07/2012 16:48:55] /a 3
[28/07/2012 16:48:55] /a 3
[28/07/2012 16:48:55] /a 3
[28/07/2012 16:48:55] /a 3
[28/07/2012 16:48:55] /a 3
[28/07/2012 16:48:55] /a 3
[28/07/2012 16:48:55] /a 3
[28/07/2012 16:48:55] /a 3
[28/07/2012 16:48:55] /a 3
[28/07/2012 16:48:55] /a 3
[28/07/2012 16:48:55] /a 3
[28/07/2012 16:48:55] /a 3
[28/07/2012 16:48:55] /a 3
[28/07/2012 16:48:56] /a 3
[28/07/2012 16:48:56] /a 3
[28/07/2012 16:48:56] /a 3
[28/07/2012 16:48:56] /a 3
[28/07/2012 16:48:56] /a 3
[28/07/2012 16:48:56] /a 3
[28/07/2012 16:48:57] /a 3
[28/07/2012 16:48:57] /a 3
[28/07/2012 16:48:58] /a 3
[28/07/2012 16:48:58] /a 3
[28/07/2012 16:48:59] /a 3
[28/07/2012 16:49:05] /a 3
[28/07/2012 16:49:11] /a 6
[28/07/2012 16:49:11] /a 6
[28/07/2012 16:49:11] /a 6
[28/07/2012 16:49:11] /a 6
[28/07/2012 16:49:12] /a 6
[28/07/2012 16:49:12] /a 6
[28/07/2012 16:49:12] /a 6
[28/07/2012 16:49:12] /a 6
[28/07/2012 16:49:12] /a 6
[28/07/2012 16:49:12] /a 6
[28/07/2012 16:49:12] /a 6
[28/07/2012 16:49:12] /a 6
[28/07/2012 16:49:12] /a 6
[28/07/2012 16:49:12] /a 6
[28/07/2012 16:49:12] /a 6
[28/07/2012 16:49:12] /a 6
[28/07/2012 16:49:12] /a 6
[28/07/2012 16:49:12] /a 6
[28/07/2012 16:49:12] /a 6
[28/07/2012 16:49:12] /a 6
[28/07/2012 16:49:12] /a 6
[28/07/2012 16:49:12] /a 6
[28/07/2012 16:49:12] /a 6
[28/07/2012 16:49:12] /a 6
[28/07/2012 16:49:12] /a 6
[28/07/2012 16:49:12] /a 6
[28/07/2012 16:49:12] /a 6
[28/07/2012 16:49:12] /a 6
[28/07/2012 16:49:12] /a 6
[28/07/2012 16:49:12] /a 6
[28/07/2012 16:49:12] /a 6
[28/07/2012 16:49:12] /a 6
[28/07/2012 16:49:12] /a 6
[28/07/2012 16:49:12] /a 6
[28/07/2012 16:49:13] /a 6
[28/07/2012 16:49:13] /a 6
[28/07/2012 16:49:13] /a 6
[28/07/2012 16:49:13] /a 6
[28/07/2012 16:49:13] /t
[28/07/2012 16:49:14] /a 6
[28/07/2012 16:49:14] /a 6
[28/07/2012 16:49:18] /a 2
[28/07/2012 16:49:19] /a 6
[28/07/2012 16:49:20] /a 6
[28/07/2012 16:49:20] /a 6
[28/07/2012 16:49:21] /a 6
[28/07/2012 16:49:21] /a 6
[28/07/2012 16:49:22] /a 6
[28/07/2012 16:49:23] /a 6
[28/07/2012 16:49:23] /a 6
[28/07/2012 16:49:23] /a 6
[28/07/2012 16:49:23] /a 6
[28/07/2012 16:49:23] /a 6
[28/07/2012 16:49:23] /a 6
[28/07/2012 16:49:23] /a 6
[28/07/2012 16:49:23] /a 6
[28/07/2012 16:49:23] /a 6
[28/07/2012 16:49:23] /a 6
[28/07/2012 16:49:23] /a 6
[28/07/2012 16:49:23] /a 6
[28/07/2012 16:49:23] /a 6
[28/07/2012 16:49:24] /a 6
[28/07/2012 16:49:24] /a 6
[28/07/2012 16:49:24] /a 6
[28/07/2012 16:49:24] /a 6
[28/07/2012 16:49:24] /a 6
[28/07/2012 16:49:24] /a 6
[28/07/2012 16:49:24] /a 6
[28/07/2012 16:49:24] /a 6
[28/07/2012 16:49:24] /a 6
[28/07/2012 16:49:24] /a 6
[28/07/2012 16:49:24] /a 6
[28/07/2012 16:49:24] /a 6
[28/07/2012 16:49:24] /a 6
[28/07/2012 16:49:25] /a 6
[28/07/2012 16:49:25] /a 6
[28/07/2012 16:49:25] /a 6
[28/07/2012 16:49:25] /a 6
[28/07/2012 16:49:25] /a 6
[28/07/2012 16:49:25] /a 6
[28/07/2012 16:49:25] /a 6
[28/07/2012 16:49:25] /a 6
[28/07/2012 16:49:25] /a 6
[28/07/2012 16:49:25] /a 6
[28/07/2012 16:49:26] /t
[28/07/2012 16:51:07] /t
[28/07/2012 16:51:10] /goto owner apdo
[28/07/2012 16:51:20] /a 3
[28/07/2012 16:51:22] /a 3
[28/07/2012 16:51:28] /a 6
[28/07/2012 16:51:35] /a
[28/07/2012 16:51:36] /a
[28/07/2012 16:51:39] /a
[28/07/2012 16:51:39] /a
[28/07/2012 16:51:39] /a
[28/07/2012 16:51:40] /a
[28/07/2012 16:51:41] /a
[28/07/2012 16:51:41] /a
[28/07/2012 16:51:41] /a
[28/07/2012 16:51:41] /a
[28/07/2012 16:51:41] /a
[28/07/2012 16:51:41] /a
[28/07/2012 16:51:41] /a
[28/07/2012 16:51:41] /a
[28/07/2012 16:51:41] /a
[28/07/2012 16:51:41] /a
[28/07/2012 16:51:41] /a
[28/07/2012 16:51:43] /a
[28/07/2012 16:51:43] /a
[28/07/2012 16:52:10] /i 2160
[28/07/2012 16:52:11] /i 2160
[28/07/2012 16:52:12] /i 2160
[28/07/2012 16:52:13] /i 2160
[28/07/2012 16:52:13] /i 2160
[28/07/2012 16:52:13] /i 2160
[28/07/2012 16:52:25] /t
[28/07/2012 16:54:02] /t
[28/07/2012 16:55:17] /t
[28/07/2012 16:55:23] /a 2
[28/07/2012 16:55:27] /m Bitchy Hydra
[28/07/2012 16:55:29] /a 3
[28/07/2012 16:55:36] /a
[28/07/2012 16:55:36] /a
[28/07/2012 16:55:36] /a
[28/07/2012 16:55:36] /a
[28/07/2012 16:55:36] /a
[28/07/2012 16:55:36] /a
[28/07/2012 16:55:36] /a
[28/07/2012 16:55:36] /a
[28/07/2012 16:55:36] /a
[28/07/2012 16:55:36] /a
[28/07/2012 16:55:36] /a
[28/07/2012 16:55:36] /a
[28/07/2012 16:55:36] /a
[28/07/2012 16:55:36] /a
[28/07/2012 16:55:36] /a
[28/07/2012 16:55:36] /a
[28/07/2012 16:55:36] /a
[28/07/2012 16:55:36] /a
[28/07/2012 16:55:36] /a
[28/07/2012 16:55:36] /a
[28/07/2012 16:55:37] /a
[28/07/2012 16:55:39] /t
[28/07/2012 16:55:46] /a 3
[28/07/2012 16:55:50] /m War Golem
[28/07/2012 16:55:51] /a 2
[28/07/2012 16:56:06] /a
[28/07/2012 16:56:08] /a
[28/07/2012 16:56:10] /a 2
[28/07/2012 16:56:11] /r
[28/07/2012 16:56:13] /a 3
[28/07/2012 16:56:14] /a
[28/07/2012 16:56:18] /m War Golem
[28/07/2012 16:56:27] /a 3
[28/07/2012 16:56:31] /i coal basin
[28/07/2012 16:56:32] /a 2
[28/07/2012 16:56:34] /i coal basin
[28/07/2012 16:56:35] /a 2
[28/07/2012 16:56:36] /i coal basin
[28/07/2012 16:56:37] /a
[28/07/2012 16:56:37] /a
[28/07/2012 16:56:39] /i coal basin
[28/07/2012 16:56:39] /a
[28/07/2012 16:56:39] /a
[28/07/2012 16:56:41] /i coal basin
[28/07/2012 16:56:41] /a
[28/07/2012 16:56:41] /a
[28/07/2012 16:56:43] /i coal basin
[28/07/2012 16:56:44] /a
[28/07/2012 16:56:44] /a
[28/07/2012 16:56:45] /i coal basin
[28/07/2012 16:56:46] /a 3
[28/07/2012 16:56:47] /a 3
[28/07/2012 16:56:49] /a 2
[28/07/2012 16:57:05] /a 3
[28/07/2012 16:57:06] /a
[28/07/2012 16:57:08] /m 
[28/07/2012 16:57:09] /m Arainius
[28/07/2012 16:57:11] /a 3
[28/07/2012 16:57:19] /t
[28/07/2012 16:57:23] /a 3
[28/07/2012 16:57:25] /m Devils Lighter
[28/07/2012 16:57:27] /a
[28/07/2012 16:57:35] /t
[28/07/2012 16:57:41] /a 3
[28/07/2012 16:57:43] /m Inferno
[28/07/2012 16:57:44] /a
[28/07/2012 16:57:48] /c owner apdo
[28/07/2012 16:57:56] /t
[28/07/2012 16:58:03] /a 3
[28/07/2012 16:58:05] /m High Disaster
[28/07/2012 16:58:07] /a 3
[28/07/2012 16:58:12] /t
[28/07/2012 16:58:18] /a 3
[28/07/2012 16:58:20] /m werewolf
[28/07/2012 16:58:22] /a 3
[28/07/2012 16:59:42] /goto owner apdo
[28/07/2012 16:59:44] /goto owner apdo
[28/07/2012 17:00:10] /goto owner apdo
[28/07/2012 17:00:16] /goto bodycarcoo
[28/07/2012 17:00:54] /i 7697
[28/07/2012 17:03:55] /m demon
[28/07/2012 17:04:00] /r
[28/07/2012 17:04:05] /m troll champion
[28/07/2012 17:07:24] /c owner apdo
[28/07/2012 17:08:25] /newtype 319
[28/07/2012 17:08:37] /t
[28/07/2012 17:09:01] /c owner apdo
[28/07/2012 17:09:32] /c razel
[28/07/2012 17:09:54] /a 3
[28/07/2012 17:10:20] /t
[28/07/2012 17:10:25] /a 3
[28/07/2012 17:10:31] /t
[29/07/2012 10:27:07] /reload movements
[29/07/2012 10:27:11] /a 3
[29/07/2012 10:28:30] /addskill [scripter] cheeze,level,5
[29/07/2012 10:28:33] /addskill [scripter] cheeze,level,5
[29/07/2012 10:28:34] /addskill [scripter] cheeze,level,5
[29/07/2012 10:28:38] /addskill [scripter] cheeze,level,5
[29/07/2012 10:28:43] /addskill [scripter] cheeze,level,80
[29/07/2012 10:28:47] /addskill [scripter] cheeze,level,900
[29/07/2012 10:28:51] /addskill [scripter] cheeze,level,900
[29/07/2012 10:28:52] /addskill [scripter] cheeze,level,900
[29/07/2012 10:28:55] /addskill [scripter] cheeze,level,900
[29/07/2012 10:29:15] /attr action 9866
[29/07/2012 10:29:19] /attr action 9866
[29/07/2012 10:29:23] /attr action 9866
[29/07/2012 10:30:49] /a 3
[29/07/2012 10:31:03] /addskill [scripter] Cheeze,level,5000
[29/07/2012 10:31:06] /addskill [scripter] Cheeze,level,1
[29/07/2012 10:31:11] /addskill [scripter] Cheeze,level,99
[29/07/2012 10:31:14] /addskill [scripter] Cheeze,level,17
[29/07/2012 10:31:26] /t
[29/07/2012 10:35:54] /t
[29/07/2012 10:43:00] /i 7708
[29/07/2012 10:49:06] /reload mods
[29/07/2012 11:00:02] /t
[29/07/2012 12:25:28] /t
[29/07/2012 12:43:49] /i 7426
[29/07/2012 12:44:06] /m demon
[29/07/2012 12:44:28] /r
[29/07/2012 12:44:32] /m troll champio
[29/07/2012 12:44:33] /m troll champion
[29/07/2012 12:45:44] /t
[29/07/2012 12:46:05] /i 7451
[29/07/2012 12:46:09] /m demon
[29/07/2012 12:46:54] /i 2436
[29/07/2012 12:47:02] /m troll champion
[29/07/2012 17:04:24] /t
[29/07/2012 17:04:41] /a 3
[29/07/2012 17:05:25] /a 3
[29/07/2012 17:05:44] /a 43
[29/07/2012 17:05:45] /a 3
[29/07/2012 17:07:01] /a 3
[29/07/2012 17:07:02] /a 3
[29/07/2012 17:07:02] /a 3
[29/07/2012 17:07:03] /a 3
[29/07/2012 17:07:03] /a 3
[29/07/2012 17:07:04] /a 3
[29/07/2012 17:07:04] /a 3
[29/07/2012 17:07:05] /a 3
[29/07/2012 17:07:05] /a 3
[29/07/2012 17:07:05] /a 3
[29/07/2012 17:07:06] /a 3
[29/07/2012 17:07:07] /a 3
[29/07/2012 17:07:07] /a 3
[29/07/2012 17:07:07] /a 3
[29/07/2012 17:07:07] /a 3
[29/07/2012 17:07:08] /a 3
[29/07/2012 17:07:09] /a 3
[29/07/2012 17:07:09] /a 3
[29/07/2012 17:07:15] /a 10
[29/07/2012 17:07:16] /a 10
[29/07/2012 17:07:28] /a 3
