[31/08/2012 02:17:06] /clean
[31/08/2012 02:17:15] /i donation ring
[31/08/2012 02:17:20] /i donate ring
[31/08/2012 02:17:27] /i forever aol
[31/08/2012 02:18:22] /i gloves
[31/08/2012 02:18:53] /i small stone
[31/08/2012 02:18:57] /m rat
[31/08/2012 02:19:10] /attr attack 500
[31/08/2012 02:19:22] /r 100
[31/08/2012 02:19:26] /r 100
[31/08/2012 02:19:35] /r
[31/08/2012 02:19:38] /m rotworm
[31/08/2012 02:19:54] /m cyclops
[31/08/2012 02:20:03] /m dragon lord
[31/08/2012 02:20:16] /m demodras
[31/08/2012 02:20:23] /i donation spear
[31/08/2012 02:20:36] /m orshabaal
[31/08/2012 02:20:48] /m mozala
[31/08/2012 02:21:08] /i donation spear thrower
[31/08/2012 02:21:45] /r
[31/08/2012 02:21:54] /m training boy
[31/08/2012 02:22:00] /i donation spear thrower
[31/08/2012 02:22:14] /r 100/r
[31/08/2012 02:22:21] /m training boy
[31/08/2012 02:22:40] /i donation sd
[31/08/2012 02:23:01] /r
[31/08/2012 02:23:04] /m training boy
[31/08/2012 02:24:39] /a 2
[31/08/2012 02:24:46] /a
[31/08/2012 02:25:07] /t
[31/08/2012 02:25:40] /m bug
[31/08/2012 02:26:24] /attr heal -1000
[31/08/2012 02:26:34] /attr health -1000
[31/08/2012 02:27:15] /i gloves
[31/08/2012 02:28:34] /m fucker
[31/08/2012 02:28:50] /a 3
[31/08/2012 02:29:04] /i 11115
[31/08/2012 02:29:14] /t
[31/08/2012 02:29:21] /t za~
[31/08/2012 02:29:28] /t Dal~
[31/08/2012 02:29:41] /t za~
[31/08/2012 02:29:45] /t dal~
[02/09/2012 21:38:34] !addpoints
[02/09/2012 21:38:44] !addpoints 500
[16/09/2012 21:26:13] !addpoints
[16/09/2012 21:26:19] !addpoints 150
