[13/08/2012 14:21:15] /a 20
[13/08/2012 14:21:20] /a 20
[13/08/2012 14:25:08] /i 120
[13/08/2012 14:26:40] /i firework
[13/08/2012 14:26:42] /i firework
[13/08/2012 14:26:49] /b hej :D
[13/08/2012 14:29:37] /m demon
[13/08/2012 14:31:33] /m demon
[13/08/2012 14:31:35] /r
[13/08/2012 14:31:46] !addpoints
[13/08/2012 14:34:14] /c zatacka
[13/08/2012 14:34:20] /c Zatacka
[13/08/2012 14:35:27] /a 1
[13/08/2012 15:12:41] !addpoints Anton
[13/08/2012 15:12:51] !addpoints 10 Anton
[13/08/2012 15:14:01] /b brb ska hämta min pizza :D
[13/08/2012 15:18:18] /b im back
[13/08/2012 15:18:24] /i demon armor
[13/08/2012 15:18:35] /i demon helmey
[13/08/2012 15:18:38] /i demon helmet
[13/08/2012 15:18:47] /i demon legs
[13/08/2012 15:18:59] /i demon shield
[13/08/2012 15:19:09] /i golden boots
[13/08/2012 15:22:40] /a 2
[13/08/2012 15:22:44] /a 2
[13/08/2012 15:22:48] /a 3
[13/08/2012 15:22:51] /a 3
[13/08/2012 15:22:56] /down
