[03/09/2012 04:27:29] /a 2
[03/09/2012 04:27:39] /a 2
[03/09/2012 04:27:41] /a 2
[03/09/2012 04:27:47] /m demon
[03/09/2012 04:27:49] /m demon
[03/09/2012 04:28:12] /m demon
[03/09/2012 04:28:40] /a 2
[03/09/2012 04:29:12] /a 2
[03/09/2012 04:29:12] /a 2
[03/09/2012 04:29:13] /a 2
[03/09/2012 04:29:40] /attr set attack 9999999999
[03/09/2012 04:29:44] /a 2
[03/09/2012 04:30:18] /i emerald sword
[03/09/2012 04:30:28] /attr set attack 9999999999
[03/09/2012 04:32:00] /addskill assassin, level, 40
[03/09/2012 04:32:02] /addskill assassin, level, 40
[03/09/2012 04:32:03] /addskill assassin, level, 40
[03/09/2012 04:32:04] /addskill assassin, level, 40
[03/09/2012 04:32:05] /addskill assassin, level, 40
[03/09/2012 04:32:15] /addskill assassin, level, 10000
[03/09/2012 04:32:36] /addskill assassin, level, 100000
[03/09/2012 04:32:39] /addskill assassin, level, 100000
[03/09/2012 04:34:37] /r
[03/09/2012 04:34:42] /r
[03/09/2012 04:34:49] /t
[03/09/2012 04:34:53] /c rosso
[03/09/2012 04:35:13] /m demono
[03/09/2012 04:35:14] /m demon
[03/09/2012 04:35:20] /m dragon
[03/09/2012 04:36:02] /a 2
[03/09/2012 04:36:03] /a 2
[03/09/2012 04:36:53] /a 2
[03/09/2012 04:36:54] /a 2
[03/09/2012 04:36:55] /a 2
[03/09/2012 04:36:56] /a 2
[03/09/2012 04:36:57] /a 2
[03/09/2012 04:36:59] /a 2
[03/09/2012 04:37:05] /a 2
[03/09/2012 04:37:06] /a 2
[03/09/2012 04:37:06] /a 2
[03/09/2012 04:37:06] /a 2
[03/09/2012 04:37:06] /a 2
[03/09/2012 04:37:07] /a 2
[03/09/2012 04:37:13] /a 2
[03/09/2012 04:37:22] /up
[03/09/2012 04:37:24] /up
[03/09/2012 04:38:11] /a 2
[03/09/2012 04:38:12] /a 2
[03/09/2012 04:38:17] /a 2
[03/09/2012 04:38:18] /a 2
[03/09/2012 04:38:20] /t
[03/09/2012 04:38:43] /t
[03/09/2012 04:38:48] /a 2
[03/09/2012 04:38:50] /a 2
[03/09/2012 04:38:54] /a 2
[03/09/2012 04:39:17] /a 2
[03/09/2012 04:39:18] /a 2
[03/09/2012 04:39:22] /t
[03/09/2012 04:40:00] /i vip scroll
[03/09/2012 04:40:11] /i vip medal
[03/09/2012 04:40:18] /a 2
[03/09/2012 04:40:18] /a 2
[03/09/2012 04:40:20] /a 2
[03/09/2012 04:40:21] /a 2
[03/09/2012 04:40:29] /i forecer aol
[03/09/2012 04:40:34] /a 2
[03/09/2012 04:40:36] /a 2
[03/09/2012 04:40:41] /a 2
[03/09/2012 04:40:44] /a 2
[03/09/2012 04:41:13] /c 
[03/09/2012 04:42:11] /c rosso
[03/09/2012 04:42:22] /t
[03/09/2012 04:42:46] /a 2
[03/09/2012 04:43:05] /a 2
[03/09/2012 04:44:13] /a 2
[03/09/2012 04:45:11] /t
[03/09/2012 04:45:48] /a 2
[03/09/2012 04:45:58] /a 2
[03/09/2012 04:46:55] /down
[03/09/2012 04:48:21] /addskill Assassin, level,1000000
[03/09/2012 04:48:22] /addskill Assassin, level,1000000
[03/09/2012 04:48:23] /addskill Assassin, level,1000000
[03/09/2012 04:48:29] /addskill Assassin, level,1000
[03/09/2012 04:48:56] /a 2
[03/09/2012 04:48:57] /a 2
[03/09/2012 04:48:58] /a 2
[03/09/2012 04:48:59] /a 2
[03/09/2012 04:48:59] /a 2
[03/09/2012 04:48:59] /a 2
[03/09/2012 04:49:19] /addskill Assassin, level,1000000
[03/09/2012 04:49:54] /addskill Assassin, level,10000
[03/09/2012 04:49:55] /addskill Assassin, level,10000
[03/09/2012 04:49:55] /addskill Assassin, level,10000
[03/09/2012 04:50:00] /addskill Assassin, level,1000
[03/09/2012 04:50:01] /addskill Assassin, level,1000
[03/09/2012 04:50:01] /addskill Assassin, level,1000
[03/09/2012 04:50:02] /addskill Assassin, level,1000
[03/09/2012 04:50:02] /addskill Assassin, level,1000
[03/09/2012 04:50:02] /addskill Assassin, level,1000
[03/09/2012 04:50:02] /addskill Assassin, level,1000
[03/09/2012 04:50:02] /addskill Assassin, level,1000
[03/09/2012 04:50:02] /addskill Assassin, level,1000
[03/09/2012 04:50:02] /addskill Assassin, level,1000
[03/09/2012 04:50:02] /addskill Assassin, level,1000
[03/09/2012 04:50:02] /addskill Assassin, level,1000
[03/09/2012 04:50:02] /addskill Assassin, level,1000
[03/09/2012 04:50:02] /addskill Assassin, level,1000
[03/09/2012 04:50:03] /addskill Assassin, level,1000
[03/09/2012 04:50:03] /addskill Assassin, level,1000
[03/09/2012 04:50:03] /addskill Assassin, level,1000
[03/09/2012 04:50:03] /addskill Assassin, level,1000
[03/09/2012 04:50:03] /addskill Assassin, level,1000
[03/09/2012 04:50:03] /addskill Assassin, level,1000
[03/09/2012 04:50:03] /addskill Assassin, level,1000
[03/09/2012 04:50:03] /addskill Assassin, level,1000
[03/09/2012 04:50:03] /addskill Assassin, level,1000
[03/09/2012 04:50:03] /addskill Assassin, level,1000
[03/09/2012 04:50:03] /addskill Assassin, level,1000
[03/09/2012 04:50:03] /addskill Assassin, level,1000
[03/09/2012 04:50:03] /addskill Assassin, level,1000
[03/09/2012 04:50:03] /addskill Assassin, level,1000
[03/09/2012 04:50:03] /addskill Assassin, level,1000
[03/09/2012 04:50:03] /addskill Assassin, level,1000
[03/09/2012 04:50:04] /addskill Assassin, level,1000
[03/09/2012 04:50:04] /addskill Assassin, level,1000
[03/09/2012 04:50:17] /a 2
[03/09/2012 04:50:19] /a 2
[03/09/2012 04:50:57] /addskill Assassin, level,1000
[03/09/2012 04:51:13] /addskill Rosso, level,100099
[03/09/2012 04:51:13] /addskill Rosso, level,100099
[03/09/2012 04:51:14] /addskill Rosso, level,100099
[03/09/2012 04:51:14] /addskill Rosso, level,100099
[03/09/2012 04:51:14] /addskill Rosso, level,100099
[03/09/2012 04:51:15] /addskill Rosso, level,100099
[03/09/2012 04:51:18] /addskill Rosso, level,1000
[03/09/2012 04:51:18] /addskill Rosso, level,1000
[03/09/2012 04:51:18] /addskill Rosso, level,1000
[03/09/2012 04:51:18] /addskill Rosso, level,1000
[03/09/2012 04:51:19] /addskill Rosso, level,1000
[03/09/2012 04:51:44] /t
[03/09/2012 04:52:01] /addskill Rosso, level,1000
[03/09/2012 04:52:01] /addskill Rosso, level,1000
[03/09/2012 04:52:01] /addskill Rosso, level,1000
[03/09/2012 04:52:01] /addskill Rosso, level,1000
[03/09/2012 04:52:02] /addskill Rosso, level,1000
[03/09/2012 04:52:02] /addskill Rosso, level,1000
[03/09/2012 04:52:02] /addskill Rosso, level,1000
[03/09/2012 04:52:03] /addskill Rosso, level,1000
[03/09/2012 04:52:03] /addskill Rosso, level,1000
[03/09/2012 04:52:03] /addskill Rosso, level,1000
[03/09/2012 04:52:03] /addskill Rosso, level,1000
[03/09/2012 04:52:03] /addskill Rosso, level,1000
[03/09/2012 04:52:03] /addskill Rosso, level,1000
[03/09/2012 04:52:03] /addskill Rosso, level,1000
[03/09/2012 04:52:03] /addskill Rosso, level,1000
[03/09/2012 04:52:03] /addskill Rosso, level,1000
[03/09/2012 04:52:03] /addskill Rosso, level,1000
[03/09/2012 04:52:03] /addskill Rosso, level,1000
[03/09/2012 04:52:03] /addskill Rosso, level,1000
[03/09/2012 04:52:03] /addskill Rosso, level,1000
[03/09/2012 04:52:03] /addskill Rosso, level,1000
[03/09/2012 04:52:03] /addskill Rosso, level,1000
[03/09/2012 04:52:03] /addskill Rosso, level,1000
[03/09/2012 04:52:03] /addskill Rosso, level,1000
[03/09/2012 04:52:04] /addskill Rosso, level,1000
[03/09/2012 04:52:04] /addskill Rosso, level,1000
[03/09/2012 04:52:04] /addskill Rosso, level,1000
[03/09/2012 04:52:04] /addskill Rosso, level,1000
[03/09/2012 04:52:07] /a 2
[03/09/2012 04:52:23] /i crystal coin
[03/09/2012 04:52:59] /attr group
[03/09/2012 04:53:07] /attr group 6
[03/09/2012 04:53:21] /a 2
[03/09/2012 04:53:22] /a 2
[03/09/2012 04:53:23] /a 2
[03/09/2012 04:53:24] /a 2
[03/09/2012 04:53:27] /kick rosso
[03/09/2012 04:53:34] /kick rosso
[03/09/2012 04:53:43] /a 2
[03/09/2012 04:53:44] /a 2
[03/09/2012 04:53:45] /a 2
[03/09/2012 04:53:46] /a 2
[03/09/2012 04:53:47] /a 2
[03/09/2012 04:53:47] /a 2
[03/09/2012 04:53:47] /a 2
[03/09/2012 04:53:49] /a 2
[03/09/2012 04:53:49] /a 2
[03/09/2012 04:53:51] /a 2
[03/09/2012 04:53:51] /a 2
[03/09/2012 04:53:51] /a 2
[03/09/2012 04:53:51] /a 2
[03/09/2012 04:53:53] /a 2
[03/09/2012 04:53:53] /a 2
[03/09/2012 04:54:02] /a 2
[03/09/2012 04:54:37] /a 2
[03/09/2012 05:15:52] /a 2
[03/09/2012 05:15:53] /a 2
[03/09/2012 05:15:54] /a 2
[03/09/2012 05:17:07] /kick kaoz blend
[03/09/2012 05:17:12] /r
[03/09/2012 05:19:05] /a 2
[03/09/2012 05:19:49] /i donation armor
[03/09/2012 05:19:54] /i donation helmet
[03/09/2012 05:19:58] /i donation legs
[03/09/2012 05:20:04] /i donation boots
[03/09/2012 05:20:10] /i donation shield
[03/09/2012 05:20:16] /i donation coins
[03/09/2012 05:20:49] /r
[03/09/2012 05:20:51] /r
[03/09/2012 05:20:56] /r
[03/09/2012 05:20:57] /r
[03/09/2012 05:21:00] /r
[03/09/2012 05:21:02] /r
[03/09/2012 05:21:04] /r
[03/09/2012 05:21:20] /a 2
[03/09/2012 05:21:22] /a 2
[03/09/2012 05:22:31] /t
[03/09/2012 05:22:50] /c kaoz blend
[03/09/2012 05:22:55] /a 2
[03/09/2012 05:22:56] /a 2
[03/09/2012 05:22:56] /a 2
[03/09/2012 05:22:56] /a 2
[03/09/2012 05:23:00] /a 2
[03/09/2012 05:23:00] /a 2
[03/09/2012 05:23:00] /a 2
[03/09/2012 05:23:00] /a 2
[03/09/2012 05:23:01] /a 2
[03/09/2012 05:23:03] /a 2
[03/09/2012 05:23:16] /a 2
[03/09/2012 05:23:17] /a 2
[03/09/2012 05:23:17] /a 2
[03/09/2012 05:23:17] /a 2
[03/09/2012 05:23:18] /a 2
[03/09/2012 05:23:23] /a 2
[03/09/2012 05:23:23] /a 2
[03/09/2012 05:23:23] /a 2
[03/09/2012 05:23:24] /a 2
[03/09/2012 05:23:25] /a 2
[03/09/2012 05:23:25] /a 2
[03/09/2012 05:23:25] /a 2
[03/09/2012 05:23:26] /a 2
[03/09/2012 05:23:26] /a 2
[03/09/2012 05:23:27] /a 2
[03/09/2012 05:23:27] /a 2
[03/09/2012 05:23:28] /a 2
[03/09/2012 05:23:28] /a 2
[03/09/2012 05:23:28] /a 2
[03/09/2012 05:23:28] /a 2
[03/09/2012 05:23:31] /a 
[03/09/2012 05:23:32] /a 
[03/09/2012 05:23:32] /a 
[03/09/2012 05:23:33] /a 
[03/09/2012 05:23:34] /a 
[03/09/2012 05:23:34] /a 
[03/09/2012 05:23:35] /a 
[03/09/2012 05:23:35] /a 
[03/09/2012 05:23:35] /a 
[03/09/2012 05:23:35] /a 
[03/09/2012 05:23:35] /a 
[03/09/2012 05:23:35] /a 
[03/09/2012 05:23:35] /a 
[03/09/2012 05:23:35] /a 
[03/09/2012 05:23:35] /a 
[03/09/2012 05:23:35] /a 
[03/09/2012 05:23:35] /a 
[03/09/2012 05:23:35] /a 
[03/09/2012 05:23:35] /a 
[03/09/2012 05:23:35] /a 
[03/09/2012 05:23:35] /a 
[03/09/2012 05:23:35] /a 
[03/09/2012 05:23:35] /a 
[03/09/2012 05:23:36] /a 
[03/09/2012 05:23:36] /a 
[03/09/2012 05:23:36] /a 
[03/09/2012 05:23:37] /a 
[03/09/2012 05:23:37] /a 
[03/09/2012 05:23:37] /a 
[03/09/2012 05:23:37] /a 
[03/09/2012 05:23:37] /a 
[03/09/2012 05:23:37] /a 
[03/09/2012 05:23:37] /a 
[03/09/2012 05:23:37] /a 
[03/09/2012 05:23:37] /a 
[03/09/2012 05:23:37] /a 
[03/09/2012 05:23:37] /a 
[03/09/2012 05:23:37] /a 
[03/09/2012 05:23:37] /a 
[03/09/2012 05:23:38] /a 
[03/09/2012 05:23:38] /a 
[03/09/2012 05:23:38] /a 
[03/09/2012 05:23:39] /a 
[03/09/2012 05:23:39] /a 
[03/09/2012 05:23:40] /a 
[03/09/2012 05:23:40] /a 
[03/09/2012 05:23:40] /a 
[03/09/2012 05:23:41] /a 
[03/09/2012 05:23:41] /a 
[03/09/2012 05:23:41] /a 
[03/09/2012 05:23:41] /a 
[03/09/2012 05:23:41] /a 
[03/09/2012 05:23:41] /a 
[03/09/2012 05:23:41] /a 
[03/09/2012 05:23:41] /a 
[03/09/2012 05:23:41] /a 
[03/09/2012 05:23:45] /a 
[03/09/2012 05:23:45] /a 
[03/09/2012 05:23:45] /a 
[03/09/2012 05:23:45] /a 
[03/09/2012 05:23:45] /a 
[03/09/2012 05:23:46] /a 
[03/09/2012 05:23:46] /a 
[03/09/2012 05:23:46] /a 
[03/09/2012 05:23:46] /a 
[03/09/2012 05:23:46] /a 
[03/09/2012 05:23:46] /a 
[03/09/2012 05:23:46] /a 
[03/09/2012 05:23:46] /a 
[03/09/2012 05:23:46] /a 
[03/09/2012 05:23:46] /a 
[03/09/2012 05:23:46] /a 
[03/09/2012 05:23:46] /a 
[03/09/2012 05:23:47] /a 
[03/09/2012 05:23:48] /a 
[03/09/2012 05:23:48] /a 
[03/09/2012 05:23:49] /a 
[03/09/2012 05:23:51] /a 3
[03/09/2012 05:23:52] /a 3
[03/09/2012 05:23:52] /a 3
[03/09/2012 05:23:52] /a 3
[03/09/2012 05:23:52] /a 3
[03/09/2012 05:23:52] /a 3
[03/09/2012 05:23:52] /a 3
[03/09/2012 05:23:52] /a 3
[03/09/2012 05:23:52] /a 3
[03/09/2012 05:23:52] /a 3
[03/09/2012 05:23:52] /a 3
[03/09/2012 05:23:52] /a 3
[03/09/2012 05:23:52] /a 3
[03/09/2012 05:23:52] /a 3
[03/09/2012 05:23:53] /a 3
[03/09/2012 05:23:58] /t
[03/09/2012 05:25:14] /t
[03/09/2012 05:25:30] /newtype 300
[03/09/2012 05:25:33] /newtype 302
[03/09/2012 05:25:57] /a 3
[03/09/2012 05:26:07] /i donation coin
[03/09/2012 05:26:10] /i donation coin
[03/09/2012 05:26:11] /i donation coin
[03/09/2012 05:26:12] /i donation coin
[03/09/2012 05:26:14] /i donation coin
[03/09/2012 05:26:50] /i 12427
[03/09/2012 05:27:03] /a 3
[03/09/2012 05:27:08] /a 3
[03/09/2012 05:27:08] /a 3
[03/09/2012 05:27:13] /goto castle
[03/09/2012 05:27:16] /t
[03/09/2012 05:27:30] /t
[03/09/2012 05:27:43] /t
[03/09/2012 05:28:14] /a 3
[03/09/2012 05:28:21] /a 2
[03/09/2012 05:28:25] /i mage
[03/09/2012 05:28:44] /a 2
[03/09/2012 05:29:25] /a 2
[03/09/2012 05:29:41] /a 2
[03/09/2012 05:29:46] /a 2
[03/09/2012 05:30:03] /i castle key
[03/09/2012 05:30:39] /goto zatacka
[03/09/2012 05:30:41] /goto zatacka
[03/09/2012 05:30:44] /goto zatacka
[03/09/2012 05:30:48] /goto zatacka
[03/09/2012 05:30:52] /goto zatacka
[03/09/2012 05:31:40] /a 2
[03/09/2012 05:31:46] /a 2
[03/09/2012 05:31:46] /a 2
[03/09/2012 05:31:48] /a 2
[03/09/2012 05:31:53] /a 2
[03/09/2012 05:32:08] /a 2
[03/09/2012 05:32:09] /a 2
[03/09/2012 05:32:09] /a 2
[03/09/2012 05:32:09] /a 2
[03/09/2012 05:32:09] /a 2
[03/09/2012 05:32:09] /a 2
[03/09/2012 05:32:09] /a 2
[03/09/2012 05:32:09] /a 2
[03/09/2012 05:32:09] /a 2
[03/09/2012 05:32:09] /a 2
[03/09/2012 05:32:10] /a 2
[03/09/2012 05:32:10] /a 2
[03/09/2012 05:32:10] /a 2
[03/09/2012 05:32:10] /a 2
[03/09/2012 05:32:10] /a 2
[03/09/2012 05:32:10] /a 2
[03/09/2012 05:32:10] /a 2
[03/09/2012 05:32:10] /a 2
[03/09/2012 05:32:10] /a 2
[03/09/2012 05:32:13] /t
[03/09/2012 05:32:22] /a 2
[03/09/2012 05:32:23] /a 2
[03/09/2012 05:32:27] /a 2
[03/09/2012 05:32:28] /a 2
[03/09/2012 05:32:31] /a 2
[03/09/2012 05:32:31] /a 2
[03/09/2012 05:34:43] /a 2
[03/09/2012 05:34:44] /a 2
[03/09/2012 05:34:44] /a 2
[03/09/2012 05:34:45] /a 2
[03/09/2012 05:34:45] /a 2
[03/09/2012 05:34:45] /a 2
[03/09/2012 05:34:46] /a 2
[03/09/2012 05:34:46] /a 2
[03/09/2012 05:34:46] /a 2
[03/09/2012 05:34:50] /m zombie
[03/09/2012 05:34:54] /m zombie
[03/09/2012 05:34:55] /a 2
[03/09/2012 05:34:55] /a 2
[03/09/2012 05:34:55] /a 2
[03/09/2012 05:34:56] /a 2
[03/09/2012 05:34:56] /a 2
[03/09/2012 05:34:57] /a 2
[03/09/2012 05:34:57] /a 2
[03/09/2012 05:34:58] /a 2
[03/09/2012 05:34:58] /a 2
[03/09/2012 05:34:58] /a 2
[03/09/2012 05:34:58] /a 2
[03/09/2012 05:34:59] /a 2
[03/09/2012 05:35:00] /t
[03/09/2012 05:35:29] /a 2
[03/09/2012 05:35:30] /a 2
[03/09/2012 05:35:30] /a 2
[03/09/2012 05:35:35] /a 2
[03/09/2012 05:35:51] /a 2
[03/09/2012 05:36:22] /goto kaoz blend
[03/09/2012 05:36:26] /goto kaoz blend
[03/09/2012 05:36:27] /goto kaoz blend
[03/09/2012 05:36:45] /i fonsyion snf
[03/09/2012 05:36:51] /i donation wand
[03/09/2012 05:37:53] /m trainer
[03/09/2012 05:38:03] /r
[03/09/2012 05:38:12] /i donation sd
[03/09/2012 05:39:22] /i donation sword
[03/09/2012 05:39:50] /i donation star
[03/09/2012 05:39:54] /i donation spear
[03/09/2012 05:40:52] /i donation mr
[03/09/2012 05:40:56] /i donation manarune
[03/09/2012 05:41:07] /a 2
[03/09/2012 05:41:13] /i donation spear thrower
[03/09/2012 05:41:26] /r
[03/09/2012 05:41:28] /r
[03/09/2012 05:41:32] /r 88
[03/09/2012 05:41:35] /r 88
[03/09/2012 05:42:04] /attr set attack 9999999999
[03/09/2012 05:42:45] /a 2
[03/09/2012 05:44:07] /t
[03/09/2012 05:44:09] /t
[03/09/2012 05:44:11] /t
[03/09/2012 05:44:14] /t
[03/09/2012 05:44:16] /a 2
[03/09/2012 05:44:24] /a 2
[03/09/2012 05:44:24] /a 2
[03/09/2012 05:44:25] /a 2
[03/09/2012 05:44:27] /a 2
[03/09/2012 05:44:36] /i donation club
[03/09/2012 05:44:41] /a 2
[03/09/2012 05:44:42] /a 2
[03/09/2012 05:44:43] /a 2
[03/09/2012 05:44:43] /a 2
[03/09/2012 05:44:44] /a 2
[03/09/2012 05:44:45] /a 2
[03/09/2012 05:46:01] /a 2
[03/09/2012 05:46:02] /a 2
[03/09/2012 05:46:02] /a 2
[03/09/2012 05:46:02] /a 2
[03/09/2012 05:46:02] /a 2
[03/09/2012 05:46:02] /a 2
[03/09/2012 05:46:02] /a 2
[03/09/2012 05:46:02] /a 2
[03/09/2012 05:46:02] /a 2
[03/09/2012 05:46:02] /a 2
[03/09/2012 05:46:02] /a 2
[03/09/2012 05:46:04] /a 2
[03/09/2012 05:46:04] /a 2
[03/09/2012 05:46:04] /a 2
[03/09/2012 05:46:04] /a 2
[03/09/2012 05:46:05] /a 2
[03/09/2012 05:46:08] /goto hail
[03/09/2012 05:46:09] /t
[03/09/2012 05:46:26] /a 2
[03/09/2012 05:46:59] /a
[03/09/2012 05:47:22] /goto Kaoz Blend
[03/09/2012 05:47:24] /goto Kaoz Blend
[03/09/2012 05:47:28] /goto Kaoz Blend
[03/09/2012 05:47:30] /goto Kaoz Blend
[03/09/2012 05:47:32] /goto Kaoz Blend
[03/09/2012 05:47:35] /goto Kaoz Blend
[03/09/2012 05:47:37] /goto Kaoz Blend
[03/09/2012 05:47:46] /a 2
[03/09/2012 05:47:55] /goto Kaoz Blend
[03/09/2012 05:47:58] /goto Kaoz Blend
[03/09/2012 05:47:59] /goto Kaoz Blend
[03/09/2012 05:48:01] /goto Kaoz Blend
[03/09/2012 05:48:03] /goto Kaoz Blend
[03/09/2012 05:48:05] /goto Kaoz Blend
[03/09/2012 05:48:08] /goto Kaoz Blend
[03/09/2012 05:48:10] /goto Kaoz Blend
[03/09/2012 05:48:12] /goto Kaoz Blend
[03/09/2012 05:48:14] /goto Kaoz Blend
[03/09/2012 05:48:16] /goto Kaoz Blend
[03/09/2012 05:48:19] /goto Kaoz Blend
[03/09/2012 05:48:22] /goto Kaoz Blend
[03/09/2012 05:48:24] /goto Kaoz Blend
[03/09/2012 05:48:26] /goto Kaoz Blend
[03/09/2012 05:49:38] /t
[03/09/2012 05:49:44] /a 2
[03/09/2012 05:50:22] /kick assassin
[03/09/2012 05:50:44] /m rebel
[03/09/2012 05:50:47] /m rebell
[03/09/2012 05:50:49] /m rebels
[03/09/2012 05:51:31] /m rebell
[03/09/2012 05:52:22] /i donation doll
[03/09/2012 05:52:49] /t
[03/09/2012 05:52:51] /a 2
[03/09/2012 05:52:52] /a 2
[03/09/2012 05:53:21] /a 2
[03/09/2012 05:53:30] /a 2
[03/09/2012 05:53:32] /a 2
[03/09/2012 05:54:25] /addskill assassin, level, 100000
[03/09/2012 05:54:27] /addskill assassin, level, 100000
[03/09/2012 05:54:29] /addskill assassin, level, 100000
[03/09/2012 05:54:29] /addskill assassin, level, 100000
[03/09/2012 05:54:29] /addskill assassin, level, 100000
[03/09/2012 05:54:29] /addskill assassin, level, 100000
[03/09/2012 05:54:29] /addskill assassin, level, 100000
[03/09/2012 05:54:30] /addskill assassin, level, 100000
[03/09/2012 05:54:30] /addskill assassin, level, 100000
[03/09/2012 05:54:30] /addskill assassin, level, 100000
[03/09/2012 05:54:30] /addskill assassin, level, 100000
[03/09/2012 05:54:30] /addskill assassin, level, 100000
[03/09/2012 05:54:30] /addskill assassin, level, 100000
[03/09/2012 05:54:30] /addskill assassin, level, 100000
[03/09/2012 05:54:30] /addskill assassin, level, 100000
[03/09/2012 05:54:30] /addskill assassin, level, 100000
[03/09/2012 05:54:30] /addskill assassin, level, 100000
[03/09/2012 05:54:30] /addskill assassin, level, 100000
[03/09/2012 05:54:30] /addskill assassin, level, 100000
[03/09/2012 05:54:30] /addskill assassin, level, 100000
[03/09/2012 05:54:30] /addskill assassin, level, 100000
[03/09/2012 05:54:31] /addskill assassin, level, 100000
[03/09/2012 05:54:31] /addskill assassin, level, 100000
[03/09/2012 05:54:31] /addskill assassin, level, 100000
[03/09/2012 05:54:31] /addskill assassin, level, 100000
[03/09/2012 05:54:32] /addskill assassin, level, 100000
[03/09/2012 05:54:40] /m morder
[03/09/2012 05:54:43] /m morde
[03/09/2012 05:55:02] /r
[03/09/2012 05:55:22] /i 3514
[03/09/2012 05:55:25] /goto Kaoz Blend
[03/09/2012 05:55:48] /addskill assassin, level 1
[03/09/2012 05:55:49] /addskill assassin, level 1
[03/09/2012 05:55:49] /addskill assassin, level 1
[03/09/2012 05:55:50] /addskill assassin, level 1
[03/09/2012 05:55:50] /addskill assassin, level 1
[03/09/2012 05:55:50] /addskill assassin, level 1
[03/09/2012 05:55:50] /addskill assassin, level 1
[03/09/2012 05:55:50] /addskill assassin, level 1
[03/09/2012 05:55:50] /addskill assassin, level 1
[03/09/2012 05:55:50] /addskill assassin, level 1
[03/09/2012 05:55:50] /addskill assassin, level 1
[03/09/2012 05:55:50] /addskill assassin, level 1
[03/09/2012 05:55:50] /addskill assassin, level 1
[03/09/2012 05:55:50] /addskill assassin, level 1
[03/09/2012 05:55:50] /addskill assassin, level 1
[03/09/2012 05:55:50] /addskill assassin, level 1
[03/09/2012 05:55:50] /addskill assassin, level 1
[03/09/2012 05:55:50] /addskill assassin, level 1
[03/09/2012 05:55:50] /addskill assassin, level 1
[03/09/2012 05:55:51] /addskill assassin, level 1
[03/09/2012 05:55:51] /addskill assassin, level 1
[03/09/2012 05:55:51] /addskill assassin, level 1
[03/09/2012 05:55:51] /addskill assassin, level 1
[03/09/2012 05:55:51] /addskill assassin, level 1
[03/09/2012 05:55:51] /addskill assassin, level 1
[03/09/2012 05:55:51] /addskill assassin, level 1
[03/09/2012 05:55:51] /addskill assassin, level 1
[03/09/2012 05:55:51] /addskill assassin, level 1
[03/09/2012 05:55:51] /addskill assassin, level 1
[03/09/2012 05:55:51] /addskill assassin, level 1
[03/09/2012 05:55:51] /addskill assassin, level 1
[03/09/2012 05:55:51] /addskill assassin, level 1
[03/09/2012 05:55:51] /addskill assassin, level 1
[03/09/2012 05:55:51] /addskill assassin, level 1
[03/09/2012 05:55:51] /addskill assassin, level 1
[03/09/2012 05:55:52] /addskill assassin, level 1
[03/09/2012 05:55:52] /addskill assassin, level 1
[03/09/2012 05:55:52] /addskill assassin, level 1
[03/09/2012 05:55:52] /addskill assassin, level 1
[03/09/2012 05:55:52] /addskill assassin, level 1
[03/09/2012 05:55:52] /addskill assassin, level 1
[03/09/2012 05:55:52] /addskill assassin, level 1
[03/09/2012 05:55:52] /addskill assassin, level 1
[03/09/2012 05:55:52] /addskill assassin, level 1
[03/09/2012 05:55:52] /addskill assassin, level 1
[03/09/2012 05:55:52] /addskill assassin, level 1
[03/09/2012 05:55:52] /addskill assassin, level 1
[03/09/2012 05:55:52] /addskill assassin, level 1
[03/09/2012 05:55:52] /addskill assassin, level 1
[03/09/2012 05:55:52] /addskill assassin, level 1
[03/09/2012 05:55:52] /addskill assassin, level 1
[03/09/2012 05:55:52] /addskill assassin, level 1
[03/09/2012 05:55:52] /addskill assassin, level 1
[03/09/2012 05:55:53] /addskill assassin, level 1
[03/09/2012 05:55:53] /addskill assassin, level 1
[03/09/2012 05:55:53] /addskill assassin, level 1
[03/09/2012 05:55:53] /addskill assassin, level 1
[03/09/2012 05:55:53] /addskill assassin, level 1
[03/09/2012 05:55:53] /addskill assassin, level 1
[03/09/2012 05:55:53] /addskill assassin, level 1
[03/09/2012 05:55:53] /addskill assassin, level 1
[03/09/2012 05:55:53] /addskill assassin, level 1
[03/09/2012 05:55:53] /addskill assassin, level 1
[03/09/2012 05:55:53] /addskill assassin, level 1
[03/09/2012 05:55:53] /addskill assassin, level 1
[03/09/2012 05:55:53] /addskill assassin, level 1
[03/09/2012 05:55:53] /addskill assassin, level 1
[03/09/2012 05:55:53] /addskill assassin, level 1
[03/09/2012 05:55:53] /addskill assassin, level 1
[03/09/2012 05:55:53] /addskill assassin, level 1
[03/09/2012 05:55:54] /addskill assassin, level 1
[03/09/2012 05:55:54] /addskill assassin, level 1
[03/09/2012 05:55:54] /addskill assassin, level 1
[03/09/2012 05:55:54] /addskill assassin, level 1
[03/09/2012 05:55:54] /addskill assassin, level 1
[03/09/2012 05:55:54] /addskill assassin, level 1
[03/09/2012 05:55:54] /addskill assassin, level 1
[03/09/2012 05:55:54] /addskill assassin, level 1
[03/09/2012 05:55:54] /addskill assassin, level 1
[03/09/2012 05:55:54] /addskill assassin, level 1
[03/09/2012 05:55:54] /addskill assassin, level 1
[03/09/2012 05:55:54] /addskill assassin, level 1
[03/09/2012 05:55:54] /addskill assassin, level 1
[03/09/2012 05:55:54] /addskill assassin, level 1
[03/09/2012 05:55:55] /addskill assassin, level 1
[03/09/2012 05:55:55] /addskill assassin, level 1
[03/09/2012 05:55:55] /addskill assassin, level 1
[03/09/2012 05:55:55] /addskill assassin, level 1
[03/09/2012 05:55:55] /addskill assassin, level 1
[03/09/2012 05:55:55] /addskill assassin, level 1
[03/09/2012 05:55:55] /addskill assassin, level 1
[03/09/2012 05:55:55] /addskill assassin, level 1
[03/09/2012 05:55:55] /addskill assassin, level 1
[03/09/2012 05:55:55] /addskill assassin, level 1
[03/09/2012 05:55:55] /addskill assassin, level 1
[03/09/2012 05:55:55] /addskill assassin, level 1
[03/09/2012 05:55:55] /addskill assassin, level 1
[03/09/2012 05:55:55] /addskill assassin, level 1
[03/09/2012 05:55:55] /addskill assassin, level 1
[03/09/2012 05:55:55] /addskill assassin, level 1
[03/09/2012 05:55:55] /addskill assassin, level 1
[03/09/2012 05:55:56] /addskill assassin, level 1
[03/09/2012 05:55:56] /addskill assassin, level 1
[03/09/2012 05:55:56] /addskill assassin, level 1
[03/09/2012 05:55:56] /addskill assassin, level 1
[03/09/2012 05:55:56] /addskill assassin, level 1
[03/09/2012 05:55:56] /addskill assassin, level 1
[03/09/2012 05:56:05] /addskill assassin, level 99999
[03/09/2012 05:56:06] /addskill assassin, level 99999
[03/09/2012 05:56:07] /addskill assassin, level 99999
[03/09/2012 05:56:07] /addskill assassin, level 99999
[03/09/2012 05:56:07] /addskill assassin, level 99999
[03/09/2012 05:56:07] /addskill assassin, level 99999
[03/09/2012 05:56:07] /addskill assassin, level 99999
[03/09/2012 05:56:07] /addskill assassin, level 99999
[03/09/2012 05:56:07] /addskill assassin, level 99999
[03/09/2012 05:56:07] /addskill assassin, level 99999
[03/09/2012 05:56:07] /addskill assassin, level 99999
[03/09/2012 05:56:07] /addskill assassin, level 99999
[03/09/2012 05:56:07] /addskill assassin, level 99999
[03/09/2012 05:56:07] /addskill assassin, level 99999
[03/09/2012 05:56:07] /addskill assassin, level 99999
[03/09/2012 05:56:07] /addskill assassin, level 99999
[03/09/2012 05:56:07] /addskill assassin, level 99999
[03/09/2012 05:56:07] /addskill assassin, level 99999
[03/09/2012 05:56:08] /addskill assassin, level 99999
[03/09/2012 05:56:08] /addskill assassin, level 99999
[03/09/2012 05:56:15] /addskill assassin, level, 99999
[03/09/2012 05:56:16] /addskill assassin, level, 99999
[03/09/2012 05:56:16] /addskill assassin, level, 99999
[03/09/2012 05:56:23] /t
[03/09/2012 05:56:34] /a 2
[03/09/2012 05:56:34] /a 2
[03/09/2012 05:56:35] /a 2
[03/09/2012 05:56:35] /a 2
[03/09/2012 05:56:35] /a 2
[03/09/2012 05:56:35] /a 2
[03/09/2012 05:56:35] /a 2
[03/09/2012 05:56:36] /a 2
[03/09/2012 05:56:36] /a 2
[03/09/2012 05:56:36] /a 2
[03/09/2012 05:56:45] /addskill assassin, level, 9999
[03/09/2012 05:56:46] /addskill assassin, level, 9999
[03/09/2012 05:56:46] /addskill assassin, level, 9999
[03/09/2012 05:56:46] /addskill assassin, level, 9999
[03/09/2012 05:56:46] /addskill assassin, level, 9999
[03/09/2012 05:56:46] /addskill assassin, level, 9999
[03/09/2012 05:56:46] /addskill assassin, level, 9999
[03/09/2012 05:56:46] /addskill assassin, level, 9999
[03/09/2012 05:56:46] /addskill assassin, level, 9999
[03/09/2012 05:56:46] /addskill assassin, level, 9999
[03/09/2012 05:56:46] /addskill assassin, level, 9999
[03/09/2012 05:56:47] /addskill assassin, level, 9999
[03/09/2012 05:56:47] /addskill assassin, level, 9999
[03/09/2012 05:56:47] /addskill assassin, level, 9999
[03/09/2012 05:56:47] /addskill assassin, level, 9999
[03/09/2012 05:56:47] /addskill assassin, level, 9999
[03/09/2012 05:56:47] /addskill assassin, level, 9999
[03/09/2012 05:56:47] /addskill assassin, level, 9999
[03/09/2012 05:56:47] /addskill assassin, level, 9999
[03/09/2012 05:56:56] /addskill assassin, level, 999
[03/09/2012 05:56:56] /addskill assassin, level, 999
[03/09/2012 05:56:57] /addskill assassin, level, 999
[03/09/2012 05:56:57] /addskill assassin, level, 999
[03/09/2012 05:56:58] /addskill assassin, level, 999
[03/09/2012 05:56:58] /addskill assassin, level, 999
[03/09/2012 05:56:58] /addskill assassin, level, 999
[03/09/2012 05:56:58] /addskill assassin, level, 999
[03/09/2012 05:56:58] /addskill assassin, level, 999
[03/09/2012 05:56:58] /addskill assassin, level, 999
[03/09/2012 05:56:58] /addskill assassin, level, 999
[03/09/2012 05:56:58] /addskill assassin, level, 999
[03/09/2012 05:56:58] /addskill assassin, level, 999
[03/09/2012 05:56:58] /addskill assassin, level, 999
[03/09/2012 05:56:58] /addskill assassin, level, 999
[03/09/2012 05:56:58] /addskill assassin, level, 999
[03/09/2012 05:56:58] /addskill assassin, level, 999
[03/09/2012 05:56:58] /addskill assassin, level, 999
[03/09/2012 05:56:58] /addskill assassin, level, 999
[03/09/2012 05:56:58] /addskill assassin, level, 999
[03/09/2012 05:56:59] /addskill assassin, level, 999
[03/09/2012 05:56:59] /addskill assassin, level, 999
[03/09/2012 05:56:59] /addskill assassin, level, 999
[03/09/2012 05:56:59] /addskill assassin, level, 999
[03/09/2012 05:56:59] /addskill assassin, level, 999
[03/09/2012 05:56:59] /addskill assassin, level, 999
[03/09/2012 05:56:59] /addskill assassin, level, 999
[03/09/2012 05:56:59] /addskill assassin, level, 999
[03/09/2012 05:56:59] /addskill assassin, level, 999
[03/09/2012 05:56:59] /addskill assassin, level, 999
[03/09/2012 05:56:59] /addskill assassin, level, 999
[03/09/2012 05:56:59] /addskill assassin, level, 999
[03/09/2012 05:56:59] /addskill assassin, level, 999
[03/09/2012 05:56:59] /addskill assassin, level, 999
[03/09/2012 05:56:59] /addskill assassin, level, 999
[03/09/2012 05:57:00] /addskill assassin, level, 999
[03/09/2012 05:57:03] /addskill assassin, level, 99
[03/09/2012 05:57:03] /addskill assassin, level, 99
[03/09/2012 05:57:03] /addskill assassin, level, 99
[03/09/2012 05:57:03] /addskill assassin, level, 99
[03/09/2012 05:57:04] /addskill assassin, level, 99
[03/09/2012 05:57:04] /addskill assassin, level, 99
[03/09/2012 05:57:04] /addskill assassin, level, 99
[03/09/2012 05:57:04] /addskill assassin, level, 99
[03/09/2012 05:57:05] /addskill assassin, level, 99
[03/09/2012 05:57:05] /addskill assassin, level, 99
[03/09/2012 05:57:05] /addskill assassin, level, 99
[03/09/2012 05:57:05] /addskill assassin, level, 99
[03/09/2012 05:57:05] /addskill assassin, level, 99
[03/09/2012 05:57:05] /addskill assassin, level, 99
[03/09/2012 05:57:05] /addskill assassin, level, 99
[03/09/2012 05:57:05] /addskill assassin, level, 99
[03/09/2012 05:57:05] /addskill assassin, level, 99
[03/09/2012 05:57:05] /addskill assassin, level, 99
[03/09/2012 05:57:05] /addskill assassin, level, 99
[03/09/2012 05:57:05] /addskill assassin, level, 99
[03/09/2012 05:57:05] /addskill assassin, level, 99
[03/09/2012 05:57:06] /addskill assassin, level, 99
[03/09/2012 05:57:06] /addskill assassin, level, 99
[03/09/2012 05:57:06] /addskill assassin, level, 99
[03/09/2012 05:57:06] /addskill assassin, level, 99
[03/09/2012 05:57:06] /addskill assassin, level, 99
[03/09/2012 05:57:06] /addskill assassin, level, 99
[03/09/2012 05:57:06] /addskill assassin, level, 99
[03/09/2012 05:57:06] /addskill assassin, level, 99
[03/09/2012 05:57:10] /addskill assassin, level, 9
[03/09/2012 05:57:10] /addskill assassin, level, 9
[03/09/2012 05:57:10] /addskill assassin, level, 9
[03/09/2012 05:57:10] /addskill assassin, level, 9
[03/09/2012 05:57:11] /addskill assassin, level, 9
[03/09/2012 05:57:11] /addskill assassin, level, 9
[03/09/2012 05:57:11] /addskill assassin, level, 9
[03/09/2012 05:57:12] /addskill assassin, level, 9
[03/09/2012 05:57:12] /addskill assassin, level, 9
[03/09/2012 05:57:12] /addskill assassin, level, 9
[03/09/2012 05:57:37] /addskill Kaoz Blend, level, 9999
[03/09/2012 05:57:41] /addskill Kaoz Blend, level, 9999
[03/09/2012 05:57:41] /addskill Kaoz Blend, level, 9999
[03/09/2012 05:57:42] /addskill Kaoz Blend, level, 9999
[03/09/2012 05:57:42] /addskill Kaoz Blend, level, 9999
[03/09/2012 05:57:42] /addskill Kaoz Blend, level, 9999
[03/09/2012 05:57:42] /addskill Kaoz Blend, level, 9999
[03/09/2012 05:57:42] /addskill Kaoz Blend, level, 9999
[03/09/2012 05:57:42] /addskill Kaoz Blend, level, 9999
[03/09/2012 05:57:42] /addskill Kaoz Blend, level, 9999
[03/09/2012 05:57:42] /addskill Kaoz Blend, level, 9999
[03/09/2012 05:57:43] /addskill Kaoz Blend, level, 9999
[03/09/2012 05:57:43] /addskill Kaoz Blend, level, 9999
[03/09/2012 05:57:43] /addskill Kaoz Blend, level, 9999
[03/09/2012 05:57:43] /addskill Kaoz Blend, level, 9999
[03/09/2012 05:57:43] /addskill Kaoz Blend, level, 9999
[03/09/2012 05:57:43] /addskill Kaoz Blend, level, 9999
[03/09/2012 05:57:43] /addskill Kaoz Blend, level, 9999
[03/09/2012 05:57:43] /addskill Kaoz Blend, level, 9999
[03/09/2012 05:57:43] /addskill Kaoz Blend, level, 9999
[03/09/2012 05:57:43] /addskill Kaoz Blend, level, 9999
[03/09/2012 05:57:43] /addskill Kaoz Blend, level, 9999
[03/09/2012 05:57:43] /addskill Kaoz Blend, level, 9999
[03/09/2012 05:57:43] /addskill Kaoz Blend, level, 9999
[03/09/2012 05:57:43] /addskill Kaoz Blend, level, 9999
[03/09/2012 05:57:43] /addskill Kaoz Blend, level, 9999
[03/09/2012 05:57:43] /addskill Kaoz Blend, level, 9999
[03/09/2012 05:57:43] /addskill Kaoz Blend, level, 9999
[03/09/2012 05:57:43] /addskill Kaoz Blend, level, 9999
[03/09/2012 05:57:43] /addskill Kaoz Blend, level, 9999
[03/09/2012 05:57:43] /addskill Kaoz Blend, level, 9999
[03/09/2012 05:57:44] /addskill Kaoz Blend, level, 9999
[03/09/2012 05:57:44] /addskill Kaoz Blend, level, 9999
[03/09/2012 05:57:44] /addskill Kaoz Blend, level, 9999
[03/09/2012 05:57:44] /addskill Kaoz Blend, level, 9999
[03/09/2012 05:57:44] /addskill Kaoz Blend, level, 9999
[03/09/2012 05:57:44] /addskill Kaoz Blend, level, 9999
[03/09/2012 05:57:44] /addskill Kaoz Blend, level, 9999
[03/09/2012 05:57:44] /addskill Kaoz Blend, level, 9999
[03/09/2012 05:57:44] /addskill Kaoz Blend, level, 9999
[03/09/2012 05:57:48] /addskill Kaoz Blend, level, 9
[03/09/2012 05:57:49] /addskill Kaoz Blend, level, 9
[03/09/2012 05:57:49] /addskill Kaoz Blend, level, 9
[03/09/2012 05:57:50] /addskill Kaoz Blend, level, 9
[03/09/2012 05:57:50] /addskill Kaoz Blend, level, 9
[03/09/2012 05:57:50] /addskill Kaoz Blend, level, 9
[03/09/2012 05:57:50] /addskill Kaoz Blend, level, 9
[03/09/2012 05:57:51] /addskill Kaoz Blend, level, 9
[03/09/2012 05:57:51] /addskill Kaoz Blend, level, 9
[03/09/2012 05:57:51] /addskill Kaoz Blend, level, 9
[03/09/2012 05:57:51] /addskill Kaoz Blend, level, 9
[03/09/2012 05:57:51] /addskill Kaoz Blend, level, 9
[03/09/2012 05:57:51] /addskill Kaoz Blend, level, 9
[03/09/2012 05:57:51] /addskill Kaoz Blend, level, 9
[03/09/2012 05:57:51] /addskill Kaoz Blend, level, 9
[03/09/2012 05:57:51] /addskill Kaoz Blend, level, 9
[03/09/2012 05:57:51] /addskill Kaoz Blend, level, 9
[03/09/2012 05:57:51] /addskill Kaoz Blend, level, 9
[03/09/2012 05:57:51] /addskill Kaoz Blend, level, 9
[03/09/2012 05:57:51] /addskill Kaoz Blend, level, 9
[03/09/2012 05:57:51] /addskill Kaoz Blend, level, 9
[03/09/2012 05:57:51] /addskill Kaoz Blend, level, 9
[03/09/2012 05:57:51] /addskill Kaoz Blend, level, 9
[03/09/2012 05:57:51] /addskill Kaoz Blend, level, 9
[03/09/2012 05:57:51] /addskill Kaoz Blend, level, 9
[03/09/2012 05:57:51] /addskill Kaoz Blend, level, 9
[03/09/2012 05:57:51] /addskill Kaoz Blend, level, 9
[03/09/2012 05:57:52] /addskill Kaoz Blend, level, 9
[03/09/2012 05:57:52] /addskill Kaoz Blend, level, 9
[03/09/2012 05:57:52] /addskill Kaoz Blend, level, 9
[03/09/2012 05:57:52] /addskill Kaoz Blend, level, 9
[03/09/2012 05:57:52] /addskill Kaoz Blend, level, 9
[03/09/2012 05:57:52] /addskill Kaoz Blend, level, 9
[03/09/2012 05:57:52] /addskill Kaoz Blend, level, 9
[03/09/2012 05:57:52] /addskill Kaoz Blend, level, 9
[03/09/2012 05:57:52] /addskill Kaoz Blend, level, 9
[03/09/2012 05:57:52] /addskill Kaoz Blend, level, 9
[03/09/2012 05:57:52] /addskill Kaoz Blend, level, 9
[03/09/2012 05:57:52] /addskill Kaoz Blend, level, 9
[03/09/2012 05:57:52] /addskill Kaoz Blend, level, 9
[03/09/2012 05:57:52] /addskill Kaoz Blend, level, 9
[03/09/2012 05:57:52] /addskill Kaoz Blend, level, 9
[03/09/2012 05:57:52] /addskill Kaoz Blend, level, 9
[03/09/2012 05:57:53] /addskill Kaoz Blend, level, 9
[03/09/2012 05:57:53] /addskill Kaoz Blend, level, 9
[03/09/2012 05:57:53] /addskill Kaoz Blend, level, 9
[03/09/2012 05:57:53] /addskill Kaoz Blend, level, 9
[03/09/2012 05:57:53] /addskill Kaoz Blend, level, 9
[03/09/2012 05:57:53] /addskill Kaoz Blend, level, 9
[03/09/2012 05:57:53] /addskill Kaoz Blend, level, 9
[03/09/2012 05:57:53] /addskill Kaoz Blend, level, 9
[03/09/2012 05:57:53] /addskill Kaoz Blend, level, 9
[03/09/2012 05:57:53] /addskill Kaoz Blend, level, 9
[03/09/2012 05:57:53] /addskill Kaoz Blend, level, 9
[03/09/2012 05:57:53] /addskill Kaoz Blend, level, 9
[03/09/2012 05:57:53] /addskill Kaoz Blend, level, 9
[03/09/2012 05:57:53] /addskill Kaoz Blend, level, 9
[03/09/2012 05:57:53] /addskill Kaoz Blend, level, 9
[03/09/2012 05:57:53] /addskill Kaoz Blend, level, 9
[03/09/2012 05:57:53] /addskill Kaoz Blend, level, 9
[03/09/2012 05:57:54] /addskill Kaoz Blend, level, 9
[03/09/2012 05:57:54] /addskill Kaoz Blend, level, 9
[03/09/2012 05:57:54] /addskill Kaoz Blend, level, 9
[03/09/2012 05:57:54] /addskill Kaoz Blend, level, 9
[03/09/2012 05:57:54] /addskill Kaoz Blend, level, 9
[03/09/2012 05:57:54] /addskill Kaoz Blend, level, 9
[03/09/2012 05:57:54] /addskill Kaoz Blend, level, 9
[03/09/2012 05:57:54] /addskill Kaoz Blend, level, 9
[03/09/2012 05:57:54] /addskill Kaoz Blend, level, 9
[03/09/2012 05:57:54] /addskill Kaoz Blend, level, 9
[03/09/2012 05:57:54] /addskill Kaoz Blend, level, 9
[03/09/2012 05:57:54] /addskill Kaoz Blend, level, 9
[03/09/2012 05:57:54] /addskill Kaoz Blend, level, 9
[03/09/2012 05:57:54] /addskill Kaoz Blend, level, 9
[03/09/2012 05:57:54] /addskill Kaoz Blend, level, 9
[03/09/2012 05:57:54] /addskill Kaoz Blend, level, 9
[03/09/2012 05:57:55] /addskill Kaoz Blend, level, 9
[03/09/2012 05:57:55] /addskill Kaoz Blend, level, 9
[03/09/2012 05:57:55] /addskill Kaoz Blend, level, 9
[03/09/2012 05:57:55] /addskill Kaoz Blend, level, 9
[03/09/2012 05:57:55] /addskill Kaoz Blend, level, 9
[03/09/2012 05:57:55] /addskill Kaoz Blend, level, 9
[03/09/2012 05:57:55] /addskill Kaoz Blend, level, 9
[03/09/2012 05:57:55] /addskill Kaoz Blend, level, 9
[03/09/2012 05:57:55] /addskill Kaoz Blend, level, 9
[03/09/2012 05:57:55] /addskill Kaoz Blend, level, 9
[03/09/2012 05:57:55] /addskill Kaoz Blend, level, 9
[03/09/2012 05:57:55] /addskill Kaoz Blend, level, 9
[03/09/2012 05:57:55] /addskill Kaoz Blend, level, 9
[03/09/2012 05:57:55] /addskill Kaoz Blend, level, 9
[03/09/2012 05:57:55] /addskill Kaoz Blend, level, 9
[03/09/2012 05:57:56] /addskill Kaoz Blend, level, 9
[03/09/2012 05:57:56] /addskill Kaoz Blend, level, 9
[03/09/2012 05:57:56] /addskill Kaoz Blend, level, 9
[03/09/2012 05:57:56] /addskill Kaoz Blend, level, 9
[03/09/2012 05:57:56] /addskill Kaoz Blend, level, 9
[03/09/2012 05:57:56] /addskill Kaoz Blend, level, 9
[03/09/2012 05:57:56] /addskill Kaoz Blend, level, 9
[03/09/2012 05:57:56] /addskill Kaoz Blend, level, 9
[03/09/2012 05:57:56] /addskill Kaoz Blend, level, 9
[03/09/2012 05:57:56] /addskill Kaoz Blend, level, 9
[03/09/2012 05:57:56] /addskill Kaoz Blend, level, 9
[03/09/2012 05:57:56] /addskill Kaoz Blend, level, 9
[03/09/2012 05:57:56] /addskill Kaoz Blend, level, 9
[03/09/2012 05:57:56] /addskill Kaoz Blend, level, 9
[03/09/2012 05:57:56] /addskill Kaoz Blend, level, 9
[03/09/2012 05:57:56] /addskill Kaoz Blend, level, 9
[03/09/2012 05:57:56] /addskill Kaoz Blend, level, 9
[03/09/2012 05:57:57] /addskill Kaoz Blend, level, 9
[03/09/2012 05:57:57] /addskill Kaoz Blend, level, 9
[03/09/2012 05:57:57] /addskill Kaoz Blend, level, 9
[03/09/2012 05:57:57] /addskill Kaoz Blend, level, 9
[03/09/2012 05:57:57] /addskill Kaoz Blend, level, 9
[03/09/2012 05:57:57] /addskill Kaoz Blend, level, 9
[03/09/2012 05:57:57] /addskill Kaoz Blend, level, 9
[03/09/2012 05:57:57] /addskill Kaoz Blend, level, 9
[03/09/2012 05:57:57] /addskill Kaoz Blend, level, 9
[03/09/2012 05:57:57] /addskill Kaoz Blend, level, 9
[03/09/2012 05:57:57] /addskill Kaoz Blend, level, 9
[03/09/2012 05:57:57] /addskill Kaoz Blend, level, 9
[03/09/2012 05:57:57] /addskill Kaoz Blend, level, 9
[03/09/2012 05:57:57] /addskill Kaoz Blend, level, 9
[03/09/2012 05:57:57] /addskill Kaoz Blend, level, 9
[03/09/2012 05:57:58] /addskill Kaoz Blend, level, 9
[03/09/2012 05:57:58] /addskill Kaoz Blend, level, 9
[03/09/2012 05:57:58] /addskill Kaoz Blend, level, 9
[03/09/2012 05:57:58] /addskill Kaoz Blend, level, 9
[03/09/2012 05:57:58] /addskill Kaoz Blend, level, 9
[03/09/2012 05:57:58] /addskill Kaoz Blend, level, 9
[03/09/2012 05:57:58] /addskill Kaoz Blend, level, 9
[03/09/2012 05:57:58] /addskill Kaoz Blend, level, 9
[03/09/2012 05:57:58] /addskill Kaoz Blend, level, 9
[03/09/2012 05:57:58] /addskill Kaoz Blend, level, 9
[03/09/2012 05:57:58] /addskill Kaoz Blend, level, 9
[03/09/2012 05:57:58] /addskill Kaoz Blend, level, 9
[03/09/2012 05:57:58] /addskill Kaoz Blend, level, 9
[03/09/2012 05:57:58] /addskill Kaoz Blend, level, 9
[03/09/2012 05:57:58] /addskill Kaoz Blend, level, 9
[03/09/2012 05:57:59] /addskill Kaoz Blend, level, 9
[03/09/2012 05:57:59] /addskill Kaoz Blend, level, 9
[03/09/2012 05:57:59] /addskill Kaoz Blend, level, 9
[03/09/2012 05:57:59] /addskill Kaoz Blend, level, 9
[03/09/2012 05:57:59] /addskill Kaoz Blend, level, 9
[03/09/2012 05:58:00] /addskill Kaoz Blend, level, 9
[03/09/2012 05:58:00] /addskill Kaoz Blend, level, 9
[03/09/2012 05:58:00] /addskill Kaoz Blend, level, 9
[03/09/2012 05:58:00] /addskill Kaoz Blend, level, 9
[03/09/2012 05:58:00] /addskill Kaoz Blend, level, 9
[03/09/2012 05:58:00] /addskill Kaoz Blend, level, 9
[03/09/2012 05:58:00] /addskill Kaoz Blend, level, 9
[03/09/2012 05:58:00] /addskill Kaoz Blend, level, 9
[03/09/2012 05:58:00] /addskill Kaoz Blend, level, 9
[03/09/2012 05:58:00] /addskill Kaoz Blend, level, 9
[03/09/2012 05:58:00] /addskill Kaoz Blend, level, 9
[03/09/2012 05:58:00] /addskill Kaoz Blend, level, 9
[03/09/2012 05:58:01] /addskill Kaoz Blend, level, 9
[03/09/2012 05:58:01] /addskill Kaoz Blend, level, 9
[03/09/2012 05:58:01] /addskill Kaoz Blend, level, 9
[03/09/2012 05:58:01] /addskill Kaoz Blend, level, 9
[03/09/2012 05:58:01] /addskill Kaoz Blend, level, 9
[03/09/2012 05:58:01] /addskill Kaoz Blend, level, 9
[03/09/2012 05:58:01] /addskill Kaoz Blend, level, 9
[03/09/2012 05:58:01] /addskill Kaoz Blend, level, 9
[03/09/2012 05:58:01] /addskill Kaoz Blend, level, 9
[03/09/2012 05:58:01] /addskill Kaoz Blend, level, 9
[03/09/2012 05:58:01] /addskill Kaoz Blend, level, 9
[03/09/2012 05:58:01] /addskill Kaoz Blend, level, 9
[03/09/2012 05:58:01] /addskill Kaoz Blend, level, 9
[03/09/2012 05:58:01] /addskill Kaoz Blend, level, 9
[03/09/2012 05:58:01] /addskill Kaoz Blend, level, 9
[03/09/2012 05:58:01] /addskill Kaoz Blend, level, 9
[03/09/2012 05:58:01] /addskill Kaoz Blend, level, 9
[03/09/2012 05:58:02] /addskill Kaoz Blend, level, 9
[03/09/2012 05:58:02] /addskill Kaoz Blend, level, 9
[03/09/2012 05:58:02] /addskill Kaoz Blend, level, 9
[03/09/2012 05:58:02] /addskill Kaoz Blend, level, 9
[03/09/2012 05:58:02] /addskill Kaoz Blend, level, 9
[03/09/2012 05:58:02] /addskill Kaoz Blend, level, 9
[03/09/2012 05:58:02] /addskill Kaoz Blend, level, 9
[03/09/2012 05:58:02] /addskill Kaoz Blend, level, 9
[03/09/2012 05:58:02] /addskill Kaoz Blend, level, 9
[03/09/2012 05:58:02] /addskill Kaoz Blend, level, 9
[03/09/2012 05:58:02] /addskill Kaoz Blend, level, 9
[03/09/2012 05:58:02] /addskill Kaoz Blend, level, 9
[03/09/2012 05:58:02] /addskill Kaoz Blend, level, 9
[03/09/2012 05:58:02] /addskill Kaoz Blend, level, 9
[03/09/2012 05:58:02] /addskill Kaoz Blend, level, 9
[03/09/2012 05:58:03] /addskill Kaoz Blend, level, 9
[03/09/2012 05:58:03] /addskill Kaoz Blend, level, 9
[03/09/2012 05:58:03] /addskill Kaoz Blend, level, 9
[03/09/2012 05:58:03] /addskill Kaoz Blend, level, 9
[03/09/2012 05:58:03] /addskill Kaoz Blend, level, 9
[03/09/2012 05:58:03] /addskill Kaoz Blend, level, 9
[03/09/2012 05:58:03] /addskill Kaoz Blend, level, 9
[03/09/2012 05:58:03] /addskill Kaoz Blend, level, 9
[03/09/2012 05:58:03] /addskill Kaoz Blend, level, 9
[03/09/2012 05:58:03] /addskill Kaoz Blend, level, 9
[03/09/2012 05:58:03] /addskill Kaoz Blend, level, 9
[03/09/2012 05:58:03] /addskill Kaoz Blend, level, 9
[03/09/2012 05:58:03] /addskill Kaoz Blend, level, 9
[03/09/2012 05:58:03] /addskill Kaoz Blend, level, 9
[03/09/2012 05:58:03] /addskill Kaoz Blend, level, 9
[03/09/2012 05:58:03] /addskill Kaoz Blend, level, 9
[03/09/2012 05:58:03] /addskill Kaoz Blend, level, 9
[03/09/2012 05:58:04] /addskill Kaoz Blend, level, 9
[03/09/2012 05:58:04] /addskill Kaoz Blend, level, 9
[03/09/2012 05:58:04] /addskill Kaoz Blend, level, 9
[03/09/2012 05:58:04] /addskill Kaoz Blend, level, 9
[03/09/2012 05:58:04] /addskill Kaoz Blend, level, 9
[03/09/2012 05:58:04] /addskill Kaoz Blend, level, 9
[03/09/2012 05:58:04] /addskill Kaoz Blend, level, 9
[03/09/2012 05:58:04] /addskill Kaoz Blend, level, 9
[03/09/2012 05:58:04] /addskill Kaoz Blend, level, 9
[03/09/2012 05:58:04] /addskill Kaoz Blend, level, 9
[03/09/2012 05:58:04] /addskill Kaoz Blend, level, 9
[03/09/2012 05:58:04] /addskill Kaoz Blend, level, 9
[03/09/2012 05:58:04] /addskill Kaoz Blend, level, 9
[03/09/2012 05:58:04] /addskill Kaoz Blend, level, 9
[03/09/2012 05:58:04] /addskill Kaoz Blend, level, 9
[03/09/2012 05:58:04] /addskill Kaoz Blend, level, 9
[03/09/2012 05:58:04] /addskill Kaoz Blend, level, 9
[03/09/2012 05:58:05] /addskill Kaoz Blend, level, 9
[03/09/2012 05:58:05] /addskill Kaoz Blend, level, 9
[03/09/2012 05:58:05] /addskill Kaoz Blend, level, 9
[03/09/2012 05:58:05] /addskill Kaoz Blend, level, 9
[03/09/2012 05:58:05] /addskill Kaoz Blend, level, 9
[03/09/2012 05:58:05] /addskill Kaoz Blend, level, 9
[03/09/2012 05:58:05] /addskill Kaoz Blend, level, 9
[03/09/2012 05:58:05] /addskill Kaoz Blend, level, 9
[03/09/2012 05:58:05] /addskill Kaoz Blend, level, 9
[03/09/2012 05:58:05] /addskill Kaoz Blend, level, 9
[03/09/2012 05:58:05] /addskill Kaoz Blend, level, 9
[03/09/2012 05:58:05] /addskill Kaoz Blend, level, 9
[03/09/2012 05:58:05] /addskill Kaoz Blend, level, 9
[03/09/2012 05:58:05] /addskill Kaoz Blend, level, 9
[03/09/2012 05:58:05] /addskill Kaoz Blend, level, 9
[03/09/2012 05:58:06] /addskill Kaoz Blend, level, 9
[03/09/2012 05:58:06] /addskill Kaoz Blend, level, 9
[03/09/2012 05:58:06] /addskill Kaoz Blend, level, 9
[03/09/2012 05:58:06] /addskill Kaoz Blend, level, 9
[03/09/2012 05:58:06] /addskill Kaoz Blend, level, 9
[03/09/2012 05:58:06] /addskill Kaoz Blend, level, 9
[03/09/2012 05:58:06] /addskill Kaoz Blend, level, 9
[03/09/2012 05:58:06] /addskill Kaoz Blend, level, 9
[03/09/2012 05:58:06] /addskill Kaoz Blend, level, 9
[03/09/2012 05:58:06] /addskill Kaoz Blend, level, 9
[03/09/2012 05:58:06] /addskill Kaoz Blend, level, 9
[03/09/2012 05:58:06] /addskill Kaoz Blend, level, 9
[03/09/2012 05:58:06] /addskill Kaoz Blend, level, 9
[03/09/2012 05:58:06] /addskill Kaoz Blend, level, 9
[03/09/2012 05:58:06] /addskill Kaoz Blend, level, 9
[03/09/2012 05:58:06] /addskill Kaoz Blend, level, 9
[03/09/2012 05:58:07] /addskill Kaoz Blend, level, 9
[03/09/2012 05:58:07] /addskill Kaoz Blend, level, 9
[03/09/2012 05:58:07] /addskill Kaoz Blend, level, 9
[03/09/2012 05:58:07] /addskill Kaoz Blend, level, 9
[03/09/2012 05:58:07] /addskill Kaoz Blend, level, 9
[03/09/2012 05:58:07] /addskill Kaoz Blend, level, 9
[03/09/2012 05:58:07] /addskill Kaoz Blend, level, 9
[03/09/2012 05:58:07] /addskill Kaoz Blend, level, 9
[03/09/2012 05:58:07] /addskill Kaoz Blend, level, 9
[03/09/2012 05:58:07] /addskill Kaoz Blend, level, 9
[03/09/2012 05:58:07] /addskill Kaoz Blend, level, 9
[03/09/2012 05:58:07] /addskill Kaoz Blend, level, 9
[03/09/2012 05:58:07] /addskill Kaoz Blend, level, 9
[03/09/2012 05:58:07] /addskill Kaoz Blend, level, 9
[03/09/2012 05:58:07] /addskill Kaoz Blend, level, 9
[03/09/2012 05:58:08] /addskill Kaoz Blend, level, 9
[03/09/2012 05:58:08] /addskill Kaoz Blend, level, 9
[03/09/2012 05:58:08] /addskill Kaoz Blend, level, 9
[03/09/2012 05:58:08] /addskill Kaoz Blend, level, 9
[03/09/2012 05:58:08] /addskill Kaoz Blend, level, 9
[03/09/2012 05:58:08] /addskill Kaoz Blend, level, 9
[03/09/2012 05:58:08] /addskill Kaoz Blend, level, 9
[03/09/2012 05:58:08] /addskill Kaoz Blend, level, 9
[03/09/2012 05:58:08] /addskill Kaoz Blend, level, 9
[03/09/2012 05:58:08] /addskill Kaoz Blend, level, 9
[03/09/2012 05:58:08] /addskill Kaoz Blend, level, 9
[03/09/2012 05:58:13] /addskill Kaoz Blend, level, 1
[03/09/2012 05:58:13] /addskill Kaoz Blend, level, 1
[03/09/2012 05:58:13] /addskill Kaoz Blend, level, 1
[03/09/2012 05:58:13] /addskill Kaoz Blend, level, 1
[03/09/2012 05:58:14] /addskill Kaoz Blend, level, 1
[03/09/2012 05:58:14] /addskill Kaoz Blend, level, 1
[03/09/2012 05:58:14] /addskill Kaoz Blend, level, 1
[03/09/2012 05:58:15] /addskill Kaoz Blend, level, 1
[03/09/2012 05:58:15] /addskill Kaoz Blend, level, 1
[03/09/2012 05:58:15] /addskill Kaoz Blend, level, 1
[03/09/2012 05:58:15] /addskill Kaoz Blend, level, 1
[03/09/2012 05:58:15] /addskill Kaoz Blend, level, 1
[03/09/2012 05:58:15] /addskill Kaoz Blend, level, 1
[03/09/2012 05:58:15] /addskill Kaoz Blend, level, 1
[03/09/2012 05:58:15] /addskill Kaoz Blend, level, 1
[03/09/2012 05:58:15] /addskill Kaoz Blend, level, 1
[03/09/2012 05:58:15] /addskill Kaoz Blend, level, 1
[03/09/2012 05:58:15] /addskill Kaoz Blend, level, 1
[03/09/2012 05:58:15] /addskill Kaoz Blend, level, 1
[03/09/2012 05:58:15] /addskill Kaoz Blend, level, 1
[03/09/2012 05:58:15] /addskill Kaoz Blend, level, 1
[03/09/2012 05:58:15] /addskill Kaoz Blend, level, 1
[03/09/2012 05:58:15] /addskill Kaoz Blend, level, 1
[03/09/2012 05:58:15] /addskill Kaoz Blend, level, 1
[03/09/2012 05:58:16] /addskill Kaoz Blend, level, 1
[03/09/2012 05:58:16] /addskill Kaoz Blend, level, 1
[03/09/2012 05:58:16] /addskill Kaoz Blend, level, 1
[03/09/2012 05:58:16] /addskill Kaoz Blend, level, 1
[03/09/2012 05:58:16] /addskill Kaoz Blend, level, 1
[03/09/2012 05:58:16] /addskill Kaoz Blend, level, 1
[03/09/2012 05:58:16] /addskill Kaoz Blend, level, 1
[03/09/2012 05:58:29] /t
[03/09/2012 05:58:57] /goto Kaoz Blend
[03/09/2012 05:59:57] /a 2
[03/09/2012 06:01:21] /a 2
[03/09/2012 06:01:24] /a 2
[03/09/2012 06:01:26] /a 2
[03/09/2012 06:01:30] /up
[03/09/2012 06:01:34] /a 2
[03/09/2012 06:01:39] /a 2
[03/09/2012 06:01:42] /a 2
[03/09/2012 06:01:43] /a 2
[03/09/2012 06:02:27] /goto zatacka
[03/09/2012 06:02:43] /goto Kaoz Blend
[03/09/2012 06:02:45] /a 2
[03/09/2012 06:02:45] /a 2
[03/09/2012 06:02:45] /a 2
[03/09/2012 06:02:46] /a 2
[03/09/2012 06:02:46] /a 2
[03/09/2012 06:02:47] /a 2
[03/09/2012 06:02:47] /a 2
[03/09/2012 06:02:47] /a 2
[03/09/2012 06:02:49] /a 2
[03/09/2012 06:02:49] /a 2
[03/09/2012 06:02:50] /a 2
[03/09/2012 06:02:50] /a 2
[03/09/2012 06:02:52] /up
[03/09/2012 06:02:55] /a 2
[03/09/2012 06:02:55] /a 2
[03/09/2012 06:02:58] /a 2
[03/09/2012 06:03:30] /a 2
[03/09/2012 06:03:31] /a 2
[03/09/2012 06:03:32] /a 2
[03/09/2012 06:03:32] /a 2
[03/09/2012 06:03:32] /a 2
[03/09/2012 06:03:33] /a 2
[03/09/2012 06:03:34] /a 2
[03/09/2012 06:03:34] /a 2
[03/09/2012 06:03:35] /a 2
[03/09/2012 06:03:36] /a 2
[03/09/2012 06:03:37] /a 2
[03/09/2012 06:03:37] /a 2
[03/09/2012 06:03:38] /a 2
[03/09/2012 06:03:38] /a 2
[03/09/2012 06:03:38] /a 2
[03/09/2012 06:03:39] /a 2
[03/09/2012 06:03:39] /a 2
[03/09/2012 06:03:41] /a 2
[03/09/2012 06:03:41] /a 2
[03/09/2012 06:03:41] /a 2
[03/09/2012 06:03:53] /a 2
[03/09/2012 06:04:20] /a 2
[03/09/2012 06:04:20] /a 2
[03/09/2012 06:04:20] /a 2
[03/09/2012 06:04:21] /a 2
[03/09/2012 06:04:21] /a 2
[03/09/2012 06:04:51] /a 2
[03/09/2012 06:04:51] /a 2
[03/09/2012 06:04:56] /a 2
[03/09/2012 06:04:57] /a 2
[03/09/2012 06:04:57] /a 2
[03/09/2012 06:04:57] /a 2
[03/09/2012 06:04:58] /a 2
[03/09/2012 06:05:04] /a 2
[04/09/2012 23:27:59] /t
[04/09/2012 23:28:17] /ghost
[04/09/2012 23:28:21] /ghost
[05/09/2012 00:08:23] /goto kaoz blend
[05/09/2012 00:08:34] /a 2
[05/09/2012 00:09:22] /i donation armor
[05/09/2012 00:09:25] /i donation legs
[05/09/2012 00:09:34] /i donation helmet
[05/09/2012 00:09:52] /t perfect wapon
[05/09/2012 00:09:53] /a 2
[05/09/2012 00:09:53] /a 2
[05/09/2012 00:09:53] /a 2
[05/09/2012 00:09:53] /a 2
[05/09/2012 00:09:54] /a 2
[05/09/2012 00:09:54] /a 2
[05/09/2012 00:09:54] /a 2
[05/09/2012 00:10:14] /addskill Perfect Weapon, level, 100000
[05/09/2012 00:10:16] /addskill Perfect Weapon, level, 100000
[05/09/2012 00:10:16] /addskill Perfect Weapon, level, 100000
[05/09/2012 00:10:45] /i donator mana
[05/09/2012 00:10:47] /i donator manarune
[05/09/2012 00:10:55] /i donation manarune
[05/09/2012 00:10:58] /a 2
[05/09/2012 00:11:08] /a 2
[05/09/2012 00:11:59] /i donation uh
[05/09/2012 00:12:19] /a 2
[05/09/2012 00:12:19] /a 2
[05/09/2012 00:12:20] /a 2
[05/09/2012 00:12:20] /a 2
[05/09/2012 00:12:22] /a 2
[05/09/2012 00:12:28] /i backpack
[05/09/2012 00:12:47] /i solar sword
[05/09/2012 00:12:54] /i helfored axe
[05/09/2012 00:13:02] /i hellfored axe
[05/09/2012 00:13:05] /i axe
[05/09/2012 00:13:10] /i donation axe
[05/09/2012 00:13:20] /i donation shield
[05/09/2012 00:13:33] /i donation boots
[05/09/2012 00:13:39] /a 2
[05/09/2012 00:13:42] /a 2
[05/09/2012 00:13:42] /a 2
[05/09/2012 00:13:42] /a 2
[05/09/2012 00:13:42] /a 2
[05/09/2012 00:13:43] /a 2
[05/09/2012 00:14:52] /attr group 4
[05/09/2012 00:14:55] /r
[05/09/2012 00:15:10] /a 2
[05/09/2012 00:15:11] /a 2
[05/09/2012 00:15:17] /i donation wand
[05/09/2012 00:15:32] /attr group 5
[05/09/2012 00:15:36] /r
[05/09/2012 00:15:47] /m rebell
[05/09/2012 00:16:16] /a 2
[05/09/2012 00:16:17] /a 2
[05/09/2012 00:16:39] /attr group
[05/09/2012 00:16:41] /r
[05/09/2012 00:17:12] /attr group 6
[05/09/2012 00:17:14] /attr group 7
[05/09/2012 00:17:16] /a 2
[05/09/2012 00:17:16] /a 2
[05/09/2012 00:17:16] /a 2
[05/09/2012 00:17:17] /a 2
[05/09/2012 00:17:17] /a 2
[05/09/2012 00:17:17] /a 2
[05/09/2012 00:17:22] /newtype 302
[05/09/2012 00:17:23] /a 2
[05/09/2012 00:17:23] /a 2
[05/09/2012 00:17:23] /a 2
[05/09/2012 00:17:23] /a 2
[05/09/2012 00:17:23] /a 2
[05/09/2012 00:17:24] /a 2
[05/09/2012 00:17:44] /m demon vip
[05/09/2012 00:17:46] /m manga
[05/09/2012 00:17:54] /m manga
[05/09/2012 00:17:54] /m manga
[05/09/2012 00:17:55] /m manga
[05/09/2012 00:17:55] /m manga
[05/09/2012 00:17:55] /m manga
[05/09/2012 00:17:55] /m manga
[05/09/2012 00:17:55] /m manga
[05/09/2012 00:17:55] /m manga
[05/09/2012 00:17:55] /m manga
[05/09/2012 00:17:55] /m manga
[05/09/2012 00:17:55] /m manga
[05/09/2012 00:17:55] /m manga
[05/09/2012 00:17:55] /m manga
[05/09/2012 00:17:55] /m manga
[05/09/2012 00:17:55] /m manga
[05/09/2012 00:17:55] /m manga
[05/09/2012 00:17:55] /m manga
[05/09/2012 00:17:55] /a 2
[05/09/2012 00:17:56] /m manga
[05/09/2012 00:17:56] /a 2
[05/09/2012 00:17:56] /m manga
[05/09/2012 00:17:56] /a 2
[05/09/2012 00:17:56] /m manga
[05/09/2012 00:17:56] /a 2
[05/09/2012 00:17:56] /m manga
[05/09/2012 00:17:56] /a 2
[05/09/2012 00:17:56] /m manga
[05/09/2012 00:17:57] /a 2
[05/09/2012 00:17:57] /m manga
[05/09/2012 00:17:57] /a 2
[05/09/2012 00:17:58] /m manga
[05/09/2012 00:17:58] /a 2
[05/09/2012 00:17:58] /m manga
[05/09/2012 00:17:58] /a 2
[05/09/2012 00:17:58] /m manga
[05/09/2012 00:17:58] /a 2
[05/09/2012 00:17:58] /m manga
[05/09/2012 00:17:58] /a 2
[05/09/2012 00:17:58] /m manga
[05/09/2012 00:17:59] /a 2
[05/09/2012 00:17:59] /m manga
[05/09/2012 00:17:59] /a 2
[05/09/2012 00:18:00] /a 2
[05/09/2012 00:18:00] /m manga
[05/09/2012 00:18:00] /a 2
[05/09/2012 00:18:00] /m manga
[05/09/2012 00:18:00] /a 2
[05/09/2012 00:18:00] /m manga
[05/09/2012 00:18:00] /a 2
[05/09/2012 00:18:00] /m manga
[05/09/2012 00:18:00] /a 2
[05/09/2012 00:18:00] /m manga
[05/09/2012 00:18:01] /a 2
[05/09/2012 00:18:04] /a 2
[05/09/2012 00:18:04] /a 2
[05/09/2012 00:18:04] /a 2
[05/09/2012 00:18:04] /a 2
[05/09/2012 00:18:04] /a 2
[05/09/2012 00:18:05] /a 2
[05/09/2012 00:18:05] /a 2
[05/09/2012 00:18:05] /a 2
[05/09/2012 00:18:06] /a 2
[05/09/2012 00:18:06] /a 2
[05/09/2012 00:18:06] /a 2
[05/09/2012 00:18:06] /a 2
[05/09/2012 00:18:07] /a 2
[05/09/2012 00:18:07] /a 2
[05/09/2012 00:18:07] /a 2
[05/09/2012 00:18:07] /a 2
[05/09/2012 00:18:08] /a 2
[05/09/2012 00:18:08] /a 2
[05/09/2012 00:18:08] /a 2
[05/09/2012 00:18:09] /a 2
[05/09/2012 00:18:09] /a 2
[05/09/2012 00:18:09] /a 2
[05/09/2012 00:18:10] /a 2
[05/09/2012 00:18:10] /a 2
[05/09/2012 00:18:10] /a 2
[05/09/2012 00:18:10] /a 2
[05/09/2012 00:18:10] /a 2
[05/09/2012 00:18:10] /a 2
[05/09/2012 00:18:10] /a 2
[05/09/2012 00:18:10] /a 2
[05/09/2012 00:18:10] /a 2
[05/09/2012 00:18:11] /a 2
[05/09/2012 00:18:11] /a 2
[05/09/2012 00:18:15] /i donation ring
[05/09/2012 00:19:29] /a 2
[05/09/2012 03:14:54] /ghost
[05/09/2012 03:14:57] /a 2
[05/09/2012 03:14:57] /a 2
[05/09/2012 03:14:59] /a 2
[05/09/2012 03:14:59] /a 2
[05/09/2012 03:15:01] /ghost
[05/09/2012 03:15:53] /a 2
[05/09/2012 03:15:54] /a 2
[05/09/2012 03:16:07] /a 2
[05/09/2012 03:16:18] /i infinite aol
[05/09/2012 03:16:19] /a 2
[05/09/2012 03:16:19] /a 2
[05/09/2012 03:16:20] /a 2
[05/09/2012 03:16:22] /a 2
[05/09/2012 03:16:22] /a 2
[05/09/2012 03:16:23] /a 2
[05/09/2012 03:16:30] /i donation health apple
[05/09/2012 03:16:39] /i donation health apple
[05/09/2012 03:16:43] /i donation health apple
[05/09/2012 03:16:45] /i donation health apple
[05/09/2012 03:16:46] /i donation health apple
[05/09/2012 03:17:34] /i donation health apple
[05/09/2012 03:17:48] /i donation health apple
[05/09/2012 03:17:55] /i donation health apple
[05/09/2012 03:17:55] /i donation health apple
[05/09/2012 03:17:56] /i donation health apple
[05/09/2012 03:17:56] /i donation health apple
[05/09/2012 03:17:56] /i donation health apple
[05/09/2012 03:17:56] /i donation health apple
[05/09/2012 03:17:56] /i donation health apple
[05/09/2012 03:17:57] /i donation health apple
[05/09/2012 03:17:57] /i donation health apple
[05/09/2012 03:18:09] /i donation health apple
[05/09/2012 03:18:09] /i donation health apple
[05/09/2012 03:18:09] /i donation health apple
[05/09/2012 03:18:10] /i donation health apple
[05/09/2012 03:18:10] /i donation health apple
[05/09/2012 03:18:10] /i donation health apple
[05/09/2012 03:18:10] /i donation health apple
[05/09/2012 03:18:10] /i donation health apple
[05/09/2012 03:18:10] /i donation health apple
[05/09/2012 03:18:10] /i donation health apple
[05/09/2012 03:18:10] /i donation health apple
[05/09/2012 03:18:10] /i donation health apple
[05/09/2012 03:18:10] /i donation health apple
[05/09/2012 03:18:10] /i donation health apple
[05/09/2012 03:18:20] /i donation health apple
[05/09/2012 03:18:21] /i donation health apple
[05/09/2012 03:18:21] /i donation health apple
[05/09/2012 03:18:24] /a 2
[05/09/2012 03:18:25] /a 2
[05/09/2012 03:18:26] /a 2
[05/09/2012 03:18:28] /i donation health apple
[05/09/2012 03:18:28] /i donation health apple
[05/09/2012 03:18:28] /i donation health apple
[05/09/2012 03:18:29] /i donation health apple
[05/09/2012 03:18:29] /i donation health apple
[05/09/2012 03:18:29] /i donation health apple
[05/09/2012 03:18:32] /i donation health apple
[05/09/2012 03:18:32] /i donation health apple
[05/09/2012 03:18:32] /i donation health apple
[05/09/2012 03:18:33] /i donation health apple
[05/09/2012 03:18:33] /i donation health apple
[05/09/2012 03:18:33] /i donation health apple
[05/09/2012 03:18:33] /i donation health apple
[05/09/2012 03:18:33] /i donation health apple
[05/09/2012 03:18:44] /a 2
[05/09/2012 03:18:44] /a 2
[05/09/2012 03:18:44] /a 2
[05/09/2012 03:18:53] /r
[05/09/2012 03:18:55] /i donation health apple
[05/09/2012 03:18:55] /i donation health apple
[05/09/2012 03:18:55] /i donation health apple
[05/09/2012 03:18:56] /i donation health apple
[05/09/2012 03:18:56] /i donation health apple
[05/09/2012 03:18:56] /i donation health apple
[05/09/2012 03:18:56] /i donation health apple
[05/09/2012 03:18:56] /i donation health apple
[05/09/2012 03:19:01] /i backpac
[05/09/2012 03:19:04] /i backpack
[05/09/2012 03:19:11] /i donation health apple
[05/09/2012 03:19:12] /i donation health apple
[05/09/2012 03:19:12] /i donation health apple
[05/09/2012 03:19:12] /i donation health apple
[05/09/2012 03:19:12] /i donation health apple
[05/09/2012 03:19:12] /i donation health apple
[05/09/2012 03:19:12] /i donation health apple
[05/09/2012 03:19:12] /i donation health apple
[05/09/2012 03:19:12] /i donation health apple
[05/09/2012 03:19:12] /i donation health apple
[05/09/2012 03:19:13] /i donation health apple
[05/09/2012 03:19:13] /i donation health apple
[05/09/2012 03:19:13] /i donation health apple
[05/09/2012 03:19:13] /i donation health apple
[05/09/2012 03:19:13] /i donation health apple
[05/09/2012 03:19:13] /i donation health apple
[05/09/2012 03:19:13] /i donation health apple
[05/09/2012 03:19:13] /i donation health apple
[05/09/2012 03:19:13] /i donation health apple
[05/09/2012 03:19:23] /i donation health apple
[05/09/2012 03:19:24] /i donation health apple
[05/09/2012 03:19:24] /i donation health apple
[05/09/2012 03:19:24] /i donation health apple
[05/09/2012 03:19:24] /i donation health apple
[05/09/2012 03:19:24] /i donation health apple
[05/09/2012 03:19:25] /i donation health apple
[05/09/2012 03:19:25] /i donation health apple
[05/09/2012 03:19:25] /i donation health apple
[05/09/2012 03:19:25] /i donation health apple
[05/09/2012 03:19:25] /i donation health apple
[05/09/2012 03:19:25] /i donation health apple
[05/09/2012 03:19:25] /i donation health apple
[05/09/2012 03:19:25] /i donation health apple
[05/09/2012 03:19:25] /i donation health apple
[05/09/2012 03:19:25] /i donation health apple
[05/09/2012 03:19:25] /i donation health apple
[05/09/2012 03:19:25] /i donation health apple
[05/09/2012 03:19:25] /i donation health apple
[05/09/2012 03:19:25] /i donation health apple
[05/09/2012 03:19:25] /i donation health apple
[05/09/2012 03:19:25] /i donation health apple
[05/09/2012 03:19:35] /i donation health apple
[05/09/2012 03:19:36] /i donation health apple
[05/09/2012 03:19:36] /i donation health apple
[05/09/2012 03:19:36] /i donation health apple
[05/09/2012 03:19:36] /i donation health apple
[05/09/2012 03:19:36] /i donation health apple
[05/09/2012 03:19:36] /i donation health apple
[05/09/2012 03:19:36] /i donation health apple
[05/09/2012 03:19:36] /i donation health apple
[05/09/2012 03:19:36] /i donation health apple
[05/09/2012 03:19:36] /i donation health apple
[05/09/2012 03:19:36] /i donation health apple
[05/09/2012 03:19:36] /i donation health apple
[05/09/2012 03:19:37] /i donation health apple
[05/09/2012 03:19:37] /i donation health apple
[05/09/2012 03:19:37] /i donation health apple
[05/09/2012 03:19:37] /i donation health apple
[05/09/2012 03:19:37] /i donation health apple
[05/09/2012 03:19:37] /i donation health apple
[05/09/2012 03:19:38] /i donation health apple
[05/09/2012 03:19:38] /i donation health apple
[05/09/2012 03:19:38] /i donation health apple
[05/09/2012 03:19:38] /i donation health apple
[05/09/2012 03:19:38] /i donation health apple
[05/09/2012 03:19:47] /i donation health apple
[05/09/2012 03:19:48] /i donation health apple
[05/09/2012 03:19:48] /i donation health apple
[05/09/2012 03:19:48] /i donation health apple
[05/09/2012 03:19:48] /i donation health apple
[05/09/2012 03:19:48] /i donation health apple
[05/09/2012 03:19:48] /i donation health apple
[05/09/2012 03:19:48] /i donation health apple
[05/09/2012 03:19:49] /i donation health apple
[05/09/2012 03:19:49] /i donation health apple
[05/09/2012 03:19:49] /i donation health apple
[05/09/2012 03:19:49] /i donation health apple
[05/09/2012 03:19:49] /i donation health apple
[05/09/2012 03:19:49] /i donation health apple
[05/09/2012 03:19:49] /i donation health apple
[05/09/2012 03:19:49] /i donation health apple
[05/09/2012 03:19:49] /i donation health apple
[05/09/2012 03:19:49] /i donation health apple
[05/09/2012 03:19:49] /i donation health apple
[05/09/2012 03:19:49] /i donation health apple
[05/09/2012 03:19:49] /i donation health apple
[05/09/2012 03:19:49] /i donation health apple
[05/09/2012 03:19:49] /i donation health apple
[05/09/2012 03:19:49] /i donation health apple
[05/09/2012 03:19:49] /i donation health apple
[05/09/2012 03:19:49] /i donation health apple
[05/09/2012 03:19:49] /i donation health apple
[05/09/2012 03:20:10] /i amulet of loss
[05/09/2012 03:20:16] /i infinte aol
[05/09/2012 03:20:18] /a 2
[05/09/2012 03:20:18] /a 2
[05/09/2012 03:20:41] /i donation health apple
[05/09/2012 03:20:41] /i donation health apple
[05/09/2012 03:20:42] /i donation health apple
[05/09/2012 03:20:42] /i donation health apple
[05/09/2012 03:20:42] /i donation health apple
[05/09/2012 03:20:42] /i donation health apple
[05/09/2012 03:20:42] /i donation health apple
[05/09/2012 03:20:42] /i donation health apple
[05/09/2012 03:20:43] /i donation health apple
[05/09/2012 03:20:43] /i donation health apple
[05/09/2012 03:20:43] /i donation health apple
[05/09/2012 03:20:43] /i donation health apple
[05/09/2012 03:20:44] /i donation health apple
[05/09/2012 03:20:44] /i donation health apple
[05/09/2012 03:20:44] /i donation health apple
[05/09/2012 03:20:44] /i donation health apple
[05/09/2012 03:20:44] /i donation health apple
[05/09/2012 03:20:44] /i donation health apple
[05/09/2012 03:20:45] /i donation health apple
[05/09/2012 03:20:45] /i donation health apple
[05/09/2012 03:20:52] /i donation health apple
[05/09/2012 03:20:52] /i donation health apple
[05/09/2012 03:20:52] /i donation health apple
[05/09/2012 03:20:52] /i donation health apple
[05/09/2012 03:20:59] /a 2
[05/09/2012 03:20:59] /a 2
[05/09/2012 03:21:00] /a 2
[05/09/2012 03:21:00] /a 2
[05/09/2012 03:21:01] /a 2
[05/09/2012 03:21:01] /a 2
[05/09/2012 03:21:01] /a 2
[05/09/2012 03:21:02] /a 2
[05/09/2012 03:21:24] /a 2
[05/09/2012 03:21:24] /a 2
[05/09/2012 03:21:24] /a 2
[05/09/2012 03:21:25] /a 2
[05/09/2012 03:21:26] /a 2
[05/09/2012 03:21:27] /a 2
[05/09/2012 03:21:27] /a 2
[05/09/2012 03:21:27] /a 2
[05/09/2012 03:24:07] /a 2
[05/09/2012 03:24:12] /a 2
[05/09/2012 03:24:13] /a 2
[05/09/2012 03:24:13] /a 2
[05/09/2012 03:24:17] /a 2
[05/09/2012 03:24:17] /a 2
[05/09/2012 03:24:18] /a 2
[05/09/2012 03:24:26] /t
[05/09/2012 03:24:27] /a 2
[05/09/2012 03:24:28] /a 2
[05/09/2012 03:24:41] /i mount scroll
[05/09/2012 03:24:48] /a 2
[05/09/2012 03:24:48] /a 2
[05/09/2012 03:24:49] /a 2
[05/09/2012 03:24:49] /a 2
[05/09/2012 03:24:50] /a 2
[05/09/2012 03:24:51] /a 2
[05/09/2012 03:24:52] /a 2
[05/09/2012 03:24:52] /a 2
[05/09/2012 03:24:52] /a 2
[05/09/2012 03:24:53] /a 2
[05/09/2012 03:24:53] /a 2
[05/09/2012 03:24:53] /a 2
[05/09/2012 03:24:54] /a 2
[05/09/2012 03:24:54] /a 2
[05/09/2012 03:24:54] /a 2
[05/09/2012 03:24:54] /a 2
[05/09/2012 03:24:54] /a 2
[05/09/2012 03:24:55] /a 2
[05/09/2012 03:24:58] /i mount scroll
[05/09/2012 03:25:02] /a 2
[05/09/2012 03:25:02] /a 2
[05/09/2012 03:25:02] /a 2
[05/09/2012 03:25:03] /a 2
[05/09/2012 03:25:03] /a 2
[05/09/2012 03:25:41] /i house teleport scroll
[05/09/2012 03:25:45] /a 2
[05/09/2012 03:25:45] /a 2
[05/09/2012 03:25:45] /a 2
[05/09/2012 03:25:58] /i donation jar
[05/09/2012 03:26:16] /m demon
[05/09/2012 03:26:17] /a 2
[05/09/2012 03:26:17] /a 2
[05/09/2012 03:26:18] /a 2
[05/09/2012 03:26:22] /a 2
[05/09/2012 03:26:22] /a 2
[05/09/2012 03:26:22] /a 2
[05/09/2012 03:26:22] /a 2
[05/09/2012 03:26:22] /a 2
[05/09/2012 03:26:23] /a 2
[05/09/2012 03:26:23] /a 2
[05/09/2012 03:26:23] /a 2
[05/09/2012 03:26:24] /a 2
[05/09/2012 03:26:24] /a 2
[05/09/2012 03:26:24] /a 2
[05/09/2012 03:26:24] /a 2
[05/09/2012 03:26:24] /a 2
[05/09/2012 03:26:24] /a 2
[05/09/2012 03:26:25] /a 2
[05/09/2012 03:26:26] /a 2
[05/09/2012 03:26:26] /a 2
[05/09/2012 03:26:26] /a 2
[05/09/2012 03:26:26] /a 2
[05/09/2012 03:26:26] /a 2
[05/09/2012 03:26:26] /a 2
[05/09/2012 03:26:27] /a 2
[05/09/2012 03:26:27] /a 2
[05/09/2012 03:26:27] /a 2
[05/09/2012 03:26:27] /a 2
[05/09/2012 03:26:53] /a 2
[05/09/2012 03:26:53] /a 2
[05/09/2012 03:26:54] /a 2
[05/09/2012 03:26:54] /a 2
[05/09/2012 03:26:54] /a 2
[05/09/2012 03:26:54] /a 2
[05/09/2012 03:26:54] /a 2
[05/09/2012 03:26:55] /a 2
[05/09/2012 03:26:55] /a 2
[05/09/2012 03:26:55] /a 2
[05/09/2012 03:26:55] /a 2
[05/09/2012 03:26:55] /a 2
[05/09/2012 03:26:55] /a 2
[05/09/2012 03:26:55] /a 2
[05/09/2012 03:26:55] /a 2
[05/09/2012 03:26:55] /a 2
[05/09/2012 03:26:55] /a 2
[05/09/2012 03:26:55] /a 2
[05/09/2012 03:26:56] /a 2
[05/09/2012 03:26:56] /a 2
[05/09/2012 03:26:56] /a 2
[05/09/2012 03:26:56] /a 2
[05/09/2012 03:26:56] /a 2
[05/09/2012 03:26:56] /a 2
[05/09/2012 03:26:56] /a 2
[05/09/2012 03:26:56] /a 2
[05/09/2012 03:26:56] /a 2
[05/09/2012 03:26:56] /a 2
[05/09/2012 03:26:56] /a 2
[05/09/2012 03:26:56] /a 2
[05/09/2012 03:26:56] /a 2
[05/09/2012 03:26:56] /a 2
[05/09/2012 03:26:56] /a 2
[05/09/2012 03:26:58] /a 2
[05/09/2012 03:26:58] /a 2
[05/09/2012 03:27:01] /a 2
[05/09/2012 03:27:02] /a 2
[05/09/2012 03:27:09] /t
[05/09/2012 03:27:10] /a 2
[05/09/2012 03:27:13] /a 2
[05/09/2012 03:27:24] /a 2
[05/09/2012 03:27:25] /a 2
[05/09/2012 03:27:25] /a 2
[05/09/2012 03:27:25] /a 2
[05/09/2012 03:27:25] /a 2
[05/09/2012 03:27:26] /a 2
[05/09/2012 03:27:26] /a 2
[05/09/2012 03:27:27] /a 2
[05/09/2012 03:27:27] /a 2
[05/09/2012 03:27:27] /a 2
[05/09/2012 03:27:27] /a 2
[05/09/2012 03:27:27] /a 2
[05/09/2012 03:27:29] /a 2
[05/09/2012 03:27:29] /a 2
[05/09/2012 03:27:29] /a 2
[05/09/2012 03:27:29] /a 2
[05/09/2012 03:27:30] /i donation health apple
[05/09/2012 03:27:30] /i donation health apple
[05/09/2012 03:27:30] /i donation health apple
[05/09/2012 03:27:30] /i donation health apple
[05/09/2012 03:27:31] /i donation health apple
[05/09/2012 03:27:31] /i donation health apple
[05/09/2012 03:27:36] /i backpack
[05/09/2012 03:27:37] /i backpack
[05/09/2012 03:27:37] /i backpack
[05/09/2012 03:27:39] /i backpack
[05/09/2012 03:27:39] /i backpack
[05/09/2012 03:27:40] /i donation health apple
[05/09/2012 03:27:40] /i donation health apple
[05/09/2012 03:27:40] /i donation health apple
[05/09/2012 03:27:40] /i donation health apple
[05/09/2012 03:27:40] /i donation health apple
[05/09/2012 03:27:40] /i donation health apple
[05/09/2012 03:27:41] /i donation health apple
[05/09/2012 03:27:41] /i donation health apple
[05/09/2012 03:27:41] /i donation health apple
[05/09/2012 03:27:41] /i donation health apple
[05/09/2012 03:27:41] /i donation health apple
[05/09/2012 03:27:41] /i donation health apple
[05/09/2012 03:27:41] /i donation health apple
[05/09/2012 03:27:41] /i donation health apple
[05/09/2012 03:27:41] /i donation health apple
[05/09/2012 03:27:41] /i donation health apple
[05/09/2012 03:27:41] /i donation health apple
[05/09/2012 03:27:41] /i donation health apple
[05/09/2012 03:27:41] /i donation health apple
[05/09/2012 03:27:41] /i donation health apple
[05/09/2012 03:27:41] /i donation health apple
[05/09/2012 03:27:41] /i donation health apple
[05/09/2012 03:27:41] /i donation health apple
[05/09/2012 03:27:41] /i donation health apple
[05/09/2012 03:27:42] /i donation health apple
[05/09/2012 03:27:42] /i donation health apple
[05/09/2012 03:27:42] /i donation health apple
[05/09/2012 03:27:42] /i donation health apple
[05/09/2012 03:27:42] /i donation health apple
[05/09/2012 03:27:42] /i donation health apple
[05/09/2012 03:27:42] /i donation health apple
[05/09/2012 03:27:42] /i donation health apple
[05/09/2012 03:27:42] /i donation health apple
[05/09/2012 03:27:42] /i donation health apple
[05/09/2012 03:27:42] /i donation health apple
[05/09/2012 03:27:42] /i donation health apple
[05/09/2012 03:27:42] /i donation health apple
[05/09/2012 03:27:42] /i donation health apple
[05/09/2012 03:27:42] /i donation health apple
[05/09/2012 03:27:42] /i donation health apple
[05/09/2012 03:27:42] /i donation health apple
[05/09/2012 03:27:43] /i donation health apple
[05/09/2012 03:27:43] /i donation health apple
[05/09/2012 03:27:43] /i donation health apple
[05/09/2012 03:27:43] /i donation health apple
[05/09/2012 03:28:34] /r 100
[05/09/2012 03:28:36] /ghost
[05/09/2012 03:28:37] /t
[05/09/2012 03:28:41] /ghost
[05/09/2012 03:28:57] /a 2
[05/09/2012 03:28:58] /a 2
[05/09/2012 03:28:58] /a 2
[05/09/2012 03:28:59] /a 2
[05/09/2012 03:29:02] /a 2
[05/09/2012 03:29:03] /a 2
[05/09/2012 03:29:03] /a 2
[05/09/2012 03:29:03] /a 2
[05/09/2012 03:29:04] /a 2
[05/09/2012 03:29:14] /i donation mana medal
[05/09/2012 03:29:22] /i donation healing medal
[05/09/2012 03:29:24] /a 2
[05/09/2012 03:29:25] /a 2
[05/09/2012 03:29:25] /a 2
[05/09/2012 03:29:25] /a 2
[05/09/2012 03:29:25] /a 2
[05/09/2012 03:29:25] /a 2
[05/09/2012 03:29:25] /a 2
[05/09/2012 03:29:26] /a 2
[05/09/2012 03:29:28] /i donation health apple
[05/09/2012 03:29:29] /i donation health apple
[05/09/2012 03:29:29] /i donation health apple
[05/09/2012 03:29:29] /i donation health apple
[05/09/2012 03:29:29] /i donation health apple
[05/09/2012 03:29:29] /i donation health apple
[05/09/2012 03:29:29] /i donation health apple
[05/09/2012 03:29:29] /i donation health apple
[05/09/2012 03:29:30] /i donation health apple
[05/09/2012 03:29:30] /i donation health apple
[05/09/2012 03:29:30] /i donation health apple
[05/09/2012 03:29:30] /i donation health apple
[05/09/2012 03:29:30] /i donation health apple
[05/09/2012 03:29:30] /i donation health apple
[05/09/2012 03:29:30] /i donation health apple
[05/09/2012 03:29:30] /i donation health apple
[05/09/2012 03:29:30] /i donation health apple
[05/09/2012 03:29:30] /i donation health apple
[05/09/2012 03:29:30] /i donation health apple
[05/09/2012 03:29:30] /i donation health apple
[05/09/2012 03:29:30] /i donation health apple
[05/09/2012 03:29:30] /i donation health apple
[05/09/2012 03:29:30] /i donation health apple
[05/09/2012 03:29:30] /i donation health apple
[05/09/2012 03:29:30] /i donation health apple
[05/09/2012 03:29:30] /i donation health apple
[05/09/2012 03:29:31] /i donation health apple
[05/09/2012 03:29:31] /i donation health apple
[05/09/2012 03:29:31] /i donation health apple
[05/09/2012 03:29:31] /i donation health apple
[05/09/2012 03:29:32] /i donation health apple
[05/09/2012 03:29:33] /i donation health apple
[05/09/2012 03:29:33] /i donation health apple
[05/09/2012 03:29:33] /i donation health apple
[05/09/2012 03:29:33] /i donation health apple
[05/09/2012 03:29:33] /i donation health apple
[05/09/2012 03:29:33] /i donation health apple
[05/09/2012 03:29:33] /i donation health apple
[05/09/2012 03:29:33] /i donation health apple
[05/09/2012 03:29:33] /i donation health apple
[05/09/2012 03:29:34] /i donation health apple
[05/09/2012 03:29:34] /i donation health apple
[05/09/2012 03:29:35] /i donation health apple
[05/09/2012 03:29:35] /i donation health apple
[05/09/2012 03:29:35] /i donation health apple
[05/09/2012 03:29:35] /i donation health apple
[05/09/2012 03:29:35] /i donation health apple
[05/09/2012 03:29:35] /i donation health apple
[05/09/2012 03:29:35] /i donation health apple
[05/09/2012 03:29:35] /i donation health apple
[05/09/2012 03:29:35] /i donation health apple
[05/09/2012 03:29:35] /i donation health apple
[05/09/2012 03:29:35] /i donation health apple
[05/09/2012 03:29:35] /i donation health apple
[05/09/2012 03:29:35] /i donation health apple
[05/09/2012 03:29:35] /i donation health apple
[05/09/2012 03:29:35] /i donation health apple
[05/09/2012 03:29:35] /i donation health apple
[05/09/2012 03:29:35] /i donation health apple
[05/09/2012 03:29:36] /i donation health apple
[05/09/2012 03:29:36] /i donation health apple
[05/09/2012 03:29:36] /i donation health apple
[05/09/2012 03:29:36] /i donation health apple
[05/09/2012 03:29:36] /i donation health apple
[05/09/2012 03:29:36] /i donation health apple
[05/09/2012 03:29:36] /i donation health apple
[05/09/2012 03:29:36] /i donation health apple
[05/09/2012 03:29:36] /i donation health apple
[05/09/2012 03:29:36] /i donation health apple
[05/09/2012 03:29:36] /i donation health apple
[05/09/2012 03:29:36] /i donation health apple
[05/09/2012 03:29:36] /i donation health apple
[05/09/2012 03:29:36] /i donation health apple
[05/09/2012 03:29:36] /i donation health apple
[05/09/2012 03:29:36] /i donation health apple
[05/09/2012 03:29:36] /i donation health apple
[05/09/2012 03:29:36] /i donation health apple
[05/09/2012 03:29:36] /i donation health apple
[05/09/2012 03:29:36] /i donation health apple
[05/09/2012 03:29:37] /i donation health apple
[05/09/2012 03:29:37] /i donation health apple
[05/09/2012 03:29:37] /i donation health apple
[05/09/2012 03:29:37] /i donation health apple
[05/09/2012 03:29:37] /i donation health apple
[05/09/2012 03:29:37] /i donation health apple
[05/09/2012 03:29:37] /i donation health apple
[05/09/2012 03:29:37] /i donation health apple
[05/09/2012 03:29:37] /i donation health apple
[05/09/2012 03:29:37] /i donation health apple
[05/09/2012 03:29:37] /i donation health apple
[05/09/2012 03:29:37] /i donation health apple
[05/09/2012 03:29:37] /i donation health apple
[05/09/2012 03:29:37] /i donation health apple
[05/09/2012 03:29:37] /i donation health apple
[05/09/2012 03:29:37] /i donation health apple
[05/09/2012 03:29:37] /i donation health apple
[05/09/2012 03:29:37] /i donation health apple
[05/09/2012 03:29:37] /i donation health apple
[05/09/2012 03:29:38] /i donation health apple
[05/09/2012 03:29:38] /i donation health apple
[05/09/2012 03:29:38] /i donation health apple
[05/09/2012 03:29:38] /i donation health apple
[05/09/2012 03:29:38] /i donation health apple
[05/09/2012 03:29:38] /i donation health apple
[05/09/2012 03:29:38] /i donation health apple
[05/09/2012 03:29:38] /i donation health apple
[05/09/2012 03:29:38] /i donation health apple
[05/09/2012 03:29:38] /i donation health apple
[05/09/2012 03:29:38] /i donation health apple
[05/09/2012 03:29:38] /i donation health apple
[05/09/2012 03:29:38] /i donation health apple
[05/09/2012 03:29:38] /i donation health apple
[05/09/2012 03:29:38] /i donation health apple
[05/09/2012 03:29:38] /i donation health apple
[05/09/2012 03:29:38] /i donation health apple
[05/09/2012 03:30:25] /a 2
[05/09/2012 03:30:25] /a 2
[05/09/2012 03:30:26] /a 2
[05/09/2012 03:30:26] /a 2
[05/09/2012 03:30:26] /a 2
[05/09/2012 03:30:28] /i donation health apple
[05/09/2012 03:30:29] /i donation health apple
[05/09/2012 03:30:32] /a 2
[05/09/2012 03:30:32] /a 2
[05/09/2012 03:30:33] /a 2
[05/09/2012 03:30:33] /a 2
[05/09/2012 03:30:33] /a 2
[05/09/2012 03:30:33] /a 2
[05/09/2012 03:30:50] /a 2
[05/09/2012 03:30:50] /a 2
[05/09/2012 03:30:51] /a 2
[05/09/2012 03:30:51] /a 2
[05/09/2012 03:30:52] /a 2
[05/09/2012 03:30:52] /a 2
[05/09/2012 03:30:52] /a 2
[05/09/2012 03:30:53] /a 2
[05/09/2012 03:30:53] /a 2
[05/09/2012 03:30:54] /a 2
[05/09/2012 03:30:54] /a 2
[05/09/2012 03:30:54] /a 2
[05/09/2012 03:30:54] /a 2
[05/09/2012 03:30:54] /a 2
[05/09/2012 03:30:54] /a 2
[05/09/2012 03:30:54] /a 2
[05/09/2012 03:30:54] /a 2
[05/09/2012 03:30:54] /a 2
[05/09/2012 03:30:54] /a 2
[05/09/2012 03:30:56] /a 2
[05/09/2012 03:30:56] /a 2
[05/09/2012 03:30:56] /a 2
[05/09/2012 03:30:56] /a 2
[05/09/2012 03:30:57] /a 2
[05/09/2012 03:31:23] /a 2
[05/09/2012 03:31:23] /a 2
[05/09/2012 03:31:24] /a 2
[05/09/2012 03:31:24] /a 2
[05/09/2012 03:31:41] /a 2
[05/09/2012 03:31:42] /a 2
[05/09/2012 03:31:52] /a 2
[05/09/2012 03:31:54] /a 2
[05/09/2012 03:31:54] /a 2
[05/09/2012 03:32:10] /i donation mr
[05/09/2012 03:32:11] /i donation health apple
[05/09/2012 03:32:22] /i donation manarune
[05/09/2012 03:32:34] /a 2
[05/09/2012 03:32:43] /i donation health apple
[05/09/2012 03:32:53] /a 2
[05/09/2012 03:32:53] /a 2
[05/09/2012 03:32:53] /a 2
[05/09/2012 03:32:56] /i donation health apple
[05/09/2012 03:32:56] /i donation health apple
[05/09/2012 03:32:56] /i donation health apple
[05/09/2012 03:32:57] /i donation health apple
[05/09/2012 03:32:59] /i donation health apple
[05/09/2012 03:33:00] /i donation health apple
[05/09/2012 03:33:00] /i donation health apple
[05/09/2012 03:33:00] /i donation health apple
[05/09/2012 03:33:00] /i donation health apple
[05/09/2012 03:33:00] /i donation health apple
[05/09/2012 03:33:03] /a 2
[05/09/2012 03:33:05] /a 2
[05/09/2012 03:33:05] /a 2
[05/09/2012 03:33:06] /a 2
[05/09/2012 03:33:45] /a 2
[05/09/2012 03:33:45] /a 2
[05/09/2012 03:33:55] /i 12288
[05/09/2012 03:34:09] /t
[05/09/2012 03:34:10] /a 2
[05/09/2012 03:34:10] /a 2
[05/09/2012 03:34:10] /a 2
[05/09/2012 03:34:11] /a 2
[05/09/2012 03:34:12] /a 2
[05/09/2012 03:34:12] /a 2
[05/09/2012 03:34:12] /a 2
[05/09/2012 03:34:13] /a 2
[05/09/2012 03:34:13] /a 2
[05/09/2012 03:34:13] /a 2
[05/09/2012 03:34:13] /a 2
[05/09/2012 03:34:14] /a 2
[05/09/2012 03:34:14] /a 2
[05/09/2012 03:34:14] /a 2
[05/09/2012 03:34:15] /a 2
[05/09/2012 03:34:15] /a 2
[05/09/2012 03:34:15] /a 2
[05/09/2012 03:34:19] /m morde
[05/09/2012 03:34:32] /i donation health apple
[05/09/2012 03:34:51] /a 2
[05/09/2012 03:34:51] /a 2
[05/09/2012 03:34:51] /a 2
[05/09/2012 03:34:52] /a 2
[05/09/2012 03:34:52] /a 2
[05/09/2012 03:34:53] /a 2
[05/09/2012 03:34:53] /a 2
[05/09/2012 03:34:53] /a 2
[05/09/2012 03:34:53] /a 2
[05/09/2012 03:34:53] /a 2
[05/09/2012 03:34:53] /a 2
[05/09/2012 03:34:53] /a 2
[05/09/2012 03:34:54] /a 2
[05/09/2012 03:34:54] /a 2
[05/09/2012 03:34:54] /a 2
[05/09/2012 03:34:54] /a 2
[05/09/2012 03:34:54] /a 2
[05/09/2012 03:34:54] /a 2
[05/09/2012 03:34:54] /a 2
[05/09/2012 03:34:54] /a 2
[05/09/2012 03:34:54] /a 2
[05/09/2012 03:34:54] /a 2
[05/09/2012 03:34:54] /a 2
[05/09/2012 03:34:54] /a 2
[05/09/2012 03:34:54] /a 2
[05/09/2012 03:34:54] /a 2
[05/09/2012 03:34:56] /a 2
[05/09/2012 03:34:57] /a 2
[05/09/2012 03:34:57] /a 2
[05/09/2012 03:34:57] /a 2
[05/09/2012 03:34:58] /a 2
[05/09/2012 03:34:58] /a 2
[05/09/2012 03:34:58] /a 2
[05/09/2012 03:34:58] /a 2
[05/09/2012 03:34:58] /a 2
[05/09/2012 03:34:59] /a 2
[05/09/2012 03:35:02] /a 2
[05/09/2012 03:35:03] /a 2
[05/09/2012 03:35:03] /a 2
[05/09/2012 03:35:03] /a 2
[05/09/2012 03:35:09] /goto suoer mega pally
[05/09/2012 03:35:19] /up
[05/09/2012 03:35:22] /down
[05/09/2012 03:35:26] /up
[05/09/2012 03:35:49] /a 2
[05/09/2012 03:35:55] /a 11
[05/09/2012 03:35:58] /a 12
[05/09/2012 03:36:10] /goto supreme mega pally
[05/09/2012 03:36:24] /goto supreme mega master pally
[05/09/2012 03:36:34] /a 2
[05/09/2012 03:36:37] /a 2
[05/09/2012 03:36:38] /a 2
[05/09/2012 03:36:39] /a 2
[05/09/2012 03:36:39] /a 2
[05/09/2012 03:36:40] /a 2
[05/09/2012 03:36:54] /i forever aol
[05/09/2012 03:37:21] /r 5
[05/09/2012 03:37:22] /a 2
[05/09/2012 03:37:22] /a 2
[05/09/2012 03:37:22] /a 2
[05/09/2012 03:37:22] /a 2
[05/09/2012 03:37:22] /a 2
[05/09/2012 03:37:22] /a 2
[05/09/2012 03:37:23] /a 2
[05/09/2012 03:37:23] /a 2
[05/09/2012 03:37:23] /a 2
[05/09/2012 03:37:24] /a 2
[05/09/2012 03:37:24] /a 2
[05/09/2012 03:37:24] /a 2
[05/09/2012 03:37:25] /a 2
[05/09/2012 03:37:25] /a 2
[05/09/2012 03:37:25] /a 2
[05/09/2012 03:37:25] /a 2
[05/09/2012 03:37:25] /a 2
[05/09/2012 03:37:25] /a 2
[05/09/2012 03:37:25] /a 2
[05/09/2012 03:37:25] /a 2
[05/09/2012 03:37:25] /a 2
[05/09/2012 03:37:25] /a 2
[05/09/2012 03:37:25] /a 2
[05/09/2012 03:37:25] /a 2
[05/09/2012 03:37:25] /a 2
[05/09/2012 03:37:25] /a 2
[05/09/2012 03:37:26] /a 2
[05/09/2012 03:37:27] /a 2
[05/09/2012 03:37:27] /a 2
[05/09/2012 03:37:27] /a 2
[05/09/2012 03:37:27] /a 2
[05/09/2012 03:37:27] /a 2
[05/09/2012 03:37:27] /a 2
[05/09/2012 03:37:27] /a 2
[05/09/2012 03:37:27] /a 2
[05/09/2012 03:37:27] /a 2
[05/09/2012 03:37:27] /a 2
[05/09/2012 03:37:27] /a 2
[05/09/2012 03:37:27] /a 2
[05/09/2012 03:37:28] /a 2
[05/09/2012 03:37:28] /a 2
[05/09/2012 03:37:28] /a 2
[05/09/2012 03:37:28] /a 2
[05/09/2012 03:37:28] /a 2
[05/09/2012 03:37:28] /a 2
[05/09/2012 03:37:29] /a 2
[05/09/2012 03:37:29] /a 2
[05/09/2012 03:37:29] /a 2
[05/09/2012 03:37:29] /a 2
[05/09/2012 03:37:29] /a 2
[05/09/2012 03:37:29] /a 2
[05/09/2012 03:37:30] /a 2
[05/09/2012 03:37:30] /a 2
[05/09/2012 03:37:30] /a 2
[05/09/2012 03:37:30] /a 2
[05/09/2012 03:37:30] /a 2
[05/09/2012 03:37:30] /a 2
[05/09/2012 03:37:30] /a 2
[05/09/2012 03:37:30] /a 2
[05/09/2012 03:37:30] /a 2
[05/09/2012 03:37:30] /a 2
[05/09/2012 03:37:30] /a 2
[05/09/2012 03:37:30] /a 2
[05/09/2012 03:37:30] /a 2
[05/09/2012 03:37:30] /a 2
[05/09/2012 03:37:30] /a 2
[05/09/2012 03:37:30] /a 2
[05/09/2012 03:37:30] /a 2
[05/09/2012 03:37:30] /a 2
[05/09/2012 03:37:30] /a 2
[05/09/2012 03:37:30] /a 2
[05/09/2012 03:37:30] /a 2
[05/09/2012 03:37:33] /t
[05/09/2012 03:37:39] /goto supreme mega master pally
[05/09/2012 03:37:46] /a 2
[05/09/2012 03:37:54] /goto supreme mega master pally
[05/09/2012 03:38:04] /a 2
[05/09/2012 03:38:04] /a 2
[05/09/2012 03:38:04] /a 2
[05/09/2012 03:38:04] /a 2
[05/09/2012 03:38:04] /a 2
[05/09/2012 03:38:04] /a 2
[05/09/2012 03:38:05] /a 2
[05/09/2012 03:38:05] /a 2
[05/09/2012 03:38:05] /a 2
[05/09/2012 03:38:05] /a 2
[05/09/2012 03:38:05] /a 2
[05/09/2012 03:38:05] /a 2
[05/09/2012 03:38:05] /a 2
[05/09/2012 03:38:05] /a 2
[05/09/2012 03:38:05] /a 2
[05/09/2012 03:38:05] /a 2
[05/09/2012 03:38:05] /a 2
[05/09/2012 03:38:05] /a 2
[05/09/2012 03:38:05] /a 2
[05/09/2012 03:38:05] /a 2
[05/09/2012 03:38:06] /a 2
[05/09/2012 03:38:08] /a 2
[05/09/2012 03:38:08] /a 2
[05/09/2012 03:38:08] /a 2
[05/09/2012 03:38:08] /a 2
[05/09/2012 03:38:08] /a 2
[05/09/2012 03:38:08] /a 2
[05/09/2012 03:38:08] /a 2
[05/09/2012 03:38:09] /a 2
[05/09/2012 03:38:09] /a 2
[05/09/2012 03:38:09] /a 2
[05/09/2012 03:38:09] /a 2
[05/09/2012 03:38:09] /a 2
[05/09/2012 03:38:09] /a 2
[05/09/2012 03:38:09] /a 2
[05/09/2012 03:38:10] /a 2
[05/09/2012 03:38:10] /a 2
[05/09/2012 03:38:11] /a 2
[05/09/2012 03:38:11] /a 2
[05/09/2012 03:38:11] /a 2
[05/09/2012 03:38:11] /a 2
[05/09/2012 03:38:11] /a 2
[05/09/2012 03:38:11] /a 2
[05/09/2012 03:38:11] /a 2
[05/09/2012 03:38:11] /a 2
[05/09/2012 03:38:11] /a 2
[05/09/2012 03:38:11] /a 2
[05/09/2012 03:38:11] /a 2
[05/09/2012 03:38:11] /a 2
[05/09/2012 03:38:12] /a 2
[05/09/2012 03:38:12] /a 2
[05/09/2012 03:38:12] /a 2
[05/09/2012 03:38:12] /a 2
[05/09/2012 03:38:13] /a 2
[05/09/2012 03:38:16] /goto supreme mega master pally
[05/09/2012 03:38:32] /a 2
[05/09/2012 03:38:33] /a 2
[05/09/2012 03:38:33] /a 2
[05/09/2012 03:38:33] /a 2
[05/09/2012 03:38:33] /a 2
[05/09/2012 03:38:33] /a 2
[05/09/2012 03:38:33] /a 2
[05/09/2012 03:38:33] /a 2
[05/09/2012 03:38:34] /a 2
[05/09/2012 03:38:34] /a 2
[05/09/2012 03:38:34] /a 2
[05/09/2012 03:38:35] /a 2
[05/09/2012 03:38:35] /a 2
[05/09/2012 03:38:37] /a 2
[05/09/2012 03:38:39] /a 2
[05/09/2012 03:38:40] /a 2
[05/09/2012 03:38:41] /a 2
[05/09/2012 03:38:41] /a 2
[05/09/2012 03:38:41] /a 2
[05/09/2012 03:38:41] /a 2
[05/09/2012 03:38:41] /a 2
[05/09/2012 03:38:42] /a 2
[05/09/2012 03:38:42] /a 2
[05/09/2012 03:38:42] /a 2
[05/09/2012 03:38:42] /a 2
[05/09/2012 03:38:45] /t
[05/09/2012 03:38:51] /a 2
[05/09/2012 03:39:03] /a 2
[05/09/2012 03:39:03] /a 2
[05/09/2012 03:39:03] /a 2
[05/09/2012 03:39:16] /ghost
[05/09/2012 03:39:27] /a 2
[05/09/2012 03:39:28] /a 2
[05/09/2012 03:39:28] /a 2
[05/09/2012 03:39:29] /a 2
[05/09/2012 03:39:29] /a 2
[05/09/2012 03:39:35] /ghost
[05/09/2012 03:39:37] /a 2
[05/09/2012 03:39:55] /a 2
[05/09/2012 03:39:55] /a 2
[05/09/2012 03:39:55] /a 2
[05/09/2012 03:40:04] /goto Supreme Mega Master Pally
[05/09/2012 03:40:05] /goto Supreme Mega Master Pally
[05/09/2012 03:40:07] /goto Supreme Mega Master Pally
[05/09/2012 03:40:17] /r
[05/09/2012 03:40:24] /r 100
[05/09/2012 03:40:26] /r 100
[05/09/2012 03:40:28] /r 100
[05/09/2012 03:40:30] /r 100
[05/09/2012 03:40:31] /r 100
[05/09/2012 03:40:32] /r 100
[05/09/2012 03:40:35] /r 100
[05/09/2012 03:41:18] /a 2
[05/09/2012 03:41:19] /a 2
[05/09/2012 03:41:19] /a 2
[05/09/2012 03:41:19] /a 2
[05/09/2012 03:41:19] /a 2
[05/09/2012 03:41:20] /a 2
[05/09/2012 03:41:20] /a 2
[05/09/2012 03:41:20] /a 2
[05/09/2012 03:41:20] /a 2
[05/09/2012 03:41:20] /a 2
[05/09/2012 03:41:20] /a 2
[05/09/2012 03:41:20] /a 2
[05/09/2012 03:41:20] /a 2
[05/09/2012 03:41:20] /a 2
[05/09/2012 03:41:20] /a 2
[05/09/2012 03:41:20] /a 2
[05/09/2012 03:41:20] /a 2
[05/09/2012 03:41:20] /a 2
[05/09/2012 03:41:20] /a 2
[05/09/2012 03:41:20] /a 2
[05/09/2012 03:41:20] /a 2
[05/09/2012 03:41:20] /a 2
[05/09/2012 03:41:21] /a 2
[05/09/2012 03:41:23] /a 2
[05/09/2012 03:41:23] /a 2
[05/09/2012 03:41:26] /t
[05/09/2012 03:41:26] /a 2
[05/09/2012 03:41:27] /a 2
