[13/08/2012 22:06:36] /goto 1878
[13/08/2012 22:20:57] /c zatacka
[13/08/2012 22:20:58] /c zatacka
[13/08/2012 22:20:58] /c zatacka
[13/08/2012 22:21:25] /ghost
[13/08/2012 22:21:29] /a 1
[13/08/2012 22:21:33] /ghost
[13/08/2012 22:21:46] /i 3514
[13/08/2012 22:21:53] /i 3514
[13/08/2012 22:21:59] /i fence
[13/08/2012 22:22:03] /i fence
[13/08/2012 22:22:08] /i fence
[13/08/2012 22:22:09] /i fence
[13/08/2012 22:22:15] /i fence
[13/08/2012 22:22:19] /t
[13/08/2012 22:22:25] /i fence
[13/08/2012 22:22:43] /i electrical fence
[13/08/2012 22:23:11] /i 1544
[13/08/2012 22:23:15] /i 1545
[13/08/2012 22:23:18] /i 1545
[13/08/2012 22:23:27] /i 1545
[13/08/2012 22:23:29] /i 1545
[13/08/2012 22:23:34] /i 1545
[13/08/2012 22:23:45] /r
[13/08/2012 22:23:47] /clean
[13/08/2012 22:23:51] /r
[13/08/2012 22:23:53] /r
[13/08/2012 22:23:54] /r
[13/08/2012 22:23:54] /r
[13/08/2012 22:23:55] /r
[13/08/2012 22:23:56] /r
[13/08/2012 22:23:57] /r
[13/08/2012 22:24:00] /r
[13/08/2012 22:24:01] /r
[13/08/2012 22:24:02] /r
[13/08/2012 22:24:04] /r
[13/08/2012 22:24:05] /r
[13/08/2012 22:24:09] /r
[13/08/2012 22:24:10] /r
[13/08/2012 22:24:31] /i black marble floor
[13/08/2012 22:24:34] /i black marble tile
[13/08/2012 22:24:36] /i black marble tile
[13/08/2012 22:24:40] /i black marble tile
[13/08/2012 22:24:41] /i black marble tile
[13/08/2012 22:24:42] /i black marble tile
[13/08/2012 22:24:44] /i black marble tile
[13/08/2012 22:24:46] /i black marble tile
[13/08/2012 22:24:48] /i black marble tile
[13/08/2012 22:24:54] /i 1455
[13/08/2012 22:25:00] /i 1455
[13/08/2012 22:25:03] /i 1455
[13/08/2012 22:25:07] /i 1455
[13/08/2012 22:25:13] /i 1456
[13/08/2012 22:25:15] /r
[13/08/2012 22:25:18] /i 1454
[13/08/2012 22:25:23] /i 1454
[13/08/2012 22:25:24] /i 1454
[13/08/2012 22:25:26] /i 1454
[13/08/2012 22:25:28] /i 1454
[13/08/2012 22:25:31] /r
[13/08/2012 22:26:02] /i 1544
[13/08/2012 22:26:05] /i 1544
[13/08/2012 22:26:07] /i 1544
[13/08/2012 22:26:10] /i 1544
[13/08/2012 22:26:12] /i 1544
[13/08/2012 22:26:15] /i 1544
[13/08/2012 22:26:20] /r
[13/08/2012 22:26:25] /r
[13/08/2012 22:26:38] /i 1544
[13/08/2012 22:26:41] /i 1544
[13/08/2012 22:26:47] /i 1544
[13/08/2012 22:26:49] /i 1544
[13/08/2012 22:27:25] /c zatacka
[13/08/2012 22:28:07] /i dick
[13/08/2012 22:28:11] /i cock
[13/08/2012 22:28:14] /i pit
[13/08/2012 22:28:35] /m fucker
[13/08/2012 22:28:36] /m fucker
[13/08/2012 22:28:37] /m fucker
[13/08/2012 22:28:40] /m fucker
[13/08/2012 22:28:44] /ghost
[13/08/2012 22:28:47] /a 1
[13/08/2012 22:28:52] /ghost
[13/08/2012 22:28:55] /m fucker
[13/08/2012 22:28:59] /m fucker
[13/08/2012 22:29:06] /m fucker
[13/08/2012 22:29:15] /i slynan
[13/08/2012 22:29:16] /i slyna
[13/08/2012 22:31:35] /i backpack
[13/08/2012 22:31:39] /i crystal coin
[13/08/2012 22:31:40] /i crystal coin
[13/08/2012 22:31:40] /i crystal coin
[13/08/2012 22:31:41] /i crystal coin
[13/08/2012 22:31:41] /i crystal coin
[13/08/2012 22:31:43] /i crystal coin
[13/08/2012 22:31:43] /i crystal coin
[13/08/2012 22:31:44] /i crystal coin
[13/08/2012 22:31:44] /i crystal coin
[13/08/2012 22:31:45] /i crystal coin
[13/08/2012 22:31:59] /i exp scroll
[13/08/2012 22:32:00] /i exp scroll
[13/08/2012 22:32:00] /i exp scroll
[13/08/2012 22:32:00] /i exp scroll
[13/08/2012 22:32:01] /i exp scroll
[13/08/2012 22:32:02] /i exp scroll
[13/08/2012 22:32:02] /i exp scroll
[13/08/2012 22:32:06] /i exp scroll
[13/08/2012 22:32:07] /i exp scroll
[13/08/2012 22:32:07] /i exp scroll
[13/08/2012 22:32:08] /i exp scroll
[13/08/2012 22:32:08] /i exp scroll
[13/08/2012 22:32:09] /i exp scroll
[13/08/2012 22:32:10] /i exp scroll
[13/08/2012 22:32:10] /i exp scroll
[13/08/2012 22:32:11] /i exp scroll
[13/08/2012 22:32:11] /i exp scroll
[13/08/2012 22:32:12] /i exp scroll
[13/08/2012 22:32:13] /i exp scroll
[13/08/2012 22:32:18] /r
[13/08/2012 22:32:18] /r
[13/08/2012 22:32:19] /r
[13/08/2012 22:32:20] /r
[13/08/2012 22:32:21] /r
[13/08/2012 22:32:21] /r
[13/08/2012 22:32:22] /r
[13/08/2012 22:33:59] /i crystal coin
[13/08/2012 22:34:00] /i crystal coin
[13/08/2012 22:34:01] /i crystal coin
[13/08/2012 22:34:01] /i crystal coin
[13/08/2012 22:34:45] /i backpack
[13/08/2012 22:37:42] /b all pheonixians ... we welcome you the new name !
[13/08/2012 22:38:42] /c zatacka
[13/08/2012 22:38:55] /r
[13/08/2012 22:39:22] /i 2569
[13/08/2012 22:39:30] /i 3569
[13/08/2012 22:39:33] /i 3569
[13/08/2012 22:39:35] /i 3569
[13/08/2012 22:39:37] /i 3569
[13/08/2012 22:39:42] /i 3569
[13/08/2012 22:39:44] /i 3569
[13/08/2012 22:40:00] /c zatacka
[13/08/2012 22:40:03] /i 3569
[13/08/2012 22:40:08] /c zatacka
[13/08/2012 22:40:17] /i 3569
[13/08/2012 22:40:40] /r
[13/08/2012 22:40:42] /r
[13/08/2012 22:40:43] /r
[13/08/2012 22:40:45] /r
[13/08/2012 22:40:47] /r
[13/08/2012 22:40:48] /r
[13/08/2012 22:41:38] /r
[13/08/2012 22:41:40] /r
[13/08/2012 22:41:44] /r
[13/08/2012 22:41:49] /r
[13/08/2012 22:41:50] /r
[13/08/2012 22:41:50] /r
[13/08/2012 22:41:51] /r
[13/08/2012 22:41:51] /r
[13/08/2012 22:41:52] /r
[13/08/2012 22:41:54] /r
[13/08/2012 22:41:58] /r
[13/08/2012 22:42:00] /r
[13/08/2012 22:42:01] /r
[13/08/2012 22:42:02] /r
[13/08/2012 22:42:03] /r
[13/08/2012 22:42:06] /r
[13/08/2012 22:42:14] /r
[13/08/2012 22:42:18] /r
[13/08/2012 22:42:26] /r
[13/08/2012 22:42:30] /r
[13/08/2012 22:42:32] /r
[13/08/2012 22:42:34] /r
[13/08/2012 22:42:36] /r
[13/08/2012 22:42:39] /r
[13/08/2012 22:42:40] /r
[13/08/2012 22:42:45] /c zatacka
[13/08/2012 22:42:46] /c zatacka
[13/08/2012 22:42:49] /r
[13/08/2012 22:42:52] /r
[13/08/2012 22:43:25] /i crystal coin
[13/08/2012 22:46:07] /b zatacka ,kuk
[13/08/2012 22:49:17] /goto zatacka
[13/08/2012 22:52:50] /i crystal coin
[13/08/2012 22:52:51] /i crystal coin
[13/08/2012 22:52:51] /i crystal coin
[13/08/2012 22:52:52] /i crystal coin
[13/08/2012 22:52:52] /i crystal coin
[13/08/2012 22:52:52] /i crystal coin
[13/08/2012 22:52:52] /i crystal coin
[13/08/2012 22:52:52] /i crystal coin
[13/08/2012 22:52:52] /i crystal coin
[13/08/2012 22:52:52] /i crystal coin
[13/08/2012 22:52:53] /i crystal coin
[13/08/2012 22:52:53] /i crystal coin
[13/08/2012 22:52:53] /i crystal coin
[13/08/2012 22:52:53] /i crystal coin
[13/08/2012 22:52:53] /i crystal coin
[13/08/2012 22:52:53] /i crystal coin
[13/08/2012 22:52:53] /i crystal coin
[13/08/2012 22:52:53] /i crystal coin
[13/08/2012 22:52:53] /i crystal coin
[13/08/2012 22:52:53] /i crystal coin
[13/08/2012 22:52:53] /i crystal coin
[13/08/2012 22:52:53] /i crystal coin
[13/08/2012 22:52:53] /i crystal coin
[13/08/2012 22:54:06] /owner Martians'VS'Goblins
[13/08/2012 22:54:11] /owner Martians'VS'Goblin
[13/08/2012 22:56:59] /owner Martians'VS'Goblin
[13/08/2012 22:57:01] /owner Martians'VS'Goblin
[13/08/2012 22:57:10] /owner Martians'vs'goblins
[13/08/2012 22:57:18] /owner Martian'vs'goblins
[13/08/2012 22:58:15] /i 3859
[13/08/2012 22:58:29] /i 3854
[13/08/2012 22:58:32] /i 3859
[13/08/2012 22:58:34] /i 3858
[13/08/2012 22:58:40] /r
[13/08/2012 22:58:42] /r
[13/08/2012 22:58:55] /i 3857
[13/08/2012 22:58:58] /i 3856
[13/08/2012 22:59:59] /r
[13/08/2012 23:01:25] /i 3216
[13/08/2012 23:01:26] /i 3216
[13/08/2012 23:01:27] /i 3216
[13/08/2012 23:01:28] /i 3216
[13/08/2012 23:01:29] /i 3216
[13/08/2012 23:01:31] /i 3216
[13/08/2012 23:01:32] /i 3216
[13/08/2012 23:01:33] /i 3216
[13/08/2012 23:01:33] /i 3216
[13/08/2012 23:01:34] /i 3216
[13/08/2012 23:01:35] /i 3216
[13/08/2012 23:01:36] /i 3216
[13/08/2012 23:01:37] /i 3216
[13/08/2012 23:01:38] /i 3216
[13/08/2012 23:01:38] /i 3216
[13/08/2012 23:01:39] /i 3216
[13/08/2012 23:01:41] /i 3216
[13/08/2012 23:01:42] /i 3216
[13/08/2012 23:01:43] /i 3216
[13/08/2012 23:02:04] /i 1658
[13/08/2012 23:02:13] /i 1658
[13/08/2012 23:02:15] /i 1658
[13/08/2012 23:02:18] /r
[13/08/2012 23:02:21] /i 1658
[13/08/2012 23:02:24] /i 1658
[13/08/2012 23:02:25] /i 1658
[13/08/2012 23:02:26] /i 1658
[13/08/2012 23:02:27] /i 1658
[13/08/2012 23:02:28] /i 1658
[13/08/2012 23:02:33] /r
[13/08/2012 23:02:38] /i 1659
[13/08/2012 23:02:40] /i 1659
[13/08/2012 23:02:40] /i 1659
[13/08/2012 23:02:41] /i 1659
[13/08/2012 23:02:43] /i 1659
[13/08/2012 23:02:44] /i 1659
[13/08/2012 23:02:45] /i 1659
[13/08/2012 23:02:47] /i 1659
[13/08/2012 23:02:49] /i 1659
[13/08/2012 23:02:52] /i 1657
[13/08/2012 23:02:59] /i 1657
[13/08/2012 23:03:00] /i 1657
[13/08/2012 23:03:01] /i 1657
[13/08/2012 23:03:08] /r
[13/08/2012 23:03:10] /r
[13/08/2012 23:03:12] /r
[13/08/2012 23:03:18] /i table
[13/08/2012 23:03:22] /r
[13/08/2012 23:03:25] /r
[13/08/2012 23:03:28] /i table
[13/08/2012 23:03:29] /i table
[13/08/2012 23:03:34] /r
[13/08/2012 23:03:36] /r
[13/08/2012 23:03:44] /i 3519
[13/08/2012 23:04:00] /i hookah
[13/08/2012 23:04:03] /i hookah
[13/08/2012 23:04:06] /i hoka
[13/08/2012 23:04:07] /i hokah
[13/08/2012 23:04:10] /i waterpipe
[13/08/2012 23:04:13] /i water pipe
[13/08/2012 23:04:19] /i hookah
[13/08/2012 23:04:25] /i pipe
[13/08/2012 23:04:29] /i smoke
[13/08/2012 23:04:32] /r
[13/08/2012 23:04:36] /i cigarette
[13/08/2012 23:05:06] /t
[13/08/2012 23:05:18] /i round table
[13/08/2012 23:05:24] /i square table
[13/08/2012 23:05:27] /r
[13/08/2012 23:05:33] /i square table
[13/08/2012 23:05:37] /i square tab
[13/08/2012 23:05:45] /i 1614
[13/08/2012 23:05:48] /r
[13/08/2012 23:05:50] /r
[13/08/2012 23:05:53] /i 1616
[13/08/2012 23:05:58] /i 1616
[13/08/2012 23:05:59] /i 1616
[13/08/2012 23:06:01] /i 1616
[13/08/2012 23:06:03] /i 1616
[13/08/2012 23:06:04] /i 1616
[13/08/2012 23:06:05] /i 1616
[13/08/2012 23:06:06] /i 1616
[13/08/2012 23:06:12] /i 1616
[13/08/2012 23:06:13] /i 1616
[13/08/2012 23:06:14] /i 1616
[13/08/2012 23:06:16] /i 1616
[13/08/2012 23:06:17] /i 1616
[13/08/2012 23:06:17] /i 1616
[13/08/2012 23:06:19] /i 1616
[13/08/2012 23:06:19] /i 1616
[13/08/2012 23:06:28] /r
[13/08/2012 23:06:35] /i grapes
[13/08/2012 23:06:40] /i grapes
[13/08/2012 23:06:41] /i grapes
[13/08/2012 23:06:42] /i grapes
[13/08/2012 23:06:43] /i grapes
[13/08/2012 23:06:44] /i grapes
[13/08/2012 23:06:44] /i grapes
[13/08/2012 23:06:46] /i grapes
[13/08/2012 23:06:46] /i grapes
[13/08/2012 23:06:47] /i grapes
[13/08/2012 23:06:49] /i grapes
[13/08/2012 23:06:50] /i grapes
[13/08/2012 23:06:51] /i grapes
[13/08/2012 23:06:52] /i grapes
[13/08/2012 23:06:53] /i grapes
[13/08/2012 23:07:05] /i 1499
[13/08/2012 23:07:07] /i 1499
[13/08/2012 23:07:09] /i 1499
[13/08/2012 23:07:11] /i 1499
[13/08/2012 23:07:20] /i cigarette
[13/08/2012 23:07:21] /i cigarette
[13/08/2012 23:07:23] /i cigarette
[13/08/2012 23:07:24] /i cigarette
[13/08/2012 23:07:25] /i cigarette
[13/08/2012 23:07:25] /i cigarette
[13/08/2012 23:07:27] /i cigarette
[13/08/2012 23:07:27] /i cigarette
[13/08/2012 23:07:28] /i cigarette
[13/08/2012 23:07:29] /i cigarette
[13/08/2012 23:07:30] /i cigarette
[13/08/2012 23:07:31] /i cigarette
[13/08/2012 23:07:33] /i cigarette
[13/08/2012 23:07:34] /i cigarette
[13/08/2012 23:07:39] /i lighter
[13/08/2012 23:07:45] /i light
[13/08/2012 23:07:46] /i light
[13/08/2012 23:08:08] /i square table
[13/08/2012 23:08:10] /i square table
[13/08/2012 23:08:18] /i cigarette
[13/08/2012 23:08:20] /i cigarette
[13/08/2012 23:08:21] /i cigarette
[13/08/2012 23:08:24] /i cigarette
[13/08/2012 23:08:25] /i cigarette
[13/08/2012 23:08:25] /i cigarette
[13/08/2012 23:08:29] /i cigarette
[13/08/2012 23:08:29] /i cigarette
[13/08/2012 23:08:30] /i cigarette
[13/08/2012 23:08:31] /i cigarette
[13/08/2012 23:08:45] /i northwind rod
[13/08/2012 23:08:46] /i northwind rod
[13/08/2012 23:08:47] /i northwind rod
[13/08/2012 23:08:48] /i northwind rod
[13/08/2012 23:08:49] /i northwind rod
[13/08/2012 23:08:49] /i northwind rod
[13/08/2012 23:08:50] /i northwind rod
[13/08/2012 23:08:51] /i northwind rod
[13/08/2012 23:08:52] /i northwind rod
[13/08/2012 23:08:53] /i northwind rod
[13/08/2012 23:09:00] /i forever aol
[13/08/2012 23:09:01] /i forever aol
[13/08/2012 23:09:03] /i forever aol
[13/08/2012 23:09:05] /i forever aol
[13/08/2012 23:09:06] /i forever aol
[13/08/2012 23:09:07] /i forever aol
[13/08/2012 23:09:09] /i forever aol
[13/08/2012 23:09:10] /i forever aol
[13/08/2012 23:09:11] /i forever aol
[13/08/2012 23:09:12] /i forever aol
[13/08/2012 23:09:13] /i forever aol
[13/08/2012 23:10:01] /i blue ice cube
[13/08/2012 23:10:07] /i ice cube
[13/08/2012 23:10:08] /i ice cube
[13/08/2012 23:10:08] /i ice cube
[13/08/2012 23:10:09] /i ice cube
[13/08/2012 23:10:10] /i ice cube
[13/08/2012 23:10:10] /i ice cube
[13/08/2012 23:10:11] /i ice cube
[13/08/2012 23:10:12] /i ice cube
[13/08/2012 23:10:13] /i ice cube
[13/08/2012 23:10:14] /i ice cube
[13/08/2012 23:10:43] /i red
[13/08/2012 23:10:48] /i fire
[13/08/2012 23:10:51] /i fire
[13/08/2012 23:10:52] /i fire
[13/08/2012 23:10:52] /i fire
[13/08/2012 23:10:53] /i fire
[13/08/2012 23:11:02] /i fire
[13/08/2012 23:11:16] /r
[13/08/2012 23:12:23] /i blue fire
[13/08/2012 23:12:27] /i red fire
[13/08/2012 23:12:35] /i smoke
[13/08/2012 23:12:36] /i smoke
[13/08/2012 23:12:37] /i smoke
[13/08/2012 23:12:38] /i smoke
[13/08/2012 23:12:38] /i smoke
[13/08/2012 23:12:43] /r
[13/08/2012 23:12:44] /r
[13/08/2012 23:12:45] /r
[13/08/2012 23:12:48] /r
[13/08/2012 23:12:52] /r
[13/08/2012 23:12:54] /r
[13/08/2012 23:13:00] /r
[13/08/2012 23:13:27] /i red soffa
[13/08/2012 23:13:28] /i red soffa
[13/08/2012 23:13:30] /i red sofa
[13/08/2012 23:13:33] /i red sofa
[13/08/2012 23:13:53] /t
[13/08/2012 23:14:08] /i 5070
[13/08/2012 23:14:10] /i 5070
[13/08/2012 23:14:11] /i 5070
[13/08/2012 23:14:12] /i 5070
[13/08/2012 23:14:14] /i 5070
[13/08/2012 23:14:21] /i 5070
[13/08/2012 23:14:23] /i 5070
[13/08/2012 23:14:28] /i 5070
[13/08/2012 23:14:32] /i 5070
[13/08/2012 23:14:38] /i 5070
[13/08/2012 23:14:40] /i 5070
[13/08/2012 23:14:43] /i 5070
[13/08/2012 23:14:45] /i 5070
[13/08/2012 23:14:48] /i 5070
[13/08/2012 23:14:50] /i 5070
[13/08/2012 23:14:54] /i 5070
[13/08/2012 23:14:56] /i 5070
[13/08/2012 23:14:59] /i 5070
[13/08/2012 23:15:06] /i 5070
[13/08/2012 23:15:08] /i 5070
[13/08/2012 23:15:09] /i 5070
[13/08/2012 23:15:10] /i 5070
[13/08/2012 23:15:12] /i 5070
[13/08/2012 23:15:13] /i 5070
[13/08/2012 23:15:15] /i 5070
[13/08/2012 23:15:17] /i 5070
[13/08/2012 23:15:18] /i 5070
[13/08/2012 23:16:05] /i lava wall
[13/08/2012 23:16:09] /i lava wall
[13/08/2012 23:16:11] /r
[13/08/2012 23:16:17] /i 5064
[13/08/2012 23:16:21] /i 5064
[13/08/2012 23:16:23] /i 5064
[13/08/2012 23:16:27] /i 5064
[13/08/2012 23:16:31] /i 5064
[13/08/2012 23:16:33] /i 5064
[13/08/2012 23:16:34] /i 5064
[13/08/2012 23:16:36] /i 5064
[13/08/2012 23:16:41] /i 5064
[13/08/2012 23:16:42] /i 5064
[13/08/2012 23:16:43] /i 5064
[13/08/2012 23:16:44] /i 5064
[13/08/2012 23:16:45] /i 5064
[13/08/2012 23:16:46] /i 5064
[13/08/2012 23:16:47] /i 5064
[13/08/2012 23:16:48] /i 5064
[13/08/2012 23:16:49] /i 5064
[13/08/2012 23:16:49] /i 5064
[13/08/2012 23:16:55] /r
[13/08/2012 23:17:24] /t
[13/08/2012 23:17:37] /i 12471
[13/08/2012 23:17:44] /r
[13/08/2012 23:17:45] /r
[13/08/2012 23:17:46] /r
[13/08/2012 23:17:47] /r
[13/08/2012 23:17:53] /i fire
[13/08/2012 23:18:00] /i eletric sparks
[13/08/2012 23:18:02] /i eletric sparks
[13/08/2012 23:18:13] /i 5070
[13/08/2012 23:18:20] /i 5064
[13/08/2012 23:18:28] /i 12470
[13/08/2012 23:18:31] /i 12470
[13/08/2012 23:18:32] /i 12470
[13/08/2012 23:18:33] /i 12470
[13/08/2012 23:18:33] /i 12470
[13/08/2012 23:18:34] /i 12470
[13/08/2012 23:18:37] /r
[13/08/2012 23:19:07] /i black marble tile
[13/08/2012 23:19:08] /i black marble tile
[13/08/2012 23:19:09] /i black marble tile
[13/08/2012 23:19:10] /i black marble tile
[13/08/2012 23:19:11] /i black marble tile
[13/08/2012 23:19:12] /i black marble tile
[13/08/2012 23:19:14] /i black marble tile
[13/08/2012 23:19:15] /i black marble tile
[13/08/2012 23:19:16] /i black marble tile
[13/08/2012 23:19:16] /i black marble tile
[13/08/2012 23:19:18] /i black marble tile
[13/08/2012 23:19:18] /i black marble tile
[13/08/2012 23:19:19] /i black marble tile
[13/08/2012 23:19:20] /i black marble tile
[13/08/2012 23:19:21] /i black marble tile
[13/08/2012 23:19:22] /i black marble tile
[13/08/2012 23:19:24] /i black marble tile
[13/08/2012 23:19:25] /i black marble tile
[13/08/2012 23:19:27] /i black marble tile
[13/08/2012 23:19:28] /i black marble tile
[13/08/2012 23:19:29] /i black marble tile
[13/08/2012 23:19:30] /i black marble tile
[13/08/2012 23:19:31] /i black marble tile
[13/08/2012 23:19:32] /i black marble tile
[13/08/2012 23:19:33] /i black marble tile
[13/08/2012 23:19:34] /i black marble tile
[13/08/2012 23:19:35] /i black marble tile
[13/08/2012 23:19:37] /i black marble tile
[13/08/2012 23:19:38] /i black marble tile
[13/08/2012 23:19:40] /i black marble tile
[13/08/2012 23:19:41] /i black marble tile
[13/08/2012 23:19:41] /i black marble tile
[13/08/2012 23:19:42] /i black marble tile
[13/08/2012 23:19:45] /i black marble tile
[13/08/2012 23:19:46] /i black marble tile
[13/08/2012 23:19:47] /i black marble tile
[13/08/2012 23:19:48] /i black marble tile
[13/08/2012 23:19:49] /i black marble tile
[13/08/2012 23:19:50] /i black marble tile
[13/08/2012 23:19:55] /i black marble tile
[13/08/2012 23:19:57] /i black marble tile
[13/08/2012 23:19:59] /i black marble tile
[13/08/2012 23:20:01] /i black marble tile
[13/08/2012 23:20:01] /i black marble tile
[13/08/2012 23:20:02] /i black marble tile
[13/08/2012 23:20:03] /i black marble tile
[13/08/2012 23:20:05] /i black marble tile
[13/08/2012 23:20:07] /i black marble tile
[13/08/2012 23:20:07] /i black marble tile
[13/08/2012 23:20:08] /i black marble tile
[13/08/2012 23:20:09] /i black marble tile
[13/08/2012 23:20:11] /i black marble tile
[13/08/2012 23:20:11] /i black marble tile
[13/08/2012 23:20:12] /i black marble tile
[13/08/2012 23:20:13] /i black marble tile
[13/08/2012 23:20:14] /i black marble tile
[13/08/2012 23:20:17] /i black marble tile
[13/08/2012 23:20:19] /i black marble tile
[13/08/2012 23:20:21] /i black marble tile
[13/08/2012 23:20:26] /i black marble tile
[13/08/2012 23:20:38] /i white marble tile
[13/08/2012 23:20:39] /i white marble tile
[13/08/2012 23:20:44] /i black marble tile
[13/08/2012 23:20:45] /i black marble tile
[13/08/2012 23:20:46] /i black marble tile
[13/08/2012 23:20:47] /i black marble tile
[13/08/2012 23:20:48] /i black marble tile
[13/08/2012 23:20:52] /i black marble tile
[13/08/2012 23:20:52] /i black marble tile
[13/08/2012 23:20:54] /i black marble tile
[13/08/2012 23:21:36] /i pond
[13/08/2012 23:21:38] /i pond
[13/08/2012 23:21:50] /i  3569
[13/08/2012 23:21:53] /i  3569
[13/08/2012 23:21:57] /i  3569
[13/08/2012 23:22:00] /i  3569
[13/08/2012 23:22:02] /i  3569
[13/08/2012 23:22:08] /i  3569
[13/08/2012 23:22:14] /i  3569
[13/08/2012 23:22:20] /r
[13/08/2012 23:22:22] /r
[13/08/2012 23:23:13] /r
[13/08/2012 23:23:18] /i  1822
[13/08/2012 23:23:20] /i  1822
[13/08/2012 23:23:21] /i  1822
[13/08/2012 23:24:16] /i strange carving
[13/08/2012 23:24:19] /i strange carving
[13/08/2012 23:24:20] /i strange carving
[13/08/2012 23:24:30] /i 3171
[13/08/2012 23:24:38] /i 9871
[13/08/2012 23:24:43] /r
[13/08/2012 23:24:44] /r
[13/08/2012 23:24:45] /r
[13/08/2012 23:24:58] /i 9871
[13/08/2012 23:25:04] /i 9871
[13/08/2012 23:25:09] /i dead rat
[13/08/2012 23:25:13] /r
[13/08/2012 23:25:16] /r
[13/08/2012 23:25:18] /i dead king
[13/08/2012 23:25:24] /i dead rat
[13/08/2012 23:25:26] /i dead rat
[13/08/2012 23:25:28] /i dead rat
[13/08/2012 23:26:45] /a 3
[13/08/2012 23:28:19] /t
[13/08/2012 23:28:48] /clean
[13/08/2012 23:29:16] /m goblin
[13/08/2012 23:29:17] /m goblin
[13/08/2012 23:29:18] /m goblin
[13/08/2012 23:29:21] /m martian
[13/08/2012 23:29:22] /m martians
[13/08/2012 23:29:24] /m goblin
[13/08/2012 23:29:25] /m goblin
[13/08/2012 23:29:33] /m goblin
[13/08/2012 23:29:35] /m goblin
[13/08/2012 23:29:36] /m goblin
[13/08/2012 23:29:37] /m goblin
[13/08/2012 23:29:42] /m goblin
[13/08/2012 23:29:44] /m goblin
[13/08/2012 23:29:46] /m goblin
[13/08/2012 23:30:28] /i dead ghost
[13/08/2012 23:30:33] /i magic
[13/08/2012 23:30:36] /i lol
[13/08/2012 23:30:39] /i cat
[13/08/2012 23:30:46] /i mammoth statue
[13/08/2012 23:30:50] /i mammoth ice statue
[13/08/2012 23:30:55] /i ice statue
[13/08/2012 23:30:59] /i statue
[13/08/2012 23:31:05] /i statue
[13/08/2012 23:31:10] /r
[13/08/2012 23:31:11] /r
[13/08/2012 23:31:20] /i big chair
[13/08/2012 23:31:39] /i exp scroll
[13/08/2012 23:31:39] /i exp scroll
[13/08/2012 23:31:40] /i exp scroll
[13/08/2012 23:31:41] /i exp scroll
[13/08/2012 23:31:42] /i exp scroll
[13/08/2012 23:31:43] /i exp scroll
[13/08/2012 23:31:44] /i exp scroll
[13/08/2012 23:31:44] /i exp scroll
[13/08/2012 23:31:45] /i exp scroll
[13/08/2012 23:31:46] /i exp scroll
[14/08/2012 15:57:33] /i 5060
[14/08/2012 15:57:42] /i 5060
[14/08/2012 15:57:49] /i 5068
[14/08/2012 15:57:51] /i 5068
[14/08/2012 15:57:55] /i 5068
[14/08/2012 15:57:57] /i 5068
[14/08/2012 15:57:59] /i 5068
[14/08/2012 15:58:00] /i 5068
[14/08/2012 15:58:03] /i 5068
[14/08/2012 15:58:05] /i 5068
[14/08/2012 15:58:07] /i 5068
[14/08/2012 15:58:09] /i 5068
[14/08/2012 15:58:11] /i 5068
[14/08/2012 15:58:13] /i 5068
[14/08/2012 15:58:16] /i 5068
[14/08/2012 15:58:20] /i 5068
[14/08/2012 15:58:21] /i 5068
[14/08/2012 15:58:22] /i 5068
[14/08/2012 15:58:23] /i 5068
[14/08/2012 15:58:24] /i 5068
[14/08/2012 15:58:25] /i 5068
[14/08/2012 15:58:26] /i 5068
[14/08/2012 15:58:26] /i 5068
[14/08/2012 15:58:27] /i 5068
[14/08/2012 15:58:28] /i 5068
[14/08/2012 15:58:30] /i 5068
[14/08/2012 15:58:31] /i 5068
[14/08/2012 15:58:32] /i 5068
[14/08/2012 15:58:33] /i 5068
[14/08/2012 15:58:33] /i 5068
[14/08/2012 15:58:34] /i 5068
[14/08/2012 15:58:48] /i 5064
[14/08/2012 15:58:50] /i 5064
[14/08/2012 15:58:52] /i 5064
[14/08/2012 15:58:53] /i 5064
[14/08/2012 15:58:55] /i 5064
[14/08/2012 15:58:57] /i 5064
[14/08/2012 15:58:59] /i 5064
[14/08/2012 15:59:00] /i 5064
[14/08/2012 15:59:03] /i 5064
[14/08/2012 15:59:06] /i 5064
[14/08/2012 15:59:08] /i 5064
[14/08/2012 15:59:09] /i 5064
[14/08/2012 15:59:13] /i 5064
[14/08/2012 15:59:16] /i 5064
[14/08/2012 15:59:24] /i 5064
[14/08/2012 15:59:25] /i 5064
[14/08/2012 15:59:27] /i 5064
[14/08/2012 15:59:27] /i 5064
[14/08/2012 15:59:28] /i 5064
[14/08/2012 15:59:41] /t
[14/08/2012 16:00:06] /i 12471
[14/08/2012 16:00:11] /i 1246
[14/08/2012 16:00:15] /r
[14/08/2012 16:00:22] /r
[14/08/2012 16:00:23] /r
[14/08/2012 16:00:24] /r
[14/08/2012 16:00:25] /r
[14/08/2012 16:00:31] /i fire
[14/08/2012 16:00:44] /i 5068
[14/08/2012 16:00:48] /i fire
[14/08/2012 16:00:49] /i 5068
[14/08/2012 16:00:54] /i 5064
[14/08/2012 16:00:55] /i 5064
[14/08/2012 16:01:12] /up 5
[14/08/2012 16:01:30] /i 12475
[14/08/2012 16:01:33] /r
[14/08/2012 16:01:35] /t
[14/08/2012 16:02:05] /i 12471
[14/08/2012 16:02:07] /i 12471
[14/08/2012 16:02:08] /i 12471
[14/08/2012 16:02:09] /i 12471
[14/08/2012 16:02:10] /i 12471
[14/08/2012 16:02:35] /r
[14/08/2012 16:02:36] /r
[14/08/2012 16:02:37] /r
[14/08/2012 16:02:37] /r
[14/08/2012 16:02:39] /r
[14/08/2012 16:02:40] /r
[14/08/2012 16:02:41] /r
[14/08/2012 16:03:04] /r
[14/08/2012 16:03:13] /attr group "0
[14/08/2012 16:03:15] /attr group "0
[14/08/2012 16:03:18] /r
[14/08/2012 16:03:20] /r
[14/08/2012 16:03:22] /r
[14/08/2012 16:03:45] /c lord teluh
[14/08/2012 16:03:49] /c lord teluh
[14/08/2012 16:03:57] /attr group "5
[14/08/2012 16:04:08] /r
[14/08/2012 16:04:10] /r
[14/08/2012 16:04:11] /r
[14/08/2012 16:04:26] /r 100
[14/08/2012 16:04:29] /r 100
[14/08/2012 16:04:31] /r 100
[14/08/2012 16:04:32] /r 100
[14/08/2012 16:04:33] /r 100
[14/08/2012 16:04:35] /r 100
[14/08/2012 16:05:54] /attr group "0
[14/08/2012 16:08:05] /attr group "8
[14/08/2012 16:08:08] /attr group "8
[14/08/2012 16:08:17] /attr group "8
[14/08/2012 16:08:21] /attr group "8
[14/08/2012 16:08:26] /attr group "8
[14/08/2012 16:09:05] /attr group "1
[14/08/2012 16:09:45] /attr group "1
[14/08/2012 16:10:35] /c lord teluh
[14/08/2012 16:10:38] /attr group "1
[14/08/2012 16:10:55] /r
[14/08/2012 16:11:35] /c lord teluh
[14/08/2012 16:11:43] /attr group "5
[14/08/2012 16:12:35] /reload
[14/08/2012 16:12:59] /shutdown
[15/08/2012 13:27:25] /r
[15/08/2012 13:27:26] /r
[15/08/2012 13:27:27] /r
[15/08/2012 13:27:27] /r
[15/08/2012 13:27:27] /r
[15/08/2012 13:27:28] /r
[15/08/2012 13:27:28] /r
[15/08/2012 13:27:28] /r
[15/08/2012 13:27:28] /r
[15/08/2012 13:27:28] /r
[15/08/2012 13:27:29] /r
[15/08/2012 13:27:29] /r
[15/08/2012 13:27:29] /r
[15/08/2012 13:27:30] /r
[15/08/2012 13:27:30] /r
[15/08/2012 13:27:30] /r
[15/08/2012 13:27:31] /r
[15/08/2012 13:27:31] /r
[15/08/2012 13:27:32] /r
[15/08/2012 13:27:32] /r
[15/08/2012 13:27:32] /r
[15/08/2012 13:27:33] /r
[15/08/2012 13:27:37] /r
[15/08/2012 13:27:38] /r
[15/08/2012 13:27:38] /r
[15/08/2012 13:27:39] /r
[15/08/2012 13:27:39] /r
[15/08/2012 13:27:39] /r
[15/08/2012 13:27:39] /r
[15/08/2012 13:27:39] /r
[15/08/2012 13:27:40] /r
[15/08/2012 13:27:40] /r
[15/08/2012 13:27:40] /r
[15/08/2012 13:27:40] /r
[15/08/2012 13:27:40] /r
[15/08/2012 13:27:41] /r
[15/08/2012 13:27:41] /r
[15/08/2012 13:27:41] /r
[15/08/2012 13:27:41] /r
[15/08/2012 13:27:44] /r
[15/08/2012 13:27:44] /r
[15/08/2012 13:27:45] /r
[15/08/2012 13:27:45] /r
[15/08/2012 13:27:45] /r
[15/08/2012 13:27:45] /r
[15/08/2012 13:27:45] /r
[15/08/2012 13:27:46] /r
[15/08/2012 13:27:46] /r
[15/08/2012 13:27:46] /r
[15/08/2012 13:27:46] /r
[15/08/2012 13:27:49] /r 100
[15/08/2012 13:27:53] /r
[15/08/2012 13:27:54] /r
[15/08/2012 13:27:55] /r
[15/08/2012 13:28:00] /r 100
[15/08/2012 13:28:01] /r 100
[15/08/2012 13:28:02] /r 100
[15/08/2012 13:28:05] /r 100
[15/08/2012 13:28:06] /r 100
[15/08/2012 13:28:06] /r 100
[15/08/2012 13:28:08] /r 100
[15/08/2012 13:28:09] /r 100
[15/08/2012 13:28:11] /r 100
[15/08/2012 13:28:12] /r 100
[15/08/2012 13:28:13] /r 100
[16/08/2012 18:39:40] /t
[16/08/2012 18:42:35] /b zatacka ,kuk
[16/08/2012 18:45:03] /bc
[16/08/2012 18:45:06] /bc zatacka
[16/08/2012 18:45:46] /bc
[16/08/2012 18:46:27] /i red thorn
[16/08/2012 18:46:32] /i red stone chair
[16/08/2012 18:46:40] /i Guild chair
[16/08/2012 18:46:42] /i Guild 
[16/08/2012 18:46:45] /i gog
[16/08/2012 18:46:53] /i red skin sofa
[16/08/2012 18:46:55] /i red skinsofa
[16/08/2012 18:47:15] /i black marble tile
[16/08/2012 18:47:16] /i black marble tile
[16/08/2012 18:47:17] /i black marble tile
[16/08/2012 18:47:18] /i black marble tile
[16/08/2012 18:47:20] /i black marble tile
[16/08/2012 18:47:21] /i black marble tile
[16/08/2012 18:47:22] /i black marble tile
[16/08/2012 18:47:23] /i black marble tile
[16/08/2012 18:47:25] /i black marble tile
[16/08/2012 18:47:27] /i black marble tile
[16/08/2012 18:47:28] /i black marble tile
[16/08/2012 18:47:30] /i black marble tile
[16/08/2012 18:47:36] /i table
[16/08/2012 18:47:38] /r
[16/08/2012 18:47:46] /i small table
[16/08/2012 18:47:49] /i small table
[16/08/2012 18:47:50] /i small table
[16/08/2012 18:47:51] /i small table
[16/08/2012 18:47:52] /i small table
[16/08/2012 18:47:53] /i small table
[16/08/2012 18:47:54] /i small table
[16/08/2012 18:47:55] /i small table
[16/08/2012 18:47:58] /i small table
[16/08/2012 18:47:59] /i small table
[16/08/2012 18:48:07] /i sofa
[16/08/2012 18:48:09] /i sofa
[16/08/2012 18:48:11] /r
[16/08/2012 18:48:12] /r
[16/08/2012 18:48:15] /i chair
[16/08/2012 18:48:35] /i 1668
[16/08/2012 18:48:39] /i 1667
[16/08/2012 18:48:43] /i 1669
[16/08/2012 18:48:45] /i 1666
[16/08/2012 18:48:49] /r
[16/08/2012 18:48:50] /r
[16/08/2012 18:48:51] /r
[16/08/2012 18:48:52] /r
[16/08/2012 18:49:00] /i 1666
[16/08/2012 18:49:01] /i 1666
[16/08/2012 18:49:03] /i 1666
[16/08/2012 18:49:03] /i 1666
[16/08/2012 18:49:04] /i 1666
[16/08/2012 18:49:05] /i 1666
[16/08/2012 18:49:06] /i 1666
[16/08/2012 18:49:07] /i 1666
[16/08/2012 18:49:11] /i 1667
[16/08/2012 18:49:13] /i 1667
[16/08/2012 18:49:13] /i 1667
[16/08/2012 18:49:14] /i 1667
[16/08/2012 18:49:15] /i 1667
[16/08/2012 18:49:16] /i 1667
[16/08/2012 18:49:17] /i 1667
[16/08/2012 18:49:18] /i 1667
[16/08/2012 18:49:22] /i cigarette
[16/08/2012 18:49:23] /i cigarette
[16/08/2012 18:49:25] /i cigarette
[16/08/2012 18:49:25] /i cigarette
[16/08/2012 18:49:26] /i cigarette
[16/08/2012 18:49:27] /i cigarette
[16/08/2012 18:49:28] /i cigarette
[16/08/2012 18:49:29] /i cigarette
[16/08/2012 18:49:30] /i cigarette
[16/08/2012 18:49:50] /i 1658
[16/08/2012 18:49:54] /i 1656
[16/08/2012 18:49:58] /i 1655
[16/08/2012 18:50:00] /i 1653
[16/08/2012 18:50:02] /i 1654
[16/08/2012 18:50:20] /i 1661
[16/08/2012 18:50:25] /i grapes
[16/08/2012 18:50:27] /i grapes
[16/08/2012 18:50:31] /i cigarette
[16/08/2012 18:50:33] /i cigarette
[16/08/2012 18:50:38] /r
[16/08/2012 18:50:41] /r
[16/08/2012 18:50:41] /r
[16/08/2012 18:50:42] /r
[16/08/2012 18:51:08] /i pineapple
[16/08/2012 18:51:24] /i golden apple
[16/08/2012 18:51:28] /i iphone
[16/08/2012 18:51:29] /i iphone
[16/08/2012 18:51:38] /i phone
[16/08/2012 18:51:52] /i mango
[16/08/2012 18:51:53] /i mango
[16/08/2012 18:51:55] /i mango
[16/08/2012 18:51:55] /i mango
[16/08/2012 18:51:56] /i mango
[16/08/2012 18:51:57] /i mango
[16/08/2012 18:51:58] /i mango
[16/08/2012 18:51:59] /i mango
[16/08/2012 18:52:14] /i cigarette
[16/08/2012 18:52:15] /i cigarette
[16/08/2012 18:52:16] /i cigarette
[16/08/2012 18:52:17] /i cigarette
[16/08/2012 18:52:18] /i cigarette
[16/08/2012 18:52:19] /i cigarette
[16/08/2012 18:52:19] /i cigarette
[16/08/2012 18:52:20] /i cigarette
[16/08/2012 18:52:28] /i 1498
[16/08/2012 18:52:31] /i 1498
[16/08/2012 18:52:33] /i 1497
[16/08/2012 18:52:35] /i 1496
[16/08/2012 18:52:38] /r
[16/08/2012 18:52:40] /i 1495
[16/08/2012 18:52:43] /r
[16/08/2012 18:53:00] /i 74100
[16/08/2012 18:53:02] /i 7410
[16/08/2012 18:53:05] /i 7411
[16/08/2012 18:53:07] /r
[16/08/2012 18:53:10] /r
[16/08/2012 18:53:13] /i 7412
[16/08/2012 18:53:16] /r
[16/08/2012 18:53:20] /i 7418
[16/08/2012 18:53:22] /r
[16/08/2012 18:53:28] /i 751
[16/08/2012 18:53:31] /i 7511
[16/08/2012 18:53:34] /r
[16/08/2012 18:53:36] /i 7512
[16/08/2012 18:53:38] /r
[16/08/2012 18:53:43] /i 7514
[16/08/2012 18:53:45] /r
[16/08/2012 18:53:48] /i 7517
[16/08/2012 18:53:51] /r
[16/08/2012 18:53:55] /i 7600
[16/08/2012 18:53:57] /r
[16/08/2012 18:54:01] /i 7601
[16/08/2012 18:54:06] /r
[16/08/2012 18:54:09] /i 7611
[16/08/2012 18:54:11] /r
[16/08/2012 18:54:16] /i 7700
[16/08/2012 18:54:18] /r
[16/08/2012 18:54:20] /i 7701
[16/08/2012 18:54:23] /i 7702
[16/08/2012 18:54:24] /i 7702
[16/08/2012 18:54:26] /i 7703
[16/08/2012 18:54:28] /i 7705
[16/08/2012 18:54:31] /i 7709
[16/08/2012 18:54:34] /i 7800
[16/08/2012 18:54:38] /i 7801
[16/08/2012 18:54:39] /i 7802
[16/08/2012 18:54:43] /r
[16/08/2012 18:54:44] /r
[16/08/2012 18:54:45] /r
[16/08/2012 18:54:47] /r
[16/08/2012 18:54:48] /r
[16/08/2012 18:54:49] /r
[16/08/2012 18:54:50] /r
[16/08/2012 18:54:53] /r
[16/08/2012 18:55:14] /a 1,bed
[16/08/2012 18:55:18] /c bed
[16/08/2012 18:55:38] /i 7815
[16/08/2012 18:55:52] /i 7815
[16/08/2012 18:55:56] /i 7814
[16/08/2012 18:55:59] /r
[16/08/2012 18:56:02] /r
[16/08/2012 18:56:04] /r
[16/08/2012 18:56:06] /r
[16/08/2012 18:56:13] /i 7815
[16/08/2012 18:56:15] /r
[16/08/2012 18:56:18] /i 7814
[16/08/2012 18:56:22] /r
[16/08/2012 18:56:24] /i 7814
[16/08/2012 18:56:42] /r
[16/08/2012 18:56:44] /i 7817
[16/08/2012 18:56:49] /i 7815
[16/08/2012 18:56:51] /i 7816
[16/08/2012 18:56:57] /r
[16/08/2012 18:57:01] /i 7816
[16/08/2012 18:57:04] /r
[16/08/2012 18:57:06] /i 7815
[16/08/2012 18:57:07] /i 7815
[16/08/2012 18:57:09] /r
[16/08/2012 18:57:11] /i 7816
[16/08/2012 18:57:27] /i 7816
[16/08/2012 18:57:29] /i 7816
[16/08/2012 18:57:31] /r
[16/08/2012 18:57:33] /i 7815
[16/08/2012 18:57:40] /i 7815
[16/08/2012 18:57:43] /i 7816
[16/08/2012 18:57:48] /i 7815
[16/08/2012 18:57:50] /i 7816
[16/08/2012 18:57:55] /i 7816
[16/08/2012 18:57:59] /i 7815
[16/08/2012 18:58:14] /i 7816
[16/08/2012 18:58:16] /i 7815
[16/08/2012 18:58:26] /i 7815
[16/08/2012 18:58:27] /i 7816
[16/08/2012 18:58:33] /i 7815
[16/08/2012 18:58:35] /i 7816
[16/08/2012 18:58:45] /i 7815
[16/08/2012 18:58:47] /i 7816
[16/08/2012 18:58:56] /i 7815
[16/08/2012 18:58:58] /i 7816
[16/08/2012 18:59:31] /i donation coin
[16/08/2012 18:59:38] /r
[16/08/2012 18:59:40] /r 100
[16/08/2012 18:59:42] /i rube
[16/08/2012 18:59:46] /i red rube
[16/08/2012 18:59:56] /goto jewerly
[16/08/2012 19:00:00] /i jewerly
[16/08/2012 19:01:03] /i backpack
[16/08/2012 19:01:16] /i shovel
[16/08/2012 19:01:21] /i rope
[16/08/2012 19:01:55] /i golden armor
[16/08/2012 19:02:15] /i furniture backpack
[16/08/2012 19:02:19] /i furniture pack
[16/08/2012 19:02:35] /i furniture backpack
[16/08/2012 19:03:00] /i 3907
[16/08/2012 19:03:15] /i wand of vortex
[16/08/2012 19:03:40] /i wand of vortex
[16/08/2012 19:03:43] /r
[16/08/2012 19:03:47] /i water-pipe
[16/08/2012 19:03:54] /i water-pipe
[16/08/2012 19:04:08] /r 100
[16/08/2012 19:04:10] /r 100
[16/08/2012 19:04:24] /i cigarette
[16/08/2012 19:04:34] /i water-pipe
[16/08/2012 19:04:37] /r
[16/08/2012 19:04:47] /i ice cube
[16/08/2012 19:04:48] /i ice cube
[16/08/2012 19:04:50] /i ice cube
[16/08/2012 19:04:52] /i ice cube
[16/08/2012 19:04:54] /i ice cube
[16/08/2012 19:04:55] /i ice cube
[16/08/2012 19:04:56] /i ice cube
[16/08/2012 19:04:57] /i ice cube
[16/08/2012 19:04:58] /i ice cube
[16/08/2012 19:04:59] /i ice cube
[16/08/2012 19:05:01] /i ice cube
[16/08/2012 19:05:02] /i ice cube
[16/08/2012 19:05:03] /i ice cube
[16/08/2012 19:05:04] /i ice cube
[16/08/2012 19:05:05] /i ice cube
[16/08/2012 19:05:06] /i ice cube
[16/08/2012 19:05:10] /r
[16/08/2012 19:05:11] /r
[16/08/2012 19:05:13] /r
[16/08/2012 19:05:14] /r
[16/08/2012 19:05:27] /i vip medal
[16/08/2012 19:05:29] /i vip medal
[16/08/2012 19:05:30] /i vip medal
[16/08/2012 19:05:31] /i vip medal
[16/08/2012 19:05:36] /i donatio0n coin
[16/08/2012 19:05:40] /i donation coin
[16/08/2012 19:05:41] /i donation coin
[16/08/2012 19:05:44] /r
[16/08/2012 19:05:45] /r
[16/08/2012 19:05:47] /r
[16/08/2012 19:05:52] /i 3519
[16/08/2012 19:06:01] /i donation wand
[16/08/2012 19:06:04] /i donation sword
[16/08/2012 19:06:09] /i donation armor
[16/08/2012 19:06:16] /i donation helmet
[16/08/2012 19:06:21] /i donation legs
[16/08/2012 19:06:24] /i donation boots
[16/08/2012 19:06:38] /i exp scroll
[16/08/2012 19:06:40] /i exp scroll
[16/08/2012 19:07:24] /i doantion manaurune
[16/08/2012 19:07:30] /i red pillow
[16/08/2012 19:07:31] /i red pillow
[16/08/2012 19:07:39] /i donation manarune
[16/08/2012 19:07:43] /i donation UH
[16/08/2012 19:08:01] /i red pillow
[16/08/2012 19:08:13] /i doantion sd
[16/08/2012 19:08:20] /i donation sd
[16/08/2012 19:08:24] /r 100
[16/08/2012 19:08:26] /r 100
[16/08/2012 19:08:34] /r 100
[16/08/2012 19:09:32] /i 1687
[16/08/2012 19:09:33] /i 1687
[16/08/2012 19:09:35] /i 1687
[16/08/2012 19:09:36] /i 1687
[16/08/2012 19:09:36] /i 1687
[16/08/2012 19:09:37] /i 1687
[16/08/2012 19:09:38] /i 1687
[16/08/2012 19:09:40] /i 1687
[16/08/2012 19:09:41] /i 1687
[16/08/2012 19:09:43] /i 1687
[16/08/2012 19:09:44] /i 1687
[16/08/2012 19:09:45] /i 1687
[16/08/2012 19:09:46] /i 1687
[16/08/2012 19:09:47] /i 1687
[16/08/2012 19:09:47] /i 1687
[16/08/2012 19:09:48] /i 1687
[16/08/2012 19:09:49] /i 1687
[16/08/2012 19:09:50] /i 1687
[16/08/2012 19:09:50] /i 1687
[16/08/2012 19:09:56] /i small rube
[16/08/2012 19:09:58] /i small ruby
[16/08/2012 19:10:46] /i small ruby
[16/08/2012 19:11:40] /r 100
[16/08/2012 19:11:40] /r 100
[16/08/2012 19:12:36] /r
[16/08/2012 19:12:38] /r
[16/08/2012 19:12:49] /i 1687
[16/08/2012 19:12:51] /i 1687
[16/08/2012 19:12:52] /i 1687
[16/08/2012 19:12:53] /i 1687
[16/08/2012 19:12:54] /i 1687
[16/08/2012 19:12:55] /i 1687
[16/08/2012 19:13:02] /i small ruby
[16/08/2012 19:13:21] /i packback
[16/08/2012 19:13:25] /i backpack
[16/08/2012 19:13:48] /i 1687
[16/08/2012 19:13:50] /i 1687
[16/08/2012 19:14:47] /i nortwind rod
[16/08/2012 19:14:54] /i northwind rod
[16/08/2012 19:14:55] /i northwind rod
[16/08/2012 19:14:56] /i northwind rod
[16/08/2012 19:15:01] /i northwind rod
[16/08/2012 19:15:04] /i northwind rod
[16/08/2012 19:15:06] /i northwind rod
[16/08/2012 19:15:08] /i northwind rod
[16/08/2012 19:15:10] /i northwind rod
[16/08/2012 19:15:12] /i northwind rod
[16/08/2012 19:15:15] /i northwind rod
[16/08/2012 19:15:16] /i northwind rod
[16/08/2012 19:17:09] /i frozen starlight
[16/08/2012 19:17:15] /i frozen starlight
[16/08/2012 19:17:16] /i frozen starlight
[16/08/2012 19:19:22] /down
[16/08/2012 19:38:28] /goto zatacka
[16/08/2012 19:38:36] /goto zatacka
[16/08/2012 19:38:38] /t
[16/08/2012 19:41:18] /i ice cube
[16/08/2012 19:41:24] /i donation shield
[16/08/2012 20:08:18] /goto zatacka
[16/08/2012 20:08:24] /t
[17/08/2012 00:07:56] /newtype 309 ,zatacka
[17/08/2012 00:49:28] /m exp bug
[17/08/2012 00:49:36] /m exp bugs
[17/08/2012 00:51:04] /goto zatacka
[17/08/2012 01:02:30] /t
[17/08/2012 01:02:55] /t
[17/08/2012 01:04:05] /t
[21/08/2012 15:20:55] /goto zatacja
[21/08/2012 15:20:59] /goto zatacka
[21/08/2012 15:30:07] /m training boy
[21/08/2012 15:30:08] /m training boy
[21/08/2012 15:30:10] /m training boy
[21/08/2012 15:30:11] /m training boy
[21/08/2012 15:30:12] /m training boy
[21/08/2012 15:30:13] /m training boy'
[21/08/2012 15:30:14] /m training boy'
[21/08/2012 15:30:16] /m training boy
[21/08/2012 15:30:16] /m training boy
[21/08/2012 15:30:17] /m training boy
[21/08/2012 15:45:58] /m
[21/08/2012 15:46:04] /m arainius
[21/08/2012 15:46:05] /m arainius
[21/08/2012 15:46:06] /m arainius
[21/08/2012 15:46:06] /m arainius
[21/08/2012 15:46:07] /m arainius
[21/08/2012 15:46:07] /m arainius
[21/08/2012 15:46:08] /m arainius
[21/08/2012 16:11:33] /goto zerxiz
[21/08/2012 16:11:44] /m rat
[21/08/2012 16:11:46] /m rat
[21/08/2012 16:12:47] /i ice cube
[21/08/2012 16:12:48] /i ice cube
[21/08/2012 16:12:50] /i ice cube
[21/08/2012 16:13:00] /i ice cube
[21/08/2012 16:13:00] /i ice cube
[21/08/2012 16:13:01] /i ice cube
[21/08/2012 16:13:01] /i ice cube
[21/08/2012 16:13:02] /i ice cube
[21/08/2012 16:13:02] /i ice cube
[21/08/2012 16:13:15] /i ice cube
[21/08/2012 16:13:15] /i ice cube
[21/08/2012 16:13:56] /r 100
[21/08/2012 16:13:56] /r 100
[21/08/2012 16:13:56] /r 100
[21/08/2012 16:13:56] /r 100
[21/08/2012 16:13:57] /r 100
[21/08/2012 16:13:57] /r 100
[21/08/2012 16:13:57] /r 100
[21/08/2012 16:13:58] /r 100
[21/08/2012 16:13:59] /r 100
[21/08/2012 16:13:59] /r 100
[21/08/2012 16:14:00] /r 100
[21/08/2012 16:14:00] /r 100
[21/08/2012 16:14:01] /r 100
[21/08/2012 16:14:01] /r 100
[21/08/2012 16:14:01] /r 100
[21/08/2012 16:14:01] /r 100
[21/08/2012 16:14:02] /r 100
[21/08/2012 16:14:02] /r 100
[21/08/2012 16:14:02] /r 100
[21/08/2012 16:14:03] /r 100
[21/08/2012 16:14:03] /r 100
[21/08/2012 16:14:03] /r 100
[21/08/2012 16:14:03] /r 100
[21/08/2012 16:14:04] /r 100
[21/08/2012 16:14:04] /r 100
[21/08/2012 16:14:04] /r 100
[21/08/2012 16:14:05] /r 100
[21/08/2012 16:14:06] /r 100
[21/08/2012 16:14:06] /r 100
[21/08/2012 16:14:06] /r 100
[21/08/2012 16:14:07] /r 100
[21/08/2012 16:14:07] /r 100
[21/08/2012 16:14:07] /r 100
[21/08/2012 16:14:08] /r 100
[21/08/2012 16:14:08] /r 100
[21/08/2012 16:14:08] /r 100
[21/08/2012 16:14:09] /r 100
[21/08/2012 16:14:09] /r 100
[21/08/2012 16:14:09] /r 100
[21/08/2012 16:14:10] /r 100
[21/08/2012 16:14:10] /r 100
[21/08/2012 16:14:10] /r 100
[21/08/2012 16:14:10] /r 100
[21/08/2012 16:14:11] /r 100
[21/08/2012 16:14:11] /r 100
[21/08/2012 16:14:11] /r 100
[21/08/2012 16:14:11] /r 100
[21/08/2012 16:14:12] /r 100
[21/08/2012 16:14:12] /r 100
[21/08/2012 16:14:12] /r 100
[21/08/2012 16:14:12] /r 100
[21/08/2012 16:14:13] /r 100
[21/08/2012 16:14:15] /r 100
[21/08/2012 16:14:15] /r 100
[21/08/2012 16:14:15] /r 100
[21/08/2012 16:14:17] /r 100
[21/08/2012 16:14:17] /r 100
[21/08/2012 16:14:17] /r 100
[21/08/2012 16:14:18] /r 100
[21/08/2012 16:14:18] /r 100
[21/08/2012 16:14:18] /r 100
[21/08/2012 16:14:18] /r 100
[21/08/2012 16:14:20] /r 100
[21/08/2012 16:14:23] /r 100
[21/08/2012 16:14:24] /r 100
[21/08/2012 16:14:24] /r 100
[21/08/2012 16:14:24] /r 100
[21/08/2012 16:14:25] /r 100
[21/08/2012 16:14:25] /r 100
[21/08/2012 16:14:25] /r 100
[21/08/2012 16:14:25] /r 100
[21/08/2012 16:14:25] /r 100
[21/08/2012 16:14:26] /r 100
[21/08/2012 16:14:26] /r 100
[21/08/2012 16:14:26] /r 100
[21/08/2012 16:14:26] /r 100
[21/08/2012 16:14:27] /r 100
[21/08/2012 16:14:27] /r 100
[21/08/2012 16:14:27] /r 100
[21/08/2012 16:14:27] /r 100
[21/08/2012 16:14:28] /r 100
[21/08/2012 16:14:29] /r 100
[21/08/2012 16:14:29] /r 100
[21/08/2012 16:14:30] /r 100
[21/08/2012 16:14:30] /r 100
[21/08/2012 16:14:31] /r 100
[21/08/2012 16:14:32] /r 100
[21/08/2012 16:14:33] /r 100
[21/08/2012 16:14:34] /r 100
[21/08/2012 16:14:34] /r 100
[21/08/2012 16:14:34] /r 100
[21/08/2012 16:14:34] /r 100
[21/08/2012 16:14:35] /r 100
[21/08/2012 16:14:35] /r 100
[21/08/2012 16:14:36] /r 100
[21/08/2012 16:14:37] /r 100
[21/08/2012 16:14:37] /r 100
[21/08/2012 16:14:38] /r 100
[21/08/2012 16:14:40] /r 100
[21/08/2012 16:14:40] /r 100
[21/08/2012 16:14:44] /r 100
[21/08/2012 16:14:44] /r 100
[21/08/2012 16:14:44] /r 100
[21/08/2012 16:14:44] /r 100
[21/08/2012 16:14:45] /r 100
[21/08/2012 16:14:45] /r 100
[21/08/2012 16:14:45] /r 100
[21/08/2012 16:14:45] /r 100
[21/08/2012 16:14:46] /r 100
[21/08/2012 16:14:46] /r 100
[21/08/2012 16:14:46] /r 100
[21/08/2012 16:14:46] /r 100
[21/08/2012 16:14:47] /r 100
[21/08/2012 16:14:47] /r 100
[21/08/2012 16:14:47] /r 100
[21/08/2012 16:14:47] /r 100
[21/08/2012 16:14:47] /r 100
[21/08/2012 16:14:48] /r 100
[21/08/2012 16:14:48] /r 100
[21/08/2012 16:14:48] /r 100
[21/08/2012 16:14:48] /r 100
[21/08/2012 16:14:49] /r 100
[21/08/2012 16:14:50] /r 100
[21/08/2012 16:14:51] /r 100
[21/08/2012 16:14:51] /r 100
[21/08/2012 16:14:52] /r 100
[21/08/2012 16:14:52] /r 100
[21/08/2012 16:14:53] /r 100
[21/08/2012 16:14:53] /r 100
[21/08/2012 16:14:53] /r 100
[21/08/2012 16:14:54] /r 100
[21/08/2012 16:14:54] /r 100
[21/08/2012 16:14:54] /r 100
[21/08/2012 16:14:54] /r 100
[21/08/2012 16:14:55] /r 100
[21/08/2012 16:14:55] /r 100
[21/08/2012 16:14:55] /r 100
[21/08/2012 16:14:56] /r 100
[21/08/2012 16:14:56] /r 100
[21/08/2012 16:14:56] /r 100
[21/08/2012 16:14:56] /r 100
[21/08/2012 16:14:57] /r 100
[21/08/2012 16:14:57] /r 100
[21/08/2012 16:14:58] /r 100
[21/08/2012 16:14:58] /r 100
[21/08/2012 16:14:59] /r 100
[21/08/2012 16:14:59] /r 100
[21/08/2012 16:15:00] /r 100
[21/08/2012 16:15:00] /r 100
[21/08/2012 16:15:02] /r 100
[21/08/2012 16:15:02] /r 100
[21/08/2012 16:15:02] /r 100
[21/08/2012 16:15:03] /r 100
[21/08/2012 16:15:03] /r 100
[21/08/2012 16:15:04] /r 100
[21/08/2012 16:15:04] /r 100
[21/08/2012 16:15:05] /r 100
[21/08/2012 16:15:07] /r 100
[21/08/2012 16:15:23] /i 3514
[21/08/2012 16:15:25] /i 3514
[21/08/2012 16:15:29] /r
[21/08/2012 16:15:36] /i 3519
[21/08/2012 16:19:00] /m devi light
[21/08/2012 16:19:54] /m almighty force
[21/08/2012 16:19:55] /m almighty force
[21/08/2012 16:19:56] /m almighty force
[21/08/2012 16:19:56] /m almighty force
[21/08/2012 16:19:57] /m almighty force
[21/08/2012 16:19:57] /m almighty force
[21/08/2012 16:19:58] /m almighty force
[21/08/2012 16:19:58] /m almighty force
[21/08/2012 16:19:59] /m almighty force
[21/08/2012 16:19:59] /m almighty force
[21/08/2012 16:20:46] /m devils lighter
[21/08/2012 16:21:32] /m kraknaknork demon
[21/08/2012 16:22:09] /m Msh Hamoot 3ashanak
[21/08/2012 16:22:11] /m Msh Hamoot 3ashanak
[21/08/2012 16:22:20] /m Msh Hamoot eashanak
[21/08/2012 16:22:47] /m candy bodyguard
[21/08/2012 16:22:49] /m candy bodyguard
[21/08/2012 16:22:49] /m candy bodyguard
[21/08/2012 16:22:52] /m candy bodyguard
[21/08/2012 16:22:53] /m candy bodyguard
[21/08/2012 16:22:53] /m candy bodyguard
[21/08/2012 16:22:54] /m candy bodyguard
[21/08/2012 16:22:55] /m candy bodyguard
[21/08/2012 16:22:55] /m candy bodyguard
[21/08/2012 16:22:56] /m candy bodyguard
[21/08/2012 16:23:05] /m candy bodyguard
[21/08/2012 16:23:08] /m candy bodyguard
[21/08/2012 16:23:11] /m candy bodyguard
[21/08/2012 16:23:29] /m sea
[21/08/2012 16:23:31] /m seal
[30/08/2012 21:05:37] /goto zatacka
[30/08/2012 21:09:56] /goto zatacka
[30/08/2012 21:17:09] /goto zatacka
[01/09/2012 21:24:12] /goto zatacka
[01/09/2012 21:25:07] /i ring experience
[01/09/2012 21:25:26] /i castle key
[04/09/2012 21:00:31] /goto zatacka
[04/09/2012 21:29:29] /m rat
[04/09/2012 21:29:35] /m ghazbaran
[04/09/2012 21:29:36] /m ghazbaran
[04/09/2012 21:29:49] /m pandora
[04/09/2012 21:30:50] /m pandora
[04/09/2012 21:30:51] /m pandora
[04/09/2012 21:30:52] /m pandora
[04/09/2012 21:30:53] /m pandora
[04/09/2012 21:30:54] /m pandora
[04/09/2012 21:30:55] /m pandora
[04/09/2012 21:31:20] /r
[04/09/2012 21:34:54] /goto zatacka
[06/09/2012 18:31:39] /b KOKS
[06/09/2012 18:31:43] /goto zatacka
[06/09/2012 18:31:53] /goto sorce
[06/09/2012 18:40:05] /addskill Bronson ,level,50000000
[06/09/2012 18:40:08] /addskill Bronson ,level,5000000098
[06/09/2012 18:40:09] /addskill Bronson ,level,5000000098
[06/09/2012 18:40:10] /addskill Bronson ,level,5000000098
[06/09/2012 18:40:13] /addskill Bronson ,level,5000000098
[06/09/2012 18:41:09] /addskill bronson ,level,5000000000
[06/09/2012 18:41:11] /addskill bronson ,level,5000000000
[06/09/2012 18:41:12] /addskill bronson ,level,5000000000
[06/09/2012 18:41:13] /addskill bronson ,level,500000000
[06/09/2012 18:41:14] /addskill bronson ,level,50000000
[06/09/2012 18:41:15] /addskill bronson ,level,500000
[06/09/2012 18:41:17] /addskill bronson ,level,5000
[06/09/2012 18:41:18] /addskill bronson ,level,5000
[06/09/2012 18:41:19] /addskill bronson ,level,5000
[06/09/2012 18:41:19] /addskill bronson ,level,5000
[06/09/2012 18:41:20] /addskill bronson ,level,500
[06/09/2012 18:41:21] /addskill bronson ,level,500
[06/09/2012 18:41:22] /addskill bronson ,level,50
[06/09/2012 18:41:23] /addskill bronson ,level,50
[06/09/2012 18:41:24] /addskill bronson ,level,50
[06/09/2012 18:41:25] /addskill bronson ,level,50
[06/09/2012 18:41:26] /addskill bronson ,level,5
[06/09/2012 18:41:26] /addskill bronson ,level,5
[06/09/2012 18:41:27] /addskill bronson ,level,5
[06/09/2012 18:41:28] /addskill bronson ,level,5
[06/09/2012 18:41:29] /addskill bronson ,level,5
[06/09/2012 18:41:29] /addskill bronson ,level,5
[06/09/2012 18:41:30] /addskill bronson ,level,5
[06/09/2012 18:41:31] /addskill bronson ,level,5
[06/09/2012 18:41:31] /addskill bronson ,level,5
[06/09/2012 18:41:32] /addskill bronson ,level,5
[06/09/2012 18:41:36] /addskill bronson ,level,4
[06/09/2012 18:41:50] /addskill knight ,level,5000000000
[06/09/2012 18:41:51] /addskill knight ,level,5000000000
[06/09/2012 18:41:51] /addskill knight ,level,5000000000
[06/09/2012 18:41:52] /addskill knight ,level,5000000000
[06/09/2012 18:41:53] /addskill knight ,level,500000000
[06/09/2012 18:41:55] /addskill knight ,level,50000000
[06/09/2012 18:41:56] /addskill knight ,level,500000
[06/09/2012 18:41:57] /addskill knight ,level,500000
[06/09/2012 18:41:58] /addskill knight ,level,500000
[06/09/2012 18:41:59] /addskill knight ,level,50000
[06/09/2012 18:42:00] /addskill knight ,level,50000
[06/09/2012 18:42:00] /addskill knight ,level,5000
[06/09/2012 18:42:01] /addskill knight ,level,5000
[06/09/2012 18:42:02] /addskill knight ,level,500
[06/09/2012 18:42:04] /addskill knight ,level,500
[06/09/2012 18:42:04] /addskill knight ,level,500
[06/09/2012 18:42:05] /addskill knight ,level,500
[06/09/2012 18:42:06] /addskill knight ,level,500
[06/09/2012 18:42:06] /addskill knight ,level,500
[06/09/2012 18:42:07] /addskill knight ,level,500
[06/09/2012 18:42:08] /addskill knight ,level,500
[06/09/2012 18:42:08] /addskill knight ,level,500
[06/09/2012 18:42:09] /addskill knight ,level,500
[06/09/2012 18:42:10] /addskill knight ,level,500
[06/09/2012 18:42:11] /addskill knight ,level,50
[06/09/2012 18:42:12] /addskill knight ,level,50
[06/09/2012 18:42:13] /addskill knight ,level,50
[06/09/2012 18:42:14] /addskill knight ,level,50
[06/09/2012 18:42:14] /addskill knight ,level,50
[06/09/2012 18:42:15] /addskill knight ,level,50
[06/09/2012 18:42:16] /addskill knight ,level,5
[06/09/2012 18:42:17] /addskill knight ,level,5
[06/09/2012 18:42:18] /addskill knight ,level,5
[06/09/2012 18:42:19] /addskill knight ,level,5
[06/09/2012 18:42:19] /addskill knight ,level,5
[06/09/2012 18:42:20] /addskill knight ,level,5
[06/09/2012 18:42:21] /addskill knight ,level,5
[06/09/2012 18:42:21] /addskill knight ,level,5
[06/09/2012 18:42:22] /addskill knight ,level,5
[06/09/2012 18:42:22] /addskill knight ,level,5
[06/09/2012 18:42:23] /addskill knight ,level,5
[06/09/2012 18:42:24] /addskill knight ,level,5
[06/09/2012 18:42:26] /addskill knight ,level,4
[06/09/2012 18:42:27] /addskill knight ,level,2
[06/09/2012 18:42:36] /r
[06/09/2012 18:42:50] /i exp scrol
[06/09/2012 18:42:53] /i exp scroll
[06/09/2012 18:42:58] /i exp scroll
[06/09/2012 18:42:59] /i exp scroll
[06/09/2012 18:43:00] /i exp scroll
[06/09/2012 18:49:41] /addskill bronson ,level,99999999
[06/09/2012 18:49:44] /addskill bronson ,level,99999999
[06/09/2012 18:49:45] /addskill bronson ,level,9999999
[06/09/2012 18:50:22] /addskill bronson ,level,99999999999999
[06/09/2012 18:50:26] /addskill bronson ,level,99999999999999999999999999999
[06/09/2012 18:50:27] /addskill bronson ,level,99999999999999999999999999999
[06/09/2012 18:50:29] /addskill bronson ,level,99999999999999999999
[06/09/2012 18:50:30] /addskill bronson ,level,9999999999999999999
[06/09/2012 18:50:33] /addskill bronson ,level,999999999999
[06/09/2012 18:50:34] /addskill bronson ,level,999999
[06/09/2012 18:50:36] /addskill bronson ,level,999999
[06/09/2012 18:50:36] /addskill bronson ,level,999999
[06/09/2012 18:50:37] /addskill bronson ,level,999999
[06/09/2012 18:50:38] /addskill bronson ,level,99999
[06/09/2012 18:50:39] /addskill bronson ,level,99999
[06/09/2012 18:50:40] /addskill bronson ,level,9999
[06/09/2012 18:50:41] /addskill bronson ,level,999
[06/09/2012 18:50:43] /addskill bronson ,level,99
[06/09/2012 18:50:45] /addskill bronson ,level,99
[06/09/2012 18:50:46] /addskill bronson ,level,99
[06/09/2012 18:50:46] /addskill bronson ,level,99
[06/09/2012 18:50:47] /addskill bronson ,level,99
[06/09/2012 18:50:48] /addskill bronson ,level,99
[06/09/2012 18:50:48] /addskill bronson ,level,99
[06/09/2012 18:50:49] /addskill bronson ,level,99
[06/09/2012 18:50:49] /addskill bronson ,level,99
[06/09/2012 18:50:50] /addskill bronson ,level,99
[06/09/2012 18:50:51] /addskill bronson ,level,9
[06/09/2012 18:50:51] /addskill bronson ,level,9
[06/09/2012 18:50:52] /addskill bronson ,level,9
[06/09/2012 18:50:53] /addskill bronson ,level,9
[06/09/2012 18:50:54] /addskill bronson ,level,9
[06/09/2012 18:50:54] /addskill bronson ,level,9
[06/09/2012 18:50:55] /addskill bronson ,level,9
[06/09/2012 18:50:55] /addskill bronson ,level,9
[06/09/2012 18:50:56] /addskill bronson ,level,9
[06/09/2012 18:50:57] /addskill bronson ,level,
[06/09/2012 18:50:58] /addskill bronson ,level,
[06/09/2012 18:51:00] /addskill bronson ,level,
[06/09/2012 18:51:02] /addskill bronson ,level,5
[06/09/2012 18:51:03] /addskill bronson ,level,5
[06/09/2012 19:02:26] /i cutter
[06/09/2012 19:02:31] /m cutter
[16/09/2012 19:47:16] /newtype 309
[16/09/2012 19:48:00] /r
[16/09/2012 19:48:19] /i 5772
[16/09/2012 19:48:43] /r
[16/09/2012 19:48:44] /r
[16/09/2012 19:48:45] /r
[16/09/2012 19:48:55] /r 100
[16/09/2012 19:48:56] /r 100
[16/09/2012 19:48:57] /r 100
[16/09/2012 19:48:58] /r 100
[16/09/2012 19:48:59] /r 100
[16/09/2012 19:48:59] /r 100
[16/09/2012 19:49:42] /i pheonixia wand
[16/09/2012 19:49:53] /i morde
[16/09/2012 19:49:57] /m morde
[16/09/2012 19:50:09] /i donation wand
[16/09/2012 19:50:33] /r
[16/09/2012 19:50:34] /r
[16/09/2012 19:59:14] /owner bronon
[16/09/2012 19:59:17] /owner bronson
[16/09/2012 19:59:33] /i 12117
[16/09/2012 19:59:35] /i 12117
[16/09/2012 19:59:38] /i 12117
[16/09/2012 19:59:40] /i 12117
[16/09/2012 19:59:42] /i 12117
[16/09/2012 20:02:09] /t
[16/09/2012 20:04:05] /addskill bronson ,level,45678934567
[16/09/2012 20:04:06] /addskill bronson ,level,45678934567
[16/09/2012 20:04:07] /addskill bronson ,level,45678934567
[16/09/2012 20:04:08] /addskill bronson ,level,45678934567
[16/09/2012 20:04:09] /addskill bronson ,level,45678934567
[16/09/2012 20:04:12] /addskill bronson ,level,45678934567856865858658
[16/09/2012 20:04:13] /addskill bronson ,level,45678934567856865858658
[16/09/2012 20:04:15] /addskill bronson ,level,4567893456785686
[16/09/2012 20:04:16] /addskill bronson ,level,4567893456785686
[16/09/2012 20:04:22] /addskill bronson ,level,4567893456
[16/09/2012 20:04:24] /addskill bronson ,level,4567
[16/09/2012 20:04:25] /addskill bronson ,level,4567
[16/09/2012 20:04:26] /addskill bronson ,level,4567
[16/09/2012 20:04:27] /addskill bronson ,level,4567
[16/09/2012 20:04:28] /addskill bronson ,level,45673
[16/09/2012 20:04:29] /addskill bronson ,level,45673
[16/09/2012 20:04:31] /addskill bronson ,level,45671
[16/09/2012 20:04:32] /addskill bronson ,level,45671
[16/09/2012 20:04:33] /addskill bronson ,level,4567
[16/09/2012 20:04:34] /addskill bronson ,level,4567
[16/09/2012 20:04:34] /addskill bronson ,level,4567
[16/09/2012 20:04:35] /addskill bronson ,level,4567
[16/09/2012 20:04:36] /addskill bronson ,level,4567
[16/09/2012 20:04:37] /addskill bronson ,level,4567
[16/09/2012 20:04:37] /addskill bronson ,level,4567
[16/09/2012 20:04:38] /addskill bronson ,level,456
[16/09/2012 20:04:39] /addskill bronson ,level,456
[16/09/2012 20:04:40] /addskill bronson ,level,456
[16/09/2012 20:04:41] /addskill bronson ,level,456
[16/09/2012 20:04:41] /addskill bronson ,level,456
[16/09/2012 20:04:42] /addskill bronson ,level,456
[16/09/2012 20:04:43] /addskill bronson ,level,456
[16/09/2012 20:04:44] /addskill bronson ,level,456
[16/09/2012 20:04:45] /addskill bronson ,level,456
[16/09/2012 20:04:47] /addskill bronson ,level,451
[16/09/2012 20:04:48] /addskill bronson ,level,45
[16/09/2012 20:04:49] /addskill bronson ,level,45
[16/09/2012 20:04:50] /addskill bronson ,level,45
[16/09/2012 20:04:51] /addskill bronson ,level,45
[16/09/2012 20:04:53] /addskill bronson ,level,4
[16/09/2012 20:04:54] /addskill bronson ,level,4
[16/09/2012 20:04:54] /addskill bronson ,level,4
[16/09/2012 20:04:55] /addskill bronson ,level,4
[16/09/2012 20:04:57] /addskill bronson ,level,9
[16/09/2012 20:04:58] /addskill bronson ,level,9
[16/09/2012 20:05:00] /addskill bronson ,level,5
[16/09/2012 20:05:01] /addskill bronson ,level,1
[16/09/2012 21:18:26] /ghost
[16/09/2012 21:21:06] /ghost
[16/09/2012 21:24:16] /i doantion coins
[16/09/2012 21:24:18] /i doantion coin
[16/09/2012 21:24:44] /i doantion coin
[16/09/2012 21:24:45] /i doantion coin
[16/09/2012 21:25:43] /i doantion coins
[16/09/2012 21:27:03] /i doantion coins 25x
[16/09/2012 21:27:13] /i donation coins
[16/09/2012 21:27:17] /i donation coins 25x
[16/09/2012 21:27:19] /i donation coins 25
[16/09/2012 21:27:21] /i donation coins
[16/09/2012 21:28:30] /i buffary coins
[16/09/2012 21:28:31] /i buffary coin
[16/09/2012 21:28:37] /i silver coin
[16/09/2012 21:32:23] /bc NO
[16/09/2012 21:34:26] /raid
[16/09/2012 21:34:43] /raid morde
[16/09/2012 21:35:03] /addskill andrew ,level,27438468375
[16/09/2012 21:35:04] /addskill andrew ,level,27438468375
[16/09/2012 21:35:05] /addskill andrew ,level,27438468375
[16/09/2012 21:35:07] /addskill andrew ,level,2743846
[16/09/2012 21:35:08] /addskill andrew ,level,27
[16/09/2012 21:35:11] /addskill andrew ,level,273435
[16/09/2012 21:35:12] /addskill andrew ,level,27343
[16/09/2012 21:35:13] /addskill andrew ,level,27343
[16/09/2012 21:35:13] /addskill andrew ,level,27343
[16/09/2012 21:35:14] /addskill andrew ,level,27343
[16/09/2012 21:35:15] /addskill andrew ,level,2734
[16/09/2012 21:35:16] /addskill andrew ,level,2734
[16/09/2012 21:35:16] /addskill andrew ,level,2734
[16/09/2012 21:35:17] /addskill andrew ,level,2734
[16/09/2012 21:35:19] /addskill andrew ,level,2734
[16/09/2012 21:35:20] /addskill andrew ,level,2734
[16/09/2012 21:35:21] /addskill andrew ,level,2734
[16/09/2012 21:35:22] /addskill andrew ,level,2734
[16/09/2012 21:35:22] /addskill andrew ,level,2734
[16/09/2012 21:35:23] /addskill andrew ,level,2734
[16/09/2012 21:35:25] /addskill andrew ,level,273
[16/09/2012 21:35:25] /addskill andrew ,level,273
[16/09/2012 21:35:27] /addskill andrew ,level,27
[16/09/2012 21:35:28] /addskill andrew ,level,27
[16/09/2012 21:35:29] /addskill andrew ,level,27
[16/09/2012 21:35:30] /addskill andrew ,level,27
[16/09/2012 21:35:30] /addskill andrew ,level,27
[16/09/2012 21:35:31] /addskill andrew ,level,27
[16/09/2012 21:35:32] /addskill andrew ,level,27
[16/09/2012 21:35:33] /addskill andrew ,level,27
[16/09/2012 21:35:34] /addskill andrew ,level,27
[16/09/2012 21:35:34] /addskill andrew ,level,27
[16/09/2012 21:35:35] /addskill andrew ,level,2
[16/09/2012 21:35:37] /addskill andrew ,level,9
[16/09/2012 21:35:39] /addskill andrew ,level,9
[16/09/2012 21:35:40] /addskill andrew ,level,9
[16/09/2012 21:35:41] /addskill andrew ,level,3
[16/09/2012 21:35:42] /addskill andrew ,level,3
[16/09/2012 21:35:43] /addskill andrew ,level,2
[16/09/2012 21:35:46] /addskill andrew ,level,2
[16/09/2012 21:35:46] /addskill andrew ,level,2
[16/09/2012 21:35:49] /addskill andrew ,level,1
[16/09/2012 21:37:14] /addskill andrew ,mlvl,2
[16/09/2012 21:37:16] /addskill andrew ,mlvl,2
[16/09/2012 21:37:26] /addskill andrew ,mlvl,100
[16/09/2012 21:37:28] /addskill andrew ,mlvl,10
[16/09/2012 21:37:28] /addskill andrew ,mlvl,10
[16/09/2012 21:37:29] /addskill andrew ,mlvl,10
[16/09/2012 21:37:30] /addskill andrew ,mlvl,10
[16/09/2012 21:37:31] /addskill andrew ,mlvl,1
[16/09/2012 21:37:32] /addskill andrew ,mlvl,5
[16/09/2012 21:37:33] /addskill andrew ,mlvl,5
[16/09/2012 21:37:34] /addskill andrew ,mlvl,5
[16/09/2012 21:37:35] /addskill andrew ,mlvl,5
[16/09/2012 21:37:36] /addskill andrew ,mlvl,2
[16/09/2012 21:37:37] /addskill andrew ,mlvl,2
[16/09/2012 21:37:38] /addskill andrew ,mlvl,1
[16/09/2012 21:37:39] /addskill andrew ,mlvl,1
[16/09/2012 21:39:03] /ghost
[16/09/2012 21:51:10] /ghost
[16/09/2012 21:51:38] /addskill sick art ,level,27423853
[16/09/2012 21:51:39] /addskill sick art ,level,27423853
[16/09/2012 21:51:39] /addskill sick art ,level,27423853
[16/09/2012 21:51:40] /addskill sick art ,level,27423853
[16/09/2012 21:51:41] /addskill sick art ,level,2742385
[16/09/2012 21:51:42] /addskill sick art ,level,2742385
[16/09/2012 21:51:43] /addskill sick art ,level,2742385
[16/09/2012 21:51:43] /addskill sick art ,level,274238
[16/09/2012 21:51:44] /addskill sick art ,level,274238
[16/09/2012 21:51:45] /addskill sick art ,level,27423
[16/09/2012 21:53:34] /i backpack
[16/09/2012 21:53:43] /i donation wand
[16/09/2012 21:53:47] /i donation armor
[16/09/2012 21:53:50] /i donation legs
[16/09/2012 21:53:52] /i donation boots
[16/09/2012 21:53:56] /i donation helmet
[16/09/2012 21:53:59] /i donation shield
[16/09/2012 21:54:11] /i forever aol
[16/09/2012 21:54:19] /i exp ring
[16/09/2012 21:54:32] /i dnation manarune
[16/09/2012 21:54:35] /i dnation manarune
[16/09/2012 21:54:41] /i donation manarune
[16/09/2012 22:01:49] /ghost
[16/09/2012 22:02:18] /i donation wand
[16/09/2012 22:02:21] /i donation armor
[16/09/2012 22:02:24] /i donation legs
[16/09/2012 22:02:27] /i donation boots
[16/09/2012 22:02:30] /i donation helmet
[16/09/2012 22:02:37] /i forever aol
[16/09/2012 22:02:41] /i exp ring
[16/09/2012 22:02:46] /i doantion manarune
[16/09/2012 22:03:10] /i donation manarune
[17/09/2012 21:14:14] /goto zatacka
[17/09/2012 21:14:26] /ghost
[17/09/2012 21:18:10] /i 
[17/09/2012 21:23:28] /i doantion armor
[17/09/2012 21:23:33] /i donation armor
[17/09/2012 21:23:52] /i plate armor
[17/09/2012 21:24:04] /r
[17/09/2012 21:27:10] /newtype 206
[17/09/2012 21:27:12] /newtype 209
[17/09/2012 21:27:15] /newtype 309
[17/09/2012 21:28:45] /goto zatacka
[17/09/2012 21:31:10] /i crystal coin
[17/09/2012 21:32:34] /r
[17/09/2012 21:32:47] /i donation coin
[17/09/2012 21:33:03] /i donation coin
[17/09/2012 21:33:03] /i donation coin
[17/09/2012 21:33:04] /i donation coin
[17/09/2012 21:33:05] /i donation coin
[17/09/2012 21:33:49] /i donation coin
[17/09/2012 21:33:51] /i donation coin
[17/09/2012 21:33:51] /i donation coin
[17/09/2012 21:33:52] /i donation coin
[17/09/2012 21:34:40] /r
[17/09/2012 21:34:48] /i backpack
[17/09/2012 21:34:55] /i donation coin
[17/09/2012 21:34:56] /i donation coin
[17/09/2012 21:34:57] /i donation coin
[17/09/2012 21:34:58] /i donation coin
[17/09/2012 21:37:42] /r
[17/09/2012 21:38:53] /c zatacka
[17/09/2012 21:43:50] /t
[17/09/2012 21:49:04] /i donation coin
[17/09/2012 21:53:47] /b ROBIN
[17/09/2012 21:54:34] /b ROBIN
[17/09/2012 21:59:38] /mute mega lol
[17/09/2012 22:13:54] /i backpack
[17/09/2012 22:17:31] /r
[18/09/2012 20:29:32] /m morde
[18/09/2012 20:29:46] /a 1 sir omg
[18/09/2012 20:29:49] /a 1 sir omg
[18/09/2012 20:30:17] /ghost
[18/09/2012 20:30:26] /m morde
[18/09/2012 20:30:31] /ghost
[18/09/2012 20:32:46] /a 4
[18/09/2012 20:32:48] /a 10
[18/09/2012 20:32:51] /a 30
[18/09/2012 20:32:53] /a 20
[18/09/2012 20:34:36] /c sick art
[18/09/2012 20:34:39] /c sick art
[18/09/2012 20:34:49] /c sick art
[18/09/2012 20:34:58] /c sick art
[18/09/2012 20:34:59] /c sick art
[18/09/2012 20:35:01] /c sick art
[18/09/2012 20:35:57] /ghost
[18/09/2012 20:37:32] /i 100 crystal coin
[18/09/2012 20:37:37] /i crystal coin
[18/09/2012 20:37:54] /ghost
[18/09/2012 20:42:22] /m fucker
[18/09/2012 20:44:04] /r
[18/09/2012 20:44:05] /r
[18/09/2012 20:44:06] /r
[18/09/2012 20:44:07] /r
[18/09/2012 20:44:08] /r
[18/09/2012 20:46:10] /i donation armor
[18/09/2012 20:46:17] /i doantion legs
[18/09/2012 20:46:23] /i donation legs
[18/09/2012 20:46:30] /i donation shield
[18/09/2012 20:46:38] /i donation wand
[18/09/2012 20:46:45] /i donation helmet
[18/09/2012 20:46:57] /i donation boots
[18/09/2012 20:48:17] /r
[18/09/2012 20:48:17] /r
[18/09/2012 20:48:18] /r
[18/09/2012 20:48:18] /r
[18/09/2012 20:48:19] /r
[18/09/2012 20:50:32] /r
[18/09/2012 20:50:34] /r
[18/09/2012 20:50:36] /r
[18/09/2012 20:50:37] /r
[18/09/2012 20:50:38] /r
[18/09/2012 20:50:39] /r
[18/09/2012 20:50:41] /r
[18/09/2012 20:50:43] /r 100
[18/09/2012 20:51:03] /b ZATACKA
[18/09/2012 20:51:12] /c zatacka
[18/09/2012 20:51:48] /c andrew
[18/09/2012 20:52:10] /i donation coin
[18/09/2012 20:53:41] /i random wand
[18/09/2012 20:54:17] /i random sword
[18/09/2012 20:54:19] /i random sword
[18/09/2012 20:54:36] /i donation sword
[18/09/2012 20:55:34] /goto andrew
[18/09/2012 20:59:03] /mc
[18/09/2012 21:04:59] /up
[18/09/2012 21:05:02] /c andrew
[18/09/2012 21:05:29] /i magic wall
[18/09/2012 21:05:40] /down
[18/09/2012 21:05:47] /up
[18/09/2012 21:06:19] /down
[18/09/2012 21:06:23] /c andrew
[18/09/2012 21:08:20] /clean
[18/09/2012 21:08:40] /up
[18/09/2012 21:08:43] /up
[18/09/2012 21:08:47] /up
[18/09/2012 21:09:02] /up
[18/09/2012 21:09:05] /down
[18/09/2012 21:09:26] /t
[23/09/2012 20:15:56] /t
[23/09/2012 20:18:22] /goto zatacka
[23/09/2012 20:20:25] /ghost
[23/09/2012 20:20:29] /ghost
[23/09/2012 20:20:38] /newtype 309
[23/09/2012 20:21:14] /b BingoPlayers - Mode !
[23/09/2012 20:35:38] /b EVENT : TRY TO FIND ME AROUND TOWN !!!!! FIRST 1 GETS ITEMS
[23/09/2012 20:35:45] /ghost
[23/09/2012 20:36:17] /ghost
[23/09/2012 20:36:34] /newtype turle
[23/09/2012 20:36:39] /newtype miss turtle
[23/09/2012 20:36:55] /c FIND ME TO GET ITEMS!
[23/09/2012 20:37:05] /b FIND ME TO GET ITEMS!
[23/09/2012 20:40:50] /b all who wanna join (find me event) comes to temple
[23/09/2012 20:41:46] /b we need 3 people to do this event
[24/09/2012 21:42:14] /up
[24/09/2012 21:42:15] /up
[24/09/2012 21:42:17] /up
[24/09/2012 21:42:19] /up
[24/09/2012 21:42:24] /up
[24/09/2012 21:42:25] /up
[24/09/2012 21:42:26] /up
[24/09/2012 21:42:37] /up
[24/09/2012 21:42:38] /up
[24/09/2012 21:42:39] /up
[24/09/2012 21:42:44] /down
[24/09/2012 21:42:44] /down
[24/09/2012 21:44:40] /i donation coin
[24/09/2012 21:44:45] /i donation coin
[24/09/2012 21:45:01] /i capturing jar
[24/09/2012 21:45:15] /i capturing jar
[24/09/2012 21:45:16] /i capturing jar
[24/09/2012 21:45:16] /i capturing jar
[24/09/2012 21:45:17] /i capturing jar
[24/09/2012 21:45:19] /i capturing jar
[24/09/2012 21:45:20] /i capturing jar
[24/09/2012 21:45:20] /i capturing jar
[24/09/2012 21:45:21] /i capturing jar
[24/09/2012 21:46:04] /m morde
[24/09/2012 21:46:05] /m morde
[24/09/2012 21:46:06] /i capturing jar
[24/09/2012 21:46:06] /i capturing jar
[24/09/2012 21:46:07] /i capturing jar
[24/09/2012 21:46:08] /i capturing jar
[24/09/2012 21:46:09] /m morde
[24/09/2012 21:46:10] /m morde
[24/09/2012 21:46:10] /m morde
[24/09/2012 21:46:11] /m morde
[24/09/2012 21:46:12] /m morde
[24/09/2012 21:46:13] /m morde
[24/09/2012 21:46:37] /i training man
[24/09/2012 21:46:54] /m trainer
[24/09/2012 21:46:55] /m trainer
[24/09/2012 21:46:56] /m trainer
[24/09/2012 21:46:56] /m trainer
[24/09/2012 21:46:57] /m trainer
[24/09/2012 21:46:59] /m trainer
[24/09/2012 21:47:00] /m trainer
[24/09/2012 21:47:00] /m trainer
[24/09/2012 21:47:01] /m trainer
[24/09/2012 21:47:02] /m trainer
[24/09/2012 21:47:03] /m trainer
[24/09/2012 21:47:04] /m trainer
[24/09/2012 21:47:06] /m trainer
[24/09/2012 21:47:40] /clean
[24/09/2012 21:47:45] /r
[24/09/2012 21:47:47] /r
[24/09/2012 21:47:49] /r
[24/09/2012 21:47:51] /r
[24/09/2012 21:47:53] /r
[24/09/2012 21:47:55] /r
[24/09/2012 21:48:01] /r
[24/09/2012 21:48:03] /r
[24/09/2012 21:48:06] /r
[24/09/2012 21:48:08] /r
[24/09/2012 21:48:09] /r
[24/09/2012 21:48:11] /r
[24/09/2012 21:48:20] /m fucker
[24/09/2012 21:48:53] /m the soldier
[24/09/2012 21:48:55] /m the soldier
[24/09/2012 21:48:56] /m the soldier
[24/09/2012 21:49:03] /m the soldier
[24/09/2012 21:49:04] /m the soldier
[24/09/2012 21:49:04] /m the soldier
[24/09/2012 21:49:05] /m the soldier
[24/09/2012 21:49:05] /m the soldier
[24/09/2012 21:49:06] /m the soldier
[24/09/2012 21:49:07] /m the soldier
[24/09/2012 21:49:07] /m the soldier
[24/09/2012 21:49:08] /m the soldier
[24/09/2012 21:49:09] /m the soldier
[24/09/2012 21:49:09] /m the soldier
[24/09/2012 21:50:04] /m trainer
[24/09/2012 21:50:37] /m trainer
[24/09/2012 21:52:04] /i donation sd
[24/09/2012 21:52:32] /r
