[04/08/2012 22:50:54] /a 2
[04/08/2012 22:52:09] /i 2574
[04/08/2012 22:53:22] /t
[04/08/2012 22:53:29] /m morgaroth
[04/08/2012 22:53:46] /r
[05/08/2012 05:54:57] /attr health -50000000
[05/08/2012 05:54:58] /attr health -50000000
[05/08/2012 05:54:59] /attr health -500000000
[05/08/2012 05:55:59] /m morgaroth
[05/08/2012 05:56:03] /attr health -8000
[05/08/2012 05:56:05] /m morgaroth
[05/08/2012 05:56:10] /attr health -42000
[05/08/2012 05:56:12] /attr health -42000
[05/08/2012 05:56:16] /attr health -5000000
[05/08/2012 05:56:17] /attr health -5000000
[05/08/2012 05:56:20] /attr health -50000000
[05/08/2012 05:56:21] /attr health -500000000
[05/08/2012 05:56:37] /attr ..
[05/08/2012 05:56:50] /attr health -6000000
[05/08/2012 05:56:52] /attr health -60000000
[05/08/2012 05:56:55] /attr health -600000000
[05/08/2012 05:57:34] /i 2574
[05/08/2012 05:58:02] /clean
[05/08/2012 05:58:21] /attr health -600000000
[05/08/2012 05:58:30] /r
[05/08/2012 05:59:22] /r
[05/08/2012 05:59:33] /i 2574
[05/08/2012 06:00:09] /m ferumbras
[05/08/2012 06:00:14] /attr health -5000
[05/08/2012 06:00:15] /attr health -5000
[05/08/2012 06:00:17] /attr health -5000
[05/08/2012 06:00:17] /attr health -5000
[05/08/2012 06:00:52] /r
[05/08/2012 06:01:43] /m grizzly da boar
[05/08/2012 06:01:48] /m morgaroth
[05/08/2012 06:01:53] /attr health -20000
[05/08/2012 06:01:54] /attr health -20000
[05/08/2012 06:02:05] /r
[05/08/2012 06:02:10] /m grizzly da bear
[05/08/2012 06:02:13] /attr health -5000
[05/08/2012 06:02:16] /attr health -50000000
[05/08/2012 06:02:18] /m grizzly da bear
[05/08/2012 06:02:21] /attr health -5000000
[05/08/2012 06:02:25] /attr health -500000
[05/08/2012 06:02:25] /attr health -500000
[05/08/2012 06:02:26] /attr health -500000
[05/08/2012 06:02:26] /attr health -500000
[05/08/2012 06:02:34] /m grizzly da bear
[05/08/2012 06:02:37] /attr health -500000
[05/08/2012 06:02:40] /attr health -5000000
[05/08/2012 06:02:41] /attr health -500000
[05/08/2012 06:02:42] /attr health -500000
[05/08/2012 06:02:45] /i 2549
[05/08/2012 06:02:49] /i donation jar void
[05/08/2012 06:02:59] /i 2574
[05/08/2012 06:03:06] /i 2573
[05/08/2012 06:03:07] /i 2574
[05/08/2012 06:03:11] /r
[05/08/2012 06:03:15] /r
[05/08/2012 06:04:04] /r
[05/08/2012 06:04:07] /m fire overlord
[05/08/2012 06:04:14] /attr health -500000
[05/08/2012 06:04:16] /attr health -5000000
[05/08/2012 06:04:17] /attr health -50000000
[05/08/2012 06:04:19] /attr health -500000000
[05/08/2012 06:04:24] /attr health -50000000
[05/08/2012 06:04:24] /attr health -50000000
[05/08/2012 06:04:25] /attr health -50000000
[05/08/2012 06:04:36] /m fire overlord
[05/08/2012 06:04:39] /attr health -500000000
[05/08/2012 06:04:41] /attr health -50000000
[05/08/2012 06:04:42] /attr health -50000000
[05/08/2012 06:04:45] /i 2547
[05/08/2012 06:04:54] /i 2574
[05/08/2012 06:05:07] /r
[05/08/2012 06:38:53] /ghost
[05/08/2012 06:38:58] /goto zatacka
[05/08/2012 09:22:36] /goto zatacka
[05/08/2012 09:25:17] /t
[05/08/2012 09:34:45] /reload creaturescript
[05/08/2012 09:41:22] /reload creaturescript
[05/08/2012 09:56:57] /goto astro
[05/08/2012 09:57:44] /i 2574
[05/08/2012 09:57:52] /m fire overlord
[05/08/2012 09:58:00] /attr health -5000000
[05/08/2012 09:58:01] /attr health -5000000
[05/08/2012 09:58:02] /attr health -50000000
[05/08/2012 09:58:03] /attr health -50000000
[05/08/2012 09:58:03] /attr health -50000000
[05/08/2012 09:58:04] /attr health -50000000
[05/08/2012 09:58:04] /attr health -50000000
[05/08/2012 09:58:04] /attr health -50000000
[05/08/2012 09:58:06] /attr health -500000000
[05/08/2012 09:58:13] /m fire overlord
[05/08/2012 09:58:16] /attr health -50000000
[05/08/2012 09:58:19] /attr health -500000000
[05/08/2012 09:58:22] /attr health -500000000
[05/08/2012 09:58:22] /attr health -500000000
[05/08/2012 09:58:28] /attr health -500000000
[05/08/2012 09:58:33] /i 2574
[05/08/2012 09:58:36] /attr health -50000000
[05/08/2012 09:58:37] /attr health -50000000
[05/08/2012 09:58:51] /m fire overlord
[05/08/2012 09:58:54] /attr health -500000000
[05/08/2012 09:58:56] /attr health -50000000
[05/08/2012 09:58:57] /attr health -50000000
[05/08/2012 09:58:57] /attr health -50000000
[05/08/2012 09:58:57] /attr health -50000000
[05/08/2012 09:58:58] /attr health -50000000
[05/08/2012 09:59:02] /i 2574
[05/08/2012 09:59:09] /t
[05/08/2012 10:01:56] /goto zatacka
[05/08/2012 10:02:05] /goto zatack
[05/08/2012 10:02:06] /goto zatacka
[05/08/2012 10:03:43] /r
[05/08/2012 10:04:35] /i 446
[05/08/2012 10:04:38] /i 448
[05/08/2012 10:04:41] /i 444
[05/08/2012 10:04:42] /i 445
[05/08/2012 10:04:44] /r
[05/08/2012 10:04:44] /r
[05/08/2012 10:04:45] /r
[05/08/2012 10:04:46] /r
[05/08/2012 10:04:49] /i 1284
[05/08/2012 10:04:52] /i 1284
[05/08/2012 10:04:56] /i 446
[08/08/2012 01:44:45] /goto raven demy
[08/08/2012 01:49:31] /t
[11/08/2012 17:18:36] /t
[11/08/2012 17:18:46] /ghost
[11/08/2012 17:19:27] /a
[11/08/2012 17:19:51] /t
[11/08/2012 17:21:59] /t
