[27/07/2012 08:45:24] /goto promotion
[27/07/2012 08:45:40] /i 2160
[27/07/2012 08:45:48] /t
[27/07/2012 08:46:52] /name
[27/07/2012 08:47:59] /n prestige npc
[27/07/2012 08:48:01] /n prestige npc
[27/07/2012 08:48:06] /r
[27/07/2012 08:49:15] /cliport
[27/07/2012 08:49:36] /goto zatacka
[27/07/2012 08:50:30] /c sexbomb
[27/07/2012 08:51:09] /c zaranik
[27/07/2012 08:51:42] /goto zatacka
[27/07/2012 08:51:43] /goto zatacka
[27/07/2012 08:51:44] /goto zatacka
[27/07/2012 08:51:44] /goto zatacka
[27/07/2012 08:51:44] /goto zatacka
[27/07/2012 08:51:45] /goto zatacka
[27/07/2012 08:51:48] /a 3
[27/07/2012 08:51:53] /c zaranik
[27/07/2012 08:53:39] /goto admin
[27/07/2012 08:53:42] /goto zaranik
[27/07/2012 08:54:11] /t
[27/07/2012 09:06:36] /r
[27/07/2012 09:06:39] /i 1387
[27/07/2012 09:06:47] /attr position 2000 2000 7
[27/07/2012 09:08:00] /a 3
[27/07/2012 09:08:02] /r
[27/07/2012 09:08:10] /i 5112
[27/07/2012 09:08:14] /a
[27/07/2012 09:08:16] /r
[27/07/2012 09:08:18] /i 5113
[27/07/2012 09:08:20] /r
[27/07/2012 09:08:23] /i 5114
[27/07/2012 09:08:26] /r
[27/07/2012 09:08:33] /i 5110
[27/07/2012 09:08:34] /r
[27/07/2012 09:08:36] /i 5111
[27/07/2012 09:08:37] /r
[27/07/2012 09:08:41] /i 5109
[27/07/2012 09:08:43] /r
[27/07/2012 09:08:46] /i 5108
[27/07/2012 09:08:48] /r
[27/07/2012 09:08:50] /i 5107
[27/07/2012 09:08:53] /r
[27/07/2012 09:09:13] /i exp scroll
[27/07/2012 09:09:29] /n prestige npc
[27/07/2012 09:13:22] /a
[27/07/2012 09:13:23] /a
[27/07/2012 09:14:35] /t
[27/07/2012 09:14:53] /r
[27/07/2012 09:14:58] /i 6896
[27/07/2012 09:15:10] /addskill cheeze,level,50000
[27/07/2012 09:15:13] /addskill cheeze,level,50000
[27/07/2012 09:15:13] /addskill cheeze,level,50000
[27/07/2012 09:15:14] /addskill cheeze,level,50000
[27/07/2012 09:15:14] /addskill cheeze,level,50000
[27/07/2012 09:15:15] /addskill cheeze,level,50000
[27/07/2012 09:15:15] /addskill cheeze,level,50000
[27/07/2012 09:15:15] /addskill cheeze,level,50000
[27/07/2012 09:15:16] /addskill cheeze,level,50000
[27/07/2012 09:15:16] /addskill cheeze,level,50000
[27/07/2012 09:15:17] /addskill cheeze,level,50000
[27/07/2012 09:15:18] /addskill cheeze,level,50000
[27/07/2012 09:15:19] /addskill cheeze,level,50000
[27/07/2012 09:15:20] /addskill cheeze,level,50000
[27/07/2012 09:15:21] /addskill cheeze,level,50000
[27/07/2012 09:15:21] /addskill cheeze,level,50000
[27/07/2012 09:15:26] /n prestige npc
[27/07/2012 09:15:37] /addskill cheeze,level,50000
[27/07/2012 09:15:41] /addskill cheeze,level,100
[27/07/2012 09:15:41] /addskill cheeze,level,100
[27/07/2012 09:15:42] /addskill cheeze,level,100
[27/07/2012 09:15:42] /addskill cheeze,level,100
[27/07/2012 09:15:45] /addskill cheeze,level,100
[27/07/2012 09:15:45] /addskill cheeze,level,100
[27/07/2012 09:15:45] /addskill cheeze,level,100
[27/07/2012 09:15:46] /addskill cheeze,level,100
[27/07/2012 09:15:47] /addskill cheeze,level,100
[27/07/2012 09:17:44] /attr action 0000
[27/07/2012 09:17:50] /attr action 9865
[27/07/2012 09:18:00] /i exp scroll
[27/07/2012 09:18:13] /n rebirth npc
[27/07/2012 09:18:16] /n prestige npc
[27/07/2012 09:18:58] /r
[27/07/2012 09:19:05] /attr action 9866
[27/07/2012 09:19:36] /a 
[27/07/2012 09:19:51] /a 2
[27/07/2012 09:20:07] /r
[27/07/2012 09:20:10] /n prestige npc
[27/07/2012 09:20:31] /r
[27/07/2012 09:20:38] /a
[27/07/2012 09:20:39] /a
[27/07/2012 09:20:53] /addskill cheeze,level,9000
[27/07/2012 09:20:59] /addskill cheeze,level,7217
[27/07/2012 09:21:02] /n prestige npc
[27/07/2012 09:27:07] /i dragonhead
[27/07/2012 09:27:10] /i dragon
[27/07/2012 09:28:02] /r
[27/07/2012 09:28:03] /r
[27/07/2012 09:28:04] /r
[27/07/2012 09:28:11] /attr action 9866
[27/07/2012 09:29:28] /name cheeze,GoD CheeZe
[28/07/2012 16:33:12] /t
[28/07/2012 16:33:17] /a 3
[28/07/2012 16:33:19] /goto razel
[28/07/2012 16:33:24] /goto owner apdo
[28/07/2012 16:35:42] /a 3
[28/07/2012 16:35:46] /a 3
[28/07/2012 16:35:48] /a 3
[28/07/2012 16:36:44] /name Cheeze,[ScripTeR] CheeZe
[29/07/2012 17:08:34] /a
[29/07/2012 17:08:56] /name cheeze,CheeZe
[29/07/2012 17:09:03] /t
[29/07/2012 17:09:10] /name cheeze,CheeZe
[29/07/2012 17:09:15] /name cheeze,cheezeee
[29/07/2012 17:15:15] /a
[29/07/2012 17:15:18] /a
[29/07/2012 17:15:19] /a
[29/07/2012 17:17:01] /a
[29/07/2012 17:17:02] /a
[29/07/2012 17:17:03] /a
[29/07/2012 17:17:03] /a
[29/07/2012 17:17:09] /goto zatacka
[29/07/2012 17:18:07] /newtype 302
[29/07/2012 17:18:08] /a 3
[29/07/2012 17:18:54] /goto owner apdo
[29/07/2012 17:19:32] /t
[29/07/2012 17:20:08] /a
[29/07/2012 17:22:40] /goto owner apdo
[29/07/2012 17:22:40] /goto owner apdo
[29/07/2012 17:22:41] /goto owner apdo
[29/07/2012 17:22:42] /goto owner apdo
[29/07/2012 17:22:43] /goto owner apdo
[29/07/2012 17:22:43] /goto owner apdo
[29/07/2012 17:22:43] /goto owner apdo
[29/07/2012 17:22:46] /goto owner apdo
[29/07/2012 17:22:47] /goto owner apdo
[29/07/2012 17:22:48] /goto owner apdo
[29/07/2012 17:22:49] /goto owner apdo
[29/07/2012 17:22:49] /goto owner apdo
[29/07/2012 17:22:50] /goto owner apdo
[29/07/2012 17:22:50] /goto owner apdo
[29/07/2012 17:22:51] /goto owner apdo
[29/07/2012 17:22:52] /goto owner apdo
[29/07/2012 17:22:58] /goto cyro
[29/07/2012 17:23:02] /goto apdo
[29/07/2012 17:23:23] /r
[29/07/2012 17:23:25] /r
[29/07/2012 17:24:20] /goto owner apdo
[29/07/2012 17:25:31] /a
[29/07/2012 17:25:31] /a
[29/07/2012 17:25:54] /a 3
[29/07/2012 17:28:17] /reload movements
[29/07/2012 17:28:29] /a 3
[29/07/2012 17:28:56] /a
[29/07/2012 17:30:46] /a
[29/07/2012 17:30:46] /a
[29/07/2012 17:30:47] /a
[29/07/2012 17:35:36] /a 3
[29/07/2012 17:35:41] /m troll champion
[29/07/2012 17:36:27] /addskill cheeze,level,71700
[29/07/2012 17:36:33] /m troll champion
[29/07/2012 18:05:27] /a 3
[29/07/2012 18:11:25] /bc green IAM PWNING AT THIS
[29/07/2012 18:12:40] /goto owner apdo
[29/07/2012 18:13:55] /a
[29/07/2012 18:13:59] /r
[29/07/2012 18:14:06] /a
[29/07/2012 18:14:46] /a
[29/07/2012 18:15:44] /a 3
[29/07/2012 18:15:45] /r
[29/07/2012 18:15:47] /r
[29/07/2012 18:15:48] /a 3
[29/07/2012 18:15:59] /goto zatacka
[29/07/2012 18:16:19] /a
[29/07/2012 18:16:19] /a
[29/07/2012 18:16:20] /a
[29/07/2012 18:16:20] /a
[29/07/2012 18:16:20] /a
[29/07/2012 18:16:20] /a
[29/07/2012 18:16:20] /a
[29/07/2012 18:16:20] /a
[29/07/2012 18:16:20] /a
[29/07/2012 18:16:20] /a
[29/07/2012 18:16:20] /a
[29/07/2012 18:16:20] /a
[29/07/2012 18:16:20] /a
[29/07/2012 18:16:20] /a
[29/07/2012 18:16:20] /a
[29/07/2012 18:16:20] /a
[29/07/2012 18:16:20] /a
[29/07/2012 18:16:20] /a
[29/07/2012 18:16:20] /a
[29/07/2012 18:16:20] /a
[29/07/2012 18:16:20] /a
[29/07/2012 18:16:20] /a
[29/07/2012 18:16:21] /a
[29/07/2012 18:16:21] /a
[29/07/2012 18:16:21] /a
[29/07/2012 18:16:21] /a
[29/07/2012 18:16:21] /a
[29/07/2012 18:16:21] /a
[29/07/2012 18:16:21] /a
[29/07/2012 18:16:21] /a
[29/07/2012 18:16:21] /a
[29/07/2012 18:16:21] /a
[29/07/2012 18:16:21] /a
[29/07/2012 18:16:21] /a
[29/07/2012 18:16:21] /a
[29/07/2012 18:16:21] /a
[29/07/2012 18:16:21] /a
[29/07/2012 18:16:21] /a
[29/07/2012 18:16:21] /a
[29/07/2012 18:16:21] /a
[29/07/2012 18:16:21] /a
[29/07/2012 18:16:21] /a
[29/07/2012 18:16:21] /a
[29/07/2012 18:16:21] /a
[29/07/2012 18:16:21] /a
[29/07/2012 18:16:21] /a
[29/07/2012 18:16:21] /a
[29/07/2012 18:16:21] /a
[29/07/2012 18:16:21] /a
[29/07/2012 18:16:22] /a
[29/07/2012 18:16:22] /a
[29/07/2012 18:16:22] /a
[29/07/2012 18:16:22] /a
[29/07/2012 18:16:22] /a
[29/07/2012 18:16:22] /a
[29/07/2012 18:16:22] /a
[29/07/2012 18:16:22] /a
[29/07/2012 18:16:22] /a
[29/07/2012 18:16:22] /a
[29/07/2012 18:16:22] /a
[29/07/2012 18:16:22] /a
[29/07/2012 18:16:22] /a
[29/07/2012 18:16:22] /a
[29/07/2012 18:16:22] /a
[29/07/2012 18:16:22] /a
[29/07/2012 18:16:22] /a
[29/07/2012 18:16:22] /a
[29/07/2012 18:16:22] /a
[29/07/2012 18:16:22] /a
[29/07/2012 18:16:22] /a
[29/07/2012 18:16:22] /a
[29/07/2012 18:16:22] /a
[29/07/2012 18:16:22] /a
[29/07/2012 18:16:22] /a
[29/07/2012 18:16:22] /a
[29/07/2012 18:16:22] /a
[29/07/2012 18:16:22] /a
[29/07/2012 18:16:23] /a
[29/07/2012 18:16:23] /a
[29/07/2012 18:16:23] /a
[29/07/2012 18:16:23] /a
[29/07/2012 18:16:23] /a
[29/07/2012 18:16:23] /a
[29/07/2012 18:16:23] /a
[29/07/2012 18:16:23] /a
[29/07/2012 18:16:23] /a
[29/07/2012 18:16:23] /a
[29/07/2012 18:16:23] /a
[29/07/2012 18:16:23] /a
[29/07/2012 18:16:23] /a
[29/07/2012 18:16:23] /a
[29/07/2012 18:16:23] /a
[29/07/2012 18:16:23] /a
[29/07/2012 18:16:23] /a
[29/07/2012 18:16:23] /a
[29/07/2012 18:16:23] /a
[29/07/2012 18:16:23] /a
[29/07/2012 18:16:23] /a
[29/07/2012 18:16:23] /a
[29/07/2012 18:16:23] /a
[29/07/2012 18:16:23] /a
[29/07/2012 18:16:23] /a
[29/07/2012 18:16:23] /a
[29/07/2012 18:16:23] /a
[29/07/2012 18:16:23] /a
[29/07/2012 18:16:23] /a
[29/07/2012 18:16:23] /a
[29/07/2012 18:16:24] /a
[29/07/2012 18:16:24] /a
[29/07/2012 18:16:24] /a
[29/07/2012 18:16:24] /a
[29/07/2012 18:16:24] /a
[29/07/2012 18:16:24] /a
[29/07/2012 18:16:24] /a
[29/07/2012 18:16:24] /a
[29/07/2012 18:16:24] /a
[29/07/2012 18:16:24] /a
[29/07/2012 18:16:24] /a
[29/07/2012 18:16:24] /a
[29/07/2012 18:16:24] /a
[29/07/2012 18:16:24] /a
[29/07/2012 18:16:24] /a
[29/07/2012 18:16:24] /a
[29/07/2012 18:16:24] /a
[29/07/2012 18:16:24] /a
[29/07/2012 18:16:24] /a
[29/07/2012 18:16:24] /a
[29/07/2012 18:16:24] /a
[29/07/2012 18:16:24] /a
[29/07/2012 18:16:24] /a
[29/07/2012 18:16:24] /a
[29/07/2012 18:16:24] /a
[29/07/2012 18:16:24] /a
[29/07/2012 18:16:24] /a
[29/07/2012 18:16:24] /a
[29/07/2012 18:16:24] /a
[29/07/2012 18:16:24] /a
[29/07/2012 18:16:24] /a
[29/07/2012 18:16:24] /a
[29/07/2012 18:16:24] /a
[29/07/2012 18:16:25] /a
[29/07/2012 18:16:25] /a
[29/07/2012 18:16:25] /a
[29/07/2012 18:16:25] /a
[29/07/2012 18:16:25] /a
[29/07/2012 18:16:25] /a
[29/07/2012 18:16:25] /a
[29/07/2012 18:16:25] /a
[29/07/2012 18:16:25] /a
[29/07/2012 18:16:25] /a
[29/07/2012 18:16:25] /a
[29/07/2012 18:16:25] /a
[29/07/2012 18:16:25] /a
[29/07/2012 18:16:25] /a
[29/07/2012 18:16:25] /a
[29/07/2012 18:16:25] /a
[29/07/2012 18:16:25] /a
[29/07/2012 18:16:25] /a
[29/07/2012 18:16:25] /a
[29/07/2012 18:16:25] /a
[29/07/2012 18:16:25] /a
[29/07/2012 18:16:25] /a
[29/07/2012 18:16:25] /a
[29/07/2012 18:16:25] /a
[29/07/2012 18:16:26] /a
[29/07/2012 18:16:26] /a
[29/07/2012 18:16:26] /a
[29/07/2012 18:16:26] /a
[29/07/2012 18:16:26] /a
[29/07/2012 18:16:26] /a
[29/07/2012 18:16:26] /a
[29/07/2012 18:16:26] /a
[29/07/2012 18:16:26] /a
[29/07/2012 18:16:26] /a
[29/07/2012 18:16:26] /a
[29/07/2012 18:16:26] /a
[29/07/2012 18:16:26] /a
[29/07/2012 18:16:26] /a
[29/07/2012 18:16:26] /a
[29/07/2012 18:16:26] /a
[29/07/2012 18:16:26] /a
[29/07/2012 18:16:26] /a
[29/07/2012 18:16:26] /a
[29/07/2012 18:16:26] /a
[29/07/2012 18:16:26] /a
[29/07/2012 18:16:26] /a
[29/07/2012 18:16:26] /a
[29/07/2012 18:16:26] /a
[29/07/2012 18:16:26] /a
[29/07/2012 18:16:26] /a
[29/07/2012 18:16:26] /a
[29/07/2012 18:16:26] /a
[29/07/2012 18:16:26] /a
[29/07/2012 18:16:26] /a
[29/07/2012 18:16:26] /a
[29/07/2012 18:16:26] /a
[29/07/2012 18:16:26] /a
[29/07/2012 18:16:26] /a
[29/07/2012 18:16:26] /a
[29/07/2012 18:16:27] /a
[29/07/2012 18:16:27] /a
[29/07/2012 18:16:27] /a
[29/07/2012 18:16:27] /a
[29/07/2012 18:16:27] /a
[29/07/2012 18:16:27] /a
[29/07/2012 18:16:27] /a
[29/07/2012 18:16:27] /a
[29/07/2012 18:16:27] /a
[29/07/2012 18:16:27] /a
[29/07/2012 18:16:27] /a
[29/07/2012 18:16:27] /a
[29/07/2012 18:16:27] /a
[29/07/2012 18:16:27] /a
[29/07/2012 18:16:27] /a
[29/07/2012 18:16:27] /a
[29/07/2012 18:16:27] /a
[29/07/2012 18:16:27] /a
[29/07/2012 18:16:27] /a
[29/07/2012 18:16:27] /a
[29/07/2012 18:16:27] /a
[29/07/2012 18:16:27] /a
[29/07/2012 18:16:27] /a
[29/07/2012 18:16:27] /a
[29/07/2012 18:16:27] /a
[29/07/2012 18:16:27] /a
[29/07/2012 18:16:27] /a
[29/07/2012 18:16:27] /a
[29/07/2012 18:16:27] /a
[29/07/2012 18:16:27] /a
[29/07/2012 18:16:27] /a
[29/07/2012 18:16:27] /a
[29/07/2012 18:16:30] /a
[29/07/2012 18:16:30] /a
[29/07/2012 18:16:30] /a
[29/07/2012 18:16:30] /a
[29/07/2012 18:16:30] /a
[29/07/2012 18:16:31] /a
[29/07/2012 18:16:31] /a
[29/07/2012 18:16:31] /a
[29/07/2012 18:16:31] /a
[29/07/2012 18:16:31] /a
[29/07/2012 18:16:31] /a
[29/07/2012 18:16:31] /a
[29/07/2012 18:16:31] /a
[29/07/2012 18:16:31] /a
[29/07/2012 18:16:31] /a
[29/07/2012 18:16:31] /a
[29/07/2012 18:16:31] /a
[29/07/2012 18:16:31] /a
[29/07/2012 18:16:31] /a
[29/07/2012 18:16:31] /a
[29/07/2012 18:16:31] /a
[29/07/2012 18:16:31] /a
[29/07/2012 18:16:31] /a
[29/07/2012 18:16:31] /a
[29/07/2012 18:16:31] /a
[29/07/2012 18:16:31] /a
[29/07/2012 18:16:31] /a
[29/07/2012 18:16:31] /a
[29/07/2012 18:16:31] /a
[29/07/2012 18:16:31] /a
[29/07/2012 18:16:31] /a
[29/07/2012 18:16:31] /a
[29/07/2012 18:16:31] /a
[29/07/2012 18:16:31] /a
[29/07/2012 18:16:31] /a
[29/07/2012 18:16:31] /a
[29/07/2012 18:16:32] /a
[29/07/2012 18:16:32] /a
[29/07/2012 18:16:32] /a
[29/07/2012 18:16:32] /a
[29/07/2012 18:16:32] /a
[29/07/2012 18:16:32] /a
[29/07/2012 18:16:32] /a
[29/07/2012 18:16:32] /a
[29/07/2012 18:16:32] /a
[29/07/2012 18:16:32] /a
[29/07/2012 18:16:32] /a
[29/07/2012 18:16:32] /a
[29/07/2012 18:16:32] /a
[29/07/2012 18:16:32] /a
[29/07/2012 18:16:33] /a
[29/07/2012 18:16:33] /a
[29/07/2012 18:16:42] /a
[29/07/2012 18:16:42] /a
[29/07/2012 18:16:42] /a
[29/07/2012 18:16:42] /a
[29/07/2012 18:16:43] /a
[29/07/2012 18:16:43] /a
[29/07/2012 18:16:43] /a
[29/07/2012 18:16:43] /a
[29/07/2012 18:16:44] /a
[29/07/2012 18:16:45] /a
[29/07/2012 18:16:45] /a
[29/07/2012 18:16:45] /a
[29/07/2012 18:16:45] /a
[29/07/2012 18:16:45] /a
[29/07/2012 18:16:45] /a
[29/07/2012 18:16:45] /a
[29/07/2012 18:16:45] /a
[29/07/2012 18:17:32] /a
[29/07/2012 18:17:48] /a #
[29/07/2012 18:17:51] /a 3
[29/07/2012 18:30:23] /b RESTARt FOR SNAKE SYSTEM :) ENJOY :)
[29/07/2012 18:31:11] /a 3
[29/07/2012 18:31:40] /a 3
[29/07/2012 18:32:30] /a 3
[29/07/2012 18:32:33] /c zatacka
[29/07/2012 18:40:16] /goto moderator keso
[29/07/2012 18:56:50] /t
[29/07/2012 18:57:01] /goto sexbomb
[29/07/2012 19:00:25] /t
[29/07/2012 19:03:22] /goto zatacka
[29/07/2012 19:03:41] /attr unique 14329
[29/07/2012 19:04:18] /r
[29/07/2012 19:04:27] /r
[29/07/2012 19:05:16] /r
[29/07/2012 19:05:29] /attr unique 9934
[29/07/2012 19:05:44] /attr unique 4437
[29/07/2012 19:10:18] /r
[29/07/2012 19:10:21] /attr action 0
[29/07/2012 19:10:36] /attr unique  87543
[29/07/2012 19:10:40] /attr unique 87543
[29/07/2012 19:10:43] /attr unique 87543
[29/07/2012 19:10:46] /attr unique 87543
[29/07/2012 19:10:55] /attr action 2000
[29/07/2012 19:11:25] /addskill pojk,level,50000
[29/07/2012 19:11:44] /t
[29/07/2012 19:11:44] /a 50
[29/07/2012 19:11:45] /a 50
[29/07/2012 19:11:47] /i 421
[29/07/2012 19:11:48] /a
[29/07/2012 19:11:49] /i 421
[29/07/2012 19:11:50] /a
[29/07/2012 19:11:51] /i 421
[29/07/2012 19:11:52] /c pojk
[29/07/2012 19:23:18] /i donation armor
[29/07/2012 19:23:23] /i donation legs
[29/07/2012 19:23:28] /i donation helmet
[29/07/2012 19:23:45] /i donation boots
[29/07/2012 19:23:50] /i donation sheidl
[29/07/2012 19:23:54] /i donation shield
[29/07/2012 19:24:04] /t
[29/07/2012 19:24:06] /t pojk
[29/07/2012 19:26:27] /i vip medal
[29/07/2012 19:26:32] /i vip medal
[29/07/2012 19:26:36] /i vip medal
[29/07/2012 19:26:48] /goto zatacka
