[27/07/2012 14:40:02] /a
[27/07/2012 14:40:04] /a
[27/07/2012 14:40:05] /a
[27/07/2012 14:40:15] /mc
[27/07/2012 14:40:26] /b
[27/07/2012 14:40:29] /b 2
[27/07/2012 14:42:31] /goto hoster
[27/07/2012 14:42:45] /a
[27/07/2012 14:42:50] /a
[27/07/2012 14:42:57] /a
[27/07/2012 14:42:59] /a
[27/07/2012 14:43:01] /a
[27/07/2012 14:44:05] /ghost
[27/07/2012 14:44:13] /t
[27/07/2012 14:56:52] /b cya guys i come back tomorrow and i get 2 ppl to play this ot..later mybe more
[28/07/2012 13:59:32] /b hello guys
[28/07/2012 14:00:12] /ghost
[28/07/2012 14:01:03] /a
[28/07/2012 14:01:04] /a
[28/07/2012 14:02:16] /t
[28/07/2012 14:02:25] /r
[28/07/2012 14:02:28] /r f
[28/07/2012 14:02:29] /r f
[28/07/2012 14:03:55] /goto Bodycarcoo
[28/07/2012 14:04:04] /t
[28/07/2012 14:11:28] /reports CM Marlo
[28/07/2012 14:13:36] /a
[28/07/2012 14:13:38] /a
[28/07/2012 14:13:39] /a
[28/07/2012 14:13:41] /a
[28/07/2012 14:13:44] /t
[28/07/2012 14:13:48] /t
[28/07/2012 14:16:12] /mc
[28/07/2012 14:58:22] /goto tota
[28/07/2012 14:58:48] !eq
[28/07/2012 14:59:06] !eq super sword
[28/07/2012 14:59:13] !eq the super sword
[28/07/2012 14:59:25] !eq Tota
[28/07/2012 14:59:58] /c demon
[28/07/2012 15:00:03] /c demon off
[28/07/2012 15:00:49] /c demon
[28/07/2012 15:01:02] /t tota
[28/07/2012 15:01:37] /t tota
[28/07/2012 15:02:32] /t tota
[28/07/2012 15:02:35] /t tota
[28/07/2012 15:02:36] /t tota
[28/07/2012 15:02:41] /t tota
[28/07/2012 15:03:02] /b hello
[28/07/2012 15:04:06] /a
[28/07/2012 15:04:09] /a
[28/07/2012 15:10:48] /t
[28/07/2012 15:11:39] /b owner can u give to tota super uh i i make it with jack and its pvp-on
[28/07/2012 15:11:53] /a
[28/07/2012 15:11:55] /a
[28/07/2012 15:11:57] /a
[28/07/2012 15:11:59] /a
[28/07/2012 15:12:01] /a
[28/07/2012 15:13:39] /t
[28/07/2012 16:14:42] /a
[28/07/2012 16:14:44] /a
[28/07/2012 16:14:49] /a
[28/07/2012 16:15:08] /a
[28/07/2012 16:15:23] /a
[28/07/2012 16:15:24] /a
[28/07/2012 16:16:45] /a
[28/07/2012 16:16:47] /a
[28/07/2012 16:17:13] /t
[28/07/2012 16:17:23] /t
[29/07/2012 12:52:22] /t
[29/07/2012 12:53:36] /m
[29/07/2012 12:53:37] /m
[29/07/2012 12:53:39] /m g
[29/07/2012 12:53:41] /m g
[29/07/2012 12:53:42] /m g
[29/07/2012 12:53:45] /m 23
[29/07/2012 12:53:49] /m demon
[29/07/2012 12:53:52] /m demon
[29/07/2012 12:54:03] /c
[29/07/2012 12:54:08] /c map
[29/07/2012 12:54:13] /c demon
[29/07/2012 12:54:16] /c demon
[29/07/2012 12:54:48] /t demon
[29/07/2012 12:54:54] /c
[29/07/2012 12:55:02] /c monste
[29/07/2012 12:55:07] /c demon
[29/07/2012 12:55:11] /c demon
[29/07/2012 12:55:12] /c demon
[29/07/2012 12:55:14] /c demon
[29/07/2012 12:55:49] /a
[29/07/2012 12:56:00] /a
[29/07/2012 12:56:03] /t
[29/07/2012 12:56:16] /r
[29/07/2012 12:56:18] /r f4
[29/07/2012 12:56:20] /r 23
[29/07/2012 12:56:22] /r 23
[29/07/2012 12:57:16] /b if u need help just msg me
[29/07/2012 14:25:12] /t
[29/07/2012 14:25:54] /a
[29/07/2012 14:26:46] /goto owner apdo
[29/07/2012 14:29:54] /t
[29/07/2012 14:30:41] /goto drago
[29/07/2012 14:30:52] /t
[29/07/2012 14:30:59] /a
[29/07/2012 14:31:04] /a
[29/07/2012 14:31:53] /a
[29/07/2012 14:31:54] /a
[29/07/2012 14:31:55] /a
[29/07/2012 14:31:55] /a
[29/07/2012 14:32:08] /t
[29/07/2012 14:32:13] /ghost
[29/07/2012 14:32:19] /goto drago
[29/07/2012 14:34:29] !addpoints
[29/07/2012 14:34:33] !addpoints 20
[29/07/2012 14:34:45] !addpoints Jack Daniels 20
[29/07/2012 14:35:51] /goto shity apdo
[29/07/2012 14:36:21] /goto zatacka
[29/07/2012 14:37:06] /ghost
[29/07/2012 14:37:50] /a
[29/07/2012 14:38:23] /info
[29/07/2012 14:38:33] /info jack daniels
[29/07/2012 15:37:14] /c
[29/07/2012 15:38:15] /c me
[29/07/2012 15:38:37] /c rotworm
[29/07/2012 15:38:43] /m
[29/07/2012 15:38:45] /m g
[29/07/2012 15:38:47] /m 43
[29/07/2012 15:38:52] /m rotwork
[29/07/2012 15:38:57] /m ye
[29/07/2012 15:38:59] /m
[29/07/2012 15:39:00] /m
[29/07/2012 15:39:04] /m demon
[29/07/2012 15:39:19] /m rotworm
[29/07/2012 15:39:27] /c demon
[29/07/2012 15:39:32] /c
[29/07/2012 15:39:48] /zombiestart
[29/07/2012 15:41:39] /t
[29/07/2012 15:42:00] /pos
[29/07/2012 15:42:30] /notations
[29/07/2012 15:42:33] /notations s
[29/07/2012 15:43:00] /notations Roferacarcoo
[29/07/2012 15:43:16] /down
[29/07/2012 15:45:44] /r
[29/07/2012 15:45:56] /t
[29/07/2012 15:46:12] /r
[29/07/2012 15:47:00] /m hydra
[29/07/2012 15:47:10] /r
[30/07/2012 13:59:08] /mute
[30/07/2012 13:59:11] /mute on
[30/07/2012 13:59:21] /mute cm marlo
[30/07/2012 13:59:30] /mute CM Marlo
[30/07/2012 13:59:38] /s
[30/07/2012 13:59:41] /s sd
[30/07/2012 13:59:45] /s 1
[30/07/2012 13:59:52] /a
[30/07/2012 14:00:00] /a 5
[30/07/2012 14:00:45] /ghost
[30/07/2012 14:02:39] /n
[30/07/2012 14:02:42] /n fd
[30/07/2012 14:02:45] /n 43
[30/07/2012 14:02:50] /n my
[30/07/2012 14:02:51] /n my
[30/07/2012 14:03:51] /ps
[30/07/2012 14:03:56] /ps 2
[30/07/2012 14:04:46] /newtype 
[30/07/2012 14:04:49] /newtype  211
[30/07/2012 14:04:53] /newtype  1
[30/07/2012 14:04:55] /newtype  12
[30/07/2012 14:04:57] /newtype  14
[30/07/2012 14:04:59] /newtype  16
[30/07/2012 14:05:04] /newtype  201
[30/07/2012 14:05:05] /newtype  20
[30/07/2012 14:05:07] /newtype  200
[30/07/2012 14:05:12] /newtype  121
[30/07/2012 14:05:15] /newtype  55
[30/07/2012 14:05:17] /newtype  6
[30/07/2012 14:05:20] /newtype  7
[30/07/2012 14:05:22] /newtype  78
[30/07/2012 14:05:24] /newtype  9
[30/07/2012 14:05:26] /newtype  10
[30/07/2012 14:05:29] /newtype  12
[30/07/2012 14:05:31] /newtype  13
[30/07/2012 14:05:33] /newtype  14
[30/07/2012 14:05:35] /newtype  15
[30/07/2012 14:05:37] /newtype  16
[30/07/2012 14:05:39] /newtype  17
[30/07/2012 14:05:41] /newtype  18
[30/07/2012 14:05:43] /newtype  19
[30/07/2012 14:05:47] /newtype  20
[30/07/2012 14:05:49] /newtype  21
[30/07/2012 14:05:52] /newtype  22
[30/07/2012 14:05:54] /newtype  23
[30/07/2012 14:05:59] /newtype  300
[30/07/2012 14:06:04] /newtype  301
[30/07/2012 14:06:07] /newtype  302
[30/07/2012 14:07:35] /s
[30/07/2012 14:07:45] /s demon
[30/07/2012 14:07:50] /r
[30/07/2012 14:08:58] /raid
[30/07/2012 14:09:02] /raid on
[30/07/2012 14:09:09] /raid 22
[30/07/2012 14:09:13] /raid demon
[30/07/2012 14:09:22] /raid on demon
[30/07/2012 14:09:26] /raid temple
[30/07/2012 14:09:56] /mute on
[30/07/2012 14:10:06] /mute CM MArlo
[30/07/2012 14:10:11] /mute on
[30/07/2012 14:10:18] /bc
[30/07/2012 14:10:25] /bc hi
[30/07/2012 14:10:35] /a
[30/07/2012 14:10:38] /a
[30/07/2012 14:10:41] /a
[30/07/2012 14:10:42] /a
[30/07/2012 14:10:43] /a
[30/07/2012 14:10:48] /a
[30/07/2012 14:10:53] /a
[30/07/2012 14:11:03] /wp
[30/07/2012 14:11:17] /wp welcome
[30/07/2012 14:12:14] /a 10
[30/07/2012 14:12:16] /a 10
[30/07/2012 14:12:19] /a 3
[30/07/2012 14:12:47] /a 6
[30/07/2012 14:13:12] /zombiestart
[30/07/2012 14:13:19] /t
[30/07/2012 14:13:29] /t quests
[30/07/2012 14:13:31] /t quests
[30/07/2012 14:13:37] /tpall
[30/07/2012 14:13:48] /a 5
[30/07/2012 14:14:29] /a 2
[30/07/2012 14:14:37] /a 2
[30/07/2012 14:14:38] /a 2
[30/07/2012 14:14:40] /a 2
[30/07/2012 14:14:44] /a 2
[30/07/2012 14:14:45] /a 2
[30/07/2012 14:14:46] /a 2
[30/07/2012 14:14:46] /a 2
[30/07/2012 14:14:47] /a 2
[30/07/2012 14:14:48] /a 2
[30/07/2012 14:15:36] /down
[30/07/2012 14:15:40] /up
[30/07/2012 14:16:21] /a 2
[30/07/2012 14:16:32] /s werewolf
[30/07/2012 14:16:39] /a 2
[30/07/2012 14:16:45] /a 2
[30/07/2012 14:16:47] /a 2
[30/07/2012 14:16:49] /a 2
[30/07/2012 14:16:50] /a 2
[30/07/2012 14:16:53] /c
[30/07/2012 14:17:08] /r
[30/07/2012 14:19:00] /ghost
[30/07/2012 14:21:00] /a
[30/07/2012 14:22:17] /s demon
[30/07/2012 14:22:31] /r
[30/07/2012 14:22:42] /m demon
[30/07/2012 14:23:25] /r
[30/07/2012 14:23:57] /mc
[30/07/2012 14:25:32] /t
[30/07/2012 14:25:39] /m hero man
[30/07/2012 14:25:41] /m hero man
[30/07/2012 14:25:49] /m hero
