[31/08/2012 02:27:44] /clean
[31/08/2012 02:27:51] /r
[31/08/2012 02:27:52] /r
[31/08/2012 02:27:53] /r
[31/08/2012 02:27:55] /r
[31/08/2012 02:27:57] /r
[31/08/2012 02:27:58] /r
[31/08/2012 02:27:59] /r
[31/08/2012 02:28:00] /r
[31/08/2012 02:28:02] /r
[31/08/2012 02:28:04] /r
[31/08/2012 02:28:07] /r
[31/08/2012 02:29:43] /tpall
[31/08/2012 02:32:36] /attr set skull 3
[31/08/2012 02:41:17] /player andrew
[31/08/2012 02:41:33] /player zatacka
[31/08/2012 02:48:54] /goto andrew
[31/08/2012 02:49:37] /clean
[31/08/2012 03:48:45] /t
[31/08/2012 03:48:54] /goto zatacka
[31/08/2012 03:53:06] /t
[31/08/2012 03:53:12] /goto zatacka
[31/08/2012 03:53:32] /b dooooope, näg gjorde du den`
[31/08/2012 03:53:45] /b jag hade inte sett den, därför ville jag göra :p
[31/08/2012 03:54:03] /t
[31/08/2012 03:54:52] /r
[31/08/2012 03:55:02] /i 2207
[31/08/2012 03:55:11] /i 220
[31/08/2012 03:55:15] /i 2208
[31/08/2012 03:55:30] /newtype 351
[31/08/2012 03:55:36] /newtype 551
[31/08/2012 03:55:38] /newtype 151
[31/08/2012 03:55:42] /newtype 251
[31/08/2012 03:55:44] /newtype 250
[31/08/2012 03:55:50] /newtype 260
[31/08/2012 03:55:55] /newtype 259
[31/08/2012 03:55:58] /newtype 258
[31/08/2012 03:56:02] /newtype 257
[31/08/2012 03:56:02] /newtype 256
[31/08/2012 03:56:04] /newtype 255
[31/08/2012 03:56:06] /newtype 254
[31/08/2012 03:56:09] /newtype 253
[31/08/2012 03:56:36] /newtype 253
[31/08/2012 03:57:00] /b is botting allowed?
[31/08/2012 03:57:01] /t
[31/08/2012 04:00:47] /b Spanish, humanities, indian studies och science
[31/08/2012 04:01:21] /b haha
[31/08/2012 04:01:31] /b command för att inte visa namnet?
[31/08/2012 04:01:44] /goto zatacka
[31/08/2012 04:02:11] /b lawl, 
[31/08/2012 04:02:18] /b menar i broadcast
[31/08/2012 04:02:21] /b HAHHA
[31/08/2012 04:02:53] /b green haha
[31/08/2012 04:03:04] /b menar som du gör xD
[31/08/2012 04:03:10] /bc green hey
[31/08/2012 04:03:15] /bc green hey O:o
[31/08/2012 04:03:22] /bc yellow hi
[31/08/2012 04:03:28] /bc red haha
[31/08/2012 04:03:35] /bc blue hey
[31/08/2012 04:03:42] /bc blue hey
[31/08/2012 04:03:49] /bc green okej :p
[31/08/2012 04:04:17] /bc green ser du vad jag skriver?
[31/08/2012 04:04:50] /bc afk
[01/09/2012 03:15:02] /t
[01/09/2012 03:16:36] /m mongo
[01/09/2012 03:16:36] /m mongo
[01/09/2012 03:16:37] /m mongo
[01/09/2012 03:16:38] /m mongo
[01/09/2012 03:16:38] /m mongo
[01/09/2012 03:16:39] /m mongo
[01/09/2012 03:16:39] /m mongo
[01/09/2012 03:16:40] /m mongo
[01/09/2012 03:16:47] /m mongo
[01/09/2012 03:16:48] /m mongo
[01/09/2012 03:16:49] /m mongo
[01/09/2012 03:16:50] /m mongo
[01/09/2012 03:16:52] /m mongo
[01/09/2012 03:16:53] /m mongo
[01/09/2012 03:16:54] /m mongo
[01/09/2012 03:16:56] /m mongo
[01/09/2012 03:16:58] /m mongo
[01/09/2012 03:16:59] /m mongo
[01/09/2012 03:17:00] /m mongo
[13/09/2012 16:26:50] /goto im akwardly gay
[13/09/2012 16:29:36] /goto im akwardly gay
[13/09/2012 16:29:38] /goto im akwardly gay
[13/09/2012 16:29:39] /goto im akwardly gay
[13/09/2012 16:29:39] /goto im akwardly gay
[13/09/2012 16:29:40] /goto im akwardly gay
[13/09/2012 16:29:41] /goto im akwardly gay
[13/09/2012 16:29:42] /goto im akwardly gay
[13/09/2012 16:36:15] /goto im akwardly gay
[13/09/2012 16:36:18] /goto im akwardly gay
[13/09/2012 17:09:12] /b halo
