[17/08/2012 22:50:29] /i 222
[17/08/2012 22:51:36] /t zatacka
[17/08/2012 22:56:05] /mc
[17/08/2012 22:56:47] /i 2323
[17/08/2012 22:57:05] /promote
[17/08/2012 22:57:58] /a 1
[17/08/2012 22:57:59] /a
[17/08/2012 22:58:04] /a
[17/08/2012 22:58:05] /a
[17/08/2012 22:58:05] /a
[17/08/2012 22:58:08] /a
[17/08/2012 22:58:09] /a
[17/08/2012 22:58:10] /a
[17/08/2012 22:58:58] /zombiestart
[17/08/2012 22:59:28] /t
[17/08/2012 23:00:28] /m demon
[17/08/2012 23:18:12] /a 4
[17/08/2012 23:19:13] /a
[17/08/2012 23:19:13] /a
[17/08/2012 23:19:14] /a
[17/08/2012 23:19:14] /a
[17/08/2012 23:19:45] /a
[17/08/2012 23:19:46] /a
[17/08/2012 23:22:14] /t
[18/08/2012 11:16:34] /zombiestart
[18/08/2012 11:16:45] /t
[18/08/2012 11:17:03] /goto :P
[18/08/2012 11:17:24] /r
[18/08/2012 11:17:26] /t
[18/08/2012 11:17:54] /t
[18/08/2012 13:44:40] /m zombie event 
[18/08/2012 13:45:06] /ghost
[18/08/2012 13:45:14] /t
[18/08/2012 13:45:28] /goto zatacka
[18/08/2012 13:45:37] /c zatacka
[18/08/2012 13:48:29] /m hero
[18/08/2012 14:02:08] /promote darkie
[18/08/2012 14:09:03] /goto zehus
[18/08/2012 14:09:18] /t
[18/08/2012 14:11:30] /goto zehus
[18/08/2012 14:12:21] /bc hello
[18/08/2012 14:12:41] /r
[18/08/2012 14:12:43] /r
[18/08/2012 14:13:06] /ghost
[18/08/2012 14:15:30] /ghost
[18/08/2012 14:15:41] /a
[18/08/2012 14:15:43] /a
[18/08/2012 14:15:44] /a
[18/08/2012 14:15:46] /a
[18/08/2012 14:15:53] /a 5
[18/08/2012 14:16:01] /goto zatacka
[18/08/2012 14:16:05] /c zatacka 
[18/08/2012 14:25:30] /promote homie
[18/08/2012 14:26:32] /a 2
[18/08/2012 14:26:39] /up
[18/08/2012 14:27:35] /a 2
[18/08/2012 14:27:37] /up
[18/08/2012 14:29:51] /t
[18/08/2012 14:29:54] /t
[18/08/2012 14:29:54] /t
[18/08/2012 14:29:55] /t
[18/08/2012 14:29:55] /t
[18/08/2012 14:29:56] /t
[18/08/2012 14:29:56] /t
[18/08/2012 14:29:56] /t
[18/08/2012 14:30:12] /kick darkie
[19/08/2012 20:03:35] /goto zattacka
[19/08/2012 20:03:40] /goto zatacka
[19/08/2012 20:03:49] /goto Zatacka
[19/08/2012 20:04:08] /c zatacka
[19/08/2012 20:04:18] /a
[19/08/2012 20:04:18] /a
[19/08/2012 20:04:25] /ghost
[19/08/2012 20:04:27] /a
[19/08/2012 20:04:28] /a
[19/08/2012 20:04:34] /a
[19/08/2012 20:04:35] /a
[19/08/2012 20:04:37] /a
[19/08/2012 20:05:11] /a 3
[19/08/2012 20:05:12] /a
[19/08/2012 20:05:13] /a
[19/08/2012 20:05:17] /a
[19/08/2012 20:05:17] /a
[19/08/2012 20:05:18] /a
[19/08/2012 20:05:21] /a
[19/08/2012 20:08:08] /a
[19/08/2012 20:08:10] /a
[19/08/2012 20:09:27] /c zatacka
[19/08/2012 20:09:42] /a 1 zatacka
[19/08/2012 20:18:48] /a
[19/08/2012 20:18:58] /c zatacka
[19/08/2012 20:32:34] /i vippoints
[19/08/2012 21:05:45] /mc
[19/08/2012 21:05:55] /goto test
[19/08/2012 21:06:31] /zombiestart 
[19/08/2012 21:06:39] /zombiestart force
[19/08/2012 21:06:56] /m zombie event
[26/08/2012 20:03:50] /goto zatacka
[26/08/2012 20:08:45] /i donation uh
[26/08/2012 20:09:14] /a
[26/08/2012 20:09:14] /a
[26/08/2012 20:09:16] /a
[26/08/2012 20:09:21] /a
[26/08/2012 20:09:22] /a
[26/08/2012 20:09:22] /a
[26/08/2012 20:09:23] /a
[26/08/2012 20:09:23] /a
[26/08/2012 20:09:23] /a
[26/08/2012 20:09:24] /a
[26/08/2012 20:09:25] /a
[26/08/2012 20:09:29] /a
[26/08/2012 20:09:29] /a
[26/08/2012 20:09:30] /a
[26/08/2012 20:09:33] /a 5
[26/08/2012 20:09:38] /a
[26/08/2012 20:09:39] /a
[26/08/2012 20:09:39] /a
[26/08/2012 20:09:39] /a
[26/08/2012 20:09:39] /a
[26/08/2012 20:09:39] /a
[26/08/2012 20:09:39] /a
[26/08/2012 20:09:39] /a
[26/08/2012 20:09:39] /a
[26/08/2012 20:09:39] /a
[26/08/2012 20:09:39] /a
[26/08/2012 20:09:39] /a
[26/08/2012 20:09:39] /a
[26/08/2012 20:09:39] /a
[26/08/2012 20:09:39] /a
[26/08/2012 20:09:39] /a
[26/08/2012 20:09:39] /a
[26/08/2012 20:09:39] /a
[26/08/2012 20:09:39] /a
[26/08/2012 20:09:39] /a
[26/08/2012 20:09:40] /a
[26/08/2012 20:09:40] /a
[26/08/2012 20:09:40] /a
[26/08/2012 20:09:40] /a
[26/08/2012 20:09:40] /a
[26/08/2012 20:09:40] /a
[26/08/2012 20:09:40] /a
[26/08/2012 20:09:41] /a
[26/08/2012 20:09:41] /a
[26/08/2012 20:09:41] /a
[26/08/2012 20:09:41] /a
[26/08/2012 20:09:41] /t
[26/08/2012 20:09:44] /a
[26/08/2012 20:09:44] /a
[26/08/2012 20:09:47] /a
[26/08/2012 20:09:56] /a
[26/08/2012 20:09:57] /a
[26/08/2012 20:10:05] /a
[26/08/2012 20:10:05] /a
[26/08/2012 20:10:05] /a
[26/08/2012 20:10:06] /a
[26/08/2012 20:10:06] /a
[26/08/2012 20:10:06] /a
[26/08/2012 20:10:06] /a
[26/08/2012 20:10:06] /a
[26/08/2012 20:10:06] /a
[26/08/2012 20:10:06] /a
[26/08/2012 20:10:06] /a
[26/08/2012 20:10:06] /a
[26/08/2012 20:10:06] /a
[26/08/2012 20:10:06] /a
[26/08/2012 20:10:06] /a
[26/08/2012 20:10:06] /a
[26/08/2012 20:10:06] /a
[26/08/2012 20:10:06] /a
[26/08/2012 20:10:06] /a
[26/08/2012 20:10:06] /a
[26/08/2012 20:10:06] /a
[26/08/2012 20:10:10] /a
[26/08/2012 20:10:10] /a
[26/08/2012 20:10:11] /a
[26/08/2012 20:10:11] /a
[26/08/2012 20:10:11] /a
[26/08/2012 20:10:11] /a
[26/08/2012 20:10:11] /a
[26/08/2012 20:10:11] /a
[26/08/2012 20:10:11] /a
[26/08/2012 20:10:11] /a
[26/08/2012 20:10:11] /a
[26/08/2012 20:10:12] /a
[26/08/2012 20:10:12] /a
[26/08/2012 20:10:12] /a
[26/08/2012 20:10:12] /a
[26/08/2012 20:10:12] /a
[26/08/2012 20:10:12] /a
[26/08/2012 20:10:12] /a
[26/08/2012 20:10:12] /a
[26/08/2012 20:10:12] /a
[26/08/2012 20:10:12] /a
[26/08/2012 20:10:12] /a
[26/08/2012 20:10:12] /a
[26/08/2012 20:10:12] /a
[26/08/2012 20:10:12] /a
[26/08/2012 20:10:12] /a
[26/08/2012 20:10:12] /a
[26/08/2012 20:10:12] /a
[26/08/2012 20:10:12] /a
[26/08/2012 20:10:12] /a
[26/08/2012 20:10:12] /a
[26/08/2012 20:10:12] /a
[26/08/2012 20:10:12] /a
[26/08/2012 20:10:12] /a
[26/08/2012 20:10:12] /a
[26/08/2012 20:10:13] /a
[26/08/2012 20:10:13] /a
[26/08/2012 20:10:13] /a
[26/08/2012 20:10:13] /a
[26/08/2012 20:10:13] /a
[26/08/2012 20:10:13] /a
[26/08/2012 20:10:13] /a
[26/08/2012 20:10:13] /a
[26/08/2012 20:10:13] /a
[26/08/2012 20:10:13] /a
[26/08/2012 20:10:14] /a
[26/08/2012 20:10:14] /a
[26/08/2012 20:10:14] /a
[26/08/2012 20:10:14] /a
[26/08/2012 20:10:14] /a
[26/08/2012 20:10:14] /a
[26/08/2012 20:10:14] /a
[26/08/2012 20:10:14] /a
[26/08/2012 20:10:14] /a
[26/08/2012 20:10:14] /a
[26/08/2012 20:10:14] /a
[26/08/2012 20:10:14] /a
[26/08/2012 20:10:14] /a
[26/08/2012 20:10:14] /a
[26/08/2012 20:10:14] /a
[26/08/2012 20:10:14] /a
[26/08/2012 20:10:14] /a
[26/08/2012 20:10:14] /a
[26/08/2012 20:10:14] /a
[26/08/2012 20:10:14] /a
[26/08/2012 20:10:15] /a
[26/08/2012 20:10:16] /a
[26/08/2012 20:10:16] /a
[26/08/2012 20:10:16] /a
[26/08/2012 20:10:16] /a
[26/08/2012 20:10:16] /a
[26/08/2012 20:10:16] /a
[26/08/2012 20:10:16] /a
[26/08/2012 20:10:16] /a
[26/08/2012 20:10:16] /a
[26/08/2012 20:10:16] /a
[26/08/2012 20:10:16] /a
[26/08/2012 20:10:16] /a
[26/08/2012 20:10:16] /a
[26/08/2012 20:10:16] /a
[26/08/2012 20:10:16] /a
[26/08/2012 20:10:16] /a
[26/08/2012 20:10:16] /a
[26/08/2012 20:10:16] /a
[26/08/2012 20:10:16] /a
[26/08/2012 20:10:16] /a
[26/08/2012 20:10:16] /a
[26/08/2012 20:10:16] /a
[26/08/2012 20:10:16] /a
[26/08/2012 20:10:16] /a
[26/08/2012 20:10:16] /a
[26/08/2012 20:10:16] /a
[26/08/2012 20:10:18] /a
[26/08/2012 20:10:18] /a
[26/08/2012 20:10:18] /a
[26/08/2012 20:10:18] /a
[26/08/2012 20:10:18] /a
[26/08/2012 20:10:18] /a
[26/08/2012 20:10:18] /a
[26/08/2012 20:10:18] /a
[26/08/2012 20:10:18] /a
[26/08/2012 20:10:18] /a
[26/08/2012 20:10:18] /a
[26/08/2012 20:10:18] /a
[26/08/2012 20:10:19] /a
[26/08/2012 20:10:19] /a
[26/08/2012 20:10:19] /a
[26/08/2012 20:10:19] /a
[26/08/2012 20:10:19] /a
[26/08/2012 20:10:19] /a
[26/08/2012 20:10:19] /a
[26/08/2012 20:10:19] /a
[26/08/2012 20:10:19] /a
[26/08/2012 20:10:19] /a
[26/08/2012 20:10:19] /a
[26/08/2012 20:10:19] /a
[26/08/2012 20:10:19] /a
[26/08/2012 20:10:19] /a
[26/08/2012 20:10:19] /a
[26/08/2012 20:10:19] /a
[26/08/2012 20:10:19] /a
[26/08/2012 20:10:19] /a
[26/08/2012 20:10:19] /a
[26/08/2012 20:10:19] /a
[26/08/2012 20:10:19] /a
[26/08/2012 20:10:19] /a
[26/08/2012 20:10:19] /a
[26/08/2012 20:10:19] /a
[26/08/2012 20:10:19] /a
[26/08/2012 20:10:19] /a
[26/08/2012 20:10:19] /a
[26/08/2012 20:10:19] /a
[26/08/2012 20:10:19] /a
[26/08/2012 20:10:19] /a
[26/08/2012 20:10:20] /a
[26/08/2012 20:10:20] /a
[26/08/2012 20:10:20] /a
[26/08/2012 20:10:21] /a
[26/08/2012 20:10:21] /a
[26/08/2012 20:10:21] /a
[26/08/2012 20:10:21] /a
[26/08/2012 20:10:21] /a
[26/08/2012 20:10:21] /a
[26/08/2012 20:10:21] /a
[26/08/2012 20:10:21] /a
[26/08/2012 20:10:21] /a
[26/08/2012 20:10:21] /a
[26/08/2012 20:10:21] /a
[26/08/2012 20:10:21] /a
[26/08/2012 20:10:21] /a
[26/08/2012 20:10:21] /a
[26/08/2012 20:10:21] /a
[26/08/2012 20:10:21] /a
[26/08/2012 20:10:22] /a
[26/08/2012 20:10:23] /a
[26/08/2012 20:10:23] /a
[26/08/2012 20:10:23] /a
[26/08/2012 20:10:23] /a
[26/08/2012 20:10:23] /a
[26/08/2012 20:10:23] /a
[26/08/2012 20:10:23] /a
[26/08/2012 20:10:23] /a
[26/08/2012 20:10:23] /a
[26/08/2012 20:10:23] /a
[26/08/2012 20:10:23] /a
[26/08/2012 20:10:23] /a
[26/08/2012 20:10:23] /a
[26/08/2012 20:10:23] /a
[26/08/2012 20:10:23] /a
[26/08/2012 20:10:23] /a
[26/08/2012 20:10:23] /a
[26/08/2012 20:10:23] /a
[26/08/2012 20:10:23] /a
[26/08/2012 20:10:23] /a
[26/08/2012 20:10:23] /a
[26/08/2012 20:10:23] /a
[26/08/2012 20:10:24] /a
[26/08/2012 20:10:24] /a
[26/08/2012 20:10:24] /a
[26/08/2012 20:10:24] /a
[26/08/2012 20:10:24] /a
[26/08/2012 20:10:24] /a
[26/08/2012 20:10:24] /a
[26/08/2012 20:10:24] /a
[26/08/2012 20:10:24] /a
[26/08/2012 20:10:24] /a
[26/08/2012 20:10:24] /a
[26/08/2012 20:10:24] /a
[26/08/2012 20:10:24] /a
[26/08/2012 20:10:24] /a
[26/08/2012 20:10:24] /a
[26/08/2012 20:10:24] /a
[26/08/2012 20:10:24] /a
[26/08/2012 20:10:24] /a
[26/08/2012 20:10:24] /a
[26/08/2012 20:10:24] /a
[26/08/2012 20:10:24] /a
[26/08/2012 20:10:24] /a
[26/08/2012 20:10:24] /a
[26/08/2012 20:10:24] /a
[26/08/2012 20:10:24] /a
[26/08/2012 20:10:24] /a
[26/08/2012 20:10:24] /a
[26/08/2012 20:10:24] /a
[26/08/2012 20:10:24] /a
[26/08/2012 20:10:24] /a
[26/08/2012 20:10:25] /a
[26/08/2012 20:10:25] /a
[26/08/2012 20:10:25] /a
[26/08/2012 20:10:25] /a
[26/08/2012 20:10:25] /a
[26/08/2012 20:10:25] /a
[26/08/2012 20:10:25] /a
[26/08/2012 20:10:25] /a
[26/08/2012 20:10:25] /a
[26/08/2012 20:10:25] /a
[26/08/2012 20:10:25] /a
[26/08/2012 20:10:25] /a
[26/08/2012 20:10:25] /a
[26/08/2012 20:10:25] /a
[26/08/2012 20:10:25] /a
[26/08/2012 20:10:25] /a
[26/08/2012 20:10:25] /a
[26/08/2012 20:10:25] /a
[26/08/2012 20:10:25] /a
[26/08/2012 20:10:25] /a
[26/08/2012 20:10:25] /a
[26/08/2012 20:10:25] /a
[26/08/2012 20:10:25] /a
[26/08/2012 20:10:25] /a
[26/08/2012 20:10:25] /a
[26/08/2012 20:10:25] /a
[26/08/2012 20:10:25] /a
[26/08/2012 20:10:25] /a
[26/08/2012 20:10:25] /a
[26/08/2012 20:10:25] /a
[26/08/2012 20:10:25] /a
[26/08/2012 20:10:26] /a
[26/08/2012 20:10:27] /a
[26/08/2012 20:10:27] /a
[26/08/2012 20:10:27] /a
[26/08/2012 20:10:27] /a
[26/08/2012 20:10:27] /a
[26/08/2012 20:10:27] /a
[26/08/2012 20:10:27] /a
[26/08/2012 20:10:27] /a
[26/08/2012 20:10:28] /a
[26/08/2012 20:10:28] /a
[26/08/2012 20:10:28] /a
[26/08/2012 20:10:28] /a
[26/08/2012 20:10:28] /a
[26/08/2012 20:10:28] /a
[26/08/2012 20:10:28] /a
[26/08/2012 20:10:28] /a
[26/08/2012 20:10:28] /a
[26/08/2012 20:10:28] /a
[26/08/2012 20:10:28] /a
[26/08/2012 20:10:28] /a
[26/08/2012 20:10:28] /a
[26/08/2012 20:10:28] /a
[26/08/2012 20:10:28] /a
[26/08/2012 20:10:28] /a
[26/08/2012 20:10:28] /a
[26/08/2012 20:10:28] /a
[26/08/2012 20:10:28] /a
[26/08/2012 20:10:28] /a
[26/08/2012 20:10:28] /a
[26/08/2012 20:10:30] /a
[26/08/2012 20:10:30] /a
[26/08/2012 20:10:30] /a
[26/08/2012 20:10:30] /a
[26/08/2012 20:10:30] /a
[26/08/2012 20:10:30] /a
[26/08/2012 20:10:30] /a
[26/08/2012 20:10:30] /a
[26/08/2012 20:10:30] /a
[26/08/2012 20:10:30] /a
[26/08/2012 20:10:30] /a
[26/08/2012 20:10:30] /a
[26/08/2012 20:10:30] /a
[26/08/2012 20:10:30] /a
[26/08/2012 20:10:30] /a
[26/08/2012 20:10:30] /a
[26/08/2012 20:10:31] /a
[26/08/2012 20:10:31] /a
[26/08/2012 20:10:56] /a
[26/08/2012 20:10:57] /a
[26/08/2012 20:10:59] /a
[26/08/2012 20:11:58] /a
[26/08/2012 20:12:51] /a
[26/08/2012 20:12:53] /a
[26/08/2012 20:12:56] /a
[26/08/2012 20:12:58] /a
[26/08/2012 20:12:58] /a
[26/08/2012 20:12:59] /a
[26/08/2012 20:13:00] /a
[26/08/2012 20:13:00] /a
[26/08/2012 20:13:01] /a
[26/08/2012 20:13:01] /a
[26/08/2012 20:13:04] /a
[26/08/2012 20:13:05] /up
[26/08/2012 20:13:09] /down
[26/08/2012 20:13:10] /a
[26/08/2012 20:13:11] /a
[26/08/2012 20:13:30] /r
[26/08/2012 20:13:32] /a
[26/08/2012 20:14:03] /i 2284
[26/08/2012 20:14:13] /i 2275
[26/08/2012 20:16:59] /a
[26/08/2012 20:17:00] /a
[26/08/2012 20:17:00] /a
[26/08/2012 20:17:00] /a
[26/08/2012 20:17:00] /a
[26/08/2012 20:17:00] /a
[26/08/2012 20:17:00] /a
[26/08/2012 20:17:00] /a
[26/08/2012 20:17:00] /a
[26/08/2012 20:17:00] /a
[26/08/2012 20:17:00] /a
[26/08/2012 20:17:32] /a
[26/08/2012 20:17:33] /a
[26/08/2012 20:17:33] /a
[26/08/2012 20:17:33] /a
[26/08/2012 20:17:33] /a
[26/08/2012 20:17:33] /a
[26/08/2012 20:17:34] /a
[26/08/2012 20:17:34] /a
[26/08/2012 20:17:34] /a
[26/08/2012 20:17:34] /a
[26/08/2012 20:17:34] /a
[26/08/2012 20:17:34] /a
[26/08/2012 20:17:34] /a
[26/08/2012 20:17:34] /a
[26/08/2012 20:17:34] /a
[26/08/2012 20:17:34] /a
[26/08/2012 20:17:34] /a
[26/08/2012 20:17:34] /a
[26/08/2012 20:17:34] /a
[26/08/2012 20:17:34] /a
[26/08/2012 20:17:34] /a
[26/08/2012 20:17:34] /a
[26/08/2012 20:17:34] /a
[26/08/2012 20:17:34] /a
[26/08/2012 20:17:34] /a
[26/08/2012 20:17:34] /a
[26/08/2012 20:17:34] /a
[26/08/2012 20:17:34] /a
[26/08/2012 20:17:34] /a
[26/08/2012 20:17:35] /a
[26/08/2012 20:17:35] /a
[26/08/2012 20:17:35] /a
[26/08/2012 20:17:35] /a
[26/08/2012 20:17:35] /a
[26/08/2012 20:17:35] /a
[26/08/2012 20:17:35] /a
[26/08/2012 20:17:35] /a
[26/08/2012 20:17:35] /a
[26/08/2012 20:17:35] /a
[26/08/2012 20:17:35] /a
[26/08/2012 20:17:35] /a
[26/08/2012 20:17:35] /a
[26/08/2012 20:17:35] /a
[26/08/2012 20:17:35] /a
[26/08/2012 20:17:35] /a
[26/08/2012 20:17:35] /a
[26/08/2012 20:17:35] /a
[26/08/2012 20:17:35] /a
[26/08/2012 20:17:35] /a
[26/08/2012 20:17:35] /a
[26/08/2012 20:17:35] /a
[26/08/2012 20:17:35] /a
[26/08/2012 20:17:35] /a
[26/08/2012 20:17:35] /a
[26/08/2012 20:17:35] /a
[26/08/2012 20:17:35] /a
[26/08/2012 20:17:35] /a
[26/08/2012 20:17:35] /a
[26/08/2012 20:17:35] /a
[26/08/2012 20:17:35] /a
[26/08/2012 20:17:35] /a
[26/08/2012 20:17:36] /a
[26/08/2012 20:17:36] /a
[26/08/2012 20:17:36] /a
[26/08/2012 20:17:36] /a
[26/08/2012 20:17:36] /a
[26/08/2012 20:17:36] /a
[26/08/2012 20:17:36] /a
[26/08/2012 20:17:36] /a
[26/08/2012 20:17:36] /a
[26/08/2012 20:17:36] /a
[26/08/2012 20:17:36] /a
[26/08/2012 20:17:36] /a
[26/08/2012 20:17:36] /a
[26/08/2012 20:17:36] /a
[26/08/2012 20:17:36] /a
[26/08/2012 20:17:36] /a
[26/08/2012 20:17:36] /a
[26/08/2012 20:17:36] /a
[26/08/2012 20:17:36] /a
[26/08/2012 20:17:36] /a
[26/08/2012 20:17:36] /a
[26/08/2012 20:17:36] /a
[26/08/2012 20:17:36] /a
[26/08/2012 20:17:36] /a
[26/08/2012 20:17:36] /a
[26/08/2012 20:17:36] /a
[26/08/2012 20:17:37] /a
[26/08/2012 20:17:42] /a
[26/08/2012 20:17:43] /a
[26/08/2012 20:17:43] /a
[26/08/2012 20:17:43] /a
[26/08/2012 20:17:43] /a
[26/08/2012 20:17:43] /a
[26/08/2012 20:17:43] /a
[26/08/2012 20:17:43] /a
[26/08/2012 20:17:43] /a
[26/08/2012 20:17:43] /a
[26/08/2012 20:17:43] /a
[26/08/2012 20:17:43] /a
[26/08/2012 20:17:43] /a
[26/08/2012 20:17:43] /a
[26/08/2012 20:17:43] /a
[26/08/2012 20:17:43] /a
[26/08/2012 20:17:43] /a
[26/08/2012 20:17:43] /a
[26/08/2012 20:17:43] /a
[26/08/2012 20:17:43] /a
[26/08/2012 20:17:43] /a
[26/08/2012 20:17:43] /a
[26/08/2012 20:17:43] /a
[26/08/2012 20:17:43] /a
[26/08/2012 20:17:43] /a
[26/08/2012 20:17:43] /a
[26/08/2012 20:17:43] /a
[26/08/2012 20:17:44] /a
[26/08/2012 20:17:44] /a
[26/08/2012 20:17:44] /a
[26/08/2012 20:17:44] /a
[26/08/2012 20:17:44] /a
[26/08/2012 20:17:44] /a
[26/08/2012 20:17:46] /a
[26/08/2012 20:17:47] /a
[26/08/2012 20:17:47] /a
[26/08/2012 20:17:47] /a
[26/08/2012 20:17:47] /a
[26/08/2012 20:17:47] /a
[26/08/2012 20:17:47] /a
[26/08/2012 20:17:47] /a
[26/08/2012 20:17:47] /a
[26/08/2012 20:17:47] /a
[26/08/2012 20:17:47] /a
[26/08/2012 20:17:47] /a
[26/08/2012 20:17:47] /a
[26/08/2012 20:17:47] /a
[26/08/2012 20:17:47] /a
[26/08/2012 20:17:47] /a
[26/08/2012 20:17:48] /a
[26/08/2012 20:17:48] /a
[26/08/2012 20:17:48] /a
[26/08/2012 20:17:48] /a
[26/08/2012 20:17:48] /a
[26/08/2012 20:17:48] /a
[26/08/2012 20:17:48] /a
[26/08/2012 20:17:48] /a
[26/08/2012 20:17:48] /a
[26/08/2012 20:17:48] /a
[26/08/2012 20:17:48] /a
[26/08/2012 20:17:48] /a
[26/08/2012 20:17:48] /a
[26/08/2012 20:17:48] /a
[26/08/2012 20:17:48] /a
[26/08/2012 20:17:48] /a
[26/08/2012 20:17:48] /a
[26/08/2012 20:17:48] /a
[26/08/2012 20:17:48] /a
[26/08/2012 20:17:48] /a
[26/08/2012 20:17:48] /a
[26/08/2012 20:17:48] /a
[26/08/2012 20:17:48] /a
[26/08/2012 20:17:48] /a
[26/08/2012 20:17:48] /a
[26/08/2012 20:17:48] /a
[26/08/2012 20:17:48] /a
[26/08/2012 20:17:48] /a
[26/08/2012 20:17:48] /a
[26/08/2012 20:17:48] /a
[26/08/2012 20:17:48] /a
[26/08/2012 20:17:48] /a
[26/08/2012 20:17:48] /a
[26/08/2012 20:17:49] /a
[26/08/2012 20:17:49] /a
[26/08/2012 20:17:49] /a
[26/08/2012 20:17:49] /a
[26/08/2012 20:17:49] /a
[26/08/2012 20:17:49] /a
[26/08/2012 20:17:49] /a
[26/08/2012 20:17:49] /a
[26/08/2012 20:17:49] /a
[26/08/2012 20:17:49] /a
[26/08/2012 20:17:49] /a
[26/08/2012 20:17:49] /a
[26/08/2012 20:17:49] /a
[26/08/2012 20:17:49] /a
[26/08/2012 20:17:49] /a
[26/08/2012 20:17:49] /a
[26/08/2012 20:17:49] /a
[26/08/2012 20:17:49] /a
[26/08/2012 20:17:49] /a
[26/08/2012 20:17:49] /a
[26/08/2012 20:17:49] /a
[26/08/2012 20:17:49] /a
[26/08/2012 20:17:49] /a
[26/08/2012 20:17:49] /a
[26/08/2012 20:17:49] /a
[26/08/2012 20:17:49] /a
[26/08/2012 20:17:49] /a
[26/08/2012 20:17:49] /a
[26/08/2012 20:17:49] /a
[26/08/2012 20:17:49] /a
[26/08/2012 20:17:50] /a
[26/08/2012 20:17:50] /a
[26/08/2012 20:17:50] /a
[26/08/2012 20:17:50] /a
[26/08/2012 20:17:50] /a
[26/08/2012 20:17:50] /a
[26/08/2012 20:17:50] /a
[26/08/2012 20:17:50] /a
[26/08/2012 20:17:50] /a
[26/08/2012 20:17:50] /a
[26/08/2012 20:17:50] /a
[26/08/2012 20:17:50] /a
[26/08/2012 20:17:50] /a
[26/08/2012 20:17:50] /a
[26/08/2012 20:17:50] /a
[26/08/2012 20:17:50] /a
[26/08/2012 20:17:50] /a
[26/08/2012 20:17:50] /a
[26/08/2012 20:17:50] /a
[26/08/2012 20:17:50] /a
[26/08/2012 20:17:50] /a
[26/08/2012 20:17:50] /a
[26/08/2012 20:17:50] /a
[26/08/2012 20:17:50] /a
[26/08/2012 20:17:50] /a
[26/08/2012 20:17:50] /a
[26/08/2012 20:17:50] /a
[26/08/2012 20:17:50] /a
[26/08/2012 20:17:50] /a
[26/08/2012 20:17:50] /a
[26/08/2012 20:17:50] /a
[26/08/2012 20:17:50] /a
[26/08/2012 20:17:51] /a
[26/08/2012 20:17:51] /a
[26/08/2012 20:17:51] /a
[26/08/2012 20:17:51] /a
[26/08/2012 20:17:51] /a
[26/08/2012 20:17:51] /a
[26/08/2012 20:17:51] /a
[26/08/2012 20:17:51] /a
[26/08/2012 20:17:51] /a
[26/08/2012 20:17:51] /a
[26/08/2012 20:17:51] /a
[26/08/2012 20:17:51] /a
[26/08/2012 20:17:51] /a
[26/08/2012 20:17:51] /a
[26/08/2012 20:17:52] /a
[26/08/2012 20:17:53] /a
[26/08/2012 20:17:53] /a
[26/08/2012 20:17:53] /a
[26/08/2012 20:17:53] /a
[26/08/2012 20:17:53] /a
[26/08/2012 20:17:53] /a
[26/08/2012 20:17:53] /a
[26/08/2012 20:17:53] /a
[26/08/2012 20:17:53] /a
[26/08/2012 20:17:53] /a
[26/08/2012 20:17:53] /a
[26/08/2012 20:17:53] /a
[26/08/2012 20:17:53] /a
[26/08/2012 20:17:53] /a
[26/08/2012 20:17:53] /a
[26/08/2012 20:17:53] /a
[26/08/2012 20:17:55] /a
[26/08/2012 20:17:55] /a
[26/08/2012 20:17:55] /a
[26/08/2012 20:17:55] /a
[26/08/2012 20:17:55] /a
[26/08/2012 20:17:55] /a
[26/08/2012 20:17:55] /a
[26/08/2012 20:17:55] /a
[26/08/2012 20:17:55] /a
[26/08/2012 20:17:55] /a
[26/08/2012 20:17:55] /a
[26/08/2012 20:17:55] /a
[26/08/2012 20:17:55] /a
[26/08/2012 20:17:56] /a
[26/08/2012 20:17:56] /a
[26/08/2012 20:17:56] /a
[26/08/2012 20:17:56] /a
[26/08/2012 20:17:56] /a
[26/08/2012 20:17:56] /a
[26/08/2012 20:18:00] /a
[26/08/2012 20:18:00] /a
[26/08/2012 20:18:00] /a
[26/08/2012 20:18:00] /a
[26/08/2012 20:18:00] /a
[26/08/2012 20:18:00] /a
[26/08/2012 20:18:00] /a
[26/08/2012 20:18:00] /a
[26/08/2012 20:18:00] /a
[26/08/2012 20:18:00] /a
[26/08/2012 20:18:00] /a
[26/08/2012 20:18:01] /a
[26/08/2012 20:18:01] /a
[26/08/2012 20:18:01] /a
[26/08/2012 20:18:01] /a
[26/08/2012 20:18:01] /a
[26/08/2012 20:18:01] /a
[26/08/2012 20:18:01] /a
[26/08/2012 20:18:01] /a
[26/08/2012 20:18:01] /a
[26/08/2012 20:18:01] /a
[26/08/2012 20:18:01] /a
[26/08/2012 20:18:01] /a
[26/08/2012 20:18:01] /a
[26/08/2012 20:18:01] /a
[26/08/2012 20:18:01] /a
[26/08/2012 20:18:01] /a
[26/08/2012 20:18:01] /a
[26/08/2012 20:18:01] /a
[26/08/2012 20:18:01] /a
[26/08/2012 20:18:01] /a
[26/08/2012 20:18:01] /a
[26/08/2012 20:18:01] /a
[26/08/2012 20:18:01] /a
[26/08/2012 20:18:01] /a
[26/08/2012 20:18:01] /a
[26/08/2012 20:18:01] /a
[26/08/2012 20:18:01] /a
[26/08/2012 20:18:01] /a
[26/08/2012 20:18:01] /a
[26/08/2012 20:18:01] /a
[26/08/2012 20:18:01] /a
[26/08/2012 20:18:02] /a
[26/08/2012 20:18:02] /a
[26/08/2012 20:18:02] /a
[26/08/2012 20:18:02] /a
[26/08/2012 20:18:02] /a
[26/08/2012 20:18:02] /a
[26/08/2012 20:18:02] /a
[26/08/2012 20:18:02] /a
[26/08/2012 20:18:02] /a
[26/08/2012 20:18:02] /a
[26/08/2012 20:18:02] /a
[26/08/2012 20:18:02] /a
[26/08/2012 20:18:02] /a
[26/08/2012 20:18:02] /a
[26/08/2012 20:18:02] /a
[26/08/2012 20:18:03] /a
[26/08/2012 20:18:03] /a
[26/08/2012 20:18:03] /a
[26/08/2012 20:18:03] /a
[26/08/2012 20:18:03] /a
[26/08/2012 20:18:03] /a
[26/08/2012 20:18:03] /a
[26/08/2012 20:18:03] /a
[26/08/2012 20:18:03] /a
[26/08/2012 20:18:03] /a
[26/08/2012 20:18:03] /a
[26/08/2012 20:18:03] /a
[26/08/2012 20:18:03] /a
[26/08/2012 20:18:03] /a
[26/08/2012 20:18:03] /a
[26/08/2012 20:18:03] /a
[26/08/2012 20:18:03] /a
[26/08/2012 20:18:03] /a
[26/08/2012 20:18:03] /a
[26/08/2012 20:18:03] /a
[26/08/2012 20:18:03] /a
[26/08/2012 20:18:03] /a
[26/08/2012 20:18:03] /a
[26/08/2012 20:18:03] /a
[26/08/2012 20:18:03] /a
[26/08/2012 20:18:03] /a
[26/08/2012 20:18:04] /a
[26/08/2012 20:18:04] /a
[26/08/2012 20:18:04] /a
[26/08/2012 20:18:05] /a
[26/08/2012 20:18:05] /a
[26/08/2012 20:18:06] /a
[26/08/2012 20:18:06] /a
[26/08/2012 20:18:06] /a
[26/08/2012 20:18:06] /a
[26/08/2012 20:18:06] /a
[26/08/2012 20:18:06] /a
[26/08/2012 20:18:07] /a
[26/08/2012 20:18:07] /a
[26/08/2012 20:18:08] /a
[26/08/2012 20:18:08] /a
[26/08/2012 20:18:08] /a
[26/08/2012 20:18:09] /a
[26/08/2012 20:18:09] /a
[26/08/2012 20:18:09] /a
[26/08/2012 20:18:10] /a
[26/08/2012 20:18:10] /a
[26/08/2012 20:18:10] /a
[26/08/2012 20:18:10] /a
[26/08/2012 20:18:11] /a
[26/08/2012 20:18:11] /a
[26/08/2012 20:18:11] /a
[26/08/2012 20:18:12] /a
[26/08/2012 20:18:12] /a
[26/08/2012 20:18:12] /a
[26/08/2012 20:18:13] /a
[26/08/2012 20:18:13] /a
[26/08/2012 20:18:13] /a
[26/08/2012 20:18:14] /a
[26/08/2012 20:18:14] /a
[26/08/2012 20:18:26] /attr cannotmove
[26/08/2012 20:18:38] /a
[26/08/2012 20:19:09] /t
[26/08/2012 20:19:10] /a
[26/08/2012 20:19:11] /a
[26/08/2012 20:19:11] /a
[26/08/2012 20:19:11] /a
[26/08/2012 20:19:18] /i 2275
[26/08/2012 20:20:12] /i 2275
[26/08/2012 20:20:26] /a
[26/08/2012 20:20:35] /a
[26/08/2012 20:20:35] /a
[26/08/2012 20:20:36] /a
[26/08/2012 20:20:36] /a
[26/08/2012 20:20:37] /a
[26/08/2012 20:20:40] /a
[26/08/2012 20:20:42] /a
[26/08/2012 20:20:43] /a
[26/08/2012 20:21:31] /a
[26/08/2012 20:21:32] /a
[26/08/2012 20:21:33] /a
[26/08/2012 20:21:34] /a
[26/08/2012 20:21:35] /a
[26/08/2012 20:21:35] /a
[26/08/2012 20:21:35] /a
[26/08/2012 20:21:35] /a
[26/08/2012 20:21:36] /a
[26/08/2012 20:21:36] /a
[26/08/2012 20:21:36] /a
[26/08/2012 20:21:37] /a
[26/08/2012 20:21:37] /a
[26/08/2012 20:21:37] /a
[26/08/2012 20:21:37] /a
[26/08/2012 20:21:38] /a
[26/08/2012 20:21:38] /a
[26/08/2012 20:21:40] /a
[26/08/2012 20:21:40] /a
[26/08/2012 20:22:08] /a
[26/08/2012 20:22:09] /a
[26/08/2012 20:22:10] /a
[26/08/2012 20:22:11] /a
[26/08/2012 20:22:12] /a
[26/08/2012 20:22:12] /a
[26/08/2012 20:22:12] /a
[26/08/2012 20:22:12] /a
[26/08/2012 20:22:12] /a
[26/08/2012 20:22:12] /a
[26/08/2012 20:22:12] /a
[26/08/2012 20:22:12] /a
[26/08/2012 20:22:12] /a
[26/08/2012 20:22:12] /a
[26/08/2012 20:22:12] /a
[26/08/2012 20:22:12] /a
[26/08/2012 20:22:12] /a
[26/08/2012 20:22:12] /a
[26/08/2012 20:23:10] /a
[26/08/2012 20:23:12] /a
[26/08/2012 20:23:12] /a
[26/08/2012 20:23:13] /a
[26/08/2012 20:23:13] /a
[26/08/2012 20:23:13] /a
[26/08/2012 20:23:14] /a
[26/08/2012 20:23:14] /a
[26/08/2012 20:23:14] /a
[26/08/2012 20:23:14] /a
[26/08/2012 20:23:15] /a
[26/08/2012 20:23:15] /a
[26/08/2012 20:23:15] /a
[26/08/2012 20:23:16] /a
[26/08/2012 20:23:50] /a
[26/08/2012 20:23:51] /a
[26/08/2012 20:23:51] /a
[26/08/2012 20:23:51] /a
[26/08/2012 20:23:51] /a
[26/08/2012 20:23:51] /a
[26/08/2012 20:23:51] /a
[26/08/2012 20:23:51] /a
[26/08/2012 20:23:51] /a
[26/08/2012 20:23:51] /a
[26/08/2012 20:23:51] /a
[26/08/2012 20:23:52] /a
[26/08/2012 20:23:52] /a
[26/08/2012 20:44:39] /r
[26/08/2012 20:44:41] /r
[26/08/2012 20:44:43] /r
[26/08/2012 20:44:45] /r
[26/08/2012 20:44:46] /r
[26/08/2012 20:44:49] /r
[26/08/2012 20:44:50] /r
[26/08/2012 20:44:55] /a
[26/08/2012 20:44:57] /r
[26/08/2012 20:44:57] /r
[26/08/2012 20:44:59] /a
[26/08/2012 20:45:00] /a
[26/08/2012 20:45:01] /r
[26/08/2012 20:45:07] /a
[26/08/2012 20:45:07] /a
[26/08/2012 20:45:08] /a
[26/08/2012 20:45:08] /a
[26/08/2012 20:45:09] /a
[26/08/2012 20:45:09] /a
[26/08/2012 20:45:09] /a
[26/08/2012 20:45:09] /a
[26/08/2012 20:45:09] /a
[26/08/2012 20:45:09] /a
[26/08/2012 20:45:09] /a
[26/08/2012 20:45:09] /a
[26/08/2012 20:45:09] /a
[26/08/2012 20:45:09] /a
[26/08/2012 20:45:09] /a
[26/08/2012 20:45:09] /a
[26/08/2012 20:45:09] /a
[26/08/2012 20:45:09] /a
[26/08/2012 20:45:09] /a
[26/08/2012 20:45:09] /a
[26/08/2012 20:45:09] /a
[26/08/2012 20:45:09] /a
[26/08/2012 20:45:09] /a
[26/08/2012 20:45:09] /a
[26/08/2012 20:45:09] /a
[26/08/2012 20:45:09] /a
[26/08/2012 20:45:09] /a
[26/08/2012 20:45:11] /a
[26/08/2012 20:45:11] /a
[26/08/2012 20:45:11] /a
[26/08/2012 20:45:13] /a
[26/08/2012 20:45:13] /a
[26/08/2012 20:45:14] /a
[26/08/2012 20:45:14] /a
[26/08/2012 20:45:14] /a
[26/08/2012 20:45:14] /a
[26/08/2012 20:45:15] /a
[26/08/2012 20:45:15] /a
[26/08/2012 20:45:15] /a
[26/08/2012 20:45:15] /a
[26/08/2012 20:45:16] /a
[26/08/2012 20:45:16] /a
[26/08/2012 20:45:16] /a
[26/08/2012 20:45:16] /a
[26/08/2012 20:45:17] /a
[26/08/2012 20:45:17] /a
[26/08/2012 20:45:17] /a
[26/08/2012 20:45:18] /a
[26/08/2012 20:45:18] /a
[26/08/2012 20:45:18] /a
[26/08/2012 20:45:19] /a
[26/08/2012 20:45:19] /a
[26/08/2012 20:45:19] /a
[26/08/2012 20:45:19] /a
[26/08/2012 20:45:20] /a
[26/08/2012 20:45:20] /a
[26/08/2012 20:45:20] /a
[26/08/2012 20:45:20] /a
[26/08/2012 20:45:21] /a
[26/08/2012 20:45:21] /a
[26/08/2012 20:45:21] /a
[26/08/2012 20:45:22] /a
[26/08/2012 20:45:22] /a
[26/08/2012 20:45:22] /a
[26/08/2012 20:45:22] /a
[26/08/2012 20:45:23] /a
[26/08/2012 20:45:23] /a
[26/08/2012 20:45:23] /a
[26/08/2012 20:45:23] /a
[26/08/2012 20:45:24] /a
[26/08/2012 20:45:25] /a
[26/08/2012 20:45:25] /a
[26/08/2012 20:45:25] /a
[26/08/2012 20:45:26] /a
[26/08/2012 20:45:26] /a
[26/08/2012 20:45:38] /a
[26/08/2012 20:45:39] /a
[26/08/2012 20:45:39] /a
[26/08/2012 20:45:39] /a
[26/08/2012 20:45:39] /a
[26/08/2012 20:45:52] /a
[26/08/2012 20:45:53] /a
[26/08/2012 20:45:53] /a
[26/08/2012 20:45:53] /a
[26/08/2012 20:45:53] /a
[26/08/2012 20:45:53] /a
[26/08/2012 20:45:53] /a
[26/08/2012 20:45:53] /a
[26/08/2012 20:45:53] /a
[26/08/2012 20:45:53] /a
[26/08/2012 20:45:53] /a
[26/08/2012 20:45:53] /a
[26/08/2012 20:45:53] /a
[26/08/2012 20:45:53] /a
[26/08/2012 20:45:53] /a
[26/08/2012 20:45:53] /a
[26/08/2012 20:45:53] /a
[26/08/2012 20:45:53] /a
[26/08/2012 20:45:53] /a
[26/08/2012 20:45:53] /a
[26/08/2012 20:45:53] /a
[26/08/2012 20:45:54] /a
[26/08/2012 20:45:54] /a
[26/08/2012 20:45:54] /a
[26/08/2012 20:45:54] /a
[26/08/2012 20:45:54] /a
[26/08/2012 20:45:54] /a
[26/08/2012 20:45:54] /a
[26/08/2012 20:45:54] /a
[26/08/2012 20:45:54] /a
[26/08/2012 20:45:54] /a
[26/08/2012 20:45:54] /a
[26/08/2012 20:45:54] /a
[26/08/2012 20:45:54] /a
[26/08/2012 20:45:54] /a
[26/08/2012 20:45:54] /a
[26/08/2012 20:45:54] /a
[26/08/2012 20:45:54] /a
[26/08/2012 20:45:54] /a
[26/08/2012 20:45:54] /a
[26/08/2012 20:45:55] /a
[26/08/2012 20:45:56] /a
[26/08/2012 20:45:56] /a
[26/08/2012 20:45:56] /a
[26/08/2012 20:45:56] /a
[26/08/2012 20:45:56] /a
[26/08/2012 20:45:56] /a
[26/08/2012 20:45:56] /a
[26/08/2012 20:45:56] /a
[26/08/2012 20:45:56] /a
[26/08/2012 20:45:56] /a
[26/08/2012 20:45:56] /a
[26/08/2012 20:45:56] /a
[26/08/2012 20:45:56] /a
[26/08/2012 20:45:56] /a
[26/08/2012 20:45:56] /a
[26/08/2012 20:45:56] /a
[26/08/2012 20:45:56] /a
[26/08/2012 20:45:56] /a
[26/08/2012 20:45:56] /a
[26/08/2012 20:45:56] /a
[26/08/2012 20:45:56] /a
[26/08/2012 20:45:56] /a
[26/08/2012 20:45:56] /a
[26/08/2012 20:45:56] /a
[26/08/2012 20:45:56] /a
[26/08/2012 20:45:56] /a
[26/08/2012 20:45:56] /a
[26/08/2012 20:45:56] /a
[26/08/2012 20:45:57] /a
[26/08/2012 20:45:57] /a
[26/08/2012 20:45:57] /a
[26/08/2012 20:45:57] /a
[26/08/2012 20:45:57] /a
[26/08/2012 20:46:21] /a
[26/08/2012 20:46:22] /a
[26/08/2012 20:46:22] /a
[26/08/2012 20:46:22] /a
[26/08/2012 20:46:22] /a
[26/08/2012 20:46:22] /a
[26/08/2012 20:46:22] /a
[26/08/2012 20:46:22] /a
[26/08/2012 20:46:22] /a
[26/08/2012 20:46:22] /a
[26/08/2012 20:46:22] /a
[26/08/2012 20:46:22] /a
[26/08/2012 20:46:22] /a
[26/08/2012 20:46:22] /a
[26/08/2012 20:46:22] /a
[26/08/2012 20:46:22] /a
[26/08/2012 20:46:22] /a
[26/08/2012 20:46:22] /a
[26/08/2012 20:46:22] /a
[26/08/2012 20:46:22] /a
[26/08/2012 20:46:22] /a
[26/08/2012 20:46:22] /a
[26/08/2012 20:46:22] /a
[26/08/2012 20:46:22] /a
[26/08/2012 20:46:22] /a
[26/08/2012 20:46:22] /a
[26/08/2012 20:46:22] /a
[26/08/2012 20:46:22] /a
[26/08/2012 20:46:22] /a
[26/08/2012 20:46:23] /a
[26/08/2012 20:46:23] /a
[26/08/2012 20:46:23] /a
[26/08/2012 20:46:23] /a
[26/08/2012 20:46:24] /a
[26/08/2012 20:46:25] /a
[26/08/2012 20:46:25] /a
[26/08/2012 20:46:25] /a
[26/08/2012 20:46:25] /a
[26/08/2012 20:46:25] /a
[26/08/2012 20:46:25] /a
[26/08/2012 20:46:39] /i donation axe
[26/08/2012 20:49:58] /a
[26/08/2012 20:49:58] /a
[26/08/2012 20:50:02] /a
[26/08/2012 20:50:03] /a
[26/08/2012 20:50:03] /a
[26/08/2012 20:50:05] /a
[26/08/2012 20:50:07] /a
[26/08/2012 20:50:24] /a
[26/08/2012 20:50:26] /a
[26/08/2012 20:50:26] /a
[26/08/2012 20:50:26] /a
[26/08/2012 20:50:28] /a
[26/08/2012 20:50:28] /a
[26/08/2012 20:50:54] /a
[26/08/2012 20:50:54] /a
[26/08/2012 20:50:54] /a
[26/08/2012 20:50:54] /a
[26/08/2012 20:50:55] /a
[26/08/2012 20:50:55] /a
[26/08/2012 20:50:55] /a
[26/08/2012 20:50:55] /a
[26/08/2012 20:50:56] /a
[26/08/2012 20:50:59] /a
[26/08/2012 20:51:01] /t
[26/08/2012 20:51:02] /t
[26/08/2012 20:51:05] /a
[26/08/2012 20:51:06] /a
[26/08/2012 20:51:07] /a
[26/08/2012 20:51:10] /a
[26/08/2012 20:51:10] /a
[26/08/2012 20:51:10] /a
[26/08/2012 20:51:11] /a
[26/08/2012 20:51:29] /i 5953
[26/08/2012 20:51:40] /i 5952
[26/08/2012 20:52:03] /i 10134
[26/08/2012 20:52:18] /i 7708
[26/08/2012 20:52:35] /i donated backpack
[26/08/2012 20:52:41] /i backpack
[26/08/2012 20:53:01] /i 7409
[26/08/2012 20:53:30] /i 10552
[26/08/2012 20:53:54] /r
[26/08/2012 20:53:56] /r
[26/08/2012 20:53:56] /a
[26/08/2012 20:53:57] /a
[26/08/2012 20:53:57] /a
[26/08/2012 20:53:57] /a
[26/08/2012 20:53:58] /a
[26/08/2012 20:53:58] /a
[26/08/2012 20:54:06] /i 2296
[26/08/2012 20:54:41] /i 2284
[26/08/2012 20:55:04] /i 12604
[26/08/2012 20:55:14] /i 7735
[26/08/2012 20:55:25] /i 12603
[26/08/2012 20:55:35] /i 12605
[26/08/2012 20:55:45] /i 12606
[26/08/2012 20:56:14] /i 12607
[26/08/2012 20:56:30] /i 12609
[26/08/2012 20:56:37] /i 12610
[26/08/2012 20:57:01] /i 11115
[26/08/2012 20:57:56] /i 10137
[26/08/2012 20:58:26] /i 2574
[26/08/2012 20:58:35] /i 7289
[26/08/2012 20:58:42] /i 12472
[26/08/2012 20:59:53] /a
[26/08/2012 20:59:53] /a
[26/08/2012 20:59:54] /a
[26/08/2012 21:00:29] /i donation uh
[26/08/2012 21:01:05] /i donation backpack
[26/08/2012 21:01:28] /i 2275
[26/08/2012 21:01:58] /i 2284
[26/08/2012 21:02:05] /i 12603
[26/08/2012 21:02:13] /i 12604
[26/08/2012 21:02:18] /i 12605
[26/08/2012 21:02:25] /i 12606
[26/08/2012 21:02:32] /i 12607
[26/08/2012 21:03:03] /i 12609
[26/08/2012 21:03:14] /i 12610
[26/08/2012 21:03:27] /i 5956
[26/08/2012 21:03:36] /i 5952
[26/08/2012 21:03:50] /i 10137
[26/08/2012 21:04:03] /i 2574
[26/08/2012 21:04:11] /i 7289
[26/08/2012 21:04:24] /i 10134
[26/08/2012 21:04:34] /i 9969
[26/08/2012 21:04:42] /i 7708
[26/08/2012 21:04:58] /i 12427
[26/08/2012 21:05:08] /i 2091
[26/08/2012 21:05:18] /i 7409
[26/08/2012 21:05:37] /i 10552
[26/08/2012 21:05:50] /i 5810
[26/08/2012 21:06:02] /a
[26/08/2012 21:06:02] /a
[26/08/2012 21:06:02] /a
[26/08/2012 21:06:03] /a
[26/08/2012 21:06:10] /i golden nugget 
[26/08/2012 21:06:17] /i crystal coins
[26/08/2012 21:06:21] /a
[26/08/2012 21:06:22] /a
[26/08/2012 21:06:22] /a
[26/08/2012 21:06:22] /a
[26/08/2012 21:06:22] /a
[26/08/2012 21:06:22] /a
[26/08/2012 21:06:23] /a
[26/08/2012 21:06:23] /a
[26/08/2012 21:06:24] /a
[26/08/2012 21:06:24] /a
[26/08/2012 21:06:24] /a
[26/08/2012 21:06:24] /a
[26/08/2012 21:06:25] /a
[26/08/2012 21:06:25] /a
[26/08/2012 21:08:10] /goto zatacka
[26/08/2012 21:12:04] /a
[26/08/2012 21:12:04] /a
[26/08/2012 21:12:04] /a
[26/08/2012 21:12:05] /a
[26/08/2012 21:12:05] /a
[26/08/2012 21:12:05] /a
[26/08/2012 21:12:05] /a
[26/08/2012 21:12:06] /a
[26/08/2012 21:12:06] /a
[26/08/2012 21:12:06] /a
[26/08/2012 21:12:06] /a
[26/08/2012 21:12:07] /a
[26/08/2012 21:12:07] /a
[26/08/2012 21:12:07] /a
[26/08/2012 21:12:07] /a
[26/08/2012 21:12:08] /t
[26/08/2012 21:12:10] /t
[26/08/2012 21:12:10] /t
[26/08/2012 21:12:10] /t
[26/08/2012 21:12:11] /t
[26/08/2012 21:12:11] /t
[26/08/2012 21:12:11] /t
[26/08/2012 21:12:11] /t
[26/08/2012 21:12:12] /t
[26/08/2012 21:12:12] /t
[26/08/2012 21:12:12] /t
[26/08/2012 21:12:13] /t
[26/08/2012 21:12:13] /t
[26/08/2012 21:12:14] /a
[26/08/2012 21:12:14] /a
[26/08/2012 21:12:15] /r
[26/08/2012 21:12:16] /t
[26/08/2012 21:12:17] /t
[26/08/2012 21:12:18] /t
[26/08/2012 21:12:19] /t
[26/08/2012 21:12:19] /t
[26/08/2012 21:12:20] /t
[26/08/2012 21:12:20] /t
[26/08/2012 21:12:20] /t
[26/08/2012 21:12:20] /t
[26/08/2012 21:12:26] /attr cannotmove
[26/08/2012 21:12:28] /attr cannotmove
[26/08/2012 21:12:42] /a
[26/08/2012 21:12:54] /attr cannotmove
[26/08/2012 21:12:55] /attr cannotmove
[26/08/2012 21:12:55] /attr cannotmove
[26/08/2012 21:12:55] /attr cannotmove
[26/08/2012 21:12:56] /attr cannotmove
[26/08/2012 21:12:56] /attr cannotmove
[26/08/2012 21:12:56] /attr cannotmove
[26/08/2012 21:12:57] /attr cannotmove
[26/08/2012 21:12:57] /attr cannotmove
[26/08/2012 21:12:57] /attr cannotmove
[26/08/2012 21:12:58] /attr cannotmove
[26/08/2012 21:12:58] /attr cannotmove
[26/08/2012 21:12:58] /attr cannotmove
[26/08/2012 21:12:59] /attr cannotmove
[26/08/2012 21:13:01] /attr cannotmove
[26/08/2012 21:13:10] /attr group 1
[26/08/2012 21:13:17] /attr group 6
[26/08/2012 21:13:28] /attr group 8
[26/08/2012 21:13:35] /a
[26/08/2012 21:13:35] /a
[26/08/2012 21:13:35] /a
[26/08/2012 21:13:37] /a
[26/08/2012 21:13:37] /a
[26/08/2012 21:13:38] /a
[26/08/2012 21:13:38] /a
[26/08/2012 21:13:39] /a
[26/08/2012 21:13:39] /a
[26/08/2012 21:13:39] /a
[26/08/2012 21:13:39] /a
[26/08/2012 21:13:40] /a
[26/08/2012 21:14:53] /a
[26/08/2012 21:14:54] /a
[26/08/2012 21:14:54] /a
[26/08/2012 21:14:55] /a
[26/08/2012 21:14:55] /a
[26/08/2012 21:14:55] /a
[26/08/2012 21:14:55] /a
[26/08/2012 21:14:56] /a
[26/08/2012 21:14:56] /a
[26/08/2012 21:14:56] /a
[26/08/2012 21:14:56] /a
[26/08/2012 21:14:56] /a
[26/08/2012 21:14:56] /a
[26/08/2012 21:14:56] /a
[26/08/2012 21:14:56] /a
[26/08/2012 21:14:56] /a
[26/08/2012 21:14:56] /a
[26/08/2012 21:14:56] /a
[26/08/2012 21:14:56] /a
[26/08/2012 21:14:56] /a
[26/08/2012 21:14:56] /a
[26/08/2012 21:14:56] /a
[26/08/2012 21:14:57] /a
[26/08/2012 21:14:57] /a
[26/08/2012 21:14:57] /a
[26/08/2012 21:14:57] /a
[26/08/2012 21:14:57] /a
[26/08/2012 21:14:57] /a
[26/08/2012 21:14:57] /a
[26/08/2012 21:14:57] /a
[26/08/2012 21:14:57] /a
[26/08/2012 21:14:57] /a
[26/08/2012 21:14:57] /a
[26/08/2012 21:14:57] /a
[26/08/2012 21:14:57] /a
[26/08/2012 21:14:57] /a
[26/08/2012 21:14:57] /a
[26/08/2012 21:14:57] /a
[26/08/2012 21:14:57] /a
[26/08/2012 21:14:57] /a
[26/08/2012 21:14:57] /a
[26/08/2012 21:14:58] /a
[26/08/2012 21:14:58] /a
[26/08/2012 21:14:58] /a
[26/08/2012 21:14:58] /a
[26/08/2012 21:14:58] /a
[26/08/2012 21:14:58] /a
[26/08/2012 21:14:58] /a
[26/08/2012 21:14:58] /a
[26/08/2012 21:14:58] /a
[26/08/2012 21:14:58] /a
[26/08/2012 21:14:58] /a
[26/08/2012 21:14:59] /a
[26/08/2012 21:14:59] /a
[26/08/2012 21:14:59] /a
[26/08/2012 21:14:59] /a
[26/08/2012 21:15:00] /a
[26/08/2012 21:15:00] /a
[26/08/2012 21:15:00] /a
[26/08/2012 21:15:00] /a
[26/08/2012 21:15:01] /a
[26/08/2012 21:15:01] /a
[26/08/2012 21:15:01] /a
[26/08/2012 21:15:01] /a
[26/08/2012 21:15:02] /a
[26/08/2012 21:15:02] /a
[26/08/2012 21:15:02] /a
[26/08/2012 21:15:02] /a
[26/08/2012 21:15:03] /a
[26/08/2012 21:15:03] /a
[26/08/2012 21:15:03] /a
[26/08/2012 21:15:03] /a
[26/08/2012 21:15:04] /a
[26/08/2012 21:15:04] /a
[26/08/2012 21:15:04] /a
[26/08/2012 21:15:04] /a
[26/08/2012 21:15:05] /a
[26/08/2012 21:15:05] /a
[26/08/2012 21:15:05] /a
[26/08/2012 21:15:06] /a
[26/08/2012 21:15:06] /a
[26/08/2012 21:15:06] /a
[26/08/2012 21:15:06] /a
[26/08/2012 21:15:06] /a
[26/08/2012 21:15:06] /a
[26/08/2012 21:15:06] /a
[26/08/2012 21:15:06] /a
[26/08/2012 21:15:06] /a
[26/08/2012 21:15:06] /a
[26/08/2012 21:15:06] /a
[26/08/2012 21:15:06] /a
[26/08/2012 21:15:06] /a
[26/08/2012 21:15:06] /a
[26/08/2012 21:15:06] /a
[26/08/2012 21:15:06] /a
[26/08/2012 21:15:06] /a
[26/08/2012 21:15:06] /a
[26/08/2012 21:15:06] /a
[26/08/2012 21:15:08] /a
[26/08/2012 21:15:08] /a
[26/08/2012 21:15:08] /a
[26/08/2012 21:15:09] /a
[26/08/2012 21:15:09] /a
[26/08/2012 21:15:09] /a
[26/08/2012 21:15:10] /a
[26/08/2012 21:15:10] /a
[26/08/2012 21:15:10] /a
[26/08/2012 21:15:11] /a
[26/08/2012 21:15:14] /owner darkie
[26/08/2012 21:15:15] /a
[26/08/2012 21:15:15] /a
[26/08/2012 21:15:16] /a
[26/08/2012 21:15:17] /a
[26/08/2012 21:15:18] /a
[26/08/2012 21:15:21] /owner darkie
[26/08/2012 21:15:24] /a
[26/08/2012 21:15:24] /a
[26/08/2012 21:15:27] /a
[26/08/2012 21:15:27] /a
[26/08/2012 21:15:27] /a
[26/08/2012 21:15:27] /a
[26/08/2012 21:15:28] /a
[26/08/2012 21:15:28] /a
[26/08/2012 21:15:28] /a
[26/08/2012 21:15:28] /a
[26/08/2012 21:15:28] /a
[26/08/2012 21:15:29] /a
[26/08/2012 21:15:29] /a
[26/08/2012 21:15:29] /a
[26/08/2012 21:15:29] /a
[26/08/2012 21:15:30] /a
[26/08/2012 21:15:30] /a
[26/08/2012 21:15:30] /a
[26/08/2012 21:15:30] /a
[26/08/2012 21:15:31] /a
[26/08/2012 21:15:31] /a
[26/08/2012 21:15:31] /a
[26/08/2012 21:15:31] /a
[26/08/2012 21:15:31] /a
[26/08/2012 21:15:32] /a
[26/08/2012 21:15:32] /a
[26/08/2012 21:15:32] /a
[26/08/2012 21:15:32] /a
[26/08/2012 21:15:33] /a
[26/08/2012 21:15:33] /a
[26/08/2012 21:15:33] /a
[26/08/2012 21:15:33] /a
[26/08/2012 21:15:34] /a
[26/08/2012 21:15:34] /a
[26/08/2012 21:15:34] /a
[26/08/2012 21:15:34] /a
[26/08/2012 21:15:35] /a
[26/08/2012 21:15:41] /a
[26/08/2012 21:15:41] /a
[26/08/2012 21:15:41] /a
[26/08/2012 21:15:41] /a
[26/08/2012 21:15:42] /a
[26/08/2012 21:15:42] /a
[26/08/2012 21:15:43] /a
[26/08/2012 21:15:43] /a
[26/08/2012 21:16:19] /a
[26/08/2012 21:16:20] /a
[26/08/2012 21:16:20] /a
[26/08/2012 21:16:21] /a
[26/08/2012 21:16:21] /a
[26/08/2012 21:16:21] /a
[26/08/2012 21:16:44] /i 7697
[26/08/2012 21:18:25] /goto zatacka\
[26/08/2012 21:18:29] /goto zatacka
[26/08/2012 21:19:21] /attr group 1
[26/08/2012 21:19:27] /attr group 8
