[19/05/2013 02:41:17] /a 3
[19/05/2013 02:41:31] /a 2
[19/05/2013 02:42:59] /down
[19/05/2013 02:43:00] /down
[19/05/2013 02:43:03] /a 3
[19/05/2013 02:43:04] /a 3
[19/05/2013 02:43:06] /a 3
[19/05/2013 02:43:07] /a 3
[19/05/2013 02:43:39] /m demon
[19/05/2013 02:43:47] /s demon
[19/05/2013 02:43:51] /s morde
[19/05/2013 03:23:56] /town 2
[19/05/2013 03:23:58] /town 3
[19/05/2013 03:24:10] /town 4
[19/05/2013 03:24:10] /town 3
[19/05/2013 03:24:12] /town 4
[19/05/2013 03:24:13] /town 3
[19/05/2013 03:24:18] /town 2
[19/05/2013 03:24:18] /town 1
[19/05/2013 03:24:20] /town 2
[19/05/2013 03:24:22] /town 5
[19/05/2013 03:24:23] /town 6
[19/05/2013 03:24:26] /town 7
[19/05/2013 03:24:27] /town 8
[19/05/2013 03:24:28] /town 9
[19/05/2013 03:24:32] /town 10
[19/05/2013 03:24:34] /town 0
[19/05/2013 03:24:36] /town 1
[19/05/2013 03:25:11] /a 2
[19/05/2013 03:25:12] /up
[19/05/2013 03:26:04] /a 10
[19/05/2013 03:26:10] /a 10
[19/05/2013 03:26:13] /a 10
[19/05/2013 03:26:13] /a 10
[19/05/2013 03:26:14] /a 10
[19/05/2013 03:26:15] /a 10
[19/05/2013 03:26:16] /a 10
[19/05/2013 03:26:17] /a 10
[19/05/2013 03:26:18] /a 10
[19/05/2013 03:26:21] /a 2
[19/05/2013 03:26:24] /a 10
[19/05/2013 03:26:25] /a 10
[19/05/2013 03:26:26] /a 10
[19/05/2013 03:26:26] /a 10
[19/05/2013 03:26:27] /a 10
[19/05/2013 03:26:28] /a 10
[19/05/2013 03:26:30] /a 10
[19/05/2013 03:26:31] /a 10
[19/05/2013 03:26:32] /a 10
[19/05/2013 03:26:33] /a 10
[19/05/2013 03:26:34] /a 10
[19/05/2013 03:26:35] /a 10
[19/05/2013 03:26:36] /a 10
[19/05/2013 03:26:38] /a 10
[19/05/2013 03:26:38] /a 10
[19/05/2013 03:26:39] /a 10
[19/05/2013 03:26:40] /a 10
[19/05/2013 03:26:40] /a 10
[19/05/2013 03:26:42] /a 2
[19/05/2013 03:26:44] /a 10
[19/05/2013 03:26:44] /a 10
[19/05/2013 03:26:45] /a 10
[19/05/2013 03:26:46] /a 10
[19/05/2013 03:26:47] /a 10
[19/05/2013 03:26:48] /a 10
[19/05/2013 03:26:50] /a 10
[19/05/2013 03:26:50] /a 10
[19/05/2013 03:26:51] /a 10
[19/05/2013 03:26:52] /a 10
[19/05/2013 03:26:53] /a 10
[19/05/2013 03:26:54] /a 10
[19/05/2013 03:26:59] /a 
[19/05/2013 03:27:01] /a 
[19/05/2013 03:27:01] /a 
[19/05/2013 03:27:01] /a 
[19/05/2013 03:27:02] /a 
[19/05/2013 03:27:03] /a 10
[19/05/2013 03:27:04] /a 10
[19/05/2013 03:27:04] /a 10
[19/05/2013 03:27:05] /a 10
[19/05/2013 03:27:06] /a 10
[19/05/2013 03:27:06] /a 10
[19/05/2013 03:27:07] /a 10
[19/05/2013 03:27:08] /a 10
[19/05/2013 03:27:08] /a 10
[19/05/2013 03:27:09] /a 10
[19/05/2013 03:27:10] /a 10
[19/05/2013 03:27:11] /a 10
[19/05/2013 03:27:12] /a 10
[19/05/2013 03:27:13] /a 10
[19/05/2013 03:27:13] /a 10
[19/05/2013 03:27:14] /a 10
[19/05/2013 03:27:16] /a 10
[19/05/2013 03:27:18] /a 10
[19/05/2013 03:27:20] /a 10
[19/05/2013 03:27:22] /a 2
[19/05/2013 03:27:26] /a 10
[19/05/2013 03:27:27] /a 10
[19/05/2013 03:27:28] /a 10
[19/05/2013 03:27:28] /a 10
[19/05/2013 03:27:29] /a 10
[19/05/2013 03:27:29] /a 10
[19/05/2013 03:27:30] /a 10
[19/05/2013 03:27:31] /a 2
[19/05/2013 03:27:32] /a 2
[19/05/2013 03:27:33] /a 2
[19/05/2013 03:27:35] /a 2
[19/05/2013 03:27:37] /a 1
[19/05/2013 16:52:53] /a 20
[19/05/2013 16:52:54] /a 20
[19/05/2013 16:52:55] /a 20
[19/05/2013 16:52:56] /a 20
[19/05/2013 16:52:57] /m demon
[19/05/2013 16:53:16] /m oblivion
[19/05/2013 16:53:18] /m orshabaal
[19/05/2013 16:53:19] /m orshabaal
[19/05/2013 16:53:19] /m orshabaal
[19/05/2013 16:53:20] /m orshabaal
[19/05/2013 16:55:58] /a 2
[19/05/2013 16:57:15] /m ghastly dragon
[19/05/2013 16:57:16] /m ghastly dragon
[19/05/2013 16:57:17] /m ghastly dragon
[19/05/2013 16:57:17] /m ghastly dragon
[19/05/2013 16:57:17] /m ghastly dragon
[19/05/2013 16:57:18] /m ghastly dragon
[19/05/2013 20:12:36] /i gold coin
[19/05/2013 20:13:07] /m demon
[19/05/2013 20:16:26] /town 1
[19/05/2013 20:16:29] /m demon
[19/05/2013 20:16:30] /m demon
[19/05/2013 20:16:30] /m demon
[19/05/2013 20:16:31] /m demon
[19/05/2013 20:16:31] /m demon
[19/05/2013 20:25:13] /r
[19/05/2013 20:36:45] /town 
[19/05/2013 20:36:46] /town 1
[19/05/2013 20:36:50] /m demon
[19/05/2013 20:37:12] /goto training
[19/05/2013 20:37:14] /goto training monk
[19/05/2013 20:37:16] /goto trainer
[19/05/2013 20:37:48] /m training monk
[19/05/2013 20:38:14] /m training monk
[19/05/2013 20:39:22] /m training monk
[19/05/2013 20:39:23] /m training monk
[19/05/2013 20:41:15] /m training monk
[28/05/2013 01:24:34] /town 1
[28/05/2013 01:24:36] /town 2
[28/05/2013 01:24:47] /town 3
[28/05/2013 01:24:52] /a 10
[28/05/2013 01:24:58] /town 4
[28/05/2013 01:25:00] /town 5
[28/05/2013 01:25:00] /town 6
[28/05/2013 01:25:06] /town 1
[28/05/2013 01:25:15] /goto demon
[28/05/2013 01:25:17] /r
[28/05/2013 01:25:18] /goto demon
[28/05/2013 01:25:21] /r
[28/05/2013 01:25:21] /goto demon
[28/05/2013 01:25:34] /m monk
[28/05/2013 01:25:37] /s monk
[28/05/2013 01:25:43] /s training monk
[28/05/2013 01:25:46] /s trainer
[28/05/2013 01:25:51] /s medusa
[28/05/2013 01:26:04] /s serpent spawn
[28/05/2013 01:26:05] /s serpent spawn
[28/05/2013 01:26:28] /m behemoth
[28/05/2013 01:26:53] /i sudden death rune
[28/05/2013 01:27:36] /s ferumbras
[28/05/2013 01:27:48] /s ghazbaran
[28/05/2013 01:28:53] /goto rabbit
[28/05/2013 01:28:59] /a 5
[28/05/2013 01:28:59] /a 5
[28/05/2013 01:28:59] /a 5
[28/05/2013 01:28:59] /a 5
[28/05/2013 01:28:59] /a 5
[28/05/2013 01:28:59] /a 5
[28/05/2013 01:28:59] /a 5
[28/05/2013 01:29:00] /a 5
[28/05/2013 01:29:00] /a 5
[28/05/2013 01:29:00] /a 5
[28/05/2013 01:29:00] /a 5
[28/05/2013 01:29:00] /a 5
[28/05/2013 01:29:00] /a 5
[28/05/2013 01:29:00] /a 5
[28/05/2013 01:29:00] /a 5
[28/05/2013 01:29:00] /a 5
[28/05/2013 01:29:00] /a 5
[28/05/2013 01:29:00] /a 5
[28/05/2013 01:29:00] /a 5
[28/05/2013 01:29:00] /a 5
[28/05/2013 01:29:00] /a 5
[28/05/2013 01:29:00] /a 5
[28/05/2013 01:29:00] /a 5
[28/05/2013 01:29:00] /a 5
[28/05/2013 01:29:00] /a 5
[28/05/2013 01:29:00] /a 5
[28/05/2013 01:29:00] /a 5
[28/05/2013 01:29:00] /a 5
[28/05/2013 01:29:00] /a 5
[28/05/2013 01:29:00] /a 5
[28/05/2013 01:29:00] /a 5
[28/05/2013 01:29:00] /a 5
[28/05/2013 01:29:00] /a 5
[28/05/2013 01:29:00] /a 5
[28/05/2013 01:29:00] /a 5
[28/05/2013 01:29:00] /a 5
[28/05/2013 01:29:00] /a 5
[28/05/2013 01:29:01] /a 5
[28/05/2013 01:29:01] /a 5
[28/05/2013 01:29:01] /a 5
[28/05/2013 01:29:01] /a 5
[28/05/2013 01:29:01] /a 5
[28/05/2013 01:29:01] /a 5
[28/05/2013 01:29:01] /a 5
[28/05/2013 01:29:01] /a 5
[28/05/2013 01:29:01] /a 5
[28/05/2013 01:29:01] /a 5
[28/05/2013 01:29:01] /a 5
[28/05/2013 01:29:02] /a 5
[28/05/2013 01:29:02] /a 5
[28/05/2013 01:29:02] /a 5
[28/05/2013 01:29:02] /a 5
[28/05/2013 01:29:02] /a 5
[28/05/2013 01:29:02] /a 5
[28/05/2013 01:29:02] /a 5
[28/05/2013 01:29:02] /a 5
[28/05/2013 01:29:02] /a 5
[28/05/2013 01:29:02] /a 5
[28/05/2013 01:29:02] /a 5
[28/05/2013 01:29:02] /a 5
[28/05/2013 01:29:02] /a 5
[28/05/2013 01:29:02] /a 5
[28/05/2013 01:29:02] /a 5
[28/05/2013 01:29:02] /a 5
[28/05/2013 01:29:02] /a 5
[28/05/2013 01:29:02] /a 5
[28/05/2013 01:29:02] /a 5
[28/05/2013 01:29:02] /a 5
[28/05/2013 01:29:02] /a 5
[28/05/2013 01:29:02] /a 5
[28/05/2013 01:29:02] /a 5
[28/05/2013 01:29:02] /a 5
[28/05/2013 01:29:02] /a 5
[28/05/2013 01:29:02] /a 5
[28/05/2013 01:29:02] /a 5
[28/05/2013 01:29:02] /a 5
[28/05/2013 01:29:03] /a 5
[28/05/2013 01:29:03] /a 5
[28/05/2013 01:29:03] /a 5
[28/05/2013 01:29:03] /a 5
[28/05/2013 01:29:03] /a 5
[28/05/2013 01:29:03] /a 5
[28/05/2013 01:29:03] /a 5
[28/05/2013 01:29:03] /a 5
[28/05/2013 01:29:03] /a 5
[28/05/2013 19:53:18] /i 7838
[28/05/2013 19:53:33] /i 8905
[28/05/2013 19:56:31] /i 7850
[28/05/2013 19:56:45] /i 8303
[28/05/2013 19:57:09] /i 8302
[28/05/2013 19:57:53] /i 5952
[28/05/2013 19:58:31] /i 7289
[28/05/2013 19:58:43] /s demon
[28/05/2013 19:58:57] /i 12285
[28/05/2013 19:59:28] /i 12427
[28/05/2013 19:59:45] /m demonk
[28/05/2013 19:59:46] /m demon
[28/05/2013 19:59:47] /m demon
[29/05/2013 00:37:23] /goto target dummy
[29/05/2013 00:37:29] /goto training monk
[29/05/2013 00:37:30] /down
[29/05/2013 00:37:33] /a 1
[29/05/2013 00:37:33] /a 1
[29/05/2013 00:37:34] /a 10
[29/05/2013 00:37:35] /a 10
[29/05/2013 00:37:36] /up
[29/05/2013 00:37:42] /town 1
[29/05/2013 00:37:51] /m nightmare
[29/05/2013 00:39:22] /m nightamre
[29/05/2013 00:39:26] /m nightmare
[29/05/2013 00:45:33] /i 12609
[29/05/2013 00:45:37] /m demon
[29/05/2013 00:48:08] /i 7735
[29/05/2013 00:48:17] /m training monk
[29/05/2013 00:48:20] /m training monk
[29/05/2013 00:48:54] /m training monk
[29/05/2013 00:48:57] /m training monk
[29/05/2013 00:48:58] /m training monk
[29/05/2013 00:48:58] /m training monk
[29/05/2013 00:48:59] /m training monk
[29/05/2013 00:49:09] /m training monk
[29/05/2013 00:49:15] /m training monk
[29/05/2013 00:49:17] /m training monk
[29/05/2013 00:49:19] /m training monk
[29/05/2013 00:50:45] /a 10
[29/05/2013 00:50:45] /a 10
[29/05/2013 00:50:46] /a 10
[29/05/2013 00:50:47] /a 10
[29/05/2013 00:50:47] /a 10
[29/05/2013 00:50:47] /a 10
[29/05/2013 00:50:48] /a 10
[29/05/2013 00:50:48] /a 10
[29/05/2013 00:50:48] /a 10
[29/05/2013 00:50:49] /a 10
[29/05/2013 00:50:49] /a 10
[29/05/2013 00:50:50] /a 10
[29/05/2013 00:50:50] /a 10
[29/05/2013 00:50:50] /a 10
[29/05/2013 00:50:51] /a 10
[29/05/2013 00:50:51] /a 10
[29/05/2013 00:50:52] /a 10
[29/05/2013 00:50:53] /a 10
[29/05/2013 00:50:53] /a 10
[29/05/2013 00:50:55] /up
[29/05/2013 00:50:57] /i 7735
[29/05/2013 00:51:11] /town 1
[29/05/2013 00:51:14] /i 7735
[29/05/2013 00:53:54] /down
[29/05/2013 00:54:05] /m worker golem
[29/05/2013 00:54:21] /r
[29/05/2013 00:54:44] /m dragon
[29/05/2013 00:54:46] /m dragon
[29/05/2013 00:54:48] /m dragon
[29/05/2013 01:11:01] /i 3954
[29/05/2013 01:11:22] /i 3954
[29/05/2013 01:11:22] /i 3954
[29/05/2013 01:11:39] /i 3954
[29/05/2013 01:11:40] /i 3954
[29/05/2013 01:11:45] /i 3954
[29/05/2013 01:11:45] /i 3954
[29/05/2013 01:11:46] /i 3954
[29/05/2013 01:11:46] /i 3954
[29/05/2013 01:12:16] /i 3954
[29/05/2013 01:12:16] /i 3954
[29/05/2013 01:12:16] /i 3954
[29/05/2013 01:12:17] /i 3954
[29/05/2013 01:12:17] /i 3954
[29/05/2013 01:12:35] /i 3954
[29/05/2013 01:12:36] /i 3954
[29/05/2013 01:12:49] /i 3954
[29/05/2013 01:12:49] /i 3954
[29/05/2013 01:12:50] /i 3954
[29/05/2013 01:13:07] /i 3954
[29/05/2013 01:13:08] /i 3954
[29/05/2013 01:13:08] /i 3954
[29/05/2013 01:13:08] /i 3954
[29/05/2013 01:13:57] /i 3954
[29/05/2013 01:13:58] /i 3954
[29/05/2013 01:13:58] /i 3954
[29/05/2013 01:13:59] /i 3954
[29/05/2013 01:13:59] /i 3954
[29/05/2013 01:22:34] /m scylla
[29/05/2013 01:22:38] /m rish
[29/05/2013 01:23:18] /m Glitterscale
[29/05/2013 02:59:49] /m skylla
[29/05/2013 03:00:07] /m toxic flower
[29/05/2013 03:00:14] /s training monk
[29/05/2013 03:00:26] /s training monk
[29/05/2013 03:00:45] /s dominion
[29/05/2013 03:01:24] /s demonoid
[29/05/2013 03:01:25] /r
[29/05/2013 03:01:47] /r
[29/05/2013 03:01:49] /s demonoid
[29/05/2013 03:01:49] /s demonoid
[29/05/2013 03:01:51] /s demonoid
[29/05/2013 03:01:51] /s demonoid
[29/05/2013 03:01:53] /s demonoid
[29/05/2013 03:02:03] /r
[29/05/2013 03:02:04] /r
[29/05/2013 03:02:15] /m random noob
[29/05/2013 03:02:26] /r
[29/05/2013 03:02:34] /m random noob
[29/05/2013 03:02:45] /m random noob
[29/05/2013 03:02:47] /m random noob
[29/05/2013 03:02:53] /a 2
[29/05/2013 03:03:06] /s bowman
[29/05/2013 03:03:11] /s bowman
[29/05/2013 03:03:12] /s bowman
[29/05/2013 03:03:14] /s bowman
[29/05/2013 03:03:21] /s kina
[29/05/2013 03:03:25] /s kina
[29/05/2013 03:03:29] /s mage
[29/05/2013 03:03:30] /s mage
[29/05/2013 03:03:30] /s mage
[29/05/2013 03:03:30] /s mage
[29/05/2013 03:03:31] /s mage
[29/05/2013 03:03:31] /s mage
[29/05/2013 03:03:32] /s mage
[29/05/2013 03:03:32] /s mage
[29/05/2013 03:03:33] /s mage
[29/05/2013 03:03:33] /s mage
[29/05/2013 03:03:34] /s mage
[29/05/2013 03:03:34] /s mage
[29/05/2013 03:03:35] /s mage
[29/05/2013 03:03:35] /s mage
[29/05/2013 03:03:36] /s mage
[29/05/2013 03:03:41] /s mage
[29/05/2013 03:03:41] /s mage
[29/05/2013 03:03:42] /s mage
[29/05/2013 03:03:42] /s mage
[29/05/2013 03:03:45] /s mage
[29/05/2013 03:04:06] /s kina
[29/05/2013 03:04:38] /s pk
[29/05/2013 03:04:47] /s pk
[29/05/2013 03:05:25] /s rish
[29/05/2013 03:05:30] /m rish
[29/05/2013 03:05:32] /r
[29/05/2013 03:05:33] /r
[29/05/2013 03:05:35] /r
[29/05/2013 03:05:36] /r
[29/05/2013 03:05:39] /r
[29/05/2013 03:05:41] /r
[29/05/2013 03:05:47] /s pk
[29/05/2013 03:06:04] /s kina
[29/05/2013 03:06:08] /s pk
[29/05/2013 03:06:11] /s mage
[29/05/2013 03:06:12] /s mage
[29/05/2013 03:06:48] /m ancient dragon
[29/05/2013 03:06:53] /r
[29/05/2013 03:06:55] /r
[29/05/2013 03:07:08] /m bowman
[29/05/2013 03:07:09] /m bowman
[29/05/2013 03:07:15] /m bowman
[29/05/2013 03:07:15] /m bowman
[29/05/2013 03:07:16] /m bowman
[29/05/2013 03:07:17] /m bowman
[29/05/2013 03:07:18] /m bowman
[29/05/2013 03:08:17] /m apocalypse
[29/05/2013 03:08:35] /s mage
[29/05/2013 03:08:37] /s kina
[29/05/2013 03:08:44] /s kina
[29/05/2013 03:08:59] /s kina
[29/05/2013 03:09:00] /s mage
[29/05/2013 03:09:02] /s mage
[29/05/2013 03:09:28] /s kina
[29/05/2013 03:09:28] /s kina
[29/05/2013 03:09:29] /s kina
[29/05/2013 03:09:29] /s kina
[29/05/2013 03:09:31] /s kina
[29/05/2013 03:09:34] /s kina
[29/05/2013 03:09:37] /s kina
[29/05/2013 03:09:41] /s pk
[29/05/2013 03:09:42] /s pk
[29/05/2013 03:09:42] /s pk
[29/05/2013 03:09:43] /r
[29/05/2013 03:09:44] /r
[29/05/2013 03:09:45] /r
[29/05/2013 03:09:46] /s pk
[29/05/2013 03:09:46] /s pk
[29/05/2013 03:09:47] /s pk
[29/05/2013 03:09:47] /s pk
[29/05/2013 03:09:48] /s pk
[29/05/2013 03:09:48] /s pk
[29/05/2013 03:09:49] /s pk
[29/05/2013 03:09:51] /s pk
[29/05/2013 03:11:14] /m demon mage
[29/05/2013 03:11:30] /m demon mage
[29/05/2013 03:11:30] /m demon mage
[29/05/2013 03:11:31] /m demon mage
[29/05/2013 03:11:47] /m demon leader
[29/05/2013 03:11:58] /m scylla
[29/05/2013 03:12:00] /m scylla
[29/05/2013 03:12:00] /m scylla
[29/05/2013 03:12:01] /m scylla
[29/05/2013 03:12:02] /m scylla
[29/05/2013 03:12:02] /m scylla
[29/05/2013 03:12:03] /m scylla
[29/05/2013 03:12:12] /s ghazbaran
[29/05/2013 03:12:13] /s ghazbaran
[29/05/2013 03:12:13] /s ghazbaran
[29/05/2013 03:12:14] /s ghazbaran
[29/05/2013 03:12:14] /s ghazbaran
[29/05/2013 03:12:20] /s ghazbaran
[29/05/2013 03:12:21] /s ghazbaran
[29/05/2013 03:12:21] /s ghazbaran
[29/05/2013 03:12:21] /s ghazbaran
[29/05/2013 03:12:22] /s ghazbaran
[29/05/2013 03:12:22] /s ghazbaran
[29/05/2013 03:13:53] /r
[29/05/2013 03:13:57] /r
[29/05/2013 03:13:57] /r
[29/05/2013 03:13:59] /r
[29/05/2013 03:14:01] /r
[29/05/2013 03:14:02] /r
[29/05/2013 03:14:04] /r
[29/05/2013 03:14:07] /r
[29/05/2013 03:14:09] /r
[29/05/2013 03:14:09] /r
[29/05/2013 03:14:13] /r
[29/05/2013 03:14:15] /s ghazbaran
[29/05/2013 03:14:19] /s ghazbaran
[29/05/2013 03:14:20] /s ghazbaran
[29/05/2013 03:14:24] /r
[29/05/2013 03:14:28] /r
[29/05/2013 03:14:31] /r
[29/05/2013 03:15:27] /town 2
[29/05/2013 03:15:39] /town 1
[29/05/2013 03:15:57] /m ghastly dragon
[29/05/2013 03:16:28] /i ghastly dragon body
[29/05/2013 03:17:22] /i ghastly dragon body
[29/05/2013 03:17:25] /m ghastly dragon
[29/05/2013 03:17:32] /m ghastly dragon
[29/05/2013 03:17:43] /m ghastly dragon
[29/05/2013 03:17:43] /m ghastly dragon
[29/05/2013 03:17:43] /m ghastly dragon
[29/05/2013 03:17:44] /m ghastly dragon
[29/05/2013 03:17:44] /m ghastly dragon
[29/05/2013 03:17:44] /m ghastly dragon
[29/05/2013 03:17:45] /m ghastly dragon
[29/05/2013 03:17:46] /m ghastly dragon
[29/05/2013 03:18:15] /m ghastly dragon
[29/05/2013 03:20:52] /goto dragon
[29/05/2013 03:21:15] /goto dragon lord
[29/05/2013 03:26:17] /goto hydra
[29/05/2013 03:27:04] /m apocalypse
[29/05/2013 03:27:11] /m apocalypse
[29/05/2013 03:27:18] /m apocalypse
[29/05/2013 03:27:22] /m apocalypse
[29/05/2013 03:27:25] /m apocalypse
[29/05/2013 03:27:42] /goto minotaur sniper
[29/05/2013 03:27:48] /s demon
[29/05/2013 03:28:49] /goto minotaur sniper
[29/05/2013 03:28:58] /s demon
[29/05/2013 04:25:28] /a 10
[29/05/2013 04:25:29] /a 10
[29/05/2013 04:25:29] /a 10
[29/05/2013 04:25:29] /a 10
[29/05/2013 04:25:29] /a 10
[29/05/2013 04:25:29] /a 10
[29/05/2013 04:25:29] /a 10
[29/05/2013 04:25:29] /a 10
[29/05/2013 04:25:29] /a 10
[29/05/2013 04:25:29] /a 10
[29/05/2013 04:25:29] /a 10
[29/05/2013 04:25:29] /a 10
[29/05/2013 04:25:29] /a 10
[29/05/2013 04:25:30] /a 10
[29/05/2013 04:25:30] /a 10
[29/05/2013 04:25:30] /a 10
[29/05/2013 04:25:30] /a 10
[29/05/2013 04:25:30] /a 10
[29/05/2013 04:25:30] /a 10
[29/05/2013 04:25:30] /a 10
[29/05/2013 04:25:30] /a 10
[29/05/2013 04:25:30] /a 10
[29/05/2013 04:25:30] /a 10
[29/05/2013 04:25:30] /a 10
[29/05/2013 04:25:30] /a 10
[29/05/2013 04:25:30] /a 10
[29/05/2013 04:25:31] /a 10
[29/05/2013 04:25:31] /a 10
[29/05/2013 04:25:31] /a 10
[29/05/2013 04:25:31] /a 10
[29/05/2013 04:25:31] /a 10
[29/05/2013 04:25:31] /a 10
[29/05/2013 04:25:31] /a 10
[29/05/2013 04:25:31] /a 10
[29/05/2013 04:25:31] /a 10
[29/05/2013 04:25:31] /a 10
[29/05/2013 04:25:31] /a 10
[29/05/2013 04:25:31] /a 10
[29/05/2013 04:25:31] /a 10
[29/05/2013 04:25:31] /a 10
[29/05/2013 04:25:32] /a 10
[29/05/2013 04:25:32] /a 10
[29/05/2013 04:25:32] /a 10
[29/05/2013 04:25:32] /a 10
[29/05/2013 04:25:32] /a 10
[29/05/2013 04:25:32] /a 10
[29/05/2013 04:25:32] /a 10
[29/05/2013 04:25:32] /a 10
[29/05/2013 04:25:32] /a 10
[29/05/2013 04:25:32] /a 10
[29/05/2013 04:25:32] /a 10
[29/05/2013 04:25:32] /a 10
[29/05/2013 04:25:32] /a 10
[29/05/2013 04:25:32] /a 10
[29/05/2013 04:25:32] /a 10
[29/05/2013 04:25:32] /a 10
[29/05/2013 04:25:32] /a 10
[29/05/2013 04:25:32] /a 10
[29/05/2013 04:25:32] /a 10
[29/05/2013 04:25:32] /a 10
[29/05/2013 04:25:33] /a 10
[29/05/2013 04:25:33] /a 10
[29/05/2013 04:25:33] /a 10
[29/05/2013 04:25:33] /a 10
[29/05/2013 04:25:33] /a 10
[29/05/2013 04:25:34] /a 10
[29/05/2013 04:25:34] /a 10
[29/05/2013 04:25:34] /a 10
[29/05/2013 04:25:34] /a 10
[29/05/2013 04:25:34] /a 10
[29/05/2013 04:25:34] /a 10
[29/05/2013 04:25:34] /a 10
[29/05/2013 04:25:35] /a 10
[29/05/2013 04:25:35] /a 10
[29/05/2013 04:25:35] /a 10
[29/05/2013 04:25:36] /a 10
[29/05/2013 04:25:36] /a 10
[29/05/2013 04:25:36] /a 10
[29/05/2013 04:25:36] /a 10
[29/05/2013 04:25:36] /a 10
[29/05/2013 04:25:36] /a 10
[29/05/2013 04:25:36] /a 10
[29/05/2013 04:25:36] /a 10
[29/05/2013 04:25:36] /a 10
[29/05/2013 04:25:36] /a 10
[29/05/2013 04:25:36] /a 10
[29/05/2013 04:25:36] /a 10
[29/05/2013 04:25:36] /a 10
[29/05/2013 04:25:37] /a 10
[29/05/2013 04:25:37] /a 10
[29/05/2013 04:25:37] /a 10
[29/05/2013 04:25:38] /a 10
[29/05/2013 04:25:40] /down
[29/05/2013 04:25:42] /a 10
[29/05/2013 04:25:43] /a 10
[29/05/2013 04:25:44] /down
[29/05/2013 04:25:45] /down
[29/05/2013 04:25:49] /a 10
[29/05/2013 04:25:51] /a 10
[29/05/2013 04:25:51] /a 10
[29/05/2013 04:25:52] /a 10
[29/05/2013 04:26:58] /town 1
[29/05/2013 04:30:56] /r
[29/05/2013 04:30:59] /r
[29/05/2013 04:31:01] /r
[29/05/2013 04:31:02] /town 1
[29/05/2013 07:01:27] /newtype 3
[29/05/2013 07:01:29] /newtype 319 
[29/05/2013 07:01:34] /newtype 350
[29/05/2013 07:01:36] /newtype 400
[29/05/2013 07:01:39] /newtype 390
[29/05/2013 07:01:40] /newtype 380
[29/05/2013 07:01:42] /newtype 370
[29/05/2013 07:01:43] /newtype 350
[29/05/2013 07:01:45] /newtype 340
[29/05/2013 07:01:46] /newtype 345
[29/05/2013 07:01:47] /newtype 346
[29/05/2013 07:01:48] /newtype 347
[29/05/2013 07:01:49] /newtype 348
[29/05/2013 07:01:51] /newtype 349
[29/05/2013 07:01:53] /newtype 350
[29/05/2013 07:01:55] /newtype 351
[29/05/2013 07:01:56] /newtype 352
[29/05/2013 07:01:57] /newtype 351
[29/05/2013 07:02:10] /i backpack
[29/05/2013 07:02:12] /i crystal coin
[29/05/2013 07:02:46] /m demon
[29/05/2013 07:02:50] /m demon
[29/05/2013 07:02:51] /m demon
[29/05/2013 07:02:58] /m demon
[29/05/2013 07:02:59] /m demon
[29/05/2013 07:02:59] /m demon
[29/05/2013 07:03:10] /m demon
[29/05/2013 07:03:11] /m demon
[29/05/2013 07:03:12] /m demon
[29/05/2013 07:03:20] /m demon
[29/05/2013 07:03:20] /m demon
[29/05/2013 07:03:28] /m demon
[29/05/2013 07:03:29] /m demon
[29/05/2013 07:03:34] /m demon
[29/05/2013 07:03:35] /m demon
[29/05/2013 07:03:38] /m demon
[29/05/2013 07:03:44] /m demon
[29/05/2013 07:03:44] /m demon
[29/05/2013 07:03:45] /m demon
[29/05/2013 07:04:02] /m demon
[29/05/2013 07:04:02] /m demon
[29/05/2013 07:04:02] /m demon
[29/05/2013 07:04:03] /m demon
[29/05/2013 07:04:03] /m demon
[29/05/2013 07:04:04] /m demon
[29/05/2013 07:04:04] /m demon
[29/05/2013 07:04:05] /m demon
[29/05/2013 07:04:46] /m demon
[29/05/2013 07:04:47] /m demon
[29/05/2013 07:04:47] /m demon
[29/05/2013 07:04:48] /m demon
[29/05/2013 07:04:48] /m demon
[29/05/2013 07:04:49] /m demon
[29/05/2013 07:04:49] /m demon
[29/05/2013 07:04:49] /m demon
[29/05/2013 07:21:40] /m training monk
[29/05/2013 07:34:24] /a 10
[29/05/2013 07:34:25] /a 10
[29/05/2013 07:34:47] /a 10
[29/05/2013 07:34:48] /a 10
[29/05/2013 07:34:48] /a 10
[29/05/2013 07:34:48] /a 10
[29/05/2013 07:34:48] /a 10
[29/05/2013 07:34:48] /a 10
[29/05/2013 07:34:49] /a 10
[29/05/2013 07:34:49] /a 10
[29/05/2013 07:34:49] /a 10
[29/05/2013 07:34:49] /a 10
[29/05/2013 07:34:49] /a 10
[29/05/2013 07:34:50] /a 10
[29/05/2013 07:34:50] /a 10
[29/05/2013 07:34:50] /a 10
[29/05/2013 07:34:50] /a 10
[29/05/2013 07:34:51] /a 10
[29/05/2013 07:34:51] /a 10
[29/05/2013 07:34:51] /a 10
[29/05/2013 07:34:51] /a 10
[29/05/2013 07:34:51] /a 10
[29/05/2013 07:34:53] /a 10
[29/05/2013 07:34:53] /a 10
[29/05/2013 07:34:53] /a 10
[29/05/2013 07:34:54] /a 10
[29/05/2013 07:34:54] /a 10
[29/05/2013 07:34:55] /a 10
[29/05/2013 07:34:55] /a 10
[29/05/2013 07:35:55] /down
[29/05/2013 07:35:57] /up
[29/05/2013 07:38:51] /a 10
[29/05/2013 07:38:52] /a 10
[29/05/2013 07:38:53] /a 10
[29/05/2013 07:38:53] /a 10
[29/05/2013 07:38:53] /a 10
[29/05/2013 07:38:53] /a 10
[29/05/2013 07:38:54] /a 10
[29/05/2013 07:38:55] /a 10
[29/05/2013 07:38:55] /a 10
[29/05/2013 07:38:55] /a 10
[29/05/2013 07:38:55] /a 10
[29/05/2013 07:38:55] /a 10
[29/05/2013 07:38:56] /a 10
[29/05/2013 07:38:56] /a 10
[29/05/2013 07:38:57] /a 10
[29/05/2013 07:38:58] /a 10
[29/05/2013 07:38:58] /a 10
[29/05/2013 07:38:59] /a 10
[29/05/2013 07:39:01] /up
[29/05/2013 07:40:29] /town 2
[29/05/2013 07:40:31] /town 1
[29/05/2013 07:56:12] /town 1
[29/05/2013 07:56:18] /i energy ring
[29/05/2013 08:12:00] /i 2502
[29/05/2013 08:14:19] /i sword of angel
[29/05/2013 08:16:30] /i 11759
[29/05/2013 08:17:05] /i Pheonixia Helmet
[29/05/2013 08:18:21] /i small exp
[29/05/2013 08:18:48] /m dragon
[29/05/2013 08:19:16] /r
[29/05/2013 08:19:18] /m demon
[29/05/2013 08:21:18] /i 12427
[29/05/2013 08:21:33] /i 10552
[29/05/2013 08:22:23] /i mana stone
[29/05/2013 08:22:33] /i 2348
[29/05/2013 08:22:37] /i 2348
[29/05/2013 08:22:38] /i 2348
[29/05/2013 08:22:48] /i 10552
[29/05/2013 08:24:51] /i 5888
[29/05/2013 08:25:02] /i 5888
[29/05/2013 08:25:54] /m training monk
[29/05/2013 08:26:44] /i 5888
[29/05/2013 08:28:51] /i 6299
[29/05/2013 08:29:03] /m monk
[29/05/2013 08:33:34] /m trainer
[29/05/2013 08:33:37] /m training monk
[29/05/2013 08:35:25] /i 2348
[29/05/2013 08:36:10] /i 10552
[29/05/2013 08:36:19] /i health potion
[29/05/2013 08:37:25] /i 10552
[29/05/2013 08:37:33] /i Mana booster
[29/05/2013 08:37:33] /i Mana booster
[29/05/2013 08:40:44] /m training monk
[29/05/2013 08:52:50] /i health potion
[29/05/2013 08:56:45] /i 11111
[29/05/2013 08:57:06] /i 1983
[29/05/2013 08:57:31] /i 7722
[29/05/2013 08:57:53] /i crystal coin
[29/05/2013 08:58:06] /r
[29/05/2013 08:58:08] /r
[29/05/2013 09:14:21] /i 12285
[29/05/2013 09:17:30] /m training monk
[29/05/2013 09:20:17] /i 12427
[29/05/2013 09:27:15] /i backpack
[29/05/2013 09:31:36] /i battle hammer
[29/05/2013 09:32:09] /i morning star
[29/05/2013 09:32:56] /i clerical mace
[29/05/2013 09:33:07] /i darmanian mace
[29/05/2013 09:33:16] /i darmanian mace
[29/05/2013 09:33:21] /i 2439
[29/05/2013 09:37:36] /i barbarian axe
[29/05/2013 09:37:53] /i 2441
[29/05/2013 09:38:08] /i darmanian sword
[29/05/2013 09:41:27] /i fur boots
[29/05/2013 09:57:06] /m training monk
[29/05/2013 09:59:16] /a 10
[29/05/2013 09:59:16] /a 10
[29/05/2013 09:59:16] /a 10
[29/05/2013 09:59:16] /a 10
[29/05/2013 09:59:16] /a 10
[29/05/2013 09:59:16] /a 10
[29/05/2013 09:59:16] /a 10
[29/05/2013 09:59:16] /a 10
[29/05/2013 09:59:16] /a 10
[29/05/2013 09:59:16] /a 10
[29/05/2013 09:59:16] /a 10
[29/05/2013 09:59:16] /a 10
[29/05/2013 09:59:16] /a 10
[29/05/2013 09:59:16] /a 10
[29/05/2013 09:59:17] /a 10
[29/05/2013 09:59:17] /a 10
[29/05/2013 09:59:17] /a 10
[29/05/2013 09:59:18] /a 10
[29/05/2013 09:59:18] /a 10
[29/05/2013 09:59:18] /a 10
[29/05/2013 09:59:18] /a 10
[29/05/2013 09:59:18] /a 10
[29/05/2013 09:59:18] /a 10
[29/05/2013 09:59:18] /a 10
[29/05/2013 09:59:18] /a 10
[29/05/2013 09:59:18] /a 10
[29/05/2013 09:59:18] /a 10
[29/05/2013 09:59:18] /a 10
[29/05/2013 09:59:18] /a 10
[29/05/2013 09:59:19] /a 10
[29/05/2013 09:59:19] /a 10
[29/05/2013 09:59:19] /a 10
[29/05/2013 09:59:20] /a 10
[29/05/2013 09:59:20] /a 10
[29/05/2013 09:59:20] /a 10
[29/05/2013 09:59:20] /a 10
[29/05/2013 09:59:20] /a 10
[29/05/2013 09:59:20] /a 10
[29/05/2013 09:59:20] /a 10
[29/05/2013 09:59:20] /a 10
[29/05/2013 09:59:20] /a 10
[29/05/2013 09:59:20] /a 10
[29/05/2013 09:59:21] /a 10
[29/05/2013 09:59:21] /a 10
[29/05/2013 09:59:21] /a 10
[29/05/2013 09:59:22] /a 10
[29/05/2013 09:59:22] /a 10
[29/05/2013 09:59:22] /a 10
[29/05/2013 09:59:22] /a 10
[29/05/2013 09:59:22] /a 10
[29/05/2013 09:59:23] /a 10
[29/05/2013 09:59:23] /a 10
[29/05/2013 09:59:24] /a 10
[29/05/2013 09:59:24] /a 10
[29/05/2013 09:59:25] /a 10
[29/05/2013 09:59:25] /a 10
[29/05/2013 09:59:26] /a 10
[29/05/2013 09:59:26] /a 10
[29/05/2013 09:59:27] /a 10
[29/05/2013 09:59:27] /a 10
[29/05/2013 09:59:27] /a 10
[29/05/2013 09:59:28] /a 10
[29/05/2013 09:59:28] /a 10
[29/05/2013 09:59:29] /a 10
[29/05/2013 09:59:29] /a 10
[29/05/2013 09:59:30] /a 10
[29/05/2013 09:59:31] /a 10
[29/05/2013 09:59:31] /a 10
[29/05/2013 09:59:31] /a 10
[29/05/2013 09:59:31] /a 10
[29/05/2013 09:59:31] /a 10
[29/05/2013 09:59:31] /a 10
[29/05/2013 09:59:32] /a 10
[29/05/2013 09:59:32] /a 10
[29/05/2013 09:59:32] /a 10
[29/05/2013 09:59:32] /a 10
[29/05/2013 09:59:33] /a 10
[29/05/2013 09:59:33] /a 10
[29/05/2013 09:59:33] /a 10
[29/05/2013 09:59:33] /a 10
[29/05/2013 09:59:34] /a 10
[29/05/2013 09:59:34] /a 10
[29/05/2013 09:59:34] /a 10
[29/05/2013 09:59:34] /a 10
[29/05/2013 09:59:34] /a 10
[29/05/2013 09:59:35] /a 10
[29/05/2013 09:59:35] /a 10
[29/05/2013 09:59:36] /a 10
[29/05/2013 09:59:36] /a 10
[29/05/2013 09:59:36] /a 10
[29/05/2013 09:59:36] /a 10
[29/05/2013 09:59:37] /a 10
[29/05/2013 09:59:37] /a 10
[29/05/2013 09:59:37] /a 10
[29/05/2013 09:59:38] /a 10
[29/05/2013 09:59:38] /a 10
[29/05/2013 09:59:38] /a 10
[29/05/2013 09:59:38] /a 10
[29/05/2013 09:59:38] /a 10
[29/05/2013 09:59:38] /a 10
[29/05/2013 09:59:38] /a 10
[29/05/2013 09:59:39] /a 10
[29/05/2013 09:59:39] /a 10
[29/05/2013 09:59:40] /a 10
[29/05/2013 09:59:40] /a 10
[29/05/2013 09:59:41] /a 10
[29/05/2013 09:59:41] /a 10
[29/05/2013 09:59:42] /a 10
[29/05/2013 09:59:43] /up
[29/05/2013 10:00:32] /down
[29/05/2013 10:00:33] /down
[29/05/2013 10:00:34] /a 10
[29/05/2013 10:00:34] /a 10
[29/05/2013 10:00:34] /a 10
[29/05/2013 10:00:34] /a 10
[29/05/2013 10:00:34] /a 10
[29/05/2013 10:00:35] /a 10
[29/05/2013 10:00:36] /down
[29/05/2013 10:00:36] /a 10
[29/05/2013 10:00:36] /a 10
[29/05/2013 10:00:36] /a 10
[29/05/2013 10:00:37] /a 10
[29/05/2013 10:00:38] /a 10
[29/05/2013 10:00:38] /a 10
[29/05/2013 10:00:38] /a 10
[29/05/2013 10:00:39] /a 10
[29/05/2013 10:00:39] /a 10
[29/05/2013 10:00:39] /a 10
[29/05/2013 10:00:39] /a 10
[29/05/2013 10:00:40] /a 10
[29/05/2013 10:00:40] /a 10
[29/05/2013 10:00:40] /a 10
[29/05/2013 10:00:40] /a 10
[29/05/2013 10:00:40] /a 10
[29/05/2013 10:00:40] /a 10
[29/05/2013 10:00:40] /a 10
[29/05/2013 10:00:40] /a 10
[29/05/2013 10:00:40] /a 10
[29/05/2013 10:00:40] /a 10
[29/05/2013 10:00:40] /a 10
[29/05/2013 10:00:40] /a 10
[29/05/2013 10:00:40] /a 10
[29/05/2013 10:00:41] /down
[29/05/2013 10:00:42] /a 10
[29/05/2013 10:00:42] /a 10
[29/05/2013 10:00:42] /a 10
[29/05/2013 10:00:42] /a 10
[29/05/2013 10:00:42] /a 10
[29/05/2013 10:00:42] /a 10
[29/05/2013 10:00:42] /a 10
[29/05/2013 10:00:42] /a 10
[29/05/2013 10:00:42] /a 10
[29/05/2013 10:00:42] /a 10
[29/05/2013 10:00:42] /a 10
[29/05/2013 10:00:43] /a 10
[29/05/2013 10:00:43] /a 10
[29/05/2013 10:00:44] /a 10
[29/05/2013 10:00:44] /a 10
[29/05/2013 10:00:44] /a 10
[29/05/2013 10:00:44] /a 10
[29/05/2013 10:00:45] /a 10
[29/05/2013 10:00:45] /a 10
[29/05/2013 10:00:45] /a 10
[29/05/2013 10:00:45] /a 10
[29/05/2013 10:00:45] /a 10
[29/05/2013 10:00:45] /a 10
[29/05/2013 10:00:45] /a 10
[29/05/2013 10:00:45] /a 10
[29/05/2013 10:00:45] /a 10
[29/05/2013 10:00:45] /a 10
[29/05/2013 10:00:45] /a 10
[29/05/2013 10:00:45] /a 10
[29/05/2013 10:00:45] /a 10
[29/05/2013 10:00:45] /a 10
[29/05/2013 10:00:45] /a 10
[29/05/2013 10:00:45] /a 10
[29/05/2013 10:00:45] /a 10
[29/05/2013 10:00:45] /a 10
[29/05/2013 10:00:45] /a 10
[29/05/2013 10:00:46] /a 10
[29/05/2013 10:00:46] /a 10
[29/05/2013 10:00:46] /a 10
[29/05/2013 10:00:46] /a 10
[29/05/2013 10:00:47] /a 10
[29/05/2013 10:00:48] /a 10
[29/05/2013 10:00:48] /a 10
[29/05/2013 10:00:49] /a 10
[29/05/2013 10:00:49] /a 10
[29/05/2013 10:00:49] /a 10
[29/05/2013 10:00:50] /a 10
[29/05/2013 10:00:50] /a 10
[29/05/2013 10:00:50] /a 10
[29/05/2013 10:00:51] /a 10
[29/05/2013 10:00:51] /a 10
[29/05/2013 10:00:52] /a 10
[29/05/2013 10:00:52] /a 10
[29/05/2013 10:01:30] /a 10
[29/05/2013 10:01:30] /a 10
[29/05/2013 10:01:30] /a 10
[29/05/2013 10:01:31] /a 10
[29/05/2013 10:01:31] /a 10
[29/05/2013 10:01:32] /a 10
[29/05/2013 10:01:32] /a 10
[29/05/2013 10:01:32] /a 10
[29/05/2013 10:01:33] /a 10
[29/05/2013 10:01:33] /a 10
[29/05/2013 10:01:34] /a 10
[29/05/2013 10:01:34] /a 10
[29/05/2013 10:01:35] /a 10
[29/05/2013 10:01:35] /a 10
[29/05/2013 10:01:35] /a 10
[29/05/2013 10:01:35] /a 10
[29/05/2013 10:01:35] /a 10
[29/05/2013 10:01:35] /a 10
[29/05/2013 10:01:35] /a 10
[29/05/2013 10:01:36] /a 10
[29/05/2013 10:01:37] /a 10
[29/05/2013 10:01:37] /a 10
[29/05/2013 10:01:37] /a 10
[29/05/2013 10:01:37] /a 10
[29/05/2013 10:01:38] /a 10
[29/05/2013 10:01:38] /a 10
[29/05/2013 10:01:39] /a 10
[29/05/2013 10:01:39] /a 10
[29/05/2013 10:01:39] /a 10
[29/05/2013 10:01:40] /a 10
[29/05/2013 10:01:40] /a 10
[29/05/2013 10:01:41] /a 10
[29/05/2013 10:01:41] /a 10
[29/05/2013 10:01:41] /a 10
[29/05/2013 10:01:42] /a 10
[29/05/2013 10:01:42] /a 10
[29/05/2013 10:01:42] /a 10
[29/05/2013 10:01:43] /a 10
[29/05/2013 10:01:43] /a 10
[29/05/2013 10:01:43] /a 10
[29/05/2013 10:01:44] /a 10
[29/05/2013 10:01:44] /a 10
[29/05/2013 10:01:45] /a 10
[29/05/2013 10:01:45] /a 10
[29/05/2013 10:01:46] /a 10
[29/05/2013 10:01:46] /a 10
[29/05/2013 10:01:46] /a 10
[29/05/2013 10:01:47] /a 10
[29/05/2013 10:02:42] /up
[29/05/2013 10:02:43] /up
[29/05/2013 10:02:44] /down
[29/05/2013 10:02:46] /a 10
[29/05/2013 10:02:47] /a 10
[29/05/2013 10:02:47] /a 10
[29/05/2013 10:02:48] /a 10
[29/05/2013 10:02:48] /a 10
[29/05/2013 10:02:48] /a 10
[29/05/2013 10:02:49] /a 10
[29/05/2013 10:02:49] /a 10
[29/05/2013 10:02:49] /a 10
[29/05/2013 10:02:49] /a 10
[29/05/2013 10:02:49] /a 10
[29/05/2013 10:02:50] /a 10
[29/05/2013 10:02:50] /a 10
[29/05/2013 10:02:50] /a 10
[29/05/2013 10:02:51] /up
[29/05/2013 10:02:53] /up
[29/05/2013 10:02:53] /a 10
[29/05/2013 10:02:54] /a 10
[29/05/2013 10:02:54] /a 10
[29/05/2013 10:02:54] /a 10
[29/05/2013 10:02:54] /a 10
[29/05/2013 10:02:55] /up
[29/05/2013 10:02:56] /a 10
[29/05/2013 10:02:56] /a 10
[29/05/2013 10:02:56] /a 10
[29/05/2013 10:02:56] /a 10
[29/05/2013 10:02:57] /up
[29/05/2013 10:02:58] /a 10
[29/05/2013 10:02:58] /a 10
[29/05/2013 10:02:58] /a 10
[29/05/2013 10:02:59] /a 10
[29/05/2013 10:02:59] /a 10
[29/05/2013 10:02:59] /a 10
[29/05/2013 10:02:59] /a 10
[29/05/2013 10:03:00] /a 10
[29/05/2013 10:03:00] /a 10
[29/05/2013 10:03:01] /up
[29/05/2013 10:03:01] /up
[29/05/2013 10:03:02] /a 10
[29/05/2013 10:03:02] /a 10
[29/05/2013 10:03:03] /a 10
[29/05/2013 10:03:03] /a 10
[29/05/2013 10:03:03] /a 10
[29/05/2013 10:03:03] /a 10
[29/05/2013 10:03:03] /a 10
[29/05/2013 10:03:03] /a 10
[29/05/2013 10:03:04] /a 10
[29/05/2013 10:03:04] /a 10
[29/05/2013 10:03:04] /a 10
[29/05/2013 10:03:04] /a 10
[29/05/2013 10:03:04] /a 10
[29/05/2013 10:03:04] /a 10
[29/05/2013 10:03:04] /a 10
[29/05/2013 10:03:05] /a 10
[29/05/2013 10:03:05] /a 10
[29/05/2013 10:03:05] /a 10
[29/05/2013 10:03:05] /a 10
[29/05/2013 10:03:05] /a 10
[29/05/2013 10:03:05] /a 10
[29/05/2013 10:03:06] /a 10
[29/05/2013 10:03:06] /a 10
[29/05/2013 10:03:07] /a 10
[29/05/2013 10:03:07] /a 10
[29/05/2013 10:03:07] /a 10
[29/05/2013 10:03:08] /a 10
[29/05/2013 10:03:09] /a 10
[29/05/2013 10:03:09] /a 10
[29/05/2013 10:03:09] /a 10
[29/05/2013 10:03:09] /a 10
[29/05/2013 10:03:09] /a 10
[29/05/2013 10:03:09] /a 10
[29/05/2013 10:03:09] /a 10
[29/05/2013 10:03:09] /a 10
[29/05/2013 10:03:09] /a 10
[29/05/2013 10:03:10] /a 10
[29/05/2013 10:03:10] /a 10
[29/05/2013 10:03:10] /a 10
[29/05/2013 10:03:10] /a 10
[29/05/2013 10:03:10] /a 10
[29/05/2013 10:03:10] /a 10
[29/05/2013 10:03:10] /a 10
[29/05/2013 10:03:10] /a 10
[29/05/2013 10:03:10] /a 10
[29/05/2013 10:03:10] /a 10
[29/05/2013 10:03:10] /a 10
[29/05/2013 10:03:10] /a 10
[29/05/2013 10:03:11] /a 10
[29/05/2013 10:03:12] /a 10
[29/05/2013 10:03:12] /a 10
[29/05/2013 10:03:12] /a 10
[29/05/2013 10:03:12] /a 10
[29/05/2013 10:03:12] /a 10
[29/05/2013 10:03:12] /a 10
[29/05/2013 10:03:12] /a 10
[29/05/2013 10:03:12] /a 10
[29/05/2013 10:03:12] /a 10
[29/05/2013 10:03:14] /a 10
[29/05/2013 10:03:14] /a 10
[29/05/2013 10:03:15] /a 10
[29/05/2013 10:03:15] /a 10
[29/05/2013 10:03:15] /a 10
[29/05/2013 10:03:15] /a 10
[29/05/2013 10:03:15] /a 10
[29/05/2013 10:03:15] /a 10
[29/05/2013 10:03:15] /a 10
[29/05/2013 10:03:15] /a 10
[29/05/2013 10:03:16] /a 10
[29/05/2013 10:03:16] /a 10
[29/05/2013 10:03:16] /a 10
[29/05/2013 10:03:16] /a 10
[29/05/2013 10:03:17] /a 10
[29/05/2013 10:03:17] /a 10
[29/05/2013 10:03:17] /a 10
[29/05/2013 10:03:17] /a 10
[29/05/2013 10:03:17] /a 10
[29/05/2013 10:03:17] /a 10
[29/05/2013 10:03:18] /a 10
[29/05/2013 10:03:18] /a 10
[29/05/2013 10:03:18] /a 10
[29/05/2013 10:03:18] /a 10
[29/05/2013 10:03:18] /a 10
[29/05/2013 10:03:18] /a 10
[29/05/2013 10:03:18] /a 10
[29/05/2013 10:03:18] /a 10
[29/05/2013 10:03:18] /a 10
[29/05/2013 10:03:18] /a 10
[29/05/2013 10:03:18] /a 10
[29/05/2013 10:03:19] /a 10
[29/05/2013 10:03:19] /a 10
[29/05/2013 10:03:19] /a 10
[29/05/2013 10:03:19] /a 10
[29/05/2013 10:03:19] /a 10
[29/05/2013 10:03:21] /a 10
[29/05/2013 10:03:21] /a 10
[29/05/2013 10:03:21] /a 10
[29/05/2013 10:03:22] /a 10
[29/05/2013 10:03:22] /a 10
[29/05/2013 10:03:22] /a 10
[29/05/2013 10:03:22] /a 10
[29/05/2013 10:03:22] /a 10
[29/05/2013 10:03:23] /a 10
[29/05/2013 10:03:23] /a 10
[29/05/2013 10:03:23] /a 10
[29/05/2013 10:03:23] /a 10
[29/05/2013 10:03:23] /a 10
[29/05/2013 10:03:23] /a 10
[29/05/2013 10:03:23] /a 10
[29/05/2013 10:03:23] /a 10
[29/05/2013 10:03:23] /a 10
[29/05/2013 10:03:23] /a 10
[29/05/2013 10:03:23] /a 10
[29/05/2013 10:03:23] /a 10
[29/05/2013 10:03:23] /a 10
[29/05/2013 10:03:23] /a 10
[29/05/2013 10:03:23] /a 10
[29/05/2013 10:03:23] /a 10
[29/05/2013 10:03:23] /a 10
[29/05/2013 10:03:23] /a 10
[29/05/2013 10:03:24] /a 10
[29/05/2013 10:03:25] /a 10
[29/05/2013 10:03:25] /a 10
[29/05/2013 10:03:25] /a 10
[29/05/2013 10:03:25] /a 10
[29/05/2013 10:03:25] /a 10
[29/05/2013 10:03:25] /a 10
[29/05/2013 10:03:25] /a 10
[29/05/2013 10:03:25] /a 10
[29/05/2013 10:03:25] /a 10
[29/05/2013 10:03:25] /a 10
[29/05/2013 10:03:25] /a 10
[29/05/2013 10:03:25] /a 10
[29/05/2013 10:03:26] /a 10
[29/05/2013 10:03:26] /a 10
[29/05/2013 10:03:27] /a 10
[29/05/2013 10:03:27] /a 10
[29/05/2013 10:03:27] /a 10
[29/05/2013 10:03:27] /a 10
[29/05/2013 10:03:28] /a 10
[29/05/2013 10:03:28] /a 10
[29/05/2013 10:03:29] /a 10
[29/05/2013 10:03:31] /a 10
[29/05/2013 10:03:31] /a 10
[29/05/2013 10:03:32] /a 10
[29/05/2013 10:03:32] /a 10
[29/05/2013 10:03:33] /a 10
[29/05/2013 10:03:34] /a 10
[29/05/2013 10:03:34] /a 10
[29/05/2013 10:03:34] /a 10
[29/05/2013 10:03:34] /a 10
[29/05/2013 10:03:34] /a 10
[29/05/2013 10:03:35] /a 10
[29/05/2013 10:03:35] /a 10
[29/05/2013 10:03:35] /a 10
[29/05/2013 10:03:35] /a 10
[29/05/2013 10:03:36] /a 10
[29/05/2013 10:03:36] /a 10
[29/05/2013 10:03:37] /a 10
[29/05/2013 10:03:37] /a 10
[29/05/2013 10:03:37] /a 10
[29/05/2013 10:03:37] /a 10
[29/05/2013 10:03:38] /a 10
[29/05/2013 10:03:38] /a 10
[29/05/2013 10:03:38] /a 10
[29/05/2013 10:03:39] /a 10
[29/05/2013 10:03:39] /a 10
[29/05/2013 10:03:39] /a 10
[29/05/2013 10:03:39] /a 10
[29/05/2013 10:03:39] /a 10
[29/05/2013 10:03:40] /a 10
[29/05/2013 10:03:40] /a 10
[29/05/2013 10:03:40] /a 10
[29/05/2013 10:03:41] /a 10
[29/05/2013 10:03:41] /a 10
[29/05/2013 10:03:41] /a 10
[29/05/2013 10:03:42] /a 10
[29/05/2013 10:03:42] /a 10
[29/05/2013 10:03:42] /a 10
[29/05/2013 10:03:42] /a 10
[29/05/2013 10:03:43] /a 10
[29/05/2013 10:03:43] /a 10
[29/05/2013 10:03:43] /a 10
[29/05/2013 10:03:44] /a 10
[29/05/2013 10:03:44] /a 10
[29/05/2013 10:03:45] /a 10
[29/05/2013 10:03:45] /a 10
[29/05/2013 10:03:46] /a 10
[29/05/2013 10:03:46] /a 10
[29/05/2013 10:03:46] /a 10
[29/05/2013 10:03:46] /a 10
[29/05/2013 10:03:46] /a 10
[29/05/2013 10:03:46] /a 10
[29/05/2013 10:03:46] /a 10
[29/05/2013 10:03:46] /a 10
[29/05/2013 10:03:46] /a 10
[29/05/2013 10:03:46] /a 10
[29/05/2013 10:03:46] /a 10
[29/05/2013 10:03:46] /a 10
[29/05/2013 10:03:47] /a 10
[29/05/2013 10:03:47] /a 10
[29/05/2013 10:03:47] /a 10
[29/05/2013 10:03:48] /a 10
[29/05/2013 10:03:48] /a 10
[29/05/2013 10:03:49] /a 10
[29/05/2013 10:03:49] /a 10
[29/05/2013 10:03:49] /a 10
[29/05/2013 10:03:49] /a 10
[29/05/2013 10:03:59] /a 10
[29/05/2013 10:04:00] /a 10
[29/05/2013 10:04:00] /a 10
[29/05/2013 10:04:00] /a 10
[29/05/2013 10:04:00] /a 10
[29/05/2013 10:04:00] /a 10
[29/05/2013 10:04:00] /a 10
[29/05/2013 10:04:00] /a 10
[29/05/2013 10:04:00] /a 10
[29/05/2013 10:04:00] /a 10
[29/05/2013 10:04:00] /a 10
[29/05/2013 10:04:00] /a 10
[29/05/2013 10:04:01] /a 10
[29/05/2013 10:04:01] /a 10
[29/05/2013 10:04:01] /a 10
[29/05/2013 10:04:01] /a 10
[29/05/2013 10:04:02] /a 10
[29/05/2013 10:04:02] /a 10
[29/05/2013 10:04:02] /a 10
[29/05/2013 10:04:02] /a 10
[29/05/2013 10:04:02] /a 10
[29/05/2013 10:04:02] /a 10
[29/05/2013 10:04:02] /a 10
[29/05/2013 10:04:03] /a 10
[29/05/2013 10:04:03] /a 10
[29/05/2013 10:04:03] /a 10
[29/05/2013 10:04:03] /a 10
[29/05/2013 10:04:03] /a 10
[29/05/2013 10:04:03] /a 10
[29/05/2013 10:04:03] /a 10
[29/05/2013 10:04:03] /a 10
[29/05/2013 10:04:03] /a 10
[29/05/2013 10:04:03] /a 10
[29/05/2013 10:04:03] /a 10
[29/05/2013 10:04:04] /a 10
[29/05/2013 10:04:04] /a 10
[29/05/2013 10:04:05] /a 10
[29/05/2013 10:04:05] /a 10
[29/05/2013 10:04:05] /a 10
[29/05/2013 10:04:06] /a 10
[29/05/2013 10:04:07] /a 10
[29/05/2013 10:04:07] /a 10
[29/05/2013 10:04:08] /a 10
[29/05/2013 10:04:10] /a 10
[29/05/2013 10:04:10] /a 10
[29/05/2013 10:05:53] /a 10
[29/05/2013 10:05:54] /a 10
[29/05/2013 10:05:54] /a 10
[29/05/2013 10:05:54] /a 10
[29/05/2013 10:05:54] /a 10
[29/05/2013 10:05:55] /a 10
[29/05/2013 10:05:55] /a 10
[29/05/2013 10:05:55] /a 10
[29/05/2013 10:05:55] /a 10
[29/05/2013 10:05:55] /a 10
[29/05/2013 10:05:55] /a 10
[29/05/2013 10:05:56] /a 10
[29/05/2013 10:05:56] /a 10
[29/05/2013 10:05:56] /a 10
[29/05/2013 10:05:58] /goto hydra
[29/05/2013 10:05:59] /r
[29/05/2013 10:06:01] /goto hydra
[29/05/2013 10:06:04] /goto demon
[29/05/2013 10:06:14] /town 1
[29/05/2013 10:20:18] /i 10431
[29/05/2013 10:26:24] /m monk
[29/05/2013 10:52:36] /m monk
[29/05/2013 11:36:25] /town 1
[29/05/2013 11:36:35] /i teleporter
[29/05/2013 11:37:42] /i 11760
[29/05/2013 11:37:51] /i 11768
[29/05/2013 11:37:53] /i 11770
[29/05/2013 11:38:01] /i 11760
[29/05/2013 11:38:07] /i 11758
[29/05/2013 11:38:08] /i 11758
[29/05/2013 11:41:27] /n Pheonixia King
[29/05/2013 11:44:12] /n varkhal
[29/05/2013 11:46:18] /a 10
[29/05/2013 11:46:18] /a 10
[29/05/2013 11:46:18] /a 10
[29/05/2013 11:46:18] /a 10
[29/05/2013 11:46:18] /a 10
[29/05/2013 11:46:19] /a 10
[29/05/2013 11:46:20] /a 10
[29/05/2013 11:46:20] /a 10
[29/05/2013 11:46:20] /a 10
[29/05/2013 11:46:24] /n varkhal
[29/05/2013 11:47:43] /n soya
[29/05/2013 11:48:42] /n Pheonixia King
[29/05/2013 11:49:07] /s rebirth king
[29/05/2013 11:49:09] /n rebirth king
[29/05/2013 12:56:21] /down
[29/05/2013 12:56:25] /a 10
[29/05/2013 12:56:26] /a 10
[29/05/2013 12:56:26] /a 10
[29/05/2013 12:56:28] /a 10
[29/05/2013 12:57:32] /town 1
[29/05/2013 12:57:39] /m skeleton
[29/05/2013 12:57:40] /m skeleton
[29/05/2013 12:57:40] /m skeleton
[29/05/2013 12:57:40] /m skeleton
[29/05/2013 12:57:41] /m skeleton
[29/05/2013 12:57:41] /m skeleton
[29/05/2013 12:57:42] /m skeleton
[29/05/2013 12:57:42] /m skeleton
[29/05/2013 12:57:42] /m skeleton
[29/05/2013 12:57:42] /m skeleton
[29/05/2013 12:57:43] /m skeleton
[29/05/2013 12:57:43] /m skeleton
[29/05/2013 12:57:44] /m skeleton
[29/05/2013 12:57:44] /m skeleton
[29/05/2013 12:57:44] /m skeleton
[29/05/2013 12:57:44] /m skeleton
[29/05/2013 12:57:44] /m skeleton
[29/05/2013 12:57:45] /m skeleton
[29/05/2013 12:57:45] /m skeleton
[29/05/2013 12:57:45] /m skeleton
[29/05/2013 12:57:45] /m skeleton
[29/05/2013 12:57:46] /m skeleton
[29/05/2013 12:58:12] /s demon
[30/05/2013 00:16:28] /a 10
[30/05/2013 00:16:28] /a 10
[30/05/2013 00:16:29] /a 10
[30/05/2013 00:16:29] /a 10
[30/05/2013 00:16:30] /a 10
[30/05/2013 00:16:30] /a 10
[30/05/2013 00:16:31] /a 10
[30/05/2013 00:16:31] /a 10
[30/05/2013 00:16:32] /a 10
[30/05/2013 00:16:33] /a 10
[30/05/2013 00:46:26] /i donation spear
[30/05/2013 00:47:00] /a 10
[30/05/2013 00:47:01] /a 10
[30/05/2013 00:47:01] /a 10
[30/05/2013 00:47:01] /a 10
[30/05/2013 00:47:01] /a 10
[30/05/2013 00:47:02] /a 10
[30/05/2013 00:47:03] /a 10
[30/05/2013 00:47:28] /m dragon lord
[30/05/2013 00:47:31] /m frost dragon
[31/05/2013 18:57:45] /i spear
[31/05/2013 18:58:05] /i fury spear
[31/05/2013 18:58:11] /i fury repeater
[31/05/2013 18:58:17] /m demon
[31/05/2013 18:58:51] /i wand of fury
[31/05/2013 18:59:13] /i fury star
[31/05/2013 18:59:24] /m demon
[31/05/2013 19:00:50] /i vip armor
[31/05/2013 19:00:58] /i vip legs
[31/05/2013 19:01:01] /i vip helmet
[31/05/2013 19:01:09] /i vip shoes
[31/05/2013 19:01:17] /i blade
[31/05/2013 19:01:23] /i vip blade
[31/05/2013 19:01:35] /i sword of honor
[31/05/2013 19:01:54] /i vip shield
[31/05/2013 19:03:24] /i club of fury
[31/05/2013 19:03:37] /i furry club
[31/05/2013 19:03:57] /i sword of fury
[31/05/2013 19:04:07] /i helmet of fury
[31/05/2013 19:04:11] /i helmet of fury
[31/05/2013 19:04:13] /i helmet of fury
[31/05/2013 19:04:50] /i backpack
[31/05/2013 19:05:34] /i fury helmet
[31/05/2013 19:05:43] /i fortified shield
[31/05/2013 19:05:56] /i axe of fury
[31/05/2013 19:06:22] /m demon
[31/05/2013 19:07:16] /i fury legs
[31/05/2013 19:07:55] /i Pheonixia bow
[31/05/2013 19:08:04] /i arrow
[31/05/2013 19:08:24] /i Pheonixia ring
[31/05/2013 19:08:47] /i Pheonixia ring
[31/05/2013 19:09:17] /i helmet of ultimate terror
[31/05/2013 19:09:26] /i heavy metal t-shirt
[31/05/2013 19:09:55] /i mighty helm of green sparks
[31/05/2013 19:10:09] /i Pheonixia helmet
[31/05/2013 19:10:20] /i Pheonixia legs
[31/05/2013 19:11:22] /m monk
[31/05/2013 19:11:55] /i blessed legs
[31/05/2013 19:12:01] /i blessed armor
[31/05/2013 19:12:05] /i blessed shield
[31/05/2013 19:12:21] /i warrior shield
[31/05/2013 19:15:37] /i small exp
[31/05/2013 19:19:08] /i Pheonixia ring
[31/05/2013 19:19:19] /i blessed legs
[31/05/2013 19:19:23] /i blessed armor
[31/05/2013 19:19:42] /i Pheonixia helmet
[31/05/2013 19:19:55] /i fortified shield
[31/05/2013 19:20:31] /i infinity backpack
[31/05/2013 19:20:31] /i infinity backpack
[31/05/2013 19:20:52] /i HP booster
[31/05/2013 19:22:07] /i sword of honor
[31/05/2013 19:22:24] /i forever aol
[31/05/2013 19:25:24] /i fur boots
[31/05/2013 19:28:14] /i fur boots
[31/05/2013 19:28:26] /m demon
[31/05/2013 19:28:26] /m demon
[27/08/2013 20:37:01] /a 3
[27/08/2013 20:37:02] /a 3
[27/08/2013 20:37:03] /a 3
[27/08/2013 20:37:04] /a 3
[27/08/2013 20:39:28] /i magic sword
[27/08/2013 20:40:04] /m demon
[27/08/2013 20:40:09] /m rat
[27/08/2013 20:40:11] /m dragon
[27/08/2013 20:40:14] /m dragon lord
[15/05/2014 01:12:35] !suicide
[15/05/2014 01:12:40] !suicide
[15/05/2014 01:16:18] !getpoints
[15/05/2014 01:16:31] !calc
[15/05/2014 04:04:05] !suicide
[15/05/2014 04:04:07] !suicide
[15/05/2014 04:04:23] !suicide
[15/05/2014 04:04:24] !suicide
[15/05/2014 04:04:24] !suicide
[15/05/2014 04:04:24] !suicide
[15/05/2014 04:04:29] !suicide
[15/05/2014 04:04:32] !suicide
[15/05/2014 04:04:35] !suicide
[15/05/2014 04:04:36] !suicide
[15/05/2014 04:04:39] !suicide
[15/05/2014 04:04:39] !suicide
[15/05/2014 04:04:42] !suicide
[15/05/2014 04:04:43] !suicide
