[10/09/2012 15:59:37] /i 10140
[10/09/2012 16:00:13] /i 10138
[10/09/2012 16:04:00] /i 7708
[10/09/2012 16:15:17] /clean
[10/09/2012 16:19:43] /i 12385
[10/09/2012 16:22:28] /i donation coin
[10/09/2012 16:24:43] /up
[10/09/2012 16:24:46] /t
[10/09/2012 16:25:01] /m  mozala
[10/09/2012 16:25:24] /attr set attack 10000000000000
[10/09/2012 16:25:32] /attr set attack 100000
[10/09/2012 16:26:08] /attr set attack 123456
[10/09/2012 16:26:16] /m mozala
[10/09/2012 16:27:07] /raid
[10/09/2012 16:27:35] /b clean
[10/09/2012 16:27:37] /clean
[10/09/2012 16:30:51] /b clean :D
[10/09/2012 16:30:56] /clean
[10/09/2012 16:35:24] /i 103
[10/09/2012 16:35:25] /i 103
[10/09/2012 16:35:25] /i 103
[10/09/2012 16:35:26] /i 103
[10/09/2012 16:35:27] /i 103
[10/09/2012 16:35:29] /i 103
[10/09/2012 16:35:30] /i 103
[10/09/2012 16:35:31] /i 103
[10/09/2012 16:35:32] /i 103
[10/09/2012 16:35:33] /i 103
[10/09/2012 16:35:34] /i 103
[10/09/2012 16:35:35] /i 103
[10/09/2012 16:35:36] /i 103
[10/09/2012 16:35:37] /i 103
[10/09/2012 16:35:41] /i 103
[10/09/2012 16:35:43] /i 103
[10/09/2012 16:35:48] /i 103
[10/09/2012 16:35:49] /i 103
[10/09/2012 16:35:52] /i 103
[10/09/2012 16:35:52] /i 103
[10/09/2012 16:35:53] /i 103
[10/09/2012 16:35:55] /i 103
[10/09/2012 16:35:55] /i 103
[10/09/2012 16:35:56] /i 103
[10/09/2012 16:35:58] /i 103
[10/09/2012 16:35:59] /i 103
[10/09/2012 16:36:01] /i 103
[10/09/2012 16:36:03] /i 103
[10/09/2012 16:36:04] /i 103
[10/09/2012 16:36:06] /i 103
[10/09/2012 16:36:07] /i 103
[10/09/2012 16:36:08] /i 103
[10/09/2012 16:36:09] /i 103
[10/09/2012 16:37:58] /shutdown
[13/09/2012 16:08:48] /b hay
[13/09/2012 16:08:50] /t
[13/09/2012 16:09:18] /i doll
[13/09/2012 16:10:20] /attr set name gay
[13/09/2012 16:24:23] /rename Ferumbro, [ADM] Dalskog
[13/09/2012 16:24:34] /rename Ferumbro, ADMIN Dalskog
