[04/08/2012 20:08:58] /t
[04/08/2012 20:09:49] /i 2277
[04/08/2012 20:10:14] /i 2275
[04/08/2012 20:10:20] /i 2296
[04/08/2012 20:10:27] /i 2308
[04/08/2012 20:11:26] /t
[04/08/2012 20:17:58] /i gold ingot
[04/08/2012 20:18:14] /i gold nugget
[04/08/2012 20:18:22] /i gold bar
[04/08/2012 20:18:34] /i crystal coin
[04/08/2012 20:20:28] /t
[04/08/2012 20:21:04] /a 3
[04/08/2012 20:21:54] /up
[04/08/2012 20:22:47] /i 1515
[04/08/2012 20:22:49] /i 1515
[04/08/2012 20:22:50] /i 1515
[04/08/2012 20:22:51] /i 1515
[04/08/2012 20:23:20] /i large throne
[04/08/2012 20:23:22] /i large throne
[04/08/2012 20:23:38] /i fountain
[04/08/2012 20:23:49] /i 1361
[04/08/2012 20:23:51] /i 1362
[04/08/2012 20:23:53] /i 1363
[04/08/2012 20:24:15] /r
[04/08/2012 20:24:17] /r
[04/08/2012 20:24:18] /r
[04/08/2012 20:24:19] /r
[04/08/2012 20:24:23] /i 1363
[04/08/2012 20:24:27] /r
[04/08/2012 20:24:29] /i 1363
[04/08/2012 20:24:34] /i 1362
[04/08/2012 20:24:36] /i 1361
[04/08/2012 20:24:39] /i 1360
[04/08/2012 20:24:54] /i lava fountain
[04/08/2012 20:24:55] /i lava fountain
[04/08/2012 20:25:03] /r
[04/08/2012 20:25:05] /r
[04/08/2012 20:25:09] /down
[04/08/2012 20:25:51] /m rebirth freak
[04/08/2012 20:27:58] /i 5810
[04/08/2012 20:28:35] /i 7366
[04/08/2012 20:31:03] /i 7735
[04/08/2012 20:31:24] /i 11115
[04/08/2012 20:32:21] /i 12607
[04/08/2012 20:32:30] /i 12606
[04/08/2012 20:32:31] /i 12605
[04/08/2012 20:32:32] /i 12604
[04/08/2012 20:32:33] /i 12603
[04/08/2012 20:32:35] /i 12602
[04/08/2012 20:33:02] /m rebirth freak
[04/08/2012 20:34:45] /addskill God poseidon, levels, 71717
[04/08/2012 20:34:46] /addskill God poseidon, levels, 71717
[04/08/2012 20:34:46] /addskill God poseidon, levels, 71717
[04/08/2012 20:34:47] /addskill God poseidon, levels, 71717
[04/08/2012 20:34:47] /addskill God poseidon, levels, 71717
[04/08/2012 20:34:48] /addskill God poseidon, levels, 71717
[04/08/2012 20:34:49] /addskill God poseidon, levels, 71717
[04/08/2012 20:34:50] /addskill God poseidon, levels, 71717
[04/08/2012 20:34:53] /addskill God poseidon, levels, 71717
[04/08/2012 20:34:55] /addskill God poseidon, levels, 7171
[04/08/2012 20:34:56] /addskill God poseidon, levels, 7171
[04/08/2012 20:34:57] /addskill God poseidon, levels, 7171
[04/08/2012 20:34:57] /addskill God poseidon, levels, 7171
[04/08/2012 20:34:58] /addskill God poseidon, levels, 717
[04/08/2012 20:34:59] /addskill God poseidon, levels, 717
[04/08/2012 20:34:59] /addskill God poseidon, levels, 717
[04/08/2012 20:35:00] /addskill God poseidon, levels, 717
[04/08/2012 20:35:00] /addskill God poseidon, levels, 717
[04/08/2012 20:35:01] /addskill God poseidon, levels, 717
[04/08/2012 20:35:01] /addskill God poseidon, levels, 717
[04/08/2012 20:35:02] /addskill God poseidon, levels, 717
[04/08/2012 20:35:02] /addskill God poseidon, levels, 717
[04/08/2012 20:35:03] /addskill God poseidon, levels, 717
[04/08/2012 20:35:04] /addskill God poseidon, levels, 717
[04/08/2012 20:35:05] /addskill God poseidon, levels, 71
[04/08/2012 20:35:05] /addskill God poseidon, levels, 71
[04/08/2012 20:35:06] /addskill God poseidon, levels, 71
[04/08/2012 20:35:06] /addskill God poseidon, levels, 71
[04/08/2012 20:35:07] /addskill God poseidon, levels, 71
[04/08/2012 20:35:07] /addskill God poseidon, levels, 71
[04/08/2012 20:35:08] /addskill God poseidon, levels, 71
[04/08/2012 20:35:08] /addskill God poseidon, levels, 71
[04/08/2012 20:35:09] /addskill God poseidon, levels, 71
[04/08/2012 20:35:09] /addskill God poseidon, levels, 71
[04/08/2012 20:35:10] /addskill God poseidon, levels, 71
[04/08/2012 20:35:11] /addskill God poseidon, levels, 71
[04/08/2012 20:35:11] /addskill God poseidon, levels, 71
[04/08/2012 20:35:12] /addskill God poseidon, levels, 71
[04/08/2012 20:39:01] /a 2
[04/08/2012 20:41:33] /up
[04/08/2012 20:41:34] /up
[04/08/2012 20:41:35] /up
[04/08/2012 20:41:35] /up
[04/08/2012 20:41:36] /up
[04/08/2012 20:41:43] /up
[04/08/2012 20:41:44] /up
[04/08/2012 20:41:44] /up
[04/08/2012 20:41:44] /up
[04/08/2012 20:41:45] /up
[04/08/2012 20:42:04] /up
[04/08/2012 20:42:04] /up
[04/08/2012 20:42:05] /up
[04/08/2012 20:42:05] /up
[04/08/2012 20:42:06] /up
[04/08/2012 20:55:04] /c god poseidon
[04/08/2012 20:57:58] /i crystal coin
[04/08/2012 21:02:16] /c mind killer
[04/08/2012 21:03:10] /c mind killer
[04/08/2012 21:07:16] /i crystalk coin
[04/08/2012 21:07:21] /i crystal coin
[04/08/2012 21:07:42] /t
[04/08/2012 21:07:57] /i crystal coin
[04/08/2012 21:08:02] /t virus
[04/08/2012 21:08:20] /i vip coins
[04/08/2012 21:08:22] /i vip coin
[04/08/2012 21:13:07] /a 6
[04/08/2012 21:13:10] /up
[04/08/2012 21:15:14] /m rebirth freak
[04/08/2012 21:15:50] /m rebirth freak
[04/08/2012 21:16:32] /up
[04/08/2012 21:17:23] /r
[04/08/2012 21:17:25] /r
[04/08/2012 21:17:26] /r
[04/08/2012 21:17:27] /r
[04/08/2012 21:17:28] /r
[04/08/2012 21:19:25] /t
