[06/06/2013 19:36:30] /a 5
[06/06/2013 19:36:31] /a 5
[06/06/2013 19:36:31] /a 5
[06/06/2013 19:36:31] /a 5
[06/06/2013 19:36:31] /a 5
[06/06/2013 19:36:31] /a 5
[06/06/2013 19:36:31] /a 5
[06/06/2013 19:36:31] /a 5
[06/06/2013 19:36:31] /a 5
[06/06/2013 19:36:31] /a 5
[06/06/2013 19:36:31] /a 5
[06/06/2013 19:36:31] /a 5
[06/06/2013 19:36:31] /a 5
[06/06/2013 19:36:31] /a 5
[06/06/2013 19:36:31] /a 5
[06/06/2013 19:36:31] /a 5
[06/06/2013 19:36:31] /a 5
[06/06/2013 19:36:31] /a 5
[06/06/2013 19:36:31] /a 5
[06/06/2013 19:36:31] /a 5
[06/06/2013 19:36:31] /a 5
[06/06/2013 19:36:32] /a 5
[06/06/2013 19:36:32] /a 5
[06/06/2013 19:36:32] /a 5
[06/06/2013 19:36:32] /a 5
[06/06/2013 19:36:32] /a 5
[06/06/2013 19:36:32] /a 5
[06/06/2013 19:36:32] /a 5
[06/06/2013 19:36:32] /a 5
[06/06/2013 19:36:32] /a 5
[06/06/2013 19:36:32] /a 5
[06/06/2013 19:36:32] /a 5
[06/06/2013 19:36:32] /a 5
[06/06/2013 19:36:32] /a 5
[06/06/2013 19:36:32] /a 5
[06/06/2013 19:36:32] /a 5
[06/06/2013 19:36:32] /a 5
[06/06/2013 19:36:32] /a 5
[06/06/2013 19:36:34] /a 5
[06/06/2013 19:36:34] /a 5
[06/06/2013 19:36:34] /a 5
[06/06/2013 19:36:34] /a 5
[06/06/2013 19:36:35] /a 5
[06/06/2013 19:36:35] /a 5
[06/06/2013 19:36:35] /a 5
[06/06/2013 19:36:35] /a 5
[06/06/2013 19:36:36] /a 5
[06/06/2013 19:36:37] /a 5
[06/06/2013 19:36:37] /a 5
[06/06/2013 19:36:37] /a 5
[06/06/2013 19:36:37] /a 5
[06/06/2013 19:36:37] /a 5
[06/06/2013 19:36:37] /a 5
[06/06/2013 19:36:38] /a 5
[06/06/2013 19:36:38] /a 5
[06/06/2013 19:36:38] /a 5
[06/06/2013 19:36:38] /a 5
[06/06/2013 19:36:38] /a 5
[06/06/2013 19:36:40] /a 5
[06/06/2013 19:36:40] /a 5
[06/06/2013 19:36:40] /a 5
[06/06/2013 19:36:41] /a 5
[06/06/2013 19:36:41] /a 5
[06/06/2013 19:36:41] /a 5
[06/06/2013 19:36:42] /a 5
[06/06/2013 19:36:42] /a 5
[06/06/2013 19:36:42] /a 5
[06/06/2013 19:36:42] /a 5
[06/06/2013 19:36:42] /a 5
[06/06/2013 19:36:42] /a 5
[06/06/2013 19:36:42] /a 5
[06/06/2013 19:36:42] /a 5
[06/06/2013 19:36:42] /a 5
[06/06/2013 19:36:42] /a 5
[06/06/2013 19:36:42] /a 5
[06/06/2013 19:36:43] /a 5
[06/06/2013 19:36:43] /a 5
[06/06/2013 19:36:43] /a 5
[06/06/2013 19:36:43] /a 5
[06/06/2013 19:36:44] /a 5
[06/06/2013 19:36:44] /a 5
[06/06/2013 19:36:44] /a 5
[06/06/2013 19:36:44] /a 5
[06/06/2013 19:36:45] /a 5
[06/06/2013 19:36:45] /a 5
[06/06/2013 19:36:45] /a 5
[06/06/2013 19:36:46] /a 5
[06/06/2013 19:36:46] /a 5
[06/06/2013 19:36:46] /a 5
[06/06/2013 19:36:46] /a 5
[06/06/2013 19:36:47] /a 5
[06/06/2013 19:36:47] /a 5
[06/06/2013 19:36:48] /a 5
[06/06/2013 19:36:49] /a 5
[06/06/2013 19:36:49] /a 5
[06/06/2013 19:36:51] /a 5
[06/06/2013 19:37:12] /town 1
[06/06/2013 19:38:57] /i 12288
[06/06/2013 19:39:28] /i copper shield
[06/06/2013 19:41:02] /i pheonixia bow
[06/06/2013 19:42:02] /i pheonixia arrow
[06/06/2013 19:42:06] /i pheonixia arrow
[06/06/2013 19:45:57] /i 8859
[06/06/2013 19:46:00] /i 8860
[06/06/2013 19:46:10] /i 8865
[06/06/2013 19:46:12] /i 8866
[06/06/2013 19:46:16] /i 8864
[06/06/2013 19:46:18] /i 8863
[06/06/2013 19:46:20] /i 8863
[06/06/2013 19:46:21] /i 8862
[06/06/2013 19:48:33] /i pheonixia ring
[06/06/2013 19:50:56] /i phenoxia sword
[06/06/2013 19:51:03] /i pheonixia sword
[06/06/2013 19:52:12] /m trainer
[06/06/2013 19:52:15] /m training monk
[06/06/2013 19:55:23] /i 
[06/06/2013 19:55:38] /i drachaku
[06/06/2013 19:57:27] /i 
[06/06/2013 19:57:28] /i sais
[06/06/2013 19:58:32] /i twin hooks
[06/06/2013 19:59:16] /i 11349
[06/06/2013 20:00:34] /i pheonixia armor
[06/06/2013 20:04:55] /i 11350
[06/06/2013 20:07:24] /i 11260
[06/06/2013 20:07:28] /i 11360
[06/06/2013 20:08:30] /i donation helmet
[06/06/2013 20:09:39] /i 12604
[06/06/2013 20:10:15] /i 16000
[06/06/2013 20:11:22] /i ornate crossbow
[06/06/2013 20:12:32] /i 12605
[06/06/2013 20:13:17] /i 12606
[06/06/2013 20:14:14] /addskill GM Drew, level, 100
[06/06/2013 20:14:21] /i crystal coin
[06/06/2013 20:15:12] /i 12601
[06/06/2013 20:15:17] /i 12610
[06/06/2013 20:15:58] /i magic longsword
[06/06/2013 20:16:37] /i donation boots
[06/06/2013 20:17:10] /i donation axe
[06/06/2013 20:17:23] /i donation legs
[06/06/2013 20:18:20] /i golden legs
[06/06/2013 20:19:50] /i 12608
[06/06/2013 20:20:53] /i donation axe
[06/06/2013 20:22:35] /i donation club
[06/06/2013 20:23:48] /i donation pally boots
[06/06/2013 20:25:39] /i donation kina boots
[06/06/2013 20:28:07] /i Donation backpack
[06/06/2013 20:29:04] /i moon backpack
[06/06/2013 20:29:34] /m medusa
[06/06/2013 20:29:35] /m medusa
[06/06/2013 20:29:44] /s demon
[06/06/2013 20:31:47] /i donation mana ball
[06/06/2013 20:38:10] /i forever aol
[06/06/2013 20:39:40] /i first mana medal
[06/06/2013 22:36:27] /i pheonia ring
[06/06/2013 22:36:38] /i pheonexian ring
[06/06/2013 22:36:43] /i pheonexia ring
[06/06/2013 22:37:30] /i claw of power
[06/06/2013 22:37:34] /i 10309
[06/06/2013 22:38:42] !afk
[06/06/2013 22:41:57] !suicide
[06/06/2013 22:42:01] !suicide
[07/06/2013 02:04:53] /i blessed armor
[07/06/2013 02:05:06] /i enforced armor
[07/06/2013 02:05:15] /i enforced legs
[07/06/2013 02:05:21] /i enforced shoes
[07/06/2013 02:05:27] /i enforced helmet
[07/06/2013 02:06:08] /i first mana medal
[07/06/2013 02:06:18] /i second mana medal
[07/06/2013 02:06:27] /i ham
[07/06/2013 02:06:43] /i first health medal
[07/06/2013 02:06:51] /i second health medal
[07/06/2013 02:06:58] /i second health booster
[07/06/2013 02:07:02] /i mana booster
[07/06/2013 02:07:18] /i mana booster
[07/06/2013 02:07:21] /i mana booster
[07/06/2013 02:07:27] /i mana booster
[07/06/2013 02:07:30] /i mana booster
[07/06/2013 02:07:34] /i mana booster
[07/06/2013 02:07:38] /i mana booster
[07/06/2013 02:08:42] /i mana booster
[07/06/2013 02:08:42] /i mana booster
[07/06/2013 02:08:43] /i mana booster
[07/06/2013 02:08:46] /i health booster
[07/06/2013 02:08:48] /i health booster
[07/06/2013 02:08:51] /i health booster
[07/06/2013 02:11:33] /i mana booster
[07/06/2013 04:13:48] /m sea serpent
[07/06/2013 04:17:02] /i enforced armor
[07/06/2013 04:17:06] /i enforced legs
[07/06/2013 04:17:11] /i blessed helmet
[07/06/2013 04:17:33] /i blessed shield
[07/06/2013 04:17:36] /i great shield
[07/06/2013 23:53:27] !grafico
[07/06/2013 23:53:31] !grafico
[07/06/2013 23:53:32] !grafico
[07/06/2013 23:54:11] /shutdown
[08/06/2013 00:57:32] /goto dragon
[08/06/2013 00:58:28] /i ring of power
[08/06/2013 00:58:34] /i power ring
[08/06/2013 00:58:41] /m frost dragon
[08/06/2013 00:58:49] /i sword of power
[08/06/2013 00:59:31] /town 1
[08/06/2013 00:59:38] /n soya
[08/06/2013 00:59:41] /s yorick
[08/06/2013 00:59:44] /n yorick
[08/06/2013 03:13:40] /m training monk
[08/06/2013 03:13:46] /i infinity backpack
[08/06/2013 03:14:29] /a 2
[08/06/2013 03:14:29] /a 2
[08/06/2013 03:14:29] /a 2
[08/06/2013 03:14:29] /a 2
[08/06/2013 03:14:29] /a 2
[08/06/2013 03:14:29] /a 2
[08/06/2013 03:14:30] /a 2
[08/06/2013 03:14:30] /a 2
[08/06/2013 03:14:30] /a 2
[08/06/2013 03:14:30] /a 2
[08/06/2013 03:14:31] /a 2
[08/06/2013 03:14:31] /a 2
[08/06/2013 03:14:31] /a 2
[08/06/2013 03:14:31] /a 2
[08/06/2013 03:14:31] /a 2
[08/06/2013 03:14:31] /a 2
[08/06/2013 03:14:31] /a 2
[08/06/2013 03:14:31] /a 2
[08/06/2013 03:14:31] /a 2
[08/06/2013 03:14:31] /a 2
[08/06/2013 03:14:32] /a 2
[08/06/2013 03:14:32] /a 2
[08/06/2013 03:14:32] /a 2
[08/06/2013 03:14:32] /a 2
[08/06/2013 03:14:33] /a 2
[08/06/2013 03:14:33] /a 2
[08/06/2013 03:14:33] /a 2
[08/06/2013 03:14:33] /a 2
[08/06/2013 03:14:33] /a 2
[08/06/2013 03:14:33] /a 2
[08/06/2013 03:14:33] /a 2
[08/06/2013 03:14:33] /a 2
[08/06/2013 03:14:33] /a 2
[08/06/2013 03:14:33] /a 2
[08/06/2013 03:14:33] /a 2
[08/06/2013 03:14:33] /a 2
[08/06/2013 03:14:33] /a 2
[08/06/2013 03:14:33] /a 2
[08/06/2013 03:14:34] /a 2
[08/06/2013 03:14:34] /a 2
[08/06/2013 03:14:34] /a 2
[08/06/2013 03:14:34] /a 2
[08/06/2013 03:14:34] /a 2
[08/06/2013 03:14:34] /a 2
[08/06/2013 03:14:34] /a 2
[08/06/2013 03:14:34] /a 2
[08/06/2013 03:14:34] /a 2
[08/06/2013 03:14:35] /a 2
[08/06/2013 03:14:35] /a 2
[08/06/2013 03:14:35] /a 2
[08/06/2013 03:14:35] /a 2
[08/06/2013 03:14:35] /a 2
[08/06/2013 03:14:35] /a 2
[08/06/2013 03:14:35] /a 2
[08/06/2013 03:14:35] /a 2
[08/06/2013 03:14:36] /a 2
[08/06/2013 03:14:36] /a 2
[08/06/2013 03:14:37] /a 2
[08/06/2013 03:15:12] /m training monk
[08/06/2013 03:16:06] /addskill GM Drew, distance, 50
[08/06/2013 03:16:17] /addskill GM Drew, distance, 50
[08/06/2013 03:16:20] /addskill GM Drew, distance
[08/06/2013 03:16:21] /addskill GM Drew, distance
[08/06/2013 03:16:21] /addskill GM Drew, distance
[08/06/2013 03:16:22] /addskill GM Drew, distance
[08/06/2013 03:16:30] /addskill GM Drew, distance
[08/06/2013 03:16:30] /addskill GM Drew, distance
[08/06/2013 03:16:30] /addskill GM Drew, distance
[08/06/2013 03:16:30] /addskill GM Drew, distance
[08/06/2013 03:16:30] /addskill GM Drew, distance
[08/06/2013 03:16:30] /addskill GM Drew, distance
[08/06/2013 03:16:30] /addskill GM Drew, distance
[08/06/2013 03:16:31] /addskill GM Drew, distance
[08/06/2013 03:16:31] /addskill GM Drew, distance
[08/06/2013 03:16:31] /addskill GM Drew, distance
[08/06/2013 03:16:31] /addskill GM Drew, distance
[08/06/2013 03:16:31] /addskill GM Drew, distance
[08/06/2013 03:16:31] /addskill GM Drew, distance
[08/06/2013 03:16:31] /addskill GM Drew, distance
[08/06/2013 03:16:31] /addskill GM Drew, distance
[08/06/2013 03:16:31] /addskill GM Drew, distance
[08/06/2013 03:16:31] /addskill GM Drew, distance
[08/06/2013 03:16:31] /addskill GM Drew, distance
[08/06/2013 03:16:31] /addskill GM Drew, distance
[08/06/2013 03:16:31] /addskill GM Drew, distance
[08/06/2013 03:16:31] /addskill GM Drew, distance
[08/06/2013 03:16:31] /addskill GM Drew, distance
[08/06/2013 03:16:31] /addskill GM Drew, distance
[08/06/2013 03:16:31] /addskill GM Drew, distance
[08/06/2013 03:16:31] /addskill GM Drew, distance
[08/06/2013 03:16:31] /addskill GM Drew, distance
[08/06/2013 03:16:31] /addskill GM Drew, distance
[08/06/2013 03:16:31] /addskill GM Drew, distance
[08/06/2013 03:16:31] /addskill GM Drew, distance
[08/06/2013 03:16:31] /addskill GM Drew, distance
[08/06/2013 03:16:31] /addskill GM Drew, distance
[08/06/2013 03:16:31] /addskill GM Drew, distance
[08/06/2013 03:16:31] /addskill GM Drew, distance
[08/06/2013 03:16:31] /addskill GM Drew, distance
[08/06/2013 03:16:32] /addskill GM Drew, distance
[08/06/2013 03:16:32] /addskill GM Drew, distance
[08/06/2013 03:16:32] /addskill GM Drew, distance
[08/06/2013 03:16:33] /addskill GM Drew, distance
[08/06/2013 03:16:33] /addskill GM Drew, distance
[08/06/2013 03:16:33] /addskill GM Drew, distance
[08/06/2013 03:16:33] /addskill GM Drew, distance
[08/06/2013 03:16:33] /addskill GM Drew, distance
[08/06/2013 03:16:33] /addskill GM Drew, distance
[08/06/2013 03:16:33] /addskill GM Drew, distance
[08/06/2013 03:16:33] /addskill GM Drew, distance
[08/06/2013 03:16:33] /addskill GM Drew, distance
[08/06/2013 03:16:33] /addskill GM Drew, distance
[08/06/2013 03:16:33] /addskill GM Drew, distance
[08/06/2013 03:16:33] /addskill GM Drew, distance
[08/06/2013 03:16:33] /addskill GM Drew, distance
[08/06/2013 03:16:33] /addskill GM Drew, distance
[08/06/2013 03:16:33] /addskill GM Drew, distance
[08/06/2013 03:16:33] /addskill GM Drew, distance
[08/06/2013 03:16:33] /addskill GM Drew, distance
[08/06/2013 03:16:33] /addskill GM Drew, distance
[08/06/2013 03:16:33] /addskill GM Drew, distance
[08/06/2013 03:16:33] /addskill GM Drew, distance
[08/06/2013 03:16:33] /addskill GM Drew, distance
[08/06/2013 03:16:34] /addskill GM Drew, distance
[08/06/2013 03:16:34] /addskill GM Drew, distance
[08/06/2013 03:16:34] /addskill GM Drew, distance
[08/06/2013 03:17:00] /i boots of haste
[08/06/2013 03:19:22] /i thrower
[08/06/2013 03:19:26] /i power thrower
[08/06/2013 03:19:59] /m hunter
[08/06/2013 03:20:04] /town 1
[08/06/2013 03:20:08] /m hunter
[08/06/2013 03:22:41] /reload items
[08/06/2013 03:23:10] /reload items
[08/06/2013 03:24:18] /reload items
[08/06/2013 03:24:20] /ghost
[08/06/2013 03:37:05] /m lizard chosen
[08/06/2013 03:37:27] /r
[08/06/2013 03:37:32] /m monk
[08/06/2013 03:38:39] /m demon
[08/06/2013 03:40:08] /r
[08/06/2013 03:40:10] /m hunter
[08/06/2013 03:59:15] /reload outfits
[08/06/2013 04:48:15] /i enforced paladin armor
[08/06/2013 04:48:44] /i yalahari leg piece
[08/06/2013 04:48:59] /i blessed legs
[08/06/2013 04:49:03] /i super legs
[08/06/2013 04:49:30] /i 12657
[08/06/2013 04:49:33] /i 12656
[08/06/2013 04:49:33] /i 12655
[08/06/2013 04:49:34] /i 12654
[08/06/2013 04:49:35] /i 12653
[08/06/2013 04:49:36] /i 12651
[08/06/2013 04:49:38] /i 12500
[08/06/2013 04:49:39] /i 125000
[08/06/2013 04:49:52] /i 12649
[08/06/2013 04:50:05] /i 12642
[08/06/2013 04:50:17] /i 12603
[08/06/2013 04:50:18] /i 12602
[08/06/2013 04:50:19] /i 12601
[08/06/2013 04:50:21] /i 12605
[08/06/2013 04:50:22] /i 12606
[08/06/2013 04:50:23] /i 12607
[08/06/2013 04:50:24] /i 12608
[08/06/2013 04:50:25] /i 12609
[08/06/2013 04:50:26] /i 12610
[08/06/2013 04:50:28] /i 12611
[08/06/2013 04:50:29] /i 12612
[08/06/2013 04:50:30] /i 12613
[08/06/2013 04:50:31] /i 12613
[08/06/2013 04:50:33] /i 12614
[08/06/2013 04:50:34] /i 12615
[08/06/2013 04:50:40] /i 12617
[08/06/2013 04:50:42] /i 12618
[08/06/2013 04:50:43] /i 12619
[08/06/2013 04:52:02] /n yorick
[08/06/2013 04:52:26] /i super armor
[08/06/2013 05:39:32] /i boots of strong haste
[08/06/2013 05:39:46] /i boots of great haste
[08/06/2013 05:40:29] /goto demon
[08/06/2013 05:40:36] /r
[08/06/2013 05:40:38] /r
[08/06/2013 05:40:40] /r
[08/06/2013 05:40:41] /goto demon
[08/06/2013 05:40:45] /r
[08/06/2013 05:40:46] /goto demon
[08/06/2013 05:41:18] /addskill GM Drew, axe, 10
[08/06/2013 05:41:19] /addskill GM Drew, axe, 10
[08/06/2013 05:41:19] /addskill GM Drew, axe, 10
[08/06/2013 05:41:20] /addskill GM Drew, axe, 10
[08/06/2013 05:41:20] /addskill GM Drew, axe, 10
[08/06/2013 05:42:59] /down
[08/06/2013 05:43:02] /up
[08/06/2013 05:43:07] /down
[08/06/2013 05:43:29] /a 4
[08/06/2013 05:43:30] /a 4
[08/06/2013 05:43:32] /s monk
[08/06/2013 05:43:37] /s training monk
[08/06/2013 05:44:21] /town 2
[08/06/2013 05:44:23] /town 3
[08/06/2013 05:44:35] /a 3
[08/06/2013 05:44:36] /a 3
[08/06/2013 05:44:36] /a 3
[08/06/2013 05:44:36] /a 3
[08/06/2013 05:44:36] /a 3
[08/06/2013 05:44:36] /a 3
[08/06/2013 05:44:36] /a 3
[08/06/2013 05:44:36] /a 3
[08/06/2013 05:44:36] /a 3
[08/06/2013 05:44:36] /a 3
[08/06/2013 05:44:36] /a 3
[08/06/2013 05:44:37] /a 3
[08/06/2013 05:44:37] /a 3
[08/06/2013 05:44:37] /a 3
[08/06/2013 05:44:37] /a 3
[08/06/2013 05:44:37] /a 3
[08/06/2013 05:44:37] /a 3
[08/06/2013 05:44:37] /a 3
[08/06/2013 05:44:37] /a 3
[08/06/2013 05:44:37] /a 3
[08/06/2013 05:44:37] /a 3
[08/06/2013 05:44:37] /a 3
[08/06/2013 05:44:37] /a 3
[08/06/2013 05:44:37] /a 3
[08/06/2013 05:44:37] /a 3
[08/06/2013 05:44:37] /a 3
[08/06/2013 05:44:37] /a 3
[08/06/2013 05:44:37] /a 3
[08/06/2013 05:44:38] /a 3
[08/06/2013 05:44:38] /a 3
[08/06/2013 05:44:38] /a 3
[08/06/2013 05:44:38] /a 3
[08/06/2013 05:44:38] /a 3
[08/06/2013 05:44:38] /a 3
[08/06/2013 05:44:38] /a 3
[08/06/2013 05:44:38] /a 3
[08/06/2013 05:44:38] /a 3
[08/06/2013 05:44:38] /a 3
[08/06/2013 05:44:38] /a 3
[08/06/2013 05:44:38] /a 3
[08/06/2013 05:44:38] /a 3
[08/06/2013 05:44:38] /a 3
[08/06/2013 05:44:38] /a 3
[08/06/2013 05:44:38] /a 3
[08/06/2013 05:44:38] /a 3
[08/06/2013 05:44:38] /a 3
[08/06/2013 05:44:38] /a 3
[08/06/2013 05:44:38] /a 3
[08/06/2013 05:44:38] /a 3
[08/06/2013 05:44:38] /a 3
[08/06/2013 05:44:38] /a 3
[08/06/2013 05:44:38] /a 3
[08/06/2013 05:44:38] /a 3
[08/06/2013 05:44:38] /a 3
[08/06/2013 05:44:38] /a 3
[08/06/2013 05:44:38] /a 3
[08/06/2013 05:44:38] /a 3
[08/06/2013 05:44:38] /a 3
[08/06/2013 05:44:38] /a 3
[08/06/2013 05:44:39] /a 3
[08/06/2013 05:44:39] /a 3
[08/06/2013 05:44:39] /a 3
[08/06/2013 05:44:39] /a 3
[08/06/2013 05:44:39] /a 3
[08/06/2013 05:44:39] /a 3
[08/06/2013 05:44:39] /a 3
[08/06/2013 05:44:39] /a 3
[08/06/2013 05:44:39] /a 3
[08/06/2013 05:44:39] /a 3
[08/06/2013 05:44:39] /a 3
[08/06/2013 05:44:39] /a 3
[08/06/2013 05:44:39] /a 3
[08/06/2013 05:44:40] /a 3
[08/06/2013 05:44:40] /a 3
[08/06/2013 05:44:40] /a 3
[08/06/2013 05:44:40] /a 3
[08/06/2013 05:44:40] /a 3
[08/06/2013 05:44:40] /a 3
[08/06/2013 05:44:40] /a 3
[08/06/2013 05:44:40] /a 3
[08/06/2013 05:44:40] /a 3
[08/06/2013 05:44:40] /a 3
[08/06/2013 05:44:40] /a 3
[08/06/2013 05:44:40] /a 3
[08/06/2013 05:44:40] /a 3
[08/06/2013 05:44:40] /a 3
[08/06/2013 05:44:40] /a 3
[08/06/2013 05:44:40] /a 3
[08/06/2013 05:44:41] /a 3
[08/06/2013 05:44:41] /a 3
[08/06/2013 05:44:41] /a 3
[08/06/2013 05:44:41] /a 3
[08/06/2013 05:44:41] /a 3
[08/06/2013 05:44:41] /a 3
[08/06/2013 05:44:41] /a 3
[08/06/2013 05:44:41] /a 3
[08/06/2013 05:44:41] /a 3
[08/06/2013 05:44:41] /a 3
[08/06/2013 05:44:41] /a 3
[08/06/2013 05:44:41] /a 3
[08/06/2013 05:44:41] /a 3
[08/06/2013 05:44:41] /a 3
[08/06/2013 05:44:41] /a 3
[08/06/2013 05:44:41] /a 3
[08/06/2013 05:44:42] /a 3
[08/06/2013 05:44:42] /a 3
[08/06/2013 05:44:42] /a 3
[08/06/2013 05:44:42] /a 3
[08/06/2013 05:44:42] /a 3
[08/06/2013 05:44:42] /a 3
[08/06/2013 05:44:42] /a 3
[08/06/2013 05:44:42] /a 3
[08/06/2013 05:44:42] /a 3
[08/06/2013 05:44:42] /a 3
[08/06/2013 05:44:42] /a 3
[08/06/2013 05:44:42] /a 3
[08/06/2013 05:44:42] /a 3
[08/06/2013 05:44:42] /a 3
[08/06/2013 05:44:42] /a 3
[08/06/2013 05:44:42] /a 3
[08/06/2013 05:44:42] /a 3
[08/06/2013 05:44:42] /a 3
[08/06/2013 05:44:42] /a 3
[08/06/2013 05:44:42] /a 3
[08/06/2013 05:44:42] /a 3
[08/06/2013 05:44:42] /a 3
[08/06/2013 05:44:42] /a 3
[08/06/2013 05:44:42] /a 3
[08/06/2013 05:44:42] /a 3
[08/06/2013 05:44:42] /a 3
[08/06/2013 05:44:42] /a 3
[08/06/2013 05:44:42] /a 3
[08/06/2013 05:44:42] /a 3
[08/06/2013 05:44:42] /a 3
[08/06/2013 05:44:42] /a 3
[08/06/2013 05:44:42] /a 3
[08/06/2013 05:44:42] /a 3
[08/06/2013 05:44:42] /a 3
[08/06/2013 05:44:43] /a 3
[08/06/2013 05:44:43] /a 3
[08/06/2013 05:44:43] /a 3
[08/06/2013 05:44:43] /a 3
[08/06/2013 05:44:43] /a 3
[08/06/2013 05:44:43] /a 3
[08/06/2013 05:44:43] /a 3
[08/06/2013 05:44:43] /a 3
[08/06/2013 05:44:44] /a 3
[08/06/2013 05:44:44] /a 3
[08/06/2013 05:44:44] /a 3
[08/06/2013 05:44:44] /a 3
[08/06/2013 05:44:44] /a 3
[08/06/2013 05:44:44] /a 3
[08/06/2013 05:44:44] /a 3
[08/06/2013 05:44:44] /a 3
[08/06/2013 05:44:45] /a 3
[08/06/2013 05:44:45] /a 3
[08/06/2013 05:44:45] /a 3
[08/06/2013 05:44:45] /a 3
[08/06/2013 05:44:45] /a 3
[08/06/2013 05:44:45] /a 3
[08/06/2013 05:44:45] /a 3
[08/06/2013 05:44:45] /a 3
[08/06/2013 05:44:45] /a 3
[08/06/2013 05:44:45] /a 3
[08/06/2013 05:44:45] /a 3
[08/06/2013 05:44:46] /a 3
[08/06/2013 05:44:46] /a 3
[08/06/2013 05:44:46] /a 3
[08/06/2013 05:44:47] /a 3
[08/06/2013 05:44:47] /a 3
[08/06/2013 05:44:51] /town 1
[08/06/2013 05:44:53] /town 2
[08/06/2013 05:44:54] /town 3
[08/06/2013 05:44:55] /town 4
[08/06/2013 05:44:57] /town 4
[08/06/2013 05:44:57] /town 5
[08/06/2013 05:44:58] /town 6
[08/06/2013 05:45:00] /town 5
[08/06/2013 05:45:42] /town 6
[08/06/2013 05:45:43] /town 7
[08/06/2013 05:45:47] /town 8
[08/06/2013 05:45:48] /town 9
[08/06/2013 05:45:50] /town 10
[08/06/2013 21:47:11] /newtype 59
[08/06/2013 21:47:15] /ghost
[08/06/2013 21:47:19] /newtype 69
[08/06/2013 21:47:20] /newtype 49
[08/06/2013 21:47:53] /n nimen
[08/06/2013 21:54:01] /n eryn
[08/06/2013 21:54:13] /n xodet
[08/06/2013 21:54:53] /m demon
[08/06/2013 21:55:03] /i sudden death rune
[08/06/2013 22:03:22] /reload npc
[08/06/2013 22:03:27] /n cityguard
[08/06/2013 22:03:56] /n nimen
[08/06/2013 22:04:42] /reload npc
[08/06/2013 22:04:46] /n nimen
[08/06/2013 22:05:01] /reload npc
[08/06/2013 22:05:11] /n nimen
[08/06/2013 22:05:47] /n nimen
[08/06/2013 22:06:07] /s nimen
[08/06/2013 22:06:10] /n nime
[08/06/2013 22:06:11] /n nimen
[09/06/2013 06:03:04] /i super armor
[09/06/2013 06:23:06] /n alf
[09/06/2013 06:23:09] /n timral
[09/06/2013 06:23:19] /down
[09/06/2013 06:25:39] /reload weapons
[09/06/2013 06:25:41] /i 12609
[09/06/2013 06:29:16] /town 1
[09/06/2013 06:29:20] /a 3
[09/06/2013 06:29:21] /a 3
[09/06/2013 06:29:21] /a 3
[09/06/2013 06:29:21] /a 3
[09/06/2013 06:29:21] /a 3
[09/06/2013 06:29:21] /a 3
[09/06/2013 06:29:21] /a 3
[09/06/2013 06:29:21] /a 3
[09/06/2013 06:29:21] /a 3
[09/06/2013 06:29:21] /a 3
[09/06/2013 06:29:21] /a 3
[09/06/2013 06:29:21] /a 3
[09/06/2013 06:29:21] /a 3
[09/06/2013 06:29:21] /a 3
[09/06/2013 06:29:21] /a 3
[09/06/2013 06:29:21] /a 3
[09/06/2013 06:29:21] /a 3
[09/06/2013 06:29:21] /a 3
[09/06/2013 06:29:22] /a 3
[09/06/2013 06:29:22] /a 3
[09/06/2013 06:29:22] /a 3
[09/06/2013 06:29:22] /a 3
[09/06/2013 06:29:22] /a 3
[09/06/2013 06:29:22] /a 3
[09/06/2013 06:29:22] /a 3
[09/06/2013 06:29:22] /a 3
[09/06/2013 06:29:22] /a 3
[09/06/2013 06:29:22] /a 3
[09/06/2013 06:29:22] /a 3
[09/06/2013 06:29:22] /a 3
[09/06/2013 06:29:22] /a 3
[09/06/2013 06:29:22] /a 3
[09/06/2013 06:29:22] /a 3
[09/06/2013 06:29:22] /a 3
[09/06/2013 06:29:22] /a 3
[09/06/2013 06:29:23] /a 3
[09/06/2013 06:29:23] /a 3
[09/06/2013 06:29:23] /a 3
[09/06/2013 06:29:23] /a 3
[09/06/2013 06:29:23] /a 3
[09/06/2013 06:29:23] /a 3
[09/06/2013 06:29:23] /a 3
[09/06/2013 06:29:23] /a 3
[09/06/2013 06:29:23] /a 3
[09/06/2013 06:29:23] /a 3
[09/06/2013 06:29:23] /a 3
[09/06/2013 06:29:23] /a 3
[09/06/2013 06:29:23] /a 3
[09/06/2013 06:29:23] /a 3
[09/06/2013 06:29:23] /a 3
[09/06/2013 06:29:23] /a 3
[09/06/2013 06:29:23] /a 3
[09/06/2013 06:29:23] /a 3
[09/06/2013 06:29:23] /a 3
[09/06/2013 06:29:23] /a 3
[09/06/2013 06:29:23] /a 3
[09/06/2013 06:29:23] /a 3
[09/06/2013 06:29:23] /a 3
[09/06/2013 06:29:23] /a 3
[09/06/2013 06:29:23] /a 3
[09/06/2013 06:29:23] /a 3
[09/06/2013 06:29:23] /a 3
[09/06/2013 06:29:23] /a 3
[09/06/2013 06:29:23] /a 3
[09/06/2013 06:29:24] /a 3
[09/06/2013 06:29:24] /a 3
[09/06/2013 06:29:24] /a 3
[09/06/2013 06:29:24] /a 3
[09/06/2013 06:29:24] /a 3
[09/06/2013 06:29:24] /a 3
[09/06/2013 06:29:24] /a 3
[09/06/2013 06:29:24] /a 3
[09/06/2013 06:29:24] /a 3
[09/06/2013 06:29:24] /a 3
[09/06/2013 06:29:24] /a 3
[09/06/2013 06:29:24] /a 3
[09/06/2013 06:29:25] /a 3
[09/06/2013 06:29:25] /a 3
[09/06/2013 06:29:25] /a 3
[09/06/2013 06:29:25] /a 3
[09/06/2013 06:29:25] /a 3
[09/06/2013 06:29:25] /a 3
[09/06/2013 06:29:25] /a 3
[09/06/2013 06:29:25] /a 3
[09/06/2013 06:29:25] /a 3
[09/06/2013 06:29:25] /a 3
[09/06/2013 06:29:25] /a 3
[09/06/2013 06:29:25] /a 3
[09/06/2013 06:29:25] /a 3
[09/06/2013 06:29:25] /a 3
[09/06/2013 06:29:25] /a 3
[09/06/2013 06:29:25] /a 3
[09/06/2013 06:29:25] /a 3
[09/06/2013 06:29:25] /a 3
[09/06/2013 06:29:25] /a 3
[09/06/2013 06:29:26] /a 3
[09/06/2013 06:29:26] /a 3
[09/06/2013 06:29:27] /a 3
[09/06/2013 06:29:27] /a 3
[09/06/2013 06:29:27] /a 3
[09/06/2013 06:30:13] /n timral
[09/06/2013 06:30:35] /n timral
[09/06/2013 06:30:52] /a 1
[09/06/2013 06:30:53] /a 1
[09/06/2013 06:30:55] /a 1
[09/06/2013 06:30:57] /a 2
[09/06/2013 06:30:59] /up
[09/06/2013 06:31:05] /up
[09/06/2013 06:31:48] /town 1
[09/06/2013 20:33:01] /goto demon
[09/06/2013 20:40:47] /goto timral
[09/06/2013 20:40:54] /goto alf, the travele
[09/06/2013 20:40:55] /goto alf, the traveler
[09/06/2013 20:41:40] /n timral
[09/06/2013 20:42:00] /n timral
[09/06/2013 20:44:26] /m monk
[09/06/2013 20:44:33] /reload weapons
[10/06/2013 04:37:53] /ghost
[10/06/2013 04:38:04] /goto fiery
[10/06/2013 04:38:20] /goto envy
[10/06/2013 04:40:24] /i mana potion
[10/06/2013 04:40:41] /a 2
[10/06/2013 04:40:42] /a 2
[10/06/2013 04:40:42] /a 2
[10/06/2013 04:40:43] /a 2
[10/06/2013 04:40:46] /town 1
[13/06/2013 01:08:24] /town 1
[13/06/2013 04:07:25] /a 10
[13/06/2013 04:07:26] /a 10
[13/06/2013 04:07:27] /a 10
[13/06/2013 04:07:27] /a 10
[13/06/2013 04:07:28] /a 10
[13/06/2013 04:07:29] /a 10
[13/06/2013 04:07:29] /a 10
[13/06/2013 04:07:30] /a 10
[13/06/2013 04:07:30] /a 10
[13/06/2013 04:07:31] /a 10
[13/06/2013 04:07:34] /a 2
[13/06/2013 04:07:34] /a 2
[13/06/2013 04:07:34] /a 2
[13/06/2013 04:07:34] /a 2
[13/06/2013 04:07:34] /a 2
[13/06/2013 04:07:34] /a 2
[13/06/2013 04:07:34] /a 2
[13/06/2013 04:07:34] /a 2
[13/06/2013 04:07:34] /a 2
[13/06/2013 04:07:34] /a 2
[13/06/2013 04:07:34] /a 2
[13/06/2013 04:07:34] /a 2
[13/06/2013 04:07:34] /a 2
[13/06/2013 04:07:35] /a 2
[13/06/2013 04:07:35] /a 2
[13/06/2013 04:07:35] /a 2
[13/06/2013 04:07:35] /a 2
[13/06/2013 04:07:35] /a 2
[13/06/2013 04:07:35] /a 2
[13/06/2013 04:07:35] /a 2
[13/06/2013 04:07:35] /a 2
[13/06/2013 04:07:35] /a 2
[13/06/2013 04:07:35] /a 2
[13/06/2013 04:07:35] /a 2
[13/06/2013 04:07:35] /a 2
[13/06/2013 04:07:35] /a 2
[13/06/2013 04:07:35] /a 2
[13/06/2013 04:07:35] /a 2
[13/06/2013 04:07:35] /a 2
[13/06/2013 04:07:35] /a 2
[13/06/2013 04:07:35] /a 2
[13/06/2013 04:07:35] /a 2
[13/06/2013 04:07:35] /a 2
[13/06/2013 04:07:35] /a 2
[13/06/2013 04:07:35] /a 2
[13/06/2013 04:07:35] /a 2
[13/06/2013 04:07:35] /a 2
[13/06/2013 04:07:35] /a 2
[13/06/2013 04:07:35] /a 2
[13/06/2013 04:07:36] /a 2
[13/06/2013 04:07:36] /a 2
[13/06/2013 04:07:36] /a 2
[13/06/2013 04:07:36] /a 2
[13/06/2013 04:07:36] /a 2
[13/06/2013 04:07:36] /a 2
[13/06/2013 04:07:36] /a 2
[13/06/2013 04:07:36] /a 2
[13/06/2013 04:07:36] /a 2
[13/06/2013 04:07:36] /a 2
[13/06/2013 04:07:36] /a 2
[13/06/2013 04:07:37] /a 2
[13/06/2013 04:07:37] /a 2
[13/06/2013 04:07:37] /a 2
[13/06/2013 04:07:37] /a 2
[13/06/2013 04:07:37] /a 2
[13/06/2013 04:07:37] /a 2
[13/06/2013 04:07:37] /a 2
[13/06/2013 04:07:37] /a 2
[13/06/2013 04:07:37] /a 2
[13/06/2013 04:07:37] /a 2
[13/06/2013 04:07:37] /a 2
[13/06/2013 04:07:38] /a 2
[13/06/2013 04:07:38] /a 2
[13/06/2013 04:07:38] /a 2
[13/06/2013 04:07:38] /a 2
[13/06/2013 04:07:38] /a 2
[13/06/2013 04:07:38] /a 2
[13/06/2013 04:07:38] /a 2
[13/06/2013 04:07:38] /a 2
[13/06/2013 04:07:38] /a 2
[13/06/2013 04:07:38] /a 2
[13/06/2013 04:07:38] /a 2
[13/06/2013 04:07:39] /up
[13/06/2013 04:07:42] /up
[13/06/2013 04:11:46] /a 2
[13/06/2013 04:11:46] /a 2
[13/06/2013 04:11:46] /a 2
[13/06/2013 04:11:46] /a 2
[13/06/2013 04:11:46] /a 2
[13/06/2013 04:11:46] /a 2
[13/06/2013 04:11:46] /a 2
[13/06/2013 04:11:46] /a 2
[13/06/2013 04:11:46] /a 2
[13/06/2013 04:11:46] /a 2
[13/06/2013 04:11:46] /a 2
[13/06/2013 04:11:46] /a 2
[13/06/2013 04:11:47] /a 2
[13/06/2013 04:11:47] /a 2
[13/06/2013 04:11:47] /a 2
[13/06/2013 04:11:47] /a 2
[13/06/2013 04:11:47] /a 2
[13/06/2013 04:11:47] /a 2
[13/06/2013 04:11:47] /a 2
[13/06/2013 04:11:47] /a 2
[13/06/2013 04:11:47] /a 2
[13/06/2013 04:11:47] /a 2
[13/06/2013 04:11:47] /a 2
[13/06/2013 04:11:47] /a 2
[13/06/2013 04:11:47] /a 2
[13/06/2013 04:11:48] /a 2
[13/06/2013 04:11:48] /a 2
[13/06/2013 04:11:48] /a 2
[13/06/2013 04:11:48] /a 2
[13/06/2013 04:11:48] /a 2
[13/06/2013 04:11:48] /a 2
[13/06/2013 04:11:48] /a 2
[13/06/2013 04:11:48] /a 2
[13/06/2013 04:11:48] /a 2
[13/06/2013 04:11:48] /a 2
[13/06/2013 04:11:48] /a 2
[13/06/2013 04:11:48] /a 2
[13/06/2013 04:11:48] /a 2
[13/06/2013 04:11:48] /a 2
[13/06/2013 04:11:48] /a 2
[13/06/2013 04:11:48] /a 2
[13/06/2013 04:11:48] /a 2
[13/06/2013 04:11:48] /a 2
[13/06/2013 04:11:48] /a 2
[13/06/2013 04:11:48] /a 2
[13/06/2013 04:11:49] /a 2
[13/06/2013 04:11:49] /a 2
[13/06/2013 04:11:49] /a 2
[13/06/2013 04:11:49] /a 2
[13/06/2013 04:11:49] /a 2
[13/06/2013 04:11:49] /a 2
[13/06/2013 04:11:49] /a 2
[13/06/2013 04:11:49] /a 2
[13/06/2013 04:11:49] /a 2
[13/06/2013 04:11:50] /a 2
[13/06/2013 04:11:50] /a 2
[13/06/2013 04:11:50] /a 2
[13/06/2013 04:11:50] /a 2
[13/06/2013 04:11:51] /a 2
[13/06/2013 04:11:51] /a 2
[13/06/2013 04:11:51] /a 2
[13/06/2013 04:11:51] /a 2
[13/06/2013 04:11:52] /a 2
[13/06/2013 04:11:52] /a 2
[13/06/2013 04:11:52] /a 2
[13/06/2013 04:11:52] /a 2
[13/06/2013 04:11:52] /a 2
[13/06/2013 04:11:52] /a 2
[13/06/2013 04:11:52] /a 2
[13/06/2013 04:11:52] /a 2
[13/06/2013 04:11:52] /a 2
[13/06/2013 04:11:52] /a 2
[13/06/2013 04:11:52] /a 2
[13/06/2013 04:11:52] /a 2
[13/06/2013 04:11:52] /a 2
[13/06/2013 04:11:52] /a 2
[13/06/2013 04:11:52] /a 2
[13/06/2013 04:11:52] /a 2
[13/06/2013 04:11:52] /a 2
[13/06/2013 04:11:53] /a 2
[13/06/2013 04:11:53] /a 2
[13/06/2013 04:11:53] /a 2
[13/06/2013 04:11:53] /a 2
[13/06/2013 04:11:53] /a 2
[13/06/2013 04:11:54] /a 2
[13/06/2013 04:11:54] /a 2
[13/06/2013 04:11:54] /a 2
[13/06/2013 04:11:55] /a 2
[13/06/2013 04:11:55] /a 2
[13/06/2013 04:11:55] /a 2
[13/06/2013 04:11:55] /a 2
[13/06/2013 04:11:55] /a 2
[13/06/2013 04:11:55] /a 2
[13/06/2013 04:11:55] /a 2
[13/06/2013 04:11:55] /a 2
[13/06/2013 04:11:55] /a 2
[13/06/2013 04:11:55] /a 2
[13/06/2013 04:11:55] /a 2
[13/06/2013 04:11:55] /a 2
[13/06/2013 04:11:55] /a 2
[13/06/2013 04:11:55] /a 2
[13/06/2013 04:11:55] /a 2
[13/06/2013 04:11:55] /a 2
[13/06/2013 04:11:55] /a 2
[13/06/2013 04:11:55] /a 2
[13/06/2013 04:11:55] /a 2
[28/05/2014 17:37:24] /t 8
[28/05/2014 17:37:28] /town 2
[28/05/2014 17:37:31] /town 1
[28/05/2014 17:37:33] /town 3
[28/05/2014 17:38:44] /a 10
[28/05/2014 17:38:44] /a 10
[28/05/2014 17:38:45] /a 10
[28/05/2014 17:38:45] /a 10
[28/05/2014 17:38:46] /a 10
[28/05/2014 17:38:46] /a 10
[28/05/2014 17:38:46] /a 10
[28/05/2014 17:38:46] /a 10
[28/05/2014 17:38:46] /a 10
[28/05/2014 17:38:47] /a 10
[28/05/2014 17:38:47] /a 10
[28/05/2014 17:38:47] /a 10
[28/05/2014 17:38:47] /a 10
[28/05/2014 17:38:48] /a 10
[28/05/2014 17:38:48] /a 10
[28/05/2014 17:38:49] /a 10
[28/05/2014 17:38:49] /a 10
[28/05/2014 17:38:50] /a 10
[28/05/2014 17:38:51] /a 10
[28/05/2014 17:38:53] /a 10
[28/05/2014 17:38:53] /a 10
[28/05/2014 17:38:57] /town 8
[28/05/2014 17:39:01] /m joseph
[28/05/2014 17:39:04] /n joseph
[28/05/2014 17:39:07] /s joseph
[28/05/2014 21:15:45] /n sona
[28/05/2014 21:15:48] /n sonya
[28/05/2014 21:15:53] /s taric
[28/05/2014 21:15:57] /s tyoric
[28/05/2014 21:16:05] /s deruno
[28/05/2014 21:16:08] /n deruno
[28/05/2014 21:16:13] /n joseph
[28/05/2014 21:16:16] /n Joseph
[28/05/2014 21:16:27] /s oracle
[28/05/2014 21:16:32] /n oracle
[28/05/2014 21:16:37] /r
[28/05/2014 21:18:49] /reload npc
[28/05/2014 21:19:02] /reload npc
[28/05/2014 21:19:10] /s joseph
[28/05/2014 21:19:14] /s joseph
[28/05/2014 21:19:21] /s joseph
[28/05/2014 21:19:24] /n joseph
[28/05/2014 21:27:50] /reload npc
[28/05/2014 21:38:01] /s joseph
[28/05/2014 21:38:05] /n joseph
[28/05/2014 21:38:09] /reload npc
[28/05/2014 21:38:39] /n captain mike
[28/05/2014 21:38:47] /n captain mike
[28/05/2014 21:39:19] /reload npc
[28/05/2014 21:39:21] /n captain mike
[28/05/2014 21:39:23] /n captain mike
[28/05/2014 21:40:20] /reload npc
[28/05/2014 21:40:22] /n captain mike
[29/05/2014 03:17:51] /reload creaturescripts
