[29/07/2012 19:26:24] /a 3
[29/07/2012 19:26:50] /goto zatacka
[29/07/2012 19:27:57] /m bug
[29/07/2012 19:28:21] /r
[29/07/2012 19:30:01] /c owner apdo
[29/07/2012 19:30:06] /b come
[29/07/2012 19:30:15] /b come
[29/07/2012 19:30:24] /ghost
[29/07/2012 19:31:43] /a 1
[29/07/2012 19:31:43] /a 1
[29/07/2012 19:31:44] /a 1
[29/07/2012 19:31:44] /a 1
[29/07/2012 19:31:44] /a 1
[29/07/2012 19:31:44] /a 1
[29/07/2012 19:31:44] /a 1
[29/07/2012 19:31:44] /a 1
[29/07/2012 19:31:44] /a 1
[29/07/2012 19:31:44] /a 1
[29/07/2012 19:31:44] /a 1
[29/07/2012 19:31:44] /a 1
[29/07/2012 19:31:44] /a 1
[29/07/2012 19:31:44] /a 1
[29/07/2012 19:31:44] /a 1
[29/07/2012 19:31:44] /a 1
[29/07/2012 19:31:44] /a 1
[29/07/2012 19:31:44] /a 1
[29/07/2012 19:31:44] /a 1
[29/07/2012 19:31:44] /a 1
[29/07/2012 19:31:44] /a 1
[29/07/2012 19:31:44] /a 1
[29/07/2012 19:31:44] /a 1
[29/07/2012 19:31:44] /a 1
[29/07/2012 19:31:44] /a 1
[29/07/2012 19:31:44] /a 1
[29/07/2012 19:31:44] /a 1
[29/07/2012 19:31:44] /a 1
[29/07/2012 19:31:45] /a 1
[29/07/2012 19:31:45] /a 1
[29/07/2012 19:31:45] /a 1
[29/07/2012 19:31:45] /a 1
[29/07/2012 19:31:45] /a 1
[29/07/2012 19:31:45] /a 1
[29/07/2012 19:31:45] /a 1
[29/07/2012 19:31:45] /a 1
[29/07/2012 19:31:45] /a 1
[29/07/2012 19:31:45] /a 1
[29/07/2012 19:31:45] /a 1
[29/07/2012 19:31:45] /a 1
[29/07/2012 19:31:45] /a 1
[29/07/2012 19:31:45] /a 1
[29/07/2012 19:31:46] /a 1
[29/07/2012 19:31:46] /a 1
[29/07/2012 19:31:48] /ghost
[29/07/2012 19:31:48] /a 1
[29/07/2012 19:31:49] /a 1
[29/07/2012 19:31:49] /a 1
[29/07/2012 19:31:49] /a 1
[29/07/2012 19:31:49] /a 1
[29/07/2012 19:31:49] /a 1
[29/07/2012 19:31:49] /a 1
[29/07/2012 19:31:49] /a 1
[29/07/2012 19:31:49] /a 1
[29/07/2012 19:31:49] /a 1
[29/07/2012 19:31:49] /a 1
[29/07/2012 19:31:49] /a 1
[29/07/2012 19:31:49] /a 1
[29/07/2012 19:31:49] /a 1
[29/07/2012 19:31:49] /a 1
[29/07/2012 19:31:49] /a 1
[29/07/2012 19:31:49] /a 1
[29/07/2012 19:31:50] /a 1
[29/07/2012 19:31:50] /a 1
[29/07/2012 19:31:50] /a 1
[29/07/2012 19:31:50] /a 1
[29/07/2012 19:31:50] /a 1
[29/07/2012 19:31:50] /a 1
[29/07/2012 19:31:50] /a 1
[29/07/2012 19:31:50] /a 1
[29/07/2012 19:31:50] /a 1
[29/07/2012 19:31:50] /a 1
[29/07/2012 19:31:50] /a 1
[29/07/2012 19:31:50] /a 1
[29/07/2012 19:31:50] /a 1
[29/07/2012 19:31:50] /a 1
[29/07/2012 19:31:50] /a 1
[29/07/2012 19:31:50] /a 1
[29/07/2012 19:31:50] /a 1
[29/07/2012 19:31:50] /a 1
[29/07/2012 19:31:50] /a 1
[29/07/2012 19:31:50] /a 1
[29/07/2012 19:31:51] /a 1
[29/07/2012 19:31:51] /a 1
[29/07/2012 19:31:51] /a 1
[29/07/2012 19:31:51] /a 1
[29/07/2012 19:31:51] /a 1
[29/07/2012 19:31:51] /a 1
[29/07/2012 19:31:51] /a 1
[29/07/2012 19:31:51] /a 1
[29/07/2012 19:31:51] /a 1
[29/07/2012 19:31:51] /a 1
[29/07/2012 19:31:51] /a 3
[29/07/2012 19:31:51] /a 3
[29/07/2012 19:31:51] /a 3
[29/07/2012 19:31:51] /a 3
[29/07/2012 19:31:51] /a 3
[29/07/2012 19:31:51] /a 3
[29/07/2012 19:31:52] /a 3
[29/07/2012 19:31:52] /a 3
[29/07/2012 19:31:52] /a 3
[29/07/2012 19:31:52] /a 3
[29/07/2012 19:31:52] /a 3
[29/07/2012 19:31:52] /a 3
[29/07/2012 19:31:52] /a 3
[29/07/2012 19:31:52] /a 3
[29/07/2012 19:31:52] /a 3
[29/07/2012 19:31:52] /a 3
[29/07/2012 19:31:52] /a 3
[29/07/2012 19:31:52] /a 3
[29/07/2012 19:31:52] /a 3
[29/07/2012 19:31:52] /a 3
[29/07/2012 19:32:37] /c sasa
[29/07/2012 19:34:06] /a 5
[29/07/2012 19:34:17] /goto zatacka
[29/07/2012 19:36:46] /r
[29/07/2012 19:36:48] /r
[29/07/2012 19:36:50] /r
[29/07/2012 19:37:10] /r
[29/07/2012 19:37:14] /r
[29/07/2012 19:37:33] /r
[29/07/2012 19:37:36] /r
[29/07/2012 19:37:39] /a 1
[29/07/2012 19:37:39] /a 1
[29/07/2012 19:37:39] /a 1
[29/07/2012 19:37:39] /a 1
[29/07/2012 19:37:39] /a 1
[29/07/2012 19:37:39] /a 1
[29/07/2012 19:37:40] /a 1
[29/07/2012 19:37:40] /a 1
[29/07/2012 19:37:40] /a 1
[29/07/2012 19:37:40] /a 1
[29/07/2012 19:37:40] /a 1
[29/07/2012 19:37:40] /a 1
[29/07/2012 19:37:40] /a 1
[29/07/2012 19:37:40] /a 1
[29/07/2012 19:37:40] /a 1
[29/07/2012 19:37:40] /a 1
[29/07/2012 19:37:40] /a 1
[29/07/2012 19:37:40] /a 1
[29/07/2012 19:37:40] /a 1
[29/07/2012 19:37:41] /a 1
[29/07/2012 19:37:41] /a 1
[29/07/2012 19:37:41] /a 1
[29/07/2012 19:37:41] /a 1
[29/07/2012 19:37:41] /a 1
[29/07/2012 19:37:41] /a 1
[29/07/2012 19:37:41] /a 1
[29/07/2012 19:37:41] /a 1
[29/07/2012 19:37:41] /a 1
[29/07/2012 19:37:41] /a 1
[29/07/2012 19:37:41] /a 1
[29/07/2012 19:37:41] /a 1
[29/07/2012 19:37:41] /a 1
[29/07/2012 19:37:41] /a 1
[29/07/2012 19:37:41] /a 1
[29/07/2012 19:37:42] /a 1
[29/07/2012 19:37:42] /a 1
[29/07/2012 19:37:42] /a 1
[29/07/2012 19:37:42] /a 1
[29/07/2012 19:37:42] /a 1
[29/07/2012 19:37:42] /a 1
[29/07/2012 19:37:42] /a 1
[29/07/2012 19:37:43] /a 1
[29/07/2012 19:37:44] /a 1
[29/07/2012 19:37:44] /a 1
[29/07/2012 19:37:44] /a 1
[29/07/2012 19:37:44] /a 1
[29/07/2012 19:37:44] /a 1
[29/07/2012 19:37:44] /a 1
[29/07/2012 19:37:44] /a 1
[29/07/2012 19:37:44] /a 1
[29/07/2012 19:37:45] /a 1
[29/07/2012 19:37:45] /a 1
[29/07/2012 19:37:45] /a 1
[29/07/2012 19:37:45] /a 1
[29/07/2012 19:37:45] /a 1
[29/07/2012 19:37:46] /a 1
[29/07/2012 19:37:46] /a 1
[29/07/2012 19:37:52] /kick zatacka
[29/07/2012 19:38:13] /a 5
[29/07/2012 19:38:38] /c mohamed harby
[29/07/2012 19:38:50] /a 1
[29/07/2012 19:38:51] /a 1
[29/07/2012 19:38:51] /a 1
[29/07/2012 19:38:51] /a 1
[29/07/2012 19:38:52] /a 3
[29/07/2012 19:38:52] /a 5
[29/07/2012 19:38:52] /a 5
[29/07/2012 19:38:53] /a 7
[29/07/2012 19:38:53] /a 7
[29/07/2012 19:39:03] /goto robin
[29/07/2012 19:39:09] /a 1
[29/07/2012 19:39:11] /a 3
[30/07/2012 02:06:18] /goto zatacka
[30/07/2012 02:23:19] /goto zombie
[30/07/2012 02:26:30] /goto kungen
[30/07/2012 02:26:35] /goto kungen
[30/07/2012 02:27:27] /a 1
[30/07/2012 02:27:28] /a 1
[30/07/2012 02:27:28] /a 1
[30/07/2012 02:27:28] /a 1
[30/07/2012 02:27:28] /a 1
[30/07/2012 02:27:28] /a 1
[30/07/2012 02:27:28] /a 1
[30/07/2012 02:27:28] /a 1
[30/07/2012 02:27:28] /a 1
[30/07/2012 02:27:28] /a 1
[30/07/2012 02:27:28] /a 1
[30/07/2012 02:27:28] /a 1
[30/07/2012 02:27:28] /a 1
[30/07/2012 02:27:28] /a 1
[30/07/2012 02:27:28] /a 1
[30/07/2012 02:27:28] /a 1
[30/07/2012 02:27:28] /a 1
[30/07/2012 02:27:28] /a 1
[30/07/2012 02:27:29] /a 1
[30/07/2012 02:27:29] /a 1
[30/07/2012 02:27:29] /a 1
[30/07/2012 02:27:29] /a 1
[30/07/2012 02:27:29] /a 1
[30/07/2012 02:27:29] /a 1
[30/07/2012 02:27:29] /a 1
[30/07/2012 02:27:29] /a 1
[30/07/2012 02:27:29] /a 1
[30/07/2012 02:27:29] /a 1
[30/07/2012 02:27:29] /a 1
[30/07/2012 02:27:29] /a 1
[30/07/2012 02:27:29] /a 1
[30/07/2012 02:27:29] /a 1
[30/07/2012 02:27:29] /a 1
[30/07/2012 02:27:29] /a 1
[30/07/2012 02:27:29] /a 1
[30/07/2012 02:27:29] /a 1
[30/07/2012 02:27:29] /a 1
[30/07/2012 02:27:29] /a 1
[30/07/2012 02:27:30] /a 1
[30/07/2012 02:27:30] /a 1
[30/07/2012 02:27:30] /a 1
[30/07/2012 02:27:30] /a 1
[30/07/2012 02:27:30] /a 1
[30/07/2012 02:27:30] /a 1
[30/07/2012 02:27:30] /a 1
[30/07/2012 02:27:30] /a 1
[30/07/2012 02:27:30] /a 1
[30/07/2012 02:27:30] /a 1
[30/07/2012 02:27:30] /a 1
[30/07/2012 02:27:30] /a 1
[30/07/2012 02:27:30] /a 1
[30/07/2012 02:27:30] /a 1
[30/07/2012 02:27:30] /a 1
[30/07/2012 02:27:31] /a 1
[30/07/2012 02:27:31] /a 1
[30/07/2012 02:27:31] /a 1
[30/07/2012 02:27:31] /a 1
[30/07/2012 02:27:31] /a 1
[30/07/2012 02:27:31] /a 1
[30/07/2012 02:27:31] /a 1
[30/07/2012 02:27:31] /a 1
[30/07/2012 02:27:31] /a 1
[30/07/2012 02:27:31] /a 1
[30/07/2012 02:27:31] /a 1
[30/07/2012 02:27:31] /a 1
[30/07/2012 02:27:31] /a 1
[30/07/2012 02:27:31] /a 1
[30/07/2012 02:27:31] /a 1
[30/07/2012 02:27:31] /a 1
[30/07/2012 02:27:31] /a 1
[30/07/2012 02:27:31] /a 1
[30/07/2012 02:27:31] /a 1
[30/07/2012 02:27:31] /a 1
[30/07/2012 02:27:31] /a 1
[30/07/2012 02:27:31] /a 1
[30/07/2012 02:27:31] /a 1
[30/07/2012 02:27:31] /a 1
[30/07/2012 02:27:31] /a 1
[30/07/2012 02:27:31] /a 1
[30/07/2012 02:27:31] /a 1
[30/07/2012 02:27:31] /a 1
[30/07/2012 02:27:31] /a 1
[30/07/2012 02:27:31] /a 1
[30/07/2012 02:27:32] /a 1
[30/07/2012 02:27:32] /a 1
[30/07/2012 02:27:32] /a 1
[30/07/2012 02:27:32] /a 1
[30/07/2012 02:27:32] /a 1
[30/07/2012 02:27:32] /a 1
[30/07/2012 02:27:32] /a 1
[30/07/2012 02:27:32] /a 1
[30/07/2012 02:27:32] /a 1
[30/07/2012 02:27:32] /a 1
[30/07/2012 02:27:32] /a 1
[30/07/2012 02:27:32] /a 1
[30/07/2012 02:27:32] /a 1
[30/07/2012 02:27:32] /a 1
[30/07/2012 02:27:32] /a 1
[30/07/2012 02:27:32] /a 1
[30/07/2012 02:27:32] /a 1
[30/07/2012 02:27:32] /a 1
[30/07/2012 02:28:15] /a 1
[30/07/2012 02:31:43] /a 3
[30/07/2012 02:31:43] /a 3
[30/07/2012 02:31:43] /a 3
[30/07/2012 02:31:43] /a 3
[30/07/2012 02:31:44] /a 3
[30/07/2012 02:31:44] /a 3
[30/07/2012 02:31:44] /a 3
[30/07/2012 02:31:44] /a 3
[30/07/2012 02:31:44] /a 3
[30/07/2012 02:31:44] /a 3
[30/07/2012 02:31:44] /a 3
[30/07/2012 02:31:44] /a 3
[30/07/2012 02:31:44] /a 3
[30/07/2012 02:31:44] /a 3
[30/07/2012 02:31:50] /i floor
[30/07/2012 02:31:56] /c kungen
[30/07/2012 02:31:58] /c kungen
[30/07/2012 02:32:09] /a 1
[30/07/2012 02:32:10] /a 1
[30/07/2012 02:32:11] /a 1
[30/07/2012 02:32:11] /a 1
[30/07/2012 02:32:23] /c white marble floor
[30/07/2012 02:32:29] /i white marble floor
[30/07/2012 02:32:34] /a 1
[30/07/2012 02:32:38] /c kungen
[30/07/2012 02:32:41] /a 1
[30/07/2012 02:32:41] /a 1
[30/07/2012 02:32:47] /c kungen
[30/07/2012 02:32:49] /a 1
[30/07/2012 02:32:50] /a 1
[30/07/2012 02:32:52] /a 1
[30/07/2012 02:32:55] /c kungen
[30/07/2012 02:33:14] /a 1
[30/07/2012 02:33:15] /a 1
[30/07/2012 02:33:17] /a 1
[30/07/2012 02:33:20] /a 1
[30/07/2012 02:33:20] /a 1
[30/07/2012 02:33:21] /a 1
[30/07/2012 02:33:24] /a 1
[30/07/2012 02:33:24] /a 1
[30/07/2012 02:33:24] /a 1
[30/07/2012 02:33:46] /a 1
[30/07/2012 02:33:46] /a 1
[30/07/2012 02:33:47] /a 1
[30/07/2012 02:34:00] /goto temple
[30/07/2012 02:34:16] /goto beavis
[30/07/2012 02:35:07] /a 1
[30/07/2012 02:35:09] /a 1
[30/07/2012 02:35:12] /a 3
[30/07/2012 02:36:34] /i id
[30/07/2012 02:36:39] /i id 1312
[30/07/2012 02:36:44] /i id 1312
[30/07/2012 02:36:54] /i 1312
[30/07/2012 02:38:29] /r kungen
[30/07/2012 02:40:27] /goto beavis
[30/07/2012 02:40:34] /up 4
[30/07/2012 02:40:36] /up 3
[30/07/2012 02:40:41] /up 3
[30/07/2012 02:40:43] /up 3
[30/07/2012 02:40:45] /up 3
[30/07/2012 02:40:50] /up 2
[30/07/2012 02:40:55] /c beavis
[30/07/2012 02:42:21] /i donation armor
[30/07/2012 02:43:34] /addskill beavis 45643643643643
[30/07/2012 02:43:37] /addskill beavis 456436
[30/07/2012 02:43:42] /addskill beavis 45643
[30/07/2012 02:43:44] /addskill beavis 45
[30/07/2012 02:43:47] /addskill beavis 45
[30/07/2012 02:44:20] /addskill Beavis,1000
[30/07/2012 02:44:25] /addskill Beavis,10000000000000
[30/07/2012 02:44:46] /addskill Beavis,100
[30/07/2012 02:44:49] /addskill Beavis,1000
[30/07/2012 02:45:04] /addskill Beavis,level
[30/07/2012 02:45:09] /addskill Beavis,level 1000
[30/07/2012 02:45:13] /addskill Beavis,level 1000
[30/07/2012 02:45:13] /addskill Beavis,level 1000
[30/07/2012 02:45:16] /addskill Beavis,level
[30/07/2012 02:45:36] /addskill Beavis,level
[30/07/2012 02:45:39] /addskill Beavis,level
[30/07/2012 02:45:46] /addskill Beavis,level 20000
[30/07/2012 02:45:53] /addskill Beavis,2000 level
[30/07/2012 02:45:59] /addskill Beavis,level
[30/07/2012 02:46:01] /addskill Beavis,level
[30/07/2012 02:46:02] /addskill Beavis,level
[30/07/2012 02:46:02] /addskill Beavis,level
[30/07/2012 02:46:13] /m exp bugs
[30/07/2012 02:46:16] /m exp bugs
[30/07/2012 02:46:22] /m exp bug
[30/07/2012 02:46:27] /m rat
[30/07/2012 02:46:52] /i donation legs
[30/07/2012 02:46:55] /i donation helmet
[30/07/2012 02:47:00] /i donation legs
[30/07/2012 02:47:03] /i donation boots
[30/07/2012 02:47:13] /i donation wand
[30/07/2012 02:47:18] /i donation shield
[30/07/2012 02:47:29] /i vip medal 
[03/08/2012 23:08:53] /down
[03/08/2012 23:18:07] /goto lubo
[03/08/2012 23:19:30] /attr group "6
[03/08/2012 23:19:39] /attr group "4
[03/08/2012 23:19:42] /attr group "5
[03/08/2012 23:20:36] /addskill 6
[03/08/2012 23:20:44] /attr group "6
[03/08/2012 23:21:24] /attr group "7
[03/08/2012 23:21:54] /addskill lubo ,levels,1000000
[03/08/2012 23:22:00] /attr group "8
[03/08/2012 23:22:31] /pass Lubo
[03/08/2012 23:22:39] /pass Lubo
[03/08/2012 23:23:59] /attr group "9
[03/08/2012 23:24:05] /attr group "8
[03/08/2012 23:24:36] /attr group "5
[03/08/2012 23:24:40] /up
[03/08/2012 23:24:42] /up 2
[03/08/2012 23:24:49] /m exp bug
[03/08/2012 23:24:50] /m exp bugs
[03/08/2012 23:24:53] /m exp
[03/08/2012 23:24:55] /m bugs
[03/08/2012 23:24:57] /m bugs
[03/08/2012 23:24:58] /m bug
[03/08/2012 23:25:01] /m bug
[03/08/2012 23:25:01] /m bug
[03/08/2012 23:25:02] /m bug
[03/08/2012 23:25:03] /m bug
[03/08/2012 23:25:04] /m bug
[03/08/2012 23:25:04] /m bug
[03/08/2012 23:25:07] /down
[03/08/2012 23:25:10] /down 2
[03/08/2012 23:26:43] /goto lubo
[03/08/2012 23:26:47] /a 2
[03/08/2012 23:26:51] /a 2
[03/08/2012 23:27:11] /i vip coin
[03/08/2012 23:27:57] /up
[03/08/2012 23:28:02] /a 3
[03/08/2012 23:28:10] /a 2
[03/08/2012 23:28:45] /i donation armor
[03/08/2012 23:28:48] /i donation helmet
[03/08/2012 23:28:51] /i donation sword
[03/08/2012 23:28:57] /i donation shield
[03/08/2012 23:29:02] /i donation backpack
[03/08/2012 23:29:38] /attr set name Poseidons ultimate armor
[03/08/2012 23:29:49] /attr set name Poseidon ARmor
[03/08/2012 23:30:03] /attr set name PoseidonGODLYarmor
[03/08/2012 23:30:15] /attr set name PoseidonGODLYhelmet
[03/08/2012 23:30:25] /attr set name PoseidonGODLYlegs
[03/08/2012 23:30:37] /attr set name PoseidonGODLYboots
[03/08/2012 23:30:45] /attr set name PoseidonGODLYsword
[03/08/2012 23:30:52] /attr set name PoseidonGODLYshield
[03/08/2012 23:31:12] /attr set name PoseidonGODLYasscrack
[03/08/2012 23:31:30] /i forever aol
[03/08/2012 23:31:58] /attr set name ERHMAHGHEERDAol
[03/08/2012 23:32:12] /attr set name tehföq?
[03/08/2012 23:32:37] /attr set name Watchwegotabadassoverhere
[03/08/2012 23:32:48] /attr set name Poof
[03/08/2012 23:32:57] /attr set name AAAANDITSGONE
[03/08/2012 23:33:13] /attr set name PoseidonGODLYarmor
[03/08/2012 23:33:26] /reward
[03/08/2012 23:33:48] /squelch
[03/08/2012 23:33:51] /squelch
[03/08/2012 23:34:25] /zombiestart
[03/08/2012 23:34:34] /s
[03/08/2012 23:34:36] /s hey
[03/08/2012 23:35:04] /bc Poof
[03/08/2012 23:35:06] /bc Poof
[03/08/2012 23:35:15] /bc aaaaaaaaaaaaaaand it's GOOOOONE
[03/08/2012 23:35:27] /bc aaand its gone
[03/08/2012 23:35:29] /bc aaand its gone
[03/08/2012 23:35:32] /bc aaand its gone
[03/08/2012 23:35:34] /bc aaand its gone
[03/08/2012 23:35:35] /bc aaand its gone
[03/08/2012 23:35:38] /bc and its gone
[03/08/2012 23:35:39] /bc and its gone
[03/08/2012 23:35:40] /bc and its gone
[03/08/2012 23:35:45] /b and its gone
[03/08/2012 23:36:09] /tpall
[03/08/2012 23:36:12] /tpall
[03/08/2012 23:36:17] /tpall
[03/08/2012 23:36:19] /tpall
[03/08/2012 23:36:21] /tpall
[03/08/2012 23:37:14] /c zatacka
[03/08/2012 23:37:16] /c zatacka
[03/08/2012 23:37:18] /c zatacka
[03/08/2012 23:37:20] /c zatacka
[03/08/2012 23:37:27] /c lubo
[03/08/2012 23:37:29] /c lubo
[03/08/2012 23:37:32] /c lubo
[03/08/2012 23:38:12] /name
[03/08/2012 23:38:32] /attr group "9
[03/08/2012 23:38:36] /attr group "8
