[04/08/2012 17:41:04] /goto zatacka
[04/08/2012 17:41:51] /up
[04/08/2012 17:42:46] /t
[04/08/2012 17:42:49] /t
[04/08/2012 17:42:57] /m training monk
[04/08/2012 17:43:00] /m monk
[04/08/2012 17:43:02] /r
[04/08/2012 17:43:19] /a
[04/08/2012 17:43:20] /a
[04/08/2012 17:43:20] /a
[04/08/2012 17:43:27] /owner zatacka
[04/08/2012 17:43:32] /a
[04/08/2012 17:43:33] /a
[04/08/2012 17:49:48] /goto zatacka
[04/08/2012 17:53:38] /goto zatacka
[04/08/2012 17:54:17] /rename GOD Lubo,ADM Lubo
[04/08/2012 20:10:24] /goto zatacka
[04/08/2012 20:12:20] /t
[04/08/2012 20:12:31] /goto fixie
[04/08/2012 20:12:58] /goto don razel
[04/08/2012 20:14:05] /t
[04/08/2012 20:17:00] /goto zatacka
[04/08/2012 20:22:46] /t
[04/08/2012 20:22:55] /goto GOD POSEIDON
[04/08/2012 20:23:42] /goto fixie
[04/08/2012 20:24:15] /down
[04/08/2012 20:24:40] /goto GOD POSEIDON
[04/08/2012 20:25:15] /goto god poseidon
[04/08/2012 20:25:52] /t
[04/08/2012 20:26:46] /m rebirth freak
[04/08/2012 20:27:41] /a
[04/08/2012 20:27:41] /a
[04/08/2012 20:27:42] /a
[04/08/2012 20:27:42] /a
[04/08/2012 20:27:43] /a
[04/08/2012 20:28:02] /a
[04/08/2012 20:28:02] /a
[04/08/2012 20:28:02] /a
[04/08/2012 20:28:03] /a
[04/08/2012 20:28:03] /a
[04/08/2012 20:28:05] /a
[04/08/2012 20:28:12] /a
[04/08/2012 20:28:13] /a
[04/08/2012 20:28:13] /a
[04/08/2012 20:28:14] /a
[04/08/2012 20:28:14] /a
[04/08/2012 20:28:14] /a
[04/08/2012 20:28:14] /a
[04/08/2012 20:28:14] /a
[04/08/2012 20:31:34] /a
[04/08/2012 20:31:34] /a
[04/08/2012 20:31:34] /a
[04/08/2012 20:31:36] /a
[04/08/2012 20:31:36] /a
[04/08/2012 20:31:56] /up
[04/08/2012 20:31:58] /a
[04/08/2012 20:31:59] /a
[04/08/2012 20:31:59] /a
[04/08/2012 20:31:59] /a
[04/08/2012 20:31:59] /a
[04/08/2012 20:31:59] /a
[04/08/2012 20:32:00] /a
[04/08/2012 20:32:00] /a
[04/08/2012 20:32:00] /a
[04/08/2012 20:32:00] /a
[04/08/2012 20:32:03] /a
[04/08/2012 20:32:03] /a
[04/08/2012 20:32:04] /a
[04/08/2012 20:32:05] /a
[04/08/2012 20:32:05] /a
[04/08/2012 20:32:05] /a
[04/08/2012 20:32:05] /a
[04/08/2012 20:32:05] /a
[04/08/2012 20:32:06] /a
[04/08/2012 20:32:07] /a
[04/08/2012 20:32:07] /a
[04/08/2012 20:32:07] /a
[04/08/2012 20:32:09] /a
[04/08/2012 20:32:09] /a
[04/08/2012 20:32:09] /a
[04/08/2012 20:32:09] /a
[04/08/2012 20:32:10] /a
[04/08/2012 20:32:21] /i 9957
[04/08/2012 20:32:25] /r
[04/08/2012 20:32:30] /i 9956
[04/08/2012 20:32:48] /up
[04/08/2012 20:32:50] /down
[04/08/2012 20:33:20] /down
[04/08/2012 20:33:31] /t
[04/08/2012 20:33:45] /goto mind killer
[04/08/2012 20:35:10] /a
[04/08/2012 20:35:20] /a
[04/08/2012 20:35:20] /a
[04/08/2012 20:35:21] /a
[04/08/2012 20:35:22] /a
[04/08/2012 20:35:24] /a
[04/08/2012 20:35:25] /a
[04/08/2012 20:35:26] /a
[04/08/2012 20:35:28] /a
[04/08/2012 20:35:29] /a
