[16/08/2012 13:16:45] /goto zatacka
[16/08/2012 13:17:51] /newtype 3
[16/08/2012 13:17:58] /newtype 34
[16/08/2012 13:18:00] /newtype 340
[16/08/2012 13:18:09] /newtype 345
[16/08/2012 13:18:12] /newtype 346
[16/08/2012 13:18:21] /newtype 341
[16/08/2012 13:18:22] /newtype 342
[16/08/2012 13:18:24] /newtype 343
[16/08/2012 13:18:26] /newtype 344
[16/08/2012 13:24:25] /t
[16/08/2012 13:33:58] /newtype 346
[16/08/2012 13:34:01] /newtype 348
[16/08/2012 13:34:03] /newtype 349
[16/08/2012 13:34:09] /newtype 350
[16/08/2012 13:34:11] /newtype 351
[16/08/2012 13:34:13] /newtype 352
[16/08/2012 13:34:17] /newtype 353
[16/08/2012 13:34:20] /newtype 354
[16/08/2012 13:34:29] /i 42
[16/08/2012 13:34:34] /newtype 42
[16/08/2012 13:34:37] /newtype 43
[16/08/2012 13:34:39] /newtype 45
[16/08/2012 13:34:40] /newtype 46
[16/08/2012 13:34:42] /newtype 47
[16/08/2012 13:34:44] /newtype 48
[16/08/2012 13:34:48] /newtype 300
[16/08/2012 13:34:55] /m exp bear
[16/08/2012 13:34:59] /m exp fly
[16/08/2012 13:35:25] /i crystal coin
[16/08/2012 13:35:26] /i crystal coin
[16/08/2012 13:35:26] /i crystal coin
[16/08/2012 13:35:27] /i crystal coin
[16/08/2012 13:35:28] /i crystal coin
[16/08/2012 13:35:28] /i crystal coin
[16/08/2012 13:35:29] /i crystal coin
[16/08/2012 13:35:48] /i backpack
[16/08/2012 13:36:02] /i crystal coin
[16/08/2012 13:36:03] /i crystal coin
[16/08/2012 13:36:03] /i crystal coin
[16/08/2012 13:36:04] /i crystal coin
[16/08/2012 13:36:04] /i crystal coin
[16/08/2012 13:36:05] /i crystal coin
[16/08/2012 13:36:05] /i crystal coin
[16/08/2012 13:36:05] /i crystal coin
[16/08/2012 13:36:06] /i crystal coin
[16/08/2012 13:36:06] /i crystal coin
[16/08/2012 13:36:07] /i crystal coin
[16/08/2012 13:36:07] /i crystal coin
[16/08/2012 13:36:08] /i crystal coin
[16/08/2012 13:36:08] /i crystal coin
[16/08/2012 13:36:09] /i crystal coin
[16/08/2012 13:36:09] /i crystal coin
[16/08/2012 13:36:11] /i crystal coin
[16/08/2012 13:36:11] /i crystal coin
[16/08/2012 13:36:13] /i crystal coin
[16/08/2012 13:36:13] /i crystal coin
[16/08/2012 13:36:14] /i crystal coin
[16/08/2012 13:37:19] /r
[16/08/2012 13:38:12] /a 100
[16/08/2012 13:38:17] /r 100
[16/08/2012 13:38:19] /r 100
[16/08/2012 13:39:08] /r 100
[16/08/2012 13:39:08] /r 100
[16/08/2012 13:39:24] /r
[16/08/2012 13:39:29] /r
[16/08/2012 13:39:32] /r 100
[16/08/2012 13:39:36] /r 100
[16/08/2012 13:39:39] /r 100
[16/08/2012 13:39:50] /i forever aol
[16/08/2012 13:39:51] /r
[16/08/2012 13:39:58] /i demon armor
[16/08/2012 13:40:04] /i demon helmet
[16/08/2012 13:41:25] /i demon shield
[16/08/2012 13:41:31] /i demon legs
[16/08/2012 13:41:39] /i demon backpack
[16/08/2012 13:42:08] /i demon sword
[16/08/2012 13:42:14] /i magic sword
[16/08/2012 13:43:01] /i nightmare doll
[16/08/2012 13:43:32] /i boots of haste
[16/08/2012 13:43:46] /i ring
[16/08/2012 13:49:26] /i exp sc roll
[16/08/2012 13:49:59] /i fucker
[16/08/2012 13:50:03] /m fucker
[16/08/2012 13:51:55] /r
[16/08/2012 13:51:56] /r
[16/08/2012 13:51:58] /r
[16/08/2012 13:51:59] /r
[16/08/2012 13:52:02] /r
[16/08/2012 13:52:03] /r
[16/08/2012 13:52:07] /r
[16/08/2012 13:52:09] /r
[16/08/2012 13:52:17] /c zatacka
[16/08/2012 13:52:19] /r
[16/08/2012 13:52:20] /c zatacka
[16/08/2012 13:52:21] /c zatacka
[16/08/2012 13:52:22] /c zatacka
[16/08/2012 13:52:35] /m black tiger
[16/08/2012 13:52:59] /r
[16/08/2012 13:53:00] /r
[16/08/2012 13:55:07] /i freeze rune
[16/08/2012 13:56:16] /i 8200
[16/08/2012 13:56:24] /i 8300
[16/08/2012 13:56:34] /i donation uh
[16/08/2012 13:56:39] /i donation manarune
[16/08/2012 13:56:47] /a 10
[16/08/2012 13:56:55] /i donation sd
[16/08/2012 13:56:58] /a 10
[16/08/2012 13:57:02] /i fucker
[16/08/2012 13:57:05] /m fucker
[16/08/2012 13:57:40] /r
[16/08/2012 13:57:51] /b ey Fucker är overpoweerd
[16/08/2012 13:59:06] /r
[16/08/2012 14:38:32] /m training boy
[16/08/2012 14:39:16] /m training boy
[16/08/2012 14:42:32] /m demon
[16/08/2012 14:42:42] /m fucker
[16/08/2012 14:42:43] /m fucker
[16/08/2012 14:43:36] /r
[16/08/2012 14:43:38] /r
[16/08/2012 14:43:40] /r
[16/08/2012 14:43:52] /b Clean in 10 sec
[16/08/2012 14:44:01] /clean
[16/08/2012 14:48:04] /i large throne
[16/08/2012 15:01:53] /m trainer
[16/08/2012 15:02:04] /r
[16/08/2012 15:02:05] /i nightmare doll
[16/08/2012 15:02:39] /goto zatacka
[16/08/2012 15:02:41] /goto zatacka
[16/08/2012 15:03:10] /r 100
[16/08/2012 15:03:19] /r 100
[16/08/2012 15:03:26] /r 100
[16/08/2012 15:03:37] /a
[16/08/2012 15:06:38] /goto zatacka
[16/08/2012 15:06:57] /a
[16/08/2012 15:07:41] /t
[16/08/2012 15:11:48] /a 10'
[16/08/2012 15:11:50] /a 10
[16/08/2012 15:24:57] /goto toytoy
[16/08/2012 15:28:39] /a
[16/08/2012 15:28:41] /a
[16/08/2012 15:28:50] /goto toytoy
[16/08/2012 15:28:58] /t Toytoy
[16/08/2012 15:29:07] /t
[16/08/2012 15:29:27] /a
[16/08/2012 15:29:32] /c toytoy
[16/08/2012 15:29:39] /c toytoy
[16/08/2012 15:29:49] /c toytoy
[16/08/2012 15:30:01] /s rebirth npc
[16/08/2012 15:30:04] /s rebirth npc
[16/08/2012 15:30:52] /i 2275
[16/08/2012 15:31:08] /r
[16/08/2012 15:31:12] /r 100
[16/08/2012 15:31:16] /i backpack
[16/08/2012 15:38:15] /s Rebirth NPC
[16/08/2012 15:38:53] /i exp scroll
[16/08/2012 15:38:54] /i exp scroll
[16/08/2012 15:38:54] /i exp scroll
[16/08/2012 15:38:55] /i exp scroll
[16/08/2012 15:38:55] /i exp scroll
[16/08/2012 15:38:56] /i exp scroll
[16/08/2012 15:38:56] /i exp scroll
[16/08/2012 15:38:56] /i exp scroll
[16/08/2012 15:38:57] /i exp scroll
[16/08/2012 15:38:57] /i exp scroll
[16/08/2012 15:38:58] /i exp scroll
[16/08/2012 15:38:58] /i exp scroll
[16/08/2012 15:38:58] /i exp scroll
[16/08/2012 15:38:59] /i exp scroll
[16/08/2012 15:39:00] /i exp scroll
[16/08/2012 15:39:01] /i exp scroll
[16/08/2012 15:39:01] /i exp scroll
[16/08/2012 15:39:02] /i exp scroll
[16/08/2012 15:42:01] /r 100
[16/08/2012 15:42:03] /r 100
[16/08/2012 15:42:05] /r 100
[16/08/2012 15:42:06] /r 100
[16/08/2012 15:42:06] /r 100
[16/08/2012 15:42:07] /r 100
[16/08/2012 15:42:08] /r
[16/08/2012 15:42:09] /r
[16/08/2012 15:42:09] /r
[16/08/2012 15:42:09] /r
[16/08/2012 15:42:09] /r
[16/08/2012 15:42:09] /r
[16/08/2012 15:42:09] /r
[16/08/2012 15:42:09] /r
[16/08/2012 15:42:09] /r
[16/08/2012 15:42:09] /r
[16/08/2012 15:42:09] /r
[16/08/2012 15:42:09] /r
[16/08/2012 15:42:09] /r
[16/08/2012 15:42:09] /r
[16/08/2012 15:42:09] /r
[16/08/2012 15:42:16] /i vip medal
[16/08/2012 15:42:20] /i demon backpack
[16/08/2012 16:38:34] /down
[16/08/2012 16:38:37] /t
[16/08/2012 16:38:45] /goto zatacka
[16/08/2012 16:40:46] /m wintaa
[16/08/2012 16:40:47] /m wintaa
[16/08/2012 16:40:49] /m wintaa
[16/08/2012 16:40:51] /m winta
[16/08/2012 16:40:52] /m winta
[16/08/2012 16:40:53] /m winta
[16/08/2012 16:40:54] /m winta
[16/08/2012 16:40:56] /m winta
[16/08/2012 16:40:59] /m winta
[16/08/2012 16:41:00] /m winta
[16/08/2012 16:41:04] /i snowball
[16/08/2012 16:43:40] /i freeze rune
[16/08/2012 16:46:15] /goto zatacka
[16/08/2012 16:51:51] /i donation uh
[16/08/2012 16:51:59] /a
[16/08/2012 17:07:51] /goto zatacka
[16/08/2012 17:10:02] /i the super sword
[16/08/2012 17:10:09] /i 7390
[16/08/2012 17:14:45] /t
[17/08/2012 02:45:52] /t
[18/08/2012 11:11:20] /goto Zatacka
[18/08/2012 11:11:47] /goto zatacka
[18/08/2012 11:12:44] /a
[18/08/2012 11:12:45] /a
[18/08/2012 11:13:22] /a 2
[18/08/2012 11:13:48] /a 2
[18/08/2012 11:14:36] /a 
[18/08/2012 11:14:41] /i big table
[18/08/2012 11:14:46] /r
[18/08/2012 11:14:50] /i ice cube
[18/08/2012 11:14:54] /i ice cube
[18/08/2012 11:14:56] /i ice cube
[18/08/2012 11:14:57] /i ice cube
[18/08/2012 11:14:58] /i ice cube
[18/08/2012 11:14:59] /i ice cube
[18/08/2012 11:15:01] /i ice cube
[18/08/2012 11:15:01] /i ice cube
[18/08/2012 11:15:03] /i ice cube
[18/08/2012 11:15:04] /i ice cube
[18/08/2012 11:15:05] /i ice cube
[18/08/2012 11:15:06] /i ice cube
[18/08/2012 11:15:07] /i ice cube
[18/08/2012 11:15:09] /i ice cube
[18/08/2012 11:15:10] /i ice cube
[18/08/2012 11:15:11] /i ice cube
[18/08/2012 11:15:12] /i ice cube
[18/08/2012 11:15:13] /i ice cube
[18/08/2012 11:15:14] /i ice cube
[18/08/2012 11:15:16] /i ice cube
[18/08/2012 11:15:17] /i ice cube
[18/08/2012 11:15:18] /i ice cube
[18/08/2012 11:15:19] /i ice cube
[18/08/2012 11:15:20] /i ice cube
[18/08/2012 11:15:20] /i ice cube
[18/08/2012 11:15:20] /i ice cube
[18/08/2012 11:15:21] /r
[18/08/2012 11:15:21] /i ice cube
[18/08/2012 11:15:27] /r
[18/08/2012 11:15:57] /i ice cube
[18/08/2012 11:15:58] /i ice cube
[18/08/2012 11:16:14] /i fire
[18/08/2012 11:16:15] /i fire
[18/08/2012 11:16:17] /i fire
[18/08/2012 11:16:17] /i fire
[18/08/2012 11:16:18] /i fire
[18/08/2012 11:16:19] /i fire
[18/08/2012 11:16:20] /i fire
[18/08/2012 11:16:20] /i fire
[18/08/2012 11:16:21] /i fire
[18/08/2012 11:16:22] /i fire
[18/08/2012 11:16:23] /i fire
[18/08/2012 11:16:24] /i fire
[18/08/2012 11:16:25] /i fire
[18/08/2012 11:16:27] /i fire
[18/08/2012 11:16:28] /i fire
[18/08/2012 11:16:29] /i fire
[18/08/2012 11:16:29] /i fire
[18/08/2012 11:16:32] /i fire
[18/08/2012 11:16:34] /i fire
[18/08/2012 11:16:35] /i fire
[18/08/2012 11:16:37] /i fire
[18/08/2012 11:16:38] /i fire
[18/08/2012 11:16:40] /i fire
[18/08/2012 11:16:40] /i fire
[18/08/2012 11:16:41] /i fire
[18/08/2012 11:16:42] /i fire
[18/08/2012 11:16:43] /i fire
[18/08/2012 11:16:56] /goto moppel
[18/08/2012 11:17:18] /t
[18/08/2012 11:21:49] /a
[18/08/2012 11:21:52] /a
[18/08/2012 11:22:49] /a
[18/08/2012 11:24:41] /i big table
[18/08/2012 11:25:29] /a
[18/08/2012 11:25:30] /a
[18/08/2012 11:25:55] /t
[18/08/2012 11:26:01] /a
[19/08/2012 03:56:02] /m fucker
[19/08/2012 03:57:02] /m traininh boy
[19/08/2012 03:57:11] /m Trainer Boy
[19/08/2012 04:04:34] /m fucker
[19/08/2012 04:05:26] /a
[19/08/2012 04:05:28] /a
[19/08/2012 04:05:37] /i donation wand
[19/08/2012 04:05:49] /i 7289
[19/08/2012 04:06:11] /a
[19/08/2012 04:06:12] /a
[19/08/2012 04:06:30] /i 2198
[19/08/2012 04:10:32] /b CLEAN
[19/08/2012 04:10:36] /clean
[19/08/2012 04:10:39] /r
[19/08/2012 04:10:41] /r
[19/08/2012 04:10:42] /r
[19/08/2012 04:10:46] /r
[19/08/2012 04:10:48] /r
[19/08/2012 04:10:53] /i nightmare doll
[19/08/2012 04:10:57] /r
[19/08/2012 04:11:07] /i 3519
[19/08/2012 04:11:12] /i nightmare doll
[19/08/2012 04:11:13] /i nightmare doll
[19/08/2012 04:11:14] /i nightmare doll
[19/08/2012 04:11:14] /i nightmare doll
[19/08/2012 04:11:15] /i nightmare doll
[19/08/2012 04:11:16] /i nightmare doll
[19/08/2012 04:11:17] /i nightmare doll
[19/08/2012 04:11:19] /i nightmare doll
[19/08/2012 04:11:20] /i nightmare doll
[19/08/2012 04:11:21] /i nightmare doll
[19/08/2012 04:11:22] /i nightmare doll
[19/08/2012 04:11:23] /i nightmare doll
[19/08/2012 04:11:24] /i nightmare doll
[19/08/2012 04:11:25] /i nightmare doll
[19/08/2012 04:11:25] /i nightmare doll
[19/08/2012 04:11:27] /i nightmare doll
[19/08/2012 04:11:28] /i nightmare doll
[19/08/2012 04:11:28] /i nightmare doll
[19/08/2012 04:11:29] /i nightmare doll
[19/08/2012 04:11:30] /i nightmare doll
[19/08/2012 04:11:31] /i nightmare doll
[19/08/2012 04:11:32] /i nightmare doll
[19/08/2012 04:11:33] /i nightmare doll
[19/08/2012 04:11:34] /i nightmare doll
[19/08/2012 04:11:35] /i nightmare doll
[19/08/2012 04:11:36] /i nightmare doll
[19/08/2012 04:11:37] /i nightmare doll
[19/08/2012 04:11:43] /i frozen star
[19/08/2012 04:11:47] /i frozen starlight
[19/08/2012 04:11:49] /i frozen starlight
[19/08/2012 04:11:50] /i frozen starlight
[19/08/2012 04:11:51] /i frozen starlight
[19/08/2012 04:11:51] /i frozen starlight
[19/08/2012 04:11:53] /i frozen starlight
[19/08/2012 04:11:54] /i frozen starlight
[19/08/2012 04:11:55] /i frozen starlight
[19/08/2012 04:11:56] /i frozen starlight
[19/08/2012 04:11:57] /i frozen starlight
[19/08/2012 04:12:00] /i frozen starlight
[19/08/2012 04:12:01] /i frozen starlight
[19/08/2012 04:12:03] /i frozen starlight
[19/08/2012 04:12:04] /i frozen starlight
[19/08/2012 04:12:05] /i frozen starlight
[19/08/2012 04:12:06] /i frozen starlight
[19/08/2012 04:12:07] /i frozen starlight
[19/08/2012 04:12:08] /i frozen starlight
[19/08/2012 04:12:09] /i frozen starlight
[19/08/2012 04:12:10] /i frozen starlight
[19/08/2012 04:12:11] /i frozen starlight
[19/08/2012 04:12:12] /i frozen starlight
[19/08/2012 04:12:13] /i frozen starlight
[19/08/2012 04:12:14] /i frozen starlight
[19/08/2012 04:12:15] /i frozen starlight
[19/08/2012 04:12:16] /i frozen starlight
[19/08/2012 04:12:18] /i frozen starlight
[19/08/2012 04:12:21] /i 304
[19/08/2012 04:12:26] /i 3004
[19/08/2012 04:12:29] /r
[19/08/2012 04:12:42] /a 10
[19/08/2012 04:12:44] /a 10
[19/08/2012 04:12:45] /a 10
[19/08/2012 04:12:46] /a 10
[19/08/2012 04:12:50] /a 5
[19/08/2012 04:12:55] /i 7355
[19/08/2012 04:13:12] /a
[19/08/2012 04:13:12] /i 7355
[19/08/2012 04:13:13] /a
[19/08/2012 04:13:13] /i 7355
[19/08/2012 04:13:13] /a
[19/08/2012 04:13:13] /i 7355
[19/08/2012 04:13:14] /a
[19/08/2012 04:13:14] /i 7355
[19/08/2012 04:13:14] /a
[19/08/2012 04:13:19] /i 7355
[19/08/2012 04:13:19] /a
[19/08/2012 04:13:20] /i 7355
[19/08/2012 04:13:20] /i 7355
[19/08/2012 04:13:20] /a
[19/08/2012 04:13:20] /i 7355
[19/08/2012 04:13:21] /a
[19/08/2012 04:13:21] /i 7355
[19/08/2012 04:13:21] /a
[19/08/2012 04:13:21] /i 7355
[19/08/2012 04:13:21] /a
[19/08/2012 04:13:21] /i 7355
[19/08/2012 04:13:21] /a
[19/08/2012 04:13:21] /i 7355
[19/08/2012 04:13:21] /a
[19/08/2012 04:13:21] /i 7355
[19/08/2012 04:13:22] /a
[19/08/2012 04:13:22] /i 7355
[19/08/2012 04:13:24] /i 7355
[19/08/2012 04:13:24] /a
[19/08/2012 04:13:24] /i 7355
[19/08/2012 04:13:24] /a
[19/08/2012 04:13:24] /i 7355
[19/08/2012 04:13:24] /a
[19/08/2012 04:13:25] /i 7355
[19/08/2012 04:13:25] /a
[19/08/2012 04:13:25] /i 7355
[19/08/2012 04:13:25] /a
[19/08/2012 04:13:25] /i 7355
[19/08/2012 04:13:25] /a
[19/08/2012 04:13:25] /i 7355
[19/08/2012 04:13:25] /a
[19/08/2012 04:13:26] /i 7355
[19/08/2012 04:13:27] /a
[19/08/2012 04:13:27] /i 7355
[19/08/2012 04:13:27] /a
[19/08/2012 04:13:27] /i 7355
[19/08/2012 04:13:27] /a
[19/08/2012 04:13:27] /i 7355
[19/08/2012 04:13:27] /a
[19/08/2012 04:13:28] /i 7355
[19/08/2012 04:13:28] /a
[19/08/2012 04:13:28] /i 7355
[19/08/2012 04:13:28] /a
[19/08/2012 04:13:28] /i 7355
[19/08/2012 04:13:28] /a
[19/08/2012 04:13:28] /i 7355
[19/08/2012 04:13:28] /a
[19/08/2012 04:13:29] /i 7355
[19/08/2012 04:13:32] /a
[19/08/2012 04:13:32] /i 7355
[19/08/2012 04:13:33] /a
[19/08/2012 04:13:33] /i 7355
[19/08/2012 04:13:34] /i 7355
[19/08/2012 04:13:34] /a
[19/08/2012 04:13:35] /i 7355
[19/08/2012 04:13:35] /a
[19/08/2012 04:13:35] /i 7355
[19/08/2012 04:13:35] /a
[19/08/2012 04:13:35] /i 7355
[19/08/2012 04:13:35] /a
[19/08/2012 04:13:35] /i 7355
[19/08/2012 04:13:35] /a
[19/08/2012 04:13:35] /i 7355
[19/08/2012 04:13:36] /a
[19/08/2012 04:13:36] /i 7355
[19/08/2012 04:13:36] /a
[19/08/2012 04:13:36] /i 7355
[19/08/2012 04:13:36] /a
[19/08/2012 04:13:36] /i 7355
[19/08/2012 04:13:36] /a
[19/08/2012 04:13:37] /i 7355
[19/08/2012 04:13:37] /a
[19/08/2012 04:13:45] /i 4610
[19/08/2012 04:13:48] /i 7355
[19/08/2012 04:13:49] /a
[19/08/2012 04:13:50] /i 7355
[19/08/2012 04:13:50] /a
[19/08/2012 04:13:50] /i 7355
[19/08/2012 04:13:50] /a
[19/08/2012 04:13:50] /i 7355
[19/08/2012 04:13:50] /a
[19/08/2012 04:13:50] /i 7355
[19/08/2012 04:13:50] /a
[19/08/2012 04:13:51] /i 7355
[19/08/2012 04:13:51] /a
[19/08/2012 04:13:51] /i 7355
[19/08/2012 04:13:51] /a
[19/08/2012 04:13:51] /i 7355
[19/08/2012 04:13:51] /a
[19/08/2012 04:13:51] /i 7355
[19/08/2012 04:13:52] /a
[19/08/2012 04:13:52] /i 7355
[19/08/2012 04:14:01] /i 4610
[19/08/2012 04:14:04] /i 7355
[19/08/2012 04:14:04] /a
[19/08/2012 04:14:04] /i 7355
[19/08/2012 04:14:04] /a
[19/08/2012 04:14:05] /i 7355
[19/08/2012 04:14:05] /a
[19/08/2012 04:14:05] /i 7355
[19/08/2012 04:14:05] /a
[19/08/2012 04:14:05] /i 7355
[19/08/2012 04:14:05] /a
[19/08/2012 04:14:05] /i 7355
[19/08/2012 04:14:05] /a
[19/08/2012 04:14:06] /i 7355
[19/08/2012 04:14:07] /a
[19/08/2012 04:14:08] /i 7355
[19/08/2012 04:14:10] /a
[19/08/2012 04:14:11] /i 7355
[19/08/2012 04:14:11] /a
[19/08/2012 04:14:12] /i 7355
[19/08/2012 04:14:13] /i 7355
[19/08/2012 04:14:13] /a
[19/08/2012 04:14:13] /i 7355
[19/08/2012 04:14:13] /a
[19/08/2012 04:14:13] /i 7355
[19/08/2012 04:14:14] /a
[19/08/2012 04:14:14] /i 7355
[19/08/2012 04:14:14] /a
[19/08/2012 04:14:14] /i 7355
[19/08/2012 04:14:14] /a
[19/08/2012 04:14:14] /i 7355
[19/08/2012 04:14:14] /a
[19/08/2012 04:14:14] /i 7355
[19/08/2012 04:14:15] /a
[19/08/2012 04:14:15] /i 7355
[19/08/2012 04:14:17] /i 7355
[19/08/2012 04:14:17] /a
[19/08/2012 04:14:18] /i 7355
[19/08/2012 04:14:18] /a
[19/08/2012 04:14:18] /i 7355
[19/08/2012 04:14:18] /a
[19/08/2012 04:14:18] /i 7355
[19/08/2012 04:14:18] /a
[19/08/2012 04:14:18] /i 7355
[19/08/2012 04:14:18] /a
[19/08/2012 04:14:19] /i 7355
[19/08/2012 04:14:19] /a
[19/08/2012 04:14:19] /i 7355
[19/08/2012 04:14:19] /a
[19/08/2012 04:14:19] /i 7355
[19/08/2012 04:14:20] /a
[19/08/2012 04:14:20] /i 7355
[19/08/2012 04:14:20] /a
[19/08/2012 04:14:26] /i 7355
[19/08/2012 04:14:26] /a
[19/08/2012 04:14:26] /i 7355
[19/08/2012 04:14:27] /a
[19/08/2012 04:14:27] /i 7355
[19/08/2012 04:14:27] /a
[19/08/2012 04:14:27] /i 7355
[19/08/2012 04:14:27] /a
[19/08/2012 04:14:27] /i 7355
[19/08/2012 04:14:27] /a
[19/08/2012 04:14:28] /i 7355
[19/08/2012 04:14:28] /a
[19/08/2012 04:14:28] /i 7355
[19/08/2012 04:14:28] /a
[19/08/2012 04:14:28] /i 7355
[19/08/2012 04:14:28] /a
[19/08/2012 04:14:28] /i 7355
[19/08/2012 04:14:43] /i 3514
[19/08/2012 04:14:44] /i 3514
[19/08/2012 04:14:45] /i 3514
[19/08/2012 04:14:46] /i 3514
[19/08/2012 04:14:47] /i 3514
[19/08/2012 04:14:49] /i 3514
[19/08/2012 04:14:50] /i 3514
[19/08/2012 04:14:51] /i 3514
[19/08/2012 04:15:01] /i 1519
[19/08/2012 04:15:07] /r
[19/08/2012 04:15:17] /a
[19/08/2012 04:15:27] /i 3519
[19/08/2012 04:15:29] /a
[19/08/2012 04:15:32] /i 3519
[19/08/2012 04:15:34] /i 3519
[19/08/2012 04:15:35] /i 3519
[19/08/2012 04:15:36] /i 3519
[19/08/2012 04:15:37] /i 3519
[19/08/2012 04:15:38] /i 3519
[19/08/2012 04:15:40] /i 3519
[19/08/2012 04:15:41] /i 3519
[19/08/2012 04:15:44] /a 1
[19/08/2012 04:15:47] /a 6
[19/08/2012 04:15:50] /a 6
[19/08/2012 04:15:53] /a 6
[19/08/2012 04:15:54] /a 6
[19/08/2012 04:16:00] /i 3514
[19/08/2012 04:16:03] /r
[19/08/2012 04:16:04] /a
[19/08/2012 04:16:08] /i 3514
[19/08/2012 04:16:14] /i 7355
[19/08/2012 04:16:20] /r
[19/08/2012 04:16:21] /r
[19/08/2012 04:16:22] /r
[19/08/2012 04:16:29] /i 4612
[19/08/2012 04:16:31] /a
[19/08/2012 04:16:34] /i 7355
[19/08/2012 04:16:38] /i 4612
[19/08/2012 04:16:41] /i 3514
[19/08/2012 04:16:45] /i 7355
[19/08/2012 04:16:51] /i 4612
[19/08/2012 04:16:54] /a
[19/08/2012 04:16:57] /i 7355
[19/08/2012 04:16:59] /i 4612
[19/08/2012 04:17:03] /i 3514
[19/08/2012 04:17:03] /a
[19/08/2012 04:17:06] /i 3514
[19/08/2012 04:17:09] /a
[19/08/2012 04:17:11] /i 3514
[19/08/2012 04:17:12] /a
[19/08/2012 04:17:13] /i 3514
[19/08/2012 04:17:14] /a
[19/08/2012 04:17:16] /i 3514
[19/08/2012 04:17:17] /a
[19/08/2012 04:17:17] /a
[19/08/2012 04:17:19] /a
[19/08/2012 04:17:21] /a
[19/08/2012 04:17:23] /a
[19/08/2012 04:17:23] /a
[19/08/2012 04:17:23] /a
[19/08/2012 04:17:23] /a
[19/08/2012 04:17:25] /a
[19/08/2012 04:17:27] /i 3514
[19/08/2012 04:17:28] /a
[19/08/2012 04:17:29] /a
[19/08/2012 04:17:32] /a
[19/08/2012 04:17:33] /i 3514
[19/08/2012 04:17:40] /a
[19/08/2012 04:17:46] /i 3519
[19/08/2012 04:17:53] /a
[19/08/2012 04:17:53] /i 7355
[19/08/2012 04:17:59] /i 4612
[19/08/2012 04:18:13] /a
[19/08/2012 04:18:13] /i 3519
[19/08/2012 04:18:14] /i 3519
[19/08/2012 04:18:15] /a
[19/08/2012 04:18:15] /i 3519
[19/08/2012 04:18:15] /a
[19/08/2012 04:18:15] /i 3519
[19/08/2012 04:18:15] /a
[19/08/2012 04:18:15] /i 3519
[19/08/2012 04:18:15] /a
[19/08/2012 04:18:15] /i 3519
[19/08/2012 04:18:16] /a
[19/08/2012 04:18:16] /i 3519
[19/08/2012 04:18:16] /a
[19/08/2012 04:18:17] /i 3519
[19/08/2012 04:18:17] /a
[19/08/2012 04:18:18] /i 3519
[19/08/2012 04:18:18] /a
[19/08/2012 04:18:23] /a
[19/08/2012 04:18:35] /i fence
[19/08/2012 04:18:37] /i fence
[19/08/2012 04:18:39] /i fence
[19/08/2012 04:18:41] /i fence
[19/08/2012 04:18:42] /i fence
[19/08/2012 04:18:43] /i fence
[19/08/2012 04:18:44] /i fence
[19/08/2012 04:18:51] /i large throne
[19/08/2012 04:18:53] /i large throne
[19/08/2012 04:18:54] /i large throne
[19/08/2012 04:19:02] /a
[19/08/2012 04:19:12] /i large table
[19/08/2012 04:19:19] /i ice cube
[19/08/2012 04:19:20] /i ice cube
[19/08/2012 04:19:21] /i ice cube
[19/08/2012 04:19:22] /i ice cube
[19/08/2012 04:19:23] /i ice cube
[19/08/2012 04:19:23] /i ice cube
[19/08/2012 04:19:29] /i ice cube
[19/08/2012 04:19:30] /i ice cube
[19/08/2012 04:19:31] /i ice cube
[19/08/2012 04:19:32] /i ice cube
[19/08/2012 04:19:33] /i ice cube
[19/08/2012 04:19:34] /i ice cube
[19/08/2012 04:19:34] /i ice cube
[19/08/2012 04:19:35] /i ice cube
[19/08/2012 04:19:37] /i ice cube
[19/08/2012 04:19:38] /i ice cube
[19/08/2012 04:19:38] /i ice cube
[19/08/2012 04:19:39] /i ice cube
[19/08/2012 04:19:40] /i ice cube
[19/08/2012 04:19:41] /i ice cube
[19/08/2012 04:19:42] /i ice cube
[19/08/2012 04:19:43] /i ice cube
[19/08/2012 04:19:51] /i chari
[19/08/2012 04:19:55] /i chair
[19/08/2012 04:19:59] /i sofa chair
[19/08/2012 04:20:02] /i sofa chair
[19/08/2012 04:20:06] /i sofa chair
[19/08/2012 04:20:07] /i sofa chair
[19/08/2012 04:20:08] /i sofa chair
[19/08/2012 04:20:10] /i sofa chair
[19/08/2012 04:20:11] /i sofa chair
[19/08/2012 04:20:12] /i sofa chair
[19/08/2012 04:20:13] /i sofa chair
[19/08/2012 04:20:14] /i sofa chair
[19/08/2012 04:20:39] /t
[19/08/2012 04:20:55] /t
[19/08/2012 04:22:00] /i 3909
[19/08/2012 04:22:12] /i backpack
[19/08/2012 04:22:29] /i crystal coin
[19/08/2012 04:22:43] /i crystal coin
[19/08/2012 04:22:55] /t
[19/08/2012 04:23:00] /a
[19/08/2012 04:23:01] /a
[19/08/2012 04:23:15] /a 10
[19/08/2012 04:23:16] /a 10
[19/08/2012 04:23:20] /a 10
[19/08/2012 04:23:23] /a 10
[19/08/2012 04:23:24] /a 10
[19/08/2012 04:23:26] /a
[19/08/2012 04:23:28] /a
[19/08/2012 04:23:30] /a
[19/08/2012 04:23:38] /i 1614
[19/08/2012 04:23:40] /i 1614
[19/08/2012 04:23:40] /i 1614
[19/08/2012 04:23:41] /i 1614
[19/08/2012 04:23:41] /i 1614
[19/08/2012 04:23:42] /i 1614
[19/08/2012 04:23:46] /i plate
[19/08/2012 04:23:57] /i egg
[19/08/2012 04:24:01] /i meat
[19/08/2012 04:24:04] /i ham
[19/08/2012 04:24:06] /i apple
[19/08/2012 04:24:16] /i red apple
[19/08/2012 04:24:21] /i colored egg
[19/08/2012 04:24:24] /i colored egg
[19/08/2012 04:24:31] /i 2696
[19/08/2012 04:24:36] /i 2698
[19/08/2012 04:24:40] /r
[19/08/2012 04:24:41] /r
[19/08/2012 04:24:49] /i 1614
[19/08/2012 04:24:56] /i 1693
[19/08/2012 04:24:59] /r
[19/08/2012 04:25:05] /i bread
[19/08/2012 04:25:27] /i ice cube
[19/08/2012 04:25:28] /i ice cube
[19/08/2012 04:25:29] /i ice cube
[19/08/2012 04:25:30] /i ice cube
[19/08/2012 04:25:31] /i ice cube
[19/08/2012 04:25:36] /i ice cube
[19/08/2012 04:25:37] /i ice cube
[19/08/2012 04:25:37] /i ice cube
[19/08/2012 04:25:40] /i ice cube
[19/08/2012 04:25:40] /i ice cube
[19/08/2012 04:25:45] /i fire
[19/08/2012 04:25:46] /i fire
[19/08/2012 04:25:47] /i fire
[19/08/2012 04:25:48] /i fire
[19/08/2012 04:25:48] /i fire
[19/08/2012 04:25:51] /i fire
[19/08/2012 04:25:51] /i fire
[19/08/2012 04:25:52] /i fire
[19/08/2012 04:25:53] /i fire
[19/08/2012 04:25:54] /i fire
[19/08/2012 04:25:55] /i fire
[19/08/2012 04:25:56] /i fire
[19/08/2012 04:25:59] /i fire
[19/08/2012 04:25:59] /i fire
[19/08/2012 04:26:01] /i fire
[19/08/2012 04:26:02] /i fire
[19/08/2012 04:26:03] /i fire
[19/08/2012 04:26:03] /i fire
[19/08/2012 04:26:04] /i fire
[19/08/2012 04:26:05] /i fire
[19/08/2012 04:26:06] /i fire
[19/08/2012 04:26:08] /i fire
[19/08/2012 04:26:16] /i fire
[19/08/2012 04:26:17] /i fire
[19/08/2012 04:26:19] /i fire
[19/08/2012 04:26:25] /i fire
[19/08/2012 04:26:30] /i blood herb
[19/08/2012 04:26:32] /i blood herb
[19/08/2012 04:26:33] /i blood herb
[19/08/2012 04:26:34] /i blood herb
[19/08/2012 04:26:35] /i blood herb
[19/08/2012 04:26:36] /i blood herb
[19/08/2012 04:26:37] /i blood herb
[19/08/2012 04:26:38] /i blood herb
[19/08/2012 04:26:39] /i blood herb
[19/08/2012 04:26:40] /i blood herb
[19/08/2012 04:26:40] /i blood herb
[19/08/2012 04:26:43] /i blood herb
[19/08/2012 04:26:44] /i blood herb
[19/08/2012 04:26:45] /i blood herb
[19/08/2012 04:26:45] /i blood herb
[19/08/2012 04:26:49] /i blood herb
[19/08/2012 04:26:52] /i blood herb
[19/08/2012 04:26:53] /i blood herb
[19/08/2012 04:26:54] /i blood herb
[19/08/2012 04:26:54] /i blood herb
[19/08/2012 04:26:55] /i blood herb
[19/08/2012 04:26:57] /i blood herb
[19/08/2012 04:26:58] /i blood herb
[19/08/2012 04:26:58] /i blood herb
[19/08/2012 04:27:01] /i blood herb
[19/08/2012 04:27:02] /i blood herb
[19/08/2012 04:27:05] /ghost
[19/08/2012 04:27:08] /a
[19/08/2012 04:27:13] /a
[19/08/2012 04:27:15] /a
[19/08/2012 04:27:16] /a
[19/08/2012 04:27:26] /i nightmare doll
[19/08/2012 04:27:27] /i nightmare doll
[19/08/2012 04:27:28] /i nightmare doll
[19/08/2012 04:27:29] /i nightmare doll
[19/08/2012 04:27:30] /i nightmare doll
[19/08/2012 04:27:31] /i nightmare doll
[19/08/2012 04:27:32] /i nightmare doll
[19/08/2012 04:27:33] /i nightmare doll
[19/08/2012 04:27:34] /i nightmare doll
[19/08/2012 04:27:36] /i nightmare doll
[19/08/2012 04:27:38] /i nightmare doll
[19/08/2012 04:27:39] /i nightmare doll
[19/08/2012 04:27:40] /i nightmare doll
[19/08/2012 04:27:41] /i nightmare doll
[19/08/2012 04:27:42] /i nightmare doll
[19/08/2012 04:27:43] /i nightmare doll
[19/08/2012 04:27:45] /i nightmare doll
[19/08/2012 04:27:45] /i nightmare doll
[19/08/2012 04:27:46] /i nightmare doll
[19/08/2012 04:27:48] /i nightmare doll
[19/08/2012 04:27:49] /i nightmare doll
[19/08/2012 04:27:50] /i nightmare doll
[19/08/2012 04:27:51] /i nightmare doll
[19/08/2012 04:27:52] /i nightmare doll
[19/08/2012 04:27:53] /i nightmare doll
[19/08/2012 04:27:54] /i nightmare doll
[19/08/2012 04:28:03] /i frozen starlight
[19/08/2012 04:28:05] /i frozen starlight
[19/08/2012 04:28:06] /i frozen starlight
[19/08/2012 04:28:07] /i frozen starlight
[19/08/2012 04:28:07] /i frozen starlight
[19/08/2012 04:28:08] /i frozen starlight
[19/08/2012 04:28:09] /i frozen starlight
[19/08/2012 04:28:10] /i frozen starlight
[19/08/2012 04:28:12] /i frozen starlight
[19/08/2012 04:28:13] /i frozen starlight
[19/08/2012 04:28:14] /i frozen starlight
[19/08/2012 04:28:15] /i frozen starlight
[19/08/2012 04:28:20] /i frozen starlight
[19/08/2012 04:28:21] /i frozen starlight
[19/08/2012 04:28:22] /i frozen starlight
[19/08/2012 04:28:23] /i frozen starlight
[19/08/2012 04:28:24] /i frozen starlight
[19/08/2012 04:28:25] /i frozen starlight
[19/08/2012 04:28:26] /i frozen starlight
[19/08/2012 04:28:27] /i frozen starlight
[19/08/2012 04:28:28] /i frozen starlight
[19/08/2012 04:28:29] /i frozen starlight
[19/08/2012 04:28:30] /i frozen starlight
[19/08/2012 04:28:31] /i frozen starlight
[19/08/2012 04:28:32] /i frozen starlight
[19/08/2012 04:28:32] /i frozen starlight
[19/08/2012 04:28:39] /newtype
[19/08/2012 04:28:44] /newtype 321
[19/08/2012 04:28:47] /newtype 325
[19/08/2012 04:28:50] /newtype 326
[19/08/2012 04:28:53] /newtype 327
[19/08/2012 04:28:55] /newtype 328
[19/08/2012 04:28:56] /newtype 329
[19/08/2012 04:29:00] /newtype 336
[19/08/2012 04:29:03] /newtype 330
[19/08/2012 04:29:05] /newtype 331
[19/08/2012 04:29:16] /newtype 332
[19/08/2012 04:30:06] /a
[19/08/2012 04:30:11] /r
[19/08/2012 04:30:24] /a
[19/08/2012 05:00:02] /goto ahri
[19/08/2012 05:00:04] /r
[19/08/2012 05:00:08] /a 100
[19/08/2012 05:00:11] /a 50
[19/08/2012 05:00:15] /a 10
[19/08/2012 05:00:17] /a 10
[19/08/2012 05:58:55] /goto zatacka
[19/08/2012 05:59:03] /i large throne
[19/08/2012 06:09:03] /goto zatacka
[19/08/2012 06:09:05] /goto zatacka
[19/08/2012 06:09:06] /goto zatacka
[19/08/2012 06:10:50] /t
[19/08/2012 06:10:53] /a 10
[19/08/2012 06:10:54] /a 10
[19/08/2012 06:10:55] /a 10
[19/08/2012 06:10:56] /a 10
[19/08/2012 06:10:57] /a 10
[19/08/2012 06:10:59] /a 10
[19/08/2012 06:11:00] /a 10
[19/08/2012 06:11:01] /a 10
[19/08/2012 06:11:09] /a 10
[19/08/2012 06:11:15] /goto zatacka
[19/08/2012 06:23:51] /t
[19/08/2012 06:24:01] /a
[19/08/2012 06:24:03] /a 2
[19/08/2012 17:33:44] /t
[19/08/2012 17:34:23] /up
[19/08/2012 17:34:31] /a
[19/08/2012 17:34:32] /a
[19/08/2012 17:34:46] /a
[19/08/2012 17:34:49] /a 2
[19/08/2012 17:34:56] /a 2
[19/08/2012 17:34:58] /a
[19/08/2012 17:35:00] /a
[19/08/2012 17:35:02] /a
[19/08/2012 17:35:26] /a
[19/08/2012 17:35:52] /a
[19/08/2012 17:35:58] /a
[19/08/2012 17:36:02] /a
[19/08/2012 17:36:05] /a 10
[19/08/2012 17:36:06] /a 10
[19/08/2012 17:36:25] /goto zatacka
[19/08/2012 17:36:33] /ghost
[19/08/2012 17:38:10] /down
[20/08/2012 02:53:25] /t
[20/08/2012 02:59:21] /up
[20/08/2012 03:00:29] /b nice
[20/08/2012 03:02:25] /i demon backpack
[20/08/2012 03:02:44] /attr set name Zerxiz Backpack
[20/08/2012 03:03:00] /attr set attack 100000000000
[20/08/2012 03:03:11] /attr set def 100000000000
[20/08/2012 03:03:18] /attr set def 100000
[20/08/2012 03:03:28] /attr set defense 100000
[20/08/2012 03:03:38] /attr set defense 100000 + 1000
[20/08/2012 03:04:18] /t
[20/08/2012 03:04:32] /m almighty force
[20/08/2012 03:04:35] /m almighty force
[20/08/2012 03:16:23] /attr set name lol
[20/08/2012 03:16:29] /attr set name lol
[20/08/2012 03:16:30] /attr set name lol
[20/08/2012 03:16:31] /attr set name lol
[20/08/2012 03:16:33] /attr set name lol
[20/08/2012 03:16:35] /attr set name lol
[20/08/2012 03:16:36] /attr set name lol
[20/08/2012 03:16:38] /attr set name lol
[20/08/2012 03:16:41] /attr set name lol
[20/08/2012 03:16:43] /attr set name lol
[20/08/2012 03:16:44] /attr set name lol
[20/08/2012 03:16:47] /attr set name lol
[20/08/2012 03:16:49] /attr set name lol
[20/08/2012 03:16:51] /attr set name lol
[20/08/2012 03:16:53] /attr set name lol
[20/08/2012 03:16:54] /attr set name lol
[20/08/2012 03:16:55] /attr set name lol
[20/08/2012 03:16:59] /attr set name lol
[20/08/2012 03:17:01] /attr set name lol
[20/08/2012 03:17:03] /attr set name lol
[20/08/2012 03:17:05] /attr set name lol
[20/08/2012 03:18:09] /c zatacka
[20/08/2012 03:18:53] /attr set name whore
[20/08/2012 03:19:01] /attr setname whore
[20/08/2012 03:20:21] /i manarune
[20/08/2012 03:22:01] /r
[20/08/2012 03:22:23] /b clean in 10 sec
[20/08/2012 03:22:32] /clean
[20/08/2012 03:24:28] /attr set attack 100000000
[20/08/2012 03:24:55] /attr set attack 10000000000000
[20/08/2012 03:25:10] /i donation sword
[20/08/2012 03:26:28] /r 100
[20/08/2012 03:26:30] /r 100
[20/08/2012 03:26:30] /r 100
[20/08/2012 03:26:30] /r 100
[20/08/2012 03:26:35] /r 100
[20/08/2012 03:26:35] /r 100
[20/08/2012 03:26:36] /r 100
[20/08/2012 03:26:36] /r 100
[20/08/2012 03:26:42] /i large throne
[20/08/2012 03:26:44] /i large throne
[20/08/2012 03:43:19] /goto zatacka
[20/08/2012 03:48:21] /ghost
[20/08/2012 03:48:27] /promote
[20/08/2012 03:48:36] /promote slyan
[20/08/2012 03:48:46] /demote slyan
[20/08/2012 03:48:59] /goto slyan
[20/08/2012 03:49:55] /c zatacka
[20/08/2012 03:51:07] /c zatacka
[21/08/2012 03:52:55] /goto zatacka
[21/08/2012 03:56:09] /i donation sword
[21/08/2012 04:11:32] /a
[21/08/2012 04:11:40] /ghost
[21/08/2012 04:11:43] /a
[21/08/2012 04:13:19] /b jag måste bra, vi hörs
[21/08/2012 15:58:15] /goto Martian'vs'goblins 
[21/08/2012 16:06:50] /goto zatacka
[21/08/2012 16:07:55] /c zatacka
[21/08/2012 16:08:05] /c zatacka
