[03/08/2012 23:39:36] /attr group "6
[03/08/2012 23:39:43] /attr group "5
[03/08/2012 23:40:26] /c zatacka
[03/08/2012 23:40:26] /c zatacka
[03/08/2012 23:40:27] /c zatacka
[03/08/2012 23:40:27] /c zatacka
[03/08/2012 23:40:28] /c zatacka
[03/08/2012 23:42:16] /a 2
[03/08/2012 23:42:22] /i epic transform ring
[03/08/2012 23:42:35] /i transoform pic riung
[03/08/2012 23:42:38] /i transoform pic ring
[03/08/2012 23:42:41] /i transform pic ring
[03/08/2012 23:42:46] /i transform epic ring
[03/08/2012 23:42:53] /newtype 309
[03/08/2012 23:43:03] /i vip medal
[03/08/2012 23:43:15] /i spell rune
[03/08/2012 23:43:23] /i 2296
[03/08/2012 23:43:37] /r
[03/08/2012 23:43:40] /r 100
[03/08/2012 23:43:45] /r 100
[03/08/2012 23:43:52] /i donation sd
[03/08/2012 23:43:59] /r 100
[03/08/2012 23:44:06] /a 6
[03/08/2012 23:44:15] /goto lubo
[03/08/2012 23:44:30] /ghost
[03/08/2012 23:44:34] /ghost
[03/08/2012 23:44:46] /m exp bug
[03/08/2012 23:45:38] /a 2
[03/08/2012 23:45:44] /a 2
[03/08/2012 23:46:57] /m rebirth freak
[03/08/2012 23:47:04] /m rebirth freak
[03/08/2012 23:47:26] /m rebirth freak
[03/08/2012 23:47:50] /i donation wand
[03/08/2012 23:48:25] /attr set name ,PoseidonGODLYwand
[03/08/2012 23:48:32] /m rebirth freak
[03/08/2012 23:48:38] /m rebirth freak
[03/08/2012 23:48:39] /m rebirth freak
[03/08/2012 23:48:39] /m rebirth freak
[03/08/2012 23:48:40] /m rebirth freak
[03/08/2012 23:48:53] /m rebirth freak
[03/08/2012 23:48:54] /m rebirth freak
[03/08/2012 23:48:54] /m rebirth freak
[03/08/2012 23:48:54] /m rebirth freak
[03/08/2012 23:48:54] /m rebirth freak
[03/08/2012 23:48:55] /m rebirth freak
[03/08/2012 23:48:55] /m rebirth freak
[03/08/2012 23:48:55] /m rebirth freak
[03/08/2012 23:48:55] /m rebirth freak
[03/08/2012 23:48:55] /m rebirth freak
[03/08/2012 23:48:55] /m rebirth freak
[03/08/2012 23:48:56] /m rebirth freak
[03/08/2012 23:48:56] /m rebirth freak
[03/08/2012 23:48:56] /m rebirth freak
[03/08/2012 23:48:56] /m rebirth freak
[03/08/2012 23:48:56] /m rebirth freak
[03/08/2012 23:48:56] /m rebirth freak
[03/08/2012 23:48:57] /m rebirth freak
[03/08/2012 23:48:57] /m rebirth freak
[03/08/2012 23:48:57] /m rebirth freak
[03/08/2012 23:48:57] /m rebirth freak
[03/08/2012 23:48:57] /m rebirth freak
[03/08/2012 23:48:57] /m rebirth freak
[03/08/2012 23:48:58] /m rebirth freak
[03/08/2012 23:49:02] /a 1
[03/08/2012 23:49:02] /m rebirth freak
[03/08/2012 23:49:03] /m rebirth freak
[03/08/2012 23:49:03] /m rebirth freak
[03/08/2012 23:49:03] /m rebirth freak
[03/08/2012 23:49:03] /m rebirth freak
[03/08/2012 23:49:03] /m rebirth freak
[03/08/2012 23:49:03] /m rebirth freak
[03/08/2012 23:49:04] /m rebirth freak
[03/08/2012 23:49:04] /m rebirth freak
[03/08/2012 23:49:04] /m rebirth freak
[03/08/2012 23:49:07] /a 1
[03/08/2012 23:49:08] /m rebirth freak
[03/08/2012 23:49:08] /m rebirth freak
[03/08/2012 23:49:08] /m rebirth freak
[03/08/2012 23:49:09] /m rebirth freak
[03/08/2012 23:49:09] /m rebirth freak
[03/08/2012 23:49:11] /m rebirth freak
[03/08/2012 23:49:11] /m rebirth freak
[03/08/2012 23:49:11] /m rebirth freak
[03/08/2012 23:49:11] /m rebirth freak
[03/08/2012 23:49:23] /a 4
[03/08/2012 23:49:54] /newtype 309
[03/08/2012 23:50:42] /a 4
[03/08/2012 23:51:34] /a 10
[03/08/2012 23:51:35] /a 10
[03/08/2012 23:51:40] /a 10
[03/08/2012 23:51:46] /i 9004
[03/08/2012 23:51:58] /a 1
[03/08/2012 23:52:04] /a 1
[03/08/2012 23:52:06] /a 1
[03/08/2012 23:52:07] /a 1
[03/08/2012 23:52:09] /a 1
[03/08/2012 23:52:12] /a 1
[03/08/2012 23:52:15] /a 1
[03/08/2012 23:52:16] /a 1
[03/08/2012 23:52:17] /a 1
[03/08/2012 23:52:40] /i 11252
[03/08/2012 23:52:51] /a 10
[03/08/2012 23:52:52] /a 10
[03/08/2012 23:52:53] /a 10
[03/08/2012 23:52:53] /a 10
[03/08/2012 23:52:54] /a 10
[03/08/2012 23:52:56] /a 10
[03/08/2012 23:52:56] /a 10
[03/08/2012 23:52:59] /a 10
[03/08/2012 23:53:00] /a 10
[03/08/2012 23:53:01] /a 10
[03/08/2012 23:53:03] /a 10
[03/08/2012 23:53:04] /a 10
[03/08/2012 23:56:35] /a 7
[03/08/2012 23:56:54] /m bitchy hydra
[03/08/2012 23:56:55] /m bitchy hydra
[03/08/2012 23:56:56] /m bitchy hydra
[03/08/2012 23:56:58] /m bitchy hydra
[03/08/2012 23:56:59] /m bitchy hydra
[03/08/2012 23:57:06] /m rebirth freak
[03/08/2012 23:57:07] /m rebirth freak
[03/08/2012 23:57:07] /m rebirth freak
[03/08/2012 23:57:07] /m rebirth freak
[03/08/2012 23:57:07] /m rebirth freak
[03/08/2012 23:57:07] /m rebirth freak
[03/08/2012 23:57:07] /m rebirth freak
[03/08/2012 23:57:07] /m rebirth freak
[03/08/2012 23:57:37] /m rebirth freak
[03/08/2012 23:57:38] /m rebirth freak
[03/08/2012 23:57:38] /m rebirth freak
[03/08/2012 23:57:38] /m rebirth freak
[03/08/2012 23:57:38] /m rebirth freak
[03/08/2012 23:57:38] /m rebirth freak
[03/08/2012 23:57:38] /m rebirth freak
[03/08/2012 23:57:38] /m rebirth freak
[03/08/2012 23:57:38] /m rebirth freak
[03/08/2012 23:57:38] /m rebirth freak
[03/08/2012 23:57:38] /m rebirth freak
[03/08/2012 23:57:38] /m rebirth freak
[03/08/2012 23:57:38] /m rebirth freak
[03/08/2012 23:57:38] /m rebirth freak
[03/08/2012 23:57:38] /m rebirth freak
[03/08/2012 23:57:38] /m rebirth freak
[03/08/2012 23:57:38] /m rebirth freak
[03/08/2012 23:57:38] /m rebirth freak
[03/08/2012 23:57:38] /m rebirth freak
[03/08/2012 23:57:38] /m rebirth freak
[03/08/2012 23:57:38] /m rebirth freak
[03/08/2012 23:57:38] /m rebirth freak
[03/08/2012 23:57:38] /m rebirth freak
[03/08/2012 23:57:38] /m rebirth freak
[03/08/2012 23:57:39] /m rebirth freak
[03/08/2012 23:57:39] /m rebirth freak
[03/08/2012 23:57:39] /m rebirth freak
[03/08/2012 23:57:39] /m rebirth freak
[03/08/2012 23:58:59] /i donation sd
[03/08/2012 23:59:03] /m bitchy hydra
[04/08/2012 00:24:56] /a 4
[04/08/2012 00:24:58] /a 4
[04/08/2012 00:24:59] /a 4
[04/08/2012 00:25:02] /m rebirth freak
[04/08/2012 00:25:03] /m rebirth freak
[04/08/2012 00:25:04] /m rebirth freak
[04/08/2012 00:25:13] /m rebirth freak
[04/08/2012 00:25:16] /m rebirth freak
[04/08/2012 00:25:16] /m rebirth freak
[04/08/2012 00:25:17] /m rebirth freak
[04/08/2012 00:25:18] /m rebirth freak
[04/08/2012 00:25:19] /m rebirth freak
[04/08/2012 00:25:19] /m rebirth freak
[04/08/2012 00:25:19] /m rebirth freak
[04/08/2012 00:25:20] /m rebirth freak
[04/08/2012 00:25:30] /a 2
[04/08/2012 00:25:43] /i doantion spear thrower
[04/08/2012 00:25:51] /i donation spear thrower
[04/08/2012 00:26:23] /m bitchy hydra
[04/08/2012 00:26:24] /m bitchy hydra
[04/08/2012 00:26:25] /m bitchy hydra
[04/08/2012 00:26:25] /m bitchy hydra
[04/08/2012 00:26:27] /m bitchy hydra
[04/08/2012 00:26:28] /m bitchy hydra
[04/08/2012 00:26:29] /m bitchy hydra
[04/08/2012 00:26:30] /m bitchy hydra
[04/08/2012 00:26:30] /m bitchy hydra
[04/08/2012 00:26:45] /i vip coin
[04/08/2012 00:26:45] /i vip coin
[04/08/2012 00:26:45] /i vip coin
[04/08/2012 20:05:44] /attr group "6
[04/08/2012 20:05:46] /attr group "6
[04/08/2012 20:05:52] /attr group "5
[04/08/2012 20:06:36] /goto zatacka
[04/08/2012 20:07:03] /goto fixie
[04/08/2012 20:07:46] /goto zatacka
[04/08/2012 20:07:56] /c fixie
[04/08/2012 20:09:17] /goto zatacka
[04/08/2012 20:09:31] /goto zatacka
[04/08/2012 20:09:39] /up
[04/08/2012 20:09:40] /up
[04/08/2012 20:09:42] /up 2
[04/08/2012 20:09:43] /up 3
[04/08/2012 20:09:44] /up 4
[04/08/2012 20:09:45] /up 5
[04/08/2012 20:09:47] /up 6
[04/08/2012 20:09:48] /up 7
[04/08/2012 20:10:36] /attr group "4
[04/08/2012 20:11:39] /kick god lubo
[04/08/2012 20:11:55] /goto kittie
[04/08/2012 20:11:59] /goto fixie
[04/08/2012 20:12:47] /addskill fixie ,levels,717127
[04/08/2012 20:12:49] /addskill fixie ,levels,717127
[04/08/2012 20:12:49] /addskill fixie ,levels,717127
[04/08/2012 20:12:50] /addskill fixie ,levels,717127
[04/08/2012 20:12:50] /addskill fixie ,levels,717127
[04/08/2012 20:12:55] /addskill fixie ,levels,3000000
[04/08/2012 20:12:57] /addskill fixie ,levels,3000000
[04/08/2012 20:12:57] /addskill fixie ,levels,3000000
[04/08/2012 20:12:59] /addskill fixie ,levels,3000
[04/08/2012 20:13:00] /addskill fixie ,levels,3000
[04/08/2012 20:13:01] /addskill fixie ,levels,3000
[04/08/2012 20:13:01] /addskill fixie ,levels,3000
[04/08/2012 20:13:02] /addskill fixie ,levels,3000
[04/08/2012 20:13:02] /addskill fixie ,levels,3000
[04/08/2012 20:13:03] /addskill fixie ,levels,3000
[04/08/2012 20:13:04] /addskill fixie ,levels,300
[04/08/2012 20:13:05] /addskill fixie ,levels,300
[04/08/2012 20:13:05] /addskill fixie ,levels,300
[04/08/2012 20:13:06] /addskill fixie ,levels,300
[04/08/2012 20:13:07] /addskill fixie ,levels,300
[04/08/2012 20:13:14] /addskill fixie ,mlvl,100
[04/08/2012 20:13:17] /addskill fixie ,mlvl,10
[04/08/2012 20:13:19] /addskill fixie ,mlvl,10
[04/08/2012 20:13:19] /addskill fixie ,mlvl,10
[04/08/2012 20:13:20] /addskill fixie ,mlvl,10
[04/08/2012 20:13:21] /addskill fixie ,mlvl,10
[04/08/2012 20:13:22] /addskill fixie ,mlvl,10
[04/08/2012 20:13:23] /addskill fixie ,mlvl,10
[04/08/2012 20:13:23] /addskill fixie ,mlvl,10
[04/08/2012 20:13:24] /addskill fixie ,mlvl,10
[04/08/2012 20:13:24] /addskill fixie ,mlvl,10
[04/08/2012 20:13:25] /addskill fixie ,mlvl,10
[04/08/2012 20:13:26] /addskill fixie ,mlvl,10
[04/08/2012 20:13:26] /addskill fixie ,mlvl,10
[04/08/2012 20:13:27] /addskill fixie ,mlvl,10
[04/08/2012 20:13:28] /addskill fixie ,mlvl,10
[04/08/2012 20:14:09] /i 2308
[04/08/2012 20:14:22] /i 2296
[04/08/2012 20:15:22] /c zatacka
[04/08/2012 20:15:24] /c zatacka
[04/08/2012 20:15:30] /c zatacka
[04/08/2012 20:15:45] /t don razel
[04/08/2012 20:16:16] /c zatacka
[04/08/2012 20:21:33] /r
[04/08/2012 20:21:37] /r 100
[04/08/2012 20:23:37] /t
[04/08/2012 20:30:23] /up
[04/08/2012 20:30:26] /up
[04/08/2012 20:30:27] /up
[04/08/2012 20:30:29] /up
[04/08/2012 20:30:32] /up
[04/08/2012 20:30:33] /up
[04/08/2012 20:30:35] /up 2
[04/08/2012 20:30:38] /up 4
[04/08/2012 20:30:40] /up 3
[04/08/2012 20:30:43] /down 
[04/08/2012 20:30:44] /down 
[04/08/2012 20:30:46] /down
[04/08/2012 20:30:47] /down
[04/08/2012 20:30:48] /t
[04/08/2012 20:31:12] /m exp bug
[04/08/2012 20:31:17] /m bug
[04/08/2012 20:32:40] /t
[04/08/2012 20:32:46] /r
[04/08/2012 20:32:48] /r
[04/08/2012 20:32:49] /r
[04/08/2012 20:32:50] /r
[04/08/2012 20:32:52] /r 100
[04/08/2012 20:34:33] /a 8
[04/08/2012 20:34:39] /attr group "8
[04/08/2012 20:34:40] /attr group "8
[04/08/2012 20:35:39] /m rebirth freak
[04/08/2012 20:36:03] /m rebirth freak
[04/08/2012 20:36:48] /m rebirth freak
[04/08/2012 20:37:04] /a 1
[04/08/2012 20:37:05] /a 1
[04/08/2012 20:37:07] /a 1
[04/08/2012 20:37:11] /ghost
[04/08/2012 20:37:12] /a 1
[04/08/2012 20:37:14] /a 1
[04/08/2012 20:37:37] /a 2
[04/08/2012 20:37:40] /a 2
[04/08/2012 20:37:43] /a 2
[04/08/2012 20:37:51] /ghost
[04/08/2012 20:37:54] /raid
[04/08/2012 20:38:00] /raid rebirth freak
[04/08/2012 20:38:01] /raid rebirth freak
[04/08/2012 20:38:04] /raid rebirth freaks
[04/08/2012 20:38:11] /raid rat
[04/08/2012 20:38:12] /raid rats
[04/08/2012 20:38:27] /attr group "5
[04/08/2012 20:38:30] /attr group "7
[04/08/2012 20:38:37] /attr group "5
[04/08/2012 20:43:28] /goto fixie
[04/08/2012 20:44:57] /attr set name Forever Aol
[04/08/2012 20:45:07] /attr set name Forever Aol
[04/08/2012 20:45:13] /attr set name ForeverAol
[04/08/2012 20:48:50] /newtype 302
[04/08/2012 20:48:52] /newtype 309
[04/08/2012 20:49:20] /m crystal coins
[04/08/2012 20:50:24] /m manarune
[04/08/2012 20:50:29] /m mana rune
[04/08/2012 20:50:31] /m mana
[04/08/2012 20:51:02] /a 1
[04/08/2012 20:51:16] /c virus
[04/08/2012 20:51:57] /m crystal coin
[04/08/2012 20:51:59] /m crystal coins
[04/08/2012 20:52:05] /i crystal coins
[04/08/2012 20:52:07] /i crystal coin
[04/08/2012 20:52:13] /i crystal coin
[04/08/2012 20:52:13] /i crystal coin
[04/08/2012 20:52:14] /i crystal coin
[04/08/2012 20:52:14] /i crystal coin
[04/08/2012 20:52:15] /i crystal coin
[04/08/2012 20:52:34] /i crystal coin
[04/08/2012 20:52:37] /i crystal coin
[04/08/2012 20:53:18] /i crystal coin
[04/08/2012 20:53:21] /i crystal coin
[04/08/2012 20:54:07] /c virus
[04/08/2012 20:56:03] /goto zatacka
[04/08/2012 22:12:53] /t
[04/08/2012 22:12:57] /goto zatacka
[04/08/2012 22:13:24] /goto crazy sorc
[04/08/2012 22:13:29] /goto crazy sorc
[04/08/2012 22:13:30] /goto crazy sorc
[04/08/2012 22:13:31] /goto crazy sorc
[04/08/2012 22:13:32] /goto crazy sorc
[04/08/2012 22:13:32] /goto crazy sorc
[04/08/2012 22:13:33] /goto crazy sorc
[04/08/2012 22:13:34] /goto crazy sorc
[04/08/2012 22:13:34] /goto crazy sorc
[04/08/2012 22:13:35] /goto crazy sorc
[04/08/2012 22:13:36] /goto crazy sorc
[04/08/2012 22:13:37] /goto crazy sorc
[04/08/2012 22:13:38] /goto crazy sorc
[04/08/2012 22:13:38] /goto crazy sorc
[04/08/2012 22:13:39] /goto crazy sorc
[04/08/2012 22:14:17] /ghost
[04/08/2012 22:14:18] /ghost
[04/08/2012 22:14:31] /goto crazy sorc
[04/08/2012 22:14:33] /goto crazy sorc
[04/08/2012 22:14:37] /goto crazy sorc
[04/08/2012 22:14:38] /goto crazy sorc
[04/08/2012 22:14:39] /goto crazy sorc
[04/08/2012 22:15:44] /goto crazy sorc
[04/08/2012 22:15:56] /goto crazy sorc
[04/08/2012 22:16:14] /r
[04/08/2012 22:19:43] /a 1
[04/08/2012 22:19:43] /a 1
[04/08/2012 22:19:43] /a 1
[04/08/2012 22:19:43] /a 1
[04/08/2012 22:19:43] /a 1
[04/08/2012 22:19:44] /a 1
[04/08/2012 22:19:44] /a 1
[04/08/2012 22:19:44] /a 1
[04/08/2012 22:19:45] /a 1
[04/08/2012 22:19:45] /a 1
[04/08/2012 22:19:45] /a 1
[04/08/2012 22:19:45] /a 1
[04/08/2012 22:19:45] /a 1
[04/08/2012 22:19:46] /a 1
[04/08/2012 22:19:46] /a 1
[04/08/2012 22:19:46] /a 1
[04/08/2012 22:19:46] /a 1
[04/08/2012 22:19:46] /a 1
[04/08/2012 22:19:46] /a 1
[04/08/2012 22:19:46] /a 1
[04/08/2012 22:19:46] /a 1
[04/08/2012 22:19:48] /a 1
[04/08/2012 22:19:48] /a 1
[04/08/2012 22:19:48] /a 1
[04/08/2012 22:19:48] /a 1
[04/08/2012 22:19:48] /a 1
[04/08/2012 22:19:49] /a 1
[04/08/2012 22:19:49] /a 1
[04/08/2012 22:19:49] /a 1
[04/08/2012 22:19:49] /a 1
[04/08/2012 22:19:49] /a 1
[04/08/2012 22:19:49] /a 1
[04/08/2012 22:19:49] /a 1
[04/08/2012 22:19:49] /a 1
[04/08/2012 22:19:49] /a 1
[04/08/2012 22:19:49] /a 1
[04/08/2012 22:19:49] /a 1
[04/08/2012 22:19:49] /a 1
[04/08/2012 22:19:50] /a 1
[04/08/2012 22:19:50] /a 1
[04/08/2012 22:19:50] /a 1
[04/08/2012 22:19:50] /a 1
[04/08/2012 22:19:50] /a 1
[04/08/2012 22:19:50] /a 1
[04/08/2012 22:19:50] /a 1
[04/08/2012 22:19:50] /a 1
[04/08/2012 22:19:50] /a 1
[04/08/2012 22:19:51] /a 1
[04/08/2012 22:19:51] /a 1
[04/08/2012 22:19:51] /a 1
[04/08/2012 22:19:51] /a 1
[04/08/2012 22:19:51] /a 1
[04/08/2012 22:19:51] /a 1
[04/08/2012 22:19:51] /a 1
[04/08/2012 22:19:51] /a 1
[04/08/2012 22:19:51] /a 1
[04/08/2012 22:19:51] /a 1
[04/08/2012 22:19:51] /a 1
[04/08/2012 22:19:51] /a 1
[04/08/2012 22:19:52] /a 1
[04/08/2012 22:19:52] /a 1
[04/08/2012 22:19:52] /a 1
[04/08/2012 22:19:52] /a 1
[04/08/2012 22:19:52] /a 1
[04/08/2012 22:19:52] /a 1
[04/08/2012 22:19:52] /a 1
[04/08/2012 22:19:52] /a 1
[04/08/2012 22:19:52] /a 1
[04/08/2012 22:19:52] /a 1
[04/08/2012 22:19:52] /a 1
[04/08/2012 22:19:52] /a 1
[04/08/2012 22:19:52] /a 1
[04/08/2012 22:19:52] /a 1
[04/08/2012 22:19:52] /a 1
[04/08/2012 22:19:53] /a 1
[04/08/2012 22:19:53] /a 1
[04/08/2012 22:19:53] /a 1
[04/08/2012 22:19:53] /a 1
[04/08/2012 22:19:53] /a 1
[04/08/2012 22:19:53] /a 1
[04/08/2012 22:19:53] /a 1
[04/08/2012 22:19:53] /a 1
[04/08/2012 22:19:53] /a 1
[04/08/2012 22:19:53] /a 1
[04/08/2012 22:19:53] /a 1
[04/08/2012 22:19:53] /a 1
[04/08/2012 22:19:53] /a 1
[04/08/2012 22:19:53] /a 1
[04/08/2012 22:19:53] /a 1
[04/08/2012 22:19:53] /a 1
[04/08/2012 22:19:53] /a 1
[04/08/2012 22:19:53] /a 1
[04/08/2012 22:19:53] /a 1
[04/08/2012 22:19:53] /a 1
[04/08/2012 22:19:53] /a 1
[04/08/2012 22:19:53] /a 1
[04/08/2012 22:19:54] /a 1
[04/08/2012 22:19:54] /a 1
[04/08/2012 22:19:54] /a 1
[04/08/2012 22:19:54] /a 1
[04/08/2012 22:19:54] /a 1
[04/08/2012 22:19:54] /a 1
[04/08/2012 22:19:54] /a 1
[04/08/2012 22:19:54] /a 1
[04/08/2012 22:19:54] /a 1
[04/08/2012 22:19:54] /a 1
[04/08/2012 22:19:54] /a 1
[04/08/2012 22:19:54] /a 1
[04/08/2012 22:19:54] /a 1
[04/08/2012 22:19:54] /a 1
[04/08/2012 22:19:54] /a 1
[04/08/2012 22:19:54] /a 1
[04/08/2012 22:19:54] /a 1
[04/08/2012 22:19:54] /a 1
[04/08/2012 22:19:54] /a 1
[04/08/2012 22:19:54] /a 1
[04/08/2012 22:19:54] /a 1
[04/08/2012 22:19:54] /a 1
[04/08/2012 22:19:54] /a 1
[04/08/2012 22:19:54] /a 1
[04/08/2012 22:19:54] /a 1
[04/08/2012 22:19:54] /a 1
[04/08/2012 22:19:55] /a 1
[04/08/2012 22:19:55] /a 1
[04/08/2012 22:19:55] /a 1
[04/08/2012 22:19:55] /a 1
[04/08/2012 22:19:55] /a 1
[04/08/2012 22:19:55] /a 1
[04/08/2012 22:19:55] /a 1
[04/08/2012 22:19:55] /a 1
[04/08/2012 22:19:55] /a 1
[04/08/2012 22:19:55] /a 1
[04/08/2012 22:19:55] /a 1
[04/08/2012 22:19:55] /a 1
[04/08/2012 22:19:55] /a 1
[04/08/2012 22:19:55] /a 1
[04/08/2012 22:19:55] /a 1
[04/08/2012 22:19:55] /a 1
[04/08/2012 22:19:55] /a 1
[04/08/2012 22:19:55] /a 1
[04/08/2012 22:19:55] /a 1
[04/08/2012 22:19:55] /a 1
[04/08/2012 22:19:55] /a 1
[04/08/2012 22:19:55] /a 1
[04/08/2012 22:19:55] /a 1
[04/08/2012 22:19:55] /a 1
[04/08/2012 22:19:55] /a 1
[04/08/2012 22:19:55] /a 1
[04/08/2012 22:19:56] /a 1
[04/08/2012 22:19:56] /a 1
[04/08/2012 22:19:56] /a 1
[04/08/2012 22:19:56] /a 1
[04/08/2012 22:19:56] /a 1
[04/08/2012 22:19:56] /a 1
[04/08/2012 22:19:56] /a 1
[04/08/2012 22:19:56] /a 1
[04/08/2012 22:19:56] /a 1
[04/08/2012 22:19:56] /a 1
[04/08/2012 22:19:56] /a 1
[04/08/2012 22:19:56] /a 1
[04/08/2012 22:19:56] /a 1
[04/08/2012 22:19:56] /a 1
[04/08/2012 22:19:56] /a 1
[04/08/2012 22:19:56] /a 1
[04/08/2012 22:19:56] /a 1
[04/08/2012 22:19:56] /a 1
[04/08/2012 22:19:56] /a 1
[04/08/2012 22:19:56] /a 1
[04/08/2012 22:19:56] /a 1
[04/08/2012 22:19:56] /a 1
[04/08/2012 22:19:56] /a 1
[04/08/2012 22:19:57] /a 1
[04/08/2012 22:19:57] /a 1
[04/08/2012 22:19:57] /a 1
[04/08/2012 22:19:57] /a 1
[04/08/2012 22:19:57] /a 1
[04/08/2012 22:19:57] /a 1
[04/08/2012 22:19:57] /a 1
[04/08/2012 22:19:57] /a 1
[04/08/2012 22:19:57] /a 1
[04/08/2012 22:19:57] /a 1
[04/08/2012 22:19:57] /a 1
[04/08/2012 22:19:57] /a 1
[04/08/2012 22:19:57] /a 1
[04/08/2012 22:19:57] /a 1
[04/08/2012 22:19:57] /a 1
[04/08/2012 22:19:57] /a 1
[04/08/2012 22:19:57] /a 1
[04/08/2012 22:19:57] /a 1
[04/08/2012 22:19:57] /a 1
[04/08/2012 22:19:57] /a 1
[04/08/2012 22:19:57] /a 1
[04/08/2012 22:19:57] /a 1
[04/08/2012 22:19:57] /a 1
[04/08/2012 22:19:57] /a 1
[04/08/2012 22:19:57] /a 1
[04/08/2012 22:19:58] /a 1
[04/08/2012 22:19:58] /a 1
[04/08/2012 22:19:58] /a 1
[04/08/2012 22:19:58] /a 1
[04/08/2012 22:19:58] /a 1
[04/08/2012 22:19:58] /a 1
[04/08/2012 22:19:58] /a 1
[04/08/2012 22:19:58] /a 1
[04/08/2012 22:19:58] /a 1
[04/08/2012 22:19:58] /a 1
[04/08/2012 22:19:58] /a 1
[04/08/2012 22:19:58] /a 1
[04/08/2012 22:19:58] /a 1
[04/08/2012 22:19:58] /a 1
[04/08/2012 22:19:58] /a 1
[04/08/2012 22:19:58] /a 1
[04/08/2012 22:19:58] /a 1
[04/08/2012 22:19:58] /a 1
[04/08/2012 22:19:58] /a 1
[04/08/2012 22:19:58] /a 1
[04/08/2012 22:19:58] /a 1
[04/08/2012 22:19:58] /a 1
[04/08/2012 22:19:58] /a 1
[04/08/2012 22:19:58] /a 1
[04/08/2012 22:19:58] /a 1
[04/08/2012 22:19:58] /a 1
[04/08/2012 22:19:58] /a 1
[04/08/2012 22:19:58] /a 1
[04/08/2012 22:19:58] /a 1
[04/08/2012 22:19:58] /a 1
[04/08/2012 22:19:58] /a 1
[04/08/2012 22:19:58] /a 1
[04/08/2012 22:19:58] /a 1
[04/08/2012 22:19:58] /a 1
[04/08/2012 22:19:58] /a 1
[04/08/2012 22:19:58] /a 1
[04/08/2012 22:19:58] /a 1
[04/08/2012 22:19:58] /a 1
[04/08/2012 22:19:58] /a 1
[04/08/2012 22:19:58] /a 1
[04/08/2012 22:19:58] /a 1
[04/08/2012 22:19:58] /a 1
[04/08/2012 22:19:58] /a 1
[04/08/2012 22:19:58] /a 1
[04/08/2012 22:19:58] /a 1
[04/08/2012 22:19:58] /a 1
[04/08/2012 22:19:59] /a 1
[04/08/2012 22:19:59] /a 1
[04/08/2012 22:19:59] /a 1
[04/08/2012 22:19:59] /a 1
[04/08/2012 22:19:59] /a 1
[04/08/2012 22:19:59] /a 1
[04/08/2012 22:19:59] /a 1
[04/08/2012 22:19:59] /a 1
[04/08/2012 22:19:59] /a 1
[04/08/2012 22:19:59] /a 1
[04/08/2012 22:19:59] /a 1
[04/08/2012 22:20:00] /a 1
[04/08/2012 22:20:00] /a 1
[04/08/2012 22:20:00] /a 1
[04/08/2012 22:20:01] /a 1
[04/08/2012 22:20:01] /a 1
[04/08/2012 22:20:01] /a 1
[04/08/2012 22:20:01] /a 1
[04/08/2012 22:20:01] /a 1
[04/08/2012 22:20:01] /a 1
[04/08/2012 22:20:01] /a 1
[04/08/2012 22:20:01] /a 1
[04/08/2012 22:20:01] /a 1
[04/08/2012 22:20:01] /a 1
[04/08/2012 22:20:01] /a 1
[04/08/2012 22:20:01] /a 1
[04/08/2012 22:20:01] /a 1
[04/08/2012 22:20:01] /a 1
[04/08/2012 22:20:01] /a 1
[04/08/2012 22:20:01] /a 1
[04/08/2012 22:20:01] /a 1
[04/08/2012 22:20:01] /a 1
[04/08/2012 22:20:01] /a 1
[04/08/2012 22:20:01] /a 1
[04/08/2012 22:20:01] /a 1
[04/08/2012 22:20:01] /a 1
[04/08/2012 22:20:01] /a 1
[04/08/2012 22:20:02] /a 1
[04/08/2012 22:20:02] /a 1
[04/08/2012 22:20:02] /a 1
[04/08/2012 22:20:02] /a 1
[04/08/2012 22:20:03] /a 1
[04/08/2012 22:20:03] /a 1
[04/08/2012 22:20:03] /a 1
[04/08/2012 22:20:03] /a 1
[04/08/2012 22:20:04] /a 1
[04/08/2012 22:20:04] /a 1
[04/08/2012 22:20:04] /a 1
[04/08/2012 22:20:04] /a 1
[04/08/2012 22:20:04] /a 1
[04/08/2012 22:20:17] /i vip medal
[04/08/2012 22:21:19] /a 2
[04/08/2012 22:44:51] /a 1
[04/08/2012 22:44:53] /a 1
[04/08/2012 22:44:53] /a 1
[04/08/2012 22:44:53] /a 1
[04/08/2012 22:44:53] /a 1
[04/08/2012 22:44:53] /a 1
[04/08/2012 22:44:53] /a 1
[04/08/2012 22:44:53] /a 1
[04/08/2012 22:44:53] /a 1
[04/08/2012 22:44:53] /a 1
[04/08/2012 22:44:53] /a 1
[04/08/2012 22:44:53] /a 1
[04/08/2012 22:44:53] /a 1
[04/08/2012 22:44:53] /a 1
[04/08/2012 22:44:53] /a 1
[04/08/2012 22:44:54] /a 1
[04/08/2012 22:44:54] /a 1
[04/08/2012 22:44:54] /a 1
[04/08/2012 22:44:54] /a 1
[04/08/2012 22:44:54] /a 1
[04/08/2012 22:44:56] /a 1
[04/08/2012 22:44:56] /a 1
[04/08/2012 22:44:57] /a 1
[04/08/2012 22:44:57] /a 1
[04/08/2012 22:44:57] /a 1
[04/08/2012 22:44:57] /a 1
[04/08/2012 22:44:57] /a 1
[04/08/2012 22:44:57] /a 1
[04/08/2012 22:44:57] /a 1
[04/08/2012 22:44:57] /a 1
[04/08/2012 22:44:58] /a 1
[04/08/2012 22:44:59] /a 1
[04/08/2012 22:44:59] /a 1
[04/08/2012 22:45:03] /a 1
[04/08/2012 22:45:03] /a 1
[04/08/2012 22:45:03] /a 1
[04/08/2012 22:45:03] /a 1
[04/08/2012 22:45:03] /a 1
[04/08/2012 22:45:04] /a 1
[04/08/2012 22:45:04] /a 1
[04/08/2012 22:45:04] /a 1
[04/08/2012 22:45:04] /a 1
[04/08/2012 22:45:04] /a 1
[04/08/2012 22:45:04] /a 1
[04/08/2012 22:45:04] /a 1
[04/08/2012 22:45:04] /a 1
[04/08/2012 22:45:04] /a 1
[04/08/2012 22:45:04] /a 1
[04/08/2012 22:45:04] /a 1
[04/08/2012 22:45:04] /a 1
[04/08/2012 22:45:04] /a 1
[04/08/2012 22:45:04] /a 1
[04/08/2012 22:45:04] /a 1
[04/08/2012 22:45:04] /a 1
[04/08/2012 22:45:04] /a 1
[04/08/2012 22:45:04] /a 1
[04/08/2012 22:45:04] /a 1
[04/08/2012 22:45:04] /a 1
[04/08/2012 22:45:04] /a 1
[04/08/2012 22:45:04] /a 1
[04/08/2012 22:45:04] /a 1
[04/08/2012 22:45:04] /a 1
[04/08/2012 22:45:05] /a 1
[04/08/2012 22:45:05] /a 1
[04/08/2012 22:45:05] /a 1
[04/08/2012 22:45:05] /a 1
[04/08/2012 22:45:05] /a 1
[04/08/2012 22:45:05] /a 1
[04/08/2012 22:45:05] /a 1
[04/08/2012 22:45:05] /a 1
[04/08/2012 22:45:05] /a 1
[04/08/2012 22:45:05] /a 1
[04/08/2012 22:45:05] /a 1
[04/08/2012 22:45:05] /a 1
[04/08/2012 22:45:05] /a 1
[04/08/2012 22:45:05] /a 1
[04/08/2012 22:45:05] /a 1
[04/08/2012 22:45:05] /a 1
[04/08/2012 22:45:05] /a 1
[04/08/2012 22:45:05] /a 1
[04/08/2012 22:45:05] /a 1
[04/08/2012 22:45:05] /a 1
[04/08/2012 22:45:05] /a 1
[04/08/2012 22:45:05] /a 1
[04/08/2012 22:45:05] /a 1
[04/08/2012 22:45:05] /a 1
[04/08/2012 22:45:05] /a 1
[04/08/2012 22:45:05] /a 1
[04/08/2012 22:45:05] /a 1
[04/08/2012 22:45:05] /a 1
[04/08/2012 22:45:05] /a 1
[04/08/2012 22:45:05] /a 1
[04/08/2012 22:45:05] /a 1
[04/08/2012 22:45:06] /a 1
[04/08/2012 22:45:06] /a 1
[04/08/2012 22:45:06] /a 1
[04/08/2012 22:45:06] /a 1
[04/08/2012 22:45:06] /a 1
[04/08/2012 22:45:06] /a 1
[04/08/2012 22:45:06] /a 1
[04/08/2012 22:45:06] /a 1
[04/08/2012 22:45:06] /a 1
[04/08/2012 22:45:06] /a 1
[04/08/2012 22:45:06] /a 1
[04/08/2012 22:45:06] /a 1
[04/08/2012 22:45:06] /a 1
[04/08/2012 22:45:06] /a 1
[04/08/2012 22:45:06] /a 1
[04/08/2012 22:45:06] /a 1
[04/08/2012 22:45:06] /a 1
[04/08/2012 22:45:06] /a 1
[04/08/2012 22:45:06] /a 1
[04/08/2012 22:45:06] /a 1
[04/08/2012 22:45:06] /a 1
[04/08/2012 22:45:06] /a 1
[04/08/2012 22:45:06] /a 1
[04/08/2012 22:45:06] /a 1
[04/08/2012 22:45:06] /a 1
[04/08/2012 22:45:07] /a 1
[04/08/2012 22:45:07] /a 1
[04/08/2012 22:45:07] /a 1
[04/08/2012 22:45:07] /a 1
[04/08/2012 22:45:07] /a 1
[04/08/2012 22:45:07] /a 1
[04/08/2012 22:45:07] /a 1
[04/08/2012 22:45:07] /a 1
[04/08/2012 22:45:07] /a 1
[04/08/2012 22:45:07] /a 1
[04/08/2012 22:45:07] /a 1
[04/08/2012 22:45:07] /a 1
[04/08/2012 22:45:07] /a 1
[04/08/2012 22:45:07] /a 1
[04/08/2012 22:45:07] /a 1
[04/08/2012 22:45:07] /a 1
[04/08/2012 22:45:07] /a 1
[04/08/2012 22:45:07] /a 1
[04/08/2012 22:45:07] /a 1
[04/08/2012 22:45:07] /a 1
[04/08/2012 22:45:07] /a 1
[04/08/2012 22:45:07] /a 1
[04/08/2012 22:45:07] /a 1
[04/08/2012 22:45:07] /a 1
[04/08/2012 22:45:07] /a 1
[04/08/2012 22:45:07] /a 1
[04/08/2012 22:45:07] /a 1
[04/08/2012 22:45:08] /a 1
[04/08/2012 22:45:08] /a 1
[04/08/2012 22:45:08] /a 1
[04/08/2012 22:45:08] /a 1
[04/08/2012 22:45:08] /a 1
[04/08/2012 22:45:08] /a 1
[04/08/2012 22:45:08] /a 1
[04/08/2012 22:45:08] /a 1
[04/08/2012 22:45:08] /a 1
[04/08/2012 22:45:08] /a 1
[04/08/2012 22:45:08] /a 1
[04/08/2012 22:45:08] /a 1
[04/08/2012 22:45:08] /a 1
[04/08/2012 22:45:08] /a 1
[04/08/2012 22:45:08] /a 1
[04/08/2012 22:45:08] /a 1
[04/08/2012 22:45:08] /a 1
[04/08/2012 22:45:08] /a 1
[04/08/2012 22:45:08] /a 1
[04/08/2012 22:45:08] /a 1
[04/08/2012 22:45:08] /a 1
[04/08/2012 22:45:08] /a 1
[04/08/2012 22:45:08] /a 1
[04/08/2012 22:45:08] /a 1
[04/08/2012 22:45:08] /a 1
[04/08/2012 22:45:08] /a 1
[04/08/2012 22:45:08] /a 1
[04/08/2012 22:45:08] /a 1
[04/08/2012 22:45:09] /a 1
[04/08/2012 22:45:09] /a 1
[04/08/2012 22:45:09] /a 1
[04/08/2012 22:45:09] /a 1
[04/08/2012 22:45:09] /a 1
[04/08/2012 22:45:09] /a 1
[04/08/2012 22:45:09] /a 1
[04/08/2012 22:45:09] /a 1
[04/08/2012 22:45:09] /a 1
[04/08/2012 22:45:09] /a 1
[04/08/2012 22:45:09] /a 1
[04/08/2012 22:45:09] /a 1
[04/08/2012 22:45:09] /a 1
[04/08/2012 22:45:09] /a 1
[04/08/2012 22:45:09] /a 1
[04/08/2012 22:45:09] /a 1
[04/08/2012 22:45:09] /a 1
[04/08/2012 22:45:09] /a 1
[04/08/2012 22:45:09] /a 1
[04/08/2012 22:45:09] /a 1
[04/08/2012 22:45:09] /a 1
[04/08/2012 22:45:09] /a 1
[04/08/2012 22:45:09] /a 1
[04/08/2012 22:45:10] /a 1
[04/08/2012 22:45:10] /a 1
[04/08/2012 22:45:10] /a 1
[04/08/2012 22:45:10] /a 1
[04/08/2012 22:45:10] /a 1
[04/08/2012 22:45:10] /a 1
[04/08/2012 22:45:10] /a 1
[04/08/2012 22:45:10] /a 1
[04/08/2012 22:45:10] /a 1
[04/08/2012 22:45:10] /a 1
[04/08/2012 22:45:10] /a 1
[04/08/2012 22:45:10] /a 1
[04/08/2012 22:45:10] /a 1
[04/08/2012 22:45:10] /a 1
[04/08/2012 22:45:10] /a 1
[04/08/2012 22:45:10] /a 1
[04/08/2012 22:45:10] /a 1
[04/08/2012 22:45:10] /a 1
[04/08/2012 22:45:10] /a 1
[04/08/2012 22:45:10] /a 1
[04/08/2012 22:45:11] /a 1
[04/08/2012 22:45:11] /a 1
[04/08/2012 22:45:11] /a 1
[04/08/2012 22:45:11] /a 1
[04/08/2012 22:45:11] /a 1
[04/08/2012 22:45:11] /a 1
[04/08/2012 22:45:11] /a 1
[04/08/2012 22:45:11] /a 1
[04/08/2012 22:45:11] /a 1
[04/08/2012 22:45:11] /a 1
[04/08/2012 22:45:11] /a 1
[04/08/2012 22:45:11] /a 1
[04/08/2012 22:45:11] /a 1
[04/08/2012 22:45:11] /a 1
[04/08/2012 22:45:11] /a 1
[04/08/2012 22:45:11] /a 1
[04/08/2012 22:45:11] /a 1
[04/08/2012 22:45:11] /a 1
[04/08/2012 22:45:11] /a 1
[04/08/2012 22:45:11] /a 1
[04/08/2012 22:45:11] /a 1
[04/08/2012 22:45:11] /a 1
[04/08/2012 22:45:11] /a 1
[04/08/2012 22:45:11] /a 1
[04/08/2012 22:45:11] /a 1
[04/08/2012 22:45:11] /a 1
[04/08/2012 22:45:11] /a 1
[04/08/2012 22:45:12] /a 1
[04/08/2012 22:45:12] /a 1
[04/08/2012 22:45:12] /a 1
[04/08/2012 22:45:12] /a 1
[04/08/2012 22:45:12] /a 1
[04/08/2012 22:45:12] /a 1
[04/08/2012 22:45:12] /a 1
[04/08/2012 22:45:12] /a 1
[04/08/2012 22:45:12] /a 1
[04/08/2012 22:45:12] /a 1
[04/08/2012 22:45:12] /a 1
[04/08/2012 22:45:12] /a 1
[04/08/2012 22:45:12] /a 1
[04/08/2012 22:45:12] /a 1
[04/08/2012 22:45:12] /a 1
[04/08/2012 22:45:12] /a 1
[04/08/2012 22:45:12] /a 1
[04/08/2012 22:45:12] /a 1
[04/08/2012 22:45:12] /a 1
[04/08/2012 22:45:12] /a 1
[04/08/2012 22:45:12] /a 1
[04/08/2012 22:45:12] /a 1
[04/08/2012 22:45:12] /a 1
[04/08/2012 22:45:12] /a 1
[04/08/2012 22:45:12] /a 1
[04/08/2012 22:45:12] /a 1
[04/08/2012 22:45:12] /a 1
[04/08/2012 22:45:12] /a 1
[04/08/2012 22:45:13] /a 1
[04/08/2012 22:45:13] /a 1
[04/08/2012 22:45:13] /a 1
[04/08/2012 22:45:13] /a 1
[04/08/2012 22:45:13] /a 1
[04/08/2012 22:45:13] /a 1
[04/08/2012 22:45:13] /a 1
[04/08/2012 22:45:13] /a 1
[04/08/2012 22:45:13] /a 1
[04/08/2012 22:45:13] /a 1
[04/08/2012 22:45:13] /a 1
[04/08/2012 22:45:13] /a 1
[04/08/2012 22:45:13] /a 1
[04/08/2012 22:45:13] /a 1
[04/08/2012 22:45:13] /a 1
[04/08/2012 22:45:13] /a 1
[04/08/2012 22:45:13] /a 1
[04/08/2012 22:45:13] /a 1
[04/08/2012 22:45:13] /a 1
[04/08/2012 22:45:13] /a 1
[04/08/2012 22:45:13] /a 1
[04/08/2012 22:45:13] /a 1
[04/08/2012 22:45:13] /a 1
[04/08/2012 22:45:13] /a 1
[04/08/2012 22:45:13] /a 1
[04/08/2012 22:45:13] /a 1
[04/08/2012 22:45:13] /a 1
[04/08/2012 22:45:14] /a 1
[04/08/2012 22:45:14] /a 1
[04/08/2012 22:45:14] /a 1
[04/08/2012 22:45:14] /a 1
[04/08/2012 22:45:14] /a 1
[04/08/2012 22:45:14] /a 1
[04/08/2012 22:45:14] /a 1
[04/08/2012 22:45:14] /a 1
[04/08/2012 22:45:14] /a 1
[04/08/2012 22:45:14] /a 1
[04/08/2012 22:45:14] /a 1
[04/08/2012 22:45:14] /a 1
[04/08/2012 22:45:14] /a 1
[04/08/2012 22:45:14] /a 1
[04/08/2012 22:45:14] /a 1
[04/08/2012 22:45:14] /a 1
[04/08/2012 22:45:14] /a 1
[04/08/2012 22:45:14] /a 1
[04/08/2012 22:45:14] /a 1
[04/08/2012 22:45:14] /a 1
[04/08/2012 22:45:14] /a 1
[04/08/2012 22:45:14] /a 1
[04/08/2012 22:45:14] /a 1
[04/08/2012 22:45:14] /a 1
[04/08/2012 22:45:14] /a 1
[04/08/2012 22:45:14] /a 1
[04/08/2012 22:45:14] /a 1
[04/08/2012 22:45:14] /a 1
[04/08/2012 22:45:14] /a 1
[04/08/2012 22:45:14] /a 1
[04/08/2012 22:45:15] /a 1
[04/08/2012 22:45:15] /a 1
[04/08/2012 22:45:15] /a 1
[04/08/2012 22:45:15] /a 1
[04/08/2012 22:45:15] /a 1
[04/08/2012 22:45:15] /a 1
[04/08/2012 22:45:15] /a 1
[04/08/2012 22:45:15] /a 1
[04/08/2012 22:45:15] /a 1
[04/08/2012 22:45:15] /a 1
[04/08/2012 22:45:15] /a 1
[04/08/2012 22:45:15] /a 1
[04/08/2012 22:45:15] /a 1
[04/08/2012 22:45:15] /a 1
[04/08/2012 22:45:15] /a 1
[04/08/2012 22:45:15] /a 1
[04/08/2012 22:45:15] /a 1
[04/08/2012 22:45:15] /a 1
[04/08/2012 22:45:15] /a 1
[04/08/2012 22:45:15] /a 1
[04/08/2012 22:45:15] /a 1
[04/08/2012 22:45:15] /a 1
[04/08/2012 22:45:15] /a 1
[04/08/2012 22:45:15] /a 1
[04/08/2012 22:45:15] /a 1
[04/08/2012 22:45:15] /a 1
[04/08/2012 22:45:15] /a 1
[04/08/2012 22:45:16] /a 1
[04/08/2012 22:45:16] /a 1
[04/08/2012 22:45:16] /a 1
[04/08/2012 22:45:16] /a 1
[04/08/2012 22:45:16] /a 1
[04/08/2012 22:45:16] /a 1
[04/08/2012 22:45:16] /a 1
[04/08/2012 22:45:16] /a 1
[04/08/2012 22:45:16] /a 1
[04/08/2012 22:45:16] /a 1
[04/08/2012 22:45:16] /a 1
[04/08/2012 22:45:18] /a 1
[04/08/2012 22:45:19] /a 1
[04/08/2012 22:45:19] /a 1
[04/08/2012 22:45:21] /a 1
[04/08/2012 22:45:21] /a 1
[04/08/2012 22:45:21] /a 1
[04/08/2012 22:45:21] /a 1
[04/08/2012 22:45:21] /a 1
[04/08/2012 22:45:21] /a 1
[04/08/2012 22:45:21] /a 1
[04/08/2012 22:45:21] /a 1
[04/08/2012 22:45:21] /a 1
[04/08/2012 22:45:21] /a 1
[04/08/2012 22:45:22] /a 1
[04/08/2012 22:45:22] /a 1
[04/08/2012 22:45:22] /a 1
[04/08/2012 22:45:22] /a 1
[04/08/2012 22:45:22] /a 1
[04/08/2012 22:45:22] /a 1
[04/08/2012 22:45:22] /a 1
[04/08/2012 22:45:22] /a 1
[04/08/2012 22:45:22] /a 1
[04/08/2012 22:45:22] /a 1
[04/08/2012 22:45:23] /a 1
[04/08/2012 22:45:23] /a 1
[04/08/2012 22:45:23] /a 1
[04/08/2012 22:45:23] /a 1
[04/08/2012 22:45:23] /a 1
[04/08/2012 22:45:23] /a 1
[04/08/2012 22:45:23] /a 1
[04/08/2012 22:45:23] /a 1
[04/08/2012 22:45:23] /a 1
[04/08/2012 22:45:23] /a 1
[04/08/2012 22:45:23] /a 1
[04/08/2012 22:45:23] /a 1
[04/08/2012 22:45:23] /a 1
[04/08/2012 22:45:23] /a 1
[04/08/2012 22:45:23] /a 1
[04/08/2012 22:45:23] /a 1
[04/08/2012 22:45:23] /a 1
[04/08/2012 22:45:23] /a 1
[04/08/2012 22:45:23] /a 1
[04/08/2012 22:45:23] /a 1
[04/08/2012 22:45:23] /a 1
[04/08/2012 22:45:23] /a 1
[04/08/2012 22:45:23] /a 1
[04/08/2012 22:45:23] /a 1
[04/08/2012 22:45:23] /a 1
[04/08/2012 22:45:23] /a 1
[04/08/2012 22:45:24] /a 1
[04/08/2012 22:45:24] /a 1
[04/08/2012 22:45:24] /a 1
[04/08/2012 22:45:24] /a 1
[04/08/2012 22:45:24] /a 1
[04/08/2012 22:45:24] /a 1
[04/08/2012 22:45:24] /a 1
[04/08/2012 22:45:24] /a 1
[04/08/2012 22:45:24] /a 1
[04/08/2012 22:45:24] /a 1
[04/08/2012 22:45:24] /a 1
[04/08/2012 22:45:24] /a 1
[04/08/2012 22:45:24] /a 1
[04/08/2012 22:45:24] /a 1
[04/08/2012 22:45:24] /a 1
[04/08/2012 22:45:24] /a 1
[04/08/2012 22:45:24] /a 1
[04/08/2012 22:45:24] /a 1
[04/08/2012 22:45:24] /a 1
[04/08/2012 22:45:24] /a 1
[04/08/2012 22:45:24] /a 1
[04/08/2012 22:45:24] /a 1
[04/08/2012 22:45:24] /a 1
[04/08/2012 22:45:24] /a 1
[04/08/2012 22:45:24] /a 1
[04/08/2012 22:45:24] /a 1
[04/08/2012 22:45:24] /a 1
[04/08/2012 22:45:24] /a 1
[04/08/2012 22:45:24] /a 1
[04/08/2012 22:45:24] /a 1
[04/08/2012 22:45:25] /a 1
[04/08/2012 22:45:25] /a 1
[04/08/2012 22:45:25] /a 1
[04/08/2012 22:45:25] /a 1
[04/08/2012 22:45:25] /a 1
[04/08/2012 22:45:25] /a 1
[04/08/2012 22:45:25] /a 1
[04/08/2012 22:45:25] /a 1
[04/08/2012 22:45:25] /a 1
[04/08/2012 22:45:25] /a 1
[04/08/2012 22:45:25] /a 1
[04/08/2012 22:45:26] /a 1
[04/08/2012 22:45:26] /a 1
[04/08/2012 22:45:26] /a 1
[04/08/2012 22:45:26] /a 1
[04/08/2012 22:45:26] /a 1
[04/08/2012 22:45:26] /a 1
[04/08/2012 22:45:27] /a 1
[04/08/2012 22:45:27] /a 1
[04/08/2012 22:45:27] /a 1
[04/08/2012 22:45:27] /a 1
[04/08/2012 22:45:27] /a 1
[04/08/2012 22:45:27] /a 1
[04/08/2012 22:45:27] /a 1
[04/08/2012 22:45:27] /a 1
[04/08/2012 22:45:27] /a 1
[04/08/2012 22:45:27] /a 1
[04/08/2012 22:45:27] /a 1
[04/08/2012 22:45:27] /a 1
[04/08/2012 22:45:27] /a 1
[04/08/2012 22:45:27] /a 1
[04/08/2012 22:45:27] /a 1
[04/08/2012 22:45:27] /a 1
[04/08/2012 22:45:27] /a 1
[04/08/2012 22:45:27] /a 1
[04/08/2012 22:45:27] /a 1
[04/08/2012 22:45:27] /a 1
[04/08/2012 22:45:27] /a 1
[04/08/2012 22:45:27] /a 1
[04/08/2012 22:45:27] /a 1
[04/08/2012 22:45:27] /a 1
[04/08/2012 22:45:27] /a 1
[04/08/2012 22:45:27] /a 1
[04/08/2012 22:45:27] /a 1
[04/08/2012 22:45:27] /a 1
[04/08/2012 22:45:28] /a 1
[04/08/2012 22:45:28] /a 1
[04/08/2012 22:45:28] /a 1
[04/08/2012 22:45:28] /a 1
[04/08/2012 22:45:28] /a 1
[04/08/2012 22:45:28] /a 1
[04/08/2012 22:45:28] /a 1
[04/08/2012 22:45:28] /a 1
[04/08/2012 22:45:28] /a 1
[04/08/2012 22:45:28] /a 1
[04/08/2012 22:45:28] /a 1
[04/08/2012 22:45:28] /a 1
[04/08/2012 22:45:34] /a 2
[04/08/2012 22:45:39] /a 4
[04/08/2012 22:45:41] /a 5
[04/08/2012 22:45:43] /a 1
[04/08/2012 22:45:43] /a 1
[04/08/2012 22:45:44] /a 1
[04/08/2012 22:45:44] /a 1
[04/08/2012 22:45:44] /a 1
[04/08/2012 22:45:44] /a 1
[04/08/2012 22:45:44] /a 1
[04/08/2012 22:45:44] /a 1
[04/08/2012 22:45:44] /a 1
[04/08/2012 22:45:44] /a 1
[04/08/2012 22:45:44] /a 1
[04/08/2012 22:45:44] /a 1
[04/08/2012 22:45:44] /a 1
[04/08/2012 22:45:44] /a 1
[04/08/2012 22:45:44] /a 1
[04/08/2012 22:45:44] /a 1
[04/08/2012 22:45:45] /a 1
[04/08/2012 22:45:45] /a 1
[04/08/2012 22:45:45] /a 1
[04/08/2012 22:45:45] /a 1
[04/08/2012 22:45:45] /a 1
[04/08/2012 22:45:46] /a 1
[04/08/2012 22:45:46] /a 1
[04/08/2012 22:45:46] /a 1
[04/08/2012 22:45:46] /a 1
[04/08/2012 22:45:46] /a 1
[04/08/2012 22:45:46] /a 1
[04/08/2012 22:45:46] /a 1
[04/08/2012 22:45:46] /a 1
[04/08/2012 22:45:46] /a 1
[04/08/2012 22:45:46] /a 1
[04/08/2012 22:45:46] /a 1
[04/08/2012 22:45:46] /a 1
[04/08/2012 22:45:46] /a 1
[04/08/2012 22:45:46] /a 1
[04/08/2012 22:45:46] /a 1
[04/08/2012 22:45:46] /a 1
[04/08/2012 22:45:46] /a 1
[04/08/2012 22:45:46] /a 1
[04/08/2012 22:45:46] /a 1
[04/08/2012 22:45:46] /a 1
[04/08/2012 22:45:46] /a 1
[04/08/2012 22:45:46] /a 1
[04/08/2012 22:45:46] /a 1
[04/08/2012 22:45:46] /a 1
[04/08/2012 22:45:46] /a 1
[04/08/2012 22:45:46] /a 1
[04/08/2012 22:45:46] /a 1
[04/08/2012 22:45:46] /a 1
[04/08/2012 22:45:46] /a 1
[04/08/2012 22:45:46] /a 1
[04/08/2012 22:45:47] /a 1
[04/08/2012 22:45:47] /a 1
[04/08/2012 22:45:47] /a 1
[04/08/2012 22:45:47] /a 1
[04/08/2012 22:45:47] /a 1
[04/08/2012 22:45:47] /a 1
[04/08/2012 22:45:47] /a 1
[04/08/2012 22:45:47] /a 1
[04/08/2012 22:45:47] /a 1
[04/08/2012 22:45:47] /a 1
[04/08/2012 22:45:47] /a 1
[04/08/2012 22:45:47] /a 1
[04/08/2012 22:45:47] /a 1
[04/08/2012 22:45:47] /a 1
[04/08/2012 22:45:47] /a 1
[04/08/2012 22:45:47] /a 1
[04/08/2012 22:45:47] /a 1
[04/08/2012 22:45:47] /a 1
[04/08/2012 22:45:47] /a 1
[04/08/2012 22:45:47] /a 1
[04/08/2012 22:45:47] /a 1
[04/08/2012 22:45:47] /a 1
[04/08/2012 22:45:47] /a 1
[04/08/2012 22:45:47] /a 1
[04/08/2012 22:45:47] /a 1
[04/08/2012 22:45:47] /a 1
[04/08/2012 22:45:47] /a 1
[04/08/2012 22:45:47] /a 1
[04/08/2012 22:45:48] /a 1
[04/08/2012 22:45:48] /a 1
[04/08/2012 22:45:48] /a 1
[04/08/2012 22:45:48] /a 1
[04/08/2012 22:45:48] /a 1
[04/08/2012 22:45:48] /a 1
[04/08/2012 22:45:48] /a 1
[04/08/2012 22:45:48] /a 1
[04/08/2012 22:45:48] /a 1
[04/08/2012 22:45:48] /a 1
[04/08/2012 22:45:48] /a 1
[04/08/2012 22:45:48] /a 1
[04/08/2012 22:45:48] /a 1
[04/08/2012 22:45:48] /a 1
[04/08/2012 22:45:48] /a 1
[04/08/2012 22:45:48] /a 1
[04/08/2012 22:45:48] /a 1
[04/08/2012 22:45:48] /a 1
[04/08/2012 22:45:48] /a 1
[04/08/2012 22:45:48] /a 1
[04/08/2012 22:45:48] /a 1
[04/08/2012 22:45:48] /a 1
[04/08/2012 22:45:48] /a 1
[04/08/2012 22:45:48] /a 1
[04/08/2012 22:45:48] /a 1
[04/08/2012 22:45:48] /a 1
[04/08/2012 22:45:49] /a 1
[04/08/2012 22:45:49] /a 1
[04/08/2012 22:45:49] /a 1
[04/08/2012 22:45:49] /a 1
[04/08/2012 22:45:49] /a 1
[04/08/2012 22:45:49] /a 1
[04/08/2012 22:45:49] /a 1
[04/08/2012 22:45:49] /a 1
[04/08/2012 22:45:49] /a 1
[04/08/2012 22:45:49] /a 1
[04/08/2012 22:45:49] /a 1
[04/08/2012 22:45:49] /a 1
[04/08/2012 22:45:49] /a 1
[04/08/2012 22:45:49] /a 1
[04/08/2012 22:45:49] /a 1
[04/08/2012 22:45:49] /a 1
[04/08/2012 22:45:49] /a 1
[04/08/2012 22:45:49] /a 1
[04/08/2012 22:45:49] /a 1
[04/08/2012 22:45:49] /a 1
[04/08/2012 22:45:49] /a 1
[04/08/2012 22:45:49] /a 1
[04/08/2012 22:45:49] /a 1
[04/08/2012 22:45:49] /a 1
[04/08/2012 22:45:49] /a 1
[04/08/2012 22:45:49] /a 1
[04/08/2012 22:45:49] /a 1
[04/08/2012 22:45:49] /a 1
[04/08/2012 22:45:50] /a 1
[04/08/2012 22:45:50] /a 1
[04/08/2012 22:45:50] /a 1
[04/08/2012 22:45:50] /a 1
[04/08/2012 22:45:50] /a 1
[04/08/2012 22:45:50] /a 1
[04/08/2012 22:45:52] /up
[04/08/2012 22:45:55] /a 1
[04/08/2012 22:45:55] /a 1
[04/08/2012 22:45:56] /a 1
[04/08/2012 22:45:56] /a 1
[04/08/2012 22:45:56] /a 1
[04/08/2012 22:45:56] /a 1
[04/08/2012 22:45:56] /a 1
[04/08/2012 22:45:56] /a 1
[04/08/2012 22:45:56] /a 1
[04/08/2012 22:45:56] /a 1
[04/08/2012 22:45:56] /a 1
[04/08/2012 22:45:56] /a 1
[04/08/2012 22:45:56] /a 1
[04/08/2012 22:45:56] /a 1
[04/08/2012 22:45:56] /a 1
[04/08/2012 22:45:56] /a 1
[04/08/2012 22:45:56] /a 1
[04/08/2012 22:45:56] /a 1
[04/08/2012 22:45:56] /a 1
[04/08/2012 22:45:56] /a 1
[04/08/2012 22:45:57] /a 1
[04/08/2012 22:45:57] /a 1
[04/08/2012 22:45:57] /a 1
[04/08/2012 22:45:57] /a 1
[04/08/2012 22:45:57] /a 1
[04/08/2012 22:45:57] /a 1
[04/08/2012 22:45:57] /a 1
[04/08/2012 22:45:57] /a 1
[04/08/2012 22:45:57] /a 1
[04/08/2012 22:45:57] /a 1
[04/08/2012 22:45:57] /a 1
[04/08/2012 22:45:57] /a 1
[04/08/2012 22:45:57] /a 1
[04/08/2012 22:45:57] /a 1
[04/08/2012 22:45:57] /a 1
[04/08/2012 22:45:57] /a 1
[04/08/2012 22:45:57] /a 1
[04/08/2012 22:45:57] /a 1
[04/08/2012 22:45:57] /a 1
[04/08/2012 22:45:57] /a 1
[04/08/2012 22:45:57] /a 1
[04/08/2012 22:45:57] /a 1
[04/08/2012 22:45:57] /a 1
[04/08/2012 22:45:57] /a 1
[04/08/2012 22:45:57] /a 1
[04/08/2012 22:45:57] /a 1
[04/08/2012 22:45:57] /a 1
[04/08/2012 22:45:57] /a 1
[04/08/2012 22:45:57] /a 1
[04/08/2012 22:45:57] /a 1
[04/08/2012 22:45:57] /a 1
[04/08/2012 22:45:58] /a 1
[04/08/2012 22:45:58] /a 1
[04/08/2012 22:45:58] /a 1
[04/08/2012 22:45:58] /a 1
[04/08/2012 22:45:58] /a 1
[04/08/2012 22:45:58] /a 1
[04/08/2012 22:45:58] /a 1
[04/08/2012 22:45:58] /a 1
[04/08/2012 22:45:58] /a 1
[04/08/2012 22:45:58] /a 1
[04/08/2012 22:45:58] /a 1
[04/08/2012 22:45:58] /a 1
[04/08/2012 22:45:58] /a 1
[04/08/2012 22:45:58] /a 1
[04/08/2012 22:45:58] /a 1
[04/08/2012 22:45:58] /a 1
[04/08/2012 22:45:58] /a 1
[04/08/2012 22:45:58] /a 1
[04/08/2012 22:45:58] /a 1
[04/08/2012 22:45:58] /a 1
[04/08/2012 22:45:58] /a 1
[04/08/2012 22:45:58] /a 1
[04/08/2012 22:45:58] /a 1
[04/08/2012 22:45:58] /a 1
[04/08/2012 22:45:58] /a 1
[04/08/2012 22:45:58] /a 1
[04/08/2012 22:45:58] /a 1
[04/08/2012 22:45:58] /a 1
[04/08/2012 22:45:58] /a 1
[04/08/2012 22:45:59] /a 1
[04/08/2012 22:45:59] /a 1
[04/08/2012 22:45:59] /a 1
[04/08/2012 22:45:59] /a 1
[04/08/2012 22:45:59] /a 1
[04/08/2012 22:45:59] /a 1
[04/08/2012 22:45:59] /a 1
[04/08/2012 22:45:59] /a 1
[04/08/2012 22:45:59] /a 1
[04/08/2012 22:45:59] /a 1
[04/08/2012 22:45:59] /a 1
[04/08/2012 22:45:59] /a 1
[04/08/2012 22:45:59] /a 1
[04/08/2012 22:45:59] /a 1
[04/08/2012 22:46:00] /a 1
[04/08/2012 22:46:00] /a 1
[04/08/2012 22:46:00] /a 1
[04/08/2012 22:46:00] /a 1
[04/08/2012 22:46:00] /a 1
[04/08/2012 22:46:00] /a 1
[04/08/2012 22:46:00] /a 1
[04/08/2012 22:46:00] /a 1
[04/08/2012 22:46:00] /a 1
[04/08/2012 22:46:00] /a 1
[04/08/2012 22:46:00] /a 1
[04/08/2012 22:46:00] /a 1
[04/08/2012 22:46:00] /a 1
[04/08/2012 22:46:00] /a 1
[04/08/2012 22:46:00] /a 1
[04/08/2012 22:46:00] /a 1
[04/08/2012 22:46:00] /a 1
[04/08/2012 22:46:00] /a 1
[04/08/2012 22:46:00] /a 1
[04/08/2012 22:46:00] /a 1
[04/08/2012 22:46:00] /a 1
[04/08/2012 22:46:00] /a 1
[04/08/2012 22:46:01] /a 1
[04/08/2012 22:46:01] /a 1
[04/08/2012 22:46:01] /a 1
[04/08/2012 22:46:01] /a 1
[04/08/2012 22:46:01] /a 1
[04/08/2012 22:46:01] /a 1
[04/08/2012 22:46:01] /a 1
[04/08/2012 22:46:01] /a 1
[04/08/2012 22:46:01] /a 1
[04/08/2012 22:46:01] /a 1
[04/08/2012 22:46:01] /a 1
[04/08/2012 22:46:01] /a 1
[04/08/2012 22:46:01] /a 1
[04/08/2012 22:46:01] /a 1
[04/08/2012 22:46:01] /a 1
[04/08/2012 22:46:01] /a 1
[04/08/2012 22:46:01] /a 1
[04/08/2012 22:46:01] /a 1
[04/08/2012 22:46:01] /a 1
[04/08/2012 22:46:01] /a 1
[04/08/2012 22:46:01] /a 1
[04/08/2012 22:46:01] /a 1
[04/08/2012 22:46:01] /a 1
[04/08/2012 22:46:01] /a 1
[04/08/2012 22:46:01] /a 1
[04/08/2012 22:46:01] /a 1
[04/08/2012 22:46:01] /a 1
[04/08/2012 22:46:01] /a 1
[04/08/2012 22:46:01] /a 1
[04/08/2012 22:46:01] /a 1
[04/08/2012 22:46:01] /a 1
[04/08/2012 22:46:02] /a 1
[04/08/2012 22:46:02] /a 1
[04/08/2012 22:46:02] /a 1
[04/08/2012 22:46:02] /a 1
[04/08/2012 22:46:02] /a 1
[04/08/2012 22:46:02] /a 1
[04/08/2012 22:46:02] /a 1
[04/08/2012 22:46:02] /a 1
[04/08/2012 22:46:02] /a 1
[04/08/2012 22:46:02] /a 1
[04/08/2012 22:46:02] /a 1
[04/08/2012 22:46:02] /a 1
[04/08/2012 22:46:02] /a 1
[04/08/2012 22:46:02] /a 1
[04/08/2012 22:46:02] /a 1
[04/08/2012 22:46:02] /a 1
[04/08/2012 22:46:02] /a 1
[04/08/2012 22:46:02] /a 1
[04/08/2012 22:46:02] /a 1
[04/08/2012 22:46:02] /a 1
[04/08/2012 22:46:02] /a 1
[04/08/2012 22:46:02] /a 1
[04/08/2012 22:46:02] /a 1
[04/08/2012 22:46:03] /a 1
[04/08/2012 22:46:03] /a 1
[04/08/2012 22:46:03] /a 1
[04/08/2012 22:46:03] /a 1
[04/08/2012 22:46:03] /a 1
[04/08/2012 22:46:03] /a 1
[04/08/2012 22:46:03] /a 1
[04/08/2012 22:46:03] /a 1
[04/08/2012 22:46:03] /a 1
[04/08/2012 22:46:03] /a 1
[04/08/2012 22:46:03] /a 1
[04/08/2012 22:46:03] /a 1
[04/08/2012 22:46:03] /a 1
[04/08/2012 22:46:03] /a 1
[04/08/2012 22:46:03] /a 1
[04/08/2012 22:46:03] /a 1
[04/08/2012 22:46:04] /a 1
[04/08/2012 22:46:04] /a 1
[04/08/2012 22:46:04] /a 1
[04/08/2012 22:46:04] /a 1
[04/08/2012 22:46:04] /a 1
[04/08/2012 22:46:04] /a 1
[04/08/2012 22:46:04] /a 1
[04/08/2012 22:46:04] /a 1
[04/08/2012 22:46:04] /a 1
[04/08/2012 22:46:04] /a 1
[04/08/2012 22:46:04] /a 1
[04/08/2012 22:46:04] /a 1
[04/08/2012 22:46:04] /a 1
[04/08/2012 22:46:04] /a 1
[04/08/2012 22:46:04] /a 1
[04/08/2012 22:46:04] /a 1
[04/08/2012 22:46:04] /a 1
[04/08/2012 22:46:04] /a 1
[04/08/2012 22:46:05] /a 1
[04/08/2012 22:46:05] /a 1
[04/08/2012 22:46:05] /a 1
[04/08/2012 22:46:05] /a 1
[04/08/2012 22:46:05] /a 1
[04/08/2012 22:46:05] /a 1
[04/08/2012 22:46:05] /a 1
[04/08/2012 22:46:05] /a 1
[04/08/2012 22:46:05] /a 1
[04/08/2012 22:46:05] /a 1
[04/08/2012 22:46:05] /a 1
[04/08/2012 22:46:05] /a 1
[04/08/2012 22:46:05] /a 1
[04/08/2012 22:46:05] /a 1
[04/08/2012 22:46:05] /a 1
[04/08/2012 22:46:05] /a 1
[04/08/2012 22:46:05] /a 1
[04/08/2012 22:46:05] /a 1
[04/08/2012 22:46:05] /a 1
[04/08/2012 22:46:05] /a 1
[04/08/2012 22:46:05] /a 1
[04/08/2012 22:46:06] /a 1
[04/08/2012 22:46:06] /a 1
[04/08/2012 22:46:06] /a 1
[04/08/2012 22:46:06] /a 1
[04/08/2012 22:46:06] /a 1
[04/08/2012 22:46:06] /a 1
[04/08/2012 22:46:06] /a 1
[04/08/2012 22:46:06] /a 1
[04/08/2012 22:46:06] /a 1
[04/08/2012 22:46:06] /a 1
[04/08/2012 22:46:06] /a 1
[04/08/2012 22:46:06] /a 1
[04/08/2012 22:46:06] /a 1
[04/08/2012 22:46:06] /a 1
[04/08/2012 22:46:06] /a 1
[04/08/2012 22:46:06] /a 1
[04/08/2012 22:46:06] /a 1
[04/08/2012 22:46:06] /a 1
[04/08/2012 22:46:06] /a 1
[04/08/2012 22:46:06] /a 1
[04/08/2012 22:46:06] /a 1
[04/08/2012 22:46:06] /a 1
[04/08/2012 22:46:06] /a 1
[04/08/2012 22:46:06] /a 1
[04/08/2012 22:46:06] /a 1
[04/08/2012 22:46:06] /a 1
[04/08/2012 22:46:06] /a 1
[04/08/2012 22:46:06] /a 1
[04/08/2012 22:46:06] /a 1
[04/08/2012 22:46:06] /a 1
[04/08/2012 22:46:07] /a 1
[04/08/2012 22:46:07] /a 1
[04/08/2012 22:46:07] /a 1
[04/08/2012 22:46:07] /a 1
[04/08/2012 22:46:07] /a 1
[04/08/2012 22:46:07] /a 1
[04/08/2012 22:46:08] /a 1
[04/08/2012 22:46:08] /a 1
[04/08/2012 22:46:08] /a 1
[04/08/2012 22:46:08] /a 1
[04/08/2012 22:46:08] /a 1
[04/08/2012 22:46:08] /a 1
[04/08/2012 22:46:08] /a 1
[04/08/2012 22:46:08] /a 1
[04/08/2012 22:46:08] /a 1
[04/08/2012 22:46:08] /a 1
[04/08/2012 22:46:08] /a 1
[04/08/2012 22:46:08] /a 1
[04/08/2012 22:46:08] /a 1
[04/08/2012 22:46:08] /a 1
[04/08/2012 22:46:08] /a 1
[04/08/2012 22:46:08] /a 1
[04/08/2012 22:46:08] /a 1
[04/08/2012 22:46:09] /a 1
[04/08/2012 22:46:09] /a 1
[04/08/2012 22:46:09] /a 1
[04/08/2012 22:46:09] /a 1
[04/08/2012 22:46:09] /a 1
[04/08/2012 22:46:09] /a 1
[04/08/2012 22:46:09] /a 1
[04/08/2012 22:46:09] /a 1
[04/08/2012 22:46:09] /a 1
[04/08/2012 22:46:09] /a 1
[04/08/2012 22:46:10] /a 1
[04/08/2012 22:46:10] /a 1
[04/08/2012 22:46:10] /a 1
[04/08/2012 22:46:11] /a 1
[04/08/2012 22:46:11] /a 1
[04/08/2012 22:46:12] /a 1
[04/08/2012 22:46:12] /a 1
[04/08/2012 22:46:12] /a 1
[04/08/2012 22:46:12] /a 1
[04/08/2012 22:46:12] /a 1
[04/08/2012 22:46:12] /a 1
[04/08/2012 22:46:12] /a 1
[04/08/2012 22:46:12] /a 1
[04/08/2012 22:46:26] /a 3
[04/08/2012 22:48:33] /attr group "8
[04/08/2012 22:50:25] /a 1
[04/08/2012 22:50:26] /a 1
[04/08/2012 22:50:26] /a 1
[04/08/2012 22:50:26] /a 1
[04/08/2012 22:50:26] /a 1
[04/08/2012 22:50:26] /a 1
[04/08/2012 22:50:26] /a 1
[04/08/2012 22:50:26] /a 1
[04/08/2012 22:50:26] /a 1
[04/08/2012 22:50:26] /a 1
[04/08/2012 22:50:27] /a 1
[04/08/2012 22:50:27] /a 1
[04/08/2012 22:50:27] /a 1
[04/08/2012 22:50:27] /a 1
[04/08/2012 22:50:27] /a 1
[04/08/2012 22:50:27] /a 1
[04/08/2012 22:50:27] /a 1
[04/08/2012 22:50:27] /a 1
[04/08/2012 22:50:27] /a 1
[04/08/2012 22:50:27] /a 1
[04/08/2012 22:50:27] /a 1
[04/08/2012 22:50:27] /a 1
[04/08/2012 22:50:27] /a 1
[04/08/2012 22:50:27] /a 1
[04/08/2012 22:50:27] /a 1
[04/08/2012 22:50:27] /a 1
[04/08/2012 22:50:27] /a 1
[04/08/2012 22:50:28] /a 1
[04/08/2012 22:50:28] /a 1
[04/08/2012 22:50:32] /a 1
[04/08/2012 22:50:32] /a 1
[04/08/2012 22:50:32] /a 1
[04/08/2012 22:50:32] /a 1
[04/08/2012 22:50:32] /a 1
[04/08/2012 22:50:32] /a 1
[04/08/2012 22:50:33] /a 1
[04/08/2012 22:50:33] /a 1
[04/08/2012 22:50:33] /a 1
[04/08/2012 22:50:33] /a 1
[04/08/2012 22:50:33] /a 1
[04/08/2012 22:50:33] /a 1
[04/08/2012 22:50:33] /a 1
[04/08/2012 22:50:34] /a 1
[04/08/2012 22:50:35] /a 1
[04/08/2012 22:53:46] /m ghost morgaroth
[04/08/2012 22:53:52] /m fire overlord
[04/08/2012 22:54:44] /m grizzly da bear
[04/08/2012 22:54:49] /m pet
[04/08/2012 22:54:52] /m cat
[04/08/2012 22:55:37] /r
