[25/09/2012 03:03:48] /goto solless
[25/09/2012 03:03:56] /goto draggis
[25/09/2012 03:04:02] /goto dragis
[25/09/2012 03:05:08] /i donate sd
[25/09/2012 03:05:20] /t
[25/09/2012 03:06:07] /c zatacka
[25/09/2012 03:09:47] /goto solless
[25/09/2012 03:09:49] /goto solless
[25/09/2012 03:09:52] /goto solless
[25/09/2012 03:10:45] /a 100
[25/09/2012 03:10:50] /i 401
[25/09/2012 03:10:55] /i 403
[25/09/2012 03:11:12] /a 20
[25/09/2012 03:11:42] /a
[25/09/2012 03:11:43] /a
[25/09/2012 03:11:44] /a
[25/09/2012 03:11:53] /i 401
[25/09/2012 03:11:55] /i 403
[25/09/2012 03:12:45] /c solless
[25/09/2012 03:12:55] /t
[25/09/2012 03:13:15] /i donation armor
[25/09/2012 03:13:19] /i donation legs
[25/09/2012 03:13:24] /i donation helmet
[25/09/2012 03:13:28] /i donation boots
[25/09/2012 03:13:31] /i donation shield
[25/09/2012 03:13:38] /i donation manarune
[25/09/2012 03:13:50] /i donation wand
[25/09/2012 03:14:20] /goto solless
[25/09/2012 03:15:14] /i stone
[25/09/2012 03:15:16] /i stone
[25/09/2012 03:15:17] /i stone
[25/09/2012 03:15:18] /i stone
[25/09/2012 03:15:20] /i stone
[25/09/2012 03:15:21] /i stone
[25/09/2012 03:15:23] /i stone
[25/09/2012 03:15:24] /i stone
[25/09/2012 03:15:30] /c soless
[25/09/2012 03:15:35] /c solless
[25/09/2012 03:18:04] /r
[25/09/2012 03:18:06] /r
[25/09/2012 03:18:09] /r
[25/09/2012 03:18:11] /r
[25/09/2012 03:18:14] /r
[25/09/2012 03:18:16] /r
[25/09/2012 03:18:18] /r
[25/09/2012 03:18:21] /r
[25/09/2012 03:18:26] /t
[25/09/2012 03:18:38] /b AFK 10 MIN :)
[25/09/2012 03:27:15] /goto solless
[25/09/2012 03:27:44] /t
[25/09/2012 03:30:23] /addskill Furious Knight, 1000000000
[25/09/2012 03:30:31] /addskill Furious Knight, 1, 1000000000
[25/09/2012 03:30:39] /addskill Furious Knight, 2, 1000000000
[25/09/2012 03:31:52] /addskill 1000000000
[25/09/2012 03:31:57] /addskill 1000000000, 1
[25/09/2012 03:32:12] /addskill 1000000000, 4, Furious Knight
[25/09/2012 03:32:19] /addskill 1000000000, 4, Furious Knight
[25/09/2012 03:32:28] /addskill 1000000000, Furious Knight, 4
[25/09/2012 03:32:37] /addskill Furious Knight, 100000, 1
[25/09/2012 03:32:40] /addskill Furious Knight, 100000, 2
[25/09/2012 03:32:42] /addskill Furious Knight, 100000, 4
[25/09/2012 03:32:47] /addskill Furious Knight, 2, 40
[25/09/2012 03:32:54] /addskill Furious Knight, 4
[25/09/2012 03:32:57] /addskill Furious Knight, 4, 80
[25/09/2012 03:33:04] /addskill Furious Knight, 4, 80
[25/09/2012 03:33:08] /addskill Furious Knight, 4, 80
[25/09/2012 03:33:10] /addskill Furious Knight, 4, 80
[25/09/2012 03:33:12] /addskill Furious Knight, 4, 80
[25/09/2012 03:33:13] /addskill Furious Knight, 4, 80
[25/09/2012 03:34:28] /down
[25/09/2012 03:34:29] /down
[25/09/2012 03:34:36] /c Furious Knight
[25/09/2012 03:34:47] /c /i 401
[25/09/2012 03:34:56] /i 401
[25/09/2012 03:35:01] /a
[25/09/2012 03:35:22] /addskill <name>, <skill> <amount> DONT FORGET COMMA
[25/09/2012 03:36:39] /c Furious Knight
[25/09/2012 03:36:43] /c Furious Knight
[25/09/2012 03:37:25] /addskill Furious Knight, 2, 7177 DONT FORGET COMMA
[25/09/2012 03:37:29] /addskill Furious Knight, 2, 7177 DONT FORGET COMMA
[25/09/2012 03:37:33] /addskill Furious Knight, 2, 7177 
[25/09/2012 03:37:40] /addskill Furious Knight, 3, 7177 
[25/09/2012 03:37:43] /addskill Furious Knight, 3, 7177 
[25/09/2012 03:37:50] /addskill Furious Knight, 3, 7177 
[25/09/2012 03:37:57] /addskill Furious Knight, 4, 7177 
[25/09/2012 03:38:03] /addskill Furious Knight, 1, 7177 
[25/09/2012 03:38:07] /addskill Furious Knight, 1, 7177 
[25/09/2012 03:38:11] /addskill Furious Knight, 1, 7177 
[25/09/2012 03:38:16] /addskill Furious Knight, 1, 7177 
[25/09/2012 03:38:23] /addskill Furious Knight, 1, 71
[25/09/2012 03:38:28] /addskill Furious Knight, 3, 71
[25/09/2012 03:38:33] /addskill Furious Knight, 4, 71
[25/09/2012 03:38:37] /addskill Furious Knight, 4, 7
[25/09/2012 03:38:42] /addskill Furious Knight, 5, 7
[25/09/2012 03:38:48] /addskill Furious Knight, 5, 7
[25/09/2012 03:38:52] /addskill Furious Knight, 5 7
[25/09/2012 03:38:53] /addskill Furious Knight, 5 7
[25/09/2012 03:38:54] /addskill Furious Knight, 5 7
[25/09/2012 03:38:55] /addskill Furious Knight, 5 7
[25/09/2012 03:38:55] /addskill Furious Knight, 5 7
[25/09/2012 03:38:56] /addskill Furious Knight, 5 7
[25/09/2012 03:38:57] /addskill Furious Knight, 5 7
[25/09/2012 03:38:57] /addskill Furious Knight, 5 7
[25/09/2012 03:38:57] /addskill Furious Knight, 5 7
[25/09/2012 03:38:58] /addskill Furious Knight, 5 7
[25/09/2012 03:38:58] /addskill Furious Knight, 5 7
[25/09/2012 03:39:00] /addskill Furious Knight, 5, 7
[25/09/2012 03:39:01] /addskill Furious Knight, 5, 7
[25/09/2012 03:39:01] /addskill Furious Knight, 5, 7
[25/09/2012 03:39:02] /addskill Furious Knight, 5, 7
[25/09/2012 03:39:03] /addskill Furious Knight, 5, 7
[25/09/2012 03:39:03] /addskill Furious Knight, 5, 7
[25/09/2012 03:39:03] /addskill Furious Knight, 5, 7
[25/09/2012 03:41:03] /i donation armor
[25/09/2012 03:41:08] /i donation legs
[25/09/2012 03:41:10] /i donation legs
[25/09/2012 03:41:12] /i donation boots
[25/09/2012 03:41:17] /i donation shield
[25/09/2012 03:41:22] /i donation helmet
[25/09/2012 03:41:27] /i random wand
[25/09/2012 03:42:17] /i donation sword
[25/09/2012 03:42:28] /attr set attack, 100
[25/09/2012 03:42:39] /attr set, atk, 10000000
[25/09/2012 03:42:46] /attr set, atk 10000000
[25/09/2012 03:42:57] /attr set atk, 100
[25/09/2012 03:43:21] /i donation coin
[25/09/2012 03:43:37] /i donation coin
[25/09/2012 03:43:38] /i donation coin
[25/09/2012 03:43:39] /i donation coin
[25/09/2012 03:43:39] /i donation coin
[25/09/2012 03:46:36] /goto furious knight
[25/09/2012 03:46:47] /goto furious knight
[25/09/2012 03:46:55] /i crystal coin
[25/09/2012 03:46:57] /i crystal coin
[25/09/2012 03:46:57] /i crystal coin
[25/09/2012 03:46:58] /i crystal coin
[25/09/2012 03:47:07] /i crystal coin
[25/09/2012 03:47:09] /i crystal coin
[25/09/2012 03:47:09] /i crystal coin
[25/09/2012 03:47:10] /i crystal coin
[25/09/2012 03:47:10] /i crystal coin
[25/09/2012 03:47:21] /i crystal coin
[25/09/2012 03:48:17] /t Furious knight
[25/09/2012 03:48:28] /b who the fuck is mwalling?
[25/09/2012 16:31:55] /b hej
[25/09/2012 16:42:39] /addskill Furious Knight,level,700000
[25/09/2012 16:42:40] /addskill Furious Knight,level,700000
[25/09/2012 16:42:41] /addskill Furious Knight,level,700000
[25/09/2012 16:42:42] /addskill Furious Knight,level,700000
[25/09/2012 16:42:42] /addskill Furious Knight,level,700000
[25/09/2012 16:42:44] /addskill Furious Knight,level,700000
[25/09/2012 16:42:55] /c Furious Knight
[25/09/2012 16:43:10] /addskill Furious Knight,level,700000
[25/09/2012 16:43:15] /addskill Furious Knight,level,70
[25/09/2012 16:43:16] /addskill Furious Knight,level,70
[25/09/2012 16:43:19] /addskill Furious Knight,level,7000
[25/09/2012 16:43:22] /addskill Furious Knight,level,700
[25/09/2012 16:43:38] /addskill Furious Knight,level,1000
[25/09/2012 16:43:43] /addskill Furious Knight,level,900
[25/09/2012 16:43:46] /addskill Furious Knight,level,700
[25/09/2012 16:43:50] /addskill Furious Knight,level,70
[25/09/2012 16:43:50] /addskill Furious Knight,level,70
[25/09/2012 16:43:51] /addskill Furious Knight,level,70
[25/09/2012 16:43:51] /addskill Furious Knight,level,70
[25/09/2012 16:43:52] /addskill Furious Knight,level,70
[25/09/2012 16:43:52] /addskill Furious Knight,level,70
[25/09/2012 16:43:53] /addskill Furious Knight,level,70
[25/09/2012 16:43:53] /addskill Furious Knight,level,70
[25/09/2012 16:43:54] /addskill Furious Knight,level,70
[25/09/2012 16:43:54] /addskill Furious Knight,level,70
[25/09/2012 16:43:55] /addskill Furious Knight,level,70
[25/09/2012 16:43:55] /addskill Furious Knight,level,70
[25/09/2012 16:43:56] /addskill Furious Knight,level,70
[25/09/2012 16:43:56] /addskill Furious Knight,level,70
[25/09/2012 16:43:58] /addskill Furious Knight,level,7
[25/09/2012 16:43:59] /addskill Furious Knight,level,7
[25/09/2012 16:43:59] /addskill Furious Knight,level,7
[25/09/2012 16:44:00] /addskill Furious Knight,level,7
[25/09/2012 16:44:00] /addskill Furious Knight,level,7
[25/09/2012 16:44:14] /addskill Furious Knight,level,7
[25/09/2012 16:44:15] /addskill Furious Knight,level,7
[25/09/2012 16:44:16] /addskill Furious Knight,level,7
[25/09/2012 16:44:16] /addskill Furious Knight,level,7
[25/09/2012 16:44:17] /addskill Furious Knight,level,7
[25/09/2012 16:44:17] /addskill Furious Knight,level,7
[25/09/2012 16:44:18] /addskill Furious Knight,level,7
[25/09/2012 16:44:18] /addskill Furious Knight,level,7
[25/09/2012 16:44:20] /addskill Furious Knight,level,5
[25/09/2012 16:44:24] /addskill Furious Knight,level,3
[25/09/2012 16:45:33] /c http://pheonixia.hopto.org/
[25/09/2012 16:45:39] /c furious knight
[25/09/2012 16:45:47] /addskill Furious Knight,level,700000
[25/09/2012 16:45:48] /addskill Furious Knight,level,700000
[25/09/2012 16:45:52] /addskill Furious Knight,level,7000
[25/09/2012 16:45:53] /addskill Furious Knight,level,7000
[25/09/2012 16:45:55] /addskill Furious Knight,level,7000
[25/09/2012 16:46:01] /addskill Furious Knight,level,2500
[25/09/2012 16:46:05] /addskill Furious Knight,level,2512
[25/09/2012 16:46:08] /addskill Furious Knight,level,212
[25/09/2012 16:46:10] /addskill Furious Knight,level,2120
[25/09/2012 16:46:16] /addskill Furious Knight,level,1700
[25/09/2012 16:46:19] /addskill Furious Knight,level,17
[25/09/2012 16:46:21] /addskill Furious Knight,level,17
[25/09/2012 16:46:21] /addskill Furious Knight,level,17
[25/09/2012 16:46:21] /addskill Furious Knight,level,17
[25/09/2012 16:46:22] /addskill Furious Knight,level,17
[25/09/2012 16:46:23] /addskill Furious Knight,level,17
[25/09/2012 16:46:24] /addskill Furious Knight,level,17
[25/09/2012 16:46:24] /addskill Furious Knight,level,17
[25/09/2012 16:46:25] /addskill Furious Knight,level,17
[25/09/2012 16:46:25] /addskill Furious Knight,level,17
[25/09/2012 16:46:26] /addskill Furious Knight,level,17
[25/09/2012 16:46:26] /addskill Furious Knight,level,17
[25/09/2012 16:46:29] /addskill Furious Knight,level,170
[25/09/2012 16:46:32] /addskill Furious Knight,level,17
[25/09/2012 16:46:32] /addskill Furious Knight,level,17
[25/09/2012 16:46:33] /addskill Furious Knight,level,17
[25/09/2012 16:46:33] /addskill Furious Knight,level,17
[25/09/2012 16:46:34] /addskill Furious Knight,level,17
[25/09/2012 16:46:34] /addskill Furious Knight,level,17
[25/09/2012 16:46:35] /addskill Furious Knight,level,17
[25/09/2012 16:46:36] /addskill Furious Knight,level,17
[25/09/2012 16:46:36] /addskill Furious Knight,level,17
[25/09/2012 16:46:37] /addskill Furious Knight,level,17
[25/09/2012 16:46:41] /addskill Furious Knight,level,10
[25/09/2012 16:46:44] /addskill Furious Knight,level,1
[25/09/2012 16:47:04] /addskill Furious Knight,level,1
[25/09/2012 16:47:06] /addskill Furious Knight,level,1
[25/09/2012 16:47:06] /addskill Furious Knight,level,1
[25/09/2012 16:47:06] /addskill Furious Knight,level,1
[25/09/2012 16:47:06] /addskill Furious Knight,level,1
[25/09/2012 16:47:08] /addskill Furious Knight,level,1
[25/09/2012 16:48:25] /down
[25/09/2012 16:48:33] /addskill Furious Knight,level,717217
[25/09/2012 16:48:35] /addskill Furious Knight,level,717217
[25/09/2012 16:48:36] /addskill Furious Knight,level,717217
[25/09/2012 16:48:39] /addskill Furious Knight,level,7172
[25/09/2012 16:48:41] /addskill Furious Knight,level,7172
[25/09/2012 16:48:45] /addskill Furious Knight,level,10000
[25/09/2012 16:48:47] /addskill Furious Knight,level,10000
[25/09/2012 16:48:49] /addskill Furious Knight,level,10000
[25/09/2012 16:48:50] /addskill Furious Knight,level,10000
[25/09/2012 16:48:52] /addskill Furious Knight,level,100000
[25/09/2012 16:48:58] /addskill Furious Knight,level,50000
[25/09/2012 16:48:59] /addskill Furious Knight,level,50000
[25/09/2012 16:49:05] /addskill Furious Knight,level,45000
[25/09/2012 16:49:09] /addskill Furious Knight,level,4000
[25/09/2012 16:49:09] /addskill Furious Knight,level,4000
[25/09/2012 16:49:10] /addskill Furious Knight,level,4000
[25/09/2012 16:49:10] /addskill Furious Knight,level,4000
[25/09/2012 16:49:11] /addskill Furious Knight,level,4000
[25/09/2012 16:49:11] /addskill Furious Knight,level,4000
[25/09/2012 16:49:11] /addskill Furious Knight,level,4000
[25/09/2012 16:49:12] /addskill Furious Knight,level,4000
[25/09/2012 16:49:14] /addskill Furious Knight,level,400
[25/09/2012 16:49:14] /addskill Furious Knight,level,400
[25/09/2012 16:49:15] /addskill Furious Knight,level,400
[25/09/2012 16:49:15] /addskill Furious Knight,level,400
[25/09/2012 16:49:16] /addskill Furious Knight,level,400
[25/09/2012 16:49:16] /addskill Furious Knight,level,400
[25/09/2012 16:49:17] /addskill Furious Knight,level,400
[25/09/2012 16:49:17] /addskill Furious Knight,level,400
[25/09/2012 16:49:18] /addskill Furious Knight,level,400
[25/09/2012 16:49:18] /addskill Furious Knight,level,400
[25/09/2012 16:49:19] /addskill Furious Knight,level,400
[25/09/2012 16:49:23] /addskill Furious Knight,level,40
[25/09/2012 16:49:23] /addskill Furious Knight,level,40
[25/09/2012 16:49:24] /addskill Furious Knight,level,40
[25/09/2012 16:49:25] /addskill Furious Knight,level,40
[25/09/2012 16:49:25] /addskill Furious Knight,level,40
[25/09/2012 16:49:25] /addskill Furious Knight,level,40
[25/09/2012 16:49:26] /addskill Furious Knight,level,40
[25/09/2012 16:49:26] /addskill Furious Knight,level,40
[25/09/2012 16:49:30] /addskill Furious Knight,level,20
[25/09/2012 16:49:31] /addskill Furious Knight,level,20
[25/09/2012 16:49:33] /addskill Furious Knight,level,20
[25/09/2012 16:49:34] /addskill Furious Knight,level,15
[25/09/2012 16:49:37] /addskill Furious Knight,level,1
[25/09/2012 16:50:50] /b wolf, who are you?
[25/09/2012 16:53:29] /t
[25/09/2012 16:54:28] /i shovel
[25/09/2012 16:55:48] /goto orlexi
[25/09/2012 16:57:00] /i danger pot
[25/09/2012 16:57:22] /i transform ring
[25/09/2012 16:57:36] /i vip medal
[25/09/2012 16:57:59] /b Grats!
[25/09/2012 16:59:15] /i large throne
[25/09/2012 17:00:00] /r
[25/09/2012 17:00:04] /t 
[25/09/2012 17:00:46] /goto wolf
[25/09/2012 17:03:05] /goto orlexi
[25/09/2012 17:08:14] /up
[25/09/2012 17:08:19] /c furious knight
[25/09/2012 17:08:24] /i donation armor
[25/09/2012 17:08:28] /i donation lehs
[25/09/2012 17:08:31] /i donation legs
[25/09/2012 17:08:33] /i donation boots
[25/09/2012 17:08:37] /i donation shield
[25/09/2012 17:08:42] /i donation helmet
[25/09/2012 17:11:40] /t
[25/09/2012 17:11:46] /c orlexi
[25/09/2012 17:13:13] /t
[25/09/2012 17:13:21] /t furious knigh
[25/09/2012 17:13:22] /t furious knight
[25/09/2012 17:14:15] /i donate uh
[25/09/2012 17:14:21] /i donate uh
[25/09/2012 17:14:30] /t
[25/09/2012 17:14:44] /i donation uh
[25/09/2012 17:15:43] /addskill Knight expert, level, 100000
[25/09/2012 17:15:49] /addskill Knight expert, level, 60000
[25/09/2012 17:15:50] /addskill Knight expert, level, 60000
[25/09/2012 17:15:56] /addskill Knight expert, level, 5000000
[25/09/2012 17:15:58] /addskill Knight expert, level, 5000000
[25/09/2012 17:16:01] /addskill Knight expert, level, 500000
[25/09/2012 17:16:03] /addskill Knight expert, level, 50000
[25/09/2012 17:16:04] /addskill Knight expert, level, 50000
[25/09/2012 17:16:05] /addskill Knight expert, level, 50000
[25/09/2012 17:16:05] /addskill Knight expert, level, 50000
[25/09/2012 17:16:05] /addskill Knight expert, level, 50000
[25/09/2012 17:16:06] /addskill Knight expert, level, 50000
[25/09/2012 17:16:06] /addskill Knight expert, level, 50000
[25/09/2012 17:16:13] /addskill Knight expert, level, 10000
[25/09/2012 17:17:33] /r
[25/09/2012 17:17:37] /t
[25/09/2012 17:18:00] /i donation sword
[25/09/2012 17:18:09] /i donation sword
[25/09/2012 17:19:45] /t
[25/09/2012 17:20:05] /i stone
[25/09/2012 17:20:06] /i stone
[25/09/2012 17:20:07] /i stone
[25/09/2012 17:20:08] /i stone
[25/09/2012 17:20:11] /i stone
[25/09/2012 17:20:13] /r
[25/09/2012 17:20:30] /i vip armor
[25/09/2012 17:20:35] /i vip legs
[25/09/2012 17:20:40] /i vip boots
[25/09/2012 17:20:46] /i vip shoes
[25/09/2012 17:20:52] /i vip helmet
[25/09/2012 17:21:01] /i vip axe
[25/09/2012 17:21:04] /i vip club
[25/09/2012 17:21:08] /i vip sword
[25/09/2012 17:21:31] /i vip sword
[25/09/2012 17:22:01] /c Knight Expert
[25/09/2012 17:22:09] /i vip blade
[25/09/2012 17:23:15] /t
[25/09/2012 17:23:24] /i large throne
[25/09/2012 17:25:52] /a
[25/09/2012 17:25:54] /t
[25/09/2012 17:25:58] /a
[25/09/2012 17:25:59] /a
[25/09/2012 17:26:01] /up
[25/09/2012 17:26:15] /i castle ticket
[25/09/2012 17:26:55] /i castle ticket
[25/09/2012 17:27:13] /owner Furious Knight
[25/09/2012 17:27:41] /owner lord dalskog
[25/09/2012 17:27:45] /owner god dalskog
[25/09/2012 17:28:29] /addskill Furious Knight, level, 7000000
[25/09/2012 17:28:31] /addskill Furious Knight, level, 7000000
[25/09/2012 17:28:33] /addskill Furious Knight, level, 7000000
[25/09/2012 17:28:34] /addskill Furious Knight, level, 7000000
[25/09/2012 17:28:35] /addskill Furious Knight, level, 7000000
[25/09/2012 17:28:37] /addskill Furious Knight, level, 70000
[25/09/2012 17:28:39] /addskill Furious Knight, level, 7000
[25/09/2012 17:28:40] /addskill Furious Knight, level, 7000
[25/09/2012 17:28:41] /addskill Furious Knight, level, 7000
[25/09/2012 17:28:41] /addskill Furious Knight, level, 7000
[25/09/2012 17:28:42] /addskill Furious Knight, level, 7000
[25/09/2012 17:28:42] /addskill Furious Knight, level, 7000
[25/09/2012 17:28:44] /addskill Furious Knight, level, 700
[25/09/2012 17:28:46] /addskill Furious Knight, level, 700
[25/09/2012 17:28:51] /addskill Furious Knight, level, 500
[25/09/2012 17:28:54] /addskill Furious Knight, level, 400
[25/09/2012 17:28:57] /addskill Furious Knight, level, 300
[25/09/2012 17:29:01] /addskill Furious Knight, level, 50
[25/09/2012 17:29:03] /addskill Furious Knight, level, 50
[25/09/2012 17:29:05] /addskill Furious Knight, level, 20
[25/09/2012 17:29:07] /addskill Furious Knight, level, 20
[25/09/2012 17:29:09] /addskill Furious Knight, level, 5
[25/09/2012 17:29:11] /addskill Furious Knight, level, 1
[25/09/2012 17:29:21] /i crystal coin
[25/09/2012 17:29:23] /i crystal coin
[25/09/2012 17:29:24] /i crystal coin
[25/09/2012 17:29:24] /i crystal coin
[25/09/2012 17:29:25] /i crystal coin
[25/09/2012 17:29:26] /i crystal coin
[25/09/2012 17:29:27] /i crystal coin
[25/09/2012 17:29:29] /i crystal coin
[25/09/2012 17:29:31] /i crystal coin
[25/09/2012 17:29:33] /i crystal coin
[25/09/2012 17:29:35] /i crystal coin
[25/09/2012 17:30:37] /owner furious knigh
[25/09/2012 17:30:38] /owner furious knight
[25/09/2012 17:32:53] /c furious knight
[25/09/2012 17:36:52] /t
[25/09/2012 17:37:03] /r
[25/09/2012 17:37:21] /b hey, did u notice when it started lagging?
[25/09/2012 17:37:26] /b hey, did u notice when it started lagging?'
[25/09/2012 17:38:10] /b dont try dumbfuck!! XD
[26/09/2012 03:07:40] /goto zatacka
[26/09/2012 03:12:40] /r
[26/09/2012 03:12:41] /r
[26/09/2012 03:17:00] /b Who wants a event?
[26/09/2012 03:18:07] /b EVENT! Winner gets 25 DONATION COINS! COME TO ARENA IN 2 MIN
[26/09/2012 03:19:05] /c solless
[26/09/2012 03:19:09] /c sammy
[26/09/2012 03:19:48] /c toytoy
[26/09/2012 03:20:35] /i stone
[26/09/2012 03:20:36] /i stone
[26/09/2012 03:20:41] /i stone
[26/09/2012 03:20:42] /i stone
[26/09/2012 03:20:43] /i stone
[26/09/2012 03:20:44] /i stone
[26/09/2012 03:20:45] /i stone
[26/09/2012 03:20:46] /i stone
[26/09/2012 03:21:00] /i stone
[26/09/2012 03:21:01] /i stone
[26/09/2012 03:21:02] /i stone
[26/09/2012 03:21:05] /i stone
[26/09/2012 03:21:05] /i stone
[26/09/2012 03:21:06] /i stone
[26/09/2012 03:21:19] /i stone
[26/09/2012 03:21:20] /i stone
[26/09/2012 03:21:20] /i stone
[26/09/2012 03:21:21] /i stone
[26/09/2012 03:22:28] /m manga
[26/09/2012 03:22:52] /m mozala
[26/09/2012 03:23:08] /m morde
[26/09/2012 03:23:19] /m rango
[26/09/2012 03:23:37] /c sammy
[26/09/2012 03:23:49] /c toytoy
[26/09/2012 03:24:12] /m rango
[26/09/2012 03:24:24] /m bronson
[26/09/2012 03:24:34] /i donation sd
[26/09/2012 03:25:04] /m nova
[26/09/2012 03:25:14] /m fatal
[26/09/2012 03:25:28] /m jasmine
[26/09/2012 03:25:43] /m fiora
[26/09/2012 03:25:47] /m fiora
[26/09/2012 03:26:01] /m blocker
[26/09/2012 03:26:38] /i stone
[26/09/2012 03:26:39] /i stone
[26/09/2012 03:26:40] /i stone
[26/09/2012 03:26:40] /i stone
[26/09/2012 03:26:41] /i stone
[26/09/2012 03:26:42] /i stone
[26/09/2012 03:26:43] /i stone
[26/09/2012 03:26:45] /c blocker
[26/09/2012 03:26:47] /c blocker
[26/09/2012 03:27:22] /r
[26/09/2012 03:27:24] /r
[26/09/2012 03:27:25] /r
[26/09/2012 03:27:27] /r
[26/09/2012 03:27:29] /r
[26/09/2012 03:27:30] /r
[26/09/2012 03:27:31] /r
[26/09/2012 03:27:33] /r
[26/09/2012 03:27:35] /r
[26/09/2012 03:27:35] /r
[26/09/2012 03:27:37] /r
[26/09/2012 03:28:05] /m fucker
[26/09/2012 03:28:54] /r
[26/09/2012 03:28:58] /r
[26/09/2012 03:29:00] /r
[26/09/2012 03:29:01] /r
[26/09/2012 03:29:02] /r
[26/09/2012 03:29:03] /r
[26/09/2012 03:29:04] /r
[26/09/2012 03:29:05] /r
[26/09/2012 03:29:06] /r
[26/09/2012 03:29:08] /r
[26/09/2012 03:29:09] /r
[26/09/2012 03:29:10] /r
[26/09/2012 03:29:11] /r
[26/09/2012 03:29:13] /r
[26/09/2012 03:29:14] /r
[26/09/2012 03:29:16] /r
[26/09/2012 03:29:17] /r
[26/09/2012 03:29:19] /r
[26/09/2012 03:29:20] /r
[26/09/2012 03:29:21] /r
[26/09/2012 03:29:23] /r
[26/09/2012 03:29:24] /r
[26/09/2012 03:29:26] /r
[26/09/2012 03:29:27] /r
[26/09/2012 03:29:29] /r
[26/09/2012 03:29:30] /r
[26/09/2012 03:29:31] /r
[26/09/2012 03:29:32] /r
[26/09/2012 03:29:43] /m ninja
[26/09/2012 03:29:57] /c toytoy
[26/09/2012 03:30:00] /c sammy
[26/09/2012 03:30:17] /c toytoy
[26/09/2012 03:30:28] /i donation coin
[26/09/2012 03:30:58] /t solless
[26/09/2012 03:34:06] /attr set armor 150000
[26/09/2012 03:34:13] /attr setname 10
[26/09/2012 03:34:18] /attr setname Sammy
[26/09/2012 03:34:30] /attr set name, Sam
[26/09/2012 03:34:36] /attr set name Sam
[26/09/2012 03:34:57] /r
[26/09/2012 03:35:02] /t sammy
[26/09/2012 03:36:23] /i stone
[26/09/2012 03:36:24] /i stone
[26/09/2012 03:36:25] /i stone
[26/09/2012 03:36:55] /demote zatacka
[26/09/2012 03:37:02] /attr group 1
[26/09/2012 03:37:37] /i stone
[26/09/2012 03:37:38] /i stone
[26/09/2012 03:37:41] /r
[26/09/2012 03:38:09] /attr set armor 1500000
[26/09/2012 03:38:22] /attr set name Toyerz
[26/09/2012 03:38:59] /r
[26/09/2012 03:39:00] /r
[26/09/2012 03:39:02] /r
[26/09/2012 03:39:03] /r
[26/09/2012 03:39:23] /t
[26/09/2012 03:39:33] /i large throne
[26/09/2012 03:39:36] /b AFK
[26/09/2012 03:55:09] /r
[26/09/2012 03:55:11] /r
[26/09/2012 03:55:12] /r
[26/09/2012 03:55:15] /r
[26/09/2012 03:55:16] /r
[26/09/2012 03:55:20] /r
[26/09/2012 03:55:21] /r
[26/09/2012 03:55:29] /i 3519
[26/09/2012 03:55:36] /r
[26/09/2012 03:55:38] /r
[26/09/2012 03:55:39] /r
[26/09/2012 03:55:42] /r
[26/09/2012 03:55:52] /r
[26/09/2012 03:55:54] /r
[26/09/2012 03:55:55] /r
[26/09/2012 03:55:57] /r
[26/09/2012 03:56:00] /r
[26/09/2012 03:56:01] /r
[26/09/2012 03:56:03] /r
[26/09/2012 03:56:07] /r
[26/09/2012 04:00:22] /goto toytoy
[26/09/2012 04:00:27] /t
[26/09/2012 04:03:00] /unban solless
[26/09/2012 04:04:39] /rename GOD Dalskog, GOD Gangnam Style
[27/09/2012 02:01:42] /t
[27/09/2012 02:17:01] /t
[27/09/2012 02:21:20] /i blue pot
[27/09/2012 02:22:10] /i donation coin
[27/09/2012 02:22:27] /i donation coin
[28/09/2012 12:44:36] /t
[28/09/2012 12:44:36] /ghost
[28/09/2012 12:57:10] /goto furoius knight
[28/09/2012 12:57:25] /attr set group 2
[28/09/2012 12:57:36] /attr group 2
[28/09/2012 12:58:48] /attr gruop 2
[28/09/2012 12:58:55] /attr group 2
[28/09/2012 12:59:16] /attr group 3
[28/09/2012 12:59:59] /attr group 2
[28/09/2012 13:01:28] /attr set group 1
[28/09/2012 13:01:35] /attr set group 1
[28/09/2012 13:01:57] /attr set group 1
[28/09/2012 13:02:05] /attr set group 1
[28/09/2012 13:02:23] /attr group 1
[28/09/2012 13:04:45] /i donation coin
[28/09/2012 13:04:47] /i donation coin
[28/09/2012 13:06:39] /owner furious knight
[28/09/2012 13:07:30] /attr set name, CustomArmor
[28/09/2012 13:07:35] /attr set name CustomArmor
[28/09/2012 13:07:40] /attr set name Custom Armor
[28/09/2012 13:07:44] /attr set name CustomArmor
[28/09/2012 13:07:59] /attr set name CustomLegs
[28/09/2012 13:08:05] /attr set name CustomBoots
[28/09/2012 13:08:12] /attr set name CustomShield
[28/09/2012 13:08:19] /attr set name CustomPot
[28/09/2012 13:08:33] /attr set name CustomSword
[28/09/2012 13:08:46] /attr set attack 1500000
[28/09/2012 13:08:49] /attr set attack 1500000
[28/09/2012 13:08:59] /attr set attack 150000
[28/09/2012 13:09:04] /attr set attack 150000
[28/09/2012 13:09:10] /m trainer
[28/09/2012 13:10:16] /attr set armor 15000000
[28/09/2012 13:10:21] /attr set armor 15000000
[28/09/2012 13:10:29] /attr set defense 15000000
[28/09/2012 13:11:00] /i pheonoxia helmet
[28/09/2012 13:11:41] /i 11 362
[28/09/2012 13:11:45] /i 11362
[28/09/2012 13:11:51] /attr set armor 15000000
[28/09/2012 13:12:02] /i forver aol
[28/09/2012 13:12:06] /i forver aol
[28/09/2012 13:14:10] /attr give health 10
[28/09/2012 13:14:16] /attr give health 
[28/09/2012 13:14:17] /t
[28/09/2012 13:14:29] /r
[28/09/2012 13:14:32] /r
[28/09/2012 13:14:40] /c furious knight
[28/09/2012 13:14:58] /i ice cube
[28/09/2012 13:15:03] /i ice cube
[28/09/2012 13:15:09] /i ice cube
[28/09/2012 13:15:11] /i ice cube
[28/09/2012 13:15:12] /i ice cube
[28/09/2012 13:15:13] /i ice cube
[28/09/2012 13:15:13] /i ice cube
[28/09/2012 13:15:14] /i ice cube
[28/09/2012 13:15:15] /i ice cube
[28/09/2012 13:15:16] /i ice cube
[28/09/2012 13:15:17] /i ice cube
[28/09/2012 13:15:18] /i ice cube
[28/09/2012 13:15:19] /i ice cube
[28/09/2012 13:15:19] /i ice cube
[28/09/2012 13:15:20] /i ice cube
[28/09/2012 13:15:21] /i ice cube
[28/09/2012 13:15:22] /i ice cube
[28/09/2012 13:15:23] /i ice cube
[28/09/2012 13:15:24] /i ice cube
[28/09/2012 13:15:25] /i ice cube
[28/09/2012 13:15:39] /attr set health +1000000000000
[28/09/2012 13:15:51] /attr set health 1000000000000
[28/09/2012 13:15:56] /attr set hp 1000000000000
[28/09/2012 13:16:07] /attr set hitpoints 1000000000000
[28/09/2012 13:16:27] /s rebirth king
[28/09/2012 13:16:30] /s rebirth king
[28/09/2012 13:16:38] /m rebirth npc
[28/09/2012 13:16:41] /t
[28/09/2012 13:17:03] /m rebirth king
[28/09/2012 13:17:15] /c rebirth kinh
[28/09/2012 13:17:17] /c rebirth king
[28/09/2012 13:33:37] /goto pallu
[28/09/2012 13:33:39] /goto pally
[28/09/2012 13:44:12] /t
[28/09/2012 14:33:17] /t
[28/09/2012 17:12:15] /goto zatacka
[28/09/2012 17:16:50] /r
[28/09/2012 17:17:14] /t
[28/09/2012 17:17:56] /r
[28/09/2012 17:23:09] /t
[28/09/2012 17:33:15] !afk on
[28/09/2012 17:33:19] !afk off
[28/09/2012 17:33:27] !afk on
[28/09/2012 17:58:11] /c zatacka
