[27/07/2012 12:19:05] /zombiestart
[27/07/2012 12:21:36] !eq
[27/07/2012 12:21:40] !eq on
[27/07/2012 12:21:47] !eq zatacka
[27/07/2012 12:27:11] /a 15
[27/07/2012 12:27:13] /a 15
[27/07/2012 12:27:14] /a 15
[27/07/2012 12:27:16] /a 15
[27/07/2012 12:27:17] /a 15
[27/07/2012 12:27:17] /a 15
[27/07/2012 12:27:19] /a 15
[27/07/2012 12:27:21] /a 15
[27/07/2012 12:27:23] /a 15
[27/07/2012 12:27:24] /a 15
[27/07/2012 12:27:55] /a 15
[27/07/2012 12:27:56] /a 15
[27/07/2012 12:27:58] /a 15
[27/07/2012 12:28:29] /a
[27/07/2012 12:29:05] /t
[27/07/2012 12:30:25] /a
[27/07/2012 12:31:02] /t
[27/07/2012 12:31:39] /zombiestart
[27/07/2012 12:32:46] /reports
[27/07/2012 12:32:54] /gethouse
[27/07/2012 12:32:58] /gethouse on
[27/07/2012 12:33:13] /a 5
[27/07/2012 12:33:18] /gethouse helper
[27/07/2012 12:33:34] /goto zatacka
[27/07/2012 12:34:47] /a 5
[27/07/2012 12:34:48] /a 5
[27/07/2012 12:34:48] /a 5
[27/07/2012 12:34:49] /a 5
[27/07/2012 12:34:49] /a 5
[27/07/2012 12:34:52] /t
[27/07/2012 12:40:48] /up
[27/07/2012 12:42:59] /ghost
[27/07/2012 12:43:11] /raid
[27/07/2012 12:43:14] /raid on
[27/07/2012 12:43:24] /raid ex[
[27/07/2012 12:43:26] /raid exp
[27/07/2012 12:43:33] /raid inferno
[27/07/2012 12:43:55] /up
[27/07/2012 12:45:05] /down
[27/07/2012 12:45:07] /down
[27/07/2012 12:45:10] /down
[27/07/2012 12:45:12] /down
[27/07/2012 12:49:37] /a
[27/07/2012 12:49:43] /goto zatacka
[27/07/2012 12:58:31] /goto zatacka
[27/07/2012 13:01:16] /t
[27/07/2012 13:01:19] /ghost
[27/07/2012 13:02:24] /b i gtg sleep
[27/07/2012 13:02:29] /b later bro
[29/07/2012 01:20:31] /goto zatacka
[29/07/2012 01:20:47] /a 2
[29/07/2012 01:20:57] /a
[29/07/2012 01:21:02] /down
[29/07/2012 01:21:05] /ghost
[29/07/2012 01:21:15] /a 2
[29/07/2012 01:21:18] /a 2
[29/07/2012 01:21:39] /a 5
[29/07/2012 01:21:47] /a 5
[29/07/2012 01:22:08] /zombiestart
[29/07/2012 01:22:22] /a 2
[29/07/2012 01:22:24] /a
[29/07/2012 01:22:29] /a 2
[29/07/2012 01:22:36] /a 5
[29/07/2012 01:23:23] /a 15
[29/07/2012 01:23:26] /a 15
[29/07/2012 01:23:28] /a 15
[29/07/2012 01:24:50] /c soul less knight
[29/07/2012 01:25:59] /a 20
[29/07/2012 01:26:01] /a 20
[29/07/2012 01:26:03] /a 20
[29/07/2012 01:26:05] /a 20
[29/07/2012 01:26:10] /a 20
[29/07/2012 01:26:14] /a 20
[29/07/2012 01:26:20] /a 20
[29/07/2012 01:26:21] /a 20
[29/07/2012 01:26:26] /a 20
[29/07/2012 01:26:28] /a 20
[29/07/2012 01:26:32] /a 20
[29/07/2012 01:26:33] /a 20
[29/07/2012 01:26:35] /a 20
[29/07/2012 01:26:48] /c soul less knight
[29/07/2012 01:27:35] /a 2
[29/07/2012 01:27:59] /a 20
[29/07/2012 01:28:01] /a 20
[29/07/2012 01:28:04] /a 20
[29/07/2012 01:28:10] /a 20
[29/07/2012 01:28:14] /a 15
[29/07/2012 01:28:15] /a 15
[29/07/2012 01:28:17] /a 15
[29/07/2012 01:28:19] /a 15
[29/07/2012 01:28:19] /a 15
[29/07/2012 01:28:20] /a 15
[29/07/2012 01:28:21] /a 15
[29/07/2012 01:28:24] /a 5
[29/07/2012 01:28:24] /a 5
[29/07/2012 01:28:25] /a 5
[29/07/2012 01:28:26] /a 5
[29/07/2012 01:28:31] /c soul less knight
[29/07/2012 01:28:56] /a 15
[29/07/2012 01:28:57] /a 15
[29/07/2012 01:28:57] /a 15
[29/07/2012 01:28:58] /a 15
[29/07/2012 01:28:58] /a 15
[29/07/2012 01:28:59] /a 15
[29/07/2012 01:29:00] /a 15
[29/07/2012 01:29:00] /a 15
[29/07/2012 01:29:00] /a 15
[29/07/2012 01:29:01] /a 15
[29/07/2012 01:29:02] /a 15
[29/07/2012 01:29:04] /c soul less knight
[29/07/2012 01:29:26] /a 15
[29/07/2012 01:29:27] /a 15
[29/07/2012 01:29:28] /a 15
[29/07/2012 01:29:28] /a 15
[29/07/2012 01:29:29] /a 15
[29/07/2012 01:29:30] /a 15
[29/07/2012 01:29:30] /a 15
[29/07/2012 01:29:31] /a 15
[29/07/2012 01:29:33] /a 15
[29/07/2012 01:29:36] /a 5
[29/07/2012 01:29:37] /a 5
[29/07/2012 01:29:38] /a 5
[29/07/2012 01:29:38] /a 5
[29/07/2012 01:29:39] /a 5
[29/07/2012 01:29:40] /a 5
[29/07/2012 01:29:40] /a 5
[29/07/2012 01:29:40] /a 5
[29/07/2012 01:29:43] /a 5
[29/07/2012 01:29:43] /a 5
[29/07/2012 01:29:44] /a 5
[29/07/2012 01:29:44] /a 5
[29/07/2012 01:29:45] /a 5
[29/07/2012 01:29:45] /a 5
[29/07/2012 01:29:46] /a 5
[29/07/2012 01:29:46] /a 5
[29/07/2012 01:29:49] /a 5
[29/07/2012 01:29:50] /a 5
[29/07/2012 01:29:50] /a 5
[29/07/2012 01:29:51] /a 5
[29/07/2012 01:29:52] /a 5
[29/07/2012 01:29:52] /a 5
[29/07/2012 01:29:54] /a 5
[29/07/2012 01:29:54] /a 5
[29/07/2012 01:29:55] /a 5
[29/07/2012 01:29:56] /a 5
[29/07/2012 01:29:57] /a 5
[29/07/2012 01:29:57] /a 5
[29/07/2012 01:29:58] /a 5
[29/07/2012 01:29:58] /a 5
[29/07/2012 01:30:00] /a 5
[29/07/2012 01:30:01] /a 5
[29/07/2012 01:30:01] /a 5
[29/07/2012 01:30:02] /a 5
[29/07/2012 01:30:03] /a 5
[29/07/2012 01:30:04] /a 5
[29/07/2012 01:30:04] /a 5
[29/07/2012 01:30:06] /a 5
[29/07/2012 01:30:07] /a 5
[29/07/2012 01:30:09] /c soul less knight
[29/07/2012 01:30:36] /a 5
[29/07/2012 01:30:37] /a 5
[29/07/2012 01:30:37] /a 5
[29/07/2012 01:30:38] /a 5
[29/07/2012 01:30:38] /a 5
[29/07/2012 01:30:39] /a 5
[29/07/2012 01:30:39] /a 5
[29/07/2012 01:30:39] /a 5
[29/07/2012 01:30:40] /a 5
[29/07/2012 01:30:41] /a 5
[29/07/2012 01:30:41] /a 5
[29/07/2012 01:30:42] /a 5
[29/07/2012 01:30:42] /a 5
[29/07/2012 01:30:43] /a 5
[29/07/2012 01:30:48] /a 5
[29/07/2012 01:30:50] /a 5
[29/07/2012 01:31:10] /c soul less knight
[29/07/2012 01:31:32] /a 5
[29/07/2012 01:31:33] /a 5
[29/07/2012 01:31:33] /a 5
[29/07/2012 01:31:34] /a 5
[29/07/2012 01:31:34] /a 5
[29/07/2012 01:31:35] /a 5
[29/07/2012 01:31:35] /a 5
[29/07/2012 01:31:36] /a 5
[29/07/2012 01:31:36] /a 5
[29/07/2012 01:31:37] /a 5
[29/07/2012 01:31:39] /a 5
[29/07/2012 01:31:39] /a 5
[29/07/2012 01:31:40] /a 5
[29/07/2012 01:31:40] /a 5
[29/07/2012 01:31:42] /a 5
[29/07/2012 01:31:44] /c soul less knight
[29/07/2012 01:32:02] /c soul less knight
[29/07/2012 01:32:03] /c soul less knight
[29/07/2012 01:32:04] /c soul less knight
[29/07/2012 01:32:04] /c soul less knight
[29/07/2012 01:32:05] /a 5
[29/07/2012 01:32:06] /a 5
[29/07/2012 01:32:07] /a 5
[29/07/2012 01:32:07] /a 5
[29/07/2012 01:32:08] /a 5
[29/07/2012 01:32:08] /a 5
[29/07/2012 01:32:09] /a 5
[29/07/2012 01:32:09] /a 5
[29/07/2012 01:32:09] /a 5
[29/07/2012 01:32:10] /a 5
[29/07/2012 01:32:11] /a 5
[29/07/2012 01:32:11] /a 5
[29/07/2012 01:32:12] /a 5
[29/07/2012 01:32:12] /a 5
[29/07/2012 01:32:13] /a 5
[29/07/2012 01:32:13] /a 5
[29/07/2012 01:32:15] /a 5
[29/07/2012 01:32:16] /a 5
[29/07/2012 01:32:17] /a 5
[29/07/2012 01:32:18] /a 5
[29/07/2012 01:32:18] /a 5
[29/07/2012 01:32:18] /a 5
[29/07/2012 01:32:19] /a 5
[29/07/2012 01:32:19] /a 5
[29/07/2012 01:32:20] /a 5
[29/07/2012 01:32:20] /a 5
[29/07/2012 01:32:21] /a 5
[29/07/2012 01:32:21] /a 5
[29/07/2012 01:32:22] /a 5
[29/07/2012 01:32:22] /a 5
[29/07/2012 01:32:22] /a 5
[29/07/2012 01:32:23] /a 5
[29/07/2012 01:32:24] /a 5
[29/07/2012 01:32:24] /a 5
[29/07/2012 01:32:25] /a 5
[29/07/2012 01:32:25] /a 5
[29/07/2012 01:32:27] /a 5
[29/07/2012 01:32:29] /a 5
[29/07/2012 01:32:29] /a 5
[29/07/2012 01:32:30] /a 5
[29/07/2012 01:32:30] /a 5
[29/07/2012 01:32:32] /a 5
[29/07/2012 01:32:33] /a 5
[29/07/2012 01:32:33] /a 5
[29/07/2012 01:32:35] /a 5
[29/07/2012 01:32:35] /a 5
[29/07/2012 01:32:35] /a 5
[29/07/2012 01:32:36] /a 5
[29/07/2012 01:32:36] /a 5
[29/07/2012 01:32:37] /a 5
[29/07/2012 01:32:38] /a 5
[29/07/2012 01:32:38] /a 5
[29/07/2012 01:32:39] /a 5
[29/07/2012 01:32:39] /a 5
[29/07/2012 01:32:41] /a 5
[29/07/2012 01:32:42] /a 5
[29/07/2012 01:32:42] /a 5
[29/07/2012 01:32:43] /a 5
[29/07/2012 01:32:43] /a 5
[29/07/2012 01:32:44] /a 5
[29/07/2012 01:32:44] /a 5
[29/07/2012 01:32:45] /a 5
[29/07/2012 01:32:45] /a 5
[29/07/2012 01:32:46] /a 5
[29/07/2012 01:32:47] /a 5
[29/07/2012 01:32:49] /a 5
[29/07/2012 01:32:50] /a 5
[29/07/2012 01:32:52] /a 5
[29/07/2012 01:32:53] /a 5
[29/07/2012 01:32:56] /c soul less knight
