[30/08/2012 21:39:42] /m archdruid
[30/08/2012 21:40:53] /m exp bug
[30/08/2012 21:47:32] /attr group 8
[30/08/2012 21:47:47] /a 3
[30/08/2012 21:47:57] /i 5952
[30/08/2012 21:48:07] /r
[30/08/2012 21:48:13] /i 5956
[30/08/2012 21:48:18] /r
[30/08/2012 21:48:30] /i 12427
[30/08/2012 21:48:36] /r 100
[30/08/2012 21:48:38] /up
[30/08/2012 21:49:32] /ghost
[30/08/2012 21:49:34] /t
[30/08/2012 21:49:45] /clean
[30/08/2012 21:49:56] /a 2
[30/08/2012 21:50:14] /attr protection all 20%
[30/08/2012 21:50:24] /attr protection fire 20%
[30/08/2012 21:50:31] /attr protection 500
[30/08/2012 21:50:58] /up
[30/08/2012 21:50:59] /a 15
[30/08/2012 21:51:14] /owner Gonzo Mage
[30/08/2012 21:51:18] /owner Gonzo Mage
[30/08/2012 21:51:20] /c Gonzo Mage
[30/08/2012 21:52:09] /i 2091
[30/08/2012 21:52:31] /attr armor 9999
[30/08/2012 21:52:33] /attr armor 9999
[30/08/2012 21:52:40] /attr armor, 9999
[30/08/2012 21:52:45] /attr arm /attr armor, 9999
[30/08/2012 21:52:56] /attr arm 9999
[30/08/2012 21:53:10] /attr defense 9999
[30/08/2012 21:54:21] /i donated wand
[30/08/2012 21:54:24] /t
[30/08/2012 21:54:28] /a 5
[30/08/2012 21:54:34] /i donation wand
[30/08/2012 21:54:36] /goto /attr armor, 9999
[30/08/2012 21:54:39] /goto gonzo mage
[31/08/2012 01:25:44] /owner Gonzo Mage
[31/08/2012 01:25:49] /owner Gonzo Mage
[31/08/2012 01:43:20] /t
[31/08/2012 01:43:27] /m morde
[31/08/2012 01:43:27] /m morde
[31/08/2012 01:43:28] /m morde
[31/08/2012 01:43:28] /m morde
[31/08/2012 01:43:29] /m morde
[31/08/2012 01:43:34] /m morde
[31/08/2012 01:43:34] /m morde
[31/08/2012 01:43:35] /m morde
[31/08/2012 01:43:35] /m morde
[31/08/2012 01:43:36] /m morde
[31/08/2012 01:43:38] /m morde
[31/08/2012 01:43:39] /m morde
[31/08/2012 01:43:40] /m morde
[31/08/2012 01:43:40] /m morde
[31/08/2012 01:43:41] /m morde
[31/08/2012 01:43:41] /m morde
