[27/07/2012 13:58:59] /t Carroo
[27/07/2012 13:59:01] /t
[27/07/2012 14:00:57] /t
[27/07/2012 14:02:04] /r
[27/07/2012 14:02:05] /r
[27/07/2012 14:04:51] /r
[27/07/2012 14:06:40] /t
[27/07/2012 14:06:50] /attr actionid 9866
[27/07/2012 14:07:50] /i exp scroll
[27/07/2012 14:07:58] /m rebirth npc
[27/07/2012 14:08:01] /n rebirth npc
[27/07/2012 14:09:42] /i donation outfit changer
[27/07/2012 14:10:31] /i teleport scroll
[27/07/2012 14:11:51] /i 1387
[27/07/2012 14:11:52] /i 1387
[27/07/2012 14:11:53] /i 1387
[27/07/2012 14:11:54] /i 1387
[27/07/2012 14:11:59] /i 1387
[27/07/2012 14:11:59] /i 1387
[27/07/2012 14:12:01] /i 1387
[27/07/2012 14:12:02] /i 1387
[27/07/2012 14:12:03] /i 1387
[27/07/2012 14:12:17] /r
[27/07/2012 14:12:57] /i big table
[27/07/2012 14:13:00] /r
[27/07/2012 14:13:00] /r
[27/07/2012 14:13:04] /i 1387
[27/07/2012 14:13:50] /goto Jack Daniels
[27/07/2012 14:13:56] /goto Jack Daniels
[27/07/2012 14:14:20] /goto Owner Apdo
[27/07/2012 14:15:18] /goto Owner Apdo
[27/07/2012 14:16:54] /attr group 0
[27/07/2012 14:17:58] /attr group 7
[27/07/2012 14:22:53] /goto Owner Apdo
[27/07/2012 14:24:31] /goto Owner Apdo
[27/07/2012 14:24:41] /attr actionid 900
[27/07/2012 14:24:43] /attr actionid 900
[27/07/2012 14:24:44] /attr actionid 900
[27/07/2012 14:24:48] /attr actionid 900
[27/07/2012 14:27:00] /attr actionid 900
[27/07/2012 14:27:01] /attr actionid 900
[27/07/2012 14:28:02] /attr actionid 900
[27/07/2012 14:28:03] /attr actionid 900
[27/07/2012 14:28:18] /r
[27/07/2012 14:28:19] /r
[27/07/2012 14:28:22] /r
[27/07/2012 14:28:24] /r
[27/07/2012 14:28:32] /i 4739
[27/07/2012 14:29:33] /rename TuT Marlo,i'm gay
[27/07/2012 14:29:42] /rename TuT Marlo,i am gay
[27/07/2012 14:31:44] /rename I am gay,abdelrahman is gay
[27/07/2012 14:32:07] /t
[28/07/2012 12:34:55] /i medal of honour
[28/07/2012 12:36:47] /reload globalevent
[28/07/2012 12:36:48] /reload globalevents
[28/07/2012 12:36:52] /i vip scroll
[28/07/2012 12:39:04] /reload globalevents
[28/07/2012 12:45:16] /a
[28/07/2012 12:45:21] /a 2
[28/07/2012 12:55:19] /attr actionid 9866
[28/07/2012 13:09:19] /t
[28/07/2012 13:09:27] /reload action
[28/07/2012 13:09:35] /reload action
[28/07/2012 13:10:08] /reload action
[28/07/2012 13:10:58] /reload action
[28/07/2012 13:11:36] /reload globaevent
[28/07/2012 13:11:39] /reload globalevent
[28/07/2012 13:12:48] /reload action
[28/07/2012 13:13:11] /r
[28/07/2012 13:13:17] /r
[28/07/2012 13:13:33] /i 9866
[28/07/2012 13:14:05] /i 9866
[28/07/2012 13:14:07] /r
[28/07/2012 13:14:09] /r
[28/07/2012 13:14:36] /save
[28/07/2012 13:15:24] /i 9004
[28/07/2012 13:15:27] /i 9004
[28/07/2012 13:15:59] /attr open
[28/07/2012 13:16:03] /attr opendoor
[28/07/2012 13:16:10] /a
[28/07/2012 13:18:42] /i 9004
[28/07/2012 13:24:08] /i 9004
[28/07/2012 13:24:30] /attr actionid 5788
[28/07/2012 13:24:44] /attr actionid 0
[28/07/2012 13:26:27] /attr actionid 5788
[28/07/2012 13:26:34] /reload action
[28/07/2012 13:27:10] /reload action
[28/07/2012 13:27:30] /reload action
[28/07/2012 13:30:09] /reload action
[28/07/2012 13:32:24] /reload action
[28/07/2012 13:36:18] /reload action
[28/07/2012 13:36:30] /attr actionid 5786
[28/07/2012 13:36:35] /i 9004
[28/07/2012 13:37:24] /attr actionid 5786
[28/07/2012 13:37:28] /attr actionid 5786
[28/07/2012 13:37:31] /reload action
[28/07/2012 13:37:34] /i 5785
[28/07/2012 13:43:07] /reload action
[28/07/2012 13:49:11] /r
[28/07/2012 13:49:19] /attr actionid 13700
[28/07/2012 13:49:40] /attr uniqueid 13700
[28/07/2012 14:08:00] /n rebirth NPC
[28/07/2012 14:08:04] /n rebith NPC
[28/07/2012 14:08:07] /n rebith NPC
[28/07/2012 14:08:11] /i exp scroll
[28/07/2012 14:08:55] /i exp scroll
[28/07/2012 14:09:13] /r
[28/07/2012 14:09:19] /i 7038
[28/07/2012 14:09:47] /attr actioid 9866
[28/07/2012 14:09:59] /r
[28/07/2012 14:10:04] /i 7036
[28/07/2012 14:10:09] /attr actioid 9866
[28/07/2012 14:10:17] /attr actioid 9865
[28/07/2012 14:10:20] /attr actioid 9866
[28/07/2012 14:11:45] /attr acrioid 9866
[28/07/2012 14:15:03] /attr actionid 9866
[28/07/2012 14:15:21] /attr actionid 0
[28/07/2012 14:15:23] /attr actionid 9866
[28/07/2012 14:15:26] /r
[28/07/2012 14:15:42] /i 7036
[28/07/2012 14:15:47] /attr actionid 9866
[28/07/2012 14:16:12] /r
[28/07/2012 14:16:19] /i 7034
[28/07/2012 14:16:25] /attr actionid 9866
[28/07/2012 14:21:24] /reload movement
[28/07/2012 14:21:25] /reload movements
[28/07/2012 14:23:01] /t
[28/07/2012 14:25:24] /reload creaturescript
[28/07/2012 14:26:23] /i exp scroll
[28/07/2012 14:26:29] /i exp scroll
[28/07/2012 14:26:31] /i exp scroll
[28/07/2012 14:27:03] /i exp scroll
[28/07/2012 14:27:21] /attr actionid 900
[28/07/2012 14:28:01] /n Rebirth NPC
[28/07/2012 14:28:03] /n Rebirth NPC
[28/07/2012 14:28:07] /goto Rebirth NPC
[28/07/2012 14:32:10] /reload action
[28/07/2012 14:32:52] /i 5952
[28/07/2012 14:32:57] /r
[28/07/2012 14:33:08] /reload action
[28/07/2012 14:39:13] /i great mana rune
[28/07/2012 14:39:17] /i great manarune
[28/07/2012 14:39:26] /i xgreat manarune
[28/07/2012 14:39:47] /ghost
[28/07/2012 14:39:58] /goto owner abdo
[28/07/2012 14:40:03] /goto owner apdo
[28/07/2012 14:40:49] /t
[28/07/2012 14:44:57] /save
[28/07/2012 14:44:59] /save
[28/07/2012 14:45:31] /clean
[28/07/2012 14:45:44] /ghost
[28/07/2012 14:46:35] /ghost
[28/07/2012 14:46:48] /i 7708
[28/07/2012 14:47:42] /a  2
[28/07/2012 14:48:22] /r
[28/07/2012 14:48:25] /i 7708
[28/07/2012 14:52:02] /reload spells
[28/07/2012 14:52:04] /i 
[28/07/2012 14:53:03] /i 2307
[28/07/2012 14:54:07] /goto cheeze
[28/07/2012 14:54:08] /goto cheeze
[28/07/2012 14:54:09] /goto cheeze
[28/07/2012 14:54:09] /goto cheeze
[28/07/2012 14:54:10] /goto cheeze
[28/07/2012 14:54:10] /goto cheeze
[28/07/2012 14:54:11] /goto cheeze
[28/07/2012 14:56:08] /goto [ScripTeR] CheeZe 
[28/07/2012 14:57:22] /reload movements
[28/07/2012 14:57:54] /i 1387
[28/07/2012 14:59:41] /rename hoster,Zatacka
