[03/09/2012 05:04:26] /c assassin
[03/09/2012 05:04:27] /c assassin
[03/09/2012 05:04:28] /c assassin
[03/09/2012 05:04:28] /c assassin
[03/09/2012 05:04:29] /c assassin
[03/09/2012 05:04:29] /c assassin
[03/09/2012 05:04:30] /c assassin
[03/09/2012 05:04:31] /c assassin
[03/09/2012 05:04:31] /c assassin
[03/09/2012 05:04:32] /c assassin
[03/09/2012 05:04:32] /c assassin
[03/09/2012 05:04:32] /c assassin
[03/09/2012 05:04:33] /c assassin
[03/09/2012 05:04:33] /c assassin
[03/09/2012 05:04:33] /c assassin
[03/09/2012 05:04:33] /c assassin
[03/09/2012 05:04:34] /c assassin
[03/09/2012 05:04:34] /c assassin
[03/09/2012 05:04:35] /c assassin
[03/09/2012 05:04:35] /c assassin
[03/09/2012 05:04:36] /c assassin
[03/09/2012 05:04:36] /c assassin
[03/09/2012 05:04:37] /c assassin
[03/09/2012 05:04:37] /c assassin
[03/09/2012 05:04:38] /c assassin
[03/09/2012 05:04:38] /c assassin
[03/09/2012 05:04:39] /c assassin
[03/09/2012 05:04:39] /c assassin
[03/09/2012 05:04:40] /c assassin
[03/09/2012 05:04:40] /c assassin
[03/09/2012 05:04:41] /c assassin
[03/09/2012 05:04:42] /c assassin
[03/09/2012 05:05:52] /c assassin
[03/09/2012 05:05:53] /c assassin
[03/09/2012 05:05:53] /c assassin
[03/09/2012 05:05:54] /c assassin
[03/09/2012 05:05:54] /c assassin
[03/09/2012 05:05:55] /c assassin
[03/09/2012 05:05:55] /c assassin
[03/09/2012 05:05:55] /c assassin
[03/09/2012 05:05:56] /c assassin
[03/09/2012 05:05:56] /c assassin
[03/09/2012 05:05:57] /c assassin
[03/09/2012 05:05:57] /c assassin
[03/09/2012 05:05:58] /c assassin
[03/09/2012 05:05:58] /c assassin
[03/09/2012 05:05:59] /c assassin
[03/09/2012 05:06:20] /c assassin
[03/09/2012 05:06:20] /c assassin
[03/09/2012 05:06:21] /c assassin
[03/09/2012 05:06:31] /c assassin
[03/09/2012 05:08:41] /c assassin
[03/09/2012 05:09:00] /c assassin
[03/09/2012 05:09:09] /c assassin
[03/09/2012 05:09:21] /c assassin
[03/09/2012 05:09:47] /c assassin
[03/09/2012 05:10:17] /up
[03/09/2012 05:10:29] /down
[03/09/2012 05:10:32] /c assassin
[03/09/2012 05:10:37] /c assassin
[03/09/2012 05:10:41] /c assassin
[03/09/2012 05:10:46] /c assassin
[03/09/2012 05:10:51] /c assassin
[03/09/2012 05:10:55] /c assassin
[03/09/2012 05:10:58] /c assassin
[03/09/2012 05:11:04] /c assassin
[03/09/2012 05:11:07] /c assassin
[03/09/2012 05:11:11] /c assassin
[03/09/2012 05:11:14] /c assassin
[03/09/2012 05:11:20] /c assassin
[03/09/2012 05:11:25] /c assassin
[03/09/2012 05:11:30] /c assassin
[03/09/2012 05:11:35] /c assassin
[03/09/2012 05:11:41] /c assassin
[03/09/2012 05:11:46] /c assassin
[03/09/2012 05:11:53] /c assassin
[03/09/2012 05:11:57] /c assassin
[03/09/2012 05:12:02] /c assassin
[03/09/2012 05:12:09] /c assassin
[03/09/2012 05:12:48] /c assassinm
[03/09/2012 05:12:51] /c assassin
[03/09/2012 05:13:05] /b no que pinche server chafa??
[03/09/2012 05:13:12] /c assassin
[03/09/2012 05:13:56] /c assassin
[03/09/2012 05:13:58] /c assassin
[03/09/2012 05:14:00] /c assassin
[03/09/2012 05:14:03] /c assassin
[03/09/2012 05:14:05] /c assassin
[03/09/2012 05:14:07] /c assassin
[03/09/2012 05:14:10] /c assassin
[03/09/2012 05:14:13] /c assassin
[03/09/2012 05:14:16] /c assassin
[03/09/2012 05:14:19] /c assassin
[03/09/2012 05:14:25] /c assassin
[03/09/2012 05:14:29] /c assassin
[03/09/2012 05:14:33] /c assassin
[03/09/2012 05:14:37] /c assassin
[03/09/2012 05:14:44] /c assassin
[03/09/2012 05:14:46] /c assassin
[03/09/2012 05:15:45] /attr group 5
[03/09/2012 05:16:20] /c assassin
[03/09/2012 05:20:07] /i 12606
[03/09/2012 05:20:18] /i 12603
[03/09/2012 05:20:35] /attr group 6
[03/09/2012 05:22:32] /t
[03/09/2012 05:23:14] /a
[03/09/2012 05:23:14] /a
[03/09/2012 05:23:15] /a
[03/09/2012 05:23:15] /a
[03/09/2012 05:23:15] /a
[03/09/2012 05:23:21] /a
[03/09/2012 05:23:22] /a
[03/09/2012 05:23:22] /a
[03/09/2012 05:23:23] /a
[03/09/2012 05:23:23] /a
[03/09/2012 05:23:23] /a
[03/09/2012 05:23:23] /a
[03/09/2012 05:23:23] /a
[03/09/2012 05:23:26] /a
[03/09/2012 05:23:26] /a
[03/09/2012 05:23:27] /a
[03/09/2012 05:23:27] /a
[03/09/2012 05:23:27] /a
[03/09/2012 05:23:27] /a
[03/09/2012 05:23:27] /a
[03/09/2012 05:23:27] /a
[03/09/2012 05:23:27] /a
[03/09/2012 05:23:27] /a
[03/09/2012 05:23:27] /a
[03/09/2012 05:23:27] /a
[03/09/2012 05:23:27] /a
[03/09/2012 05:23:27] /a
[03/09/2012 05:23:27] /a
[03/09/2012 05:23:27] /a
[03/09/2012 05:23:27] /a
[03/09/2012 05:23:27] /a
[03/09/2012 05:23:27] /a
[03/09/2012 05:23:27] /a
[03/09/2012 05:23:28] /a
[03/09/2012 05:23:28] /a
[03/09/2012 05:23:37] /a
[03/09/2012 05:23:37] /a
[03/09/2012 05:23:38] /a
[03/09/2012 05:23:38] /a
[03/09/2012 05:23:38] /a
[03/09/2012 05:23:38] /a
[03/09/2012 05:23:38] /a
[03/09/2012 05:23:38] /a
[03/09/2012 05:23:39] /a
[03/09/2012 05:23:39] /a
[03/09/2012 05:23:39] /a
[03/09/2012 05:23:39] /a
[03/09/2012 05:23:39] /a
[03/09/2012 05:23:39] /a
[03/09/2012 05:23:39] /a
[03/09/2012 05:23:39] /a
[03/09/2012 05:23:39] /a
[03/09/2012 05:23:40] /a
[03/09/2012 05:23:40] /a
[03/09/2012 05:23:40] /a
[03/09/2012 05:23:40] /a
[03/09/2012 05:23:40] /a
[03/09/2012 05:23:40] /a
[03/09/2012 05:23:40] /a
[03/09/2012 05:23:40] /a
[03/09/2012 05:23:40] /a
[03/09/2012 05:23:40] /a
[03/09/2012 05:23:40] /a
[03/09/2012 05:23:40] /a
[03/09/2012 05:23:40] /a
[03/09/2012 05:23:40] /a
[03/09/2012 05:23:40] /a
[03/09/2012 05:23:40] /a
[03/09/2012 05:23:41] /a
[03/09/2012 05:23:42] /a
[03/09/2012 05:23:42] /a
[03/09/2012 05:23:42] /a
[03/09/2012 05:23:42] /a
[03/09/2012 05:23:42] /a
[03/09/2012 05:23:42] /a
[03/09/2012 05:23:42] /a
[03/09/2012 05:23:42] /a
[03/09/2012 05:23:42] /a
[03/09/2012 05:23:42] /a
[03/09/2012 05:23:42] /a
[03/09/2012 05:23:42] /a
[03/09/2012 05:23:42] /a
[03/09/2012 05:23:42] /a
[03/09/2012 05:23:42] /a
[03/09/2012 05:23:42] /a
[03/09/2012 05:23:42] /a
[03/09/2012 05:23:42] /a
[03/09/2012 05:23:42] /a
[03/09/2012 05:23:42] /a
[03/09/2012 05:23:42] /a
[03/09/2012 05:23:43] /a
[03/09/2012 05:23:43] /a
[03/09/2012 05:23:43] /a
[03/09/2012 05:23:43] /a
[03/09/2012 05:23:43] /a
[03/09/2012 05:23:43] /a
[03/09/2012 05:23:43] /a
[03/09/2012 05:23:43] /a
[03/09/2012 05:23:43] /a
[03/09/2012 05:23:43] /a
[03/09/2012 05:23:43] /a
[03/09/2012 05:23:43] /a
[03/09/2012 05:23:43] /a
[03/09/2012 05:23:43] /a
[03/09/2012 05:23:43] /a
[03/09/2012 05:23:43] /a
[03/09/2012 05:23:43] /a
[03/09/2012 05:23:43] /a
[03/09/2012 05:23:43] /a
[03/09/2012 05:23:43] /a
[03/09/2012 05:23:43] /a
[03/09/2012 05:23:43] /a
[03/09/2012 05:23:43] /a
[03/09/2012 05:23:43] /a
[03/09/2012 05:23:44] /a
[03/09/2012 05:23:44] /a
[03/09/2012 05:23:44] /a
[03/09/2012 05:23:44] /a
[03/09/2012 05:23:44] /a
[03/09/2012 05:23:44] /a
[03/09/2012 05:23:44] /a
[03/09/2012 05:23:44] /a
[03/09/2012 05:23:44] /a
[03/09/2012 05:23:44] /a
[03/09/2012 05:23:44] /a
[03/09/2012 05:23:44] /a
[03/09/2012 05:23:44] /a
[03/09/2012 05:23:44] /a
[03/09/2012 05:23:44] /a
[03/09/2012 05:23:44] /a
[03/09/2012 05:23:44] /a
[03/09/2012 05:23:44] /a
[03/09/2012 05:23:44] /a
[03/09/2012 05:23:44] /a
[03/09/2012 05:23:44] /a
[03/09/2012 05:23:44] /a
[03/09/2012 05:23:44] /a
[03/09/2012 05:23:45] /a
[03/09/2012 05:23:45] /a
[03/09/2012 05:23:45] /a
[03/09/2012 05:23:45] /a
[03/09/2012 05:23:45] /a
[03/09/2012 05:23:45] /a
[03/09/2012 05:23:45] /a
[03/09/2012 05:23:45] /a
[03/09/2012 05:23:45] /a
[03/09/2012 05:23:45] /a
[03/09/2012 05:23:45] /a
[03/09/2012 05:23:45] /a
[03/09/2012 05:23:45] /a
[03/09/2012 05:23:45] /a
[03/09/2012 05:23:45] /a
[03/09/2012 05:23:45] /a
[03/09/2012 05:23:45] /a
[03/09/2012 05:23:45] /a
[03/09/2012 05:23:45] /a
[03/09/2012 05:23:45] /a
[03/09/2012 05:23:45] /a
[03/09/2012 05:23:45] /a
[03/09/2012 05:23:45] /a
[03/09/2012 05:23:45] /a
[03/09/2012 05:23:45] /a
[03/09/2012 05:23:45] /a
[03/09/2012 05:23:45] /a
[03/09/2012 05:23:45] /a
[03/09/2012 05:23:45] /a
[03/09/2012 05:23:45] /a
[03/09/2012 05:23:45] /a
[03/09/2012 05:23:46] /a
[03/09/2012 05:23:46] /a
[03/09/2012 05:23:46] /a
[03/09/2012 05:23:46] /a
[03/09/2012 05:23:46] /a
[03/09/2012 05:23:46] /a
[03/09/2012 05:23:46] /a
[03/09/2012 05:23:46] /a
[03/09/2012 05:23:46] /a
[03/09/2012 05:23:46] /a
[03/09/2012 05:23:46] /a
[03/09/2012 05:23:46] /a
[03/09/2012 05:23:46] /a
[03/09/2012 05:23:46] /a
[03/09/2012 05:23:46] /a
[03/09/2012 05:23:46] /a
[03/09/2012 05:23:46] /a
[03/09/2012 05:23:50] /a
[03/09/2012 05:23:50] /a
[03/09/2012 05:23:50] /a
[03/09/2012 05:23:51] /a
[03/09/2012 05:23:51] /a
[03/09/2012 05:23:51] /a
[03/09/2012 05:23:51] /a
[03/09/2012 05:23:51] /a
[03/09/2012 05:23:51] /a
[03/09/2012 05:23:52] /a
[03/09/2012 05:23:52] /a
[03/09/2012 05:23:52] /a
[03/09/2012 05:23:52] /a
[03/09/2012 05:23:52] /a
[03/09/2012 05:23:52] /a
[03/09/2012 05:23:52] /a
[03/09/2012 05:23:53] /a
[03/09/2012 05:23:54] /a
[03/09/2012 05:23:55] /a
[03/09/2012 05:23:55] /a
[03/09/2012 05:23:55] /a
[03/09/2012 05:23:55] /a
[03/09/2012 05:23:55] /a
[03/09/2012 05:23:55] /a
[03/09/2012 05:23:56] /a
[03/09/2012 05:23:56] /a
[03/09/2012 05:24:04] /c assassin
[03/09/2012 05:27:16] /t
[03/09/2012 05:29:12] /i 2091
[03/09/2012 05:30:01] /c zatack
[03/09/2012 05:30:02] /c zatackA
[03/09/2012 05:31:46] /a
[03/09/2012 05:31:46] /a
[03/09/2012 05:31:46] /a
[03/09/2012 05:31:47] /a
[03/09/2012 05:31:47] /a
[03/09/2012 05:33:18] /c zatacka
[03/09/2012 05:36:25] /c assassin
[03/09/2012 05:37:59] /s trainer
[03/09/2012 05:38:09] /r
[03/09/2012 05:39:09] /i donation sd
[03/09/2012 05:39:51] /i donation sword
[03/09/2012 05:41:15] /i donation spear thrower
[03/09/2012 05:41:34] /r
[03/09/2012 05:41:34] /r
[03/09/2012 05:41:35] /r
[03/09/2012 05:41:35] /r
[03/09/2012 05:41:35] /r
[03/09/2012 05:41:35] /r
[03/09/2012 05:41:35] /r
[03/09/2012 05:41:35] /r
[03/09/2012 05:41:35] /r
[03/09/2012 05:41:35] /r
[03/09/2012 05:41:35] /r
[03/09/2012 05:41:35] /r
[03/09/2012 05:41:35] /r
[03/09/2012 05:41:35] /r
[03/09/2012 05:41:35] /r
[03/09/2012 05:41:35] /r
[03/09/2012 05:41:35] /r
[03/09/2012 05:41:35] /r
[03/09/2012 05:41:35] /r
[03/09/2012 05:41:35] /r
[03/09/2012 05:41:35] /r
[03/09/2012 05:41:35] /r
[03/09/2012 05:41:35] /r
[03/09/2012 05:41:35] /r
[03/09/2012 05:41:35] /r
[03/09/2012 05:41:35] /r
[03/09/2012 05:41:35] /r
[03/09/2012 05:41:35] /r
[03/09/2012 05:41:35] /r
[03/09/2012 05:41:35] /r
[03/09/2012 05:41:36] /r
[03/09/2012 05:41:36] /r
[03/09/2012 05:41:36] /r
[03/09/2012 05:41:36] /r
[03/09/2012 05:41:36] /r
[03/09/2012 05:41:36] /r
[03/09/2012 05:41:36] /r
[03/09/2012 05:42:21] /attr set 55555
[03/09/2012 05:44:34] /goto assassin
[03/09/2012 05:44:45] /goto assassin
[03/09/2012 05:45:31] /r
[03/09/2012 05:46:05] /a
[03/09/2012 05:46:10] /goto assassin
[03/09/2012 05:46:32] /goto assassin
[03/09/2012 05:46:55] /a
[03/09/2012 05:47:20] /s rebell
[03/09/2012 05:47:23] /s rebell
[03/09/2012 05:47:29] /a
[03/09/2012 05:48:41] /goto assassin
[03/09/2012 05:49:35] /t
[03/09/2012 05:49:42] /c assassin
[03/09/2012 05:52:05] /a
[03/09/2012 05:52:11] /s rebell
[03/09/2012 05:52:57] /goto assassin
[03/09/2012 05:53:07] /goto assassin
[03/09/2012 05:53:11] /goto assassin
[03/09/2012 05:53:23] /goto assassin
[03/09/2012 05:53:24] /goto assassin
[03/09/2012 05:53:25] /goto assassin
[03/09/2012 05:53:25] /goto assassin
[03/09/2012 05:53:26] /goto assassin
[03/09/2012 05:53:26] /goto assassin
[03/09/2012 05:53:27] /goto assassin
[03/09/2012 05:53:27] /goto assassin
[03/09/2012 05:53:28] /goto assassin
[03/09/2012 05:53:28] /goto assassin
[03/09/2012 05:53:29] /goto assassin
[03/09/2012 05:55:07] /s draken
[03/09/2012 05:55:10] /s draken warmaster
[03/09/2012 05:56:27] /t
[03/09/2012 05:58:23] /t
[03/09/2012 06:02:37] /a
[03/09/2012 06:02:37] /a
[03/09/2012 06:02:38] /a
[05/09/2012 00:03:46] /i 2091
[05/09/2012 00:03:47] /i 2091
[05/09/2012 00:03:48] /i 2091
[05/09/2012 00:03:48] /i 2091
[05/09/2012 00:03:49] /i 2091
[05/09/2012 00:04:56] /attr
[05/09/2012 00:05:00] /attr set
[05/09/2012 00:05:03] /attr set 11
[05/09/2012 00:05:06] /attr set 111111
[05/09/2012 00:06:06] /ghost
[05/09/2012 00:06:23] /ghost
[05/09/2012 00:08:03] /i 12607
[05/09/2012 00:08:08] /i 12604
[05/09/2012 00:08:16] /i 12603
[05/09/2012 00:19:30] /ghost
[05/09/2012 00:21:33] /ghost
[05/09/2012 00:21:42] /s rebell
[05/09/2012 00:22:54] /s rebell
[05/09/2012 00:23:14] /s rebell
[05/09/2012 00:23:17] /s rebell
[05/09/2012 00:27:33] /c assassin
[05/09/2012 00:27:39] /s rebell
[05/09/2012 00:28:14] /s rebell
[05/09/2012 00:29:16] /s weirdo
[05/09/2012 00:29:20] /s weirdo
[05/09/2012 00:29:21] /s weirdo
[05/09/2012 00:29:22] /s weirdo
[05/09/2012 00:29:22] /s weirdo
[05/09/2012 00:29:23] /s weirdo
[05/09/2012 00:29:23] /s weirdo
[05/09/2012 00:29:24] /s weirdo
[05/09/2012 00:29:25] /s weirdo
[05/09/2012 00:29:25] /s weirdo
[05/09/2012 00:29:26] /s weirdo
[05/09/2012 00:29:29] /s weirdo
[05/09/2012 00:29:30] /s weirdo
[05/09/2012 00:29:30] /s weirdo
[05/09/2012 00:30:57] /r
[05/09/2012 00:31:04] /r
[05/09/2012 00:31:05] /r
[05/09/2012 00:31:15] /r
[05/09/2012 00:31:16] /r
[05/09/2012 00:31:24] /r
[05/09/2012 00:31:25] /r
[05/09/2012 00:31:25] /r
[05/09/2012 00:31:30] /s rebell
[05/09/2012 00:32:18] /s trainer
[05/09/2012 00:32:26] /s rebell
[05/09/2012 00:32:27] /s rebell
[05/09/2012 00:32:28] /s rebell
[05/09/2012 00:32:28] /s rebell
[05/09/2012 00:32:29] /s rebell
[05/09/2012 00:32:29] /s rebell
[05/09/2012 00:32:30] /s rebell
[05/09/2012 00:32:30] /s rebell
[05/09/2012 00:32:31] /s rebell
[05/09/2012 00:32:31] /s rebell
[05/09/2012 00:32:32] /s rebell
[05/09/2012 00:32:32] /s rebell
[05/09/2012 00:35:17] /a
[05/09/2012 00:35:17] /a
[05/09/2012 00:35:27] /a
[05/09/2012 00:35:29] /a
[05/09/2012 00:35:30] /a
[05/09/2012 00:35:30] /a
[05/09/2012 00:35:30] /a
[05/09/2012 00:35:30] /a
[05/09/2012 00:35:30] /a
[05/09/2012 00:35:30] /a
[05/09/2012 00:35:30] /a
[05/09/2012 00:35:30] /a
[05/09/2012 00:35:31] /a
[05/09/2012 00:35:31] /a
[05/09/2012 00:35:32] /a
[05/09/2012 00:35:32] /a
[05/09/2012 00:35:32] /a
[05/09/2012 00:35:32] /a
[05/09/2012 00:35:33] /a
[05/09/2012 00:35:33] /a
[05/09/2012 00:35:33] /a
[05/09/2012 00:35:33] /a
[05/09/2012 00:35:34] /a
[05/09/2012 00:35:34] /a
[05/09/2012 00:35:35] /a
[05/09/2012 00:35:35] /a
[05/09/2012 00:35:35] /a
[05/09/2012 00:35:35] /a
[05/09/2012 00:35:36] /a
[05/09/2012 00:37:26] /a
[05/09/2012 00:37:30] /a
[05/09/2012 00:37:31] /a
[05/09/2012 00:37:31] /a
[05/09/2012 00:37:31] /a
[05/09/2012 00:37:31] /a
[05/09/2012 00:37:31] /a
[05/09/2012 00:37:31] /a
[05/09/2012 00:37:31] /a
[05/09/2012 00:37:31] /a
[05/09/2012 00:37:31] /a
[05/09/2012 00:37:31] /a
[05/09/2012 00:37:31] /a
[05/09/2012 00:37:31] /a
[05/09/2012 00:37:31] /a
[05/09/2012 00:37:31] /a
[05/09/2012 00:37:31] /a
[05/09/2012 00:37:31] /a
[05/09/2012 00:37:31] /a
[05/09/2012 00:37:31] /a
[05/09/2012 00:37:31] /a
[05/09/2012 00:37:31] /a
[05/09/2012 00:37:32] /a
[05/09/2012 00:37:32] /a
[05/09/2012 00:37:33] /a
[05/09/2012 00:37:34] /a
[05/09/2012 00:38:33] /a
[05/09/2012 00:38:34] /a
[05/09/2012 00:38:34] /a
[05/09/2012 00:38:35] /a
[05/09/2012 00:38:35] /a
[05/09/2012 00:38:35] /a
[05/09/2012 00:38:36] /a
[05/09/2012 00:38:36] /a
[05/09/2012 00:38:36] /a
[05/09/2012 00:38:36] /a
[05/09/2012 00:38:36] /a
[05/09/2012 00:38:36] /a
[05/09/2012 00:38:36] /a
[05/09/2012 00:38:36] /a
[05/09/2012 00:38:36] /a
[05/09/2012 00:38:36] /a
[05/09/2012 00:38:36] /a
[05/09/2012 00:38:36] /a
[05/09/2012 00:38:36] /a
[05/09/2012 00:38:36] /a
[05/09/2012 00:38:36] /a
[05/09/2012 00:38:36] /a
[05/09/2012 00:38:36] /a
[05/09/2012 00:38:36] /a
[05/09/2012 00:38:36] /a
[05/09/2012 00:38:37] /a
[05/09/2012 00:38:59] /a
[05/09/2012 00:38:59] /a
[05/09/2012 00:38:59] /a
[05/09/2012 00:38:59] /a
[05/09/2012 00:38:59] /a
[05/09/2012 00:38:59] /a
[05/09/2012 00:38:59] /a
[05/09/2012 00:38:59] /a
[05/09/2012 00:39:00] /a
[05/09/2012 00:39:00] /a
[05/09/2012 00:39:00] /a
[05/09/2012 00:39:00] /a
[05/09/2012 00:39:00] /a
[05/09/2012 00:39:00] /a
[05/09/2012 00:39:00] /a
[05/09/2012 00:39:00] /a
[05/09/2012 00:39:00] /a
[05/09/2012 00:39:00] /a
[05/09/2012 00:39:00] /a
[05/09/2012 00:39:00] /a
[05/09/2012 00:39:00] /a
[05/09/2012 00:39:00] /a
[05/09/2012 00:39:00] /a
[05/09/2012 00:39:00] /a
[05/09/2012 00:39:00] /a
[05/09/2012 00:39:00] /a
[05/09/2012 00:39:00] /a
[05/09/2012 00:40:38] /s stone
[05/09/2012 00:40:42] /i stone
[05/09/2012 00:40:44] /i stone
[05/09/2012 00:40:45] /i stone
[05/09/2012 00:40:46] /i stone
[05/09/2012 00:40:49] /i stone
[05/09/2012 00:40:51] /i stone
[05/09/2012 00:40:54] /i stone
[05/09/2012 00:40:55] /i stone
[05/09/2012 00:40:56] /i stone
[05/09/2012 00:40:59] /i stone
[05/09/2012 00:41:01] /i stone
[05/09/2012 00:41:05] /i stone
[05/09/2012 00:41:07] /i stone
[05/09/2012 00:41:09] /i stone
[05/09/2012 00:41:12] /i stone
[05/09/2012 00:41:15] /i stone
[05/09/2012 00:41:16] /i stone
[05/09/2012 00:41:19] /i stone
[05/09/2012 00:41:29] /a
[05/09/2012 00:41:29] /a
[05/09/2012 00:41:29] /a
[05/09/2012 00:41:31] /i stone
[05/09/2012 00:41:35] /i stone
[05/09/2012 00:41:39] /i stone
[05/09/2012 00:45:03] /r
[05/09/2012 00:45:04] /r
[05/09/2012 00:45:06] /r
[05/09/2012 00:45:08] /r
[05/09/2012 00:45:09] /r
[05/09/2012 00:45:10] /r
[05/09/2012 00:45:12] /r
[05/09/2012 00:45:13] /r
[05/09/2012 00:45:14] /r
[05/09/2012 00:45:16] /r
[05/09/2012 00:45:17] /r
[05/09/2012 00:45:18] /r
[05/09/2012 00:45:19] /r
[05/09/2012 00:45:21] /r
[05/09/2012 00:45:23] /r
[05/09/2012 00:45:24] /r
[05/09/2012 00:45:25] /r
[05/09/2012 00:45:29] /r
[05/09/2012 00:45:31] /r
[05/09/2012 00:45:32] /r
[05/09/2012 00:45:34] /r
[05/09/2012 00:45:36] /r
[05/09/2012 00:45:38] /r
[05/09/2012 00:45:40] /r
[05/09/2012 00:45:42] /r
[05/09/2012 00:45:44] /r
[05/09/2012 00:45:45] /r
[05/09/2012 00:45:46] /r
[05/09/2012 00:45:47] /r
[05/09/2012 00:45:48] /r
[05/09/2012 00:45:48] /r
