[30/08/2012 16:14:59] /i exp scroll
[30/08/2012 16:15:39] /i donation wand
[30/08/2012 16:15:55] /i donation helmet
[30/08/2012 16:15:57] /i donation armor
[30/08/2012 16:16:01] /i donation shield
[30/08/2012 16:16:04] /i donation legs
[30/08/2012 16:16:07] /i donation boots
[30/08/2012 16:16:53] /m training boy
[30/08/2012 16:18:00] /b ey
[30/08/2012 16:18:12] /newtype
[30/08/2012 16:18:14] /newtype 300
[30/08/2012 16:18:17] /newtype 310
[30/08/2012 16:18:18] /newtype 311
[30/08/2012 16:18:19] /newtype 312
[30/08/2012 16:18:22] /newtype 311
[30/08/2012 16:21:44] /i shimmers
[30/08/2012 16:21:47] /i shimmer
[30/08/2012 16:21:54] /i 2212
[30/08/2012 16:22:04] /i 2582
[30/08/2012 16:22:08] /r
[30/08/2012 16:22:35] /i 7702
[30/08/2012 16:22:39] /i 7708
[30/08/2012 16:23:27] /i donation coin
[30/08/2012 16:28:03] /t
[30/08/2012 16:32:17] /t
[30/08/2012 16:32:23] /i 12117
[30/08/2012 16:32:47] /r
[30/08/2012 16:32:53] /i large throne
