[05/08/2012 06:37:48] /goto zatacka
[05/08/2012 07:08:32] /i manarune
[05/08/2012 07:08:35] /i mana rune
[05/08/2012 07:09:37] /c astro
[05/08/2012 07:23:21] /t
[05/08/2012 07:24:04] /goto zatacka
[05/08/2012 07:24:08] /a 2
[05/08/2012 07:48:16] /goto marshmallows
[05/08/2012 07:48:18] /goto marshmallows
[05/08/2012 07:48:35] /goto astro
[05/08/2012 07:48:38] /c astro
[05/08/2012 07:49:37] /r
[05/08/2012 07:51:49] /save
[05/08/2012 07:53:33] /r
[05/08/2012 07:53:40] /i 3532
[05/08/2012 07:53:41] /t
[05/08/2012 07:54:07] /a
[05/08/2012 07:54:08] /up
[05/08/2012 07:54:10] /up
[05/08/2012 07:55:40] /a
[05/08/2012 07:55:41] /r
[05/08/2012 07:56:24] /r
[05/08/2012 07:56:26] /r
[05/08/2012 07:56:32] /r
[05/08/2012 07:56:34] /r
[05/08/2012 07:56:37] /r
[05/08/2012 08:14:30] /m orshabaal
[05/08/2012 08:16:19] /i spy report
[05/08/2012 08:17:08] /i 2574
[05/08/2012 08:17:17] /m fire elemental
[05/08/2012 08:17:30] /i massive fire elemental
[05/08/2012 08:17:35] /m massive fire elemental
[05/08/2012 08:17:48] /i earth elemental
[05/08/2012 08:17:53] /m earth elemental
[05/08/2012 08:17:59] /m polar bear
[05/08/2012 08:18:17] /m massive earth elemental
[05/08/2012 08:18:28] /m earth dragon
[05/08/2012 08:18:49] /m earth elemental
[05/08/2012 08:18:57] /m earth overlord
[05/08/2012 08:19:24] /addskill linin, level, 10000000000
[05/08/2012 08:19:33] /addskill linin, level, 10000000000
[05/08/2012 08:19:34] /addskill linin, level, 10000000000
[05/08/2012 08:19:35] /addskill linin, level, 100000000
[05/08/2012 08:19:36] /addskill linin, level, 100000000
[05/08/2012 08:19:37] /addskill linin, level, 100000000
[05/08/2012 08:19:37] /addskill linin, level, 100000000
[05/08/2012 08:19:38] /addskill linin, level, 10000000
[05/08/2012 08:19:39] /addskill linin, level, 10000000
[05/08/2012 08:19:40] /addskill linin, level, 10000000
