[14/08/2012 14:16:40] /i
[14/08/2012 14:16:42] /i fire
[14/08/2012 14:16:50] /i ice cube
[14/08/2012 14:16:53] /i ice cube
[14/08/2012 14:16:55] /i ice cube
[14/08/2012 14:16:57] /i ice cube
[14/08/2012 14:17:09] /i icecube
[14/08/2012 14:17:17] /i ice cube
[14/08/2012 14:17:18] /i ice cube
[14/08/2012 14:17:19] /i ice cube
[14/08/2012 14:17:23] /i ice cube
[14/08/2012 14:17:24] /i ice cube
[14/08/2012 14:17:33] /i ice cube
[14/08/2012 14:17:33] /i ice cube
[14/08/2012 14:17:34] /i ice cube
[14/08/2012 14:17:36] /i ice cube
[14/08/2012 14:17:37] /i ice cube
[14/08/2012 14:17:38] /i ice cube
[14/08/2012 14:17:40] /i ice cube
[14/08/2012 14:17:41] /i ice cube
[14/08/2012 14:17:42] /i ice cube
[14/08/2012 14:17:42] /i ice cube
[14/08/2012 14:17:43] /i ice cube
[14/08/2012 14:17:46] /i ice cube
[14/08/2012 14:17:47] /i ice cube
[14/08/2012 14:17:49] /i ice cube
[14/08/2012 14:17:50] /i ice cube
[14/08/2012 14:17:50] /i ice cube
[14/08/2012 14:17:51] /i ice cube
[14/08/2012 14:17:52] /i ice cube
[14/08/2012 14:17:53] /i ice cube
[14/08/2012 14:17:54] /i ice cube
[14/08/2012 14:17:55] /i ice cube
[14/08/2012 14:17:55] /i ice cube
[14/08/2012 14:17:56] /i ice cube
[14/08/2012 14:17:56] /i ice cube
[14/08/2012 14:17:57] /i ice cube
[14/08/2012 14:18:00] /i ice cube
[14/08/2012 14:18:02] /i ice cube
[14/08/2012 14:18:03] /i ice cube
[14/08/2012 14:18:04] /i ice cube
[14/08/2012 14:18:05] /i ice cube
[14/08/2012 14:18:06] /i ice cube
[14/08/2012 14:18:08] /i ice cube
[14/08/2012 14:18:09] /i ice cube
[14/08/2012 14:18:19] /i fire
[14/08/2012 14:18:19] /i fire
[14/08/2012 14:18:20] /i fire
[14/08/2012 14:18:21] /i fire
[14/08/2012 14:18:22] /i fire
[14/08/2012 14:18:24] /i fire
[14/08/2012 14:18:25] /i fire
[14/08/2012 14:18:38] /r
[14/08/2012 14:18:40] /r
[14/08/2012 14:18:43] /r
[14/08/2012 14:18:46] /r
[14/08/2012 14:18:48] /i fire
[14/08/2012 14:18:48] /i fire
[14/08/2012 14:18:50] /i fire
[14/08/2012 14:18:51] /i fire
[14/08/2012 14:18:52] /i fire
[14/08/2012 14:18:53] /i fire
[14/08/2012 14:18:53] /i fire
[14/08/2012 14:18:54] /i fire
[14/08/2012 14:18:55] /i fire
[14/08/2012 14:18:56] /i fire
[14/08/2012 14:18:57] /i fire
[14/08/2012 14:18:58] /i fire
[14/08/2012 14:19:00] /i fire
[14/08/2012 14:19:03] /i fire
[14/08/2012 14:19:06] /i fire
[14/08/2012 14:19:08] /i fire
[14/08/2012 14:19:09] /a
[14/08/2012 14:19:13] /i fire
[14/08/2012 14:19:14] /i fire
[14/08/2012 14:19:15] /i fire
[14/08/2012 14:19:15] /i fire
[14/08/2012 14:19:16] /i fire
[14/08/2012 14:19:16] /i fire
[14/08/2012 14:19:16] /i fire
[14/08/2012 14:19:16] /i fire
[14/08/2012 14:19:16] /i fire
[14/08/2012 14:19:16] /i fire
[14/08/2012 14:19:17] /i fire
[14/08/2012 14:19:35] /i fire
[14/08/2012 14:19:40] /i fire
[14/08/2012 14:19:41] /i fire
[14/08/2012 14:19:42] /i fire
[14/08/2012 14:19:43] /i fire
[14/08/2012 14:19:45] /i fire
[14/08/2012 14:19:48] /i fire
[14/08/2012 14:19:49] /i fire
[14/08/2012 14:19:54] /i nightmare doll
[14/08/2012 14:19:55] /i nightmare doll
[14/08/2012 14:19:57] /i nightmare doll
[14/08/2012 14:19:58] /i nightmare doll
[14/08/2012 14:20:00] /i nightmare doll
[14/08/2012 14:20:01] /i nightmare doll
[14/08/2012 14:20:02] /i nightmare doll
[14/08/2012 14:20:04] /i nightmare doll
[14/08/2012 14:20:05] /i nightmare doll
[14/08/2012 14:20:06] /i nightmare doll
[14/08/2012 14:20:07] /i nightmare doll
[14/08/2012 14:20:08] /i nightmare doll
[14/08/2012 14:20:09] /i nightmare doll
[14/08/2012 14:20:10] /i nightmare doll
[14/08/2012 14:20:15] /i bear
[14/08/2012 14:20:21] /i bear
[14/08/2012 14:20:23] /i bear
[14/08/2012 14:20:35] /r
[14/08/2012 14:20:36] /r
[14/08/2012 14:20:38] /r
[14/08/2012 14:20:48] /i nightmare doll
[14/08/2012 14:20:49] /i nightmare doll
[14/08/2012 14:20:50] /i nightmare doll
[14/08/2012 14:20:51] /i nightmare doll
[14/08/2012 14:20:52] /i nightmare doll
[14/08/2012 14:20:53] /i nightmare doll
[14/08/2012 14:20:54] /i nightmare doll
[14/08/2012 14:20:54] /i nightmare doll
[14/08/2012 14:20:55] /i nightmare doll
[14/08/2012 14:20:56] /i nightmare doll
[14/08/2012 14:20:57] /i nightmare doll
[14/08/2012 14:20:58] /i nightmare doll
[14/08/2012 14:20:58] /i nightmare doll
[14/08/2012 14:20:59] /i nightmare doll
[14/08/2012 14:21:00] /i nightmare doll
[14/08/2012 14:21:01] /i nightmare doll
[14/08/2012 14:21:01] /i nightmare doll
[14/08/2012 14:21:02] /i nightmare doll
[14/08/2012 14:21:03] /i nightmare doll
[14/08/2012 14:21:04] /i nightmare doll
[14/08/2012 14:21:04] /i nightmare doll
[14/08/2012 14:21:05] /i nightmare doll
[14/08/2012 14:21:06] /i nightmare doll
[14/08/2012 14:21:06] /i nightmare doll
[14/08/2012 14:21:07] /i nightmare doll
[14/08/2012 14:21:08] /i nightmare doll
[14/08/2012 14:21:10] /i nightmare doll
[14/08/2012 14:21:25] /i icecube
[14/08/2012 14:21:30] /i ice cube
[14/08/2012 14:21:34] /i ice cube
[14/08/2012 14:21:42] /i ice cube
[14/08/2012 14:21:45] /i ice cube
[14/08/2012 14:21:46] /i ice cube
[14/08/2012 14:21:47] /i ice cube
[14/08/2012 14:21:48] /i ice cube
[14/08/2012 14:21:49] /i ice cube
[14/08/2012 14:21:50] /i ice cube
[14/08/2012 14:21:51] /i ice cube
[14/08/2012 14:21:52] /i ice cube
[14/08/2012 14:21:53] /i ice cube
[14/08/2012 14:21:54] /i ice cube
[14/08/2012 14:21:55] /i ice cube
[14/08/2012 14:21:56] /i ice cube
[14/08/2012 14:21:56] /i ice cube
[14/08/2012 14:21:58] /i ice cube
[14/08/2012 14:21:58] /i ice cube
[14/08/2012 14:21:59] /i ice cube
[14/08/2012 14:22:00] /i ice cube
[14/08/2012 14:22:01] /i ice cube
[14/08/2012 14:22:01] /i ice cube
[14/08/2012 14:22:02] /i ice cube
[14/08/2012 14:22:03] /i ice cube
[14/08/2012 14:22:03] /i ice cube
[14/08/2012 14:22:05] /i ice cube
[14/08/2012 14:22:10] /i fire
[14/08/2012 14:22:11] /i fire
[14/08/2012 14:22:12] /i fire
[14/08/2012 14:22:12] /i fire
[14/08/2012 14:22:13] /i fire
[14/08/2012 14:22:14] /i fire
[14/08/2012 14:22:20] /i steel boots
[14/08/2012 14:22:28] /i demon legs
[14/08/2012 14:22:37] /i demon shield
[14/08/2012 14:22:43] /r
[14/08/2012 14:22:45] /r
[14/08/2012 14:22:46] /r
[14/08/2012 14:22:53] /r
[14/08/2012 14:22:53] /r
[14/08/2012 14:22:53] /r
[14/08/2012 14:22:53] /r
[14/08/2012 14:22:53] /r
[14/08/2012 14:22:53] /r
[14/08/2012 14:22:53] /r
[14/08/2012 14:22:53] /r
[14/08/2012 14:22:55] /r
[14/08/2012 14:22:56] /r
[14/08/2012 14:22:56] /r
[14/08/2012 14:22:56] /r
[14/08/2012 14:22:56] /r
[14/08/2012 14:22:56] /r
[14/08/2012 14:22:56] /r
[14/08/2012 14:22:56] /r
[14/08/2012 14:22:56] /r
[14/08/2012 14:22:57] /r
[14/08/2012 14:22:57] /r
[14/08/2012 14:22:57] /r
[14/08/2012 14:22:58] /r
[14/08/2012 14:22:58] /r
[14/08/2012 14:22:58] /r
[14/08/2012 14:22:59] /r
[14/08/2012 14:22:59] /r
[14/08/2012 14:22:59] /r
[14/08/2012 14:22:59] /r
[14/08/2012 14:23:01] /r
[14/08/2012 14:23:02] /r
[14/08/2012 14:23:03] /r
[14/08/2012 14:23:03] /r
[14/08/2012 14:23:03] /r
[14/08/2012 14:23:03] /r
[14/08/2012 14:23:03] /r
[14/08/2012 14:23:04] /r
[14/08/2012 14:23:04] /r
[14/08/2012 14:23:04] /r
[14/08/2012 14:23:04] /r
[14/08/2012 14:23:05] /r
[14/08/2012 14:23:05] /r
[14/08/2012 14:23:05] /r
[14/08/2012 14:23:08] /r
[14/08/2012 14:23:10] /r
[14/08/2012 14:23:11] /r
[14/08/2012 14:23:12] /r
[14/08/2012 14:23:12] /r
[14/08/2012 14:23:13] /r
[14/08/2012 14:23:13] /r
[14/08/2012 14:23:13] /r
[14/08/2012 14:23:13] /r
[14/08/2012 14:23:16] /r
[14/08/2012 14:23:16] /r
[14/08/2012 14:23:17] /r
[14/08/2012 14:23:17] /r
[14/08/2012 14:23:18] /r
[14/08/2012 14:23:20] /r
[14/08/2012 14:23:20] /r
[14/08/2012 14:23:20] /r
[14/08/2012 14:23:20] /r
[14/08/2012 14:23:22] /r
[14/08/2012 14:23:22] /r
[14/08/2012 14:23:28] /b CLEAN IN 10 SEC
[14/08/2012 14:23:34] /clean
[14/08/2012 14:23:37] /r
[14/08/2012 14:23:39] /r
[14/08/2012 14:24:00] /i donation helme
[14/08/2012 14:24:04] /i donate helmet
[14/08/2012 14:24:07] /t
[14/08/2012 14:24:09] /a 5
[14/08/2012 14:24:19] /i donation armor
[14/08/2012 14:24:24] /i donation helmet
[14/08/2012 14:24:29] /i donation legs
[14/08/2012 14:24:33] /i donation boots
[14/08/2012 14:24:41] /r
[14/08/2012 14:24:59] /i 10137
[14/08/2012 14:25:19] /i donation shield
[14/08/2012 14:25:25] /i donation backpack
[14/08/2012 14:25:39] /i 7708
[14/08/2012 14:36:56] /b where is everyone ? xD
[14/08/2012 14:37:12] /goto zatacka
[14/08/2012 14:37:29] /b
[14/08/2012 14:38:34] /r
[14/08/2012 14:38:51] /a 5
[14/08/2012 14:38:52] /a 5
[14/08/2012 14:38:53] /a 5
[14/08/2012 14:38:55] /a 5
[14/08/2012 14:39:00] /a 4
[14/08/2012 14:39:05] /a 20
[14/08/2012 14:39:10] /a
[14/08/2012 14:39:17] /t
[14/08/2012 14:39:29] /goto zatacka
[14/08/2012 14:40:12] /goto toytoy
[14/08/2012 14:40:29] /r
[14/08/2012 14:40:38] /goto zatacka
[14/08/2012 14:40:48] /t
[14/08/2012 14:41:02] /m rebirth npx
[14/08/2012 14:41:04] /m rebirth npc
[14/08/2012 14:41:12] /m Varkhal
[14/08/2012 14:41:17] /n Rebirth NPC
[14/08/2012 14:41:24] /i rebirth npc
[14/08/2012 14:41:35] /i exp scrolll
[14/08/2012 14:41:36] /i exp scroll
[14/08/2012 14:41:39] /i exp scroll
[14/08/2012 14:41:42] /i exp scroll
[14/08/2012 14:41:48] /i exp scroll
[14/08/2012 14:41:49] /i exp scroll
[14/08/2012 14:41:54] /i exp scroll
[14/08/2012 14:49:23] /name lol
[14/08/2012 14:50:14] /name Lord Teluh, Kog' Maw
[14/08/2012 14:50:21] /name Lord Teluh Kog' Maw
[14/08/2012 14:50:28] /name Lord Teluh ,Kog' Maw
[14/08/2012 14:50:47] /name Lord Teluh Kog'Maw
[14/08/2012 14:50:55] /name Lord Teluh , Kog'Maw
[14/08/2012 14:51:02] /name Lord Teluh ,Kog'Maw
[14/08/2012 14:51:07] /name Lord Teluh, Kog'Maw
[14/08/2012 14:52:50] /goto toytoy
[14/08/2012 14:53:26] /c toytoy
[14/08/2012 14:57:00] /goto toytoy
[14/08/2012 14:57:17] /c toytoy
[14/08/2012 14:57:18] /c toytoy
[14/08/2012 14:57:20] /c toytoy
[14/08/2012 14:57:21] /c toytoy
[14/08/2012 14:57:22] /c toytoy
[14/08/2012 14:57:23] /c toytoy
[14/08/2012 14:57:24] /c toytoy
[14/08/2012 14:57:25] /c toytoy
[14/08/2012 14:57:26] /c toytoy
[14/08/2012 14:57:27] /c toytoy
[14/08/2012 14:57:28] /c toytoy
[14/08/2012 14:57:44] /i large throne
[14/08/2012 14:59:00] /newtype 410
[14/08/2012 14:59:07] /newtype 399
[14/08/2012 16:02:38] /r
[14/08/2012 16:02:41] /r
[14/08/2012 16:02:42] /r
[14/08/2012 16:02:52] /i exp scroll
[14/08/2012 16:03:13] /a 2
[14/08/2012 16:04:28] /a
[14/08/2012 16:04:32] /r
[14/08/2012 16:04:33] /r
[14/08/2012 16:04:37] /a 2
[14/08/2012 16:04:45] /b zat vad gör du?
[14/08/2012 16:05:12] /r
[14/08/2012 16:05:19] /i 1284
[14/08/2012 16:05:21] /i 1284
[14/08/2012 16:05:22] /i 1284
[14/08/2012 16:05:23] /i 1284
[14/08/2012 16:05:24] /i 1284
[14/08/2012 16:05:25] /i 1284
[14/08/2012 16:06:34] /r
[14/08/2012 16:06:34] /r
[14/08/2012 16:06:35] /r
[14/08/2012 16:06:35] /r
[14/08/2012 16:06:36] /r
[14/08/2012 16:06:36] /r
[14/08/2012 16:06:36] /r
[14/08/2012 16:06:36] /r
[14/08/2012 16:06:36] /r
[14/08/2012 16:06:36] /r
[14/08/2012 16:06:36] /r
[14/08/2012 16:06:36] /r
[14/08/2012 16:06:36] /r
[14/08/2012 16:06:37] /r
[14/08/2012 16:06:37] /r
[14/08/2012 16:06:37] /r
[14/08/2012 16:06:37] /r
[14/08/2012 16:06:37] /r
[14/08/2012 16:06:37] /r
[14/08/2012 16:06:37] /r
[14/08/2012 16:06:37] /r
[14/08/2012 16:06:37] /r
[14/08/2012 16:06:37] /r
[14/08/2012 16:06:37] /r
[14/08/2012 16:06:37] /r
[14/08/2012 16:06:37] /r
[14/08/2012 16:06:37] /r
[14/08/2012 16:06:37] /r
[14/08/2012 16:06:37] /r
[14/08/2012 16:06:37] /r
[14/08/2012 16:06:37] /r
[14/08/2012 16:06:37] /r
[14/08/2012 16:06:37] /r
[14/08/2012 16:06:37] /r
[14/08/2012 16:06:37] /r
[14/08/2012 16:06:37] /r
[14/08/2012 16:06:37] /r
[14/08/2012 16:06:37] /r
[14/08/2012 16:06:37] /r
[14/08/2012 16:06:37] /r
[14/08/2012 16:06:37] /r
[14/08/2012 16:06:37] /r
[14/08/2012 16:06:37] /r
[14/08/2012 16:06:37] /r
[14/08/2012 16:06:37] /r
[14/08/2012 16:06:37] /r
[14/08/2012 16:06:38] /r
[14/08/2012 16:06:38] /r
[14/08/2012 16:06:38] /r
[14/08/2012 16:06:38] /r
[14/08/2012 16:06:38] /r
[14/08/2012 16:06:38] /r
[14/08/2012 16:06:38] /r
[14/08/2012 16:06:38] /r
[14/08/2012 16:06:38] /r
[14/08/2012 16:06:38] /r
[14/08/2012 16:06:38] /r
[14/08/2012 16:06:38] /r
[14/08/2012 16:06:38] /r
[14/08/2012 16:06:38] /r
[14/08/2012 16:06:38] /r
[14/08/2012 16:06:38] /r
[14/08/2012 16:06:38] /r
[14/08/2012 16:06:38] /r
[14/08/2012 16:06:38] /r
[14/08/2012 16:06:38] /r
[14/08/2012 16:06:38] /r
[14/08/2012 16:06:38] /r
[14/08/2012 16:06:38] /r
[14/08/2012 16:06:38] /r
[14/08/2012 16:06:38] /r
[14/08/2012 16:06:38] /r
[14/08/2012 16:06:38] /r
[14/08/2012 16:06:39] /r
[14/08/2012 16:06:39] /r
[14/08/2012 16:06:39] /r
[14/08/2012 16:06:39] /r
[14/08/2012 16:06:39] /r
[14/08/2012 16:06:39] /r
[14/08/2012 16:06:39] /r
[14/08/2012 16:06:39] /r
[14/08/2012 16:06:39] /r
[14/08/2012 16:06:39] /r
[14/08/2012 16:06:39] /r
[14/08/2012 16:06:39] /r
[14/08/2012 16:06:39] /r
[14/08/2012 16:06:39] /r
[14/08/2012 16:06:39] /r
[14/08/2012 16:06:39] /r
[14/08/2012 16:06:39] /r
[14/08/2012 16:06:39] /r
[14/08/2012 16:06:39] /r
[14/08/2012 16:06:39] /r
[14/08/2012 16:06:52] /t zatacka
[14/08/2012 16:06:57] /t
[14/08/2012 16:08:22] /c bronson
[14/08/2012 16:10:10] /a 30
[14/08/2012 16:10:18] /a
[14/08/2012 16:10:19] /a
[14/08/2012 16:10:20] /a
[14/08/2012 16:10:21] /a
[14/08/2012 16:10:21] /a
[14/08/2012 16:10:25] /a 5
[16/08/2012 12:41:04] /goto Zatacka
[16/08/2012 12:41:31] /i vip medal
[16/08/2012 12:41:52] /t
[16/08/2012 12:42:40] /a
[16/08/2012 12:42:43] /a 2
[16/08/2012 12:42:46] /a 2
[16/08/2012 12:42:54] /a
[16/08/2012 12:43:01] /a 
[16/08/2012 12:43:04] /a 10
[16/08/2012 12:43:05] /a 10
[16/08/2012 12:43:06] /a 10
[16/08/2012 12:43:07] /a 10
[16/08/2012 12:43:08] /a 10
[16/08/2012 12:43:08] /a 10
[16/08/2012 12:43:09] /a 10
[16/08/2012 12:43:10] /a 10
[16/08/2012 12:43:14] /a 10
[16/08/2012 12:43:17] /a 10
[16/08/2012 12:43:18] /a 10
[16/08/2012 12:43:19] /a 10
[16/08/2012 12:43:21] /a 10
[16/08/2012 12:43:21] /a 10
[16/08/2012 12:43:22] /a 10
[16/08/2012 12:43:23] /a 10
[16/08/2012 12:43:23] /a 10
[16/08/2012 12:43:28] /a 10
[16/08/2012 12:43:29] /a 10
[16/08/2012 12:43:31] /a 10
[16/08/2012 12:43:45] /a 10
[16/08/2012 12:43:54] /t
[16/08/2012 12:53:08] /goto zatacka
[16/08/2012 12:53:19] /a
[16/08/2012 12:53:25] /a
[16/08/2012 12:53:33] /i large throne
[16/08/2012 12:53:38] /a
[16/08/2012 12:53:40] /a
[16/08/2012 12:54:59] /i donation sword
[16/08/2012 12:55:14] /r
[16/08/2012 12:55:30] /a
[16/08/2012 12:55:32] /r
[16/08/2012 12:55:36] /a 10
[16/08/2012 12:55:39] /a
[16/08/2012 12:56:38] /a 10
[16/08/2012 12:56:53] /a 10
[16/08/2012 12:56:55] /r
[16/08/2012 12:56:58] /a
[16/08/2012 12:56:59] /a
[16/08/2012 12:57:00] /a
[16/08/2012 12:57:01] /a
[16/08/2012 12:57:01] /a
[16/08/2012 12:57:01] /a
[16/08/2012 12:57:02] /a
[16/08/2012 12:57:02] /a
[16/08/2012 13:07:30] /goto zatacka
[16/08/2012 13:12:12] /a 2
[16/08/2012 13:12:14] /a 2
