[03/08/2012 23:22:23] /pass GM Lillen
[03/08/2012 23:22:47] /addskill GM Lillen,level,717217
[03/08/2012 23:23:28] /addskill GM Lillen,level,6000000
[03/08/2012 23:23:44] /addskill GM Lillen,level,300000
[03/08/2012 23:24:24] /addskill GM Lillen,level,300000
[03/08/2012 23:25:01] !grafico
[03/08/2012 23:25:09] !grafico 4
[03/08/2012 23:25:27] /ps
[03/08/2012 23:26:09] /zombiestart
[03/08/2012 23:26:36] /zombiestart
[03/08/2012 23:26:38] /a
[03/08/2012 23:26:41] /a
[03/08/2012 23:27:05] /a
[03/08/2012 23:27:10] /a
[03/08/2012 23:27:12] /a
[03/08/2012 23:27:13] /a
[03/08/2012 23:27:13] /a
[03/08/2012 23:28:31] /i exp scroll
[03/08/2012 23:28:43] /i exp scroll
[03/08/2012 23:29:26] /i exp scroll
[03/08/2012 23:29:51] /t
[03/08/2012 23:30:26] /goto GM Lillen
[03/08/2012 23:33:01] /reward
[03/08/2012 23:33:55] /reward lubo,100 crystal coins
[03/08/2012 23:34:29] /zombiestart
[03/08/2012 23:34:49] /b hello!
[03/08/2012 23:35:24] /bc all gone!!
[03/08/2012 23:35:43] /bc its gone :(
[03/08/2012 23:36:01] /bc doomed!!
[03/08/2012 23:36:59] /i 12312
[03/08/2012 23:37:04] /r
[03/08/2012 23:37:24] /a
[03/08/2012 23:37:36] /a
[03/08/2012 23:37:53] /newtype 309
[03/08/2012 23:39:07] /name GM Lillen,GOD POSEIDON
[03/08/2012 23:40:17] /a
[03/08/2012 23:40:20] /newtype 302
[04/08/2012 17:07:03] /goto zatacka
[04/08/2012 17:08:01] /a
[04/08/2012 17:08:03] /a
[04/08/2012 17:08:06] /a
[04/08/2012 17:08:07] /a
[04/08/2012 17:08:07] /a
[04/08/2012 17:08:07] /a
[04/08/2012 17:08:07] /a
[04/08/2012 17:08:07] /a
[04/08/2012 17:08:07] /a
[04/08/2012 17:08:08] /a
[04/08/2012 17:08:08] /a
[04/08/2012 17:08:08] /a
[04/08/2012 17:08:09] /a
[04/08/2012 17:08:09] /a
[04/08/2012 17:08:09] /a
[04/08/2012 17:08:09] /a
[04/08/2012 17:08:10] /a
[04/08/2012 17:08:10] /a
[04/08/2012 17:08:12] /a
[04/08/2012 17:08:13] /a
[04/08/2012 17:08:19] /newtype 309
[04/08/2012 17:10:22] /i sword
[04/08/2012 17:10:31] /r
[04/08/2012 17:12:11] /a
[04/08/2012 17:12:11] /a
[04/08/2012 17:12:12] /a
[04/08/2012 17:12:12] /a
[04/08/2012 17:12:12] /a
[04/08/2012 17:12:12] /a
[04/08/2012 17:12:13] /a
[04/08/2012 17:12:13] /a
[04/08/2012 17:12:13] /a
[04/08/2012 17:12:13] /a
[04/08/2012 17:12:13] /a
[04/08/2012 17:12:14] /a
[04/08/2012 17:12:14] /a
[04/08/2012 17:12:14] /a
[04/08/2012 17:12:14] /a
[04/08/2012 17:12:14] /a
[04/08/2012 17:12:14] /a
[04/08/2012 17:12:14] /a
[04/08/2012 17:12:14] /a
[04/08/2012 17:12:14] /a
[04/08/2012 17:12:14] /a
[04/08/2012 17:12:15] /a
[04/08/2012 17:12:15] /a
[04/08/2012 17:12:15] /a
[04/08/2012 17:12:15] /a
[04/08/2012 17:12:15] /a
[04/08/2012 17:12:15] /a
[04/08/2012 17:12:15] /a
[04/08/2012 17:12:15] /a
[04/08/2012 17:12:15] /a
[04/08/2012 17:12:15] /a
[04/08/2012 17:12:15] /a
[04/08/2012 17:12:15] /a
[04/08/2012 17:12:15] /a
[04/08/2012 17:12:15] /a
[04/08/2012 17:12:15] /a
[04/08/2012 17:12:15] /a
[04/08/2012 17:12:15] /a
[04/08/2012 17:12:15] /a
[04/08/2012 17:12:15] /a
[04/08/2012 17:12:15] /a
[04/08/2012 17:12:16] /a
[04/08/2012 17:12:16] /a
[04/08/2012 17:12:16] /a
[04/08/2012 17:12:16] /a
[04/08/2012 17:12:16] /a
[04/08/2012 17:12:16] /a
[04/08/2012 17:12:16] /a
[04/08/2012 17:12:16] /a
[04/08/2012 17:12:16] /a
[04/08/2012 17:12:16] /a
[04/08/2012 17:12:16] /a
[04/08/2012 17:12:16] /a
[04/08/2012 17:12:16] /a
[04/08/2012 17:12:16] /a
[04/08/2012 17:12:16] /a
[04/08/2012 17:12:16] /a
[04/08/2012 17:12:16] /a
[04/08/2012 17:12:16] /a
[04/08/2012 17:12:16] /a
[04/08/2012 17:12:16] /a
[04/08/2012 17:12:16] /a
[04/08/2012 17:12:17] /a
[04/08/2012 17:12:17] /a
[04/08/2012 17:12:17] /a
[04/08/2012 17:12:17] /a
[04/08/2012 17:12:17] /a
[04/08/2012 17:12:17] /a
[04/08/2012 17:12:17] /a
[04/08/2012 17:12:17] /a
[04/08/2012 17:12:17] /a
[04/08/2012 17:12:17] /a
[04/08/2012 17:12:17] /a
[04/08/2012 17:12:17] /a
[04/08/2012 17:12:17] /a
[04/08/2012 17:12:17] /a
[04/08/2012 17:12:17] /a
[04/08/2012 17:12:17] /a
[04/08/2012 17:12:17] /a
[04/08/2012 17:12:17] /a
[04/08/2012 17:12:17] /a
[04/08/2012 17:12:17] /a
[04/08/2012 17:12:17] /a
[04/08/2012 17:12:18] /a
[04/08/2012 17:12:18] /a
[04/08/2012 17:12:18] /a
[04/08/2012 17:12:18] /a
[04/08/2012 17:12:18] /a
[04/08/2012 17:12:18] /a
[04/08/2012 17:12:18] /a
[04/08/2012 17:12:18] /a
[04/08/2012 17:12:18] /a
[04/08/2012 17:12:18] /a
[04/08/2012 17:12:18] /a
[04/08/2012 17:12:18] /a
[04/08/2012 17:12:18] /a
[04/08/2012 17:12:18] /a
[04/08/2012 17:12:18] /a
[04/08/2012 17:12:18] /a
[04/08/2012 17:12:18] /a
[04/08/2012 17:12:18] /a
[04/08/2012 17:12:19] /a
[04/08/2012 17:12:19] /a
[04/08/2012 17:12:19] /a
[04/08/2012 17:12:19] /a
[04/08/2012 17:12:19] /a
[04/08/2012 17:12:19] /a
[04/08/2012 17:12:19] /a
[04/08/2012 17:12:19] /a
[04/08/2012 17:12:19] /a
[04/08/2012 17:12:19] /a
[04/08/2012 17:12:19] /a
[04/08/2012 17:12:19] /a
[04/08/2012 17:12:19] /a
[04/08/2012 17:12:19] /a
[04/08/2012 17:12:19] /a
[04/08/2012 17:12:19] /a
[04/08/2012 17:12:19] /a
[04/08/2012 17:12:19] /a
[04/08/2012 17:12:19] /a
[04/08/2012 17:12:19] /a
[04/08/2012 17:12:19] /a
[04/08/2012 17:12:19] /a
[04/08/2012 17:12:19] /a
[04/08/2012 17:12:20] /a
[04/08/2012 17:12:20] /a
[04/08/2012 17:12:20] /a
[04/08/2012 17:12:20] /a
[04/08/2012 17:12:20] /a
[04/08/2012 17:12:20] /a
[04/08/2012 17:12:20] /a
[04/08/2012 17:12:20] /a
[04/08/2012 17:12:20] /a
[04/08/2012 17:12:20] /a
[04/08/2012 17:12:20] /a
[04/08/2012 17:12:20] /a
[04/08/2012 17:12:20] /a
[04/08/2012 17:12:20] /a
[04/08/2012 17:12:20] /a
[04/08/2012 17:12:20] /a
[04/08/2012 17:12:20] /a
[04/08/2012 17:12:20] /a
[04/08/2012 17:12:20] /a
[04/08/2012 17:12:20] /a
[04/08/2012 17:12:21] /a
[04/08/2012 17:12:21] /a
[04/08/2012 17:12:21] /a
[04/08/2012 17:12:21] /a
[04/08/2012 17:12:21] /a
[04/08/2012 17:12:21] /a
[04/08/2012 17:12:21] /a
[04/08/2012 17:12:21] /a
[04/08/2012 17:12:21] /a
[04/08/2012 17:12:21] /a
[04/08/2012 17:12:21] /a
[04/08/2012 17:12:21] /a
[04/08/2012 17:12:21] /a
[04/08/2012 17:12:21] /a
[04/08/2012 17:12:21] /a
[04/08/2012 17:12:21] /a
[04/08/2012 17:12:21] /a
[04/08/2012 17:12:21] /a
[04/08/2012 17:12:21] /a
[04/08/2012 17:12:21] /a
[04/08/2012 17:12:21] /a
[04/08/2012 17:12:21] /a
[04/08/2012 17:12:22] /a
[04/08/2012 17:12:22] /a
[04/08/2012 17:12:22] /a
[04/08/2012 17:12:22] /a
[04/08/2012 17:12:22] /a
[04/08/2012 17:12:22] /a
[04/08/2012 17:12:22] /a
[04/08/2012 17:12:22] /a
[04/08/2012 17:12:22] /a
[04/08/2012 17:12:22] /a
[04/08/2012 17:12:22] /a
[04/08/2012 17:12:22] /a
[04/08/2012 17:12:22] /a
[04/08/2012 17:12:22] /a
[04/08/2012 17:12:22] /a
[04/08/2012 17:12:22] /a
[04/08/2012 17:12:22] /a
[04/08/2012 17:12:23] /a
[04/08/2012 17:12:23] /a
[04/08/2012 17:12:23] /a
[04/08/2012 17:12:23] /a
[04/08/2012 17:12:23] /a
[04/08/2012 17:12:23] /a
[04/08/2012 17:12:23] /a
[04/08/2012 17:12:23] /a
[04/08/2012 17:12:23] /a
[04/08/2012 17:12:23] /a
[04/08/2012 17:12:23] /a
[04/08/2012 17:12:23] /a
[04/08/2012 17:12:23] /a
[04/08/2012 17:12:23] /a
[04/08/2012 17:12:23] /a
[04/08/2012 17:12:23] /a
[04/08/2012 17:12:23] /a
[04/08/2012 17:12:23] /a
[04/08/2012 17:12:23] /a
[04/08/2012 17:12:23] /a
[04/08/2012 17:12:23] /a
[04/08/2012 17:12:23] /a
[04/08/2012 17:12:23] /a
[04/08/2012 17:12:23] /a
[04/08/2012 17:12:23] /a
[04/08/2012 17:12:23] /a
[04/08/2012 17:12:23] /a
[04/08/2012 17:12:24] /a
[04/08/2012 17:12:24] /a
[04/08/2012 17:12:24] /a
[04/08/2012 17:12:24] /a
[04/08/2012 17:12:24] /a
[04/08/2012 17:12:24] /a
[04/08/2012 17:12:24] /a
[04/08/2012 17:12:27] /a
[04/08/2012 17:12:27] /a
[04/08/2012 17:12:27] /a
[04/08/2012 17:12:27] /a
[04/08/2012 17:12:27] /a
[04/08/2012 17:12:28] /a
[04/08/2012 17:12:28] /a
[04/08/2012 17:12:28] /a
[04/08/2012 17:12:28] /a
[04/08/2012 17:12:32] /a
[04/08/2012 17:12:33] /a
[04/08/2012 17:12:41] /up
[04/08/2012 17:21:09] /i bear
[04/08/2012 17:21:34] /r
[04/08/2012 17:21:42] /clean
[04/08/2012 17:24:44] /i stone
[04/08/2012 17:24:44] /i stone
[04/08/2012 17:24:47] /r
[04/08/2012 17:24:48] /r
[04/08/2012 17:24:57] /i stone
[04/08/2012 17:25:01] /i stone
[04/08/2012 17:25:03] /i stone
[04/08/2012 17:25:04] /i stone
[04/08/2012 17:25:06] /i stone
[04/08/2012 17:25:08] /i stone
[04/08/2012 17:25:10] /i stone
[04/08/2012 17:25:11] /i stone
[04/08/2012 17:25:13] /i stone
[04/08/2012 17:25:16] /i stone
[04/08/2012 17:25:17] /i stone
[04/08/2012 17:25:19] /i stone
[04/08/2012 17:25:46] /i sign
[04/08/2012 17:25:53] /r
[04/08/2012 17:25:58] /i 1430
[04/08/2012 17:26:09] /attr set read "cities
[04/08/2012 17:26:23] /r
[04/08/2012 17:26:28] /up
[04/08/2012 17:27:05] /rename Lubo,[ADM] Lubo
[04/08/2012 17:27:23] /rename Lubo,ADM Lubo
