[22/09/2012 17:38:07] /goto rosso
[22/09/2012 17:38:16] /goto rosso
[22/09/2012 17:38:16] /goto rosso
[22/09/2012 17:40:20] /c rosso
[22/09/2012 17:40:57] /goto rosso
[22/09/2012 17:40:59] /goto rosso
[22/09/2012 17:41:00] /goto rosso
[22/09/2012 17:41:01] /goto rosso
[22/09/2012 17:41:02] /goto rosso
[22/09/2012 17:41:03] /goto rosso
[22/09/2012 17:41:04] /goto rosso
[22/09/2012 17:41:08] /goto rosso
[22/09/2012 17:41:25] /goto rosso
[22/09/2012 17:41:27] /goto rosso
[22/09/2012 17:41:28] /goto rosso
[22/09/2012 17:41:29] /goto rosso
[22/09/2012 17:41:30] /goto rosso
[22/09/2012 17:41:31] /goto rosso
[22/09/2012 17:41:32] /goto rosso
[22/09/2012 17:41:33] /goto rosso
[22/09/2012 17:41:34] /goto rosso
[22/09/2012 17:41:35] /goto rosso
[22/09/2012 17:41:36] /goto rosso
[22/09/2012 17:41:37] /goto rosso
[22/09/2012 17:41:38] /goto rosso
[22/09/2012 17:41:39] /goto rosso
[22/09/2012 17:41:40] /t
[22/09/2012 17:41:42] /goto rosso
[22/09/2012 17:41:43] /goto rosso
[22/09/2012 17:41:44] /goto rosso
[22/09/2012 17:41:45] /goto rosso
[22/09/2012 17:41:46] /goto rosso
[22/09/2012 17:41:48] /goto rosso
[22/09/2012 17:41:54] /goto rosso
[22/09/2012 17:41:55] /goto rosso
[22/09/2012 17:41:56] /goto rosso
[22/09/2012 17:41:57] /goto rosso
[22/09/2012 17:42:00] /goto rosso
[22/09/2012 17:42:01] /goto rosso
[22/09/2012 17:42:02] /goto rosso
[22/09/2012 17:42:04] /goto rosso
[22/09/2012 17:42:04] /goto rosso
[22/09/2012 17:42:06] /goto rosso
[22/09/2012 17:42:07] /goto rosso
[22/09/2012 17:42:12] /goto rosso
[22/09/2012 17:42:13] /goto rosso
[22/09/2012 17:42:17] /goto rosso
[22/09/2012 17:42:44] /t
[22/09/2012 17:43:11] /t
[22/09/2012 17:43:18] /t
[22/09/2012 17:44:27] /goto rosso
[22/09/2012 17:44:28] /goto rosso
[22/09/2012 17:45:29] /goto rosso
[22/09/2012 17:46:06] /goto rosso
[22/09/2012 17:46:08] /goto rosso
[22/09/2012 17:46:10] /goto rosso
[22/09/2012 17:46:13] /goto rosso
[22/09/2012 17:46:16] /goto rosso
[22/09/2012 17:46:19] /goto rosso
[22/09/2012 17:48:12] /goto rosso
[22/09/2012 17:48:18] /goto rosso
[22/09/2012 17:48:20] /goto rosso
[22/09/2012 17:48:37] /goto rosso
[22/09/2012 17:48:40] /goto rosso
[22/09/2012 17:48:44] /goto rosso
[22/09/2012 17:48:47] /goto rosso
[22/09/2012 17:48:49] /goto rosso
[22/09/2012 17:48:51] /goto rosso
[22/09/2012 17:48:53] /goto rosso
[22/09/2012 17:48:55] /goto rosso
[22/09/2012 17:49:05] /goto rosso
[22/09/2012 17:49:07] /goto rosso
[22/09/2012 17:49:11] /goto rosso
[22/09/2012 17:49:14] /goto rosso
[22/09/2012 17:49:16] /goto rosso
[22/09/2012 17:49:18] /goto rosso
[22/09/2012 17:49:20] /goto rosso
[22/09/2012 17:54:44] /m blocker
[22/09/2012 17:57:36] /goto rosso
[22/09/2012 17:57:41] /t
[22/09/2012 17:59:55] /s Blocker
[22/09/2012 18:00:13] /ghost
[22/09/2012 18:01:16] /s  fucker
[22/09/2012 18:02:02] /m  fucker
[22/09/2012 18:02:03] /m  fucker
[22/09/2012 18:02:03] /m  fucker
[22/09/2012 18:02:03] /m  fucker
[22/09/2012 18:02:04] /m  fucker
[22/09/2012 18:02:04] /m  fucker
[22/09/2012 18:02:05] /m  fucker
[22/09/2012 18:02:05] /m  fucker
[22/09/2012 18:02:05] /m  fucker
[22/09/2012 18:02:17] /m  fucker
[22/09/2012 18:02:18] /m  fucker
[22/09/2012 18:02:18] /m  fucker
[22/09/2012 18:02:19] /m  fucker
[22/09/2012 18:02:19] /m  fucker
[22/09/2012 18:02:20] /m  fucker
[22/09/2012 18:02:20] /m  fucker
[22/09/2012 18:02:28] /s  fucker
[22/09/2012 18:02:29] /s  fucker
[22/09/2012 18:02:29] /s  fucker
[22/09/2012 18:02:29] /s  fucker
[22/09/2012 18:02:30] /s  fucker
[22/09/2012 18:02:30] /s  fucker
[22/09/2012 18:02:31] /s  fucker
[22/09/2012 18:02:32] /m  fucker
[22/09/2012 18:02:32] /m  fucker
[22/09/2012 18:02:32] /m  fucker
[22/09/2012 18:02:33] /m  fucker
[22/09/2012 18:02:34] /m  fucker
[22/09/2012 18:02:34] /m  fucker
[22/09/2012 18:02:35] /m  fucker
[22/09/2012 18:03:27] /ghost
[22/09/2012 18:03:38] /a
[22/09/2012 18:03:38] /a
[22/09/2012 18:03:39] /a
[22/09/2012 18:03:39] /a
[22/09/2012 18:03:40] /a
[22/09/2012 18:04:53] /ghost
[22/09/2012 18:04:59] /a
[22/09/2012 18:04:59] /a
[22/09/2012 18:05:00] /a
[22/09/2012 18:05:00] /a
[22/09/2012 18:05:01] /a
[22/09/2012 18:05:01] /a
[22/09/2012 18:05:02] /a
[22/09/2012 18:05:02] /a
[22/09/2012 18:05:03] /a
[22/09/2012 18:05:03] /a
[22/09/2012 18:05:03] /a
[22/09/2012 18:05:04] /a
[22/09/2012 18:05:55] /a
[22/09/2012 18:05:56] /a
[22/09/2012 18:05:56] /a
[22/09/2012 18:05:56] /a
[22/09/2012 18:05:57] /a
[22/09/2012 18:05:57] /a
[22/09/2012 18:05:58] /a
[22/09/2012 18:05:58] /a
[22/09/2012 18:05:59] /a
[22/09/2012 18:05:59] /a
[22/09/2012 18:05:59] /a
[22/09/2012 18:06:00] /a
[22/09/2012 18:06:00] /a
[22/09/2012 18:06:40] /ghost
[22/09/2012 18:07:36] /a
[22/09/2012 18:07:37] /a
[22/09/2012 18:07:37] /a
[22/09/2012 18:07:38] /a
[22/09/2012 18:07:38] /a
[22/09/2012 18:08:52] /a
[22/09/2012 18:11:21] /a
[22/09/2012 18:11:24] /a
[22/09/2012 18:11:28] /a
[22/09/2012 18:12:12] /a
[22/09/2012 18:12:13] /a
[22/09/2012 18:12:14] /a
[22/09/2012 18:12:14] /a
[22/09/2012 18:12:15] /a
[22/09/2012 18:12:15] /a
[22/09/2012 18:12:16] /a
[22/09/2012 18:12:16] /a
[22/09/2012 18:12:16] /a
[22/09/2012 18:12:17] /a
[22/09/2012 18:12:17] /a
[22/09/2012 18:12:18] /a
[22/09/2012 18:12:18] /a
[22/09/2012 18:12:19] /a
[22/09/2012 18:12:19] /a
[22/09/2012 18:12:20] /a
[22/09/2012 18:12:20] /a
[22/09/2012 18:12:21] /a
[22/09/2012 18:12:21] /a
[22/09/2012 18:12:21] /a
[22/09/2012 18:12:32] /r
[22/09/2012 18:12:35] /r
[22/09/2012 18:12:37] /r
[22/09/2012 18:12:40] /r
[22/09/2012 18:12:45] /r
[22/09/2012 18:12:52] /t
[22/09/2012 18:12:54] /a
[22/09/2012 18:12:54] /a
[22/09/2012 18:12:55] /a
[22/09/2012 18:12:55] /a
[22/09/2012 18:12:56] /a
[22/09/2012 18:12:56] /a
[22/09/2012 18:12:57] /a
[22/09/2012 18:14:05] /goto rosso
[22/09/2012 18:14:48] /r
[22/09/2012 18:14:50] /r
[22/09/2012 18:14:52] /r
[22/09/2012 18:15:01] /r
[22/09/2012 18:15:06] /r
[22/09/2012 18:15:09] /r
[22/09/2012 18:15:15] /r
[22/09/2012 18:17:40] /a
[22/09/2012 18:18:05] /t
[22/09/2012 18:18:13] /a
[22/09/2012 18:18:14] /a
[22/09/2012 18:18:15] /a
[22/09/2012 18:18:41] /a
[22/09/2012 18:18:46] /goto rosso
[22/09/2012 18:18:50] /goto rosso
[22/09/2012 18:19:07] /a
[22/09/2012 18:19:08] /a
[22/09/2012 18:19:17] /a
[22/09/2012 18:21:54] /a
[22/09/2012 18:21:54] /a
[22/09/2012 18:21:55] /a
[22/09/2012 18:21:55] /a
[22/09/2012 18:21:56] /a
[22/09/2012 18:21:56] /a
[22/09/2012 18:22:17] /r
[22/09/2012 18:22:19] /a
[22/09/2012 18:22:21] /a
[22/09/2012 18:22:24] /r
[22/09/2012 18:22:28] /r
[22/09/2012 18:22:31] /r
[22/09/2012 18:22:32] /r
[22/09/2012 18:22:34] /r
[22/09/2012 18:22:43] /r
[22/09/2012 18:23:30] /a
[22/09/2012 18:23:31] /a
[22/09/2012 18:23:35] /a
[22/09/2012 18:23:37] /a
[22/09/2012 18:23:38] /a
[22/09/2012 18:24:07] /t
[22/09/2012 18:24:28] /ghost
[22/09/2012 18:24:33] /a
[22/09/2012 18:33:58] /goto rosso
[22/09/2012 18:34:09] /goto rosso
[22/09/2012 18:34:11] /goto rosso
[22/09/2012 18:34:14] /ghost
[22/09/2012 18:34:33] /a
[22/09/2012 18:34:35] /a
[22/09/2012 18:34:44] /goto Sorstress
[22/09/2012 18:34:46] /goto Sorstress
[22/09/2012 18:34:50] /goto Sorstress
[22/09/2012 18:34:58] /c rosso 
[22/09/2012 18:36:08] /c Teilix
[22/09/2012 18:36:44] /t
[22/09/2012 18:37:19] /m
[22/09/2012 18:37:22] /t
[22/09/2012 18:38:34] /m ghost
[22/09/2012 18:39:08] /r
[22/09/2012 18:39:11] /r
[22/09/2012 18:39:14] /r
[22/09/2012 18:39:19] /r
[22/09/2012 18:39:32] /r
[22/09/2012 18:39:47] /r
[22/09/2012 18:40:03] /r
[22/09/2012 18:40:17] /a
[22/09/2012 18:40:19] /a
[22/09/2012 18:40:19] /a
[22/09/2012 18:40:19] /a
[22/09/2012 18:40:20] /a
[22/09/2012 18:40:20] /a
[22/09/2012 18:40:21] /a
[22/09/2012 18:40:21] /a
[22/09/2012 18:40:23] /a
[22/09/2012 18:40:23] /a
[22/09/2012 18:40:24] /a
[22/09/2012 18:40:24] /a
[22/09/2012 18:40:25] /a
[22/09/2012 18:40:25] /a
[22/09/2012 18:40:25] /a
[22/09/2012 18:40:43] /r
[22/09/2012 18:40:45] /r
[22/09/2012 18:40:47] /a
[22/09/2012 18:40:48] /a
[22/09/2012 18:40:48] /a
[22/09/2012 18:40:49] /a
[22/09/2012 18:40:49] /a
[22/09/2012 18:40:49] /a
[22/09/2012 18:40:50] /a
[22/09/2012 18:40:50] /a
[22/09/2012 18:40:51] /a
[22/09/2012 18:40:51] /a
[22/09/2012 18:40:51] /a
[22/09/2012 18:40:52] /a
[22/09/2012 18:41:02] /a
[22/09/2012 18:41:04] /a
[22/09/2012 18:41:18] /a
[22/09/2012 18:41:19] /a
[22/09/2012 18:41:19] /a
[22/09/2012 18:41:19] /a
[22/09/2012 18:41:22] /goto rosso
[22/09/2012 18:49:01] /ghost
[22/09/2012 18:49:04] /t
[22/09/2012 18:49:26] /a
[22/09/2012 18:49:27] /a
[22/09/2012 18:49:28] /a
[22/09/2012 18:49:30] /a
[22/09/2012 18:49:43] /goto sorstress
[22/09/2012 18:51:59] /t
[22/09/2012 18:52:05] /ghost
[22/09/2012 18:53:12] /goto rosso
[22/09/2012 18:55:25] /a
[22/09/2012 18:55:26] /a
[22/09/2012 18:56:40] /t
[22/09/2012 19:20:43] /goto rosso
[22/09/2012 19:20:54] /t
[22/09/2012 19:21:02] /ghost
[22/09/2012 19:21:32] /ghost
[22/09/2012 19:21:41] /b rosso estas?
[22/09/2012 19:23:27] /goto rosso
[22/09/2012 19:23:50] /ghost
[22/09/2012 19:24:42] /a
[22/09/2012 19:24:43] /a
[22/09/2012 19:24:43] /a
[22/09/2012 19:24:44] /a
[22/09/2012 19:24:45] /a
[22/09/2012 19:24:45] /a
[22/09/2012 19:24:46] /a
[22/09/2012 19:24:46] /a
[22/09/2012 19:24:46] /a
[22/09/2012 19:24:47] /a
[22/09/2012 19:24:48] /a
[22/09/2012 19:24:49] /a
[22/09/2012 19:24:49] /a
[22/09/2012 19:27:26] /zombiestart 
[22/09/2012 19:27:29] /zombiestart 
[22/09/2012 19:28:22] /t
[22/09/2012 19:29:41] /a
[22/09/2012 19:29:42] /a
[22/09/2012 19:29:42] /a
[22/09/2012 19:29:43] /a
[22/09/2012 19:29:43] /a
[22/09/2012 19:29:44] /a
[22/09/2012 19:29:48] /a
[22/09/2012 19:29:49] /a
[22/09/2012 19:29:49] /a
[22/09/2012 19:30:01] /a
[22/09/2012 19:30:02] /a
[22/09/2012 19:30:12] /a
[22/09/2012 19:30:13] /a
[22/09/2012 19:30:13] /a
[22/09/2012 19:30:13] /a
[22/09/2012 19:30:15] /a
[22/09/2012 19:30:15] /a
[22/09/2012 19:30:16] /a
[22/09/2012 19:30:18] /a
[22/09/2012 19:30:19] /a
[22/09/2012 19:30:19] /a
[22/09/2012 19:30:20] /a
[22/09/2012 19:30:20] /a
[22/09/2012 19:30:31] /t 
[22/09/2012 19:30:33] /t Skater
[22/09/2012 19:32:40] /m blokin
[22/09/2012 19:32:42] /m blokig
[22/09/2012 19:32:46] /m block
[22/09/2012 19:33:03] /t
[22/09/2012 19:33:17] /t
[22/09/2012 19:34:10] /goto skater
[22/09/2012 19:34:22] /b rosso estas+
[22/09/2012 19:35:14] /a
[22/09/2012 19:35:15] /a
[22/09/2012 19:35:15] /a
[22/09/2012 19:35:15] /a
[22/09/2012 19:35:16] /a
[22/09/2012 19:35:16] /a
[22/09/2012 19:35:40] /m Blocker
[22/09/2012 19:38:30] /r
[22/09/2012 19:38:43] /t
[22/09/2012 19:39:06] /t
[22/09/2012 19:39:23] /t
[22/09/2012 19:40:07] /t
[22/09/2012 19:41:18] /a
[22/09/2012 19:41:19] /a
[22/09/2012 19:41:24] /t
[22/09/2012 19:41:37] /a
[22/09/2012 19:41:44] /goto skater
[22/09/2012 19:41:47] /a
[22/09/2012 19:41:48] /a
[22/09/2012 19:41:54] /c staker
[22/09/2012 19:42:01] /c skater
[22/09/2012 19:42:33] /goto skater
[22/09/2012 19:42:50] /a
[22/09/2012 19:42:50] /a
[22/09/2012 19:42:55] /c skater
[22/09/2012 19:43:29] /goto skater
[22/09/2012 19:46:20] /goto skater
[22/09/2012 19:47:49] /a
[22/09/2012 19:47:49] /a
[22/09/2012 19:47:49] /a
[22/09/2012 19:47:50] /a
[22/09/2012 19:47:50] /a
[22/09/2012 19:47:50] /a
[22/09/2012 19:47:51] /a
[22/09/2012 19:47:51] /a
[22/09/2012 19:47:53] /goto skater
[22/09/2012 19:47:55] /a
[22/09/2012 19:47:55] /a
[22/09/2012 19:47:56] /a
[22/09/2012 19:47:57] /a
[22/09/2012 19:47:57] /a
[22/09/2012 19:47:57] /a
[22/09/2012 19:47:57] /a
[22/09/2012 19:47:57] /a
[22/09/2012 19:47:57] /a
[22/09/2012 19:47:57] /a
[22/09/2012 19:47:58] /a
[22/09/2012 19:47:58] /a
[22/09/2012 19:47:58] /a
[22/09/2012 19:47:58] /a
[22/09/2012 19:47:58] /a
[22/09/2012 19:47:58] /a
[22/09/2012 19:47:58] /a
[22/09/2012 19:47:58] /a
[22/09/2012 19:47:58] /a
[22/09/2012 19:47:58] /a
[22/09/2012 19:47:58] /a
[22/09/2012 19:47:58] /a
[22/09/2012 19:47:58] /a
[22/09/2012 19:47:58] /a
[22/09/2012 19:47:58] /a
[22/09/2012 19:47:58] /a
[22/09/2012 19:47:58] /a
[22/09/2012 19:47:58] /a
[22/09/2012 19:47:58] /a
[22/09/2012 19:47:59] /a
[22/09/2012 19:47:59] /a
[22/09/2012 19:47:59] /a
[22/09/2012 19:48:00] /a
[22/09/2012 19:48:15] /a
[22/09/2012 19:48:15] /a
[22/09/2012 19:48:16] /a
[22/09/2012 19:48:16] /a
[22/09/2012 19:48:16] /a
[22/09/2012 19:48:16] /a
[22/09/2012 19:48:16] /a
[22/09/2012 19:48:16] /a
[22/09/2012 19:48:16] /a
[22/09/2012 19:48:16] /a
[22/09/2012 19:48:16] /a
[22/09/2012 19:48:16] /a
[22/09/2012 19:48:16] /a
[22/09/2012 19:48:16] /a
[22/09/2012 19:48:16] /a
[22/09/2012 19:48:16] /a
[22/09/2012 19:48:16] /a
[22/09/2012 19:48:16] /a
[22/09/2012 19:48:16] /a
[22/09/2012 19:48:16] /a
[22/09/2012 19:48:16] /a
[22/09/2012 19:48:16] /a
[22/09/2012 19:48:18] /a
[22/09/2012 19:48:18] /a
[22/09/2012 19:48:18] /a
[22/09/2012 19:48:18] /a
[22/09/2012 19:48:20] /a
[22/09/2012 19:48:21] /a
[22/09/2012 19:48:22] /a
[22/09/2012 19:48:22] /a
[22/09/2012 19:48:22] /a
[22/09/2012 19:48:22] /a
[22/09/2012 19:48:22] /a
[22/09/2012 19:48:22] /a
[22/09/2012 19:48:22] /a
[22/09/2012 19:48:22] /a
[22/09/2012 19:48:23] /a
[22/09/2012 19:48:23] /a
[22/09/2012 19:48:23] /a
[22/09/2012 19:48:23] /a
[22/09/2012 19:48:23] /a
[22/09/2012 19:48:24] /a
[22/09/2012 19:48:24] /a
[22/09/2012 19:48:24] /a
[22/09/2012 19:48:24] /a
[22/09/2012 19:48:24] /a
[22/09/2012 19:48:24] /a
[22/09/2012 19:48:25] /a
[22/09/2012 19:48:25] /a
[22/09/2012 19:48:25] /a
[22/09/2012 19:48:25] /a
[22/09/2012 19:48:25] /a
[22/09/2012 19:48:25] /a
[22/09/2012 19:48:25] /a
[22/09/2012 19:48:25] /a
[22/09/2012 19:48:25] /a
[22/09/2012 19:48:25] /a
[22/09/2012 19:48:25] /a
[22/09/2012 19:48:25] /a
[22/09/2012 19:48:25] /a
[22/09/2012 19:48:25] /a
[22/09/2012 19:48:25] /a
[22/09/2012 19:48:25] /a
[22/09/2012 19:48:26] /a
[22/09/2012 19:48:26] /a
[22/09/2012 19:48:26] /a
[22/09/2012 19:48:26] /a
[22/09/2012 19:48:26] /a
[22/09/2012 19:48:26] /a
[22/09/2012 19:48:26] /a
[22/09/2012 19:48:26] /a
[22/09/2012 19:48:27] /a
[22/09/2012 19:48:27] /a
[22/09/2012 19:48:27] /a
[22/09/2012 19:48:27] /a
[22/09/2012 19:48:27] /a
[22/09/2012 19:48:27] /a
[22/09/2012 19:48:27] /a
[22/09/2012 19:48:27] /a
[22/09/2012 19:48:27] /a
[22/09/2012 19:48:27] /a
[22/09/2012 19:48:27] /a
[22/09/2012 19:48:27] /a
[22/09/2012 19:48:27] /a
[22/09/2012 19:48:27] /a
[22/09/2012 19:48:27] /a
[22/09/2012 19:48:27] /a
[22/09/2012 19:48:27] /a
[22/09/2012 19:48:28] /a
[22/09/2012 19:48:28] /a
[22/09/2012 19:48:28] /a
[22/09/2012 19:48:28] /a
[22/09/2012 19:48:29] /a
[22/09/2012 19:48:29] /a
[22/09/2012 19:48:29] /a
[22/09/2012 19:48:29] /a
[22/09/2012 19:48:29] /a
[22/09/2012 19:48:29] /a
[22/09/2012 19:48:29] /a
[22/09/2012 19:48:30] /a
[22/09/2012 19:48:30] /a
[22/09/2012 19:48:30] /a
[22/09/2012 19:48:30] /a
[22/09/2012 19:48:30] /a
[22/09/2012 19:48:30] /a
[22/09/2012 19:48:30] /a
[22/09/2012 19:48:30] /a
[22/09/2012 19:48:30] /a
[22/09/2012 19:48:30] /a
[22/09/2012 19:48:30] /a
[22/09/2012 19:48:30] /a
[22/09/2012 19:48:30] /a
[22/09/2012 19:48:30] /a
[22/09/2012 19:48:30] /a
[22/09/2012 19:48:30] /a
[22/09/2012 19:48:30] /a
[22/09/2012 19:48:30] /a
[22/09/2012 19:48:31] /a
[22/09/2012 19:48:32] /a
[22/09/2012 19:48:32] /a
[22/09/2012 19:48:32] /a
[22/09/2012 19:48:32] /a
[22/09/2012 19:48:32] /a
[22/09/2012 19:48:32] /a
[22/09/2012 19:48:32] /a
[22/09/2012 19:48:33] /a
[22/09/2012 19:48:33] /a
[22/09/2012 19:48:33] /a
[22/09/2012 19:48:33] /a
[22/09/2012 19:48:33] /a
[22/09/2012 19:48:33] /a
[22/09/2012 19:48:34] /a
[22/09/2012 19:48:34] /a
[22/09/2012 19:48:34] /a
[22/09/2012 19:48:35] /a
[22/09/2012 19:48:35] /a
[22/09/2012 19:48:35] /a
[22/09/2012 19:48:35] /a
[22/09/2012 19:48:35] /a
[22/09/2012 19:48:35] /a
[22/09/2012 19:48:35] /a
[22/09/2012 19:48:35] /a
[22/09/2012 19:48:35] /a
[22/09/2012 19:48:35] /a
[22/09/2012 19:48:35] /a
[22/09/2012 19:48:35] /a
[22/09/2012 19:48:35] /a
[22/09/2012 19:48:35] /a
[22/09/2012 19:48:35] /a
[22/09/2012 19:48:35] /a
[22/09/2012 19:48:35] /a
[22/09/2012 19:48:35] /a
[22/09/2012 19:48:35] /a
[22/09/2012 19:48:35] /a
[22/09/2012 19:48:36] /a
[22/09/2012 19:48:36] /a
[22/09/2012 19:48:36] /a
[22/09/2012 19:48:36] /a
[22/09/2012 19:48:36] /a
[22/09/2012 19:48:36] /a
[22/09/2012 19:48:36] /a
[22/09/2012 19:48:36] /a
[22/09/2012 19:48:36] /a
[22/09/2012 19:48:36] /a
[22/09/2012 19:48:36] /a
[22/09/2012 19:48:36] /a
[22/09/2012 19:48:36] /a
[22/09/2012 19:48:37] /a
[22/09/2012 19:48:37] /a
[22/09/2012 19:48:37] /a
[22/09/2012 19:48:37] /a
[22/09/2012 19:48:37] /a
[22/09/2012 19:48:37] /a
[22/09/2012 19:48:38] /a
[22/09/2012 19:48:38] /a
[22/09/2012 19:48:38] /a
[22/09/2012 19:48:38] /a
[22/09/2012 19:48:38] /a
[22/09/2012 19:48:38] /a
[22/09/2012 19:48:38] /a
[22/09/2012 19:48:38] /a
[22/09/2012 19:48:39] /a
[22/09/2012 19:48:40] /a
[22/09/2012 19:48:40] /a
[22/09/2012 19:48:40] /a
[22/09/2012 19:48:40] /a
[22/09/2012 19:48:40] /a
[22/09/2012 19:48:40] /a
[22/09/2012 19:48:51] /a
[22/09/2012 19:48:51] /a
[22/09/2012 19:48:51] /a
[22/09/2012 19:48:51] /a
[22/09/2012 19:48:55] /a
[22/09/2012 19:48:57] /a
[22/09/2012 19:48:57] /a
[22/09/2012 19:48:57] /a
[22/09/2012 19:48:57] /a
[22/09/2012 19:49:08] /a
[22/09/2012 19:49:09] /a
[22/09/2012 19:49:10] /a
[22/09/2012 19:49:10] /a
[22/09/2012 19:49:10] /a
[22/09/2012 19:49:11] /a
[22/09/2012 19:49:11] /a
[22/09/2012 19:49:11] /a
[22/09/2012 19:49:12] /a
[22/09/2012 19:49:12] /a
[22/09/2012 19:49:12] /a
[22/09/2012 19:49:13] /a
[22/09/2012 19:49:13] /a
[22/09/2012 19:49:13] /a
[22/09/2012 19:49:14] /a
[22/09/2012 19:49:19] /a
[22/09/2012 19:49:19] /a
[22/09/2012 19:49:22] /a
[22/09/2012 19:49:22] /a
[22/09/2012 19:49:22] /a
[22/09/2012 19:49:22] /a
[22/09/2012 19:49:22] /a
[22/09/2012 19:49:23] /a
[22/09/2012 19:49:24] /a
[22/09/2012 19:49:24] /a
[22/09/2012 19:49:25] /a
[22/09/2012 19:49:25] /a
[22/09/2012 19:49:25] /a
[22/09/2012 19:49:25] /a
[22/09/2012 19:49:26] /a
[22/09/2012 19:49:26] /a
[22/09/2012 19:49:27] /a
[22/09/2012 19:49:27] /a
[22/09/2012 19:49:27] /a
[22/09/2012 19:49:27] /a
[22/09/2012 19:49:27] /a
[22/09/2012 19:49:27] /a
[22/09/2012 19:49:28] /a
[22/09/2012 19:49:28] /a
[22/09/2012 19:49:28] /a
[22/09/2012 19:49:28] /a
[22/09/2012 19:49:29] /a
[22/09/2012 19:49:29] /a
[22/09/2012 19:49:29] /a
[22/09/2012 19:49:30] /a
[22/09/2012 19:49:30] /a
[22/09/2012 19:49:31] /a
[22/09/2012 19:49:31] /a
[22/09/2012 19:49:31] /a
[22/09/2012 19:49:47] /a
[22/09/2012 19:49:49] /a
[22/09/2012 19:49:50] /a
[22/09/2012 19:49:50] /a
[22/09/2012 19:49:50] /a
[22/09/2012 19:49:51] /a
[22/09/2012 19:49:58] /c skater
[22/09/2012 19:50:46] /ghost
[22/09/2012 19:50:50] /goto skater
[22/09/2012 19:51:21] /a
[22/09/2012 19:51:25] /m bug exp
[22/09/2012 19:51:37] /m tibia exp
[22/09/2012 19:51:54] /a
[22/09/2012 19:51:54] /a
[22/09/2012 19:52:19] /a
[22/09/2012 19:52:19] /a
[22/09/2012 19:52:20] /a
[22/09/2012 19:52:20] /a
[22/09/2012 19:52:20] /a
[22/09/2012 19:52:26] /t
[22/09/2012 19:52:34] /a
[22/09/2012 19:52:36] /ghost
[22/09/2012 19:52:37] /a
[22/09/2012 19:52:40] /a
[22/09/2012 19:52:43] /t
[22/09/2012 19:52:45] /a
[22/09/2012 19:52:45] /a
[22/09/2012 19:52:46] /a
[22/09/2012 19:52:56] /t
[22/09/2012 19:52:59] /ghost
[22/09/2012 19:53:03] /m Massive Murder
[22/09/2012 19:53:05] /m Massive Murder
[22/09/2012 19:53:08] /m Massive Murder
[22/09/2012 19:53:08] /m Massive Murder
[22/09/2012 19:53:09] /m Massive Murder
[22/09/2012 19:53:10] /m Massive Murder
[22/09/2012 19:53:10] /m Massive Murder
[22/09/2012 19:53:10] /m Massive Murder
[22/09/2012 19:53:11] /m Massive Murder
[22/09/2012 19:53:11] /m Massive Murder
[22/09/2012 19:53:11] /m Massive Murder
[22/09/2012 19:53:12] /m Massive Murder
[22/09/2012 19:53:12] /m Massive Murder
[22/09/2012 19:53:12] /m Massive Murder
[22/09/2012 19:53:13] /m Massive Murder
[22/09/2012 19:53:13] /m Massive Murder
[22/09/2012 19:53:13] /m Massive Murder
[22/09/2012 19:53:14] /m Massive Murder
[22/09/2012 19:53:14] /m Massive Murder
[22/09/2012 19:53:14] /m Massive Murder
[22/09/2012 19:53:15] /m Massive Murder
[22/09/2012 19:53:15] /m Massive Murder
[22/09/2012 19:53:15] /m Massive Murder
[22/09/2012 19:53:16] /m Massive Murder
[22/09/2012 19:53:16] /m Massive Murder
[22/09/2012 19:53:16] /m Massive Murder
[22/09/2012 19:53:17] /m Massive Murder
[22/09/2012 19:53:17] /m Massive Murder
[22/09/2012 19:53:28] /m Massive Murder
[22/09/2012 19:53:29] /m Massive Murder
[22/09/2012 19:53:29] /m Massive Murder
[22/09/2012 19:53:29] /m Massive Murder
[22/09/2012 19:53:29] /m Massive Murder
[22/09/2012 19:53:29] /m Massive Murder
[22/09/2012 19:53:29] /m Massive Murder
[22/09/2012 19:53:29] /m Massive Murder
[22/09/2012 19:53:29] /m Massive Murder
[22/09/2012 19:53:29] /m Massive Murder
[22/09/2012 19:53:30] /m Massive Murder
[22/09/2012 19:53:30] /m Massive Murder
[22/09/2012 19:53:30] /m Massive Murder
[22/09/2012 19:53:30] /m Massive Murder
[22/09/2012 19:53:30] /m Massive Murder
[22/09/2012 19:53:30] /m Massive Murder
[22/09/2012 19:53:30] /m Massive Murder
[22/09/2012 19:53:30] /m Massive Murder
[22/09/2012 19:53:30] /m Massive Murder
[22/09/2012 19:53:30] /m Massive Murder
[22/09/2012 19:53:30] /m Massive Murder
[22/09/2012 19:53:30] /m Massive Murder
[22/09/2012 19:53:30] /m Massive Murder
[22/09/2012 19:53:30] /m Massive Murder
[22/09/2012 19:53:31] /m Massive Murder
[22/09/2012 19:53:31] /m Massive Murder
[22/09/2012 19:53:31] /m Massive Murder
[22/09/2012 19:53:31] /m Massive Murder
[22/09/2012 19:53:31] /m Massive Murder
[22/09/2012 19:53:31] /m Massive Murder
[22/09/2012 19:53:31] /m Massive Murder
[22/09/2012 19:53:31] /m Massive Murder
[22/09/2012 19:53:31] /m Massive Murder
[22/09/2012 19:53:31] /m Massive Murder
[22/09/2012 19:53:31] /m Massive Murder
[22/09/2012 19:53:31] /m Massive Murder
[22/09/2012 19:53:31] /m Massive Murder
[22/09/2012 19:53:31] /m Massive Murder
[22/09/2012 19:53:32] /m Massive Murder
[22/09/2012 19:53:32] /m Massive Murder
[22/09/2012 19:53:32] /m Massive Murder
[22/09/2012 19:53:32] /m Massive Murder
[22/09/2012 19:53:32] /m Massive Murder
[22/09/2012 19:53:32] /m Massive Murder
[22/09/2012 19:53:32] /m Massive Murder
[22/09/2012 19:53:32] /m Massive Murder
[22/09/2012 19:53:32] /m Massive Murder
[22/09/2012 19:53:32] /m Massive Murder
[22/09/2012 19:53:32] /m Massive Murder
[22/09/2012 19:53:32] /m Massive Murder
[22/09/2012 19:53:32] /m Massive Murder
[22/09/2012 19:53:33] /m Massive Murder
[22/09/2012 19:53:33] /m Massive Murder
[22/09/2012 19:53:33] /m Massive Murder
[22/09/2012 19:53:33] /m Massive Murder
[22/09/2012 19:53:33] /m Massive Murder
[22/09/2012 19:53:33] /m Massive Murder
[22/09/2012 19:53:33] /m Massive Murder
[22/09/2012 19:53:33] /m Massive Murder
[22/09/2012 19:53:33] /m Massive Murder
[22/09/2012 19:53:34] /m Massive Murder
[22/09/2012 19:53:34] /m Massive Murder
[22/09/2012 19:53:34] /m Massive Murder
[22/09/2012 19:53:34] /m Massive Murder
[22/09/2012 19:53:34] /m Massive Murder
[22/09/2012 19:53:34] /m Massive Murder
[22/09/2012 19:53:34] /m Massive Murder
[22/09/2012 19:53:34] /m Massive Murder
[22/09/2012 19:53:34] /m Massive Murder
[22/09/2012 19:53:34] /m Massive Murder
[22/09/2012 19:53:34] /m Massive Murder
[22/09/2012 19:53:34] /m Massive Murder
[22/09/2012 19:53:34] /m Massive Murder
[22/09/2012 19:53:34] /m Massive Murder
[22/09/2012 19:53:35] /m Massive Murder
[22/09/2012 19:53:35] /m Massive Murder
[22/09/2012 19:53:35] /m Massive Murder
[22/09/2012 19:53:35] /m Massive Murder
[22/09/2012 19:53:35] /m Massive Murder
[22/09/2012 19:53:35] /m Massive Murder
[22/09/2012 19:53:35] /m Massive Murder
[22/09/2012 19:53:35] /m Massive Murder
[22/09/2012 19:53:35] /m Massive Murder
[22/09/2012 19:53:35] /m Massive Murder
[22/09/2012 19:53:35] /m Massive Murder
[22/09/2012 19:53:35] /m Massive Murder
[22/09/2012 19:53:35] /m Massive Murder
[22/09/2012 19:53:36] /m Massive Murder
[22/09/2012 19:53:36] /m Massive Murder
[22/09/2012 19:53:36] /m Massive Murder
[22/09/2012 19:53:36] /m Massive Murder
[22/09/2012 19:53:36] /m Massive Murder
[22/09/2012 19:53:36] /m Massive Murder
[22/09/2012 19:53:36] /m Massive Murder
[22/09/2012 19:53:36] /m Massive Murder
[22/09/2012 19:53:36] /m Massive Murder
[22/09/2012 19:53:36] /m Massive Murder
[22/09/2012 19:53:36] /m Massive Murder
[22/09/2012 19:53:45] /a
[22/09/2012 19:53:45] /a
[22/09/2012 19:53:56] /t
[22/09/2012 19:53:59] /m Marid
[22/09/2012 19:54:12] /m Marid
[22/09/2012 19:54:12] /m Marid
[22/09/2012 19:54:13] /m Marid
[22/09/2012 19:54:13] /m Marid
[22/09/2012 19:54:13] /m Marid
[22/09/2012 19:54:14] /m Marid
[22/09/2012 19:54:14] /m Marid
[22/09/2012 19:54:14] /m Marid
[22/09/2012 19:54:15] /m Marid
[22/09/2012 19:54:15] /m Marid
[22/09/2012 19:54:15] /m Marid
[22/09/2012 19:54:16] /m Marid
[22/09/2012 19:54:16] /m Marid
[22/09/2012 19:54:16] /m Marid
[22/09/2012 19:54:17] /m Marid
[22/09/2012 19:54:17] /m Marid
[22/09/2012 19:54:18] /m Marid
[22/09/2012 19:54:18] /m Marid
[22/09/2012 19:54:26] /a
[22/09/2012 19:54:28] /a
[22/09/2012 19:54:34] /t
[22/09/2012 19:54:37] /m Massive Murder
[22/09/2012 19:54:37] /m Massive Murder
[22/09/2012 19:54:37] /m Massive Murder
[22/09/2012 19:54:37] /m Massive Murder
[22/09/2012 19:54:37] /m Massive Murder
[22/09/2012 19:54:37] /m Massive Murder
[22/09/2012 19:54:37] /m Massive Murder
[22/09/2012 19:54:38] /m Massive Murder
[22/09/2012 19:54:38] /m Massive Murder
[22/09/2012 19:54:38] /m Massive Murder
[22/09/2012 19:54:38] /m Massive Murder
[22/09/2012 19:54:38] /m Massive Murder
[22/09/2012 19:54:38] /m Massive Murder
[22/09/2012 19:54:38] /m Massive Murder
[22/09/2012 19:54:38] /m Massive Murder
[22/09/2012 19:54:38] /m Massive Murder
[22/09/2012 19:54:38] /m Massive Murder
[22/09/2012 19:54:38] /m Massive Murder
[22/09/2012 19:54:38] /m Massive Murder
[22/09/2012 19:54:38] /m Massive Murder
[22/09/2012 19:54:38] /m Massive Murder
[22/09/2012 19:54:39] /m Massive Murder
[22/09/2012 19:54:39] /m Massive Murder
[22/09/2012 19:54:39] /m Massive Murder
[22/09/2012 19:54:39] /m Massive Murder
[22/09/2012 19:54:39] /m Massive Murder
[22/09/2012 19:54:39] /m Massive Murder
[22/09/2012 19:54:39] /m Massive Murder
[22/09/2012 19:54:39] /m Massive Murder
[22/09/2012 19:54:39] /m Massive Murder
[22/09/2012 19:54:39] /m Massive Murder
[22/09/2012 19:54:39] /m Massive Murder
[22/09/2012 19:54:39] /m Massive Murder
[22/09/2012 19:54:39] /m Massive Murder
[22/09/2012 19:54:40] /m Massive Murder
[22/09/2012 19:54:40] /m Massive Murder
[22/09/2012 19:54:40] /m Massive Murder
[22/09/2012 19:54:40] /m Massive Murder
[22/09/2012 19:54:40] /m Massive Murder
[22/09/2012 19:54:40] /m Massive Murder
[22/09/2012 19:54:40] /m Massive Murder
[22/09/2012 19:54:40] /m Massive Murder
[22/09/2012 19:54:40] /m Massive Murder
[22/09/2012 19:54:40] /m Massive Murder
[22/09/2012 19:54:40] /m Massive Murder
[22/09/2012 19:54:40] /m Massive Murder
[22/09/2012 19:54:41] /m Massive Murder
[22/09/2012 19:54:41] /m Massive Murder
[22/09/2012 19:54:41] /m Massive Murder
[22/09/2012 19:54:41] /m Massive Murder
[22/09/2012 19:54:41] /m Massive Murder
[22/09/2012 19:54:41] /m Massive Murder
[22/09/2012 19:54:41] /m Massive Murder
[22/09/2012 19:54:41] /m Massive Murder
[22/09/2012 19:54:41] /m Massive Murder
[22/09/2012 19:54:41] /m Massive Murder
[22/09/2012 19:54:41] /m Massive Murder
[22/09/2012 19:54:41] /m Massive Murder
[22/09/2012 19:54:41] /m Massive Murder
[22/09/2012 19:54:42] /m Massive Murder
[22/09/2012 19:54:42] /m Massive Murder
[22/09/2012 19:54:42] /m Massive Murder
[22/09/2012 19:54:42] /m Massive Murder
[22/09/2012 19:54:42] /m Massive Murder
[22/09/2012 19:54:42] /m Massive Murder
[22/09/2012 19:54:42] /m Massive Murder
[22/09/2012 19:54:42] /m Massive Murder
[22/09/2012 19:54:42] /m Massive Murder
[22/09/2012 19:54:42] /m Massive Murder
[22/09/2012 19:54:43] /m Massive Murder
[22/09/2012 19:54:43] /m Massive Murder
[22/09/2012 19:54:43] /m Massive Murder
[22/09/2012 19:54:43] /m Massive Murder
[22/09/2012 19:54:43] /m Massive Murder
[22/09/2012 19:54:43] /m Massive Murder
[22/09/2012 19:54:43] /m Massive Murder
[22/09/2012 19:54:43] /m Massive Murder
[22/09/2012 19:54:43] /m Massive Murder
[22/09/2012 19:54:43] /m Massive Murder
[22/09/2012 19:54:43] /m Massive Murder
[22/09/2012 19:54:43] /m Massive Murder
[22/09/2012 19:54:43] /m Massive Murder
[22/09/2012 19:54:44] /m Massive Murder
[22/09/2012 19:54:44] /m Massive Murder
[22/09/2012 19:54:44] /m Massive Murder
[22/09/2012 19:54:44] /m Massive Murder
[22/09/2012 19:54:44] /m Massive Murder
[22/09/2012 19:54:44] /m Massive Murder
[22/09/2012 19:54:44] /m Massive Murder
[22/09/2012 19:54:44] /m Massive Murder
[22/09/2012 19:54:44] /m Massive Murder
[22/09/2012 19:54:44] /m Massive Murder
[22/09/2012 19:54:44] /m Massive Murder
[22/09/2012 19:54:45] /m Massive Murder
[22/09/2012 19:54:45] /m Massive Murder
[22/09/2012 19:54:45] /m Massive Murder
[22/09/2012 19:54:45] /m Massive Murder
[22/09/2012 19:54:45] /m Massive Murder
[22/09/2012 19:54:45] /m Massive Murder
[22/09/2012 19:54:45] /m Massive Murder
[22/09/2012 19:54:45] /m Massive Murder
[22/09/2012 19:54:45] /m Massive Murder
[22/09/2012 19:54:45] /m Massive Murder
[22/09/2012 19:54:45] /m Massive Murder
[22/09/2012 19:54:45] /m Massive Murder
[22/09/2012 19:54:45] /m Massive Murder
[22/09/2012 19:54:45] /m Massive Murder
[22/09/2012 19:54:45] /m Massive Murder
[22/09/2012 19:54:45] /m Massive Murder
[22/09/2012 19:54:46] /m Massive Murder
[22/09/2012 19:54:46] /m Massive Murder
[22/09/2012 19:54:46] /m Massive Murder
[22/09/2012 19:54:46] /m Massive Murder
[22/09/2012 19:54:46] /m Massive Murder
[22/09/2012 19:54:46] /m Massive Murder
[22/09/2012 19:54:46] /m Massive Murder
[22/09/2012 19:54:46] /m Massive Murder
[22/09/2012 19:54:46] /m Massive Murder
[22/09/2012 19:54:46] /m Massive Murder
[22/09/2012 19:54:46] /m Massive Murder
[22/09/2012 19:54:46] /m Massive Murder
[22/09/2012 19:54:47] /m Massive Murder
[22/09/2012 19:54:47] /m Massive Murder
[22/09/2012 19:54:47] /m Massive Murder
[22/09/2012 19:54:47] /m Massive Murder
[22/09/2012 19:54:47] /m Massive Murder
[22/09/2012 19:54:47] /m Massive Murder
[22/09/2012 19:54:47] /m Massive Murder
[22/09/2012 19:54:47] /m Massive Murder
[22/09/2012 19:54:47] /m Massive Murder
[22/09/2012 19:54:47] /m Massive Murder
[22/09/2012 19:54:47] /m Massive Murder
[22/09/2012 19:54:48] /m Massive Murder
[22/09/2012 19:54:48] /m Massive Murder
[22/09/2012 19:54:48] /m Massive Murder
[22/09/2012 19:54:48] /m Massive Murder
[22/09/2012 19:54:48] /m Massive Murder
[22/09/2012 19:54:48] /m Massive Murder
[22/09/2012 19:54:48] /m Massive Murder
[22/09/2012 19:54:48] /m Massive Murder
[22/09/2012 19:54:48] /m Massive Murder
[22/09/2012 19:54:48] /m Massive Murder
[22/09/2012 19:54:48] /m Massive Murder
[22/09/2012 19:54:48] /m Massive Murder
[22/09/2012 19:54:48] /m Massive Murder
[22/09/2012 19:54:49] /m Massive Murder
[22/09/2012 19:54:49] /m Massive Murder
[22/09/2012 19:54:49] /m Massive Murder
[22/09/2012 19:54:49] /m Massive Murder
[22/09/2012 19:54:49] /m Massive Murder
[22/09/2012 19:54:49] /m Massive Murder
[22/09/2012 19:54:49] /m Massive Murder
[22/09/2012 19:54:49] /m Massive Murder
[22/09/2012 19:54:49] /m Massive Murder
[22/09/2012 19:54:49] /m Massive Murder
[22/09/2012 19:54:49] /m Massive Murder
[22/09/2012 19:54:49] /m Massive Murder
[22/09/2012 19:54:49] /m Massive Murder
[22/09/2012 19:54:50] /m Massive Murder
[22/09/2012 19:54:50] /m Massive Murder
[22/09/2012 19:54:50] /m Massive Murder
[22/09/2012 19:54:50] /m Massive Murder
[22/09/2012 19:54:50] /m Massive Murder
[22/09/2012 19:54:50] /m Massive Murder
[22/09/2012 19:54:50] /m Massive Murder
[22/09/2012 19:54:50] /m Massive Murder
[22/09/2012 19:54:50] /m Massive Murder
[22/09/2012 19:54:50] /m Massive Murder
[22/09/2012 19:54:50] /m Massive Murder
[22/09/2012 19:54:50] /m Massive Murder
[22/09/2012 19:54:50] /m Massive Murder
[22/09/2012 19:54:51] /m Massive Murder
[22/09/2012 19:54:51] /m Massive Murder
[22/09/2012 19:54:51] /m Massive Murder
[22/09/2012 19:54:51] /m Massive Murder
[22/09/2012 19:54:51] /m Massive Murder
[22/09/2012 19:54:51] /m Massive Murder
[22/09/2012 19:54:51] /m Massive Murder
[22/09/2012 19:54:51] /m Massive Murder
[22/09/2012 19:54:51] /m Massive Murder
[22/09/2012 19:54:51] /m Massive Murder
[22/09/2012 19:54:51] /m Massive Murder
[22/09/2012 19:54:51] /m Massive Murder
[22/09/2012 19:54:52] /m Massive Murder
[22/09/2012 19:54:52] /m Massive Murder
[22/09/2012 19:54:52] /m Massive Murder
[22/09/2012 19:54:52] /m Massive Murder
[22/09/2012 19:54:52] /m Massive Murder
[22/09/2012 19:54:52] /m Massive Murder
[22/09/2012 19:54:52] /m Massive Murder
[22/09/2012 19:54:52] /m Massive Murder
[22/09/2012 19:54:52] /m Massive Murder
[22/09/2012 19:54:52] /m Massive Murder
[22/09/2012 19:54:52] /m Massive Murder
[22/09/2012 19:54:54] /ghost
[22/09/2012 19:54:57] /m ghost
[22/09/2012 19:57:39] /a
[22/09/2012 19:57:42] /a
[22/09/2012 19:57:42] /a
[22/09/2012 19:58:16] /a
[22/09/2012 19:58:16] /a
[22/09/2012 19:58:16] /a
[22/09/2012 19:58:16] /a
[22/09/2012 19:58:16] /a
[22/09/2012 19:58:17] /a
[22/09/2012 19:58:17] /a
[22/09/2012 19:58:17] /a
[22/09/2012 19:58:17] /a
[22/09/2012 19:58:17] /a
[22/09/2012 19:58:17] /a
[22/09/2012 19:58:17] /a
[22/09/2012 19:58:17] /a
[22/09/2012 19:58:17] /a
[22/09/2012 19:58:17] /a
[22/09/2012 19:58:17] /a
[22/09/2012 19:58:17] /a
[22/09/2012 19:58:17] /a
[22/09/2012 19:58:17] /a
[22/09/2012 19:58:18] /a
[22/09/2012 19:58:18] /a
[22/09/2012 19:58:18] /a
[22/09/2012 19:58:18] /a
[22/09/2012 19:58:19] /a
[22/09/2012 19:58:19] /a
[22/09/2012 19:58:19] /a
[22/09/2012 19:58:19] /a
[22/09/2012 19:58:19] /a
[22/09/2012 19:58:19] /a
[22/09/2012 19:58:20] /a
[22/09/2012 19:58:20] /a
[22/09/2012 19:58:20] /a
[22/09/2012 19:58:20] /a
[22/09/2012 19:58:20] /a
[22/09/2012 19:58:20] /a
[22/09/2012 19:58:21] /a
[22/09/2012 19:58:21] /a
[22/09/2012 19:58:21] /a
[22/09/2012 19:58:21] /a
[22/09/2012 19:58:22] /a
[22/09/2012 19:58:22] /a
[22/09/2012 19:58:22] /a
[22/09/2012 19:58:23] /a
[22/09/2012 19:58:23] /a
[22/09/2012 19:58:23] /a
[22/09/2012 19:58:23] /a
[22/09/2012 19:58:23] /a
[22/09/2012 19:58:24] /a
[22/09/2012 19:58:24] /a
[22/09/2012 19:58:24] /a
[22/09/2012 19:58:24] /a
[22/09/2012 19:58:24] /a
[22/09/2012 19:58:24] /a
[22/09/2012 19:58:24] /a
[22/09/2012 19:58:24] /a
[22/09/2012 19:58:25] /a
[22/09/2012 19:58:25] /a
[22/09/2012 19:58:25] /a
[22/09/2012 19:58:25] /a
[22/09/2012 19:58:25] /a
[22/09/2012 19:58:26] /a
[22/09/2012 19:58:26] /a
[22/09/2012 19:58:26] /a
[22/09/2012 19:58:26] /a
[22/09/2012 19:58:26] /a
[22/09/2012 19:58:26] /a
[22/09/2012 19:58:27] /a
[22/09/2012 19:58:27] /a
[22/09/2012 19:58:27] /a
[22/09/2012 19:58:39] /a
[22/09/2012 19:58:40] /a
[22/09/2012 19:58:40] /a
[22/09/2012 19:58:40] /a
[22/09/2012 19:58:40] /a
[22/09/2012 19:58:41] /a
[22/09/2012 19:58:41] /a
[22/09/2012 19:58:41] /a
[22/09/2012 19:58:41] /a
[22/09/2012 19:58:41] /a
[22/09/2012 19:58:42] /a
[22/09/2012 19:58:42] /a
[22/09/2012 19:58:42] /a
[22/09/2012 19:58:42] /a
[22/09/2012 19:58:43] /a
[22/09/2012 19:58:43] /a
[22/09/2012 19:58:43] /a
[22/09/2012 19:58:43] /a
[22/09/2012 19:58:44] /a
[22/09/2012 19:58:44] /a
[22/09/2012 19:58:44] /a
[22/09/2012 19:58:44] /a
[22/09/2012 19:58:44] /a
[22/09/2012 19:58:44] /a
[22/09/2012 19:58:44] /a
[22/09/2012 19:58:44] /a
[22/09/2012 19:58:44] /a
[22/09/2012 19:58:44] /a
[22/09/2012 19:58:44] /a
[22/09/2012 19:58:44] /a
[22/09/2012 19:58:44] /a
[22/09/2012 19:58:44] /a
[22/09/2012 19:58:45] /a
[22/09/2012 19:58:45] /a
[22/09/2012 19:58:45] /a
[22/09/2012 19:58:45] /a
[22/09/2012 19:58:45] /a
[22/09/2012 19:58:46] /a
[22/09/2012 19:58:46] /a
[22/09/2012 19:58:46] /a
[22/09/2012 19:58:47] /a
[22/09/2012 19:58:47] /a
[22/09/2012 19:58:47] /a
[22/09/2012 19:58:47] /a
[22/09/2012 19:58:48] /a
[22/09/2012 19:58:48] /a
[22/09/2012 19:58:48] /a
[22/09/2012 19:58:49] /a
[22/09/2012 19:58:49] /a
[22/09/2012 19:58:49] /a
[22/09/2012 19:58:49] /a
[22/09/2012 19:58:49] /a
[22/09/2012 19:58:49] /a
[22/09/2012 19:58:49] /a
[22/09/2012 19:58:49] /a
[22/09/2012 19:58:49] /a
[22/09/2012 19:58:50] /a
[22/09/2012 19:58:50] /a
[22/09/2012 19:58:50] /a
[22/09/2012 19:58:50] /a
[22/09/2012 19:58:50] /a
[22/09/2012 19:58:50] /a
[22/09/2012 19:58:50] /a
[22/09/2012 19:58:50] /a
[22/09/2012 19:58:50] /a
[22/09/2012 19:58:50] /a
[22/09/2012 19:58:55] /a
[22/09/2012 19:58:55] /a
[22/09/2012 19:58:55] /a
[22/09/2012 19:58:56] /a
[22/09/2012 19:58:56] /a
[22/09/2012 19:58:56] /a
[22/09/2012 19:58:56] /a
[22/09/2012 19:58:56] /a
[22/09/2012 19:58:56] /a
[22/09/2012 19:58:56] /a
[22/09/2012 19:58:56] /a
[22/09/2012 19:58:56] /a
[22/09/2012 19:58:56] /a
[22/09/2012 19:58:56] /a
[22/09/2012 19:58:56] /a
[22/09/2012 19:58:56] /a
[22/09/2012 19:58:56] /a
[22/09/2012 19:58:57] /a
[22/09/2012 19:58:57] /a
[22/09/2012 19:58:57] /a
[22/09/2012 19:58:58] /a
[22/09/2012 19:58:58] /a
[22/09/2012 19:58:59] /a
[22/09/2012 19:58:59] /a
[22/09/2012 19:58:59] /a
[22/09/2012 19:58:59] /a
[22/09/2012 19:59:00] /a
[22/09/2012 19:59:00] /a
[22/09/2012 19:59:00] /a
[22/09/2012 19:59:00] /a
[22/09/2012 19:59:01] /a
[22/09/2012 19:59:01] /a
[22/09/2012 19:59:01] /a
[22/09/2012 19:59:01] /a
[22/09/2012 19:59:02] /a
[22/09/2012 19:59:02] /a
[22/09/2012 19:59:02] /a
[22/09/2012 19:59:02] /a
[22/09/2012 19:59:03] /a
[22/09/2012 19:59:03] /a
[22/09/2012 19:59:03] /a
[22/09/2012 19:59:03] /a
[22/09/2012 19:59:03] /a
[22/09/2012 19:59:03] /a
[22/09/2012 19:59:03] /a
[22/09/2012 19:59:03] /a
[22/09/2012 19:59:03] /a
[22/09/2012 19:59:03] /a
[22/09/2012 19:59:03] /a
[22/09/2012 19:59:03] /a
[22/09/2012 19:59:04] /a
[22/09/2012 19:59:04] /a
[22/09/2012 19:59:04] /a
[22/09/2012 19:59:04] /a
[22/09/2012 19:59:04] /a
[22/09/2012 19:59:04] /a
[22/09/2012 19:59:04] /a
[22/09/2012 19:59:04] /a
[22/09/2012 19:59:04] /a
[22/09/2012 19:59:04] /a
[22/09/2012 19:59:04] /a
[22/09/2012 19:59:04] /a
[22/09/2012 19:59:05] /a
[22/09/2012 19:59:05] /a
[22/09/2012 19:59:05] /a
[22/09/2012 19:59:05] /a
[22/09/2012 19:59:05] /a
[22/09/2012 19:59:05] /a
[22/09/2012 19:59:05] /a
[22/09/2012 19:59:05] /a
[22/09/2012 19:59:08] /a
[22/09/2012 19:59:08] /a
[22/09/2012 19:59:22] /a
[22/09/2012 19:59:22] /a
[22/09/2012 19:59:22] /a
[22/09/2012 19:59:23] /a
[22/09/2012 19:59:23] /a
[22/09/2012 19:59:23] /a
[22/09/2012 19:59:23] /a
[22/09/2012 19:59:23] /a
[22/09/2012 19:59:24] /a
[22/09/2012 19:59:24] /a
[22/09/2012 19:59:24] /a
[22/09/2012 19:59:24] /a
[22/09/2012 19:59:24] /a
[22/09/2012 19:59:24] /a
[22/09/2012 19:59:24] /a
[22/09/2012 19:59:24] /a
[22/09/2012 19:59:24] /a
[22/09/2012 19:59:24] /a
[22/09/2012 19:59:24] /a
[22/09/2012 19:59:24] /a
[22/09/2012 19:59:24] /a
[22/09/2012 19:59:24] /a
[22/09/2012 19:59:24] /a
[22/09/2012 19:59:25] /a
[22/09/2012 19:59:25] /a
[22/09/2012 19:59:25] /a
[22/09/2012 19:59:25] /a
[22/09/2012 19:59:25] /a
[22/09/2012 19:59:25] /a
[22/09/2012 19:59:25] /a
[22/09/2012 19:59:25] /a
[22/09/2012 19:59:25] /a
[22/09/2012 19:59:25] /a
[22/09/2012 19:59:25] /a
[22/09/2012 19:59:25] /a
[22/09/2012 19:59:25] /a
[22/09/2012 19:59:25] /a
[22/09/2012 19:59:25] /a
[22/09/2012 19:59:25] /a
[22/09/2012 19:59:25] /a
[22/09/2012 19:59:26] /a
[22/09/2012 19:59:26] /a
[22/09/2012 19:59:26] /a
[22/09/2012 19:59:26] /a
[22/09/2012 19:59:26] /a
[22/09/2012 19:59:26] /a
[22/09/2012 19:59:26] /a
[22/09/2012 19:59:26] /a
[22/09/2012 19:59:26] /a
[22/09/2012 19:59:26] /a
[22/09/2012 19:59:26] /a
[22/09/2012 19:59:26] /a
[22/09/2012 19:59:26] /a
[22/09/2012 19:59:27] /a
[22/09/2012 19:59:28] /a
[22/09/2012 19:59:28] /a
[22/09/2012 19:59:29] /a
[22/09/2012 19:59:29] /a
[22/09/2012 19:59:29] /a
[22/09/2012 19:59:29] /a
[22/09/2012 19:59:30] /a
[22/09/2012 19:59:30] /a
[22/09/2012 19:59:30] /a
[22/09/2012 19:59:30] /a
[22/09/2012 19:59:30] /a
[22/09/2012 19:59:30] /a
[22/09/2012 19:59:30] /a
[22/09/2012 19:59:30] /a
[22/09/2012 19:59:30] /a
[22/09/2012 19:59:30] /a
[22/09/2012 19:59:30] /a
[22/09/2012 19:59:30] /a
[22/09/2012 19:59:30] /a
[22/09/2012 19:59:31] /a
[22/09/2012 19:59:31] /a
[22/09/2012 19:59:31] /a
[22/09/2012 19:59:31] /a
[22/09/2012 19:59:31] /a
[22/09/2012 19:59:31] /a
[22/09/2012 19:59:31] /a
[22/09/2012 19:59:31] /a
[22/09/2012 19:59:31] /a
[22/09/2012 19:59:31] /a
[22/09/2012 19:59:31] /a
[22/09/2012 19:59:31] /a
[22/09/2012 19:59:31] /a
[22/09/2012 19:59:31] /a
[22/09/2012 19:59:31] /a
[22/09/2012 19:59:31] /a
[22/09/2012 19:59:31] /a
[22/09/2012 19:59:31] /a
[22/09/2012 19:59:31] /a
[22/09/2012 19:59:32] /a
[22/09/2012 19:59:32] /a
[22/09/2012 19:59:32] /a
[22/09/2012 19:59:32] /a
[22/09/2012 19:59:32] /a
[22/09/2012 19:59:32] /a
[22/09/2012 19:59:32] /a
[22/09/2012 19:59:32] /a
[22/09/2012 19:59:32] /a
[22/09/2012 19:59:32] /a
[22/09/2012 19:59:32] /a
[22/09/2012 19:59:32] /a
[22/09/2012 19:59:33] /a
[22/09/2012 19:59:33] /a
[22/09/2012 19:59:33] /a
[22/09/2012 19:59:33] /a
[22/09/2012 19:59:34] /a
[22/09/2012 19:59:34] /a
[22/09/2012 19:59:35] /a
[22/09/2012 19:59:35] /a
[22/09/2012 19:59:35] /a
[22/09/2012 19:59:35] /a
[22/09/2012 19:59:35] /a
[22/09/2012 19:59:35] /a
[22/09/2012 19:59:35] /a
[22/09/2012 19:59:35] /a
[22/09/2012 19:59:35] /a
[22/09/2012 19:59:35] /a
[22/09/2012 19:59:35] /a
[22/09/2012 19:59:35] /a
[22/09/2012 19:59:35] /a
[22/09/2012 19:59:42] /a 10
[22/09/2012 19:59:44] /a
[22/09/2012 19:59:44] /a
[22/09/2012 19:59:44] /a
[22/09/2012 19:59:45] /a
[22/09/2012 19:59:45] /a
[22/09/2012 19:59:45] /a
[22/09/2012 19:59:45] /a
[22/09/2012 19:59:46] /a
[22/09/2012 19:59:46] /a
[22/09/2012 19:59:47] /a
[22/09/2012 19:59:49] /up
[22/09/2012 19:59:52] /a
[22/09/2012 19:59:52] /a
[22/09/2012 19:59:53] /a
[22/09/2012 19:59:53] /a
[22/09/2012 19:59:53] /a
[22/09/2012 19:59:53] /a
[22/09/2012 19:59:53] /a
[22/09/2012 19:59:53] /a
[22/09/2012 19:59:53] /a
[22/09/2012 19:59:53] /a
[22/09/2012 19:59:53] /a
[22/09/2012 19:59:53] /a
[22/09/2012 19:59:53] /a
[22/09/2012 19:59:53] /a
[22/09/2012 19:59:53] /a
[22/09/2012 19:59:53] /a
[22/09/2012 19:59:53] /a
[22/09/2012 19:59:53] /a
[22/09/2012 19:59:54] /a
[22/09/2012 19:59:54] /a
[22/09/2012 19:59:54] /a
[22/09/2012 19:59:54] /a
[22/09/2012 19:59:54] /a
[22/09/2012 19:59:54] /a
[22/09/2012 19:59:54] /a
[22/09/2012 19:59:54] /a
[22/09/2012 19:59:54] /a
[22/09/2012 19:59:54] /a
[22/09/2012 19:59:54] /a
[22/09/2012 19:59:55] /a
[22/09/2012 19:59:55] /a
[22/09/2012 19:59:55] /a
[22/09/2012 19:59:55] /a
[22/09/2012 19:59:55] /a
[22/09/2012 19:59:55] /a
[22/09/2012 19:59:55] /a
[22/09/2012 19:59:55] /a
[22/09/2012 19:59:55] /a
[22/09/2012 19:59:55] /a
[22/09/2012 19:59:55] /a
[22/09/2012 19:59:55] /a
[22/09/2012 19:59:55] /a
[22/09/2012 19:59:55] /a
[22/09/2012 19:59:55] /a
[22/09/2012 19:59:55] /a
[22/09/2012 19:59:55] /a
[22/09/2012 19:59:56] /a
[22/09/2012 19:59:56] /a
[22/09/2012 19:59:56] /a
[22/09/2012 19:59:56] /a
[22/09/2012 19:59:56] /a
[22/09/2012 19:59:56] /a
[22/09/2012 19:59:56] /a
[22/09/2012 19:59:56] /a
[22/09/2012 19:59:56] /a
[22/09/2012 19:59:56] /a
[22/09/2012 19:59:56] /a
[22/09/2012 19:59:56] /a
[22/09/2012 19:59:56] /a
[22/09/2012 19:59:56] /a
[22/09/2012 19:59:56] /a
[22/09/2012 19:59:58] /a
[22/09/2012 19:59:58] /a
[22/09/2012 19:59:58] /a
[22/09/2012 19:59:59] /a
[22/09/2012 19:59:59] /a
[22/09/2012 19:59:59] /a
[22/09/2012 19:59:59] /a
[22/09/2012 19:59:59] /a
[22/09/2012 19:59:59] /a
[22/09/2012 20:00:00] /a
[22/09/2012 20:00:00] /a
[22/09/2012 20:00:01] /a
[22/09/2012 20:00:01] /a
[22/09/2012 20:00:01] /a
[22/09/2012 20:00:01] /a
[22/09/2012 20:00:02] /a
[22/09/2012 20:00:02] /a
[22/09/2012 20:00:02] /a
[22/09/2012 20:00:03] /a
[22/09/2012 20:00:03] /a
[22/09/2012 20:00:03] /a
[22/09/2012 20:00:05] /a
[22/09/2012 20:00:06] /a
[22/09/2012 20:00:20] /a
[22/09/2012 20:00:20] /a
[22/09/2012 20:00:21] /a
[22/09/2012 20:00:21] /a
[22/09/2012 20:00:21] /a
[22/09/2012 20:00:21] /a
[22/09/2012 20:00:22] /a
[22/09/2012 20:00:22] /a
[22/09/2012 20:00:22] /a
[22/09/2012 20:00:22] /a
[22/09/2012 20:00:23] /a
[22/09/2012 20:00:23] /a
[22/09/2012 20:00:23] /a
[22/09/2012 20:00:24] /a
[22/09/2012 20:00:24] /a
[22/09/2012 20:00:24] /a
[22/09/2012 20:00:24] /a
[22/09/2012 20:00:25] /a
[22/09/2012 20:00:25] /a
[22/09/2012 20:00:25] /a
[22/09/2012 20:00:25] /a
[22/09/2012 20:00:26] /a
[22/09/2012 20:00:26] /a
[22/09/2012 20:00:26] /a
[22/09/2012 20:00:27] /a
[22/09/2012 20:00:27] /a
[22/09/2012 20:00:27] /a
[22/09/2012 20:00:27] /a
[22/09/2012 20:00:28] /a
[22/09/2012 20:00:28] /a
[22/09/2012 20:00:28] /a
[22/09/2012 20:00:28] /a
[22/09/2012 20:00:29] /a
[22/09/2012 20:00:29] /a
[22/09/2012 20:00:29] /a
[22/09/2012 20:00:29] /a
[22/09/2012 20:00:30] /a
[22/09/2012 20:00:30] /a
[22/09/2012 20:00:30] /a
[22/09/2012 20:00:31] /t
[22/09/2012 20:00:45] /t
[22/09/2012 20:00:53] /a
[22/09/2012 20:00:53] /a
[22/09/2012 20:00:53] /a
[22/09/2012 20:00:54] /a
[22/09/2012 20:00:54] /a
[22/09/2012 20:00:54] /a
[22/09/2012 20:00:54] /a
[22/09/2012 20:00:54] /a
[22/09/2012 20:00:55] /a
[22/09/2012 20:00:55] /a
[22/09/2012 20:00:55] /a
[22/09/2012 20:00:55] /a
[22/09/2012 20:00:56] /a
[22/09/2012 20:00:56] /a
[22/09/2012 20:00:56] /a
[22/09/2012 20:00:57] /a
[22/09/2012 20:00:57] /a
[22/09/2012 20:01:01] /a
[22/09/2012 20:01:02] /a
[22/09/2012 20:01:02] /a
[22/09/2012 20:01:02] /a
[22/09/2012 20:01:02] /a
[22/09/2012 20:01:02] /a
[22/09/2012 20:01:03] /a
[22/09/2012 20:01:03] /a
[22/09/2012 20:01:03] /a
[22/09/2012 20:01:04] /a
[22/09/2012 20:01:04] /a
[22/09/2012 20:01:04] /a
[22/09/2012 20:01:04] /a
[22/09/2012 20:01:04] /a
[22/09/2012 20:01:05] /a
[22/09/2012 20:01:05] /a
[22/09/2012 20:01:05] /a
[22/09/2012 20:01:06] /a
[22/09/2012 20:01:06] /a
[22/09/2012 20:01:06] /a
[22/09/2012 20:01:06] /a
[22/09/2012 20:01:07] /a
[22/09/2012 20:01:07] /a
[22/09/2012 20:01:07] /a
[22/09/2012 20:01:07] /a
[22/09/2012 20:01:08] /a
[22/09/2012 20:01:08] /a
[22/09/2012 20:01:08] /a
[22/09/2012 20:01:08] /a
[22/09/2012 20:01:08] /a
[22/09/2012 20:01:09] /a
[22/09/2012 20:01:09] /a
[22/09/2012 20:01:09] /a
[22/09/2012 20:01:10] /a
[22/09/2012 20:01:10] /a
[22/09/2012 20:01:10] /a
[22/09/2012 20:01:16] /a
[22/09/2012 20:01:18] /a
[22/09/2012 20:01:19] /t
[22/09/2012 20:01:23] /a
[22/09/2012 20:01:23] /a
[22/09/2012 20:01:23] /a
[22/09/2012 20:01:23] /a
[22/09/2012 20:01:23] /a
[22/09/2012 20:01:24] /a
[22/09/2012 20:01:24] /a
[22/09/2012 20:01:24] /a
[22/09/2012 20:01:34] /a
[22/09/2012 20:01:34] /a
[22/09/2012 20:01:36] /a
[22/09/2012 20:01:36] /a
[22/09/2012 20:01:37] /a
[22/09/2012 20:01:41] /a
[22/09/2012 20:01:41] /a
[22/09/2012 20:01:42] /a
[22/09/2012 20:01:42] /a
[22/09/2012 20:01:42] /a
[22/09/2012 20:01:42] /a
[22/09/2012 20:01:42] /a
[22/09/2012 20:01:42] /a
[22/09/2012 20:01:42] /a
[22/09/2012 20:01:42] /a
[22/09/2012 20:01:42] /a
[22/09/2012 20:01:42] /a
[22/09/2012 20:01:42] /a
[22/09/2012 20:01:42] /a
[22/09/2012 20:01:43] /a
[22/09/2012 20:01:43] /a
[22/09/2012 20:01:43] /a
[22/09/2012 20:01:44] /a
[22/09/2012 20:01:44] /a
[22/09/2012 20:01:44] /a
[22/09/2012 20:01:44] /a
[22/09/2012 20:01:44] /a
[22/09/2012 20:01:45] /a
[22/09/2012 20:01:45] /a
[22/09/2012 20:01:45] /a
[22/09/2012 20:01:45] /a
[22/09/2012 20:01:46] /a
[22/09/2012 20:01:46] /a
[22/09/2012 20:01:46] /a
[22/09/2012 20:01:47] /a
[22/09/2012 20:01:47] /a
[22/09/2012 20:01:47] /a
[22/09/2012 20:01:48] /a
[22/09/2012 20:01:48] /a
[22/09/2012 20:01:48] /a
[22/09/2012 20:01:48] /a
[22/09/2012 20:01:48] /a
[22/09/2012 20:01:49] /a
[22/09/2012 20:01:49] /a
[22/09/2012 20:01:50] /a
[22/09/2012 20:01:50] /a
[22/09/2012 20:01:50] /a
[22/09/2012 20:01:51] /a
[22/09/2012 20:01:51] /a
[22/09/2012 20:01:51] /a
[22/09/2012 20:01:51] /a
[22/09/2012 20:01:52] /a
[22/09/2012 20:01:52] /a
[22/09/2012 20:01:52] /a
[22/09/2012 20:01:52] /a
[22/09/2012 20:01:53] /a
[22/09/2012 20:01:53] /a
[22/09/2012 20:01:53] /a
[22/09/2012 20:01:53] /a
[22/09/2012 20:01:54] /a
[22/09/2012 20:01:54] /a
[22/09/2012 20:01:54] /a
[22/09/2012 20:01:54] /a
[22/09/2012 20:01:55] /a
[22/09/2012 20:01:55] /a
[22/09/2012 20:01:55] /a
[22/09/2012 20:01:55] /a
[22/09/2012 20:01:56] /a
[22/09/2012 20:01:56] /a
[22/09/2012 20:01:56] /a
[22/09/2012 20:01:57] /a
[22/09/2012 20:01:57] /a
[22/09/2012 20:01:57] /a
[22/09/2012 20:01:58] /a
[22/09/2012 20:01:58] /a
[22/09/2012 20:01:59] /a
[22/09/2012 20:01:59] /a
[22/09/2012 20:01:59] /a
[22/09/2012 20:01:59] /a
[22/09/2012 20:01:59] /a
[22/09/2012 20:02:00] /a
[22/09/2012 20:02:00] /a
[22/09/2012 20:02:00] /a
[22/09/2012 20:02:01] /a
[22/09/2012 20:02:01] /a
[22/09/2012 20:02:02] /a
[22/09/2012 20:02:02] /a
[22/09/2012 20:02:02] /a
[22/09/2012 20:02:03] /a
[22/09/2012 20:02:03] /a
[22/09/2012 20:02:03] /a
[22/09/2012 20:02:03] /a
[22/09/2012 20:02:03] /a
[22/09/2012 20:02:03] /a
[22/09/2012 20:02:03] /a
[22/09/2012 20:02:03] /a
[22/09/2012 20:02:03] /a
[22/09/2012 20:02:04] /a
[22/09/2012 20:02:04] /a
[22/09/2012 20:02:04] /a
[22/09/2012 20:02:04] /a
[22/09/2012 20:02:05] /a
[22/09/2012 20:02:05] /a
[22/09/2012 20:02:05] /a
[22/09/2012 20:02:05] /a
[22/09/2012 20:02:06] /a
[22/09/2012 20:02:06] /a
[22/09/2012 20:02:06] /a
[22/09/2012 20:02:07] /a
[22/09/2012 20:02:08] /a
[22/09/2012 20:02:08] /a
[22/09/2012 20:02:08] /a
[22/09/2012 20:02:09] /a
[22/09/2012 20:02:09] /a
[22/09/2012 20:02:09] /a
[22/09/2012 20:02:10] /a
[22/09/2012 20:02:11] /a
[22/09/2012 20:02:11] /a
[22/09/2012 20:02:11] /a
[22/09/2012 20:02:11] /a
[22/09/2012 20:02:12] /a
[22/09/2012 20:02:12] /a
[22/09/2012 20:02:12] /a
[22/09/2012 20:02:12] /a
[22/09/2012 20:02:12] /a
[22/09/2012 20:02:13] /a
[22/09/2012 20:02:13] /a
[22/09/2012 20:02:13] /a
[22/09/2012 20:02:14] /a
[22/09/2012 20:02:14] /a
[22/09/2012 20:02:14] /a
[22/09/2012 20:02:14] /a
[22/09/2012 20:02:14] /a
[22/09/2012 20:02:15] /a
[22/09/2012 20:02:15] /a
[22/09/2012 20:02:15] /a
[22/09/2012 20:02:16] /a
[22/09/2012 20:02:16] /a
[22/09/2012 20:02:16] /a
[22/09/2012 20:02:16] /a
[22/09/2012 20:02:16] /a
[22/09/2012 20:02:22] /a
[22/09/2012 20:02:22] /a
[22/09/2012 20:02:22] /a
[22/09/2012 20:02:22] /a
[22/09/2012 20:02:22] /a
[22/09/2012 20:02:23] /a
[22/09/2012 20:02:23] /a
[22/09/2012 20:02:23] /a
[22/09/2012 20:02:23] /a
[22/09/2012 20:02:23] /a
[22/09/2012 20:02:23] /a
[22/09/2012 20:02:23] /a
[22/09/2012 20:02:23] /a
[22/09/2012 20:02:23] /a
[22/09/2012 20:02:23] /a
[22/09/2012 20:02:23] /a
[22/09/2012 20:02:23] /a
[22/09/2012 20:02:23] /a
[22/09/2012 20:02:24] /a
[22/09/2012 20:02:25] /a
[22/09/2012 20:02:26] /a
[22/09/2012 20:02:26] /a
[22/09/2012 20:02:30] /a
[22/09/2012 20:02:31] /a
[22/09/2012 20:02:31] /a
[22/09/2012 20:02:31] /a
[22/09/2012 20:02:31] /a
[22/09/2012 20:02:31] /a
[22/09/2012 20:02:31] /a
[22/09/2012 20:02:31] /a
[22/09/2012 20:02:31] /a
[22/09/2012 20:02:33] /a
[22/09/2012 20:02:33] /a
[22/09/2012 20:02:33] /a
[22/09/2012 20:02:34] /a
[22/09/2012 20:02:34] /a
[22/09/2012 20:02:34] /a
[22/09/2012 20:02:34] /a
[22/09/2012 20:02:34] /a
[22/09/2012 20:02:35] /a
[22/09/2012 20:02:35] /a
[22/09/2012 20:02:35] /a
[22/09/2012 20:02:36] /a
[22/09/2012 20:02:36] /a
[22/09/2012 20:02:36] /a
[22/09/2012 20:02:36] /a
[22/09/2012 20:02:37] /a
[22/09/2012 20:02:37] /a
[22/09/2012 20:02:37] /a
[22/09/2012 20:02:38] /a
[22/09/2012 20:02:38] /a
[22/09/2012 20:02:38] /a
[22/09/2012 20:02:39] /a
[22/09/2012 20:02:39] /a
[22/09/2012 20:02:39] /a
[22/09/2012 20:02:39] /a
[22/09/2012 20:02:40] /a
[22/09/2012 20:02:40] /a
[22/09/2012 20:02:40] /a
[22/09/2012 20:02:41] /a
[22/09/2012 20:02:41] /a
[22/09/2012 20:02:41] /a
[22/09/2012 20:02:41] /a
[22/09/2012 20:02:42] /a
[22/09/2012 20:02:42] /a
[22/09/2012 20:02:43] /a
[22/09/2012 20:02:43] /a
[22/09/2012 20:02:44] /a
[22/09/2012 20:02:44] /a
[22/09/2012 20:02:47] /up
[22/09/2012 20:02:48] /a
[22/09/2012 20:02:49] /a
[22/09/2012 20:02:49] /a
[22/09/2012 20:02:49] /a
[22/09/2012 20:02:50] /a
[22/09/2012 20:02:50] /a
[22/09/2012 20:02:54] /a
[22/09/2012 20:02:54] /a
[22/09/2012 20:02:54] /a
[22/09/2012 20:02:54] /a
[22/09/2012 20:02:55] /a
[22/09/2012 20:02:55] /a
[22/09/2012 20:02:55] /a
[22/09/2012 20:02:56] /a
[22/09/2012 20:02:56] /a
[22/09/2012 20:02:56] /a
[22/09/2012 20:02:56] /a
[22/09/2012 20:02:58] /a
[22/09/2012 20:02:59] /up
[22/09/2012 20:03:01] /up
[22/09/2012 20:03:02] /up
[22/09/2012 20:03:04] /a
[22/09/2012 20:03:05] /a
[22/09/2012 20:03:05] /a
[22/09/2012 20:03:05] /a
[22/09/2012 20:03:05] /a
[22/09/2012 20:03:05] /a
[22/09/2012 20:03:06] /a
[22/09/2012 20:03:06] /a
[22/09/2012 20:03:06] /a
[22/09/2012 20:03:06] /a
[22/09/2012 20:03:06] /a
[22/09/2012 20:03:06] /a
[22/09/2012 20:03:06] /a
[22/09/2012 20:03:06] /a
[22/09/2012 20:03:06] /a
[22/09/2012 20:03:06] /a
[22/09/2012 20:03:07] /a
[22/09/2012 20:03:07] /a
[22/09/2012 20:03:07] /a
[22/09/2012 20:03:07] /a
[22/09/2012 20:03:07] /a
[22/09/2012 20:03:07] /a
[22/09/2012 20:03:07] /a
[22/09/2012 20:03:07] /a
[22/09/2012 20:03:07] /a
[22/09/2012 20:03:08] /a
[22/09/2012 20:03:08] /a
[22/09/2012 20:03:08] /a
[22/09/2012 20:03:08] /a
[22/09/2012 20:03:08] /a
[22/09/2012 20:03:08] /a
[22/09/2012 20:03:08] /a
[22/09/2012 20:03:08] /a
[22/09/2012 20:03:08] /a
[22/09/2012 20:03:08] /a
[22/09/2012 20:03:08] /a
[22/09/2012 20:03:09] /a
[22/09/2012 20:03:09] /a
[22/09/2012 20:03:09] /a
[22/09/2012 20:03:09] /a
[22/09/2012 20:03:09] /a
[22/09/2012 20:03:09] /a
[22/09/2012 20:03:09] /a
[22/09/2012 20:03:09] /a
[22/09/2012 20:03:10] /a
[22/09/2012 20:03:10] /a
[22/09/2012 20:03:10] /a
[22/09/2012 20:03:10] /a
[22/09/2012 20:03:10] /a
[22/09/2012 20:03:10] /a
[22/09/2012 20:03:10] /a
[22/09/2012 20:03:10] /a
[22/09/2012 20:03:10] /a
[22/09/2012 20:03:10] /a
[22/09/2012 20:03:11] /a
[22/09/2012 20:03:11] /a
[22/09/2012 20:03:11] /a
[22/09/2012 20:03:11] /a
[22/09/2012 20:03:11] /a
[22/09/2012 20:03:11] /a
[22/09/2012 20:03:11] /a
[22/09/2012 20:03:11] /a
[22/09/2012 20:03:11] /a
[22/09/2012 20:03:11] /a
[22/09/2012 20:03:11] /a
[22/09/2012 20:03:11] /a
[22/09/2012 20:03:12] /a
[22/09/2012 20:03:12] /a
[22/09/2012 20:03:12] /a
[22/09/2012 20:03:12] /a
[22/09/2012 20:03:12] /a
[22/09/2012 20:03:12] /a
[22/09/2012 20:03:12] /a
[22/09/2012 20:03:12] /a
[22/09/2012 20:03:12] /a
[22/09/2012 20:03:12] /a
[22/09/2012 20:03:12] /a
[22/09/2012 20:03:13] /a
[22/09/2012 20:03:13] /a
[22/09/2012 20:03:13] /a
[22/09/2012 20:03:13] /a
[22/09/2012 20:03:13] /a
[22/09/2012 20:03:13] /a
[22/09/2012 20:03:14] /a
[22/09/2012 20:03:15] /a
[22/09/2012 20:03:15] /a
[22/09/2012 20:03:15] /a
[22/09/2012 20:03:15] /a
[22/09/2012 20:03:15] /a
[22/09/2012 20:03:15] /a
[22/09/2012 20:03:15] /a
[22/09/2012 20:03:15] /a
[22/09/2012 20:03:15] /a
[22/09/2012 20:03:15] /a
[22/09/2012 20:03:16] /a
[22/09/2012 20:03:16] /a
[22/09/2012 20:03:17] /a
[22/09/2012 20:03:17] /a
[22/09/2012 20:03:17] /a
[22/09/2012 20:03:17] /a
[22/09/2012 20:03:17] /a
[22/09/2012 20:03:17] /a
[22/09/2012 20:03:17] /a
[22/09/2012 20:03:17] /a
[22/09/2012 20:03:17] /a
[22/09/2012 20:03:17] /a
[22/09/2012 20:03:17] /a
[22/09/2012 20:03:17] /a
[22/09/2012 20:03:17] /a
[22/09/2012 20:03:17] /a
[22/09/2012 20:03:19] /a
[22/09/2012 20:03:19] /a
[22/09/2012 20:03:19] /a
[22/09/2012 20:03:19] /a
[22/09/2012 20:03:19] /a
[22/09/2012 20:03:19] /a
[22/09/2012 20:03:20] /a
[22/09/2012 20:03:20] /a
[22/09/2012 20:03:29] /a
[22/09/2012 20:03:41] /up
[22/09/2012 20:03:43] /a
[22/09/2012 20:03:44] /a
[22/09/2012 20:03:44] /a
[22/09/2012 20:03:44] /a
[22/09/2012 20:03:44] /a
[22/09/2012 20:03:44] /a
[22/09/2012 20:03:44] /a
[22/09/2012 20:03:45] /a
[22/09/2012 20:03:45] /a
[22/09/2012 20:03:48] /a
[22/09/2012 20:03:48] /a
[22/09/2012 20:03:49] /a
[22/09/2012 20:03:49] /a
[22/09/2012 20:03:50] /a
[22/09/2012 20:03:50] /a
[22/09/2012 20:03:50] /a
[22/09/2012 20:03:51] /a
[22/09/2012 20:03:51] /a
[22/09/2012 20:03:52] /a
[22/09/2012 20:03:52] /a
[22/09/2012 20:03:52] /a
[22/09/2012 20:03:53] /a
[22/09/2012 20:03:53] /a
[22/09/2012 20:03:53] /a
[22/09/2012 20:04:04] /m Rebirth NPC
[22/09/2012 20:04:23] /n Rebirth NPC
[22/09/2012 20:05:25] /a
[22/09/2012 20:05:26] /a
[22/09/2012 20:05:48] /a
[22/09/2012 20:05:49] /a
[22/09/2012 20:05:55] /a
[22/09/2012 20:06:05] /a
[22/09/2012 20:06:17] /ghost
[22/09/2012 20:06:20] /goto rosso
[22/09/2012 20:06:22] /goto rosso
[22/09/2012 20:06:22] /goto rosso
[22/09/2012 20:06:23] /goto rosso
[22/09/2012 20:06:23] /goto rosso
[22/09/2012 20:06:24] /goto rosso
[22/09/2012 20:06:24] /goto rosso
[22/09/2012 20:06:24] /goto rosso
[22/09/2012 20:06:25] /goto rosso
[22/09/2012 20:06:25] /goto rosso
[22/09/2012 20:06:25] /goto rosso
[22/09/2012 20:06:26] /goto rosso
[22/09/2012 20:06:26] /goto rosso
[22/09/2012 20:06:27] /goto rosso
[22/09/2012 20:06:27] /goto rosso
[22/09/2012 20:06:27] /goto rosso
[22/09/2012 20:06:29] /goto rosso
[22/09/2012 20:06:31] /a
[22/09/2012 20:06:33] /a
[22/09/2012 20:06:34] /a
[22/09/2012 20:06:37] /a
[22/09/2012 20:06:38] /a
[22/09/2012 20:06:39] /a
[22/09/2012 20:06:39] /a
[22/09/2012 20:06:39] /a
[22/09/2012 20:06:40] /a
[22/09/2012 20:06:41] /a
[22/09/2012 20:06:41] /a
[22/09/2012 20:06:42] /a
[22/09/2012 20:06:42] /a
[22/09/2012 20:06:42] /a
[22/09/2012 20:06:42] /a
[22/09/2012 20:06:42] /a
[22/09/2012 20:06:42] /a
[22/09/2012 20:06:43] /a
[22/09/2012 20:06:43] /a
[22/09/2012 20:06:43] /a
[22/09/2012 20:06:43] /a
[22/09/2012 20:06:43] /a
[22/09/2012 20:06:43] /a
[22/09/2012 20:06:43] /a
[22/09/2012 20:06:43] /a
[22/09/2012 20:06:43] /a
[22/09/2012 20:06:43] /a
[22/09/2012 20:06:44] /a
[22/09/2012 20:06:44] /a
[22/09/2012 20:06:45] /a
[22/09/2012 20:06:45] /a
[22/09/2012 20:06:46] /a
[22/09/2012 20:06:46] /a
[22/09/2012 20:06:46] /a
[22/09/2012 20:06:46] /a
[22/09/2012 20:06:46] /a
[22/09/2012 20:06:46] /a
[22/09/2012 20:06:46] /a
[22/09/2012 20:06:47] /a
[22/09/2012 20:06:47] /a
[22/09/2012 20:06:47] /a
[22/09/2012 20:06:47] /a
[22/09/2012 20:06:47] /a
[22/09/2012 20:06:47] /a
[22/09/2012 20:06:47] /a
[22/09/2012 20:06:47] /a
[22/09/2012 20:06:47] /a
[22/09/2012 20:06:47] /a
[22/09/2012 20:06:47] /a
[22/09/2012 20:06:47] /a
[22/09/2012 20:06:47] /a
[22/09/2012 20:06:48] /a
[22/09/2012 20:06:48] /a
[22/09/2012 20:06:48] /a
[22/09/2012 20:06:48] /a
[22/09/2012 20:06:48] /a
[22/09/2012 20:06:48] /a
[22/09/2012 20:06:48] /a
[22/09/2012 20:06:51] /goto rosso
[22/09/2012 20:06:52] /goto rosso
[22/09/2012 20:06:54] /goto rosso
[22/09/2012 20:06:55] /goto rosso
[22/09/2012 20:06:56] /goto rosso
[22/09/2012 20:06:58] /goto rosso
[22/09/2012 20:06:59] /goto rosso
[22/09/2012 20:07:00] /goto rosso
[22/09/2012 20:07:01] /goto rosso
[22/09/2012 20:07:02] /goto rosso
[22/09/2012 20:07:02] /goto rosso
[22/09/2012 20:07:03] /goto rosso
[22/09/2012 20:07:06] /goto rosso
[22/09/2012 20:07:12] /a
[22/09/2012 20:08:55] /goto rosso
[22/09/2012 20:08:57] /a
[22/09/2012 20:08:58] /a
[22/09/2012 20:08:59] /a
[22/09/2012 20:08:59] /a
[22/09/2012 20:08:59] /a
[22/09/2012 20:09:02] /a
[22/09/2012 20:09:05] /a
[22/09/2012 20:09:07] /a
[22/09/2012 20:09:27] /ghost
[22/09/2012 20:09:32] /t
[22/09/2012 20:10:33] /goto rosso
[22/09/2012 20:11:07] /a
[22/09/2012 20:11:08] /a
[22/09/2012 20:11:17] /t
[22/09/2012 20:11:32] /a
[22/09/2012 20:11:32] /a
[22/09/2012 20:11:33] /a
[22/09/2012 20:11:33] /a
[22/09/2012 20:11:33] /a
[22/09/2012 20:11:33] /a
[22/09/2012 20:11:33] /a
[22/09/2012 20:11:34] /a
[22/09/2012 20:11:34] /a
[22/09/2012 20:11:34] /a
[22/09/2012 20:11:34] /a
[22/09/2012 20:11:34] /a
[22/09/2012 20:11:35] /a
[22/09/2012 20:11:35] /a
[22/09/2012 20:11:37] /a
[22/09/2012 20:11:37] /a
[22/09/2012 20:11:40] /a
[22/09/2012 20:11:40] /a
[22/09/2012 20:11:40] /a
[22/09/2012 20:11:40] /a
[22/09/2012 20:11:40] /a
[22/09/2012 20:11:41] /a
[22/09/2012 20:11:41] /a
[22/09/2012 20:11:41] /a
[22/09/2012 20:11:41] /a
[22/09/2012 20:11:41] /a
[22/09/2012 20:11:41] /a
[22/09/2012 20:11:41] /a
[22/09/2012 20:11:41] /a
[22/09/2012 20:11:41] /a
[22/09/2012 20:11:41] /a
[22/09/2012 20:11:41] /a
[22/09/2012 20:11:50] /a
[22/09/2012 20:11:50] /a
[22/09/2012 20:11:50] /a
[22/09/2012 20:11:50] /a
[22/09/2012 20:11:51] /a
[22/09/2012 20:11:51] /a
[22/09/2012 20:11:52] /a
[22/09/2012 20:11:52] /a
[22/09/2012 20:11:52] /a
[22/09/2012 20:11:52] /a
[22/09/2012 20:11:56] /a
[22/09/2012 20:11:57] /a
[22/09/2012 20:11:57] /a
[22/09/2012 20:11:57] /a
[22/09/2012 20:11:57] /a
[22/09/2012 20:11:58] /a
[22/09/2012 20:11:58] /a
[22/09/2012 20:11:58] /a
[22/09/2012 20:11:58] /a
[22/09/2012 20:11:59] /a
[22/09/2012 20:11:59] /a
[22/09/2012 20:11:59] /a
[22/09/2012 20:12:00] /a
[22/09/2012 20:12:00] /a
[22/09/2012 20:12:00] /a
[22/09/2012 20:12:00] /a
[22/09/2012 20:12:01] /a
[22/09/2012 20:12:01] /a
[22/09/2012 20:12:01] /a
[22/09/2012 20:12:01] /a
[22/09/2012 20:12:02] /a
[22/09/2012 20:12:02] /a
[22/09/2012 20:12:02] /a
[22/09/2012 20:12:03] /a
[22/09/2012 20:12:05] /a
[22/09/2012 20:12:05] /a
[22/09/2012 20:12:07] /a
[22/09/2012 20:12:07] /a
[22/09/2012 20:12:07] /a
[22/09/2012 20:12:08] /a
[22/09/2012 20:12:08] /a
[22/09/2012 20:12:08] /a
[22/09/2012 20:12:09] /a
[22/09/2012 20:12:09] /a
[22/09/2012 20:15:18] /m Massive Murder
[22/09/2012 20:15:24] /r
[22/09/2012 20:17:02] /m Massive Murder
[22/09/2012 20:18:27] /m
[22/09/2012 20:18:31] /m Fucker
[22/09/2012 20:19:00] /m blocker
[22/09/2012 20:20:11] /goto rosso
[22/09/2012 20:20:13] /r
[22/09/2012 20:22:20] /s blocker
[22/09/2012 20:22:22] /s blocker
[22/09/2012 20:22:36] /a
[22/09/2012 20:22:36] /a
[22/09/2012 20:23:50] /a
[22/09/2012 20:23:50] /a
[22/09/2012 20:23:50] /a
[22/09/2012 20:23:50] /a
[22/09/2012 20:23:50] /a
[22/09/2012 20:23:51] /a
[22/09/2012 20:23:51] /a
[22/09/2012 20:23:51] /a
[22/09/2012 20:23:51] /a
[22/09/2012 20:23:52] /a
[22/09/2012 20:23:52] /a
[22/09/2012 20:23:52] /a
[22/09/2012 20:23:52] /a
[22/09/2012 20:23:52] /a
[22/09/2012 20:24:39] /a
[22/09/2012 20:24:40] /a
[22/09/2012 20:24:40] /a
[22/09/2012 20:24:40] /a
[22/09/2012 20:24:40] /a
[22/09/2012 20:24:41] /a
[22/09/2012 20:25:10] /a
[22/09/2012 20:25:11] /a
[22/09/2012 20:25:11] /a
[22/09/2012 20:25:11] /a
[22/09/2012 20:25:11] /a
[22/09/2012 20:25:11] /a
[22/09/2012 20:25:12] /a
[22/09/2012 20:26:44] /a
[22/09/2012 20:26:48] /a
[22/09/2012 20:26:48] /a
[22/09/2012 20:26:48] /a
[22/09/2012 20:26:48] /a
[22/09/2012 20:26:48] /a
[22/09/2012 20:26:49] /a
[22/09/2012 20:26:49] /a
[22/09/2012 20:26:49] /a
[22/09/2012 20:26:49] /a
[22/09/2012 20:26:50] /a
[22/09/2012 20:26:50] /a
[22/09/2012 20:26:50] /a
[22/09/2012 20:26:50] /a
[22/09/2012 20:26:51] /a
[22/09/2012 20:27:06] /i First Mana medal
[22/09/2012 20:27:49] /i he Donation Spear thrower 
[22/09/2012 20:27:54] /i he Donation Spear thrower 
[22/09/2012 20:27:56] /i the Donation Spear thrower 
[22/09/2012 20:28:07] /i 7735
[22/09/2012 20:28:18] /a
[22/09/2012 20:28:19] /a
[22/09/2012 20:28:19] /a
[22/09/2012 20:28:19] /a
[22/09/2012 20:28:19] /a
[22/09/2012 20:32:52] /i 10759
[22/09/2012 20:37:22] /r
[22/09/2012 20:37:51] /m /ghost
[22/09/2012 20:38:57] /c rosso
[22/09/2012 20:38:59] /c rosso
[22/09/2012 20:38:59] /c rosso
[22/09/2012 20:39:00] /c rosso
[22/09/2012 20:39:00] /c rosso
[22/09/2012 20:39:01] /c rosso
[22/09/2012 20:39:01] /c rosso
[22/09/2012 20:39:01] /c rosso
[22/09/2012 20:39:02] /c rosso
[22/09/2012 20:39:02] /c rosso
[22/09/2012 20:39:02] /c rosso
[22/09/2012 20:39:03] /c rosso
[22/09/2012 20:39:03] /c rosso
[22/09/2012 20:39:03] /c rosso
[22/09/2012 20:39:04] /c rosso
[22/09/2012 20:39:04] /c rosso
[22/09/2012 20:39:04] /c rosso
[22/09/2012 20:39:05] /c rosso
[22/09/2012 20:39:05] /c rosso
[22/09/2012 20:42:11] /t
[22/09/2012 20:42:26] /b :S
[22/09/2012 20:42:42] /t
[22/09/2012 20:42:45] /t
[22/09/2012 20:42:46] /t
[22/09/2012 20:42:46] /t
[22/09/2012 20:42:47] /t
[22/09/2012 20:42:48] /t
[22/09/2012 20:42:48] /t
[22/09/2012 20:42:49] /t
[22/09/2012 20:42:52] /t
[22/09/2012 20:43:22] /goto rosso
[22/09/2012 20:44:26] /a
[22/09/2012 20:44:27] /a
[22/09/2012 20:44:28] /a
[22/09/2012 20:44:28] /a
[22/09/2012 20:44:28] /a
[22/09/2012 20:44:28] /a
[22/09/2012 20:44:28] /a
[22/09/2012 20:44:29] /a
[22/09/2012 20:44:29] /a
[22/09/2012 20:44:29] /a
[22/09/2012 20:44:30] /a
[22/09/2012 20:44:30] /a
[22/09/2012 20:44:30] /a
[22/09/2012 20:44:31] /a
[22/09/2012 20:44:31] /a
[22/09/2012 20:44:31] /a
[22/09/2012 20:44:31] /a
[22/09/2012 20:44:31] /a
[22/09/2012 20:44:32] /a
[22/09/2012 20:44:32] /a
[22/09/2012 20:44:32] /a
[22/09/2012 20:44:33] /a
[22/09/2012 20:44:33] /a
[22/09/2012 20:44:35] /a
[22/09/2012 20:44:35] /a
[22/09/2012 20:44:36] /a
[22/09/2012 20:44:36] /a
[22/09/2012 20:44:36] /a
[22/09/2012 20:44:36] /a
[22/09/2012 20:44:36] /a
[22/09/2012 20:44:36] /a
[22/09/2012 20:44:36] /a
[22/09/2012 20:44:36] /a
[22/09/2012 20:44:38] /a
[22/09/2012 20:44:38] /a
[22/09/2012 20:44:39] /a
[22/09/2012 20:44:41] /a
[22/09/2012 20:44:42] /a
[22/09/2012 20:44:43] /a
[22/09/2012 20:44:43] /a
[22/09/2012 20:44:44] /a
[22/09/2012 20:44:45] /a
[22/09/2012 20:44:46] /a
[22/09/2012 20:44:47] /a
[22/09/2012 20:44:49] /a
[22/09/2012 20:45:06] /newtype 150
[22/09/2012 20:45:10] /newtype 225
[22/09/2012 20:45:14] /newtype 250
[22/09/2012 20:45:16] /newtype 251
[22/09/2012 20:45:20] /newtype 245
[22/09/2012 20:45:25] /newtype 150
[22/09/2012 20:45:27] /newtype 151
[22/09/2012 20:45:29] /newtype 152
[22/09/2012 20:45:32] /newtype 160
[22/09/2012 20:45:35] /newtype 200
[22/09/2012 20:45:45] /newtype 250
[22/09/2012 20:45:51] /newtype 249
[22/09/2012 20:45:56] /newtype 250
[22/09/2012 20:56:32] /a
[22/09/2012 20:56:33] /a
[22/09/2012 20:57:29] /a
[22/09/2012 20:57:29] /a
[22/09/2012 20:57:30] /a
[22/09/2012 20:57:30] /a
[22/09/2012 20:57:30] /a
[22/09/2012 20:57:30] /a
[22/09/2012 20:57:30] /a
[22/09/2012 20:57:30] /a
[22/09/2012 20:57:30] /a
[22/09/2012 20:57:30] /a
[22/09/2012 20:57:30] /a
[22/09/2012 20:57:30] /a
[22/09/2012 20:57:30] /a
[22/09/2012 20:57:30] /a
[22/09/2012 20:57:30] /a
[22/09/2012 20:57:30] /a
[22/09/2012 20:57:30] /a
[22/09/2012 20:57:31] /a
[22/09/2012 20:57:31] /a
[22/09/2012 20:57:31] /a
[22/09/2012 20:57:31] /a
[22/09/2012 20:57:31] /a
[22/09/2012 20:57:31] /a
[22/09/2012 20:57:31] /a
[22/09/2012 20:57:31] /a
[22/09/2012 20:57:31] /a
[22/09/2012 20:57:31] /a
[22/09/2012 20:57:31] /a
[22/09/2012 20:57:31] /a
[22/09/2012 20:57:32] /a
[22/09/2012 20:57:32] /a
[22/09/2012 20:57:32] /a
[22/09/2012 20:57:32] /a
[22/09/2012 20:57:32] /a
[22/09/2012 20:57:32] /a
[22/09/2012 20:57:32] /a
[22/09/2012 20:57:32] /a
[22/09/2012 20:57:32] /a
[22/09/2012 20:57:33] /a
[22/09/2012 20:57:33] /a
[22/09/2012 20:57:33] /a
[22/09/2012 20:57:33] /a
[22/09/2012 20:57:33] /a
[22/09/2012 20:57:33] /a
[22/09/2012 20:57:33] /a
[22/09/2012 20:57:33] /a
[22/09/2012 20:57:33] /a
[22/09/2012 20:57:33] /a
[22/09/2012 20:57:33] /a
[22/09/2012 20:57:33] /a
[22/09/2012 20:57:34] /a
[22/09/2012 20:57:34] /a
[22/09/2012 20:57:34] /a
[22/09/2012 20:57:34] /a
[22/09/2012 20:57:34] /a
[22/09/2012 20:57:34] /a
[22/09/2012 20:57:34] /a
[22/09/2012 20:57:34] /a
[22/09/2012 20:57:34] /a
[22/09/2012 20:57:34] /a
[22/09/2012 20:57:34] /a
[22/09/2012 20:57:36] /a
[22/09/2012 20:57:36] /a
[22/09/2012 20:57:36] /a
[22/09/2012 20:57:36] /a
[22/09/2012 20:57:36] /a
[22/09/2012 20:57:37] /a
[22/09/2012 20:57:37] /a
[22/09/2012 20:57:37] /a
[22/09/2012 20:57:37] /a
[22/09/2012 20:57:37] /a
[22/09/2012 20:57:37] /a
[22/09/2012 20:57:37] /a
[22/09/2012 20:57:37] /a
[22/09/2012 20:57:37] /a
[22/09/2012 20:57:37] /a
[22/09/2012 20:57:37] /a
[22/09/2012 20:57:37] /a
[22/09/2012 20:57:37] /a
[22/09/2012 20:57:38] /a
[22/09/2012 20:57:38] /a
[22/09/2012 20:57:38] /a
[22/09/2012 20:57:38] /a
[22/09/2012 20:57:38] /a
[22/09/2012 20:57:39] /a
[22/09/2012 20:57:39] /a
[22/09/2012 20:57:39] /a
[22/09/2012 20:57:39] /a
[22/09/2012 20:57:39] /a
[22/09/2012 20:57:39] /a
[22/09/2012 20:57:39] /a
[22/09/2012 20:57:39] /a
[22/09/2012 20:57:39] /a
[22/09/2012 20:57:39] /a
[22/09/2012 20:57:39] /a
[22/09/2012 20:57:39] /a
[22/09/2012 20:57:39] /a
[22/09/2012 20:57:39] /a
[22/09/2012 20:57:39] /a
[22/09/2012 20:57:39] /a
[22/09/2012 20:57:39] /a
[22/09/2012 20:57:40] /a
[22/09/2012 20:57:40] /a
[22/09/2012 20:57:40] /a
[22/09/2012 20:57:40] /a
[22/09/2012 20:57:40] /a
[22/09/2012 20:57:40] /a
[22/09/2012 20:57:40] /a
[22/09/2012 20:57:40] /a
[22/09/2012 20:57:40] /a
[22/09/2012 20:57:40] /a
[22/09/2012 20:57:40] /a
[22/09/2012 20:57:40] /a
[22/09/2012 20:57:40] /a
[22/09/2012 20:57:40] /a
[22/09/2012 20:57:40] /a
[22/09/2012 20:57:41] /a
[22/09/2012 20:57:41] /a
[22/09/2012 20:57:41] /a
[22/09/2012 20:57:41] /a
[22/09/2012 20:57:41] /a
[22/09/2012 20:57:41] /a
[22/09/2012 20:57:41] /a
[22/09/2012 20:57:41] /a
[22/09/2012 20:57:41] /a
[22/09/2012 20:57:41] /a
[22/09/2012 20:57:41] /a
[22/09/2012 20:57:41] /a
[22/09/2012 20:57:41] /a
[22/09/2012 20:57:41] /a
[22/09/2012 20:57:41] /a
[22/09/2012 20:57:41] /a
[22/09/2012 20:57:41] /a
[22/09/2012 20:57:41] /a
[22/09/2012 20:57:41] /a
[22/09/2012 20:57:41] /a
[22/09/2012 20:57:42] /a
[22/09/2012 20:57:42] /a
[22/09/2012 20:57:42] /a
[22/09/2012 20:57:42] /a
[22/09/2012 20:57:42] /a
[22/09/2012 20:57:42] /a
[22/09/2012 20:57:42] /a
[22/09/2012 20:57:42] /a
[22/09/2012 20:57:42] /a
[22/09/2012 20:57:42] /a
[22/09/2012 20:57:42] /a
[22/09/2012 20:57:42] /a
[22/09/2012 20:57:42] /a
[22/09/2012 20:57:42] /a
[22/09/2012 20:57:42] /a
[22/09/2012 20:57:42] /a
[22/09/2012 20:57:42] /a
[22/09/2012 20:57:42] /a
[22/09/2012 20:57:42] /a
[22/09/2012 20:57:43] /a
[22/09/2012 20:57:43] /a
[22/09/2012 20:57:43] /a
[22/09/2012 20:57:43] /a
[22/09/2012 20:57:43] /a
[22/09/2012 20:57:43] /a
[22/09/2012 20:57:43] /a
[22/09/2012 20:57:43] /a
[22/09/2012 20:57:43] /a
[22/09/2012 20:57:43] /a
[22/09/2012 20:57:43] /a
[22/09/2012 20:57:43] /a
[22/09/2012 20:57:43] /a
[22/09/2012 20:57:44] /a
[22/09/2012 20:57:44] /a
[22/09/2012 20:57:44] /a
[22/09/2012 20:57:44] /a
[22/09/2012 20:57:44] /a
[22/09/2012 20:57:44] /a
[22/09/2012 20:57:44] /a
[22/09/2012 20:57:44] /a
[22/09/2012 20:57:44] /a
[22/09/2012 20:57:44] /a
[22/09/2012 20:57:44] /a
[22/09/2012 20:57:44] /a
[22/09/2012 20:57:44] /a
[22/09/2012 20:57:44] /a
[22/09/2012 20:57:44] /a
[22/09/2012 20:57:44] /a
[22/09/2012 20:57:44] /a
[22/09/2012 20:57:45] /a
[22/09/2012 20:57:45] /a
[22/09/2012 20:57:45] /a
[22/09/2012 20:57:45] /a
[22/09/2012 20:57:45] /a
[22/09/2012 20:57:45] /a
[22/09/2012 20:57:45] /a
[22/09/2012 20:57:45] /a
[22/09/2012 20:57:45] /a
[22/09/2012 20:57:45] /a
[22/09/2012 20:57:46] /a
[22/09/2012 20:57:46] /a
[22/09/2012 20:57:46] /a
[22/09/2012 20:57:46] /a
[22/09/2012 20:57:46] /a
[22/09/2012 20:57:46] /a
[22/09/2012 20:57:46] /a
[22/09/2012 20:57:46] /a
[22/09/2012 20:57:46] /a
[22/09/2012 20:57:47] /a
[22/09/2012 20:57:47] /a
[22/09/2012 20:57:47] /a
[22/09/2012 20:57:47] /a
[22/09/2012 20:57:47] /a
[22/09/2012 20:57:47] /a
[22/09/2012 20:57:47] /a
[22/09/2012 20:57:48] /a
[22/09/2012 20:57:48] /a
[22/09/2012 20:57:48] /a
[22/09/2012 20:57:48] /a
[22/09/2012 20:57:48] /a
[22/09/2012 20:57:48] /a
[22/09/2012 20:57:48] /a
[22/09/2012 20:57:48] /a
[22/09/2012 20:57:48] /a
[22/09/2012 20:57:49] /a
[22/09/2012 20:57:51] /a
[22/09/2012 20:57:51] /a
[22/09/2012 20:57:51] /a
[22/09/2012 20:57:51] /a
[22/09/2012 20:57:51] /up
[22/09/2012 20:57:53] /a
[22/09/2012 20:57:54] /a
[22/09/2012 20:57:54] /a
[22/09/2012 20:57:54] /a
[22/09/2012 20:58:02] /t
[22/09/2012 20:58:07] /t
[22/09/2012 20:58:08] /t
[22/09/2012 20:58:08] /t
[22/09/2012 20:58:08] /t
[22/09/2012 20:58:09] /t
[22/09/2012 20:58:09] /t
[22/09/2012 20:58:10] /t
[22/09/2012 20:58:10] /t
[22/09/2012 20:58:10] /t
[22/09/2012 20:58:11] /t
[22/09/2012 20:58:11] /t
[22/09/2012 20:58:11] /t
[22/09/2012 20:58:12] /t
[22/09/2012 20:58:12] /t
[22/09/2012 20:58:12] /t
[22/09/2012 20:58:13] /t
[22/09/2012 20:58:13] /t
[22/09/2012 20:58:13] /t
[22/09/2012 20:58:14] /t
[22/09/2012 20:58:14] /t
[22/09/2012 20:58:14] /t
[22/09/2012 20:58:15] /t
[22/09/2012 20:58:15] /t
[22/09/2012 20:58:16] /t
[22/09/2012 20:58:16] /t
[22/09/2012 20:58:16] /t
[22/09/2012 20:58:17] /t
[22/09/2012 20:58:17] /t
[22/09/2012 20:58:23] /a
[22/09/2012 20:58:23] /a
[22/09/2012 20:58:23] /a
[22/09/2012 20:58:23] /a
[22/09/2012 20:58:23] /a
[22/09/2012 20:58:24] /a
[22/09/2012 20:58:24] /a
[22/09/2012 20:58:24] /a
[22/09/2012 20:58:24] /a
[22/09/2012 20:58:25] /a
[22/09/2012 20:58:25] /a
[22/09/2012 20:58:25] /a
[22/09/2012 20:58:25] /a
[22/09/2012 20:58:25] /a
[22/09/2012 20:58:25] /a
[22/09/2012 20:58:25] /a
[22/09/2012 20:58:25] /a
[22/09/2012 20:58:25] /a
[22/09/2012 20:58:25] /a
[22/09/2012 20:58:25] /a
[22/09/2012 20:58:25] /a
[22/09/2012 20:58:26] /a
[22/09/2012 20:58:26] /a
[22/09/2012 20:58:26] /a
[22/09/2012 20:58:26] /a
[22/09/2012 20:58:26] /a
[22/09/2012 20:58:26] /a
[22/09/2012 20:58:26] /a
[22/09/2012 20:58:26] /a
[22/09/2012 20:58:26] /a
[22/09/2012 20:58:26] /a
[22/09/2012 20:58:26] /a
[22/09/2012 20:58:26] /a
[22/09/2012 20:58:26] /a
[22/09/2012 20:58:26] /a
[22/09/2012 20:58:27] /a
[22/09/2012 20:58:27] /a
[22/09/2012 20:58:27] /a
[22/09/2012 20:58:27] /a
[22/09/2012 20:58:27] /a
[22/09/2012 20:58:27] /a
[22/09/2012 20:58:27] /a
[22/09/2012 20:58:27] /a
[22/09/2012 20:58:27] /a
[22/09/2012 20:58:27] /a
[22/09/2012 20:58:27] /a
[22/09/2012 20:58:27] /a
[22/09/2012 20:58:29] /t rosso
[22/09/2012 20:58:30] /t rosso
[22/09/2012 20:58:30] /t rosso
[22/09/2012 20:58:30] /t rosso
[22/09/2012 20:58:31] /t rosso
[22/09/2012 20:58:31] /t rosso
[22/09/2012 20:58:32] /t rosso
[22/09/2012 20:58:32] /t rosso
[22/09/2012 20:58:33] /t rosso
[22/09/2012 20:58:33] /t rosso
[22/09/2012 20:58:34] /t rosso
[22/09/2012 20:58:34] /t rosso
[22/09/2012 20:58:35] /t rosso
[22/09/2012 20:58:36] /t rosso
[22/09/2012 20:58:40] /c rosso
[22/09/2012 20:58:42] /t rosso
[22/09/2012 20:58:47] /b muy feo xDD
[22/09/2012 20:58:51] /c rosso
[22/09/2012 20:58:53] /c rosso
[22/09/2012 20:58:53] /c rosso
[22/09/2012 20:58:54] /c rosso
[22/09/2012 20:58:54] /c rosso
[22/09/2012 20:58:54] /c rosso
[22/09/2012 20:58:55] /c rosso
[22/09/2012 20:58:55] /c rosso
[22/09/2012 20:58:55] /c rosso
[22/09/2012 20:58:56] /c rosso
[22/09/2012 20:58:56] /c rosso
[22/09/2012 20:58:57] /c rosso
[22/09/2012 20:58:59] /a
[22/09/2012 20:59:04] /a
[22/09/2012 20:59:04] /a
[22/09/2012 20:59:04] /a
[22/09/2012 20:59:05] /a
[22/09/2012 20:59:05] /a
[22/09/2012 20:59:05] /a
[22/09/2012 20:59:05] /a
[22/09/2012 20:59:05] /a
[22/09/2012 20:59:05] /a
[22/09/2012 20:59:05] /a
[22/09/2012 20:59:07] /a
[22/09/2012 20:59:07] /a
[22/09/2012 20:59:08] /a
[22/09/2012 20:59:12] /a
[22/09/2012 20:59:20] /a
[22/09/2012 20:59:21] /a
[22/09/2012 20:59:21] /a
[22/09/2012 20:59:22] /a
[22/09/2012 20:59:36] /a
[22/09/2012 20:59:36] /a
[22/09/2012 20:59:37] /a
[22/09/2012 20:59:38] /a
[22/09/2012 20:59:38] /a
[22/09/2012 20:59:38] /a
[22/09/2012 20:59:38] /a
[22/09/2012 20:59:39] /a
[22/09/2012 20:59:45] /a
[22/09/2012 21:00:26] /a
[22/09/2012 21:00:27] /a
[22/09/2012 21:00:29] /a
[22/09/2012 21:00:32] /a
[22/09/2012 21:00:32] /a
[22/09/2012 21:00:34] /a
[22/09/2012 21:00:34] /a
[22/09/2012 21:00:34] /a
[22/09/2012 21:00:34] /a
[22/09/2012 21:00:34] /a
[22/09/2012 21:00:35] /a
[22/09/2012 21:00:35] /a
[22/09/2012 21:00:35] /a
[22/09/2012 21:00:37] /a
[22/09/2012 21:00:43] /a
[22/09/2012 21:00:47] /a
[22/09/2012 21:00:48] /a
[22/09/2012 21:00:49] /a
[22/09/2012 21:00:51] /a
[22/09/2012 21:00:53] /a
[22/09/2012 21:00:54] /a
[22/09/2012 21:00:56] /a
[22/09/2012 21:00:57] /a
[22/09/2012 21:00:57] /a
[22/09/2012 21:00:58] /a
[22/09/2012 21:01:24] /newtype 350
[22/09/2012 21:01:26] /newtype 351
[22/09/2012 21:01:28] /newtype 352
[22/09/2012 21:01:31] /newtype 353
[22/09/2012 21:01:42] /newtype 349
[22/09/2012 21:01:43] /newtype 349
[22/09/2012 21:02:35] /newtype 348
[22/09/2012 21:02:43] /newtype 347
[22/09/2012 21:02:46] /newtype 346
[22/09/2012 21:02:51] /newtype 345
[22/09/2012 21:02:55] /newtype 345
[22/09/2012 21:03:11] /newtype 344
[22/09/2012 21:03:37] /newtype 343
[22/09/2012 21:03:39] /newtype 342
[22/09/2012 21:03:41] /newtype 342
[22/09/2012 21:04:30] /newtype 341
[22/09/2012 21:04:39] /newtype 330
[22/09/2012 21:04:46] /newtype 339
[22/09/2012 21:04:49] /newtype 338
[22/09/2012 21:04:52] /newtype 337
[22/09/2012 21:04:54] /newtype 336
[22/09/2012 21:04:58] /newtype 335
[22/09/2012 21:05:01] /newtype 334
[22/09/2012 21:05:03] /newtype 334
[22/09/2012 21:05:21] /newtype 333
[22/09/2012 21:05:24] /newtype 332
[22/09/2012 21:05:27] /newtype 331
[22/09/2012 21:05:30] /newtype 330
[22/09/2012 21:05:33] /newtype 329
[22/09/2012 21:05:37] /newtype 328
[22/09/2012 21:05:39] /newtype 327
[22/09/2012 21:05:57] /newtype 326
[22/09/2012 21:06:10] /newtype 325
[22/09/2012 21:06:13] /newtype 324
[22/09/2012 21:06:16] /newtype 323
[22/09/2012 21:06:18] /newtype 321
[22/09/2012 21:06:20] /newtype 322
[22/09/2012 21:06:24] /newtype 320
[22/09/2012 21:06:29] /newtype 319
[22/09/2012 21:06:31] /newtype 318
[22/09/2012 21:06:34] /newtype 317
[22/09/2012 21:06:36] /newtype 317
[22/09/2012 21:06:37] /newtype 316
[22/09/2012 21:06:40] /newtype 315
[22/09/2012 21:06:42] /newtype 314
[22/09/2012 21:06:44] /newtype 313
[22/09/2012 21:06:47] /newtype 312
[22/09/2012 21:06:49] /newtype 311
[22/09/2012 21:06:52] /newtype 310
[22/09/2012 21:06:56] /newtype 309
[22/09/2012 21:06:58] /newtype 308
[22/09/2012 21:06:59] /newtype 307
[22/09/2012 21:07:02] /newtype 306
[22/09/2012 21:07:04] /newtype 305
[22/09/2012 21:07:06] /newtype 304
[22/09/2012 21:07:09] /newtype 304
[22/09/2012 21:07:22] /newtype 303
[22/09/2012 21:07:27] /newtype 302
[22/09/2012 21:07:35] /newtype 301
[22/09/2012 21:07:40] /newtype 300
[22/09/2012 21:07:49] /newtype 299
[22/09/2012 21:07:51] /newtype 298
[22/09/2012 21:07:53] /newtype 297
[22/09/2012 21:07:54] /newtype 296
[22/09/2012 21:07:56] /newtype 295
[22/09/2012 21:07:58] /newtype 295
[22/09/2012 21:08:02] /newtype 294
[22/09/2012 21:08:16] /newtype 293
[22/09/2012 21:08:18] /newtype 292
[22/09/2012 21:08:20] /newtype 291
[22/09/2012 21:08:23] /newtype 293
[22/09/2012 21:08:24] /newtype 290
[22/09/2012 21:08:26] /newtype 290
[22/09/2012 21:08:35] /newtype 289
[22/09/2012 21:08:37] /newtype 289
[22/09/2012 21:08:41] /newtype 288
[22/09/2012 21:08:45] /newtype 287
[22/09/2012 21:08:55] /newtype 286
[22/09/2012 21:08:59] /newtype 285
[22/09/2012 21:09:16] /a
[22/09/2012 21:09:29] /a
[22/09/2012 21:09:40] /a
[22/09/2012 21:09:44] /a
[22/09/2012 21:09:47] /a
[22/09/2012 21:09:47] /a
[22/09/2012 21:09:48] /a
[22/09/2012 21:09:48] /a
[22/09/2012 21:09:49] /a
[22/09/2012 21:09:49] /a
[22/09/2012 21:09:49] /a
[22/09/2012 21:09:49] /a
[22/09/2012 21:09:51] /a
[22/09/2012 21:09:51] /a
[22/09/2012 21:09:51] /a
[22/09/2012 21:09:54] /a
[22/09/2012 21:09:55] /a
[22/09/2012 21:09:55] /a
[22/09/2012 21:10:24] /a
[22/09/2012 21:10:38] /a
[22/09/2012 21:10:38] /a
[22/09/2012 21:10:38] /a
[22/09/2012 21:10:39] /a
[22/09/2012 21:10:39] /a
[22/09/2012 21:10:39] /a
[22/09/2012 21:10:39] /a
[22/09/2012 21:10:39] /a
[22/09/2012 21:11:27] /t
[22/09/2012 21:12:16] /newtype 126
[22/09/2012 21:12:23] /newtype 127
[22/09/2012 21:12:29] /a
[22/09/2012 21:12:29] /a
[22/09/2012 21:12:30] /a
[22/09/2012 21:12:30] /a
[22/09/2012 21:12:30] /a
[22/09/2012 21:12:30] /a
[22/09/2012 21:12:30] /a
[22/09/2012 21:12:31] /a
[22/09/2012 21:12:31] /a
[22/09/2012 21:12:31] /a
[22/09/2012 21:12:34] /a
[22/09/2012 21:12:34] /a
[22/09/2012 21:12:34] /a
[22/09/2012 21:12:34] /a
[22/09/2012 21:12:34] /a
[22/09/2012 21:12:34] /a
[22/09/2012 21:12:34] /a
[22/09/2012 21:12:35] /a
[22/09/2012 21:12:35] /a
[22/09/2012 21:12:35] /a
[22/09/2012 21:12:35] /a
[22/09/2012 21:12:35] /a
[22/09/2012 21:12:50] /i 8752
[22/09/2012 21:13:11] /i 10759
[22/09/2012 21:13:18] /t
[22/09/2012 21:13:26] /c rosso
[22/09/2012 21:14:01] /a
[22/09/2012 21:14:02] /a
[22/09/2012 21:14:02] /a
[22/09/2012 21:14:11] /a
[22/09/2012 21:14:11] /a
[22/09/2012 21:14:12] /a
[22/09/2012 21:14:12] /a
[22/09/2012 21:14:12] /a
[22/09/2012 21:14:12] /a
[22/09/2012 21:14:24] /i 10137
[22/09/2012 21:14:27] /t
[22/09/2012 21:15:56] /a
[22/09/2012 21:15:57] /a
[22/09/2012 21:15:57] /a
[22/09/2012 21:15:57] /a
[22/09/2012 21:15:57] /a
[22/09/2012 21:15:57] /a
[22/09/2012 21:15:57] /a
[22/09/2012 21:15:57] /a
[22/09/2012 21:15:57] /a
[22/09/2012 21:15:57] /a
[22/09/2012 21:16:09] /i 12610
[22/09/2012 21:16:13] /t
[22/09/2012 21:17:21] /a
[22/09/2012 21:17:21] /a
[22/09/2012 21:17:21] /a
[22/09/2012 21:17:21] /a
[22/09/2012 21:17:21] /a
[22/09/2012 21:17:21] /a
[22/09/2012 21:17:22] /a
[22/09/2012 21:17:22] /a
[22/09/2012 21:17:30] /i 6388
[22/09/2012 21:17:55] /a
[22/09/2012 21:17:56] /a
[22/09/2012 21:18:13] /a
[22/09/2012 21:18:15] /a
[22/09/2012 21:18:15] /a
[22/09/2012 21:18:25] /i golden nuggets
[22/09/2012 21:18:38] /i crystal coins
[22/09/2012 21:18:46] /i crystal coin
[22/09/2012 21:18:47] /i crystal coin
[22/09/2012 21:18:48] /i crystal coin
[22/09/2012 21:18:49] /i crystal coin
[22/09/2012 21:20:11] /r
[22/09/2012 21:22:06] /i lux strike 
[22/09/2012 21:22:13] /t
[22/09/2012 21:22:20] /a
[22/09/2012 21:22:21] /a
[22/09/2012 21:22:21] /a
[22/09/2012 21:22:21] /a
[22/09/2012 21:22:21] /a
[22/09/2012 21:22:21] /a
[22/09/2012 21:22:21] /a
[22/09/2012 21:22:21] /a
[22/09/2012 21:22:21] /a
[22/09/2012 21:22:21] /a
[22/09/2012 21:22:22] /a
[22/09/2012 21:22:22] /a
[22/09/2012 21:22:28] /i 6388
[22/09/2012 21:23:17] /a
[22/09/2012 21:23:17] /a
[22/09/2012 21:23:17] /a
[22/09/2012 21:23:18] /a
[22/09/2012 21:23:18] /a
[22/09/2012 21:23:18] /a
[22/09/2012 21:23:18] /a
[22/09/2012 21:23:18] /a
[22/09/2012 21:23:18] /a
[22/09/2012 21:23:18] /a
[22/09/2012 21:23:18] /a
[22/09/2012 21:23:18] /a
[22/09/2012 21:23:18] /a
[22/09/2012 21:23:18] /a
[22/09/2012 21:23:18] /a
[22/09/2012 21:23:18] /a
[22/09/2012 21:23:18] /a
[22/09/2012 21:23:18] /a
[22/09/2012 21:23:19] /a
[22/09/2012 21:23:19] /a
[22/09/2012 21:23:19] /a
[22/09/2012 21:23:19] /a
[22/09/2012 21:23:19] /a
[22/09/2012 21:23:22] /goto rosso
[22/09/2012 21:24:11] /a
[22/09/2012 21:24:11] /a
[22/09/2012 21:24:12] /a
[22/09/2012 21:24:12] /a
[22/09/2012 21:24:12] /a
[22/09/2012 21:25:21] /a
[22/09/2012 21:25:21] /a
[22/09/2012 21:25:22] /a
[22/09/2012 21:25:22] /a
[22/09/2012 21:25:22] /a
[22/09/2012 21:25:22] /a
[22/09/2012 21:25:23] /a
[22/09/2012 21:25:24] /a
[22/09/2012 21:25:25] /a
[22/09/2012 21:25:26] /a
[22/09/2012 21:25:26] /a
[22/09/2012 21:25:27] /a
[22/09/2012 21:25:37] /a
[22/09/2012 21:25:55] /a
[22/09/2012 21:25:59] /r
[22/09/2012 21:26:08] /goto rosso
[22/09/2012 21:26:14] /goto rosso
[22/09/2012 21:26:18] /goto rosso
[22/09/2012 21:26:19] /goto rosso
[22/09/2012 21:26:21] /goto rosso
[22/09/2012 21:26:23] /goto rosso
[22/09/2012 21:26:23] /goto rosso
[22/09/2012 21:26:24] /goto rosso
[22/09/2012 21:26:36] /goto rosso
[22/09/2012 21:26:48] /t
[22/09/2012 21:26:50] /a
[22/09/2012 21:26:50] /a
[22/09/2012 21:26:51] /a
[22/09/2012 21:26:51] /a
[22/09/2012 21:26:51] /a
[22/09/2012 21:26:51] /a
[22/09/2012 21:26:51] /a
[22/09/2012 21:26:51] /a
[22/09/2012 21:26:51] /a
[22/09/2012 21:26:59] /i 12609
[22/09/2012 21:27:03] /goto rosso
[22/09/2012 21:28:34] /t
[22/09/2012 21:29:21] /t
[22/09/2012 21:30:44] /c 12609
[22/09/2012 21:30:46] /a
[22/09/2012 21:30:46] /a
[22/09/2012 21:30:47] /a
[22/09/2012 21:30:47] /a
[22/09/2012 21:30:48] /a
[22/09/2012 21:30:48] /a
[22/09/2012 21:30:48] /a
[22/09/2012 21:30:48] /a
[22/09/2012 21:30:49] /a
[22/09/2012 21:31:31] /c rosso
[22/09/2012 21:31:59] /a
[22/09/2012 21:32:00] /a
[22/09/2012 21:32:01] /a
[22/09/2012 21:32:15] /up
[22/09/2012 21:32:28] /a
[22/09/2012 21:32:29] /a
[22/09/2012 21:32:32] /a
[22/09/2012 21:32:33] /a
[22/09/2012 21:32:34] /a
[22/09/2012 21:33:06] /i 12609
[22/09/2012 21:33:09] /i 12609
[22/09/2012 21:33:22] /i 7632
[22/09/2012 21:33:29] /a
[22/09/2012 21:33:30] /a
[22/09/2012 21:34:14] /a
[22/09/2012 21:34:14] /a
[22/09/2012 21:34:15] /a
[22/09/2012 21:34:15] /a
[22/09/2012 21:34:15] /a
[22/09/2012 21:34:15] /a
[22/09/2012 21:34:16] /a
[22/09/2012 21:34:17] /a
[22/09/2012 21:34:18] /a
[22/09/2012 21:34:19] /a
[22/09/2012 21:34:20] /a
[22/09/2012 21:34:33] /a
[22/09/2012 21:34:34] /a
[22/09/2012 21:34:34] /a
[22/09/2012 21:34:34] /a
[22/09/2012 21:34:34] /a
[22/09/2012 21:34:35] /a
[22/09/2012 21:34:35] /a
[22/09/2012 21:34:35] /a
[22/09/2012 21:34:37] /a
[22/09/2012 21:34:37] /a
[22/09/2012 21:34:38] /a
[22/09/2012 21:34:54] /a
[22/09/2012 21:34:57] /a
[22/09/2012 21:34:57] /a
[22/09/2012 21:34:57] /a
[22/09/2012 21:34:57] /a
[22/09/2012 21:34:58] /a
[22/09/2012 21:34:58] /a
[22/09/2012 21:34:59] /a
[22/09/2012 21:34:59] /a
[22/09/2012 21:34:59] /a
[22/09/2012 21:35:05] /a
[22/09/2012 21:35:06] /a
[22/09/2012 21:35:07] /a
[22/09/2012 21:35:08] /a
[22/09/2012 21:35:10] /a
[22/09/2012 21:35:11] /a
[22/09/2012 21:35:24] /i elite draken mail 
[22/09/2012 21:35:29] /a
[22/09/2012 21:35:29] /a
[22/09/2012 21:35:30] /a
[22/09/2012 21:35:30] /a
[22/09/2012 21:35:30] /a
[22/09/2012 21:35:30] /a
[22/09/2012 21:35:30] /a
[22/09/2012 21:35:30] /a
[22/09/2012 21:35:31] /a
[22/09/2012 21:35:32] /a
[22/09/2012 21:35:39] /i elite draken mail 
[22/09/2012 21:35:44] /i 11238
[22/09/2012 21:36:04] /i 4873
[22/09/2012 21:36:05] /a
[22/09/2012 21:36:05] /a
[22/09/2012 21:36:06] /a
[22/09/2012 21:36:06] /a
[22/09/2012 21:36:12] /i [12391
[22/09/2012 21:36:16] /i 12391
[22/09/2012 21:36:32] /a
[22/09/2012 21:36:55] /a
[22/09/2012 21:36:55] /a
[22/09/2012 21:37:02] /goto rosso
[22/09/2012 21:37:26] /t
[22/09/2012 21:37:29] /goto rosso
[22/09/2012 21:38:31] /r
[22/09/2012 21:38:32] /r
[22/09/2012 21:38:55] /i stone
[22/09/2012 21:38:56] /i stone
[22/09/2012 21:38:58] /i stone
[22/09/2012 21:38:59] /i stone
[22/09/2012 21:39:01] /i stone
[22/09/2012 21:39:02] /i stone
[22/09/2012 21:39:03] /i stone
[22/09/2012 21:39:08] /i stone
[22/09/2012 21:39:09] /i stone
[22/09/2012 21:39:22] /r
[22/09/2012 21:40:44] /t
[22/09/2012 21:44:06] /up
[22/09/2012 21:44:11] /a 10
[22/09/2012 21:44:37] /a 20
[22/09/2012 21:45:16] /t
[22/09/2012 21:47:07] /c rosso
[22/09/2012 21:48:25] /c rosso
[22/09/2012 21:49:02] /t
[22/09/2012 21:50:12] /t
[22/09/2012 21:50:33] /goto rosso
[22/09/2012 21:58:32] /t
[22/09/2012 21:59:38] /goto rosso
[22/09/2012 22:00:00] /r
[22/09/2012 22:00:03] /r
[22/09/2012 22:00:04] /r
[22/09/2012 22:00:07] /r
[22/09/2012 22:00:09] /r
[22/09/2012 22:00:11] /r
[22/09/2012 22:00:12] /r
[22/09/2012 22:05:40] /m Mozala
[22/09/2012 22:05:40] /m Mozala
[22/09/2012 22:05:41] /m Mozala
[22/09/2012 22:05:41] /m Mozala
[22/09/2012 22:05:41] /m Mozala
[22/09/2012 22:05:41] /m Mozala
[22/09/2012 22:05:42] /m Mozala
[22/09/2012 22:05:42] /m Mozala
[22/09/2012 22:05:42] /m Mozala
[22/09/2012 22:05:46] /a 2
[22/09/2012 22:05:55] /ghost
[22/09/2012 22:06:13] /t
[22/09/2012 22:13:17] /a
[22/09/2012 22:13:17] /a
[22/09/2012 22:13:18] /a
[22/09/2012 22:13:18] /a
[22/09/2012 22:13:18] /a
[22/09/2012 22:13:18] /a
[22/09/2012 22:13:18] /a
[22/09/2012 22:13:18] /a
[22/09/2012 22:13:18] /a
[22/09/2012 22:13:18] /a
[22/09/2012 22:13:18] /a
[22/09/2012 22:13:18] /a
[22/09/2012 22:13:19] /a
[22/09/2012 22:13:19] /a
[22/09/2012 22:13:19] /a
[22/09/2012 22:13:23] /goto rosso
[22/09/2012 22:13:26] /goto rosso
[22/09/2012 22:14:03] /s dog
[22/09/2012 22:14:04] /s dog
[22/09/2012 22:14:09] /s mounter
[22/09/2012 22:14:26] /t
[22/09/2012 22:14:35] /goto skater
[22/09/2012 22:14:43] /ghost
[22/09/2012 22:16:43] /r
[22/09/2012 22:24:16] /a
[22/09/2012 22:26:06] /b xDD
[22/09/2012 22:26:17] /b rosso estas
[22/09/2012 22:26:20] /b rosso estas
[22/09/2012 22:26:30] /goto skater
[22/09/2012 22:27:43] /ghost
[22/09/2012 22:28:27] /i DONATION COIN
[22/09/2012 22:28:28] /i DONATION COIN
[22/09/2012 22:28:29] /i DONATION COIN
[22/09/2012 22:28:29] /i DONATION COIN
[22/09/2012 22:28:31] /i DONATION COIN
[22/09/2012 22:28:32] /i DONATION COIN
[22/09/2012 22:28:32] /i DONATION COIN
[22/09/2012 22:28:33] /i DONATION COIN
[22/09/2012 22:28:33] /i DONATION COIN
[22/09/2012 22:28:35] /i DONATION COIN
[22/09/2012 22:28:42] /i DONATION COIN
[22/09/2012 22:28:43] /i DONATION COIN
[22/09/2012 22:28:43] /i DONATION COIN
[22/09/2012 22:28:43] /i DONATION COIN
[22/09/2012 22:28:44] /i DONATION COIN
[22/09/2012 22:28:44] /i DONATION COIN
[22/09/2012 22:28:44] /i DONATION COIN
[22/09/2012 22:28:45] /i DONATION COIN
[22/09/2012 22:28:45] /i DONATION COIN
[22/09/2012 22:28:46] /i DONATION COIN
[22/09/2012 22:28:46] /i DONATION COIN
[22/09/2012 22:28:47] /i DONATION COIN
[22/09/2012 22:28:47] /i DONATION COIN
[22/09/2012 22:28:48] /i DONATION COIN
[22/09/2012 22:28:49] /i DONATION COIN
[22/09/2012 22:28:49] /i DONATION COIN
[22/09/2012 22:28:50] /i DONATION COIN
[22/09/2012 22:28:51] /i DONATION COIN
[22/09/2012 22:28:52] /i DONATION COIN
[22/09/2012 22:30:43] /goto skater
[22/09/2012 22:34:24] /ghost
[22/09/2012 22:34:33] /i DONATION COIN
[22/09/2012 22:34:56] /goto rosso
[22/09/2012 22:36:53] /b mmmm :S
[22/09/2012 22:37:22] /goto Skater
[22/09/2012 22:37:34] /goto Skater
[22/09/2012 22:39:29] /ghost
[22/09/2012 22:42:10] /ghost
[22/09/2012 22:43:22] /b :S
[22/09/2012 22:44:00] /i 7708
[22/09/2012 22:44:24] /ghost
[22/09/2012 22:46:43] /b :S aff
