[27/07/2012 11:10:54] /n rebirth npc
[27/07/2012 11:10:56] /n rebirth npc
[27/07/2012 11:10:56] /n rebirth npc
[27/07/2012 11:10:56] /n rebirth npc
[27/07/2012 11:10:57] /n rebirth npc
[27/07/2012 11:12:11] /i exp scroll
[27/07/2012 11:13:18] /i exp scroll
[27/07/2012 11:13:19] /i exp scroll
[27/07/2012 11:13:19] /i exp scroll
[27/07/2012 11:15:21] /i donation mana boll
[27/07/2012 11:15:37] /i donation mana ball
[27/07/2012 11:15:45] /i  donation mana ball
[27/07/2012 11:16:05] /i 11200
[27/07/2012 11:16:15] /i 10502
[27/07/2012 11:16:35] /i 2296
[27/07/2012 11:17:52] /a 2
[27/07/2012 11:18:00] /i epic ring
[27/07/2012 11:18:12] /i epic ring
[27/07/2012 11:18:20] /i 7708
[27/07/2012 11:18:26] /a 2
[27/07/2012 11:19:03] /i 12603
[27/07/2012 11:19:13] /i 2758
[27/07/2012 11:19:16] /r
[27/07/2012 11:19:31] /i 12604
[27/07/2012 11:19:37] /r
[27/07/2012 11:19:38] /r
[27/07/2012 11:19:38] /r
[27/07/2012 11:19:46] /i 12606
[27/07/2012 11:19:48] /i 12605
[27/07/2012 11:19:55] /i 12610
[27/07/2012 11:20:00] /i 12607
[27/07/2012 11:20:43] /r
[27/07/2012 11:20:43] /r
[27/07/2012 11:20:45] /r
[27/07/2012 11:20:45] /r
[27/07/2012 11:20:46] /r
[27/07/2012 11:20:47] /r
[27/07/2012 11:27:50] /goto right
[27/07/2012 11:28:53] /r
[27/07/2012 11:28:54] /r
[27/07/2012 11:28:56] /r
[27/07/2012 11:28:56] /r
[27/07/2012 11:28:57] /r
[27/07/2012 11:29:03] /i 11200
[27/07/2012 11:29:10] /i 2296
[27/07/2012 11:30:19] /clean
[27/07/2012 11:37:44] /i exp scroll
[27/07/2012 11:40:15] /a 3
[27/07/2012 11:41:02] /t
[27/07/2012 11:41:10] /goto jack daniels
[27/07/2012 11:41:12] /goto jack daniels
[27/07/2012 11:41:12] /goto jack daniels
[27/07/2012 11:41:12] /goto jack daniels
[27/07/2012 11:41:15] /ghost
[27/07/2012 11:46:45] /i donation spear
[27/07/2012 11:47:32] /i exp scroll
[27/07/2012 11:48:34] /mute
[27/07/2012 11:48:46] /mute owners right hand 10000000000000000000000000000000000000
[27/07/2012 11:48:53] /mute owners right hand
[27/07/2012 11:48:59] /mute owners right handa
[27/07/2012 11:49:00] /mute owners right hands
[27/07/2012 11:49:08] /a 1
[27/07/2012 11:49:12] /a 1
[27/07/2012 11:49:15] /a  2
[27/07/2012 11:51:05] /clean
[27/07/2012 11:51:08] /clean
[27/07/2012 11:51:14] /a
[27/07/2012 11:51:15] /a
[27/07/2012 11:51:34] /clean
[27/07/2012 11:51:37] /tpall
[27/07/2012 11:51:38] /tpall
[27/07/2012 11:51:38] /tpall
[27/07/2012 11:51:39] /tpall
[27/07/2012 11:51:39] /tpall
[27/07/2012 11:51:41] /t
[27/07/2012 11:51:42] /t
[27/07/2012 11:51:59] /tpall
[27/07/2012 11:52:00] /tpall
[27/07/2012 11:52:00] /tpall
[27/07/2012 11:52:01] /tpall
[27/07/2012 11:52:01] /tpall
[27/07/2012 11:52:02] /tpall
[27/07/2012 11:52:02] /tpall
[27/07/2012 11:52:03] /tpall
[27/07/2012 11:52:12] /tpall
[27/07/2012 11:52:13] /tpall
[27/07/2012 11:52:13] /tpall
[27/07/2012 11:52:13] /tpall
[27/07/2012 11:52:13] /tpall
[27/07/2012 11:52:13] /tpall
[27/07/2012 11:52:13] /tpall
[27/07/2012 11:52:13] /tpall
[27/07/2012 11:52:13] /tpall
[27/07/2012 11:52:13] /tpall
[27/07/2012 11:52:13] /tpall
[27/07/2012 11:52:13] /tpall
[27/07/2012 11:52:13] /tpall
[27/07/2012 11:52:13] /tpall
[27/07/2012 11:52:13] /tpall
[27/07/2012 11:52:13] /tpall
[27/07/2012 11:52:13] /tpall
[27/07/2012 11:52:13] /tpall
[27/07/2012 11:52:13] /tpall
[27/07/2012 11:52:13] /tpall
[27/07/2012 11:52:13] /tpall
[27/07/2012 11:52:13] /tpall
[27/07/2012 11:52:13] /tpall
[27/07/2012 11:52:13] /tpall
[27/07/2012 11:52:13] /tpall
[27/07/2012 11:52:13] /tpall
[27/07/2012 11:52:13] /tpall
[27/07/2012 11:52:13] /tpall
[27/07/2012 11:52:13] /tpall
[27/07/2012 11:52:13] /tpall
[27/07/2012 11:52:14] /tpall
[27/07/2012 11:52:14] /tpall
[27/07/2012 11:52:14] /tpall
[27/07/2012 11:52:14] /tpall
[27/07/2012 11:52:14] /tpall
[27/07/2012 11:52:14] /tpall
[27/07/2012 11:52:14] /tpall
[27/07/2012 11:52:14] /tpall
[27/07/2012 11:52:14] /tpall
[27/07/2012 11:52:14] /tpall
[27/07/2012 11:52:14] /tpall
[27/07/2012 11:52:14] /tpall
[27/07/2012 11:52:14] /tpall
[27/07/2012 11:52:14] /tpall
[27/07/2012 11:52:14] /tpall
[27/07/2012 11:52:22] /a 2
[27/07/2012 11:52:23] /a 2
[27/07/2012 11:52:55] /a 5
[27/07/2012 11:52:57] /a 5
[27/07/2012 11:53:00] /a 1000
[27/07/2012 11:53:02] /a 100
[27/07/2012 11:53:04] /a 100
[27/07/2012 11:53:06] /a 100
[27/07/2012 11:53:07] /a 100
[27/07/2012 11:53:15] /a 50
[27/07/2012 11:53:16] /a 50
[27/07/2012 11:53:19] /a 20
[27/07/2012 11:53:20] /a 20
[27/07/2012 11:53:21] /a 20
[27/07/2012 11:53:22] /a 20
[27/07/2012 11:53:22] /a 20
[27/07/2012 11:53:22] /a 20
[27/07/2012 11:53:23] /a 20
[27/07/2012 11:53:23] /a 20
[27/07/2012 11:53:24] /a 20
[27/07/2012 11:53:31] /a 20
[27/07/2012 11:53:33] /a 20
[27/07/2012 11:53:33] /a 20
[27/07/2012 11:53:39] /a 20
[27/07/2012 11:53:39] /a 20
[27/07/2012 11:53:42] /a 20
[27/07/2012 11:53:43] /a 20
[27/07/2012 11:53:44] /a 20
[27/07/2012 11:53:44] /a 20
[27/07/2012 11:53:45] /a 20
[27/07/2012 11:53:57] /c owner right hand
[27/07/2012 11:54:05] /c owners right hand
[27/07/2012 11:54:05] /c owners right hand
[27/07/2012 11:54:06] /c owners right hand
[27/07/2012 11:54:06] /c owners right hand
[27/07/2012 11:54:07] /c owners right hand
[27/07/2012 11:54:07] /c owners right hand
[27/07/2012 11:54:07] /c owners right hand
[27/07/2012 11:54:13] /a 20
[27/07/2012 11:54:15] /a 20
[27/07/2012 11:54:19] /up
[27/07/2012 11:54:21] /a
[27/07/2012 11:54:22] /a
[27/07/2012 11:54:22] /a
[27/07/2012 11:54:23] /a
[27/07/2012 11:54:23] /a
[27/07/2012 11:54:23] /a
[27/07/2012 11:54:25] /a
[27/07/2012 11:54:26] /up
[27/07/2012 11:54:27] /up
[27/07/2012 11:54:28] /up
[27/07/2012 11:54:29] /up
[27/07/2012 11:54:30] /a
[27/07/2012 11:54:31] /a
[27/07/2012 11:54:31] /a
[27/07/2012 11:54:31] /a
[27/07/2012 11:54:32] /a
[27/07/2012 11:54:33] /a
[27/07/2012 11:54:33] /a
[27/07/2012 11:54:34] /a
[27/07/2012 11:54:35] /a
[27/07/2012 11:54:35] /a
[27/07/2012 11:54:36] /a
[27/07/2012 11:54:36] /a
[27/07/2012 11:54:37] /a
[27/07/2012 11:54:39] /up
[27/07/2012 11:55:05] /t OwNeRz RigHt HaNd 
[27/07/2012 11:55:07] /t
[27/07/2012 11:55:08] /t
[27/07/2012 11:55:09] /t OwNeRz RigHt HaNd 
[27/07/2012 11:55:09] /t OwNeRz RigHt HaNd 
[27/07/2012 11:55:10] /t OwNeRz RigHt HaNd 
[27/07/2012 11:55:10] /t OwNeRz RigHt HaNd 
[27/07/2012 11:55:10] /t OwNeRz RigHt HaNd 
[27/07/2012 11:55:11] /t OwNeRz RigHt HaNd 
[27/07/2012 11:55:11] /t OwNeRz RigHt HaNd 
[27/07/2012 11:55:11] /t OwNeRz RigHt HaNd 
[27/07/2012 11:55:12] /t OwNeRz RigHt HaNd 
[27/07/2012 11:55:12] /t OwNeRz RigHt HaNd 
[27/07/2012 11:55:13] /t OwNeRz RigHt HaNd 
[27/07/2012 11:55:13] /t OwNeRz RigHt HaNd 
[27/07/2012 11:55:13] /t OwNeRz RigHt HaNd 
[27/07/2012 11:55:14] /t OwNeRz RigHt HaNd 
[27/07/2012 11:55:14] /t OwNeRz RigHt HaNd 
[27/07/2012 11:55:24] /t OwNeRz RigHt HaNd 
[27/07/2012 11:55:24] /t OwNeRz RigHt HaNd 
[27/07/2012 11:55:24] /t OwNeRz RigHt HaNd 
[27/07/2012 11:55:24] /t OwNeRz RigHt HaNd 
[27/07/2012 11:55:24] /t OwNeRz RigHt HaNd 
[27/07/2012 11:55:24] /t OwNeRz RigHt HaNd 
[27/07/2012 11:55:24] /t OwNeRz RigHt HaNd 
[27/07/2012 11:55:24] /t OwNeRz RigHt HaNd 
[27/07/2012 11:55:24] /t OwNeRz RigHt HaNd 
[27/07/2012 11:55:25] /t OwNeRz RigHt HaNd 
[27/07/2012 11:55:25] /t OwNeRz RigHt HaNd 
[27/07/2012 11:55:25] /t OwNeRz RigHt HaNd 
[27/07/2012 11:55:25] /t OwNeRz RigHt HaNd 
[27/07/2012 11:55:25] /t OwNeRz RigHt HaNd 
[27/07/2012 11:55:25] /t OwNeRz RigHt HaNd 
[27/07/2012 11:55:25] /t OwNeRz RigHt HaNd 
[27/07/2012 11:55:25] /t OwNeRz RigHt HaNd 
[27/07/2012 11:55:25] /t OwNeRz RigHt HaNd 
[27/07/2012 11:55:25] /t OwNeRz RigHt HaNd 
[27/07/2012 11:55:26] /t OwNeRz RigHt HaNd 
[27/07/2012 11:55:26] /t OwNeRz RigHt HaNd 
[27/07/2012 11:55:26] /t OwNeRz RigHt HaNd 
[27/07/2012 11:55:26] /t OwNeRz RigHt HaNd 
[27/07/2012 11:55:26] /t OwNeRz RigHt HaNd 
[27/07/2012 11:55:26] /t OwNeRz RigHt HaNd 
[27/07/2012 11:55:26] /t OwNeRz RigHt HaNd 
[27/07/2012 11:55:26] /t OwNeRz RigHt HaNd 
[27/07/2012 11:55:26] /t OwNeRz RigHt HaNd 
[27/07/2012 11:55:26] /t OwNeRz RigHt HaNd 
[27/07/2012 11:55:26] /t OwNeRz RigHt HaNd 
[27/07/2012 11:55:26] /t OwNeRz RigHt HaNd 
[27/07/2012 11:55:26] /t OwNeRz RigHt HaNd 
[27/07/2012 11:55:26] /t OwNeRz RigHt HaNd 
[27/07/2012 11:55:26] /t OwNeRz RigHt HaNd 
[27/07/2012 11:55:26] /t OwNeRz RigHt HaNd 
[27/07/2012 11:55:26] /t OwNeRz RigHt HaNd 
[27/07/2012 11:55:26] /t OwNeRz RigHt HaNd 
[27/07/2012 11:55:26] /t OwNeRz RigHt HaNd 
[27/07/2012 11:55:26] /t OwNeRz RigHt HaNd 
[27/07/2012 11:55:26] /t OwNeRz RigHt HaNd 
[27/07/2012 11:55:26] /t OwNeRz RigHt HaNd 
[27/07/2012 11:55:26] /t OwNeRz RigHt HaNd 
[27/07/2012 11:55:26] /t OwNeRz RigHt HaNd 
[27/07/2012 11:55:26] /t OwNeRz RigHt HaNd 
[27/07/2012 11:55:26] /t OwNeRz RigHt HaNd 
[27/07/2012 11:55:26] /t OwNeRz RigHt HaNd 
[27/07/2012 11:55:26] /t OwNeRz RigHt HaNd 
[27/07/2012 11:55:26] /t OwNeRz RigHt HaNd 
[27/07/2012 11:55:26] /t OwNeRz RigHt HaNd 
[27/07/2012 11:55:26] /t OwNeRz RigHt HaNd 
[27/07/2012 11:55:26] /t OwNeRz RigHt HaNd 
[27/07/2012 11:55:26] /t OwNeRz RigHt HaNd 
[27/07/2012 11:55:26] /t OwNeRz RigHt HaNd 
[27/07/2012 11:55:26] /t OwNeRz RigHt HaNd 
[27/07/2012 11:55:26] /t OwNeRz RigHt HaNd 
[27/07/2012 11:55:26] /t OwNeRz RigHt HaNd 
[27/07/2012 11:55:27] /t OwNeRz RigHt HaNd 
[27/07/2012 11:55:27] /t OwNeRz RigHt HaNd 
[27/07/2012 11:55:27] /t OwNeRz RigHt HaNd 
[27/07/2012 11:55:27] /t OwNeRz RigHt HaNd 
[27/07/2012 11:55:27] /t OwNeRz RigHt HaNd 
[27/07/2012 11:55:27] /t OwNeRz RigHt HaNd 
[27/07/2012 11:55:27] /t OwNeRz RigHt HaNd 
[27/07/2012 11:55:27] /t OwNeRz RigHt HaNd 
[27/07/2012 11:55:28] /t OwNeRz RigHt HaNd 
[27/07/2012 11:55:29] /t OwNeRz RigHt HaNd 
[27/07/2012 11:55:29] /t OwNeRz RigHt HaNd 
[27/07/2012 11:55:29] /t OwNeRz RigHt HaNd 
[27/07/2012 11:55:29] /t OwNeRz RigHt HaNd 
[27/07/2012 11:55:29] /t OwNeRz RigHt HaNd 
[27/07/2012 11:55:29] /t OwNeRz RigHt HaNd 
[27/07/2012 11:55:29] /t OwNeRz RigHt HaNd 
[27/07/2012 11:55:30] /t OwNeRz RigHt HaNd 
[27/07/2012 11:55:30] /t OwNeRz RigHt HaNd 
[27/07/2012 11:55:30] /t OwNeRz RigHt HaNd 
[27/07/2012 11:55:30] /t OwNeRz RigHt HaNd 
[27/07/2012 11:55:30] /t OwNeRz RigHt HaNd 
[27/07/2012 11:55:30] /t OwNeRz RigHt HaNd 
[27/07/2012 11:55:30] /t OwNeRz RigHt HaNd 
[27/07/2012 11:55:30] /t OwNeRz RigHt HaNd 
[27/07/2012 11:55:30] /t OwNeRz RigHt HaNd 
[27/07/2012 11:55:30] /t OwNeRz RigHt HaNd 
[27/07/2012 11:55:30] /t OwNeRz RigHt HaNd 
[27/07/2012 11:55:30] /t OwNeRz RigHt HaNd 
[27/07/2012 11:55:30] /t OwNeRz RigHt HaNd 
[27/07/2012 11:55:30] /t OwNeRz RigHt HaNd 
[27/07/2012 11:55:30] /t OwNeRz RigHt HaNd 
[27/07/2012 11:55:30] /t OwNeRz RigHt HaNd 
[27/07/2012 11:55:30] /t OwNeRz RigHt HaNd 
[27/07/2012 11:55:30] /t OwNeRz RigHt HaNd 
[27/07/2012 11:55:30] /t OwNeRz RigHt HaNd 
[27/07/2012 11:55:31] /t OwNeRz RigHt HaNd 
[27/07/2012 11:55:31] /t OwNeRz RigHt HaNd 
[27/07/2012 11:55:31] /t OwNeRz RigHt HaNd 
[27/07/2012 11:55:31] /t OwNeRz RigHt HaNd 
[27/07/2012 11:55:31] /t OwNeRz RigHt HaNd 
[27/07/2012 11:55:31] /t OwNeRz RigHt HaNd 
[27/07/2012 11:55:31] /t OwNeRz RigHt HaNd 
[27/07/2012 11:55:31] /t OwNeRz RigHt HaNd 
[27/07/2012 11:55:31] /t OwNeRz RigHt HaNd 
[27/07/2012 11:55:31] /t OwNeRz RigHt HaNd 
[27/07/2012 11:55:31] /t OwNeRz RigHt HaNd 
[27/07/2012 11:55:32] /t OwNeRz RigHt HaNd 
[27/07/2012 11:55:32] /t OwNeRz RigHt HaNd 
[27/07/2012 11:55:32] /t OwNeRz RigHt HaNd 
[27/07/2012 11:55:32] /t OwNeRz RigHt HaNd 
[27/07/2012 11:55:32] /t OwNeRz RigHt HaNd 
[27/07/2012 11:55:32] /t OwNeRz RigHt HaNd 
[27/07/2012 11:55:32] /t OwNeRz RigHt HaNd 
[27/07/2012 11:55:32] /t OwNeRz RigHt HaNd 
[27/07/2012 11:55:32] /t OwNeRz RigHt HaNd 
[27/07/2012 11:55:32] /t OwNeRz RigHt HaNd 
[27/07/2012 11:55:32] /t OwNeRz RigHt HaNd 
[27/07/2012 11:55:32] /t OwNeRz RigHt HaNd 
[27/07/2012 11:55:32] /t OwNeRz RigHt HaNd 
[27/07/2012 11:55:32] /t OwNeRz RigHt HaNd 
[27/07/2012 11:55:33] /t OwNeRz RigHt HaNd 
[27/07/2012 11:55:33] /t OwNeRz RigHt HaNd 
[27/07/2012 11:55:33] /t OwNeRz RigHt HaNd 
[27/07/2012 11:55:33] /t OwNeRz RigHt HaNd 
[27/07/2012 11:55:33] /t OwNeRz RigHt HaNd 
[27/07/2012 11:55:33] /t OwNeRz RigHt HaNd 
[27/07/2012 11:55:33] /t OwNeRz RigHt HaNd 
[27/07/2012 11:55:33] /t OwNeRz RigHt HaNd 
[27/07/2012 11:55:33] /t OwNeRz RigHt HaNd 
[27/07/2012 11:55:33] /t OwNeRz RigHt HaNd 
[27/07/2012 11:55:33] /t OwNeRz RigHt HaNd 
[27/07/2012 11:55:33] /t OwNeRz RigHt HaNd 
[27/07/2012 11:55:33] /t OwNeRz RigHt HaNd 
[27/07/2012 11:55:33] /t OwNeRz RigHt HaNd 
[27/07/2012 11:55:33] /t OwNeRz RigHt HaNd 
[27/07/2012 11:55:33] /t OwNeRz RigHt HaNd 
[27/07/2012 11:55:33] /t OwNeRz RigHt HaNd 
[27/07/2012 11:55:33] /t OwNeRz RigHt HaNd 
[27/07/2012 11:55:33] /t OwNeRz RigHt HaNd 
[27/07/2012 11:55:33] /t OwNeRz RigHt HaNd 
[27/07/2012 11:55:33] /t OwNeRz RigHt HaNd 
[27/07/2012 11:55:33] /t OwNeRz RigHt HaNd 
[27/07/2012 11:55:34] /t OwNeRz RigHt HaNd 
[27/07/2012 11:55:34] /t OwNeRz RigHt HaNd 
[27/07/2012 11:55:34] /t OwNeRz RigHt HaNd 
[27/07/2012 11:55:34] /t OwNeRz RigHt HaNd 
[27/07/2012 11:55:34] /t OwNeRz RigHt HaNd 
[27/07/2012 11:55:34] /t OwNeRz RigHt HaNd 
[27/07/2012 11:55:34] /t OwNeRz RigHt HaNd 
[27/07/2012 11:55:34] /t OwNeRz RigHt HaNd 
[27/07/2012 11:55:34] /t OwNeRz RigHt HaNd 
[27/07/2012 11:55:34] /t OwNeRz RigHt HaNd 
[27/07/2012 11:55:34] /t OwNeRz RigHt HaNd 
[27/07/2012 11:55:34] /t OwNeRz RigHt HaNd 
[27/07/2012 11:55:34] /t OwNeRz RigHt HaNd 
[27/07/2012 11:55:34] /t OwNeRz RigHt HaNd 
[27/07/2012 11:55:34] /t OwNeRz RigHt HaNd 
[27/07/2012 11:55:34] /t OwNeRz RigHt HaNd 
[27/07/2012 11:55:34] /t OwNeRz RigHt HaNd 
[27/07/2012 11:55:34] /t OwNeRz RigHt HaNd 
[27/07/2012 11:55:34] /t OwNeRz RigHt HaNd 
[27/07/2012 11:55:34] /t OwNeRz RigHt HaNd 
[27/07/2012 11:55:34] /t OwNeRz RigHt HaNd 
[27/07/2012 11:55:34] /t OwNeRz RigHt HaNd 
[27/07/2012 11:55:34] /t OwNeRz RigHt HaNd 
[27/07/2012 11:55:34] /t OwNeRz RigHt HaNd 
[27/07/2012 11:55:34] /t OwNeRz RigHt HaNd 
[27/07/2012 11:55:34] /t OwNeRz RigHt HaNd 
[27/07/2012 11:55:34] /t OwNeRz RigHt HaNd 
[27/07/2012 11:55:34] /t OwNeRz RigHt HaNd 
[27/07/2012 11:55:34] /t OwNeRz RigHt HaNd 
[27/07/2012 11:55:34] /t OwNeRz RigHt HaNd 
[27/07/2012 11:55:34] /t OwNeRz RigHt HaNd 
[27/07/2012 11:55:34] /t OwNeRz RigHt HaNd 
[27/07/2012 11:55:34] /t OwNeRz RigHt HaNd 
[27/07/2012 11:55:34] /t OwNeRz RigHt HaNd 
[27/07/2012 11:55:34] /t OwNeRz RigHt HaNd 
[27/07/2012 11:55:34] /t OwNeRz RigHt HaNd 
[27/07/2012 11:55:34] /t OwNeRz RigHt HaNd 
[27/07/2012 11:55:34] /t OwNeRz RigHt HaNd 
[27/07/2012 11:55:34] /t OwNeRz RigHt HaNd 
[27/07/2012 11:55:34] /t OwNeRz RigHt HaNd 
[27/07/2012 11:55:34] /t OwNeRz RigHt HaNd 
[27/07/2012 11:55:35] /t OwNeRz RigHt HaNd 
[27/07/2012 11:55:35] /t OwNeRz RigHt HaNd 
[27/07/2012 11:55:35] /t OwNeRz RigHt HaNd 
[27/07/2012 11:55:35] /t OwNeRz RigHt HaNd 
[27/07/2012 11:55:35] /t OwNeRz RigHt HaNd 
[27/07/2012 11:55:35] /t OwNeRz RigHt HaNd 
[27/07/2012 11:55:35] /t OwNeRz RigHt HaNd 
[27/07/2012 11:55:35] /t OwNeRz RigHt HaNd 
[27/07/2012 11:55:35] /t OwNeRz RigHt HaNd 
[27/07/2012 11:55:35] /t OwNeRz RigHt HaNd 
[27/07/2012 11:55:35] /t OwNeRz RigHt HaNd 
[27/07/2012 11:55:35] /t OwNeRz RigHt HaNd 
[27/07/2012 11:55:35] /t OwNeRz RigHt HaNd 
[27/07/2012 11:55:35] /t OwNeRz RigHt HaNd 
[27/07/2012 11:55:35] /t OwNeRz RigHt HaNd 
[27/07/2012 11:55:35] /t OwNeRz RigHt HaNd 
[27/07/2012 11:55:35] /t OwNeRz RigHt HaNd 
[27/07/2012 11:55:35] /t OwNeRz RigHt HaNd 
[27/07/2012 11:55:35] /t OwNeRz RigHt HaNd 
[27/07/2012 11:55:35] /t OwNeRz RigHt HaNd 
[27/07/2012 11:55:35] /t OwNeRz RigHt HaNd 
[27/07/2012 11:55:35] /t OwNeRz RigHt HaNd 
[27/07/2012 11:55:35] /t OwNeRz RigHt HaNd 
[27/07/2012 11:55:35] /t OwNeRz RigHt HaNd 
[27/07/2012 11:55:35] /t OwNeRz RigHt HaNd 
[27/07/2012 11:55:35] /t OwNeRz RigHt HaNd 
[27/07/2012 11:55:35] /t OwNeRz RigHt HaNd 
[27/07/2012 11:55:35] /t OwNeRz RigHt HaNd 
[27/07/2012 11:55:35] /t OwNeRz RigHt HaNd 
[27/07/2012 11:55:35] /t OwNeRz RigHt HaNd 
[27/07/2012 11:55:35] /t OwNeRz RigHt HaNd 
[27/07/2012 11:55:35] /t OwNeRz RigHt HaNd 
[27/07/2012 11:55:35] /t OwNeRz RigHt HaNd 
[27/07/2012 11:55:35] /t OwNeRz RigHt HaNd 
[27/07/2012 11:55:35] /t OwNeRz RigHt HaNd 
[27/07/2012 11:55:35] /t OwNeRz RigHt HaNd 
[27/07/2012 11:55:35] /t OwNeRz RigHt HaNd 
[27/07/2012 11:55:35] /t OwNeRz RigHt HaNd 
[27/07/2012 11:55:35] /t OwNeRz RigHt HaNd 
[27/07/2012 11:55:35] /t OwNeRz RigHt HaNd 
[27/07/2012 11:55:35] /t OwNeRz RigHt HaNd 
[27/07/2012 11:55:35] /t OwNeRz RigHt HaNd 
[27/07/2012 11:55:35] /t OwNeRz RigHt HaNd 
[27/07/2012 11:55:35] /t OwNeRz RigHt HaNd 
[27/07/2012 11:55:35] /t OwNeRz RigHt HaNd 
[27/07/2012 11:55:35] /t OwNeRz RigHt HaNd 
[27/07/2012 11:55:35] /t OwNeRz RigHt HaNd 
[27/07/2012 11:55:36] /t OwNeRz RigHt HaNd 
[27/07/2012 11:55:36] /t OwNeRz RigHt HaNd 
[27/07/2012 11:55:36] /t OwNeRz RigHt HaNd 
[27/07/2012 11:55:36] /t OwNeRz RigHt HaNd 
[27/07/2012 11:55:36] /t OwNeRz RigHt HaNd 
[27/07/2012 11:55:36] /t OwNeRz RigHt HaNd 
[27/07/2012 11:55:36] /t OwNeRz RigHt HaNd 
[27/07/2012 11:55:36] /t OwNeRz RigHt HaNd 
[27/07/2012 11:55:36] /t OwNeRz RigHt HaNd 
[27/07/2012 11:55:36] /t OwNeRz RigHt HaNd 
[27/07/2012 11:55:36] /t OwNeRz RigHt HaNd 
[27/07/2012 11:55:36] /t OwNeRz RigHt HaNd 
[27/07/2012 11:55:40] /t OwNeRz RigHt HaNd 
[27/07/2012 11:55:55] /t OwNeRz RigHt HaNd 
[27/07/2012 11:55:57] /t
[27/07/2012 11:56:00] /t OwNeRz RigHt HaNd 
[27/07/2012 11:56:16] /a 50,OwNeRz RigHt HaNd
[27/07/2012 11:56:19] /a 50,OwNeRz RigHt HaNd
[27/07/2012 11:56:58] /a 50,OwNeRz RigHt HaNd
[27/07/2012 11:57:01] /a 50,OwNeRz RigHt HaNd
[27/07/2012 11:57:07] /a 50,OwNeRz RigHt HaNd
[27/07/2012 11:57:23] /a 50,OwNeRz RigHt HaNd
[27/07/2012 11:57:24] /t
[27/07/2012 11:57:25] /t
[27/07/2012 11:57:29] /t OwNeRz RigHt HaNd 
[27/07/2012 11:57:31] /tpall
[27/07/2012 11:57:33] /t OwNeRz RigHt HaNd 
[27/07/2012 11:57:36] /a 50,OwNeRz RigHt HaNd
[27/07/2012 11:57:37] /a 50,OwNeRz RigHt HaNd
[27/07/2012 11:57:40] /t
[27/07/2012 11:57:42] /a 50,OwNeRz RigHt HaNd
[27/07/2012 11:57:47] /a 50,OwNeRz RigHt HaNd
[27/07/2012 11:57:49] /a 50,OwNeRz RigHt HaNd
[27/07/2012 11:57:51] /a 50,OwNeRz RigHt HaNd
[27/07/2012 11:57:53] /a 50,OwNeRz RigHt HaNd
[27/07/2012 11:58:01] /t jack daniels
[27/07/2012 11:58:10] /a 50,OwNeRz RigHt HaNd
[27/07/2012 11:58:13] /a 50,OwNeRz RigHt HaNd
[27/07/2012 11:58:23] /a 50,OwNeRz RigHt HaNd
[27/07/2012 11:58:51] /c jack daniels
[27/07/2012 11:58:57] /t jack daniels
[27/07/2012 11:59:01] /c jack daniels
[27/07/2012 11:59:05] /a 50,OwNeRz RigHt HaNd
[27/07/2012 11:59:07] /a 50,OwNeRz RigHt HaNd
[27/07/2012 11:59:21] /a 50,OwNeRz RigHt HaNd
[27/07/2012 11:59:24] /t
[27/07/2012 11:59:28] /t
[29/07/2012 18:25:24] /a 2
[29/07/2012 18:25:26] /a 2
[29/07/2012 18:25:44] /i exp scroll
[29/07/2012 18:25:47] /t
[29/07/2012 18:26:29] /i exp srcoll
[29/07/2012 18:26:36] /i exp scroll
[29/07/2012 18:27:36] /t
[29/07/2012 18:28:20] /clean
[29/07/2012 18:28:30] /clean
[29/07/2012 18:28:48] /a
[29/07/2012 18:29:30] /i 1967
[29/07/2012 18:30:24] /t
[29/07/2012 18:30:26] /t
