[27/07/2012 09:34:13] /i donation ring
[27/07/2012 09:35:07] /i 5785
[27/07/2012 09:35:13] /i vip
[27/07/2012 09:35:14] /i vip medal
[27/07/2012 09:35:17] /i vip 
[27/07/2012 09:35:31] /i vip scroll
[27/07/2012 09:46:33] /i 2112
[27/07/2012 10:04:14] /goto damon salvatore
[27/07/2012 11:06:24] /t
[27/07/2012 11:07:15] /attr action 9866
[27/07/2012 11:07:33] /attr action 9866
[27/07/2012 11:07:50] /attr group 6
[27/07/2012 11:07:52] /r
[27/07/2012 11:08:02] /attr action 0
[27/07/2012 11:08:07] /a 3
[27/07/2012 11:08:47] /name druiden keso,MoDeRaToR KeSo
[27/07/2012 11:09:08] /name Vekeexeja,MoDeRaToR KeSo
[27/07/2012 11:09:19] /name Vekexeja,MoDeRaToR KeSo
[27/07/2012 11:09:48] /n prestige npc
[27/07/2012 11:11:15] /goto prestige npx
[27/07/2012 11:11:16] /goto prestige npc
[27/07/2012 11:11:50] /n prestige npc
[27/07/2012 11:11:55] /c keso
[27/07/2012 11:14:34] /m
[27/07/2012 11:14:39] /m demon
[27/07/2012 11:14:53] /r
[27/07/2012 11:15:01] /m demon
[27/07/2012 11:15:17] /m archdruid
[27/07/2012 11:15:39] /r
[27/07/2012 11:15:42] /i donation mana ball
[27/07/2012 11:15:51] /goto zatacka
[27/07/2012 11:15:55] /c moderator keso
[27/07/2012 11:16:52] /c kesan
[27/07/2012 11:16:54] /c keso
[27/07/2012 11:18:14] /i 7708
[27/07/2012 11:20:47] /a 3
[27/07/2012 11:20:48] /a 3
[27/07/2012 11:20:49] /a 3
[27/07/2012 11:20:50] /a 3
[27/07/2012 11:20:50] /a 3
[27/07/2012 11:20:51] /a 3
[27/07/2012 11:21:00] /r
[27/07/2012 11:21:14] /i 2296
[27/07/2012 11:21:26] /addskill keso,magic,450
[27/07/2012 11:21:29] /addskill keso,magic,10
[27/07/2012 11:21:29] /addskill keso,magic,10
[27/07/2012 11:21:30] /addskill keso,magic,10
[27/07/2012 11:21:30] /addskill keso,magic,10
[27/07/2012 11:21:31] /addskill keso,magic,10
[27/07/2012 11:21:32] /c keso
[27/07/2012 11:21:34] /addskill keso,magic,10
[27/07/2012 11:21:34] /addskill keso,magic,10
[27/07/2012 11:21:34] /addskill keso,magic,10
[27/07/2012 11:21:34] /addskill keso,magic,10
[27/07/2012 11:21:49] /i exp scroll
[27/07/2012 11:22:06] /c admin
[27/07/2012 11:22:07] /c admin
[27/07/2012 11:22:08] /c admin
[27/07/2012 11:22:08] /c admin
[27/07/2012 11:22:11] /c zatacka
[27/07/2012 11:23:40] /goto keso
[27/07/2012 11:23:40] /goto keso
[27/07/2012 11:24:25] /c zatacka
[27/07/2012 11:25:54] /reload config
[27/07/2012 11:26:25] /goto jack daniels
[27/07/2012 11:26:30] /t keso
[27/07/2012 11:26:37] /c zatacka
[27/07/2012 11:27:33] /a 3
[27/07/2012 11:27:43] /t
[27/07/2012 11:27:48] /goto druiden keso
[27/07/2012 11:27:53] /goto keso
[27/07/2012 11:28:00] /goto keso
[27/07/2012 11:28:14] /t keso
[27/07/2012 11:28:46] /goto keso
[27/07/2012 11:28:48] /goto keso
[27/07/2012 11:28:54] /goto druiden keso
[27/07/2012 11:28:55] /goto druiden keso
[27/07/2012 11:28:56] /goto druiden keso
[27/07/2012 11:28:56] /goto druiden keso
[27/07/2012 11:28:59] /goto keso
[27/07/2012 11:29:03] /goto moderator keso
[27/07/2012 11:29:06] /t
[27/07/2012 11:29:25] /c zatacka
[27/07/2012 11:29:41] /goto jack daniels
[27/07/2012 11:29:44] /c zatacka
[27/07/2012 11:30:34] /newtype 319
[27/07/2012 11:38:18] /i 5785
[27/07/2012 11:38:27] /attr action 30000
[27/07/2012 11:38:44] /i 1387
[27/07/2012 11:38:49] /attr unique 30000
[27/07/2012 11:38:53] /t
[27/07/2012 11:40:00] /a 3
[27/07/2012 11:40:08] /attr unique 30000
[27/07/2012 11:40:09] /attr unique 30000
[27/07/2012 11:40:10] /attr unique 30000
[27/07/2012 11:40:14] /r
[27/07/2012 11:40:26] /c zatacka
[27/07/2012 11:40:49] /t
[27/07/2012 11:40:58] /t
[27/07/2012 11:41:11] /newtype 319
[27/07/2012 11:41:12] /t
[27/07/2012 11:41:52] /i donation wand
[27/07/2012 11:41:53] /i donation wand
[27/07/2012 11:41:54] /i donation rod
[27/07/2012 11:44:45] /ghost
[27/07/2012 11:44:47] /goto druiden keso
[27/07/2012 11:45:02] /m troll champion
[27/07/2012 11:45:02] /m troll champion
[27/07/2012 11:45:03] /m troll champion
[27/07/2012 11:45:03] /m troll champion
[27/07/2012 11:45:03] /m troll champion
[27/07/2012 11:45:03] /m troll champion
[27/07/2012 11:45:03] /m troll champion
[27/07/2012 11:45:03] /m troll champion
[27/07/2012 11:45:03] /m troll champion
[27/07/2012 11:45:04] /m troll champion
[27/07/2012 11:45:04] /m troll champion
[27/07/2012 11:45:04] /m troll champion
[27/07/2012 11:45:04] /m troll champion
[27/07/2012 11:45:04] /m troll champion
[27/07/2012 11:45:05] /m troll champion
[27/07/2012 11:45:05] /m troll champion
[27/07/2012 11:45:05] /m troll champion
[27/07/2012 11:45:06] /m troll champion
[27/07/2012 11:45:06] /m troll champion
[27/07/2012 11:45:06] /m troll champion
[27/07/2012 11:45:06] /m troll champion
[27/07/2012 11:45:06] /m troll champion
[27/07/2012 11:45:06] /m troll champion
[27/07/2012 11:45:07] /m troll champion
[27/07/2012 11:45:10] /m fire overlord
[27/07/2012 11:45:11] /a 43
[27/07/2012 11:45:12] /a 3
[27/07/2012 11:45:14] /m fire overlrod
[27/07/2012 11:45:15] /m fire overlrod
[27/07/2012 11:45:28] /ghost
[27/07/2012 11:45:58] /newtype 302
[27/07/2012 11:48:15] /mute moderator keso,1000
[27/07/2012 11:48:27] /mute moderator keso,100000000000000
[27/07/2012 11:50:03] /goto druiden keso
[27/07/2012 11:50:04] /goto druiden keso
[27/07/2012 11:50:04] /goto druiden keso
[27/07/2012 11:50:06] /goto keso
[27/07/2012 11:50:10] /goto moderator keso
[27/07/2012 11:50:36] /tpall
[27/07/2012 11:50:39] /tpall
[27/07/2012 11:50:39] /t
[27/07/2012 11:50:53] /t moderator keso
[27/07/2012 11:51:58] /ghost
[27/07/2012 11:51:59] /ghost
[27/07/2012 11:53:03] /attr action 9866
[27/07/2012 11:53:20] /attr action 0
[27/07/2012 11:53:30] /a 3
[27/07/2012 11:53:31] /a 3
[27/07/2012 11:53:32] /a 3
[27/07/2012 11:53:44] /attr set name "Donation UH"
[27/07/2012 11:53:54] /attr set name "Donation ManaHeal"
[27/07/2012 11:53:58] /t
[27/07/2012 11:54:01] /goto moderator keso
[27/07/2012 11:54:02] /goto moderator keso
[27/07/2012 11:54:03] /goto moderator keso
[27/07/2012 11:54:03] /goto moderator keso
[27/07/2012 11:54:03] /goto moderator keso
[27/07/2012 11:54:04] /goto moderator keso
[27/07/2012 11:54:04] /goto moderator keso
[27/07/2012 11:54:04] /goto moderator keso
[27/07/2012 11:54:04] /goto moderator keso
[27/07/2012 11:54:05] /goto moderator keso
[27/07/2012 11:54:05] /goto moderator keso
[27/07/2012 11:54:11] /a 3
[27/07/2012 11:54:12] /a 3
[27/07/2012 11:54:12] /a 3
[27/07/2012 11:54:14] /a 3
[27/07/2012 11:54:15] /a 3
[27/07/2012 11:54:16] /goto moderator keso
[27/07/2012 11:54:17] /goto moderator keso
[27/07/2012 11:54:21] /goto moderator keso
[27/07/2012 11:54:22] /goto moderator keso
[27/07/2012 11:54:22] /goto moderator keso
[27/07/2012 11:54:23] /goto moderator keso
[27/07/2012 11:54:23] /goto moderator keso
[27/07/2012 11:54:23] /goto moderator keso
[27/07/2012 11:54:24] /goto moderator keso
[27/07/2012 11:54:24] /goto moderator keso
[27/07/2012 11:54:25] /goto moderator keso
[27/07/2012 11:54:26] /goto moderator keso
[27/07/2012 11:54:26] /goto moderator keso
[27/07/2012 11:54:28] /up
[27/07/2012 11:54:30] /down
[27/07/2012 11:54:33] /a
[27/07/2012 11:54:42] /a
[27/07/2012 11:54:42] /a
[27/07/2012 11:54:42] /a
[27/07/2012 11:54:42] /a
[27/07/2012 11:54:42] /a
[27/07/2012 11:54:42] /a
[27/07/2012 11:54:42] /a
[27/07/2012 11:54:42] /a
[27/07/2012 11:54:42] /a
[27/07/2012 11:54:42] /a
[27/07/2012 11:54:42] /a
[27/07/2012 11:54:42] /a
[27/07/2012 11:54:42] /a
[27/07/2012 11:54:42] /a
[27/07/2012 11:54:42] /a
[27/07/2012 11:54:43] /a
[27/07/2012 11:54:43] /a
[27/07/2012 11:54:43] /a
[27/07/2012 11:54:43] /a
[27/07/2012 11:54:43] /a
[27/07/2012 11:54:44] /a
[27/07/2012 11:54:44] /a
[27/07/2012 11:54:44] /a
[27/07/2012 11:54:44] /a
[27/07/2012 11:54:44] /a
[27/07/2012 11:54:44] /a
[27/07/2012 11:54:44] /a
[27/07/2012 11:54:44] /a
[27/07/2012 11:54:44] /a
[27/07/2012 11:54:44] /a
[27/07/2012 11:54:44] /a
[27/07/2012 11:54:44] /a
[27/07/2012 11:54:44] /a
[27/07/2012 11:54:44] /a
[27/07/2012 11:54:44] /a
[27/07/2012 11:54:44] /a
[27/07/2012 11:54:45] /a
[27/07/2012 11:54:45] /a
[27/07/2012 11:54:45] /a
[27/07/2012 11:54:45] /a
[27/07/2012 11:54:45] /a
[27/07/2012 11:54:45] /a
[27/07/2012 11:54:45] /a
[27/07/2012 11:54:45] /a
[27/07/2012 11:54:45] /a
[27/07/2012 11:54:45] /a
[27/07/2012 11:54:45] /a
[27/07/2012 11:54:45] /a
[27/07/2012 11:54:45] /a
[27/07/2012 11:54:46] /a
[27/07/2012 11:54:46] /a
[27/07/2012 11:54:46] /a
[27/07/2012 11:54:46] /a
[27/07/2012 11:54:46] /a
[27/07/2012 11:54:46] /a
[27/07/2012 11:54:46] /a
[27/07/2012 11:54:46] /a
[27/07/2012 11:54:46] /a
[27/07/2012 11:54:46] /a
[27/07/2012 11:54:46] /a
[27/07/2012 11:54:46] /a
[27/07/2012 11:54:46] /a
[27/07/2012 11:54:46] /a
[27/07/2012 11:54:46] /a
[27/07/2012 11:54:46] /a
[27/07/2012 11:54:46] /a
[27/07/2012 11:54:46] /a
[27/07/2012 11:54:46] /a
[27/07/2012 11:54:46] /a
[27/07/2012 11:54:46] /a
[27/07/2012 11:54:46] /a
[27/07/2012 11:54:46] /a
[27/07/2012 11:54:46] /a
[27/07/2012 11:54:46] /a
[27/07/2012 11:54:46] /a
[27/07/2012 11:54:46] /a
[27/07/2012 11:54:46] /a
[27/07/2012 11:54:46] /a
[27/07/2012 11:54:46] /a
[27/07/2012 11:54:47] /a
[27/07/2012 11:54:47] /a
[27/07/2012 11:54:47] /a
[27/07/2012 11:54:47] /a
[27/07/2012 11:54:47] /a
[27/07/2012 11:54:47] /a
[27/07/2012 11:54:47] /a
[27/07/2012 11:54:47] /a
[27/07/2012 11:54:47] /a
[27/07/2012 11:54:47] /a
[27/07/2012 11:54:47] /a
[27/07/2012 11:54:47] /a
[27/07/2012 11:54:47] /a
[27/07/2012 11:54:47] /a
[27/07/2012 11:54:47] /a
[27/07/2012 11:54:47] /a
[27/07/2012 11:54:47] /a
[27/07/2012 11:54:47] /a
[27/07/2012 11:54:47] /a
[27/07/2012 11:54:47] /a
[27/07/2012 11:54:47] /a
[27/07/2012 11:54:47] /a
[27/07/2012 11:54:48] /a
[27/07/2012 11:54:48] /a
[27/07/2012 11:54:48] /a
[27/07/2012 11:54:48] /a
[27/07/2012 11:54:48] /a
[27/07/2012 11:54:48] /a
[27/07/2012 11:54:48] /a
[27/07/2012 11:54:48] /a
[27/07/2012 11:54:48] /a
[27/07/2012 11:54:48] /a
[27/07/2012 11:54:48] /a
[27/07/2012 11:54:48] /a
[27/07/2012 11:54:48] /a
[27/07/2012 11:54:48] /a
[27/07/2012 11:54:48] /a
[27/07/2012 11:54:48] /a
[27/07/2012 11:54:48] /a
[27/07/2012 11:54:48] /a
[27/07/2012 11:54:48] /a
[27/07/2012 11:54:48] /a
[27/07/2012 11:54:48] /a
[27/07/2012 11:54:48] /a
[27/07/2012 11:54:48] /a
[27/07/2012 11:54:48] /a
[27/07/2012 11:54:48] /a
[27/07/2012 11:54:48] /a
[27/07/2012 11:54:49] /a
[27/07/2012 11:54:49] /a
[27/07/2012 11:54:49] /a
[27/07/2012 11:54:49] /a
[27/07/2012 11:54:49] /a
[27/07/2012 11:54:49] /a
[27/07/2012 11:54:49] /a
[27/07/2012 11:54:49] /a
[27/07/2012 11:54:49] /a
[27/07/2012 11:54:49] /a
[27/07/2012 11:54:49] /a
[27/07/2012 11:54:49] /a
[27/07/2012 11:54:49] /a
[27/07/2012 11:54:49] /a
[27/07/2012 11:54:49] /a
[27/07/2012 11:54:49] /a
[27/07/2012 11:54:49] /a
[27/07/2012 11:54:49] /a
[27/07/2012 11:54:49] /a
[27/07/2012 11:54:49] /a
[27/07/2012 11:54:49] /a
[27/07/2012 11:54:49] /a
[27/07/2012 11:54:49] /a
[27/07/2012 11:54:49] /a
[27/07/2012 11:54:50] /a
[27/07/2012 11:54:50] /a
[27/07/2012 11:54:50] /a
[27/07/2012 11:54:50] /a
[27/07/2012 11:54:50] /a
[27/07/2012 11:54:50] /a
[27/07/2012 11:54:50] /a
[27/07/2012 11:54:50] /a
[27/07/2012 11:54:50] /a
[27/07/2012 11:54:50] /a
[27/07/2012 11:54:50] /a
[27/07/2012 11:54:50] /a
[27/07/2012 11:54:50] /a
[27/07/2012 11:54:50] /a
[27/07/2012 11:54:50] /a
[27/07/2012 11:54:50] /a
[27/07/2012 11:54:50] /a
[27/07/2012 11:54:50] /a
[27/07/2012 11:54:50] /a
[27/07/2012 11:54:50] /a
[27/07/2012 11:54:50] /a
[27/07/2012 11:54:50] /a
[27/07/2012 11:54:50] /a
[27/07/2012 11:54:50] /a
[27/07/2012 11:54:50] /a
[27/07/2012 11:54:51] /a
[27/07/2012 11:54:51] /a
[27/07/2012 11:54:51] /a
[27/07/2012 11:54:51] /a
[27/07/2012 11:54:51] /a
[27/07/2012 11:54:51] /a
[27/07/2012 11:54:51] /a
[27/07/2012 11:54:51] /a
[27/07/2012 11:54:51] /a
[27/07/2012 11:54:51] /a
[27/07/2012 11:54:51] /a
[27/07/2012 11:54:51] /a
[27/07/2012 11:54:51] /a
[27/07/2012 11:54:51] /a
[27/07/2012 11:54:51] /a
[27/07/2012 11:54:51] /a
[27/07/2012 11:54:51] /a
[27/07/2012 11:54:52] /a
[27/07/2012 11:54:52] /a
[27/07/2012 11:54:52] /a
[27/07/2012 11:54:52] /a
[27/07/2012 11:54:52] /a
[27/07/2012 11:54:52] /a
[27/07/2012 11:54:52] /a
[27/07/2012 11:54:52] /a
[27/07/2012 11:54:52] /a
[27/07/2012 11:54:52] /a
[27/07/2012 11:54:52] /a
[27/07/2012 11:54:52] /a
[27/07/2012 11:54:52] /a
[27/07/2012 11:54:52] /a
[27/07/2012 11:54:52] /a
[27/07/2012 11:54:52] /a
[27/07/2012 11:54:52] /a
[27/07/2012 11:54:52] /a
[27/07/2012 11:54:52] /a
[27/07/2012 11:54:52] /a
[27/07/2012 11:54:52] /a
[27/07/2012 11:54:52] /a
[27/07/2012 11:54:52] /a
[27/07/2012 11:54:52] /a
[27/07/2012 11:54:52] /a
[27/07/2012 11:54:52] /a
[27/07/2012 11:54:52] /a
[27/07/2012 11:54:52] /a
[27/07/2012 11:54:53] /a
[27/07/2012 11:54:53] /a
[27/07/2012 11:54:53] /a
[27/07/2012 11:54:53] /a
[27/07/2012 11:54:53] /a
[27/07/2012 11:54:53] /a
[27/07/2012 11:54:53] /a
[27/07/2012 11:54:53] /a
[27/07/2012 11:54:53] /a
[27/07/2012 11:54:53] /a
[27/07/2012 11:54:53] /a
[27/07/2012 11:54:53] /a
[27/07/2012 11:54:53] /a
[27/07/2012 11:54:53] /a
[27/07/2012 11:54:53] /a
[27/07/2012 11:54:53] /a
[27/07/2012 11:54:53] /a
[27/07/2012 11:54:53] /a
[27/07/2012 11:54:53] /a
[27/07/2012 11:54:53] /a
[27/07/2012 11:54:53] /a
[27/07/2012 11:54:53] /a
[27/07/2012 11:54:53] /a
[27/07/2012 11:54:53] /a
[27/07/2012 11:54:53] /a
[27/07/2012 11:54:53] /a
[27/07/2012 11:54:53] /a
[27/07/2012 11:54:53] /a
[27/07/2012 11:54:53] /a
[27/07/2012 11:54:53] /a
[27/07/2012 11:54:54] /a
[27/07/2012 11:54:54] /a
[27/07/2012 11:54:54] /a
[27/07/2012 11:54:54] /a
[27/07/2012 11:54:54] /a
[27/07/2012 11:54:54] /a
[27/07/2012 11:54:54] /a
[27/07/2012 11:54:54] /a
[27/07/2012 11:54:54] /a
[27/07/2012 11:54:54] /a
[27/07/2012 11:54:54] /a
[27/07/2012 11:54:54] /a
[27/07/2012 11:54:54] /a
[27/07/2012 11:54:54] /a
[27/07/2012 11:54:54] /a
[27/07/2012 11:54:54] /a
[27/07/2012 11:54:55] /a
[27/07/2012 11:54:55] /a
[27/07/2012 11:54:55] /a
[27/07/2012 11:54:55] /a
[27/07/2012 11:54:55] /a
[27/07/2012 11:54:55] /a
[27/07/2012 11:54:55] /a
[27/07/2012 11:54:55] /a
[27/07/2012 11:54:55] /a
[27/07/2012 11:54:55] /a
[27/07/2012 11:54:55] /a
[27/07/2012 11:54:55] /a
[27/07/2012 11:54:55] /a
[27/07/2012 11:54:55] /a
[27/07/2012 11:54:55] /a
[27/07/2012 11:54:55] /a
[27/07/2012 11:54:55] /a
[27/07/2012 11:54:55] /a
[27/07/2012 11:54:55] /a
[27/07/2012 11:54:55] /a
[27/07/2012 11:54:55] /a
[27/07/2012 11:54:55] /a
[27/07/2012 11:54:55] /a
[27/07/2012 11:54:55] /a
[27/07/2012 11:54:55] /a
[27/07/2012 11:54:55] /a
[27/07/2012 11:54:55] /a
[27/07/2012 11:54:55] /a
[27/07/2012 11:54:55] /a
[27/07/2012 11:54:55] /a
[27/07/2012 11:54:56] /a
[27/07/2012 11:54:56] /a
[27/07/2012 11:54:56] /a
[27/07/2012 11:54:56] /a
[27/07/2012 11:54:56] /a
[27/07/2012 11:54:56] /a
[27/07/2012 11:54:56] /a
[27/07/2012 11:54:56] /a
[27/07/2012 11:54:56] /a
[27/07/2012 11:54:56] /a
[27/07/2012 11:54:56] /a
[27/07/2012 11:54:56] /a
[27/07/2012 11:54:56] /a
[27/07/2012 11:54:56] /a
[27/07/2012 11:54:57] /a
[27/07/2012 11:54:57] /a
[27/07/2012 11:54:57] /a
[27/07/2012 11:54:57] /a
[27/07/2012 11:54:57] /a
[27/07/2012 11:54:57] /a
[27/07/2012 11:54:57] /a
[27/07/2012 11:54:57] /a
[27/07/2012 11:54:57] /a
[27/07/2012 11:54:57] /a
[27/07/2012 11:54:57] /a
[27/07/2012 11:54:57] /a
[27/07/2012 11:54:57] /a
[27/07/2012 11:54:57] /a
[27/07/2012 11:54:57] /a
[27/07/2012 11:54:57] /a
[27/07/2012 11:54:57] /a
[27/07/2012 11:54:57] /a
[27/07/2012 11:54:57] /a
[27/07/2012 11:54:57] /a
[27/07/2012 11:54:57] /a
[27/07/2012 11:54:57] /a
[27/07/2012 11:54:57] /a
[27/07/2012 11:54:57] /a
[27/07/2012 11:54:57] /a
[27/07/2012 11:54:57] /a
[27/07/2012 11:54:57] /a
[27/07/2012 11:54:57] /a
[27/07/2012 11:54:57] /a
[27/07/2012 11:54:57] /a
[27/07/2012 11:54:57] /a
[27/07/2012 11:54:58] /a
[27/07/2012 11:54:58] /a
[27/07/2012 11:54:58] /a
[27/07/2012 11:54:58] /a
[27/07/2012 11:54:58] /a
[27/07/2012 11:54:58] /a
[27/07/2012 11:54:58] /a
[27/07/2012 11:54:58] /a
[27/07/2012 11:54:58] /a
[27/07/2012 11:54:58] /a
[27/07/2012 11:54:58] /a
[27/07/2012 11:54:58] /a
[27/07/2012 11:54:58] /a
[27/07/2012 11:54:58] /a
[27/07/2012 11:54:58] /a
[27/07/2012 11:54:59] /a
[27/07/2012 11:54:59] /a
[27/07/2012 11:54:59] /a
[27/07/2012 11:54:59] /a
[27/07/2012 11:54:59] /a
[27/07/2012 11:54:59] /a
[27/07/2012 11:54:59] /a
[27/07/2012 11:54:59] /a
[27/07/2012 11:54:59] /a
[27/07/2012 11:54:59] /a
[27/07/2012 11:54:59] /a
[27/07/2012 11:54:59] /a
[27/07/2012 11:54:59] /a
[27/07/2012 11:54:59] /a
[27/07/2012 11:54:59] /a
[27/07/2012 11:54:59] /a
[27/07/2012 11:54:59] /a
[27/07/2012 11:54:59] /a
[27/07/2012 11:54:59] /a
[27/07/2012 11:54:59] /a
[27/07/2012 11:54:59] /a
[27/07/2012 11:54:59] /a
[27/07/2012 11:54:59] /a
[27/07/2012 11:54:59] /a
[27/07/2012 11:54:59] /a
[27/07/2012 11:54:59] /a
[27/07/2012 11:55:01] /a
[27/07/2012 11:55:01] /a
[27/07/2012 11:55:01] /a
[27/07/2012 11:55:01] /a
[27/07/2012 11:55:01] /a
[27/07/2012 11:55:01] /a
[27/07/2012 11:55:01] /a
[27/07/2012 11:55:02] /a
[27/07/2012 11:55:02] /a
[27/07/2012 11:55:02] /a
[27/07/2012 11:55:02] /a
[27/07/2012 11:55:02] /a
[27/07/2012 11:55:02] /a
[27/07/2012 11:55:02] /a
[27/07/2012 11:55:02] /a
[27/07/2012 11:55:02] /a
[27/07/2012 11:55:02] /a
[27/07/2012 11:55:02] /a
[27/07/2012 11:55:02] /a
[27/07/2012 11:55:02] /a
[27/07/2012 11:55:02] /a
[27/07/2012 11:55:02] /a
[27/07/2012 11:55:02] /a
[27/07/2012 11:55:02] /a
[27/07/2012 11:55:02] /a
[27/07/2012 11:55:03] /a
[27/07/2012 11:55:03] /a
[27/07/2012 11:55:03] /a
[27/07/2012 11:55:03] /a
[27/07/2012 11:55:03] /a
[27/07/2012 11:55:03] /a
[27/07/2012 11:55:03] /a
[27/07/2012 11:55:03] /a
[27/07/2012 11:55:04] /a
[27/07/2012 11:55:04] /a
[27/07/2012 11:55:04] /a
[27/07/2012 11:55:04] /a
[27/07/2012 11:55:04] /a
[27/07/2012 11:55:04] /a
[27/07/2012 11:55:04] /a
[27/07/2012 11:55:04] /a
[27/07/2012 11:55:04] /a
[27/07/2012 11:55:04] /a
[27/07/2012 11:55:04] /a
[27/07/2012 11:55:04] /a
[27/07/2012 11:55:04] /a
[27/07/2012 11:55:04] /a
[27/07/2012 11:55:04] /a
[27/07/2012 11:55:04] /a
[27/07/2012 11:55:04] /a
[27/07/2012 11:55:04] /a
[27/07/2012 11:55:04] /a
[27/07/2012 11:55:04] /a
[27/07/2012 11:55:04] /a
[27/07/2012 11:55:04] /a
[27/07/2012 11:55:04] /a
[27/07/2012 11:55:04] /a
[27/07/2012 11:55:04] /a
[27/07/2012 11:55:04] /a
[27/07/2012 11:55:04] /a
[27/07/2012 11:55:04] /a
[27/07/2012 11:55:04] /a
[27/07/2012 11:55:04] /a
[27/07/2012 11:55:05] /a
[27/07/2012 11:55:05] /a
[27/07/2012 11:55:05] /a
[27/07/2012 11:55:05] /a
[27/07/2012 11:55:05] /a
[27/07/2012 11:55:05] /a
[27/07/2012 11:55:05] /a
[27/07/2012 11:55:05] /a
[27/07/2012 11:55:05] /a
[27/07/2012 11:55:05] /a
[27/07/2012 11:55:05] /a
[27/07/2012 11:55:05] /a
[27/07/2012 11:55:05] /a
[27/07/2012 11:55:05] /a
[27/07/2012 11:55:05] /a
[27/07/2012 11:55:05] /a
[27/07/2012 11:55:05] /a
[27/07/2012 11:55:05] /a
[27/07/2012 11:55:05] /a
[27/07/2012 11:55:05] /a
[27/07/2012 11:55:05] /a
[27/07/2012 11:55:05] /a
[27/07/2012 11:55:05] /a
[27/07/2012 11:55:05] /a
[27/07/2012 11:55:05] /a
[27/07/2012 11:55:05] /a
[27/07/2012 11:55:05] /a
[27/07/2012 11:55:05] /a
[27/07/2012 11:55:05] /a
[27/07/2012 11:55:05] /a
[27/07/2012 11:55:05] /a
[27/07/2012 11:55:05] /a
[27/07/2012 11:55:06] /a
[27/07/2012 11:55:06] /a
[27/07/2012 11:55:06] /a
[27/07/2012 11:55:06] /a
[27/07/2012 11:55:06] /a
[27/07/2012 11:55:06] /a
[27/07/2012 11:55:06] /a
[27/07/2012 11:55:06] /a
[27/07/2012 11:55:06] /a
[27/07/2012 11:55:06] /a
[27/07/2012 11:55:06] /a
[27/07/2012 11:55:06] /a
[27/07/2012 11:55:06] /a
[27/07/2012 11:55:06] /a
[27/07/2012 11:55:06] /a
[27/07/2012 11:55:06] /a
[27/07/2012 11:55:06] /a
[27/07/2012 11:55:06] /a
[27/07/2012 11:55:06] /a
[27/07/2012 11:55:06] /a
[27/07/2012 11:55:06] /a
[27/07/2012 11:55:06] /a
[27/07/2012 11:55:06] /a
[27/07/2012 11:55:06] /a
[27/07/2012 11:55:06] /a
[27/07/2012 11:55:06] /a
[27/07/2012 11:55:06] /a
[27/07/2012 11:55:06] /a
[27/07/2012 11:55:06] /a
[27/07/2012 11:55:06] /a
[27/07/2012 11:55:07] /a
[27/07/2012 11:55:07] /a
[27/07/2012 11:55:07] /a
[27/07/2012 11:55:07] /a
[27/07/2012 11:55:07] /a
[27/07/2012 11:55:07] /a
[27/07/2012 11:55:07] /a
[27/07/2012 11:55:07] /a
[27/07/2012 11:55:07] /a
[27/07/2012 11:55:07] /a
[27/07/2012 11:55:07] /a
[27/07/2012 11:55:07] /a
[27/07/2012 11:55:07] /a
[27/07/2012 11:55:07] /a
[27/07/2012 11:55:07] /a
[27/07/2012 11:55:07] /a
[27/07/2012 11:55:07] /a
[27/07/2012 11:55:07] /a
[27/07/2012 11:55:07] /a
[27/07/2012 11:55:07] /a
[27/07/2012 11:55:07] /a
[27/07/2012 11:55:07] /a
[27/07/2012 11:55:07] /a
[27/07/2012 11:55:07] /a
[27/07/2012 11:55:07] /a
[27/07/2012 11:55:07] /a
[27/07/2012 11:55:07] /a
[27/07/2012 11:55:07] /a
[27/07/2012 11:55:07] /a
[27/07/2012 11:55:08] /a
[27/07/2012 11:55:08] /a
[27/07/2012 11:55:08] /a
[27/07/2012 11:55:08] /a
[27/07/2012 11:55:08] /a
[27/07/2012 11:55:08] /a
[27/07/2012 11:55:08] /a
[27/07/2012 11:55:08] /a
[27/07/2012 11:55:08] /a
[27/07/2012 11:55:08] /a
[27/07/2012 11:55:08] /a
[27/07/2012 11:55:08] /a
[27/07/2012 11:55:08] /a
[27/07/2012 11:55:08] /a
[27/07/2012 11:55:08] /a
[27/07/2012 11:55:08] /a
[27/07/2012 11:55:08] /a
[27/07/2012 11:55:08] /a
[27/07/2012 11:55:08] /a
[27/07/2012 11:55:08] /a
[27/07/2012 11:55:08] /a
[27/07/2012 11:55:08] /a
[27/07/2012 11:55:08] /a
[27/07/2012 11:55:08] /a
[27/07/2012 11:55:08] /a
[27/07/2012 11:55:08] /a
[27/07/2012 11:55:08] /a
[27/07/2012 11:55:08] /a
[27/07/2012 11:55:08] /a
[27/07/2012 11:55:08] /a
[27/07/2012 11:55:09] /a
[27/07/2012 11:55:09] /a
[27/07/2012 11:55:09] /a
[27/07/2012 11:55:09] /a
[27/07/2012 11:55:09] /a
[27/07/2012 11:55:09] /a
[27/07/2012 11:55:09] /a
[27/07/2012 11:55:09] /a
[27/07/2012 11:55:09] /a
[27/07/2012 11:55:09] /a
[27/07/2012 11:55:09] /a
[27/07/2012 11:55:09] /a
[27/07/2012 11:55:09] /a
[27/07/2012 11:55:09] /a
[27/07/2012 11:55:09] /a
[27/07/2012 11:55:09] /a
[27/07/2012 11:55:09] /a
[27/07/2012 11:55:09] /a
[27/07/2012 11:55:09] /a
[27/07/2012 11:55:09] /a
[27/07/2012 11:55:09] /a
[27/07/2012 11:55:09] /a
[27/07/2012 11:55:09] /a
[27/07/2012 11:55:09] /a
[27/07/2012 11:55:09] /a
[27/07/2012 11:55:09] /a
[27/07/2012 11:55:09] /a
[27/07/2012 11:55:09] /a
[27/07/2012 11:55:09] /a
[27/07/2012 11:55:09] /a
[27/07/2012 11:55:09] /a
[27/07/2012 11:55:09] /a
[27/07/2012 11:55:09] /a
[27/07/2012 11:55:10] /a
[27/07/2012 11:55:10] /a
[27/07/2012 11:55:10] /a
[27/07/2012 11:55:10] /a
[27/07/2012 11:55:10] /a
[27/07/2012 11:55:10] /a
[27/07/2012 11:55:10] /a
[27/07/2012 11:55:10] /a
[27/07/2012 11:55:10] /a
[27/07/2012 11:55:10] /a
[27/07/2012 11:55:10] /a
[27/07/2012 11:55:10] /a
[27/07/2012 11:55:10] /a
[27/07/2012 11:55:11] /a
[27/07/2012 11:55:12] /a
[27/07/2012 11:55:12] /a
[27/07/2012 11:55:12] /a
[27/07/2012 11:55:12] /a
[27/07/2012 11:55:12] /a
[27/07/2012 11:55:12] /a
[27/07/2012 11:55:12] /a
[27/07/2012 11:55:12] /a
[27/07/2012 11:55:12] /a
[27/07/2012 11:55:12] /a
[27/07/2012 11:55:12] /a
[27/07/2012 11:55:12] /a
[27/07/2012 11:55:12] /a
[27/07/2012 11:55:12] /a
[27/07/2012 11:55:12] /a
[27/07/2012 11:55:12] /a
[27/07/2012 11:55:12] /a
[27/07/2012 11:55:12] /a
[27/07/2012 11:55:12] /a
[27/07/2012 11:55:12] /a
[27/07/2012 11:55:12] /a
[27/07/2012 11:55:12] /a
[27/07/2012 11:55:12] /a
[27/07/2012 11:55:12] /a
[27/07/2012 11:55:12] /a
[27/07/2012 11:55:12] /a
[27/07/2012 11:55:13] /a
[27/07/2012 11:55:13] /a
[27/07/2012 11:55:13] /a
[27/07/2012 11:55:13] /a
[27/07/2012 11:55:13] /a
[27/07/2012 11:55:13] /a
[27/07/2012 11:55:13] /a
[27/07/2012 11:55:13] /a
[27/07/2012 11:55:13] /a
[27/07/2012 11:55:13] /a
[27/07/2012 11:55:13] /a
[27/07/2012 11:55:13] /a
[27/07/2012 11:55:13] /a
[27/07/2012 11:55:13] /a
[27/07/2012 11:55:13] /a
[27/07/2012 11:55:13] /a
[27/07/2012 11:55:13] /a
[27/07/2012 11:55:13] /a
[27/07/2012 11:55:13] /a
[27/07/2012 11:55:13] /a
[27/07/2012 11:55:13] /a
[27/07/2012 11:55:13] /a
[27/07/2012 11:55:13] /a
[27/07/2012 11:55:13] /a
[27/07/2012 11:55:13] /a
[27/07/2012 11:55:13] /a
[27/07/2012 11:55:13] /a
[27/07/2012 11:55:13] /a
[27/07/2012 11:55:13] /a
[27/07/2012 11:55:13] /a
[27/07/2012 11:55:14] /a
[27/07/2012 11:55:14] /a
[27/07/2012 11:55:14] /a
[27/07/2012 11:55:14] /a
[27/07/2012 11:55:14] /a
[27/07/2012 11:55:14] /a
[27/07/2012 11:55:14] /a
[27/07/2012 11:55:14] /a
[27/07/2012 11:55:14] /a
[27/07/2012 11:55:14] /a
[27/07/2012 11:55:14] /a
[27/07/2012 11:55:14] /a
[27/07/2012 11:55:14] /a
[27/07/2012 11:55:14] /a
[27/07/2012 11:55:14] /a
[27/07/2012 11:55:14] /a
[27/07/2012 11:55:14] /a
[27/07/2012 11:55:14] /a
[27/07/2012 11:55:14] /a
[27/07/2012 11:55:14] /a
[27/07/2012 11:55:14] /a
[27/07/2012 11:55:14] /a
[27/07/2012 11:55:14] /a
[27/07/2012 11:55:14] /a
[27/07/2012 11:55:14] /a
[27/07/2012 11:55:14] /a
[27/07/2012 11:55:14] /a
[27/07/2012 11:55:14] /a
[27/07/2012 11:55:14] /a
[27/07/2012 11:55:14] /a
[27/07/2012 11:55:15] /a
[27/07/2012 11:55:15] /a
[27/07/2012 11:55:15] /a
[27/07/2012 11:55:15] /a
[27/07/2012 11:55:15] /a
[27/07/2012 11:55:15] /a
[27/07/2012 11:55:15] /a
[27/07/2012 11:55:15] /a
[27/07/2012 11:55:15] /a
[27/07/2012 11:55:15] /a
[27/07/2012 11:55:15] /a
[27/07/2012 11:55:15] /a
[27/07/2012 11:55:15] /a
[27/07/2012 11:55:15] /a
[27/07/2012 11:55:15] /a
[27/07/2012 11:55:15] /a
[27/07/2012 11:55:15] /a
[27/07/2012 11:55:15] /a
[27/07/2012 11:55:15] /a
[27/07/2012 11:55:15] /a
[27/07/2012 11:55:15] /a
[27/07/2012 11:55:15] /a
[27/07/2012 11:55:15] /a
[27/07/2012 11:55:15] /a
[27/07/2012 11:55:15] /a
[27/07/2012 11:55:15] /a
[27/07/2012 11:55:15] /a
[27/07/2012 11:55:15] /a
[27/07/2012 11:55:15] /a
[27/07/2012 11:55:15] /a
[27/07/2012 11:55:16] /a
[27/07/2012 11:55:16] /a
[27/07/2012 11:55:16] /a
[27/07/2012 11:55:16] /a
[27/07/2012 11:55:16] /a
[27/07/2012 11:55:16] /a
[27/07/2012 11:55:16] /a
[27/07/2012 11:55:16] /a
[27/07/2012 11:55:16] /a
[27/07/2012 11:55:16] /a
[27/07/2012 11:55:16] /a
[27/07/2012 11:55:16] /a
[27/07/2012 11:55:16] /a
[27/07/2012 11:55:16] /a
[27/07/2012 11:55:16] /a
[27/07/2012 11:55:16] /a
[27/07/2012 11:55:16] /a
[27/07/2012 11:55:16] /a
[27/07/2012 11:55:16] /a
[27/07/2012 11:55:16] /a
[27/07/2012 11:55:16] /a
[27/07/2012 11:55:16] /a
[27/07/2012 11:55:16] /a
[27/07/2012 11:55:16] /a
[27/07/2012 11:55:16] /a
[27/07/2012 11:55:16] /a
[27/07/2012 11:55:16] /a
[27/07/2012 11:55:16] /a
[27/07/2012 11:55:16] /a
[27/07/2012 11:55:16] /a
[27/07/2012 11:55:16] /a
[27/07/2012 11:55:17] /a
[27/07/2012 11:55:17] /a
[27/07/2012 11:55:17] /a
[27/07/2012 11:55:17] /a
[27/07/2012 11:55:17] /a
[27/07/2012 11:55:17] /a
[27/07/2012 11:55:17] /a
[27/07/2012 11:55:17] /a
[27/07/2012 11:55:17] /a
[27/07/2012 11:55:17] /a
[27/07/2012 11:55:17] /a
[27/07/2012 11:55:17] /a
[27/07/2012 11:55:17] /a
[27/07/2012 11:55:17] /a
[27/07/2012 11:55:17] /a
[27/07/2012 11:55:17] /a
[27/07/2012 11:55:17] /a
[27/07/2012 11:55:17] /a
[27/07/2012 11:55:17] /a
[27/07/2012 11:55:17] /a
[27/07/2012 11:55:17] /a
[27/07/2012 11:55:17] /a
[27/07/2012 11:55:17] /a
[27/07/2012 11:55:17] /a
[27/07/2012 11:55:17] /a
[27/07/2012 11:55:17] /a
[27/07/2012 11:55:17] /a
[27/07/2012 11:55:17] /a
[27/07/2012 11:55:17] /a
[27/07/2012 11:55:17] /a
[27/07/2012 11:55:18] /a
[27/07/2012 11:55:18] /a
[27/07/2012 11:55:18] /a
[27/07/2012 11:55:18] /a
[27/07/2012 11:55:18] /a
[27/07/2012 11:55:18] /a
[27/07/2012 11:55:18] /a
[27/07/2012 11:55:18] /a
[27/07/2012 11:55:18] /a
[27/07/2012 11:55:18] /a
[27/07/2012 11:55:18] /a
[27/07/2012 11:55:18] /a
[27/07/2012 11:55:18] /a
[27/07/2012 11:55:18] /a
[27/07/2012 11:55:18] /a
[27/07/2012 11:55:18] /a
[27/07/2012 11:55:18] /a
[27/07/2012 11:55:18] /a
[27/07/2012 11:55:18] /a
[27/07/2012 11:55:18] /a
[27/07/2012 11:55:18] /a
[27/07/2012 11:55:18] /a
[27/07/2012 11:55:18] /a
[27/07/2012 11:55:18] /a
[27/07/2012 11:55:18] /a
[27/07/2012 11:55:18] /a
[27/07/2012 11:55:18] /a
[27/07/2012 11:55:18] /a
[27/07/2012 11:55:18] /a
[27/07/2012 11:55:18] /a
[27/07/2012 11:55:19] /a
[27/07/2012 11:55:19] /a
[27/07/2012 11:55:19] /a
[27/07/2012 11:55:19] /a
[27/07/2012 11:55:19] /a
[27/07/2012 11:55:19] /a
[27/07/2012 11:55:19] /a
[27/07/2012 11:55:19] /a
[27/07/2012 11:55:19] /a
[27/07/2012 11:55:19] /a
[27/07/2012 11:55:19] /a
[27/07/2012 11:55:19] /a
[27/07/2012 11:55:19] /a
[27/07/2012 11:55:19] /a
[27/07/2012 11:55:19] /a
[27/07/2012 11:55:19] /a
[27/07/2012 11:55:19] /a
[27/07/2012 11:55:19] /a
[27/07/2012 11:55:19] /a
[27/07/2012 11:55:19] /a
[27/07/2012 11:55:19] /a
[27/07/2012 11:55:19] /a
[27/07/2012 11:55:19] /a
[27/07/2012 11:55:19] /a
[27/07/2012 11:55:19] /a
[27/07/2012 11:55:20] /a
[27/07/2012 11:55:20] /a
[27/07/2012 11:55:20] /a
[27/07/2012 11:55:20] /a
[27/07/2012 11:55:20] /a
[27/07/2012 11:55:20] /a
[27/07/2012 11:55:20] /a
[27/07/2012 11:55:20] /a
[27/07/2012 11:55:20] /a
[27/07/2012 11:55:20] /a
[27/07/2012 11:55:20] /a
[27/07/2012 11:55:20] /a
[27/07/2012 11:55:20] /a
[27/07/2012 11:55:20] /a
[27/07/2012 11:55:20] /a
[27/07/2012 11:55:20] /a
[27/07/2012 11:55:20] /a
[27/07/2012 11:55:20] /a
[27/07/2012 11:55:20] /a
[27/07/2012 11:55:20] /a
[27/07/2012 11:55:20] /a
[27/07/2012 11:55:20] /a
[27/07/2012 11:55:20] /a
[27/07/2012 11:55:20] /a
[27/07/2012 11:55:21] /a
[27/07/2012 11:55:21] /a
[27/07/2012 11:55:21] /a
[27/07/2012 11:55:21] /a
[27/07/2012 11:55:21] /a
[27/07/2012 11:55:21] /a
[27/07/2012 11:55:21] /a
[27/07/2012 11:55:21] /a
[27/07/2012 11:55:21] /a
[27/07/2012 11:55:21] /a
[27/07/2012 11:55:21] /a
[27/07/2012 11:55:21] /a
[27/07/2012 11:55:21] /a
[27/07/2012 11:55:21] /a
[27/07/2012 11:55:21] /a
[27/07/2012 11:55:21] /a
[27/07/2012 11:55:21] /a
[27/07/2012 11:55:21] /a
[27/07/2012 11:55:21] /a
[27/07/2012 11:55:22] /a
[27/07/2012 11:55:22] /a
[27/07/2012 11:55:22] /a
[27/07/2012 11:55:22] /a
[27/07/2012 11:55:22] /a
[27/07/2012 11:55:22] /a
[27/07/2012 11:55:22] /a
[27/07/2012 11:55:22] /a
[27/07/2012 11:55:22] /a
[27/07/2012 11:55:22] /a
[27/07/2012 11:55:22] /a
[27/07/2012 11:55:22] /a
[27/07/2012 11:55:22] /a
[27/07/2012 11:55:22] /a
[27/07/2012 11:55:22] /a
[27/07/2012 11:55:22] /a
[27/07/2012 11:55:22] /a
[27/07/2012 11:55:22] /a
[27/07/2012 11:55:22] /a
[27/07/2012 11:55:22] /a
[27/07/2012 11:55:22] /a
[27/07/2012 11:55:22] /a
[27/07/2012 11:55:22] /a
[27/07/2012 11:55:22] /a
[27/07/2012 11:55:22] /a
[27/07/2012 11:55:22] /a
[27/07/2012 11:55:22] /a
[27/07/2012 11:55:22] /a
[27/07/2012 11:55:22] /a
[27/07/2012 11:55:22] /a
[27/07/2012 11:55:22] /a
[27/07/2012 11:55:22] /a
[27/07/2012 11:55:22] /a
[27/07/2012 11:55:22] /a
[27/07/2012 11:55:22] /a
[27/07/2012 11:55:22] /a
[27/07/2012 11:55:22] /a
[27/07/2012 11:55:23] /a
[27/07/2012 11:55:23] /a
[27/07/2012 11:55:23] /a
[27/07/2012 11:55:23] /a
[27/07/2012 11:55:23] /a
[27/07/2012 11:55:23] /a
[27/07/2012 11:55:23] /a
[27/07/2012 11:55:23] /a
[27/07/2012 11:55:23] /a
[27/07/2012 11:55:23] /a
[27/07/2012 11:55:23] /a
[27/07/2012 11:55:23] /a
[27/07/2012 11:55:23] /a
[27/07/2012 11:55:23] /a
[27/07/2012 11:55:23] /a
[27/07/2012 11:55:23] /a
[27/07/2012 11:55:23] /a
[27/07/2012 11:55:23] /a
[27/07/2012 11:55:23] /a
[27/07/2012 11:55:23] /a
[27/07/2012 11:55:23] /a
[27/07/2012 11:55:23] /a
[27/07/2012 11:55:23] /a
[27/07/2012 11:55:23] /a
[27/07/2012 11:55:23] /a
[27/07/2012 11:55:23] /a
[27/07/2012 11:55:23] /a
[27/07/2012 11:55:23] /a
[27/07/2012 11:55:23] /a
[27/07/2012 11:55:23] /a
[27/07/2012 11:55:23] /a
[27/07/2012 11:55:24] /a
[27/07/2012 11:55:24] /a
[27/07/2012 11:55:24] /a
[27/07/2012 11:55:24] /a
[27/07/2012 11:55:24] /a
[27/07/2012 11:55:24] /a
[27/07/2012 11:55:24] /a
[27/07/2012 11:55:24] /a
[27/07/2012 11:55:24] /a
[27/07/2012 11:55:24] /a
[27/07/2012 11:55:24] /a
[27/07/2012 11:55:24] /a
[27/07/2012 11:55:24] /a
[27/07/2012 11:55:24] /a
[27/07/2012 11:55:24] /a
[27/07/2012 11:55:24] /a
[27/07/2012 11:55:24] /a
[27/07/2012 11:55:24] /a
[27/07/2012 11:55:24] /a
[27/07/2012 11:55:24] /a
[27/07/2012 11:55:24] /a
[27/07/2012 11:55:24] /a
[27/07/2012 11:55:24] /a
[27/07/2012 11:55:24] /a
[27/07/2012 11:55:24] /a
[27/07/2012 11:55:24] /a
[27/07/2012 11:55:24] /a
[27/07/2012 11:55:24] /a
[27/07/2012 11:55:24] /a
[27/07/2012 11:55:24] /a
[27/07/2012 11:55:25] /a
[27/07/2012 11:55:25] /a
[27/07/2012 11:55:25] /a
[27/07/2012 11:55:25] /a
[27/07/2012 11:55:25] /a
[27/07/2012 11:55:25] /a
[27/07/2012 11:55:25] /a
[27/07/2012 11:55:25] /a
[27/07/2012 11:55:25] /a
[27/07/2012 11:55:25] /a
[27/07/2012 11:55:25] /a
[27/07/2012 11:55:26] /a
[27/07/2012 11:55:26] /a
[27/07/2012 11:55:28] /a
[27/07/2012 11:55:28] /a
[27/07/2012 11:55:28] /a
[27/07/2012 11:55:28] /a
[27/07/2012 11:55:28] /a
[27/07/2012 11:55:28] /a
[27/07/2012 11:55:28] /a
[27/07/2012 11:55:28] /a
[27/07/2012 11:55:28] /a
[27/07/2012 11:55:29] /a
[27/07/2012 11:55:29] /a
[27/07/2012 11:55:29] /a
[27/07/2012 11:55:29] /a
[27/07/2012 11:55:29] /a
[27/07/2012 11:55:29] /a
[27/07/2012 11:55:29] /a
[27/07/2012 11:55:29] /a
[27/07/2012 11:55:29] /a
[27/07/2012 11:55:29] /a
[27/07/2012 11:55:29] /a
[27/07/2012 11:55:29] /a
[27/07/2012 11:55:29] /a
[27/07/2012 11:55:29] /a
[27/07/2012 11:55:29] /a
[27/07/2012 11:55:29] /a
[27/07/2012 11:55:29] /a
[27/07/2012 11:55:29] /a
[27/07/2012 11:55:29] /a
[27/07/2012 11:55:30] /a
[27/07/2012 11:55:30] /a
[27/07/2012 11:55:30] /a
[27/07/2012 11:55:30] /a
[27/07/2012 11:55:30] /a
[27/07/2012 11:55:30] /a
[27/07/2012 11:55:30] /a
[27/07/2012 11:55:31] /a
[27/07/2012 11:55:31] /a
[27/07/2012 11:55:31] /a
[27/07/2012 11:55:31] /a
[27/07/2012 11:55:31] /a
[27/07/2012 11:55:31] /a
[27/07/2012 11:55:31] /a
[27/07/2012 11:55:31] /a
[27/07/2012 11:55:31] /a
[27/07/2012 11:55:31] /a
[27/07/2012 11:55:31] /a
[27/07/2012 11:55:31] /a
[27/07/2012 11:55:31] /a
[27/07/2012 11:55:32] /a
[27/07/2012 11:55:32] /a
[27/07/2012 11:55:32] /a
[27/07/2012 11:55:32] /a
[27/07/2012 11:55:32] /a
[27/07/2012 11:55:32] /a
[27/07/2012 11:55:32] /a
[27/07/2012 11:55:32] /a
[27/07/2012 11:55:32] /a
[27/07/2012 11:55:32] /a
[27/07/2012 11:55:32] /a
[27/07/2012 11:55:32] /a
[27/07/2012 11:55:32] /a
[27/07/2012 11:55:33] /a
[27/07/2012 11:55:33] /a
[27/07/2012 11:55:33] /a
[27/07/2012 11:55:33] /a
[27/07/2012 11:55:33] /a
[27/07/2012 11:55:33] /a
[27/07/2012 11:55:33] /a
[27/07/2012 11:55:33] /a
[27/07/2012 11:55:33] /a
[27/07/2012 11:55:33] /a
[27/07/2012 11:55:33] /a
[27/07/2012 11:55:50] /a 3,moderator keso
[27/07/2012 11:55:51] /a 3,moderator keso
[27/07/2012 11:55:51] /a 3,moderator keso
[27/07/2012 11:55:51] /a 3,moderator keso
[27/07/2012 11:55:52] /a 3,moderator keso
[27/07/2012 11:55:52] /a 3,moderator keso
[27/07/2012 11:56:00] /a 3,moderator keso,.
[27/07/2012 11:56:13] /newtype 5,moderator keso
[27/07/2012 11:56:18] /t
[27/07/2012 11:56:20] /t
[27/07/2012 11:56:25] /newtype 5,moderator keso
[27/07/2012 11:57:00] /t
[27/07/2012 11:57:02] /t
[27/07/2012 11:57:05] /newtype 12
[27/07/2012 11:57:09] /t
[27/07/2012 11:57:14] /a 90,moderator keso
[27/07/2012 11:57:21] /a 50,moderator keso
[27/07/2012 11:57:23] /a 50,moderator keso
[27/07/2012 11:57:24] /a 50,moderator keso
[27/07/2012 11:57:25] /a 50,moderator keso
[27/07/2012 11:57:25] /a 50,moderator keso
[27/07/2012 11:57:25] /a 50,moderator keso
[27/07/2012 11:57:26] /a 50,moderator keso
[27/07/2012 11:57:26] /a 50,moderator keso
[27/07/2012 11:57:27] /t
[27/07/2012 11:57:41] /t
[27/07/2012 11:57:43] /t
[27/07/2012 11:57:51] /t
[27/07/2012 11:57:52] /t
[27/07/2012 11:57:53] /t
[27/07/2012 11:57:53] /t
[27/07/2012 11:57:54] /t
[27/07/2012 11:58:01] /t jack daniel
[27/07/2012 11:58:01] /t jack daniels
[27/07/2012 11:58:15] /t
[27/07/2012 11:58:21] /goto jack daniels
[27/07/2012 11:58:22] /goto jack daniels
[27/07/2012 11:58:42] /i stone
[27/07/2012 11:58:54] /t moderator keso
[27/07/2012 11:58:55] /ghost
[27/07/2012 11:58:58] /t moderator keso
[27/07/2012 11:58:59] /t moderator keso
[27/07/2012 11:59:00] /t moderator keso
[27/07/2012 11:59:04] /t moderator keso
[27/07/2012 11:59:05] /t moderator keso
[27/07/2012 11:59:07] /t moderator keso
[27/07/2012 11:59:09] /t moderator keso
[27/07/2012 11:59:10] /t moderator keso
[27/07/2012 11:59:11] /t moderator keso
[27/07/2012 11:59:11] /t moderator keso
[27/07/2012 11:59:12] /t moderator keso
[27/07/2012 11:59:12] /t moderator keso
[27/07/2012 11:59:18] /a 50,moderator keso
[27/07/2012 11:59:20] /a 50,moderator keso
[27/07/2012 11:59:21] /a 50,moderator keso
[27/07/2012 11:59:22] /a 50,moderator keso
[27/07/2012 11:59:23] /a 50,moderator keso
[27/07/2012 11:59:24] /a 50,moderator keso
[27/07/2012 11:59:25] /a 50,moderator keso
[27/07/2012 11:59:29] /ghost
[28/07/2012 14:48:21] /a 
[28/07/2012 14:48:22] /a 3
[28/07/2012 14:48:29] /goto hoster
[28/07/2012 14:48:59] /name ownerz right hand,[ScripTeR] CheeZe
