[27/07/2012 13:55:28] /rename Zatacka, Hoster Zatacka
[27/07/2012 13:55:40] /ghost
[27/07/2012 13:57:06] /c jack daniels
[27/07/2012 13:57:34] /a 2
[27/07/2012 13:58:00] /i exp scroll
[27/07/2012 13:58:28] /a 3
[27/07/2012 13:58:47] /t
[27/07/2012 13:58:53] /c jack daniel
[27/07/2012 13:58:55] /ghost
[27/07/2012 13:58:59] /c jack ~
[27/07/2012 14:00:42] /t
[27/07/2012 14:00:55] /t
[27/07/2012 14:01:34] /down
[27/07/2012 14:01:43] /i 411
[27/07/2012 14:02:08] /a
[27/07/2012 14:02:11] /i stone
[27/07/2012 14:02:22] /t
[27/07/2012 14:02:33] /t
[27/07/2012 14:03:16] /goto hoster
[27/07/2012 14:03:47] /a
[27/07/2012 14:04:35] /b IF YOU INVTED 5 PLLS GOT TUTOR USING /a
[27/07/2012 14:04:39] /b FAST FAST
[27/07/2012 14:04:46] /r
[27/07/2012 14:04:49] /r
[27/07/2012 14:05:00] /i 6740
[27/07/2012 14:06:26] /i 1387
[27/07/2012 14:06:35] /attr pos 3000 3000 7
[27/07/2012 14:06:42] /t
[27/07/2012 14:06:47] /goto zatacka
[27/07/2012 14:07:51] /i exp scroll
[27/07/2012 14:10:31] /newtype 354
[27/07/2012 14:10:34] /newtype 355
[27/07/2012 14:11:33] /i freezerune
[27/07/2012 14:11:38] /i freeze rune
[27/07/2012 14:11:43] /i 2157
[27/07/2012 14:13:30] /t
[27/07/2012 14:14:09] /a
[27/07/2012 14:14:09] /a
[27/07/2012 14:14:28] /t jack daniels
[27/07/2012 14:14:50] /t
[27/07/2012 14:15:55] /c hoster
[27/07/2012 14:16:29] /i 6119
[27/07/2012 14:18:27] /goto jack dan~
[27/07/2012 14:20:01] /i donation uh
[27/07/2012 14:20:05] /t
[27/07/2012 14:20:14] /i 2296
[27/07/2012 14:20:18] /goto jack dan~
[27/07/2012 14:21:13] /t
[27/07/2012 14:22:16] /r 100
[27/07/2012 14:22:42] /a
[27/07/2012 14:22:46] /a 2
[27/07/2012 14:23:46] /t
[27/07/2012 14:23:48] /t hoster
[27/07/2012 14:27:50] /t
[27/07/2012 14:27:58] /promote marlboro
[27/07/2012 14:27:59] /r
[27/07/2012 14:28:09] /i 6119
[27/07/2012 14:28:26] /rename marlboro, TuT Marlo
[27/07/2012 14:31:59] /t
[27/07/2012 14:32:07] /t
[27/07/2012 14:32:11] /t
[27/07/2012 14:35:40] /t
[27/07/2012 14:36:00] /rename abdelrahman is gay, TuT Marlo
[27/07/2012 14:37:04] /i donation jar
[27/07/2012 14:37:40] /t
[27/07/2012 14:39:16] /promote tut marlo
[27/07/2012 14:39:17] /t
[27/07/2012 14:39:19] /r
[27/07/2012 14:39:48] /rename TuT marlo, CM Marlo
[27/07/2012 14:40:11] /newtype cm marlo 67
[27/07/2012 14:40:16] /newtype 67
[27/07/2012 14:40:20] /newtype 124
[27/07/2012 14:40:26] /newtype 3555
[27/07/2012 14:40:27] /newtype 355
[27/07/2012 14:40:30] /newtype 254
[27/07/2012 14:40:43] /newtype 255, CM marlo
[27/07/2012 14:40:45] /r
[27/07/2012 14:45:37] /b nono i dont need i was testing you man
[27/07/2012 14:47:30] /t
[27/07/2012 14:47:44] /attr action id 900
[27/07/2012 14:47:54] /attr actionid 900
[27/07/2012 14:48:31] /r
[27/07/2012 14:50:18] /t
[27/07/2012 14:50:36] /goto jack dan~
[27/07/2012 14:50:38] /goto jack dan~
[27/07/2012 14:50:39] /goto jack dan~
[27/07/2012 14:51:13] /ghost
[27/07/2012 14:51:46] /ghost
[27/07/2012 14:51:47] /b back :D
[27/07/2012 14:52:54] /i donation legs
[27/07/2012 14:53:17] /i donation helmet
[27/07/2012 14:56:33] /info moderator keso
[27/07/2012 14:56:40] /info moderator keso
[27/07/2012 14:56:43] /t
[27/07/2012 15:10:05] /i 2160
[27/07/2012 15:10:20] /i exp scroll
[27/07/2012 15:11:38] /goto pinda
[27/07/2012 15:12:27] /ghost
[27/07/2012 15:12:31] /goto razel
[27/07/2012 15:12:35] /t
[27/07/2012 15:13:44] /attr group 7
[27/07/2012 15:13:48] /attr group 1
[27/07/2012 15:13:52] /attr group 2
[27/07/2012 15:14:03] /rename tut rofera, TuT rofera
[27/07/2012 15:18:53] /t
[27/07/2012 15:19:02] /ghost
[27/07/2012 20:58:30] /b yo
[28/07/2012 12:26:23] /attr actionid 9966
[28/07/2012 12:33:13] /i 9004
[28/07/2012 12:34:22] /c hoster
[28/07/2012 12:38:24] /a
[28/07/2012 12:38:25] /up
[28/07/2012 12:38:28] /down
[28/07/2012 12:38:55] /i 2296
[28/07/2012 12:39:05] /goto hoster
[28/07/2012 12:39:40] /i mana ball
[28/07/2012 12:55:08] /goto hoster
[28/07/2012 13:14:02] /t
[28/07/2012 13:14:03] /up
[28/07/2012 13:17:07] /t
[28/07/2012 13:17:10] /up
[28/07/2012 13:18:36] /up
[28/07/2012 13:21:30] /a
[28/07/2012 13:22:48] /r
[28/07/2012 13:22:53] /a
[28/07/2012 13:22:54] /down
[28/07/2012 13:22:57] /a 3
[28/07/2012 13:23:04] /up
[28/07/2012 13:23:10] /i 9169
[28/07/2012 13:24:08] /r
[28/07/2012 13:24:14] /i 9169
[28/07/2012 13:24:28] /attr actionid 5788
[28/07/2012 13:24:56] /t
[28/07/2012 13:27:12] /up
[28/07/2012 13:27:24] /i 5785
[28/07/2012 13:40:56] /attr actionid 5788
[28/07/2012 13:41:02] /reload actions
[28/07/2012 13:41:06] /reload globalevents
[28/07/2012 13:42:59] /attr actionid 8799
[28/07/2012 13:43:06] /attr actionid 7899
[28/07/2012 13:43:13] /attr actionid 9987
[28/07/2012 13:43:19] /up
[28/07/2012 13:55:48] /c HOster
[28/07/2012 13:56:31] /b YEY
[28/07/2012 13:57:49] /up
[28/07/2012 13:57:56] /t
[28/07/2012 13:58:07] /c hoster
[28/07/2012 14:00:17] /promote Cm marlo
[28/07/2012 14:00:19] /r
[28/07/2012 14:00:25] /r
[28/07/2012 14:00:36] /i 5771
[28/07/2012 14:01:19] /reload globalevents
[28/07/2012 14:01:25] /reload globalevents
[28/07/2012 14:01:42] /reload globalevents
[28/07/2012 14:02:05] /reload actions
[28/07/2012 14:02:23] /attr actionid 900
[28/07/2012 14:08:32] /c HOSTEr
[28/07/2012 14:08:46] /a 3
[28/07/2012 14:08:50] /t
[28/07/2012 14:10:08] /i super uh
[28/07/2012 14:10:34] /attr actionid 9877
[28/07/2012 14:10:42] /b what is the actionid?
[28/07/2012 14:10:53] /b HMM?
[28/07/2012 14:11:50] /attr actionid 9866
[28/07/2012 14:13:28] /r
[28/07/2012 14:13:33] /i 7034
[28/07/2012 14:13:42] /attr actionid 9866
[28/07/2012 14:13:53] /r
[28/07/2012 14:14:04] /attr actionid 9866
[28/07/2012 14:21:30] /t
[28/07/2012 14:22:39] /i 6119
[28/07/2012 14:23:04] /t
[28/07/2012 14:23:30] /i 6119
[28/07/2012 14:26:23] /a
[28/07/2012 14:26:23] /a
[28/07/2012 14:26:23] /a
[28/07/2012 14:26:23] /a
[28/07/2012 14:26:23] /a
[28/07/2012 14:26:23] /a
[28/07/2012 14:26:23] /a
[28/07/2012 14:26:23] /a
[28/07/2012 14:26:23] /a
[28/07/2012 14:26:23] /a
[28/07/2012 14:26:23] /a
[28/07/2012 14:26:24] /a
[28/07/2012 14:26:24] /a
[28/07/2012 14:26:24] /a
[28/07/2012 14:26:24] /a
[28/07/2012 14:26:24] /a
[28/07/2012 14:26:24] /a
[28/07/2012 14:26:24] /a
[28/07/2012 14:26:24] /a
[28/07/2012 14:26:24] /a
[28/07/2012 14:26:24] /a
[28/07/2012 14:26:24] /a
[28/07/2012 14:26:24] /a
[28/07/2012 14:26:24] /a
[28/07/2012 14:26:24] /a
[28/07/2012 14:26:24] /a
[28/07/2012 14:26:24] /a
[28/07/2012 14:26:24] /a
[28/07/2012 14:26:24] /a
[28/07/2012 14:26:24] /a
[28/07/2012 14:26:24] /a
[28/07/2012 14:26:24] /a
[28/07/2012 14:26:24] /a
[28/07/2012 14:26:24] /a
[28/07/2012 14:26:24] /a
[28/07/2012 14:26:24] /a
[28/07/2012 14:26:24] /a
[28/07/2012 14:26:24] /a
[28/07/2012 14:26:24] /a
[28/07/2012 14:26:25] /a
[28/07/2012 14:26:25] /a
[28/07/2012 14:26:25] /a
[28/07/2012 14:26:25] /a
[28/07/2012 14:26:25] /a
[28/07/2012 14:26:25] /a
[28/07/2012 14:26:25] /a
[28/07/2012 14:26:25] /a
[28/07/2012 14:26:25] /a
[28/07/2012 14:26:25] /a
[28/07/2012 14:26:25] /a
[28/07/2012 14:26:25] /a
[28/07/2012 14:26:25] /a
[28/07/2012 14:26:25] /a
[28/07/2012 14:26:25] /a
[28/07/2012 14:26:25] /a
[28/07/2012 14:26:25] /a
[28/07/2012 14:26:25] /a
[28/07/2012 14:26:25] /a
[28/07/2012 14:26:25] /a
[28/07/2012 14:26:25] /a
[28/07/2012 14:26:25] /a
[28/07/2012 14:26:25] /a
[28/07/2012 14:26:25] /a
[28/07/2012 14:26:25] /a
[28/07/2012 14:26:25] /a
[28/07/2012 14:26:25] /a
[28/07/2012 14:26:25] /a
[28/07/2012 14:26:25] /a
[28/07/2012 14:26:25] /a
[28/07/2012 14:26:25] /a
[28/07/2012 14:26:25] /a
[28/07/2012 14:26:25] /a
[28/07/2012 14:26:26] /a
[28/07/2012 14:26:26] /a
[28/07/2012 14:26:26] /a
[28/07/2012 14:26:26] /a
[28/07/2012 14:26:26] /a
[28/07/2012 14:26:26] /a
[28/07/2012 14:26:26] /a
[28/07/2012 14:26:26] /a
[28/07/2012 14:26:26] /a
[28/07/2012 14:26:26] /a
[28/07/2012 14:26:26] /a
[28/07/2012 14:26:26] /a
[28/07/2012 14:26:26] /a
[28/07/2012 14:26:26] /a
[28/07/2012 14:28:03] /i 6119
[28/07/2012 14:28:23] /a 3
[28/07/2012 14:39:40] /t
[28/07/2012 14:39:44] /up 4
[28/07/2012 14:39:46] /up 3
[28/07/2012 14:39:47] /up 2
[28/07/2012 14:39:51] /c jack daniels
[28/07/2012 14:40:06] /r 100
[28/07/2012 14:40:07] /r 100
[28/07/2012 14:40:08] /r 100
[28/07/2012 14:40:10] /r 100
[28/07/2012 14:40:11] /r 100
[28/07/2012 14:40:47] /t Jack Daniels
[28/07/2012 14:40:48] /t
[28/07/2012 14:42:11] /i forever aol
[28/07/2012 14:42:23] /i skull amulet
[28/07/2012 14:42:26] /i forever amulet
[28/07/2012 14:43:01] /up 2
[28/07/2012 14:43:04] /c jack daniels
[28/07/2012 14:43:36] /m bitchy hydra
[28/07/2012 14:43:37] /m bitchy hydra
[28/07/2012 14:43:37] /m bitchy hydra
[28/07/2012 14:43:52] /r
[28/07/2012 14:43:53] /r
[28/07/2012 14:44:20] /c jack daniels
[28/07/2012 14:44:38] /attr set skull 2
[28/07/2012 14:44:44] /attr skull 2
[28/07/2012 14:44:46] /attr skull 2
[28/07/2012 14:44:48] /attr skull 2
[28/07/2012 14:44:49] /attr skull 3
[28/07/2012 14:44:51] /attr skull 5
[28/07/2012 14:45:08] /m bitchy hydra
[28/07/2012 14:45:09] /m bitchy hydra
[28/07/2012 14:45:09] /m bitchy hydra
[28/07/2012 14:45:10] /m bitchy hydra
[28/07/2012 14:45:10] /m bitchy hydra
[28/07/2012 14:45:10] /m bitchy hydra
[28/07/2012 14:45:12] /m bitchy hydra
[28/07/2012 14:45:12] /m bitchy hydra
[28/07/2012 14:45:45] /t
[28/07/2012 14:46:36] /b who cleaned the amp from 5 mins?
[28/07/2012 14:47:10] /i 11200
[28/07/2012 14:47:23] /i infinte manarune
[28/07/2012 14:47:46] /i 2307
[28/07/2012 14:47:57] /i 6391
[28/07/2012 14:48:05] /i pirate backpack
[28/07/2012 14:48:13] /i pirate shirt
[28/07/2012 14:48:17] /i pirate legs
[28/07/2012 14:48:27] /a 2
[28/07/2012 14:48:36] /i pirate boots
[28/07/2012 14:48:50] /i 5918
[28/07/2012 14:48:59] /i pirate hat
[28/07/2012 14:49:12] /a 2
[28/07/2012 14:49:20] /c  jack dan~
[28/07/2012 14:49:29] /i exp scrol
[28/07/2012 14:49:31] /i exp scroll
[28/07/2012 14:49:31] /i exp scroll
[28/07/2012 14:49:31] /i exp scroll
[28/07/2012 14:50:01] /i super star
[28/07/2012 14:51:18] /i 2264
[28/07/2012 14:51:18] /t
[28/07/2012 14:51:46] /goto [scripter] cheeze
[28/07/2012 14:53:59] /t
[28/07/2012 14:56:19] /b YOU CAN COLLECT CHRISTMAS COINS FROM MONSTER AND GIVE IT TO ME 100 FOR 2 POINTS
[28/07/2012 14:59:30] /up 2
[28/07/2012 14:59:32] /r
[28/07/2012 14:59:34] /r
[28/07/2012 14:59:36] /r
[28/07/2012 14:59:37] /r
[28/07/2012 14:59:41] /r
[28/07/2012 14:59:42] /r
[28/07/2012 14:59:45] /r
[28/07/2012 14:59:48] /r
[28/07/2012 14:59:50] /c hosteer
[28/07/2012 14:59:52] /c hoster
[28/07/2012 15:00:02] /i 1387
[28/07/2012 15:00:10] /attr position 3000 3000 7
[28/07/2012 15:01:41] /bc who is egyptian
[28/07/2012 15:02:36] /bc green, helloo
[28/07/2012 15:02:52] /bc green text, Hello
[28/07/2012 15:03:21] /bc green , NEED Help Say To CM Marlo
[28/07/2012 15:08:13] /ghost
[28/07/2012 15:08:14] /goto tota
[28/07/2012 15:08:25] /goto Tota
[28/07/2012 15:08:34] /goto razel
[28/07/2012 15:08:37] /goto razel
[28/07/2012 15:09:08] /m deadly panda
[28/07/2012 15:09:09] /m deadly panda
[28/07/2012 15:09:09] /m deadly panda
[28/07/2012 15:09:10] /m deadly panda
[28/07/2012 15:09:10] /m deadly panda
[28/07/2012 15:09:10] /m deadly panda
[28/07/2012 15:09:31] /c razel
[28/07/2012 15:10:00] /t
[28/07/2012 15:10:09] /c razel
[28/07/2012 15:12:02] /bc green Guys All Go Hunt at the first Rotworm till level 500 Then Demon till 1000 then orcha bell till 17k then deadly pandas till 150k and thentroll champion till 717217 thxx :)
[28/07/2012 15:12:06] /b okay
[28/07/2012 15:13:01] /t
[28/07/2012 15:13:41] /ghost
[28/07/2012 15:14:03] /b First on get 10 rebs be Tutor :D
[28/07/2012 15:14:27] /bc green First on get 10 rebs be Tutor :D
[28/07/2012 15:14:36] /bc blue First on get 10 rebs be Tutor :D
[28/07/2012 15:14:47] /town 3
[28/07/2012 15:14:53] /a 200
[28/07/2012 15:14:54] /a 20
[28/07/2012 15:14:54] /a 20
[28/07/2012 15:14:55] /a 20
[28/07/2012 15:14:55] /a 20
[28/07/2012 15:15:02] /i 407
[28/07/2012 15:15:05] /i 1387
[28/07/2012 15:15:06] /a
[28/07/2012 15:15:15] /attr set position 3000 3000 7
[28/07/2012 15:15:20] /attr position 3000 3000 7
[28/07/2012 15:15:26] /t
[28/07/2012 15:15:38] /bc green no one need TuTor?
[28/07/2012 15:17:28] /t
[28/07/2012 15:18:30] /b if you wanna buy rebirth scroll get you rebirth level for 10 points
[28/07/2012 15:19:38] /b the ot nice or bad?
[28/07/2012 15:20:18] /t tota
[28/07/2012 15:20:45] /a 23
[28/07/2012 15:20:47] /t
[28/07/2012 15:21:01] /a 2
[28/07/2012 15:21:38] /goto jack dan~
[28/07/2012 15:21:47] /goto jack dan~
[28/07/2012 15:25:05] /i 2312
[28/07/2012 15:25:23] /up
[28/07/2012 15:25:24] /up
[28/07/2012 15:26:58] /c jack dan~
[28/07/2012 15:27:09] /ghost
[28/07/2012 15:27:43] /t jack daniels
[28/07/2012 15:27:45] /t
[28/07/2012 15:27:47] /goto totda
[28/07/2012 15:27:48] /goto tota
[28/07/2012 15:27:53] /i 2272
[28/07/2012 15:28:21] /t
[28/07/2012 15:28:35] /c jack daniels
[28/07/2012 15:28:45] /c jack daniels
[28/07/2012 15:29:30] /addskill 
[28/07/2012 15:29:50] /addskill 100000 ,level, jackdaniels
[28/07/2012 15:29:53] /addskill 100000 ,level, jack daniels
[28/07/2012 15:30:07] /addskill 100000 ,level, jack daniels
[28/07/2012 15:30:30] /addskill jack daniels ,level, 100000
[28/07/2012 15:31:27] /addskill 10000 ,level, jack daniels
[28/07/2012 15:31:38] /addskill jack daniels ,level, 10000
[28/07/2012 15:32:17] /t
[28/07/2012 15:34:44] /a
[28/07/2012 15:34:45] /a
[28/07/2012 15:34:45] /a
[28/07/2012 15:34:48] /a
[28/07/2012 15:34:51] /a
[28/07/2012 15:34:52] /a
[28/07/2012 15:34:52] /a
[28/07/2012 15:34:53] /a
[28/07/2012 15:34:53] /a
[28/07/2012 15:34:53] /a
[28/07/2012 15:34:53] /a
[28/07/2012 15:34:53] /a
[28/07/2012 15:34:53] /a
[28/07/2012 15:34:53] /a
[28/07/2012 15:34:53] /a
[28/07/2012 15:34:53] /a
[28/07/2012 15:34:53] /a
[28/07/2012 15:34:53] /a
[28/07/2012 15:34:53] /a
[28/07/2012 15:34:53] /a
[28/07/2012 15:34:53] /a
[28/07/2012 15:34:53] /a
[28/07/2012 15:34:53] /a
[28/07/2012 15:34:53] /a
[28/07/2012 15:34:53] /a
[28/07/2012 15:34:53] /a
[28/07/2012 15:34:53] /a
[28/07/2012 15:34:53] /a
[28/07/2012 15:34:53] /a
[28/07/2012 15:34:53] /a
[28/07/2012 15:34:53] /a
[28/07/2012 15:34:53] /a
[28/07/2012 15:34:53] /a
[28/07/2012 15:34:53] /a
[28/07/2012 15:34:53] /a
[28/07/2012 15:34:53] /a
[28/07/2012 15:34:53] /a
[28/07/2012 15:34:53] /a
[28/07/2012 15:34:54] /a
[28/07/2012 15:34:54] /a
[28/07/2012 15:34:54] /a
[28/07/2012 15:34:54] /a
[28/07/2012 15:34:54] /a
[28/07/2012 15:34:54] /a
[28/07/2012 15:34:54] /a
[28/07/2012 15:34:54] /a
[28/07/2012 15:34:54] /a
[28/07/2012 15:34:54] /a
[28/07/2012 15:34:54] /a
[28/07/2012 15:34:54] /a
[28/07/2012 15:34:54] /a
[28/07/2012 15:34:54] /a
[28/07/2012 15:34:54] /a
[28/07/2012 15:34:54] /a
[28/07/2012 15:34:54] /a
[28/07/2012 15:34:54] /a
[28/07/2012 15:34:55] /a
[28/07/2012 15:34:55] /a
[28/07/2012 15:34:55] /a
[28/07/2012 15:34:55] /a
[28/07/2012 15:34:55] /a
[28/07/2012 15:34:55] /a
[28/07/2012 15:34:55] /a
[28/07/2012 15:34:55] /a
[28/07/2012 15:34:55] /a
[28/07/2012 15:34:55] /a
[28/07/2012 15:34:55] /a
[28/07/2012 15:34:55] /a
[28/07/2012 15:34:56] /a
[28/07/2012 15:34:56] /a
[28/07/2012 15:34:56] /a
[28/07/2012 15:34:56] /a
[28/07/2012 15:34:56] /a
[28/07/2012 15:34:56] /a
[28/07/2012 15:34:56] /a
[28/07/2012 15:34:56] /a
[28/07/2012 15:34:56] /a
[28/07/2012 15:34:56] /a
[28/07/2012 15:34:56] /a
[28/07/2012 15:34:56] /a
[28/07/2012 15:34:56] /a
[28/07/2012 15:34:56] /a
[28/07/2012 15:34:56] /a
[28/07/2012 15:34:56] /a
[28/07/2012 15:34:56] /a
[28/07/2012 15:34:56] /a
[28/07/2012 15:34:57] /a
[28/07/2012 15:34:57] /a
[28/07/2012 15:34:57] /a
[28/07/2012 15:34:57] /a
[28/07/2012 15:34:57] /a
[28/07/2012 15:34:57] /a
[28/07/2012 15:34:57] /a
[28/07/2012 15:34:57] /a
[28/07/2012 15:34:57] /a
[28/07/2012 15:34:57] /a
[28/07/2012 15:34:57] /a
[28/07/2012 15:34:57] /a
[28/07/2012 15:34:57] /a
[28/07/2012 15:34:57] /a
[28/07/2012 15:34:57] /a
[28/07/2012 15:34:57] /a
[28/07/2012 15:34:57] /a
[28/07/2012 15:34:57] /a
[28/07/2012 15:34:57] /a
[28/07/2012 15:34:57] /a
[28/07/2012 15:34:57] /a
[28/07/2012 15:34:57] /a
[28/07/2012 15:34:57] /a
[28/07/2012 15:34:57] /a
[28/07/2012 15:34:57] /a
[28/07/2012 15:34:57] /a
[28/07/2012 15:34:57] /a
[28/07/2012 15:34:57] /a
[28/07/2012 15:34:57] /a
[28/07/2012 15:34:57] /a
[28/07/2012 15:34:57] /a
[28/07/2012 15:34:57] /a
[28/07/2012 15:34:58] /a
[28/07/2012 15:34:58] /a
[28/07/2012 15:34:58] /a
[28/07/2012 15:34:58] /a
[28/07/2012 15:34:58] /a
[28/07/2012 15:34:58] /a
[28/07/2012 15:34:58] /a
[28/07/2012 15:34:58] /a
[28/07/2012 15:34:58] /a
[28/07/2012 15:34:58] /a
[28/07/2012 15:34:58] /a
[28/07/2012 15:34:58] /a
[28/07/2012 15:34:58] /a
[28/07/2012 15:34:58] /a
[28/07/2012 15:34:58] /a
[28/07/2012 15:34:58] /a
[28/07/2012 15:34:58] /a
[28/07/2012 15:34:58] /a
[28/07/2012 15:34:58] /a
[28/07/2012 15:34:58] /a
[28/07/2012 15:34:58] /a
[28/07/2012 15:34:58] /a
[28/07/2012 15:34:58] /a
[28/07/2012 15:34:58] /a
[28/07/2012 15:34:58] /a
[28/07/2012 15:34:59] /a
[28/07/2012 15:34:59] /a
[28/07/2012 15:34:59] /a
[28/07/2012 15:34:59] /a
[28/07/2012 15:34:59] /a
[28/07/2012 15:34:59] /a
[28/07/2012 15:34:59] /a
[28/07/2012 15:34:59] /a
[28/07/2012 15:34:59] /a
[28/07/2012 15:34:59] /a
[28/07/2012 15:34:59] /a
[28/07/2012 15:34:59] /a
[28/07/2012 15:34:59] /a
[28/07/2012 15:34:59] /a
[28/07/2012 15:34:59] /a
[28/07/2012 15:34:59] /a
[28/07/2012 15:34:59] /a
[28/07/2012 15:34:59] /a
[28/07/2012 15:34:59] /a
[28/07/2012 15:34:59] /a
[28/07/2012 15:34:59] /a
[28/07/2012 15:34:59] /a
[28/07/2012 15:34:59] /a
[28/07/2012 15:34:59] /a
[28/07/2012 15:34:59] /a
[28/07/2012 15:34:59] /a
[28/07/2012 15:34:59] /a
[28/07/2012 15:34:59] /a
[28/07/2012 15:34:59] /a
[28/07/2012 15:34:59] /a
[28/07/2012 15:34:59] /a
[28/07/2012 15:34:59] /a
[28/07/2012 15:35:00] /a
[28/07/2012 15:35:00] /a
[28/07/2012 15:35:00] /a
[28/07/2012 15:35:00] /a
[28/07/2012 15:35:00] /a
[28/07/2012 15:35:00] /a
[28/07/2012 15:35:00] /a
[28/07/2012 15:35:00] /a
[28/07/2012 15:35:00] /a
[28/07/2012 15:35:00] /a
[28/07/2012 15:35:00] /a
[28/07/2012 15:35:00] /a
[28/07/2012 15:35:00] /a
[28/07/2012 15:35:00] /a
[28/07/2012 15:35:00] /a
[28/07/2012 15:35:00] /a
[28/07/2012 15:35:00] /a
[28/07/2012 15:35:00] /a
[28/07/2012 15:35:00] /a
[28/07/2012 15:35:00] /a
[28/07/2012 15:35:00] /a
[28/07/2012 15:35:00] /a
[28/07/2012 15:35:00] /a
[28/07/2012 15:35:00] /a
[28/07/2012 15:35:00] /a
[28/07/2012 15:35:00] /a
[28/07/2012 15:35:00] /a
[28/07/2012 15:35:00] /a
[28/07/2012 15:35:00] /a
[28/07/2012 15:35:00] /a
[28/07/2012 15:35:00] /a
[28/07/2012 15:35:01] /a
[28/07/2012 15:35:01] /a
[28/07/2012 15:35:01] /a
[28/07/2012 15:35:01] /a
[28/07/2012 15:35:01] /a
[28/07/2012 15:35:01] /a
[28/07/2012 15:35:01] /a
[28/07/2012 15:35:01] /a
[28/07/2012 15:35:01] /a
[28/07/2012 15:35:01] /a
[28/07/2012 15:35:01] /a
[28/07/2012 15:35:01] /a
[28/07/2012 15:35:01] /a
[28/07/2012 15:35:01] /a
[28/07/2012 15:35:01] /a
[28/07/2012 15:35:01] /a
[28/07/2012 15:35:01] /a
[28/07/2012 15:35:01] /a
[28/07/2012 15:35:01] /a
[28/07/2012 15:35:01] /a
[28/07/2012 15:35:01] /a
[28/07/2012 15:35:01] /a
[28/07/2012 15:35:01] /a
[28/07/2012 15:35:01] /a
[28/07/2012 15:35:01] /a
[28/07/2012 15:35:01] /a
[28/07/2012 15:35:01] /a
[28/07/2012 15:35:01] /a
[28/07/2012 15:35:01] /a
[28/07/2012 15:35:01] /a
[28/07/2012 15:35:02] /a
[28/07/2012 15:35:02] /a
[28/07/2012 15:35:03] /a
[28/07/2012 15:35:04] /a
[28/07/2012 15:35:04] /a
[28/07/2012 15:35:04] /a
[28/07/2012 15:35:04] /a
[28/07/2012 15:35:04] /a
[28/07/2012 15:35:04] /a
[28/07/2012 15:35:04] /a
[28/07/2012 15:35:10] /a
[28/07/2012 15:35:11] /a
[28/07/2012 15:35:11] /a
[28/07/2012 15:35:11] /a
[28/07/2012 15:35:11] /a
[28/07/2012 15:35:11] /a
[28/07/2012 15:35:11] /a
[28/07/2012 15:35:11] /a
[28/07/2012 15:35:11] /a
[28/07/2012 15:35:11] /a
[28/07/2012 15:35:11] /a
[28/07/2012 15:35:11] /a
[28/07/2012 15:35:11] /a
[28/07/2012 15:35:11] /a
[28/07/2012 15:35:11] /a
[28/07/2012 15:35:11] /a
[28/07/2012 15:35:11] /a
[28/07/2012 15:35:11] /a
[28/07/2012 15:35:12] /a
[28/07/2012 15:35:12] /a
[28/07/2012 15:35:12] /a
[28/07/2012 15:35:12] /a
[28/07/2012 15:35:12] /a
[28/07/2012 15:35:12] /a
[28/07/2012 15:35:12] /a
[28/07/2012 15:35:12] /a
[28/07/2012 15:35:12] /a
[28/07/2012 15:35:12] /a
[28/07/2012 15:35:12] /a
[28/07/2012 15:35:12] /a
[28/07/2012 15:35:12] /a
[28/07/2012 15:35:12] /a
[28/07/2012 15:35:12] /a
[28/07/2012 15:35:13] /a
[28/07/2012 15:35:13] /a
[28/07/2012 15:35:13] /a
[28/07/2012 15:35:13] /a
[28/07/2012 15:35:13] /a
[28/07/2012 15:35:13] /a
[28/07/2012 15:35:13] /a
[28/07/2012 15:35:13] /a
[28/07/2012 15:35:13] /a
[28/07/2012 15:35:13] /a
[28/07/2012 15:35:13] /a
[28/07/2012 15:35:13] /a
[28/07/2012 15:35:16] /t
[28/07/2012 15:35:21] /t
[28/07/2012 15:35:38] /i 7390
[28/07/2012 15:35:46] /r
[28/07/2012 15:39:01] /up 2
[28/07/2012 15:39:03] /c razel
[28/07/2012 15:39:14] /i 11200
[28/07/2012 15:40:11] /t raz~
[28/07/2012 15:40:13] /t
[28/07/2012 15:54:10] /i donation backpack
[28/07/2012 15:55:43] /s
[28/07/2012 15:55:45] /a
[28/07/2012 15:56:03] /a 10
[28/07/2012 15:56:16] /c razel
[28/07/2012 15:57:01] /c razel
[28/07/2012 15:57:09] /t
[28/07/2012 15:57:21] /m troll champion
[28/07/2012 15:57:24] /c razel
[28/07/2012 15:57:38] /t
[28/07/2012 16:20:14] /a 3
[28/07/2012 16:26:17] /i donation spear
[28/07/2012 16:26:31] /i 6119
[28/07/2012 16:30:18] /goto razel
[28/07/2012 16:30:38] /t razel
[28/07/2012 16:30:40] /a 2
[28/07/2012 16:30:41] /t
[28/07/2012 16:30:46] /r
[28/07/2012 16:30:48] /r
[28/07/2012 16:33:16] /cliport
[28/07/2012 16:35:21] /a 2
[28/07/2012 16:35:31] /a 2
[28/07/2012 16:35:50] /goto cheeze
[28/07/2012 16:39:20] /t
[28/07/2012 16:41:44] /t
[28/07/2012 16:42:55] /t
[28/07/2012 16:43:16] /a 2
[28/07/2012 16:43:58] /t
[28/07/2012 16:44:09] /a
[28/07/2012 16:44:10] /a
[28/07/2012 16:44:10] /a
[28/07/2012 16:44:10] /a
[28/07/2012 16:44:10] /a
[28/07/2012 16:44:10] /a
[28/07/2012 16:44:10] /a
[28/07/2012 16:44:10] /a
[28/07/2012 16:44:10] /a
[28/07/2012 16:44:10] /a
[28/07/2012 16:44:10] /a
[28/07/2012 16:44:11] /a
[28/07/2012 16:44:11] /a
[28/07/2012 16:44:11] /a
[28/07/2012 16:44:11] /a
[28/07/2012 16:44:11] /a
[28/07/2012 16:44:11] /a
[28/07/2012 16:44:11] /a
[28/07/2012 16:44:11] /a
[28/07/2012 16:44:11] /a
[28/07/2012 16:44:11] /a
[28/07/2012 16:44:11] /a
[28/07/2012 16:44:11] /a
[28/07/2012 16:44:11] /a
[28/07/2012 16:44:11] /a
[28/07/2012 16:44:11] /a
[28/07/2012 16:44:11] /a
[28/07/2012 16:44:11] /a
[28/07/2012 16:44:11] /a
[28/07/2012 16:44:11] /a
[28/07/2012 16:44:11] /a
[28/07/2012 16:44:11] /a
[28/07/2012 16:44:11] /a
[28/07/2012 16:44:11] /a
[28/07/2012 16:44:11] /a
[28/07/2012 16:44:11] /a
[28/07/2012 16:44:11] /a
[28/07/2012 16:44:11] /a
[28/07/2012 16:44:11] /a
[28/07/2012 16:44:11] /a
[28/07/2012 16:44:11] /a
[28/07/2012 16:44:11] /a
[28/07/2012 16:44:11] /a
[28/07/2012 16:44:11] /a
[28/07/2012 16:44:12] /a
[28/07/2012 16:44:12] /a
[28/07/2012 16:44:12] /a
[28/07/2012 16:44:12] /a
[28/07/2012 16:44:12] /a
[28/07/2012 16:44:12] /a
[28/07/2012 16:44:12] /a
[28/07/2012 16:44:12] /a
[28/07/2012 16:44:12] /a
[28/07/2012 16:44:12] /a
[28/07/2012 16:44:12] /a
[28/07/2012 16:44:12] /a
[28/07/2012 16:44:12] /a
[28/07/2012 16:44:12] /a
[28/07/2012 16:44:12] /a
[28/07/2012 16:44:12] /a
[28/07/2012 16:44:12] /a
[28/07/2012 16:44:12] /a
[28/07/2012 16:44:12] /a
[28/07/2012 16:44:12] /a
[28/07/2012 16:44:12] /a
[28/07/2012 16:44:12] /a
[28/07/2012 16:44:12] /a
[28/07/2012 16:44:12] /a
[28/07/2012 16:44:12] /a
[28/07/2012 16:44:12] /a
[28/07/2012 16:44:12] /a
[28/07/2012 16:44:12] /a
[28/07/2012 16:47:42] /a
[28/07/2012 16:47:54] /i teddy bear
[28/07/2012 16:50:05] /i backpack
[28/07/2012 16:51:04] /goto razel
[28/07/2012 16:51:09] /a
[28/07/2012 16:52:13] /t
[28/07/2012 16:57:44] /b BAck
[28/07/2012 16:57:58] /b WHAT YOU DIIIIIIIIIIIIIIIDNT
[28/07/2012 16:58:16] /t
[28/07/2012 17:06:05] /i doantion sword
[28/07/2012 17:06:12] /i donation sword
[28/07/2012 17:06:25] /a
[28/07/2012 17:06:47] /i backpack of holding
[28/07/2012 17:07:00] /i 2307
[28/07/2012 17:07:05] /i 2160
[28/07/2012 17:07:58] /i 6119
[29/07/2012 14:13:32] /a 2
[29/07/2012 14:13:34] /a 2
[29/07/2012 14:14:43] /town 3
[29/07/2012 14:16:46] /goto zatacka
[29/07/2012 14:18:30] /a 2
[29/07/2012 14:19:25] /b WHY
[29/07/2012 14:19:30] /b SO I DEMOTE MY SELF THen
[29/07/2012 14:26:26] /b cm marlo come i will leave you admin to demote me
[29/07/2012 14:26:46] /t
[29/07/2012 14:38:40] /goto zatacka
[29/07/2012 14:38:42] /goto zatacka
[29/07/2012 14:38:44] /goto zatacka
[29/07/2012 14:38:45] /goto zatacka
[29/07/2012 14:38:47] /goto zatacka
[29/07/2012 14:38:57] /a
[29/07/2012 14:40:45] /a
[29/07/2012 14:41:06] /a
[29/07/2012 14:41:10] /i white marble
[29/07/2012 14:41:15] /i 407
[29/07/2012 14:42:11] /t
[29/07/2012 14:42:16] /t
[29/07/2012 14:42:18] /t
[29/07/2012 14:42:19] /t
[29/07/2012 14:42:34] /m training boy
[29/07/2012 14:42:43] /r
[29/07/2012 14:43:09] /clean
[29/07/2012 14:43:32] /goto jack daniels
[29/07/2012 14:49:02] /b Congratlathions to Jack Daniels he tooked 48 Points till now by christmas Coins :)
[29/07/2012 14:50:37] /b becuase jack Daniels Is Best Player In The OT In This Week We will Rewardf Him :)
[29/07/2012 14:51:16] /i 6119
[29/07/2012 14:53:29] /n prestige npc
[29/07/2012 14:54:22] /r
[29/07/2012 14:54:43] /clean
[29/07/2012 14:54:51] /t
[29/07/2012 14:55:31] /t
[29/07/2012 14:55:34] /goto jack daniels
[29/07/2012 14:55:46] /t
[29/07/2012 14:55:51] /c jack dan~
[29/07/2012 14:58:21] /goto zatacka
[29/07/2012 14:59:20] /t
[29/07/2012 14:59:27] /goto jack daniels
[29/07/2012 15:00:31] /t
[29/07/2012 15:00:40] /m bitchy hydra
[29/07/2012 15:00:41] /m bitchy hydra
[29/07/2012 15:00:41] /m bitchy hydra
[29/07/2012 15:00:41] /m bitchy hydra
[29/07/2012 15:01:01] /m werewlf
[29/07/2012 15:01:03] /m werewolf
[29/07/2012 15:01:05] /m werewolf
[29/07/2012 15:01:10] /m werewolf
[29/07/2012 15:01:17] /m devil lighter
[29/07/2012 15:01:39] /m devil lighter
[29/07/2012 15:01:42] /m devil lighter
[29/07/2012 15:07:18] /m troll champion
[29/07/2012 15:07:26] /r
[29/07/2012 15:08:33] /m bitchy hydra
[29/07/2012 15:08:39] /r
[29/07/2012 15:08:40] /t
[29/07/2012 15:08:43] /goto zatacka
[29/07/2012 15:08:50] /i 10137
[29/07/2012 15:09:24] /c zatack~
[29/07/2012 15:09:28] /a
[29/07/2012 15:09:37] /b ZATACKA COME TO ME
[29/07/2012 15:09:40] /c zatacka
[29/07/2012 15:09:50] /a 3
[29/07/2012 15:10:10] /r
[29/07/2012 15:10:13] /m troll champion
[29/07/2012 15:10:50] /m troll champion
[29/07/2012 15:11:18] /m training boy
[29/07/2012 15:11:29] /r
[29/07/2012 15:11:32] /m troll champion
[29/07/2012 15:11:45] /r
[29/07/2012 15:15:41] /attr
[29/07/2012 15:16:14] /c zatacka
[29/07/2012 15:16:39] /demote tut rofera
[29/07/2012 15:17:11] /attr group 2
[29/07/2012 15:17:34] /r
[29/07/2012 15:18:16] /t
[29/07/2012 15:18:21] /m devils lighter
[29/07/2012 15:18:22] /m devils lighter
[29/07/2012 15:18:23] /t
[29/07/2012 15:18:24] /t
[29/07/2012 15:18:27] /b HELP TEMPLE
[29/07/2012 15:18:34] /b MONSTER ARE AT TEMPLE HELP IT
[29/07/2012 15:18:41] /m devils lighter
[29/07/2012 15:18:42] /m devils lighter
[29/07/2012 15:19:08] /t
[29/07/2012 15:19:25] /clean
[29/07/2012 15:19:40] /m devils lighter
[29/07/2012 15:19:41] /m devils lighter
[29/07/2012 15:19:42] /m devils lighter
[29/07/2012 15:19:42] /m devils lighter
[29/07/2012 15:19:59] /attr set sex 2
[29/07/2012 15:20:00] /r
[29/07/2012 15:20:11] /attr sex 2
[29/07/2012 15:20:12] /r
[29/07/2012 15:20:52] /rename tut rofera, Rofera
[29/07/2012 15:21:00] /i enforced wand
[29/07/2012 15:21:26] /newtype 82, roferacarcoo
[29/07/2012 15:23:04] /a 2
[29/07/2012 15:23:14] /i 2284
[29/07/2012 15:23:16] /t
[29/07/2012 15:23:24] /m troll champion
[29/07/2012 15:24:30] /i 2284
[29/07/2012 15:24:35] /m troll champion
[29/07/2012 15:24:42] /r
[29/07/2012 15:24:43] /r
[29/07/2012 15:24:43] /r
[29/07/2012 15:24:44] /r
[29/07/2012 15:24:44] /r
[29/07/2012 15:25:44] /a 2
[29/07/2012 15:26:08] /a 4
[29/07/2012 15:26:09] /a 4
[29/07/2012 15:26:09] /a 4
[29/07/2012 15:26:09] /a 4
[29/07/2012 15:26:13] /i 407
[29/07/2012 15:26:16] /a
[29/07/2012 15:26:18] /i 407
[29/07/2012 15:26:21] /m troll champion
[29/07/2012 15:26:34] /r
[29/07/2012 15:26:37] /m bitchy hydta
[29/07/2012 15:26:37] /m bitchy hydra
[29/07/2012 15:27:20] /r
[29/07/2012 15:27:21] /a 2
[29/07/2012 15:27:22] /a 2
[29/07/2012 15:27:22] /a 2
[29/07/2012 15:27:22] /a 2
[29/07/2012 15:27:23] /a 2
[29/07/2012 15:27:23] /a 2
[29/07/2012 15:27:24] /a 2
[29/07/2012 15:29:21] /c zatacka
[29/07/2012 15:31:20] /i super uh
[29/07/2012 15:31:28] /goto roferacarcoo
[29/07/2012 15:32:07] /t
[29/07/2012 15:32:52] /addskill roferacarcoo ,level, 90000
[29/07/2012 15:33:05] /m troll champion
[29/07/2012 15:33:13] /c roferacarcoo
[29/07/2012 15:33:18] /r
[29/07/2012 15:33:18] /r
[29/07/2012 15:36:16] /b Any one Collected Christmas Coins?
[29/07/2012 15:36:18] /t
[29/07/2012 15:36:32] /i chritmas coins
[29/07/2012 15:36:44] /i Christmas coins
[29/07/2012 15:36:46] /i Christmas coin
[29/07/2012 15:36:49] /i Christmas coin
[29/07/2012 15:36:52] /a 100
[29/07/2012 15:36:55] /a 10
[29/07/2012 15:36:56] /a 10
[29/07/2012 15:36:56] /a 10
[29/07/2012 15:37:00] /m bitchy hydra
[29/07/2012 15:40:02] /goto cm marlo
[29/07/2012 15:40:14] /b its wrong
[29/07/2012 15:40:31] /b RAcing Event will start in 5 mins who wanna join?
[29/07/2012 15:40:36] /c roferacarcoo
[29/07/2012 15:40:46] /b need at least onther placer to join
[29/07/2012 15:40:56] /t
[29/07/2012 15:41:01] /t roferacarcoo
[29/07/2012 15:41:33] /goto jack daniels
[29/07/2012 15:42:50] /t
[29/07/2012 15:43:05] /c roferacarcoo
[29/07/2012 15:43:14] /t
[29/07/2012 15:44:20] /goto deadly panda
[29/07/2012 15:44:32] /goto roferacarcoo
[29/07/2012 15:45:05] /c roferacarcoo
[29/07/2012 15:45:09] /m deadly panda
[29/07/2012 15:45:10] /m deadly panda
[29/07/2012 15:45:10] /m deadly panda
[29/07/2012 15:45:10] /m deadly panda
[29/07/2012 15:45:11] /m deadly panda
[29/07/2012 15:45:11] /m deadly panda
[29/07/2012 15:45:11] /m deadly panda
[29/07/2012 15:45:12] /m deadly panda
[29/07/2012 15:45:12] /m deadly panda
[29/07/2012 15:45:12] /m deadly panda
[29/07/2012 15:45:13] /m deadly panda
[29/07/2012 15:45:13] /m deadly panda
[29/07/2012 15:45:13] /m deadly panda
[29/07/2012 15:45:14] /m deadly panda
[29/07/2012 15:45:14] /m deadly panda
[29/07/2012 15:45:14] /m deadly panda
[29/07/2012 15:45:15] /m deadly panda
[29/07/2012 15:45:15] /m deadly panda
[29/07/2012 15:45:15] /m deadly panda
[29/07/2012 15:45:16] /m deadly panda
[29/07/2012 15:45:16] /m deadly panda
[29/07/2012 15:45:16] /m deadly panda
[29/07/2012 15:45:17] /m deadly panda
[29/07/2012 15:45:17] /m deadly panda
[29/07/2012 15:45:17] /m deadly panda
[29/07/2012 15:45:18] /m deadly panda
[29/07/2012 15:45:18] /m deadly panda
[29/07/2012 15:45:18] /m deadly panda
[29/07/2012 15:45:19] /m deadly panda
[29/07/2012 15:45:19] /m deadly panda
[29/07/2012 15:45:19] /m deadly panda
[29/07/2012 15:45:20] /m deadly panda
[29/07/2012 15:45:20] /m deadly panda
[29/07/2012 15:45:20] /m deadly panda
[29/07/2012 15:45:21] /m deadly panda
[29/07/2012 15:45:21] /m deadly panda
[29/07/2012 15:45:21] /m deadly panda
[29/07/2012 15:45:22] /m deadly panda
[29/07/2012 15:45:22] /m deadly panda
[29/07/2012 15:45:23] /m deadly panda
[29/07/2012 15:45:25] /m deadly panda
[29/07/2012 15:45:25] /m deadly panda
[29/07/2012 15:45:26] /m deadly panda
[29/07/2012 15:45:26] /m deadly panda
[29/07/2012 15:45:26] /m deadly panda
[29/07/2012 15:45:27] /m deadly panda
[29/07/2012 15:45:27] /m deadly panda
[29/07/2012 15:45:27] /m deadly panda
[29/07/2012 15:45:28] /m deadly panda
[29/07/2012 15:45:28] /m deadly panda
[29/07/2012 15:45:28] /m deadly panda
[29/07/2012 15:45:29] /m deadly panda
[29/07/2012 15:45:29] /m deadly panda
[29/07/2012 15:45:30] /m deadly panda
[29/07/2012 15:45:30] /m deadly panda
[29/07/2012 15:45:30] /m deadly panda
[29/07/2012 15:45:31] /m deadly panda
[29/07/2012 15:45:31] /m deadly panda
[29/07/2012 15:45:31] /m deadly panda
[29/07/2012 15:45:32] /m deadly panda
[29/07/2012 15:45:32] /m deadly panda
[29/07/2012 15:45:33] /m deadly panda
[29/07/2012 15:45:33] /m deadly panda
[29/07/2012 15:45:33] /m deadly panda
[29/07/2012 15:45:34] /m deadly panda
[29/07/2012 15:45:34] /m deadly panda
[29/07/2012 15:45:34] /m deadly panda
[29/07/2012 15:45:35] /m deadly panda
[29/07/2012 15:45:35] /m deadly panda
[29/07/2012 15:45:36] /m deadly panda
[29/07/2012 15:45:36] /m deadly panda
[29/07/2012 15:45:37] /m deadly panda
[29/07/2012 15:45:37] /m deadly panda
[29/07/2012 15:45:38] /m deadly panda
[29/07/2012 15:45:38] /m deadly panda
[29/07/2012 15:45:38] /m deadly panda
[29/07/2012 15:45:39] /m deadly panda
[29/07/2012 15:45:39] /m deadly panda
[29/07/2012 15:45:40] /m deadly panda
[29/07/2012 15:45:40] /m deadly panda
[29/07/2012 15:45:41] /m deadly panda
[29/07/2012 15:45:41] /m deadly panda
[29/07/2012 15:45:41] /m deadly panda
[29/07/2012 15:45:42] /m deadly panda
[29/07/2012 15:45:42] /m deadly panda
[29/07/2012 15:45:43] /m deadly panda
[29/07/2012 15:45:43] /m deadly panda
[29/07/2012 15:45:44] /m deadly panda
[29/07/2012 15:45:44] /m deadly panda
[29/07/2012 15:45:45] /m deadly panda
[29/07/2012 15:45:45] /m deadly panda
[29/07/2012 15:45:46] /m deadly panda
[29/07/2012 15:45:46] /m deadly panda
[29/07/2012 15:45:47] /m deadly panda
[29/07/2012 15:45:47] /m deadly panda
[29/07/2012 15:45:47] /m deadly panda
[29/07/2012 15:45:48] /m deadly panda
[29/07/2012 15:45:48] /m deadly panda
[29/07/2012 15:45:49] /m deadly panda
[29/07/2012 15:45:49] /m deadly panda
[29/07/2012 15:45:50] /m deadly panda
[29/07/2012 15:45:50] /m deadly panda
[29/07/2012 15:45:51] /m deadly panda
[29/07/2012 15:45:51] /m deadly panda
[29/07/2012 15:45:52] /m deadly panda
[29/07/2012 15:45:52] /m deadly panda
[29/07/2012 15:45:53] /m deadly panda
[29/07/2012 15:45:53] /m deadly panda
[29/07/2012 15:45:54] /m deadly panda
[29/07/2012 15:45:54] /m deadly panda
[29/07/2012 15:45:54] /m deadly panda
[29/07/2012 15:45:55] /m deadly panda
[29/07/2012 15:45:55] /m deadly panda
[29/07/2012 15:45:56] /m deadly panda
[29/07/2012 15:45:56] /m deadly panda
[29/07/2012 15:45:57] /m deadly panda
[29/07/2012 15:45:57] /m deadly panda
[29/07/2012 15:45:58] /m deadly panda
[29/07/2012 15:45:59] /m deadly panda
[29/07/2012 15:45:59] /m deadly panda
[29/07/2012 15:46:00] /m deadly panda
[29/07/2012 15:46:00] /m deadly panda
[29/07/2012 15:46:01] /m deadly panda
[29/07/2012 15:46:01] /m deadly panda
[29/07/2012 15:46:01] /m deadly panda
[29/07/2012 15:46:02] /m deadly panda
[29/07/2012 15:46:03] /m deadly panda
[29/07/2012 15:46:03] /m deadly panda
[29/07/2012 15:46:03] /m deadly panda
[29/07/2012 15:46:04] /m deadly panda
[29/07/2012 15:46:04] /m deadly panda
[29/07/2012 15:46:05] /m deadly panda
[29/07/2012 15:46:05] /m deadly panda
[29/07/2012 15:46:06] /m deadly panda
[29/07/2012 15:46:08] /m deadly panda
[29/07/2012 15:46:51] /m deadly panda
[29/07/2012 15:46:52] /m deadly panda
[29/07/2012 15:46:52] /m deadly panda
[29/07/2012 15:47:52] /t
[29/07/2012 15:48:14] /c roferacarcoo
[29/07/2012 15:48:34] /t
[29/07/2012 15:48:34] /t
[29/07/2012 15:48:35] /t
[29/07/2012 15:48:36] /t
[29/07/2012 15:48:37] /t
[29/07/2012 15:48:38] /t
[29/07/2012 15:48:39] /t
[29/07/2012 15:48:39] /t
[29/07/2012 15:48:39] /t
[29/07/2012 15:48:39] /t
[29/07/2012 15:48:39] /t
[29/07/2012 15:48:40] /t
[29/07/2012 15:48:40] /t
[29/07/2012 15:48:41] /t
[29/07/2012 15:48:41] /t
[29/07/2012 15:50:08] /a 1, roferacarcoo
[29/07/2012 15:50:08] /a 1, roferacarcoo
[29/07/2012 15:50:10] /a 1, roferacarcoo
[29/07/2012 15:50:10] /a 1, roferacarcoo
[29/07/2012 15:51:11] /i terra sheild
[29/07/2012 15:51:21] /i super shield
[29/07/2012 15:51:37] /i co-super shield
[29/07/2012 15:53:11] /c roferacarcoo
[29/07/2012 15:54:02] /t
[29/07/2012 15:54:10] /c roferacarcoo
[29/07/2012 15:56:53] /goto roferacarcoo
[29/07/2012 15:57:47] /t
[29/07/2012 16:00:01] /c roferacarcoo
[29/07/2012 16:02:04] /goto bodycarccoo
[29/07/2012 16:03:56] /addskill bodycarcoo ,magic, 15
[29/07/2012 16:03:57] /addskill bodycarcoo ,magic, 15
[29/07/2012 16:03:58] /addskill bodycarcoo ,magic, 15
[29/07/2012 16:03:58] /addskill bodycarcoo ,magic, 15
[29/07/2012 16:03:59] /addskill bodycarcoo ,magic, 15
[29/07/2012 16:04:00] /addskill bodycarcoo ,magic, 1
[29/07/2012 16:04:01] /addskill bodycarcoo ,magic, 1
[29/07/2012 16:04:02] /addskill bodycarcoo ,magic, 1
[29/07/2012 16:04:02] /addskill bodycarcoo ,magic, 1
[29/07/2012 16:04:03] /addskill bodycarcoo ,magic, 1
[29/07/2012 16:06:54] /t
[29/07/2012 16:11:48] /m training boy
[29/07/2012 16:12:09] /r
[29/07/2012 16:12:19] /i backpack
[29/07/2012 16:12:22] /i 6119
[29/07/2012 16:12:22] /i 6119
[29/07/2012 16:12:22] /i 6119
[29/07/2012 16:12:22] /i 6119
[29/07/2012 16:12:24] /i 6119
[29/07/2012 16:12:24] /i 6119
[29/07/2012 16:12:33] /i 6119
[29/07/2012 16:12:34] /i 6119
[29/07/2012 16:12:34] /i 6119
[29/07/2012 16:12:35] /i 6119
[29/07/2012 16:45:53] /t
[29/07/2012 16:46:16] /r
[29/07/2012 16:46:28] /m training boy
[29/07/2012 16:47:31] /r 25
[29/07/2012 16:48:24] /i donation sword
[29/07/2012 16:49:26] /r
[29/07/2012 16:50:27] /goto der~
[29/07/2012 16:50:51] /c der
[29/07/2012 16:58:08] /t
[29/07/2012 17:00:16] /t
[29/07/2012 17:00:25] /t
[29/07/2012 17:03:17] /i 5771
[29/07/2012 17:06:45] /t
[29/07/2012 17:07:01] /goto [s~
[29/07/2012 17:07:04] /goto [s~
[29/07/2012 17:07:06] /goto [s~
[29/07/2012 17:07:09] /goto [s~
[29/07/2012 17:07:10] /goto [s~
[29/07/2012 17:09:18] /t
[29/07/2012 17:28:32] /a 2
[29/07/2012 17:31:33] /i 6119
[29/07/2012 17:31:52] /n prestige npc
[29/07/2012 17:31:59] /r
[29/07/2012 17:32:00] /r
[29/07/2012 17:32:43] /i 6119
[29/07/2012 17:33:07] /a 2
[29/07/2012 17:35:41] /a 2
[29/07/2012 17:36:02] /i 7735
[29/07/2012 17:36:33] /i 6119
[29/07/2012 17:39:13] /a 2
[29/07/2012 17:39:57] /t
[29/07/2012 17:45:12] /reload spells
[29/07/2012 17:47:27] /b BRB
[29/07/2012 18:06:49] /b WHO IS KICKING ME OR ENTERING MY ACC
[29/07/2012 18:07:38] /goto zatacka
[29/07/2012 18:07:47] /t
[29/07/2012 18:07:54] /a 3
[29/07/2012 18:07:59] /a 3
[29/07/2012 18:10:27] /b no reward :(
[29/07/2012 18:10:52] /c ZATACKA
[29/07/2012 18:11:41] /c zatacka
[29/07/2012 18:12:26] /i stone
[29/07/2012 18:12:26] /i stone
[29/07/2012 18:12:27] /i stone
[29/07/2012 18:12:32] /i stone
[29/07/2012 18:12:32] /i stone
[29/07/2012 18:12:33] /i stone
[29/07/2012 18:12:36] /a 4
[29/07/2012 18:12:36] /a 4
[29/07/2012 18:14:35] /t
[29/07/2012 18:14:58] /t
[29/07/2012 18:15:08] /b Bye guys i will go
[29/07/2012 19:10:11] /goto zatacka
[29/07/2012 19:11:16] /attr set uniqueid 2160
[29/07/2012 19:11:19] /r
[29/07/2012 19:11:41] /attr set uniqueid 2160
[29/07/2012 19:14:33] /t
[29/07/2012 19:16:02] /t bonfire
[29/07/2012 19:16:41] /a 10
[29/07/2012 19:16:41] /a 10
[29/07/2012 19:16:41] /a 10
[29/07/2012 19:16:42] /a 10
[29/07/2012 19:17:00] /ghost
[29/07/2012 19:17:15] /b WHO IS EGYPTIAN?
[29/07/2012 19:17:16] /t
[29/07/2012 19:17:51] /t
[29/07/2012 19:18:09] /goto moha`
[29/07/2012 19:18:11] /goto moha~
[29/07/2012 19:21:17] /c banksia
[29/07/2012 19:21:24] /ghost
[29/07/2012 19:22:13] /r
[29/07/2012 19:22:15] /r
[29/07/2012 19:25:42] /ghost
[29/07/2012 19:27:49] /t
[29/07/2012 19:28:02] /goto zatacka
[29/07/2012 19:30:11] /goto gm li~
[29/07/2012 19:30:16] /goto gm li~
[29/07/2012 19:30:36] /b its empty
[29/07/2012 19:30:58] /a 10
[29/07/2012 19:30:58] /a 10
[29/07/2012 19:31:14] /a 100
[29/07/2012 19:31:18] /a 50
[29/07/2012 19:31:19] /a 50
[29/07/2012 19:31:22] /a 10
[29/07/2012 19:31:23] /a 10
[29/07/2012 19:31:23] /a 10
[29/07/2012 19:31:24] /a 10
[29/07/2012 19:31:25] /t
[29/07/2012 19:31:28] /t
[29/07/2012 19:32:10] /a
[29/07/2012 19:32:19] /attr actionid 555
[29/07/2012 19:32:19] /attr actionid 5555
[29/07/2012 19:32:21] /attr actionid 5555
[29/07/2012 19:32:23] /attr actionid 5555
[29/07/2012 19:32:24] /attr actionid 5555
[29/07/2012 19:32:26] /attr actionid 5555
[29/07/2012 19:32:56] /goto zatacka
[29/07/2012 19:33:41] /b bye iwill got the match
[29/07/2012 19:33:57] /goto zatacka
