[10/08/2012 00:28:32] /i poem scroll
[10/08/2012 00:28:53] /i 12427
[10/08/2012 00:29:03] /i 5956
[10/08/2012 00:29:26] /i 8300
[10/08/2012 00:31:03] /r
[10/08/2012 00:31:07] /r
[10/08/2012 00:31:12] /r
[10/08/2012 00:31:16] /r 99
[10/08/2012 00:40:31] /i vip
[10/08/2012 00:40:38] /i vip medal
[10/08/2012 00:45:34] /attr prestige "500
[10/08/2012 01:28:26] /attr prestige "500
[10/08/2012 01:28:41] /attr rebirth 
[10/08/2012 01:28:52] /attr prestige
[10/08/2012 01:28:56] /attr prestige ,2
[10/08/2012 01:29:03] /attr prestige "100
[10/08/2012 01:29:40] /attr zeus ,prestige,50
[10/08/2012 01:31:05] /attr zeus ,levels,10000
[10/08/2012 01:36:22] /addskill zeus ,levels,717200
[10/08/2012 01:36:26] /addskill zeus ,levels,717200
[10/08/2012 01:36:29] /addskill zeus ,levels,717200
[10/08/2012 01:36:36] /addskill zeus ,levels,71726464
[10/08/2012 01:36:50] /addskill zeus ,levels,717264644242424
[10/08/2012 01:36:54] /addskill zeus ,levels,717264644242424
[10/08/2012 01:36:58] /addskill zeus ,levels,717264
[10/08/2012 01:37:01] /addskill zeus ,levels,71726
[10/08/2012 01:37:03] /addskill zeus ,levels,7172
[10/08/2012 01:37:06] /addskill zeus ,levels,7172
[10/08/2012 01:37:08] /addskill zeus ,levels,717
[10/08/2012 01:37:10] /addskill zeus ,levels,717
[10/08/2012 01:37:11] /addskill zeus ,levels,717
[10/08/2012 01:37:12] /addskill zeus ,levels,717
[10/08/2012 01:37:14] /addskill zeus ,levels,717
[10/08/2012 01:37:16] /addskill zeus ,levels,717
[10/08/2012 01:37:18] /addskill zeus ,levels,717
[10/08/2012 01:37:19] /addskill zeus ,levels,717
[10/08/2012 01:37:20] /addskill zeus ,levels,717
[10/08/2012 01:37:22] /addskill zeus ,levels,717
[10/08/2012 01:37:24] /addskill zeus ,levels,71
[10/08/2012 01:37:25] /addskill zeus ,levels,71
[10/08/2012 01:37:27] /addskill zeus ,levels,71
[10/08/2012 01:37:28] /addskill zeus ,levels,71
[10/08/2012 01:37:29] /addskill zeus ,levels,71
[10/08/2012 01:37:30] /addskill zeus ,levels,71
[10/08/2012 01:37:32] /addskill zeus ,levels,71
[10/08/2012 01:37:33] /addskill zeus ,levels,71
[10/08/2012 01:37:34] /addskill zeus ,levels,71
[10/08/2012 01:37:35] /addskill zeus ,levels,71
[10/08/2012 01:37:38] /addskill zeus ,levels,71
[10/08/2012 01:37:40] /addskill zeus ,levels,7
[10/08/2012 01:37:42] /addskill zeus ,levels,7
[10/08/2012 01:37:43] /addskill zeus ,levels,7
[10/08/2012 01:37:46] /addskill zeus ,levels,7
[10/08/2012 01:37:48] /addskill zeus ,levels,3
[10/08/2012 01:37:49] /addskill zeus ,levels,3
[10/08/2012 01:37:50] /addskill zeus ,levels,3
[10/08/2012 01:39:18] /addskill zeus ,prestige,4
[10/08/2012 01:39:27] /addskill zeus ,prestiges,4
[10/08/2012 01:39:36] /addskill zeus ,rebirths.22
[10/08/2012 01:39:47] /addskill zeus ,rebirth,2323
[10/08/2012 01:39:52] /addskill zeus ,rebirth,2323
[10/08/2012 01:39:59] /addskill zeus ,rebirth,2323
[10/08/2012 01:40:01] /addskill zeus ,rebirth,23
[10/08/2012 01:40:04] /addskill zeus ,rebirth,23
[10/08/2012 01:40:17] /i rebirth scroll
[10/08/2012 01:40:28] /i prestige scroll
[10/08/2012 01:42:00] /i crystal coins
[10/08/2012 01:42:03] /i crystal coin
[10/08/2012 01:42:19] /i crystal coin
[10/08/2012 01:42:20] /i crystal coin
[10/08/2012 01:42:22] /i crystal coin
[10/08/2012 01:42:51] /i crystal coin
[10/08/2012 01:42:52] /i crystal coin
[10/08/2012 01:42:53] /i crystal coin
[10/08/2012 01:42:54] /i crystal coin
[10/08/2012 01:42:55] /i crystal coin
[10/08/2012 01:42:57] /i crystal coin
[10/08/2012 01:42:58] /i crystal coin
[10/08/2012 01:42:59] /i crystal coin
[10/08/2012 01:43:19] /i crystal coin/backpack
[10/08/2012 01:43:26] /i backpack of holding
[10/08/2012 01:43:37] /i crystal coin 500
[10/08/2012 01:43:43] /i crystal coin 
[10/08/2012 01:43:47] /i crystal coin 
[10/08/2012 01:43:48] /i crystal coin 
[10/08/2012 01:43:49] /i crystal coin 500
[10/08/2012 01:43:52] /i crystal coin 
[10/08/2012 01:43:53] /i crystal coin 
[10/08/2012 01:43:54] /i crystal coin 
[10/08/2012 01:43:55] /i crystal coin 
[10/08/2012 01:43:55] /i crystal coin 
[10/08/2012 01:43:56] /i crystal coin 
[10/08/2012 01:43:56] /i crystal coin 
[10/08/2012 01:43:57] /i crystal coin 
[10/08/2012 01:43:58] /i crystal coin 
[10/08/2012 01:43:58] /i crystal coin 
[10/08/2012 01:44:00] /i crystal coin 
[10/08/2012 01:44:09] /i backpack of holding
[10/08/2012 01:44:11] /i backpack of holding
[10/08/2012 01:44:13] /i crystal coin 
[10/08/2012 01:44:13] /i crystal coin 
[10/08/2012 01:44:14] /i crystal coin 
[10/08/2012 01:44:15] /i crystal coin 
[10/08/2012 01:44:26] /i crystal coin 
[10/08/2012 01:44:31] /i crystal coin
[10/08/2012 01:44:32] /i crystal coin
[10/08/2012 01:44:32] /i crystal coin
[10/08/2012 01:44:32] /i crystal coin
[10/08/2012 01:44:32] /i crystal coin
[10/08/2012 01:44:32] /i crystal coin
[10/08/2012 01:44:32] /i crystal coin
[10/08/2012 01:44:32] /i crystal coin
[10/08/2012 01:44:32] /i crystal coin
[10/08/2012 01:44:33] /i crystal coin
[10/08/2012 01:44:33] /i crystal coin
[10/08/2012 01:44:33] /i crystal coin
[10/08/2012 01:44:33] /i crystal coin
[10/08/2012 01:44:33] /i crystal coin
[10/08/2012 01:44:33] /i crystal coin
[10/08/2012 01:44:33] /i crystal coin
[10/08/2012 01:44:33] /i crystal coin
[10/08/2012 01:44:33] /i crystal coin
[10/08/2012 01:44:33] /i crystal coin
[10/08/2012 01:44:33] /i crystal coin
[10/08/2012 01:44:33] /i crystal coin
[10/08/2012 01:44:33] /i crystal coin
[10/08/2012 01:44:33] /i crystal coin
[10/08/2012 01:44:33] /i crystal coin
[10/08/2012 01:44:33] /i crystal coin
[10/08/2012 01:44:33] /i crystal coin
[10/08/2012 01:44:33] /i crystal coin
[10/08/2012 01:44:33] /i crystal coin
[10/08/2012 01:44:33] /i crystal coin
[10/08/2012 01:44:33] /i crystal coin
[10/08/2012 01:44:34] /i crystal coin
[10/08/2012 01:44:34] /i crystal coin
[10/08/2012 01:44:34] /i crystal coin
[10/08/2012 01:44:34] /i crystal coin
[10/08/2012 01:44:34] /i crystal coin
[10/08/2012 01:44:34] /i crystal coin
[10/08/2012 01:44:34] /i crystal coin
[10/08/2012 01:44:34] /i crystal coin
[10/08/2012 01:44:34] /i crystal coin
[10/08/2012 01:44:34] /i crystal coin
[10/08/2012 01:44:34] /i crystal coin
[10/08/2012 01:44:34] /i crystal coin
[10/08/2012 01:44:34] /i crystal coin
[10/08/2012 01:44:34] /i crystal coin
[10/08/2012 01:44:34] /i crystal coin
[10/08/2012 01:44:34] /i crystal coin
[10/08/2012 01:44:34] /i crystal coin
[10/08/2012 01:44:34] /i crystal coin
[10/08/2012 01:44:34] /i crystal coin
[10/08/2012 01:44:35] /i crystal coin
[10/08/2012 01:44:35] /i crystal coin
[10/08/2012 01:44:35] /i crystal coin
[10/08/2012 01:44:35] /i crystal coin
[10/08/2012 01:44:35] /i crystal coin
[10/08/2012 01:44:35] /i crystal coin
[10/08/2012 01:44:35] /i crystal coin
[10/08/2012 01:44:35] /i crystal coin
[10/08/2012 01:44:35] /i crystal coin
[10/08/2012 01:44:35] /i crystal coin
[10/08/2012 01:44:35] /i crystal coin
[10/08/2012 01:44:35] /i crystal coin
[10/08/2012 01:44:35] /i crystal coin
[10/08/2012 01:44:35] /i crystal coin
[10/08/2012 01:44:35] /i crystal coin
[10/08/2012 01:44:35] /i crystal coin
[10/08/2012 01:44:36] /i crystal coin
[10/08/2012 01:44:36] /i crystal coin
[10/08/2012 01:44:36] /i crystal coin
[10/08/2012 01:44:36] /i crystal coin
[10/08/2012 01:45:03] /r 100
[10/08/2012 01:45:04] /r 100
[10/08/2012 01:45:09] /r 500
[10/08/2012 01:45:10] /r 500
[10/08/2012 01:45:11] /r 500
[10/08/2012 01:45:11] /r 500
[10/08/2012 01:45:12] /r 500
[10/08/2012 01:45:14] /r 500
[10/08/2012 01:45:17] /r 500546464
[10/08/2012 01:45:18] /r 500546464
[10/08/2012 01:45:21] /r 500546464
[10/08/2012 01:45:24] /r
[10/08/2012 01:45:28] /r 500546464
[10/08/2012 01:45:29] /r 500546464
[10/08/2012 01:45:29] /r 500546464
[10/08/2012 01:45:30] /r 500546464
[10/08/2012 01:45:33] /r 500546464
[10/08/2012 01:45:56] /i crystal coin
[10/08/2012 01:46:00] /r 100000000000
[10/08/2012 01:46:00] /r 100000000000
[10/08/2012 01:46:05] /r 100000000000
[10/08/2012 01:46:06] /r 100000000000
[10/08/2012 01:46:12] /r 100000000000
[10/08/2012 01:46:12] /r 100000000000
[10/08/2012 01:46:12] /r 100000000000
[10/08/2012 01:46:13] /r 100000000000
[10/08/2012 01:46:24] /i 3515
[10/08/2012 01:46:49] /i 5772
[10/08/2012 01:47:33] /r
[10/08/2012 01:48:54] /i crystal coin
[10/08/2012 01:49:30] /i crystal coin
[10/08/2012 01:49:33] /i crystal coin
[10/08/2012 01:49:34] /i crystal coin
[10/08/2012 01:49:35] /i crystal coin
[10/08/2012 01:49:36] /i crystal coin
[10/08/2012 01:49:37] /i crystal coin
[10/08/2012 01:49:39] /i crystal coin
[10/08/2012 01:50:35] /r
[10/08/2012 01:51:11] /a 2
[10/08/2012 01:51:25] /a 2
[10/08/2012 01:52:55] /i 7000
[10/08/2012 01:53:01] /r
[10/08/2012 01:53:05] /i 70000
[10/08/2012 01:53:09] /i 1000
[10/08/2012 01:53:12] /r
[10/08/2012 01:53:14] /r
[10/08/2012 01:53:16] /r
[10/08/2012 01:53:20] /r
[10/08/2012 01:53:21] /r
[10/08/2012 01:53:22] /r
[10/08/2012 01:53:28] /up
[10/08/2012 01:53:34] /up
[10/08/2012 01:53:36] /up 2
[10/08/2012 01:53:37] /up 3
[10/08/2012 01:53:39] /up 4
[10/08/2012 01:53:47] /i 10000
[10/08/2012 01:54:00] /i 11000
[10/08/2012 01:54:06] /a 3
[10/08/2012 01:54:13] /i 120000
[10/08/2012 01:54:14] /i 12000
[10/08/2012 01:54:16] /a 2
[10/08/2012 01:54:27] /i 40000
[10/08/2012 01:54:29] /i 4000
[10/08/2012 01:54:34] /a 2
[10/08/2012 01:54:43] /i 20000
[10/08/2012 01:54:49] /i 15000
[10/08/2012 01:54:55] /i 14000
[10/08/2012 01:55:03] /i 13000
[10/08/2012 01:55:11] /i 12999
[10/08/2012 01:55:13] /i 129
[10/08/2012 01:55:16] /i 1299
[10/08/2012 01:55:18] /a 2
[10/08/2012 01:55:24] /i 19999
[10/08/2012 01:55:32] /i 9999
[10/08/2012 01:55:48] /i 10999
[10/08/2012 01:55:53] /a 2
[10/08/2012 01:56:04] /i 7999
[10/08/2012 01:56:08] /i 79990
[10/08/2012 01:56:17] /i 8999
[10/08/2012 01:56:20] /a 2
[10/08/2012 01:56:22] /i 8999
[10/08/2012 01:56:26] /a 1
[10/08/2012 01:56:28] /a 1
[10/08/2012 01:56:38] /i 5999
[10/08/2012 01:56:41] /i 599
[10/08/2012 01:56:49] /i 49999
[10/08/2012 01:56:51] /i 4999
[10/08/2012 01:56:56] /a 2
[10/08/2012 01:57:05] /a 1
[10/08/2012 01:57:06] /r
[10/08/2012 01:57:08] /r
[10/08/2012 01:57:11] /a 1
[10/08/2012 01:57:20] /r
[10/08/2012 01:57:23] /a 1
[10/08/2012 01:57:24] /a 1
[10/08/2012 01:57:25] /r
[10/08/2012 01:57:28] /r
[10/08/2012 01:57:31] /a 1
[10/08/2012 01:57:31] /a 1
[10/08/2012 01:57:33] /r
[10/08/2012 01:57:35] /a 1
[10/08/2012 01:57:36] /a 1
[10/08/2012 01:57:38] /r
[10/08/2012 01:57:43] /a 1
[10/08/2012 01:57:45] /a 1
[10/08/2012 01:57:47] /r
[10/08/2012 01:57:49] /a 1
[10/08/2012 01:57:55] /r
[10/08/2012 01:57:58] /a 1
[10/08/2012 01:57:59] /r
[10/08/2012 01:58:04] /t
[10/08/2012 01:59:04] /goto varkhal
[10/08/2012 01:59:12] /c zeus
[10/08/2012 01:59:29] /i crystal coin
[10/08/2012 01:59:30] /i crystal coin
[10/08/2012 01:59:31] /i crystal coin
[10/08/2012 01:59:31] /i crystal coin
[10/08/2012 01:59:32] /i crystal coin
[10/08/2012 02:01:38] /i donation outfit changer
[10/08/2012 02:02:01] /i backpack of holding
[10/08/2012 02:02:08] /i backpack of holding
[10/08/2012 02:05:07] /addskill Zeus ,Mlevel,100
[10/08/2012 02:07:09] /addskill Zeus ,Mlevel,10
[10/08/2012 02:07:49] /addskill
[10/08/2012 02:08:47] /pass Zeus
[10/08/2012 02:08:50] /pass
[10/08/2012 02:08:54] /pass ,seuz
[10/08/2012 02:09:00] /pass ,zeus
[10/08/2012 02:09:04] /pass ,zeus
[10/08/2012 02:09:05] /pass ,zeus
[10/08/2012 02:09:09] /pass zeus
[10/08/2012 02:09:15] /pass "zeus
[10/08/2012 02:09:26] /pass ,zeus
[10/08/2012 02:09:34] /pass 
[10/08/2012 02:09:40] /pass zeus
[10/08/2012 02:09:53] /pass "Zeus
[10/08/2012 02:10:00] /pass " zeus
[10/08/2012 02:10:01] /pass " zeus
[10/08/2012 13:47:49] /goto sexbomb
[10/08/2012 13:48:18] /t
[10/08/2012 13:49:24] /i vip coin
[10/08/2012 13:49:27] /i vip coins
[10/08/2012 13:49:29] /i vip coins
[10/08/2012 13:49:35] /i donation coins¨
[10/08/2012 13:49:36] /i donation coins¨
[10/08/2012 13:49:39] /i donation coins
[10/08/2012 13:49:41] /i donation coins
[10/08/2012 13:49:43] /i donation coin
[10/08/2012 13:49:44] /i donation coin
[10/08/2012 13:49:55] /i
[10/08/2012 13:50:12] /i donation coin
[10/08/2012 13:50:16] /i donation coin
[10/08/2012 13:50:16] /i donation coin
[10/08/2012 13:50:16] /i donation coin
[10/08/2012 13:50:16] /i donation coin
[10/08/2012 13:50:16] /i donation coin
[10/08/2012 13:50:17] /i donation coin
[10/08/2012 13:50:17] /i donation coin
[10/08/2012 13:50:17] /i donation coin
[10/08/2012 13:50:17] /i donation coin
[10/08/2012 13:50:17] /i donation coin
[10/08/2012 13:50:17] /i donation coin
[10/08/2012 13:50:17] /i donation coin
[10/08/2012 13:50:17] /i donation coin
[10/08/2012 13:50:17] /i donation coin
[10/08/2012 13:50:17] /i donation coin
[10/08/2012 13:50:17] /i donation coin
[10/08/2012 13:50:17] /i donation coin
[10/08/2012 13:50:17] /i donation coin
[10/08/2012 13:50:17] /i donation coin
[10/08/2012 13:50:17] /i donation coin
[10/08/2012 13:50:17] /i donation coin
[10/08/2012 13:50:17] /i donation coin
[10/08/2012 13:50:17] /i donation coin
[10/08/2012 13:50:17] /i donation coin
[10/08/2012 13:50:17] /i donation coin
[10/08/2012 13:50:18] /i donation coin
[10/08/2012 13:50:18] /i donation coin
[10/08/2012 13:50:18] /i donation coin
[10/08/2012 13:50:18] /i donation coin
[10/08/2012 13:50:18] /i donation coin
[10/08/2012 13:50:18] /i donation coin
[10/08/2012 13:50:18] /i donation coin
[10/08/2012 13:50:18] /i donation coin
[10/08/2012 13:50:18] /i donation coin
[10/08/2012 13:50:18] /i donation coin
[10/08/2012 13:50:18] /i donation coin
[10/08/2012 13:50:18] /i donation coin
[10/08/2012 13:50:18] /i donation coin
[10/08/2012 13:50:18] /i donation coin
[10/08/2012 13:50:18] /i donation coin
[10/08/2012 13:50:18] /i donation coin
[10/08/2012 13:50:18] /i donation coin
[10/08/2012 13:50:18] /i donation coin
[10/08/2012 13:50:19] /i donation coin
[10/08/2012 13:50:19] /i donation coin
[10/08/2012 13:50:20] /i donation coin
[10/08/2012 13:50:20] /i donation coin
[10/08/2012 13:50:20] /i donation coin
[10/08/2012 13:50:21] /i donation coin
[10/08/2012 13:50:21] /i donation coin
[10/08/2012 13:50:21] /i donation coin
[10/08/2012 13:50:21] /i donation coin
[10/08/2012 13:50:21] /i donation coin
[10/08/2012 13:50:22] /i donation coin
[10/08/2012 13:50:22] /i donation coin
[10/08/2012 13:50:22] /i donation coin
[10/08/2012 13:50:22] /i donation coin
[10/08/2012 13:50:22] /i donation coin
[10/08/2012 13:50:22] /i donation coin
[10/08/2012 13:50:23] /i donation coin
[10/08/2012 13:50:23] /i donation coin
[10/08/2012 13:50:23] /i donation coin
[10/08/2012 13:50:23] /i donation coin
[10/08/2012 13:50:24] /i donation coin
[10/08/2012 13:50:24] /i donation coin
[10/08/2012 13:50:24] /i donation coin
[10/08/2012 13:50:24] /i donation coin
[10/08/2012 13:50:24] /i donation coin
[10/08/2012 13:50:25] /i donation coin
[10/08/2012 13:50:25] /i donation coin
[10/08/2012 13:50:25] /i donation coin
[10/08/2012 13:50:25] /i donation coin
[10/08/2012 13:50:25] /i donation coin
[10/08/2012 13:50:26] /i donation coin
[10/08/2012 13:50:26] /i donation coin
[10/08/2012 13:50:26] /i donation coin
[10/08/2012 13:50:26] /i donation coin
[10/08/2012 13:50:26] /i donation coin
[10/08/2012 13:50:26] /i donation coin
[10/08/2012 13:50:27] /i donation coin
[10/08/2012 13:50:27] /i donation coin
[10/08/2012 13:50:27] /i donation coin
[10/08/2012 13:50:28] /i donation coin
[10/08/2012 13:50:28] /i donation coin
[10/08/2012 13:50:28] /i donation coin
[10/08/2012 13:50:28] /i donation coin
[10/08/2012 13:50:28] /i donation coin
[10/08/2012 13:50:29] /i donation coin
[10/08/2012 13:50:29] /i donation coin
[10/08/2012 13:50:29] /i donation coin
[10/08/2012 13:50:29] /i donation coin
[10/08/2012 13:50:30] /i donation coin
[10/08/2012 13:50:30] /i donation coin
[10/08/2012 13:50:30] /i donation coin
[10/08/2012 13:50:30] /i donation coin
[10/08/2012 13:50:30] /i donation coin
[10/08/2012 13:50:31] /i donation coin
[10/08/2012 13:50:31] /i donation coin
[10/08/2012 13:50:31] /i donation coin
[10/08/2012 13:50:31] /i donation coin
[10/08/2012 13:50:31] /i donation coin
[10/08/2012 13:50:32] /i donation coin
[10/08/2012 13:50:32] /i donation coin
[10/08/2012 13:50:32] /i donation coin
[10/08/2012 13:50:32] /i donation coin
[10/08/2012 13:50:32] /i donation coin
[10/08/2012 13:50:33] /i donation coin
[10/08/2012 13:50:33] /i donation coin
[10/08/2012 13:50:33] /i donation coin
[10/08/2012 13:50:34] /i donation coin
[10/08/2012 13:50:34] /i donation coin
[10/08/2012 13:50:34] /i donation coin
[10/08/2012 13:50:34] /i donation coin
[10/08/2012 13:50:36] /i donation coin
[10/08/2012 13:50:37] /i donation coin
[10/08/2012 13:50:37] /i donation coin
[10/08/2012 13:50:37] /i donation coin
[10/08/2012 13:50:38] /i donation coin
[10/08/2012 13:50:38] /i donation coin
[10/08/2012 13:50:38] /i donation coin
[10/08/2012 13:50:39] /i donation coin
[10/08/2012 13:50:39] /i donation coin
[10/08/2012 13:50:39] /i donation coin
[10/08/2012 13:50:39] /i donation coin
[10/08/2012 13:50:40] /i donation coin
[10/08/2012 13:50:40] /i donation coin
[10/08/2012 13:50:40] /i donation coin
[10/08/2012 13:50:41] /i donation coin
[10/08/2012 13:50:41] /i donation coin
[10/08/2012 13:50:43] /i donation coin
[10/08/2012 13:50:44] /i donation coin
[10/08/2012 13:50:44] /i donation coin
[10/08/2012 13:50:44] /i donation coin
[10/08/2012 13:50:45] /i donation coin
[10/08/2012 13:50:45] /i donation coin
[10/08/2012 13:50:46] /i donation coin
[10/08/2012 13:50:47] /i donation coin
[10/08/2012 13:50:49] /i donation coin
[10/08/2012 13:50:50] /i donation coin
[10/08/2012 13:50:50] /i donation coin
[10/08/2012 13:50:51] /i donation coin
[10/08/2012 13:50:53] /i donation coin
[10/08/2012 13:50:55] /i donation coin
[10/08/2012 13:50:56] /i donation coin
[10/08/2012 13:50:57] /i donation coin
[10/08/2012 13:50:59] /i donation coin
[10/08/2012 13:51:00] /i donation coin
[10/08/2012 13:51:02] /i donation coin
[10/08/2012 13:51:02] /i donation coin
[10/08/2012 13:51:03] /i donation coin
[10/08/2012 13:55:35] /i forever aol
[10/08/2012 13:59:17] /i backpack o f holding
[10/08/2012 13:59:22] /i backpack of holding
[10/08/2012 13:59:28] /i exp scroll
[10/08/2012 13:59:30] /i exp scroll
[10/08/2012 13:59:31] /i exp scroll
[10/08/2012 13:59:32] /i exp scroll
[10/08/2012 13:59:33] /i exp scroll
[10/08/2012 13:59:33] /i exp scroll
[10/08/2012 13:59:33] /i exp scroll
[10/08/2012 13:59:34] /i exp scroll
[10/08/2012 13:59:47] /i exp scroll
[10/08/2012 13:59:48] /i exp scroll
[10/08/2012 13:59:48] /i exp scroll
[10/08/2012 13:59:48] /i exp scroll
[10/08/2012 13:59:48] /i exp scroll
[10/08/2012 13:59:48] /i exp scroll
[10/08/2012 13:59:49] /i exp scroll
[10/08/2012 13:59:49] /i exp scroll
[10/08/2012 13:59:49] /i exp scroll
[10/08/2012 13:59:50] /i exp scroll
[10/08/2012 13:59:50] /i exp scroll
[10/08/2012 13:59:50] /i exp scroll
[10/08/2012 13:59:50] /i exp scroll
[10/08/2012 13:59:50] /i exp scroll
[10/08/2012 13:59:51] /i exp scroll
[10/08/2012 13:59:51] /i exp scroll
[10/08/2012 13:59:51] /i exp scroll
[10/08/2012 13:59:51] /i exp scroll
[10/08/2012 13:59:51] /i exp scroll
[10/08/2012 13:59:52] /i exp scroll
[10/08/2012 13:59:52] /i exp scroll
[10/08/2012 13:59:52] /i exp scroll
[10/08/2012 13:59:52] /i exp scroll
[10/08/2012 13:59:52] /i exp scroll
[10/08/2012 13:59:53] /i exp scroll
[10/08/2012 13:59:53] /i exp scroll
[10/08/2012 14:28:42] /i rebirth scroll
[10/08/2012 14:28:49] /i exp scroll
[10/08/2012 14:28:57] /i fur boots
[10/08/2012 14:29:35] /c sexbomb
[10/08/2012 14:30:00] /m healer
[10/08/2012 14:30:02] /m healer
[10/08/2012 14:30:42] /m healer
[10/08/2012 14:31:04] /i health booster
[10/08/2012 14:31:08] /m health booster
[10/08/2012 14:31:14] /r
[10/08/2012 14:31:43] /t
[10/08/2012 14:31:46] /a 7
[10/08/2012 14:31:59] /i crystal refiner
[10/08/2012 20:14:39] /clean
[10/08/2012 20:14:43] /r
[10/08/2012 20:14:46] /r 100
[10/08/2012 20:14:47] /r 100
[10/08/2012 20:14:48] /r 100
[10/08/2012 20:14:51] /r 100
[10/08/2012 20:14:53] /r 100
[10/08/2012 20:14:54] /r 100
[10/08/2012 20:14:56] /r 100
[10/08/2012 20:14:58] /r 100
[10/08/2012 20:15:56] /attr rebirth
[10/08/2012 20:16:00] /attr rebirth 1
[10/08/2012 20:16:02] /attr rebirth 1
[10/08/2012 20:17:05] /zombiestart
[10/08/2012 20:17:34] /goto zombie
[10/08/2012 20:17:39] /goto zombie event
[10/08/2012 20:17:43] /goto event zombie
[10/08/2012 20:17:50] /goto eventroom
[10/08/2012 20:23:37] /goto twisted
[11/08/2012 16:20:51] /goto zatacka
[11/08/2012 16:20:57] /goto sexbomb
[11/08/2012 16:21:41] /up
[11/08/2012 16:21:45] /up
[11/08/2012 16:21:48] /down
[11/08/2012 16:22:42] /t
[11/08/2012 16:26:21] /m ghazbaran
[11/08/2012 16:26:34] /m morgaroth
[11/08/2012 16:26:41] /m exp bug
[11/08/2012 16:26:44] /m exp bug
[11/08/2012 16:26:46] /m exp bug
[11/08/2012 16:26:49] /m bug
[11/08/2012 16:26:56] /m bug
[11/08/2012 16:27:02] /m exp
[11/08/2012 16:27:16] /m fire overlord
[11/08/2012 16:27:24] /m fire Fucker
[11/08/2012 16:27:31] /m fucker
[11/08/2012 16:27:56] /i jar of donation
[11/08/2012 16:28:40] /i 2574
[11/08/2012 16:30:06] /i 2574
[11/08/2012 16:30:11] /i backpack 
[11/08/2012 16:36:53] /i donation jar
[11/08/2012 16:37:06] /i blue jar of the catch
[11/08/2012 17:14:27] /t
[11/08/2012 17:14:59] /t
[11/08/2012 17:15:30] /up
[11/08/2012 17:15:34] /up
[11/08/2012 17:15:36] /up
[11/08/2012 17:15:55] /up
[11/08/2012 17:16:09] /down
[11/08/2012 17:16:17] /up
[11/08/2012 17:16:28] /up
[11/08/2012 17:19:38] /goto chavoz
[11/08/2012 17:20:17] /c chavoz
[11/08/2012 17:20:26] /c chavoz
[11/08/2012 17:20:28] /c chavoz
[11/08/2012 17:24:10] /t
[11/08/2012 17:25:29] /i jar of donation
[11/08/2012 17:25:32] /i jar of donation
[11/08/2012 17:25:33] /i jar of donation
[11/08/2012 17:25:41] /t
[11/08/2012 17:25:44] /a 9
[11/08/2012 17:25:56] /a 5
[11/08/2012 17:26:31] /i donation jar
[11/08/2012 17:26:34] /i donation jar
[11/08/2012 17:26:34] /i donation jar
[11/08/2012 17:31:25] /i donation jar
[11/08/2012 17:31:25] /i donation jar
[11/08/2012 17:31:26] /i donation jar
[11/08/2012 17:31:27] /i donation jar
[11/08/2012 17:31:27] /i donation jar
[11/08/2012 17:32:39] /t
[11/08/2012 17:32:51] /attr group "8
[11/08/2012 17:34:27] /kick
[11/08/2012 17:34:31] /kick zeus
[11/08/2012 17:34:39] /mkick
[11/08/2012 17:34:42] /mkick Zeus
[11/08/2012 17:34:44] /mkick Zeus
[11/08/2012 17:34:51] /mkick ,zeus
[11/08/2012 17:34:55] /r
[11/08/2012 17:35:35] /t
[11/08/2012 17:36:52] /m fucker
[11/08/2012 17:37:04] /i earth overlord
[11/08/2012 17:37:10] /m earth overlord
[11/08/2012 17:37:40] /t
[11/08/2012 17:39:21] /c fucker
[11/08/2012 17:39:23] /c fucker
[11/08/2012 17:40:19] /i donation manarune
[11/08/2012 17:40:37] /i healing mamarune
[11/08/2012 17:40:47] /i donation health rune
[11/08/2012 17:40:49] /a 10
[11/08/2012 17:41:02] /i donation UH
[11/08/2012 17:42:35] /attr exhaust "0
[11/08/2012 17:42:54] /attr exhaust "9
[11/08/2012 17:43:11] /attr healing "1000000000000000000000
[11/08/2012 17:43:15] /attr healing "100000000
[11/08/2012 17:43:17] /attr healing "1000000
[11/08/2012 17:43:19] /attr healing "100000
[11/08/2012 17:43:47] /addskill healing "10
[11/08/2012 17:43:48] /addskill healing "10
[11/08/2012 17:43:52] /addskill healing "100
[11/08/2012 17:43:54] /addskill healing "10009+
[11/08/2012 17:44:01] /addskill health "1000000000
[11/08/2012 17:44:15] /addskill donation manarune "10000000000000000000000000000
[11/08/2012 17:44:17] /addskill donation manarune "10000000000000000000000000000
[11/08/2012 17:44:42] /attr name
[11/08/2012 17:44:50] /attr name POSEIDON RUNE
[11/08/2012 17:44:55] /name
[11/08/2012 17:45:06] /name POSEIDON Manarune
[11/08/2012 17:45:12] /name POSEIDOn
[11/08/2012 17:45:17] /name lol
[11/08/2012 17:45:45] /rename Poseidon Mrue
[11/08/2012 17:46:33] /n
[11/08/2012 17:46:36] /n hoe
[11/08/2012 17:46:42] /b
[11/08/2012 17:46:47] /b hoe
[11/08/2012 17:46:53] /bc
[11/08/2012 17:46:56] /bc hoe
[11/08/2012 17:47:08] /bc MOTHERFUCKER
[11/08/2012 17:48:38] /r 100
[11/08/2012 17:48:42] /r 100
[11/08/2012 17:48:47] /r 100
[11/08/2012 17:48:48] /r 100
[11/08/2012 17:48:49] /r 100
[11/08/2012 17:48:59] /r 100
[11/08/2012 17:49:00] /r 100
[11/08/2012 17:49:00] /r 100
[11/08/2012 17:49:00] /r 100
[11/08/2012 17:49:00] /r 100
[11/08/2012 17:49:01] /r 100
[11/08/2012 17:49:01] /r 100
[11/08/2012 17:49:01] /r 100
[11/08/2012 17:49:01] /r 100
[11/08/2012 17:49:01] /r 100
[11/08/2012 17:49:02] /r 100
[11/08/2012 17:49:02] /r 100
[11/08/2012 17:49:02] /r 100
[11/08/2012 17:49:02] /r 100
[11/08/2012 17:49:02] /r 100
[11/08/2012 17:49:02] /r 100
[11/08/2012 17:49:03] /r 100
[11/08/2012 17:49:03] /r 100
[11/08/2012 17:49:03] /r 100
[11/08/2012 17:49:03] /r 100
[11/08/2012 17:49:03] /r 100
[11/08/2012 17:49:04] /r 100
[11/08/2012 17:49:04] /r 100
[11/08/2012 17:49:04] /r 100
[11/08/2012 17:49:04] /r 100
[11/08/2012 17:49:04] /r 100
[11/08/2012 17:49:05] /r 100
[11/08/2012 17:49:05] /r 100
[11/08/2012 17:49:05] /r 100
[11/08/2012 17:49:05] /r 100
[11/08/2012 17:49:06] /r 100
[11/08/2012 17:49:06] /r 100
[11/08/2012 17:49:06] /r 100
[11/08/2012 17:49:06] /r 100
[11/08/2012 17:49:07] /r 100
[11/08/2012 17:49:07] /r 100
[11/08/2012 17:49:07] /r 100
[11/08/2012 17:49:07] /r 100
[11/08/2012 17:49:07] /r 100
[11/08/2012 17:49:07] /r 100
[11/08/2012 17:49:08] /r 100
[11/08/2012 17:49:08] /r 100
[11/08/2012 17:49:08] /r 100
[11/08/2012 17:49:08] /r 100
[11/08/2012 17:49:08] /r 100
[11/08/2012 17:49:08] /r 100
[11/08/2012 17:49:10] /r 100
[11/08/2012 17:49:11] /r 100
[11/08/2012 17:49:11] /r 100
[11/08/2012 17:49:11] /r 100
[11/08/2012 17:49:12] /r 100
[11/08/2012 17:49:12] /r 100
[11/08/2012 17:49:12] /r 100
[11/08/2012 17:49:12] /r 100
[11/08/2012 17:49:12] /r 100
[11/08/2012 17:49:12] /r 100
[11/08/2012 17:49:12] /r 100
[11/08/2012 17:49:12] /r 100
[11/08/2012 17:49:12] /r 100
[11/08/2012 17:49:12] /r 100
[11/08/2012 17:49:13] /r 100
[11/08/2012 17:49:13] /r 100
[11/08/2012 17:49:13] /r 100
[11/08/2012 17:49:13] /r 100
[11/08/2012 17:49:13] /r 100
[11/08/2012 17:49:14] /r 100
[11/08/2012 17:49:14] /r 100
[11/08/2012 17:49:14] /r 100
[11/08/2012 17:49:14] /r 100
[11/08/2012 17:49:15] /r 100
[11/08/2012 17:49:15] /r 100
[11/08/2012 17:49:15] /r 100
[11/08/2012 17:49:15] /r 100
[11/08/2012 17:49:16] /r 100
[11/08/2012 17:49:16] /r 100
[11/08/2012 17:49:16] /r 100
[11/08/2012 17:49:16] /r 100
[11/08/2012 17:49:16] /r 100
[11/08/2012 17:49:17] /r 100
[11/08/2012 17:49:17] /r 100
[11/08/2012 17:49:17] /r 100
[11/08/2012 17:49:17] /r 100
[11/08/2012 17:49:18] /r 100
[11/08/2012 17:49:18] /r 100
[11/08/2012 17:49:18] /r 100
[11/08/2012 17:49:18] /r 100
[11/08/2012 17:49:18] /r 100
[11/08/2012 17:49:18] /r 100
[11/08/2012 17:49:19] /r 100
[11/08/2012 17:49:19] /r 100
[11/08/2012 17:49:19] /r 100
[11/08/2012 17:49:20] /r 100
[11/08/2012 17:49:20] /r 100
[11/08/2012 17:49:20] /r 100
[11/08/2012 17:49:20] /r 100
[11/08/2012 17:49:21] /r 100
[11/08/2012 17:49:21] /r 100
[11/08/2012 17:49:21] /r 100
[11/08/2012 17:49:21] /r 100
[11/08/2012 17:49:22] /r 100
[11/08/2012 17:49:22] /r 100
[11/08/2012 17:49:22] /r 100
[11/08/2012 17:49:22] /r 100
[11/08/2012 17:49:23] /r 100
[11/08/2012 17:49:23] /r 100
[11/08/2012 17:49:23] /r 100
[11/08/2012 17:49:24] /r 100
[11/08/2012 17:49:24] /r 100
[11/08/2012 17:49:24] /r 100
[11/08/2012 17:49:24] /r 100
[11/08/2012 17:49:25] /r 100
[11/08/2012 17:49:25] /r 100
[11/08/2012 17:49:25] /r 100
[11/08/2012 17:49:25] /r 100
[11/08/2012 17:49:25] /r 100
[11/08/2012 17:49:26] /r 100
[11/08/2012 17:49:26] /r 100
[11/08/2012 17:49:26] /r 100
[11/08/2012 17:49:26] /r 100
[11/08/2012 17:49:26] /r 100
[11/08/2012 17:49:28] /r 100
[11/08/2012 17:49:29] /r 100
[11/08/2012 17:49:29] /r 100
[11/08/2012 17:49:29] /r 100
[11/08/2012 17:49:31] /r 100
[11/08/2012 17:49:31] /r 100
[11/08/2012 17:49:32] /r 100
[11/08/2012 17:49:32] /r 100
[11/08/2012 17:49:32] /r 100
[11/08/2012 17:49:32] /r 100
[11/08/2012 17:49:32] /r 100
[11/08/2012 17:49:32] /r 100
[11/08/2012 17:49:33] /r 100
[11/08/2012 17:49:43] /r 100
[11/08/2012 17:49:46] /r 100
[11/08/2012 17:49:47] /r 100
[11/08/2012 17:49:47] /r 100
[11/08/2012 17:49:47] /r 100
[11/08/2012 17:49:47] /r 100
[11/08/2012 17:49:48] /r 100
[11/08/2012 17:49:48] /r 100
[11/08/2012 17:49:49] /r 100
[11/08/2012 17:49:50] /r 100
[11/08/2012 17:49:50] /r 100
[11/08/2012 17:49:50] /r 100
[11/08/2012 17:49:51] /r 100
[11/08/2012 17:49:52] /r 100
[11/08/2012 17:49:52] /r 100
[11/08/2012 17:49:53] /r 100
[11/08/2012 17:49:53] /r 100
[11/08/2012 17:49:53] /r 100
[11/08/2012 17:49:53] /r 100
[11/08/2012 17:49:54] /r 100
[11/08/2012 17:49:54] /r 100
[11/08/2012 17:49:54] /r 100
[11/08/2012 17:49:54] /r 100
[11/08/2012 17:49:55] /r 100
[11/08/2012 17:49:55] /r 100
[11/08/2012 17:49:55] /r 100
[11/08/2012 17:49:55] /r 100
[11/08/2012 17:49:56] /r 100
[11/08/2012 17:49:56] /r 100
[11/08/2012 17:49:56] /r 100
[11/08/2012 17:49:56] /r 100
[11/08/2012 17:49:56] /r 100
[11/08/2012 17:49:57] /r 100
[11/08/2012 17:49:57] /r 100
[11/08/2012 17:49:57] /r 100
[11/08/2012 17:49:57] /r 100
[11/08/2012 17:49:57] /r 100
[11/08/2012 17:49:58] /r 100
[11/08/2012 17:49:58] /r 100
[11/08/2012 17:49:58] /r 100
[11/08/2012 17:49:59] /r 100
[11/08/2012 17:49:59] /r 100
[11/08/2012 17:49:59] /r 100
[11/08/2012 17:49:59] /r 100
[11/08/2012 17:49:59] /r 100
[11/08/2012 17:49:59] /r 100
[11/08/2012 17:49:59] /r 100
[11/08/2012 17:50:01] /r 100
[11/08/2012 17:50:02] /r 100
[11/08/2012 17:50:02] /r 100
[11/08/2012 17:50:02] /r 100
[11/08/2012 17:50:02] /r 100
[11/08/2012 17:50:02] /r 100
[11/08/2012 17:50:02] /r 100
[11/08/2012 17:50:03] /r 100
[11/08/2012 17:50:03] /r 100
[11/08/2012 17:50:03] /r 100
[11/08/2012 17:50:03] /r 100
[11/08/2012 17:50:03] /r 100
[11/08/2012 17:50:04] /r 100
[11/08/2012 17:50:04] /r 100
[11/08/2012 17:50:04] /r 100
[11/08/2012 17:50:04] /r 100
[11/08/2012 17:50:05] /r 100
[11/08/2012 17:50:05] /r 100
[11/08/2012 17:50:05] /r 100
[11/08/2012 17:50:05] /r 100
[11/08/2012 17:50:05] /r 100
[11/08/2012 17:50:05] /r 100
[11/08/2012 17:50:06] /r 100
[11/08/2012 17:50:06] /r 100
[11/08/2012 17:50:06] /r 100
[11/08/2012 17:50:06] /r 100
[11/08/2012 17:50:07] /r 100
[11/08/2012 17:50:07] /r 100
[11/08/2012 17:50:07] /r 100
[11/08/2012 17:50:07] /r 100
[11/08/2012 17:50:07] /r 100
[11/08/2012 17:50:08] /r 100
[11/08/2012 17:50:08] /r 100
[11/08/2012 17:50:08] /r 100
[11/08/2012 17:50:08] /r 100
[11/08/2012 17:50:08] /r 100
[11/08/2012 17:50:09] /r 100
[11/08/2012 17:50:09] /r 100
[11/08/2012 17:50:09] /r 100
[11/08/2012 17:50:09] /r 100
[11/08/2012 17:50:09] /r 100
[11/08/2012 17:50:10] /r 100
[11/08/2012 17:50:10] /r 100
[11/08/2012 17:50:10] /r 100
[11/08/2012 17:50:10] /r 100
[11/08/2012 17:50:11] /r 100
[11/08/2012 17:50:11] /r 100
[11/08/2012 17:50:11] /r 100
[11/08/2012 17:50:11] /r 100
[11/08/2012 17:50:11] /r 100
[11/08/2012 17:50:12] /r 100
[11/08/2012 17:50:12] /r 100
[11/08/2012 17:50:12] /r 100
[11/08/2012 17:50:12] /r 100
[11/08/2012 17:50:12] /r 100
[11/08/2012 17:50:12] /r 100
[11/08/2012 17:50:13] /r 100
[11/08/2012 17:50:13] /r 100
[11/08/2012 17:50:13] /r 100
[11/08/2012 17:50:14] /r 100
[11/08/2012 17:50:14] /r 100
[11/08/2012 17:50:14] /r 100
[11/08/2012 17:50:14] /r 100
[11/08/2012 17:50:15] /r 100
[11/08/2012 17:50:15] /r 100
[11/08/2012 17:50:15] /r 100
[11/08/2012 17:50:15] /r 100
[11/08/2012 17:50:15] /r 100
[11/08/2012 17:50:17] /r 100
[11/08/2012 17:50:17] /r 100
[11/08/2012 17:50:17] /r 100
[11/08/2012 17:50:17] /r 100
[11/08/2012 17:50:17] /r 100
[11/08/2012 17:50:18] /r 100
[11/08/2012 17:50:19] /r 100
[11/08/2012 17:50:20] /r 100
[11/08/2012 17:50:20] /r 100
[11/08/2012 17:50:20] /r 100
[11/08/2012 17:50:21] /r 100
[11/08/2012 17:50:23] /r 100
[11/08/2012 17:50:23] /r 100
[11/08/2012 17:50:23] /r 100
[11/08/2012 17:50:23] /r 100
[11/08/2012 17:50:24] /r 100
[11/08/2012 17:50:24] /r 100
[11/08/2012 17:50:24] /r 100
[11/08/2012 17:50:25] /r 100
[11/08/2012 17:50:25] /r 100
[11/08/2012 17:50:25] /r 100
[11/08/2012 17:50:26] /r 100
[11/08/2012 17:50:26] /r 100
[11/08/2012 17:50:26] /r 100
[11/08/2012 17:50:28] /r 100
[11/08/2012 17:50:28] /r 100
[11/08/2012 17:50:28] /r 100
[11/08/2012 17:50:28] /r 100
[11/08/2012 17:50:28] /r 100
[11/08/2012 17:50:28] /r 100
[11/08/2012 17:50:29] /r 100
[11/08/2012 17:50:29] /r 100
[11/08/2012 17:50:29] /r 100
[11/08/2012 17:50:29] /r 100
[11/08/2012 17:50:30] /r 100
[11/08/2012 17:50:30] /r 100
[11/08/2012 17:50:30] /r 100
[11/08/2012 17:50:30] /r 100
[11/08/2012 17:50:31] /r 100
[11/08/2012 17:50:31] /r 100
[11/08/2012 17:50:31] /r 100
[11/08/2012 17:50:31] /r 100
[11/08/2012 17:50:32] /r 100
[11/08/2012 17:50:32] /r 100
[11/08/2012 17:50:38] /r 100
[11/08/2012 17:50:39] /r 100
[11/08/2012 17:50:39] /r 100
[11/08/2012 17:50:39] /r 100
[11/08/2012 17:50:39] /r 100
[11/08/2012 17:50:40] /r 100
[11/08/2012 17:50:40] /r 100
[11/08/2012 17:50:40] /r 100
[11/08/2012 17:50:41] /r 100
[11/08/2012 17:50:41] /r 100
[11/08/2012 17:50:41] /r 100
[11/08/2012 17:50:41] /r 100
[11/08/2012 17:50:41] /r 100
[11/08/2012 17:50:41] /r 100
[11/08/2012 17:50:41] /r 100
[11/08/2012 17:50:41] /r 100
[11/08/2012 17:50:42] /r 100
[11/08/2012 17:50:42] /r 100
[11/08/2012 17:50:42] /r 100
[11/08/2012 17:50:42] /r 100
[11/08/2012 17:50:42] /r 100
[11/08/2012 17:50:43] /r 100
[11/08/2012 17:50:43] /r 100
[11/08/2012 17:50:43] /r 100
[11/08/2012 17:50:43] /r 100
[11/08/2012 17:50:43] /r 100
[11/08/2012 17:50:43] /r 100
[11/08/2012 17:50:44] /r 100
[11/08/2012 17:50:44] /r 100
[11/08/2012 17:50:44] /r 100
[11/08/2012 17:50:44] /r 100
[11/08/2012 17:50:45] /r 100
[11/08/2012 17:50:45] /r 100
[11/08/2012 17:50:45] /r 100
[11/08/2012 17:50:45] /r 100
[11/08/2012 17:50:46] /r 100
[11/08/2012 17:50:46] /r 100
[11/08/2012 17:50:47] /r 100
[11/08/2012 17:50:47] /r 100
[11/08/2012 17:50:47] /r 100
[11/08/2012 17:50:47] /r 100
[11/08/2012 17:50:47] /r 100
[11/08/2012 17:50:48] /r 100
[11/08/2012 17:50:48] /r 100
[11/08/2012 17:50:48] /r 100
[11/08/2012 17:50:48] /r 100
[11/08/2012 17:50:48] /r 100
[11/08/2012 17:50:49] /r 100
[11/08/2012 17:50:49] /r 100
[11/08/2012 17:50:49] /r 100
[11/08/2012 17:50:49] /r 100
[11/08/2012 17:50:49] /r 100
[11/08/2012 17:50:50] /r 100
[11/08/2012 17:50:50] /r 100
[11/08/2012 17:50:50] /r 100
[11/08/2012 17:50:51] /r 100
[11/08/2012 17:50:51] /r 100
[11/08/2012 17:50:51] /r 100
[11/08/2012 17:50:51] /r 100
[11/08/2012 17:50:52] /r 100
[11/08/2012 17:50:52] /r 100
[11/08/2012 17:50:52] /r 100
[11/08/2012 17:50:53] /r 100
[11/08/2012 17:50:53] /r 100
[11/08/2012 17:50:53] /r 100
[11/08/2012 17:50:53] /r 100
[11/08/2012 17:50:53] /r 100
[11/08/2012 17:50:54] /r 100
[11/08/2012 17:50:54] /r 100
[11/08/2012 17:50:54] /r 100
[11/08/2012 17:50:54] /r 100
[11/08/2012 17:50:54] /r 100
[11/08/2012 17:50:55] /r 100
[11/08/2012 17:50:55] /r 100
[11/08/2012 17:51:00] /r 100
[11/08/2012 17:51:06] /r 100
[11/08/2012 17:51:06] /r 100
[11/08/2012 17:51:07] /r 100
[11/08/2012 17:51:07] /r 100
[11/08/2012 17:51:07] /r 100
[11/08/2012 17:51:07] /r 100
[11/08/2012 17:51:07] /r 100
[11/08/2012 17:51:07] /r 100
[11/08/2012 17:51:08] /r 100
[11/08/2012 17:51:08] /r 100
[11/08/2012 17:51:08] /r 100
[11/08/2012 17:51:08] /r 100
[11/08/2012 17:51:09] /r 100
[11/08/2012 17:51:09] /r 100
[11/08/2012 17:51:09] /r 100
[11/08/2012 17:51:09] /r 100
[11/08/2012 17:51:10] /r 100
[11/08/2012 17:51:10] /r 100
[11/08/2012 17:51:10] /r 100
[11/08/2012 17:51:10] /r 100
[11/08/2012 17:51:10] /r 100
[11/08/2012 17:51:11] /r 100
[11/08/2012 17:51:11] /r 100
[11/08/2012 17:51:11] /r 100
[11/08/2012 17:51:12] /r 100
[11/08/2012 17:51:12] /r 100
[11/08/2012 17:51:12] /r 100
[11/08/2012 17:51:12] /r 100
[11/08/2012 17:51:12] /r 100
[11/08/2012 17:51:12] /r 100
[11/08/2012 17:51:13] /r 100
[11/08/2012 17:51:13] /r 100
[11/08/2012 17:51:13] /r 100
[11/08/2012 17:51:14] /r 100
[11/08/2012 17:51:14] /r 100
[11/08/2012 17:51:14] /r 100
[11/08/2012 17:51:14] /r 100
[11/08/2012 17:51:15] /r 100
[11/08/2012 17:51:15] /r 100
[11/08/2012 17:51:15] /r 100
[11/08/2012 17:51:15] /r 100
[11/08/2012 17:51:16] /r 100
[11/08/2012 17:51:16] /r 100
[11/08/2012 17:51:16] /r 100
[11/08/2012 17:51:16] /r 100
[11/08/2012 17:51:16] /r 100
[11/08/2012 17:51:17] /r 100
[11/08/2012 17:51:17] /r 100
[11/08/2012 17:51:17] /r 100
[11/08/2012 17:51:18] /r 100
[11/08/2012 17:51:18] /r 100
[11/08/2012 17:51:18] /r 100
[11/08/2012 17:51:18] /r 100
[11/08/2012 17:51:19] /r 100
[11/08/2012 17:51:19] /r 100
[11/08/2012 17:51:19] /r 100
[11/08/2012 17:51:19] /r 100
[11/08/2012 17:51:20] /r 100
[11/08/2012 17:51:20] /r 100
[11/08/2012 17:51:23] /r 100
[11/08/2012 17:51:24] /r 100
[11/08/2012 17:51:24] /r 100
[11/08/2012 17:51:24] /r 100
[11/08/2012 17:51:24] /r 100
[11/08/2012 17:51:24] /r 100
[11/08/2012 17:51:24] /r 100
[11/08/2012 17:51:25] /r 100
[11/08/2012 17:51:25] /r 100
[11/08/2012 17:51:25] /r 100
[11/08/2012 17:51:25] /r 100
[11/08/2012 17:51:26] /r 100
[11/08/2012 17:51:26] /r 100
[11/08/2012 17:51:26] /r 100
[11/08/2012 17:51:26] /r 100
[11/08/2012 17:51:29] /r 100
[11/08/2012 17:51:29] /r 100
[11/08/2012 17:51:30] /r 100
[11/08/2012 17:51:30] /r 100
[11/08/2012 17:51:30] /r 100
[11/08/2012 17:51:30] /r 100
[11/08/2012 17:51:30] /r 100
[11/08/2012 17:51:30] /r 100
[11/08/2012 17:51:31] /r 100
[11/08/2012 17:51:31] /r 100
[11/08/2012 17:51:31] /r 100
[11/08/2012 17:51:31] /r 100
[11/08/2012 17:51:32] /r 100
[11/08/2012 17:51:32] /r 100
[11/08/2012 17:51:40] /i 3519
[11/08/2012 17:51:49] /i 3519
[11/08/2012 17:51:59] /i 3514
[11/08/2012 17:52:09] /r
[11/08/2012 17:52:22] /i white marble floor
[11/08/2012 17:52:25] /i white marble floor
[11/08/2012 17:52:29] /i white marble floor
[11/08/2012 17:52:34] /r
[11/08/2012 17:52:38] /i white marble floor
[11/08/2012 17:52:47] /i drawbridge
[11/08/2012 17:52:49] /i drawbridge
[11/08/2012 17:52:52] /i drawbridge
[11/08/2012 17:52:54] /i drawbridge
[11/08/2012 17:52:57] /i drawbridge
[11/08/2012 17:53:00] /i drawbridge 10
[11/08/2012 17:53:03] /i drawbridge 1
[11/08/2012 17:53:07] /i drawbridge 1
[11/08/2012 17:53:09] /i drawbridge 1
[11/08/2012 17:53:15] /i drawbridge
[11/08/2012 17:53:19] /i drawbridge
[11/08/2012 17:53:22] /i drawbridge
[11/08/2012 17:53:25] /i drawbridge
[11/08/2012 17:53:36] /i drawbridge
[11/08/2012 17:53:40] /i drawbridge
[11/08/2012 17:53:46] /i drawbridge
[11/08/2012 17:53:49] /i drawbridge
[11/08/2012 17:53:52] /i drawbridge
[11/08/2012 17:53:55] /i drawbridge
[11/08/2012 17:53:59] /i drawbridge
[11/08/2012 17:54:02] /i drawbridge
[11/08/2012 17:54:15] /i drawbridge
[11/08/2012 17:54:18] /i drawbridge
[11/08/2012 17:54:20] /r
[11/08/2012 17:54:30] /i drawbridge
[11/08/2012 17:54:48] /i 6904
[11/08/2012 17:55:00] /r
[11/08/2012 17:55:13] /i 6894
[11/08/2012 17:56:18] /i 4610
[11/08/2012 17:57:05] /i 6390
[11/08/2012 17:57:18] /i drawbridge
[11/08/2012 17:57:21] /i drawbridge
[11/08/2012 17:57:26] /i drawbridge
[11/08/2012 17:57:29] /i drawbridge
[11/08/2012 17:57:51] /i drawbridge
[11/08/2012 17:57:54] /i drawbridge
[11/08/2012 17:57:58] /i drawbridge
[11/08/2012 17:58:01] /i drawbridge
[11/08/2012 17:58:10] /r
[11/08/2012 17:58:20] /i 6390
[11/08/2012 17:58:29] /t
[11/08/2012 18:28:37] /i /down
[11/08/2012 18:28:40] /i /down
[11/08/2012 18:28:44] /i /down
[11/08/2012 18:28:46] /i /down
[11/08/2012 18:28:50] /down
[11/08/2012 18:28:51] /down
[11/08/2012 18:28:53] /down 2
[11/08/2012 18:28:55] /down 3
[11/08/2012 18:28:56] /down 4
[11/08/2012 18:28:57] /down 5
[11/08/2012 18:28:58] /down 6
[11/08/2012 18:29:00] /down 7
[11/08/2012 18:29:03] /down 8
[11/08/2012 18:29:04] /down 9
[11/08/2012 18:29:11] /a 3
[11/08/2012 18:29:26] /a 5
[11/08/2012 18:29:27] /a 5
[11/08/2012 18:30:14] /up
[11/08/2012 18:40:53] /t
[11/08/2012 18:41:11] /openserver
[11/08/2012 21:03:16] /goto zatacka
[11/08/2012 21:05:03] /down
[11/08/2012 21:07:18] /m troll 5
[11/08/2012 21:07:21] /m troll
[11/08/2012 21:07:22] /m troll
[11/08/2012 21:07:23] /m troll
[11/08/2012 21:07:23] /m troll
[11/08/2012 21:07:24] /m troll
[11/08/2012 21:07:24] /m troll
[11/08/2012 21:07:25] /m troll
[11/08/2012 21:07:27] /m trollaaaha
[11/08/2012 21:11:05] /down
[11/08/2012 21:11:14] /r
[11/08/2012 21:11:16] /r
[11/08/2012 21:11:17] /r
[11/08/2012 21:11:18] /r
[11/08/2012 21:11:18] /r
[11/08/2012 21:11:20] /r
[11/08/2012 21:11:22] /r 100
[11/08/2012 21:11:22] /r 100
[11/08/2012 21:11:23] /r 100
[11/08/2012 21:11:23] /r 100
[11/08/2012 21:11:23] /r 100
[11/08/2012 21:11:23] /r 100
[11/08/2012 21:11:23] /r 100
[11/08/2012 21:11:23] /r 100
[11/08/2012 21:11:24] /r 100
[11/08/2012 21:11:24] /r 100
[11/08/2012 21:11:24] /r 100
[11/08/2012 21:11:24] /r 100
[11/08/2012 21:11:24] /r 100
[11/08/2012 21:11:24] /r 100
[11/08/2012 21:11:25] /r 100
[11/08/2012 21:11:25] /r 100
[11/08/2012 21:11:25] /r 100
[11/08/2012 21:11:25] /r 100
[11/08/2012 21:11:25] /r 100
[11/08/2012 21:11:26] /r 100
[11/08/2012 21:11:26] /r 100
[11/08/2012 21:11:26] /r 100
[11/08/2012 21:11:26] /r 100
[11/08/2012 21:11:31] /clean
[11/08/2012 21:11:34] /clean
[11/08/2012 21:11:37] /r 100
[11/08/2012 21:11:38] /r 100
[11/08/2012 21:11:38] /r 100
[11/08/2012 21:11:38] /r 100
[11/08/2012 21:11:38] /r 100
[11/08/2012 21:11:38] /r 100
[11/08/2012 21:11:38] /r 100
[11/08/2012 21:11:38] /r 100
[11/08/2012 21:11:38] /r 100
[11/08/2012 21:11:38] /r 100
[11/08/2012 21:11:38] /r 100
[11/08/2012 21:11:38] /r 100
[11/08/2012 21:11:38] /r 100
[11/08/2012 21:11:38] /r 100
[11/08/2012 21:11:39] /r 100
[11/08/2012 21:11:39] /r 100
[11/08/2012 21:11:39] /r 100
[11/08/2012 21:11:39] /r 100
[11/08/2012 21:11:39] /r 100
[11/08/2012 21:11:39] /r 100
[11/08/2012 21:11:39] /r 100
[11/08/2012 21:11:40] /r 100
[11/08/2012 21:11:40] /r 100
[11/08/2012 21:11:40] /r 100
[11/08/2012 21:11:40] /r 100
[11/08/2012 21:11:40] /r 100
[11/08/2012 21:11:40] /r 100
[11/08/2012 21:11:40] /r 100
[11/08/2012 21:11:40] /r 100
[11/08/2012 21:11:40] /r 100
[11/08/2012 21:11:40] /r 100
[11/08/2012 21:11:40] /r 100
[11/08/2012 21:11:41] /r 100
[11/08/2012 21:11:41] /r 100
[11/08/2012 21:11:41] /r 100
[11/08/2012 21:11:41] /r 100
[11/08/2012 21:11:41] /r 100
[11/08/2012 21:11:41] /r 100
[11/08/2012 21:11:41] /r 100
[11/08/2012 21:11:41] /r 100
[11/08/2012 21:11:41] /r 100
[11/08/2012 21:11:41] /r 100
[11/08/2012 21:11:41] /r 100
[11/08/2012 21:11:41] /r 100
[11/08/2012 21:11:41] /r 100
[11/08/2012 21:11:41] /r 100
[11/08/2012 21:11:41] /r 100
[11/08/2012 21:11:41] /r 100
[11/08/2012 21:11:41] /r 100
[11/08/2012 21:11:41] /r 100
[11/08/2012 21:11:41] /r 100
[11/08/2012 21:11:43] /r 100
[11/08/2012 21:11:44] /r 100
[11/08/2012 21:11:44] /r 100
[11/08/2012 21:11:44] /r 100
[11/08/2012 21:11:45] /r 100
[11/08/2012 21:11:45] /r 100
[11/08/2012 21:11:45] /r 100
[11/08/2012 21:11:45] /r 100
[11/08/2012 21:11:45] /r 100
[11/08/2012 21:11:46] /r 100
[11/08/2012 21:11:46] /r 100
[11/08/2012 21:11:46] /r 100
[11/08/2012 21:11:46] /r 100
[11/08/2012 21:11:47] /r 100
[11/08/2012 21:11:47] /r 100
[11/08/2012 21:11:47] /r 100
[11/08/2012 21:11:47] /r 100
[11/08/2012 21:11:47] /r 100
[11/08/2012 21:11:48] /r 100
[11/08/2012 21:11:49] /r 100
[11/08/2012 21:11:49] /r 100
[11/08/2012 21:11:49] /r 100
[11/08/2012 21:11:49] /r 100
[11/08/2012 21:11:49] /r 100
[11/08/2012 21:11:49] /r 100
[11/08/2012 21:11:50] /r 100
[11/08/2012 21:11:50] /r 100
[11/08/2012 21:11:50] /r 100
[11/08/2012 21:11:50] /r 100
[11/08/2012 21:11:50] /r 100
[11/08/2012 21:11:51] /r 100
[11/08/2012 21:11:51] /r 100
[11/08/2012 21:11:51] /r 100
[11/08/2012 21:11:51] /r 100
[11/08/2012 21:11:54] /r 100
[11/08/2012 21:11:55] /r 100
[11/08/2012 21:11:55] /r 100
[11/08/2012 21:11:55] /r 100
[11/08/2012 21:11:56] /r 100
[11/08/2012 21:11:56] /r 100
[11/08/2012 21:11:56] /r 100
[11/08/2012 21:11:56] /r 100
[11/08/2012 21:11:56] /r 100
[11/08/2012 21:11:57] /r 100
[11/08/2012 21:11:57] /r 100
[11/08/2012 21:11:57] /r 100
[11/08/2012 21:11:57] /r 100
[11/08/2012 21:11:58] /r 100
[11/08/2012 21:11:58] /r 100
[11/08/2012 21:11:58] /r 100
[11/08/2012 21:12:00] /r 100
[11/08/2012 21:12:08] /i 1050
[11/08/2012 21:12:19] /up
[11/08/2012 21:12:30] /c tarek adel
[11/08/2012 21:14:23] /t
[11/08/2012 21:14:30] /c tarek adel
[11/08/2012 21:20:34] /r
[11/08/2012 21:20:41] /i 7355
[11/08/2012 21:20:43] /i 7355
[11/08/2012 21:20:45] /i 7355
[11/08/2012 21:20:50] /r
[11/08/2012 21:20:52] /i 7355
[11/08/2012 21:20:55] /i 7355
[11/08/2012 21:20:56] /i 7355
[11/08/2012 21:20:58] /i 7355
[11/08/2012 21:20:59] /i 7355
[11/08/2012 21:21:03] /i 7355
[11/08/2012 21:21:05] /i 7355
[11/08/2012 21:21:11] /i 7355
[11/08/2012 21:21:19] /i 7355
[11/08/2012 21:21:21] /i 7355
[11/08/2012 21:21:23] /i 7355
[11/08/2012 21:21:25] /i 7355
[11/08/2012 21:21:27] /i 7355
[11/08/2012 21:21:32] /i 7355
[11/08/2012 21:21:34] /i 7355
[11/08/2012 21:21:36] /i 7355
[11/08/2012 21:21:38] /i 7355
[11/08/2012 21:21:45] /i 7355
[11/08/2012 21:21:47] /i 7355
[11/08/2012 21:21:49] /i 7355
[11/08/2012 21:21:51] /i 7355
[11/08/2012 21:21:53] /i 7355
[11/08/2012 21:21:55] /i 7355
[11/08/2012 21:21:57] /i 7355
[11/08/2012 21:22:02] /i 7355
[11/08/2012 21:22:07] /i 7355
[11/08/2012 21:22:09] /i 7355
[11/08/2012 21:22:11] /i 7355
[11/08/2012 21:22:13] /i 7355
[11/08/2012 21:22:15] /i 7355
[11/08/2012 21:22:16] /i 7355
[11/08/2012 21:22:23] /i 7355
[11/08/2012 21:22:25] /i 7355
[11/08/2012 21:22:31] /r
[11/08/2012 21:22:39] /a 1
[11/08/2012 21:22:42] /i 7355
[11/08/2012 21:22:45] /i 7355
[11/08/2012 21:22:58] /i 5772
[11/08/2012 21:22:59] /i 5772
[11/08/2012 21:23:10] /r
[11/08/2012 21:23:20] /i 6894
[11/08/2012 21:23:21] /i 6894
[11/08/2012 21:23:55] /save
[11/08/2012 21:24:22] /save
[11/08/2012 21:24:23] /save
[11/08/2012 21:25:25] /c zatacka
[11/08/2012 21:25:27] /c zatacka
[11/08/2012 21:25:28] /c zatacka
[11/08/2012 21:25:29] /c zatacka
[11/08/2012 21:25:31] /c zatacka
[11/08/2012 21:26:06] /t
[11/08/2012 21:26:16] /zombiestart
[11/08/2012 21:28:21] /a 2
[11/08/2012 21:28:24] /a 1
[11/08/2012 21:28:26] /a 1
[11/08/2012 21:28:29] /down
[11/08/2012 21:28:34] /a 1
[11/08/2012 21:28:48] /up
[11/08/2012 21:39:13] /a 1
[11/08/2012 21:45:04] /attr group "10
[11/08/2012 21:51:19] /down
[11/08/2012 21:54:17] /i ladder
[11/08/2012 21:54:20] /r
[11/08/2012 21:54:40] /down
[11/08/2012 21:54:52] /i 9573
[11/08/2012 21:55:04] /r
[11/08/2012 21:55:09] /i marble floor
[11/08/2012 21:55:18] /i white marble floor
[11/08/2012 21:55:20] /i white marble floor
[11/08/2012 21:55:23] /i white marble floor
[11/08/2012 21:55:28] /i white marble floor
[11/08/2012 21:55:33] /i white marble floor
[11/08/2012 21:55:36] /up
[11/08/2012 21:55:43] /down
[11/08/2012 21:55:51] /i 9573
[11/08/2012 21:56:23] /down
[11/08/2012 21:56:32] /i 1369
[11/08/2012 21:56:38] /i 1368
[11/08/2012 21:56:40] /i 1368
[11/08/2012 21:56:42] /r
[11/08/2012 21:56:56] /r
[11/08/2012 21:57:00] /r
[11/08/2012 21:57:04] /i ladder
[11/08/2012 21:57:28] /i 1369
[11/08/2012 21:57:43] /r
[11/08/2012 21:57:53] /up
[11/08/2012 21:58:02] /up
[11/08/2012 21:58:05] /r
[11/08/2012 21:58:21] /i 9573
[11/08/2012 21:58:32] /i white marble floor
[11/08/2012 21:58:34] /i white marble floor
[11/08/2012 21:58:37] /i white marble floor
[11/08/2012 21:58:39] /i white marble floor
[11/08/2012 21:58:42] /r
[11/08/2012 21:58:46] /i white marble floor
[11/08/2012 21:58:50] /i 9573
[11/08/2012 22:00:11] /r
[11/08/2012 22:00:20] /r
[11/08/2012 22:00:29] /i drawbridge
[11/08/2012 22:00:54] /up
[11/08/2012 22:01:30] /newtype 304
[11/08/2012 22:01:32] /newtype 306
[11/08/2012 22:01:34] /newtype 307
[11/08/2012 22:01:36] /newtype 308
[11/08/2012 22:01:38] /newtype 308
[11/08/2012 22:01:40] /newtype 309
[11/08/2012 22:01:42] /newtype 301
[11/08/2012 22:01:44] /newtype 303
[11/08/2012 22:01:53] /newtype 2701
[11/08/2012 22:02:12] /newtype 209
[11/08/2012 22:02:17] /newtype 309
[11/08/2012 22:02:27] /r
[11/08/2012 22:02:29] /a 1
[11/08/2012 22:02:39] /i black marble tile
[11/08/2012 22:02:43] /r
[11/08/2012 22:03:00] /goto zatacka
[11/08/2012 22:08:59] /goto zatacka
[11/08/2012 22:09:02] /goto zatacka
[11/08/2012 22:09:08] /goto sexbomb
[11/08/2012 22:12:51] /i stone flooring
[11/08/2012 22:13:02] /i 7355
[11/08/2012 22:13:12] /r
[11/08/2012 22:13:13] /r
[11/08/2012 22:13:13] /r
[11/08/2012 22:13:14] /r
[11/08/2012 22:13:17] /r
[11/08/2012 22:13:18] /r
[11/08/2012 22:13:21] /r
[11/08/2012 22:13:24] /r
[11/08/2012 22:13:24] /r
[11/08/2012 22:13:27] /r
[11/08/2012 22:14:05] /up
[11/08/2012 22:14:30] /a 2
[11/08/2012 22:15:03] /i 2180
[11/08/2012 22:15:33] /attr position 196
[11/08/2012 22:15:47] /attr position 2000
[11/08/2012 22:15:53] /attr position  X2000
[11/08/2012 22:15:57] /r
[11/08/2012 22:16:30] /up
[11/08/2012 22:16:32] /up
[11/08/2012 22:16:34] /up
[11/08/2012 22:16:35] /up 2
[11/08/2012 22:16:37] /up 3
[11/08/2012 22:16:38] /up 4
[11/08/2012 22:16:39] /up 5
[11/08/2012 22:16:52] /up
[11/08/2012 22:16:54] /up 2
[11/08/2012 22:16:55] /up 3
[11/08/2012 22:16:56] /up 4
[11/08/2012 22:16:58] /up 5
[11/08/2012 22:16:59] /up 6
[11/08/2012 22:17:01] /up 7
[11/08/2012 22:17:02] /up 8
[11/08/2012 22:17:05] /up 9
[11/08/2012 22:17:06] /a 2
[11/08/2012 22:17:10] /down
[11/08/2012 22:17:14] /down 4
[11/08/2012 22:17:47] /up
[11/08/2012 22:17:48] /up 2
[11/08/2012 22:17:50] /up 3
[11/08/2012 22:17:51] /up 4
[11/08/2012 22:17:52] /up 5
[11/08/2012 22:17:54] /up 6
[11/08/2012 22:18:00] /up 7
[11/08/2012 22:18:02] /up 8
[11/08/2012 22:18:03] /up 9
[11/08/2012 22:18:06] /down
[11/08/2012 22:18:07] /down 2
[11/08/2012 22:18:10] /down 3
[11/08/2012 22:18:12] /down 4
[11/08/2012 22:18:13] /down 5
[11/08/2012 22:18:15] /down 6
[11/08/2012 22:18:16] /down 7
[11/08/2012 22:18:18] /down 8
[11/08/2012 22:18:19] /down 9
[11/08/2012 22:18:21] /t
[11/08/2012 22:18:42] /a 1
[11/08/2012 22:18:46] /a 3
[11/08/2012 22:19:02] /up 4
[11/08/2012 22:19:04] /up 4
[11/08/2012 22:19:05] /up 2
[11/08/2012 22:19:07] /up 1
[11/08/2012 22:19:11] /up 2
[11/08/2012 22:19:18] /down
[11/08/2012 22:19:34] /down
[11/08/2012 22:19:36] /down
[11/08/2012 22:19:37] /down
[11/08/2012 22:19:38] /down
[11/08/2012 22:19:49] /up 2
[11/08/2012 22:40:17] /goto zatacka
[11/08/2012 22:42:22] /newtype 209
[11/08/2012 22:42:25] /newtype 2
[11/08/2012 22:42:28] /newtype 0
[11/08/2012 22:42:30] /newtype 9
[11/08/2012 22:42:32] /newtype 19
[11/08/2012 22:42:34] /newtype 14
[11/08/2012 22:42:36] /newtype 15
[11/08/2012 22:42:37] /newtype 16
[11/08/2012 22:42:39] /newtype 17
[11/08/2012 22:42:40] /newtype 18
[11/08/2012 22:42:42] /newtype 18
[11/08/2012 22:42:43] /newtype 12
[11/08/2012 22:42:51] /newtype 11
[11/08/2012 22:42:54] /newtype 10
[11/08/2012 22:43:00] /newtype 20
[11/08/2012 22:43:01] /newtype 21
[11/08/2012 22:43:03] /newtype 22
[11/08/2012 22:43:04] /newtype 23
[11/08/2012 22:43:09] /newtype 24
[11/08/2012 22:43:11] /newtype 25
[11/08/2012 22:43:12] /newtype 26
[11/08/2012 22:43:14] /newtype 27
[11/08/2012 22:43:16] /newtype 28
[11/08/2012 22:43:17] /newtype 29
[11/08/2012 22:43:19] /newtype 230
[11/08/2012 22:43:23] /newtype 30
[11/08/2012 22:43:24] /newtype 31
[11/08/2012 22:43:42] /newtype 32
[11/08/2012 22:43:44] /newtype 32
[11/08/2012 22:43:46] /newtype 33
[11/08/2012 22:43:48] /newtype 3
[11/08/2012 22:43:52] /newtype 34
[11/08/2012 22:43:53] /newtype 35
[11/08/2012 22:43:58] /newtype 36
[11/08/2012 22:43:59] /newtype 37
[11/08/2012 22:44:01] /newtype 38
[11/08/2012 22:44:03] /newtype 39
[11/08/2012 22:44:05] /newtype 40
[11/08/2012 22:44:08] /newtype 41
[11/08/2012 22:44:09] /newtype 42
[11/08/2012 22:44:14] /newtype 42
[11/08/2012 22:44:16] /newtype 43
[11/08/2012 22:44:17] /newtype 44
[11/08/2012 22:44:19] /newtype 45
[11/08/2012 22:44:25] /newtype 45
[11/08/2012 22:44:29] /newtype 46
[11/08/2012 22:44:32] /newtype 47
[11/08/2012 22:44:34] /newtype 48
[11/08/2012 22:44:36] /newtype 49
[11/08/2012 22:46:07] /up
[11/08/2012 22:47:20] /t
[11/08/2012 22:47:30] /goto zatacka
[11/08/2012 22:47:51] /newtype 309
[12/08/2012 11:48:26] /goto zatacka
[12/08/2012 11:49:45] /t
[12/08/2012 11:50:25] /goto zatacka
[12/08/2012 11:53:18] /i 5066
[12/08/2012 11:53:22] /i 5066
[12/08/2012 11:53:24] /i 5066
[12/08/2012 11:53:26] /i 5066
[12/08/2012 11:53:29] /r
[12/08/2012 11:53:30] /r
[12/08/2012 11:53:32] /r
[12/08/2012 11:53:34] /r
[12/08/2012 11:53:54] /i 5066
[12/08/2012 11:54:50] /goto zatacka
[12/08/2012 11:59:57] /a 1
[12/08/2012 11:59:58] /a 1
[12/08/2012 11:59:58] /a 1
[12/08/2012 11:59:58] /a 1
[12/08/2012 11:59:58] /a 1
[12/08/2012 11:59:58] /a 1
[12/08/2012 11:59:58] /a 1
[12/08/2012 11:59:58] /a 1
[12/08/2012 12:00:01] /a 1
[12/08/2012 12:00:02] /a 1
[12/08/2012 12:00:02] /a 1
[12/08/2012 12:00:02] /a 1
[12/08/2012 12:00:02] /a 1
[12/08/2012 12:00:02] /a 1
[12/08/2012 12:00:02] /a 1
[12/08/2012 12:00:02] /a 1
[12/08/2012 12:00:02] /a 1
[12/08/2012 12:00:02] /a 1
[12/08/2012 12:00:02] /a 1
[12/08/2012 12:00:02] /a 1
[12/08/2012 12:00:02] /a 1
[12/08/2012 12:00:02] /a 1
[12/08/2012 12:00:03] /a 1
[12/08/2012 12:00:03] /a 1
[12/08/2012 12:00:03] /a 1
[12/08/2012 12:00:03] /a 1
[12/08/2012 12:00:03] /a 1
[12/08/2012 12:00:04] /a 1
[12/08/2012 12:00:05] /a 1
[12/08/2012 12:00:05] /a 1
[12/08/2012 12:00:06] /a 1
[12/08/2012 12:00:06] /a 1
[12/08/2012 12:00:06] /a 1
[12/08/2012 12:00:06] /a 1
[12/08/2012 12:00:06] /a 1
[12/08/2012 12:00:06] /a 1
[12/08/2012 12:00:06] /a 1
[12/08/2012 12:00:06] /a 1
[12/08/2012 12:00:06] /a 1
[12/08/2012 12:00:06] /a 1
[12/08/2012 12:00:08] /a 1
[12/08/2012 12:00:09] /a 1
[12/08/2012 12:00:09] /a 1
[12/08/2012 12:00:09] /a 1
[12/08/2012 12:00:09] /a 1
[12/08/2012 12:00:09] /a 1
[12/08/2012 12:00:09] /a 1
[12/08/2012 12:00:09] /a 1
[12/08/2012 12:00:09] /a 1
[12/08/2012 12:00:09] /a 1
[12/08/2012 12:00:09] /a 1
[12/08/2012 12:00:09] /a 1
[12/08/2012 12:00:10] /a 1
[12/08/2012 12:00:10] /a 1
[12/08/2012 12:00:10] /a 1
[12/08/2012 12:00:10] /a 1
[12/08/2012 12:00:10] /a 1
[12/08/2012 12:00:10] /a 1
[12/08/2012 12:00:10] /a 1
[12/08/2012 12:00:10] /a 1
[12/08/2012 12:00:10] /a 1
[12/08/2012 12:00:10] /a 1
[12/08/2012 12:00:10] /a 1
[12/08/2012 12:00:10] /a 1
[12/08/2012 12:00:11] /a 1
[12/08/2012 12:00:11] /a 1
[12/08/2012 12:00:11] /a 1
[12/08/2012 12:00:17] /a 1
[12/08/2012 12:00:17] /a 1
[12/08/2012 12:00:17] /a 1
[12/08/2012 12:00:17] /a 1
[12/08/2012 12:00:17] /a 1
[12/08/2012 12:00:18] /a 1
[12/08/2012 12:00:18] /a 1
[12/08/2012 12:00:18] /a 1
[12/08/2012 12:00:19] /a 1
[12/08/2012 12:00:24] /a 1
[12/08/2012 12:00:24] /a 1
[12/08/2012 12:00:25] /a 1
[12/08/2012 12:00:25] /a 1
[12/08/2012 12:00:25] /a 1
[12/08/2012 12:00:25] /a 1
[12/08/2012 12:00:25] /a 1
[12/08/2012 12:00:25] /a 1
[12/08/2012 12:00:25] /a 1
[12/08/2012 12:00:25] /a 1
[12/08/2012 12:00:25] /a 1
[12/08/2012 12:00:25] /a 1
[12/08/2012 12:00:25] /a 1
[12/08/2012 12:00:25] /a 1
[12/08/2012 12:00:27] /a 1
[12/08/2012 12:00:27] /a 1
[12/08/2012 12:00:28] /a 1
[12/08/2012 12:00:28] /a 1
[12/08/2012 12:00:28] /a 1
[12/08/2012 12:00:28] /a 1
[12/08/2012 12:00:28] /a 1
[12/08/2012 12:00:28] /a 1
[12/08/2012 12:00:28] /a 1
[12/08/2012 12:00:28] /a 1
[12/08/2012 12:00:28] /a 1
[12/08/2012 12:00:28] /a 1
[12/08/2012 12:00:30] /a 1
[12/08/2012 12:00:30] /a 1
[12/08/2012 12:00:30] /a 1
[12/08/2012 12:00:31] /a 1
[12/08/2012 12:00:31] /a 1
[12/08/2012 12:00:31] /a 1
[12/08/2012 12:00:31] /a 1
[12/08/2012 12:00:31] /a 1
[12/08/2012 12:00:32] /a 1
[12/08/2012 12:00:32] /a 1
[12/08/2012 12:00:37] /a 1
[12/08/2012 12:00:38] /a 1
[12/08/2012 12:00:38] /a 1
[12/08/2012 12:00:38] /a 1
[12/08/2012 12:00:38] /a 1
[12/08/2012 12:00:38] /a 1
[12/08/2012 12:00:38] /a 1
[12/08/2012 12:00:38] /a 1
[12/08/2012 12:00:38] /a 1
[12/08/2012 12:00:38] /a 1
[12/08/2012 12:00:38] /a 1
[12/08/2012 12:00:38] /a 1
[12/08/2012 12:00:38] /a 1
[12/08/2012 12:00:38] /a 1
[12/08/2012 12:00:41] /a 1
[12/08/2012 12:00:41] /a 1
[12/08/2012 12:00:41] /a 1
[12/08/2012 12:00:41] /a 1
[12/08/2012 12:00:48] /bc vare du?
[12/08/2012 12:00:56] /a 1
[12/08/2012 12:00:56] /a 1
[12/08/2012 12:00:56] /a 1
[12/08/2012 12:00:57] /a 1
[12/08/2012 12:00:57] /a 1
[12/08/2012 12:00:57] /a 1
[12/08/2012 12:00:57] /a 1
[12/08/2012 12:00:59] /a 1
[12/08/2012 12:00:59] /a 1
[12/08/2012 12:01:00] /a 1
[12/08/2012 12:01:00] /a 1
[12/08/2012 12:01:00] /a 1
[12/08/2012 12:01:00] /a 1
[12/08/2012 12:01:00] /a 1
[12/08/2012 12:01:00] /a 1
[12/08/2012 12:01:00] /a 1
[12/08/2012 12:01:00] /a 1
[12/08/2012 12:01:01] /a 1
[12/08/2012 12:01:02] /a 1
[12/08/2012 12:01:02] /a 1
[12/08/2012 12:01:02] /a 1
[12/08/2012 12:01:02] /a 1
[12/08/2012 12:01:04] /a 1
[12/08/2012 12:01:05] /a 1
[12/08/2012 12:01:05] /a 1
[12/08/2012 12:01:06] /a 1
[12/08/2012 12:01:06] /a 1
[12/08/2012 12:01:06] /a 1
[12/08/2012 12:01:07] /a 1
[12/08/2012 12:01:07] /a 1
[12/08/2012 12:01:08] /a 1
[12/08/2012 12:01:10] /a 1
[12/08/2012 12:01:10] /a 1
[12/08/2012 12:01:11] /a 1
[12/08/2012 12:01:11] /a 1
[12/08/2012 12:01:11] /a 1
[12/08/2012 12:01:13] /a 1
[12/08/2012 12:01:14] /a 1
[12/08/2012 12:01:14] /a 1
[12/08/2012 12:01:14] /a 1
[12/08/2012 12:01:14] /a 1
[12/08/2012 12:01:14] /a 1
[12/08/2012 12:01:15] /a 1
[12/08/2012 12:01:15] /a 1
[12/08/2012 12:01:15] /a 1
[12/08/2012 12:01:15] /a 1
[12/08/2012 12:01:16] /a 1
[12/08/2012 12:01:21] /a 1
[12/08/2012 12:01:21] /a 1
[12/08/2012 12:01:21] /a 1
[12/08/2012 12:01:22] /a 1
[12/08/2012 12:01:22] /a 1
[12/08/2012 12:01:22] /a 1
[12/08/2012 12:01:22] /a 1
[12/08/2012 12:01:22] /a 1
[12/08/2012 12:01:22] /a 1
[12/08/2012 12:01:22] /a 1
[12/08/2012 12:01:22] /a 1
[12/08/2012 12:01:22] /a 1
[12/08/2012 12:01:22] /a 1
[12/08/2012 12:01:22] /a 1
[12/08/2012 12:02:41] /up
[12/08/2012 12:02:51] /goto zatacka
[12/08/2012 12:06:36] /a 1
[12/08/2012 12:06:37] /a 1
[12/08/2012 12:06:37] /a 1
[12/08/2012 12:06:37] /a 1
[12/08/2012 12:06:37] /a 1
[12/08/2012 12:06:37] /a 1
[12/08/2012 12:06:37] /a 1
[12/08/2012 12:06:37] /a 1
[12/08/2012 12:06:37] /a 1
[12/08/2012 12:06:52] /a 1
[12/08/2012 12:06:56] /a 1
[12/08/2012 12:06:56] /a 1
[12/08/2012 12:06:56] /a 1
[12/08/2012 12:06:56] /a 1
[12/08/2012 12:06:57] /a 1
[12/08/2012 12:06:57] /a 1
[12/08/2012 12:06:57] /a 1
[12/08/2012 12:06:57] /a 1
[12/08/2012 12:06:57] /a 1
[12/08/2012 12:06:58] /a 1
[12/08/2012 12:06:58] /a 1
[12/08/2012 12:06:59] /a 1
[12/08/2012 12:07:01] /a 1
[12/08/2012 12:07:02] /a 1
[12/08/2012 12:07:02] /a 1
[12/08/2012 12:07:02] /a 1
[12/08/2012 12:09:43] /goto zatacka
[12/08/2012 12:10:57] /a 1
[12/08/2012 12:10:57] /a 1
[12/08/2012 12:10:57] /a 1
[12/08/2012 12:10:57] /a 1
[12/08/2012 12:10:57] /a 1
[12/08/2012 12:10:57] /a 1
[12/08/2012 12:10:57] /a 1
[12/08/2012 12:10:57] /a 1
[12/08/2012 12:10:57] /a 1
[12/08/2012 12:10:57] /a 1
[12/08/2012 12:10:57] /a 1
[12/08/2012 12:10:57] /a 1
[12/08/2012 12:10:57] /a 1
[12/08/2012 12:10:59] /a 1
[12/08/2012 12:11:00] /a 1
[12/08/2012 12:11:00] /a 1
[12/08/2012 12:11:00] /a 1
[12/08/2012 12:11:00] /a 1
[12/08/2012 12:11:01] /a 1
[12/08/2012 12:11:01] /a 1
[12/08/2012 12:11:01] /a 1
[12/08/2012 12:11:13] /a 1
[12/08/2012 12:12:15] /b ööööööööööööööööööööööööööööööööh
[12/08/2012 12:13:17] /a 3
[12/08/2012 12:15:03] /a 4
[12/08/2012 12:16:03] /m obama
[12/08/2012 12:16:11] /c obama
[12/08/2012 12:17:07] /a 2
[12/08/2012 12:17:13] /a 1
[12/08/2012 12:17:16] /a 3
[12/08/2012 12:17:38] /a 3
[12/08/2012 12:18:13] /a 1
[12/08/2012 12:18:14] /a 1
[12/08/2012 12:18:14] /a 1
[12/08/2012 12:18:14] /a 1
[12/08/2012 12:18:14] /a 1
[12/08/2012 12:18:14] /a 1
[12/08/2012 12:18:14] /a 1
[12/08/2012 12:18:14] /a 1
[12/08/2012 12:18:14] /a 1
[12/08/2012 12:18:14] /a 1
[12/08/2012 12:18:14] /a 1
[12/08/2012 12:18:14] /a 1
[12/08/2012 12:18:14] /a 1
[12/08/2012 12:18:14] /a 1
[12/08/2012 12:18:14] /a 1
[12/08/2012 12:18:14] /a 1
[12/08/2012 12:18:14] /a 1
[12/08/2012 12:18:14] /a 1
[12/08/2012 12:18:14] /a 1
[12/08/2012 12:20:07] /a 1
[12/08/2012 12:20:07] /a 1
[12/08/2012 12:20:07] /a 1
[12/08/2012 12:20:07] /a 1
[12/08/2012 12:20:07] /a 1
[12/08/2012 12:20:08] /a 1
[12/08/2012 12:20:08] /a 1
[12/08/2012 12:20:10] /a 1
[12/08/2012 12:20:11] /a 1
[12/08/2012 12:20:11] /a 1
[12/08/2012 12:20:11] /a 1
[12/08/2012 12:20:11] /a 1
[12/08/2012 12:20:11] /a 1
[12/08/2012 12:20:11] /a 1
[12/08/2012 12:20:11] /a 1
[12/08/2012 12:20:11] /a 1
[12/08/2012 12:20:11] /a 1
[12/08/2012 12:20:11] /a 1
[12/08/2012 12:20:13] /a 1
[12/08/2012 12:20:13] /a 1
[12/08/2012 12:20:13] /a 1
[12/08/2012 12:20:13] /a 1
[12/08/2012 12:20:13] /a 1
[12/08/2012 12:20:13] /a 1
[12/08/2012 12:20:13] /a 1
[12/08/2012 12:20:13] /a 1
[12/08/2012 12:20:13] /a 1
[12/08/2012 12:20:13] /a 1
[12/08/2012 12:20:13] /a 1
[12/08/2012 12:20:13] /a 1
[12/08/2012 12:20:14] /a 1
[12/08/2012 12:20:14] /a 1
[12/08/2012 12:20:14] /a 1
[12/08/2012 12:20:14] /a 1
[12/08/2012 12:20:14] /a 1
[12/08/2012 12:20:14] /a 1
[12/08/2012 12:20:14] /a 1
[12/08/2012 12:20:14] /a 1
[12/08/2012 12:20:14] /a 1
[12/08/2012 12:20:14] /a 1
[12/08/2012 12:20:14] /a 1
[12/08/2012 12:20:14] /a 1
[12/08/2012 12:20:14] /a 1
[12/08/2012 12:20:14] /a 1
[12/08/2012 12:20:14] /a 1
[12/08/2012 12:20:14] /a 1
[12/08/2012 12:20:14] /a 1
[12/08/2012 12:20:14] /a 1
[12/08/2012 12:20:14] /a 1
[12/08/2012 12:20:14] /a 1
[12/08/2012 12:20:14] /a 1
[12/08/2012 12:20:14] /a 1
[12/08/2012 12:20:14] /a 1
[12/08/2012 12:20:14] /a 1
[12/08/2012 12:20:14] /a 1
[12/08/2012 12:20:14] /a 1
[12/08/2012 12:20:14] /a 1
[12/08/2012 12:20:14] /a 1
[12/08/2012 12:20:14] /a 1
[12/08/2012 12:20:15] /a 1
[12/08/2012 12:20:15] /a 1
[12/08/2012 12:20:15] /a 1
[12/08/2012 12:20:15] /a 1
[12/08/2012 12:20:15] /a 1
[12/08/2012 12:20:15] /a 1
[12/08/2012 12:20:15] /a 1
[12/08/2012 12:20:15] /a 1
[12/08/2012 12:20:15] /a 1
[12/08/2012 12:20:15] /a 1
[12/08/2012 12:20:15] /a 1
[12/08/2012 12:20:15] /a 1
[12/08/2012 12:20:15] /a 1
[12/08/2012 12:20:15] /a 1
[12/08/2012 12:20:15] /a 1
[12/08/2012 12:20:16] /a 1
[12/08/2012 12:20:16] /a 1
[12/08/2012 12:20:16] /a 1
[12/08/2012 12:20:17] /a 1
[12/08/2012 12:20:17] /a 1
[12/08/2012 12:20:17] /a 1
[12/08/2012 12:20:17] /a 1
[12/08/2012 12:21:06] /a 1
[12/08/2012 12:21:07] /a 1
[12/08/2012 12:21:07] /a 1
[12/08/2012 12:21:07] /a 1
[12/08/2012 12:21:07] /a 1
[12/08/2012 12:21:07] /a 1
[12/08/2012 12:21:07] /a 1
[12/08/2012 12:21:07] /a 1
[12/08/2012 12:21:07] /a 1
[12/08/2012 12:21:07] /a 1
[12/08/2012 12:21:09] /a 1
[12/08/2012 12:21:09] /a 1
[12/08/2012 12:21:09] /a 1
[12/08/2012 12:21:09] /a 1
[12/08/2012 12:21:09] /a 1
[12/08/2012 12:21:10] /a 1
[12/08/2012 12:21:10] /a 1
[12/08/2012 12:21:10] /a 1
[12/08/2012 12:21:27] /a 2
[12/08/2012 12:22:05] /a 1
[12/08/2012 12:22:16] /attr set name ,POseidon
[12/08/2012 12:22:30] /attr set name ,POOF Sword
[12/08/2012 12:22:36] /attr set name POOF Sword
[12/08/2012 12:24:02] /a 7
[12/08/2012 12:24:06] /a 7
[12/08/2012 12:24:08] /a 7
[12/08/2012 12:24:10] /a 7
[12/08/2012 12:24:12] /a 7
[12/08/2012 12:24:16] /a 7
[12/08/2012 12:24:17] /a 7
[12/08/2012 12:24:18] /a 7
[12/08/2012 12:24:52] /m healer
[12/08/2012 12:24:53] /m healer
[12/08/2012 12:25:07] /t
[12/08/2012 12:26:52] /goto zatacka
[12/08/2012 12:27:07] /c zatacka
[12/08/2012 12:27:21] /i rope
[12/08/2012 12:31:11] /goto zatacka
[12/08/2012 12:31:35] /a 1
[12/08/2012 12:31:36] /a 1
[12/08/2012 12:31:36] /a 1
[12/08/2012 12:31:36] /a 1
[12/08/2012 12:31:36] /a 1
[12/08/2012 12:31:36] /a 1
[12/08/2012 12:31:37] /a 1
[12/08/2012 12:31:37] /a 1
[12/08/2012 12:31:37] /a 1
[12/08/2012 12:31:37] /a 1
[12/08/2012 12:31:37] /a 1
[12/08/2012 12:31:37] /a 1
[12/08/2012 12:31:39] /a 1
[12/08/2012 12:31:40] /a 1
[12/08/2012 12:31:40] /a 1
[12/08/2012 12:31:40] /a 1
[12/08/2012 12:31:40] /a 1
[12/08/2012 12:31:40] /a 1
[12/08/2012 12:31:40] /a 1
[12/08/2012 12:31:41] /a 1
[12/08/2012 12:31:41] /a 1
[12/08/2012 12:31:41] /a 1
[12/08/2012 12:31:42] /a 1
[12/08/2012 12:32:32] /a 1
[12/08/2012 12:32:32] /a 1
[12/08/2012 12:32:32] /a 1
[12/08/2012 12:32:32] /a 1
[12/08/2012 12:32:32] /a 1
[12/08/2012 12:32:32] /a 1
[12/08/2012 12:32:33] /a 1
[12/08/2012 12:32:33] /a 1
[12/08/2012 12:32:37] /a 1
[12/08/2012 12:32:37] /a 1
[12/08/2012 12:32:37] /a 1
[12/08/2012 12:32:37] /a 1
[12/08/2012 12:32:37] /a 1
[12/08/2012 12:32:38] /a 1
[12/08/2012 12:32:39] /a 1
[12/08/2012 12:32:41] /a 1
[12/08/2012 12:32:41] /a 1
[12/08/2012 12:32:41] /a 1
[12/08/2012 12:33:28] /m healer
[12/08/2012 12:33:32] /m health booster
[12/08/2012 12:34:03] /r
[12/08/2012 12:35:42] /attr speed 100000
[12/08/2012 12:35:45] /attr speed 10000
[12/08/2012 12:35:59] /addskill speed ,10000
[12/08/2012 12:36:00] /addskill speed ,10000
[12/08/2012 12:36:19] /attr speed ,100000
[12/08/2012 12:37:27] /goto zatacka
[12/08/2012 12:40:41] /down
[12/08/2012 12:40:49] /up
[12/08/2012 12:41:15] /down
[12/08/2012 12:41:57] /r
[12/08/2012 12:42:13] /i 2608
[12/08/2012 12:42:19] /r
[12/08/2012 12:42:25] /i 2605
[12/08/2012 12:42:28] /r
[12/08/2012 12:42:33] /i 2605
[12/08/2012 12:42:36] /r
[12/08/2012 12:42:39] /t
[12/08/2012 12:43:15] /a 8
[12/08/2012 12:46:10] /r 10
[12/08/2012 12:46:10] /r 10
[12/08/2012 12:46:11] /r 10
[12/08/2012 12:46:11] /r 10
[12/08/2012 12:47:09] /goto zatacka
[12/08/2012 12:47:36] /m seal
[12/08/2012 12:49:23] /c obama
[12/08/2012 12:49:40] /m fucke
[12/08/2012 12:49:42] /m fucker
[12/08/2012 12:49:54] /c obama
[12/08/2012 12:50:10] /zombiestart
[12/08/2012 13:05:04] /t
[12/08/2012 13:05:19] /a 2
[12/08/2012 13:25:56] /m health booster
[12/08/2012 13:26:53] /i 6390
[12/08/2012 13:26:54] /i 6390
[12/08/2012 13:37:31] /attr group "1
[12/08/2012 13:38:04] /attr group "6
[12/08/2012 13:38:07] /attr group "8
[12/08/2012 14:05:24] /goto zatacka
[12/08/2012 14:05:33] /i exp scroll
[12/08/2012 14:07:27] /name joel ,lord dalskog
[12/08/2012 14:08:00] /name vill heta ,Lord dalskog
[12/08/2012 14:12:13] /down
[12/08/2012 14:12:15] /down
[12/08/2012 14:12:27] /c zatacka
[12/08/2012 14:12:55] /a 5
[12/08/2012 14:13:05] /a 5
[12/08/2012 14:13:06] /a 5
[12/08/2012 14:13:08] /a 5
[12/08/2012 14:13:12] /a 5
[12/08/2012 14:13:18] /a 2
[12/08/2012 14:13:24] /down
[12/08/2012 14:13:26] /down
[12/08/2012 14:13:38] /down
[12/08/2012 14:15:27] /goto sexbomb
[12/08/2012 14:15:52] /i exp scroll
[12/08/2012 14:19:37] /m fucker
[12/08/2012 14:20:11] /m cutter
[12/08/2012 14:20:13] /m cutter
[12/08/2012 14:20:15] /m cutter
[12/08/2012 14:20:15] /m cutter
[12/08/2012 14:20:16] /m cutter
[12/08/2012 14:20:17] /m cutter
[12/08/2012 14:20:32] /clean
[12/08/2012 14:20:34] /clean
[12/08/2012 14:22:11] /m cutter
[12/08/2012 14:22:26] /m fucker
[12/08/2012 14:22:33] /r
[12/08/2012 14:22:34] /r
[12/08/2012 14:22:56] /m black tiger
[12/08/2012 14:24:16] /m fucker
[12/08/2012 14:24:19] /i donation jar
[12/08/2012 14:24:44] /i donation jar
[12/08/2012 14:24:47] /m fucker
[12/08/2012 14:24:49] /m fucker
[12/08/2012 14:25:01] /i donation jar
[12/08/2012 14:25:07] /i donation jar
[12/08/2012 14:25:08] /i donation jar
[12/08/2012 14:25:09] /i donation jar
[12/08/2012 14:25:10] /i donation jar
[12/08/2012 14:25:12] /m fucker
[12/08/2012 14:25:13] /m fucker
[12/08/2012 14:25:14] /m fucker
[12/08/2012 14:25:15] /m fucker
[12/08/2012 14:26:54] /i health booster
[12/08/2012 14:27:01] /m health booster
[12/08/2012 14:28:00] /r
[12/08/2012 14:31:11] /t
[12/08/2012 14:31:27] /i ice
[12/08/2012 14:31:31] /r
[12/08/2012 14:31:42] /i ice tip
[12/08/2012 14:31:46] /i ice mountain
[12/08/2012 14:32:41] /i 3520
[12/08/2012 14:32:46] /r
[12/08/2012 14:32:58] /t
[12/08/2012 14:33:18] /i 3512
[12/08/2012 14:33:20] /i 3512
[12/08/2012 14:33:21] /i 3512
[12/08/2012 14:33:24] /i 3512
[12/08/2012 14:33:26] /i 3512
[12/08/2012 14:33:28] /i 3512
[12/08/2012 14:33:38] /i 3520
[12/08/2012 14:33:42] /r
[12/08/2012 14:33:44] /r
[12/08/2012 14:33:52] /i 3512
[12/08/2012 14:34:01] /i 3512
[12/08/2012 14:34:06] /r
[12/08/2012 14:34:13] /i 3520
[12/08/2012 14:34:15] /i 3520
[12/08/2012 14:34:17] /i 3520
[12/08/2012 14:34:59] /i snow
[12/08/2012 14:35:38] /i 2768
[12/08/2012 14:35:43] /i 2768
[12/08/2012 14:41:05] /i crystal refiner
[12/08/2012 14:41:25] /r
[12/08/2012 14:41:27] /r
[12/08/2012 14:41:49] /i backpack
[12/08/2012 14:43:10] /zombiestart
[12/08/2012 14:43:35] /zombiestart force
[12/08/2012 14:46:53] /zombiestart force
[12/08/2012 14:46:56] /zombiestart
[12/08/2012 14:46:57] /zombiestart force
[12/08/2012 14:47:02] /zombiestart force
[12/08/2012 14:47:16] /zombiestart force
[12/08/2012 14:48:26] /t
[12/08/2012 14:49:05] /i ice cube
[12/08/2012 14:49:07] /i ice cube
[12/08/2012 14:49:14] /i ice cube
[12/08/2012 14:49:14] /i ice cube
[12/08/2012 14:49:15] /i ice cube
[12/08/2012 14:49:16] /i ice cube
[12/08/2012 14:49:20] /i ice cube
[12/08/2012 14:49:21] /i ice cube
[12/08/2012 14:49:28] /i ice cube
[12/08/2012 14:49:29] /i ice cube
[12/08/2012 14:49:30] /i ice cube
[12/08/2012 14:49:33] /i ice cube
[12/08/2012 14:49:35] /i ice cube
[12/08/2012 14:49:36] /i ice cube
[12/08/2012 14:49:36] /i ice cube
[12/08/2012 14:49:37] /i ice cube
[12/08/2012 14:49:55] /r
[12/08/2012 14:49:56] /r
[12/08/2012 14:49:57] /r
[12/08/2012 14:49:58] /r
[12/08/2012 14:49:59] /r
[12/08/2012 14:50:00] /r
[12/08/2012 14:50:19] /r
[12/08/2012 14:50:29] /r
[12/08/2012 14:50:30] /r
[12/08/2012 14:50:30] /r
[12/08/2012 14:50:42] /i ice cube
[12/08/2012 14:50:43] /i ice cube
[12/08/2012 14:51:00] /i donation wand
[12/08/2012 14:51:13] /r 100
[12/08/2012 14:51:24] /i donation helmet
[12/08/2012 14:51:30] /i donation armor
[12/08/2012 14:51:35] /i donation legs
[12/08/2012 14:52:22] /i donation boots
[12/08/2012 14:52:30] /i donation shield
[12/08/2012 14:52:36] /i forever aol
[12/08/2012 14:52:45] /i golden backpack
[12/08/2012 14:53:40] /attr set name PoseidonLegs
[12/08/2012 14:54:10] /attr set name PoseidonBoots
[12/08/2012 14:54:12] /attr set name PoseidonLegs
[12/08/2012 14:54:19] /attr set name PoseidonArmor
[12/08/2012 14:54:23] /attr set name Poseidonhelmet
[12/08/2012 14:54:35] /attr set name Poseidon'shelmet
[12/08/2012 14:54:48] /attr set name Poseidon's'helmet
[12/08/2012 14:54:53] /attr set name Poseidon's'hel met
[12/08/2012 14:54:58] /attr set name Poseidon's'helmet
[12/08/2012 14:55:15] /attr set name Poseidon's'armor
[12/08/2012 14:55:26] /attr set name Poseidon's'legs
[12/08/2012 14:55:34] /attr set name Poseidon's'boots
[12/08/2012 14:55:43] /attr set name Poseidon's'Wand
[12/08/2012 14:55:45] /attr set name Poseidon's'Wand
[12/08/2012 14:55:58] /attr set name palisade
[12/08/2012 14:56:11] /attr set name Poseidon's'Shield
[12/08/2012 14:56:19] /attr set name Poseidon's'Boots
[12/08/2012 14:56:23] /attr set name Poseidon's'Legs
[12/08/2012 14:56:30] /attr set name Poseidon's'Armor
[12/08/2012 14:58:14] /attr set name Poseidon's'Helmet
[12/08/2012 14:58:29] /attr set name Poseidon's'Backpack
[12/08/2012 14:58:55] /attr set name Poseidon4everAOL
[13/08/2012 12:53:05] /goto zatacka
[13/08/2012 12:53:23] /goto zatacka
[13/08/2012 12:53:49] /i 11416
[13/08/2012 12:53:53] /r
[13/08/2012 12:53:57] /r
[13/08/2012 12:54:06] /i 11416
[13/08/2012 12:57:25] /i 11416
[13/08/2012 12:57:35] /r
[13/08/2012 12:57:36] /r
[13/08/2012 12:57:40] /r
[13/08/2012 12:57:55] /c test
[13/08/2012 12:58:06] /c test
[13/08/2012 12:58:40] /t zatacka
[13/08/2012 12:58:40] /t zatacka
[13/08/2012 12:58:41] /t zatacka
[13/08/2012 12:58:41] /t zatacka
[13/08/2012 12:58:42] /t zatacka
[13/08/2012 12:58:42] /t zatacka
[13/08/2012 12:58:42] /t zatacka
[13/08/2012 12:58:43] /t zatacka
[13/08/2012 12:58:43] /t zatacka
[13/08/2012 12:58:44] /t zatacka
[13/08/2012 12:58:45] /t zatacka
[13/08/2012 12:58:45] /t zatacka
[13/08/2012 12:58:46] /t zatacka
[13/08/2012 12:58:48] /t zatacka
[13/08/2012 12:58:48] /t zatacka
[13/08/2012 12:58:49] /t zatacka
[13/08/2012 12:58:49] /t zatacka
[13/08/2012 12:58:49] /t zatacka
[13/08/2012 12:58:50] /t zatacka
[13/08/2012 12:59:13] /t zatacka
[13/08/2012 12:59:13] /t zatacka
[13/08/2012 12:59:14] /t zatacka
[13/08/2012 12:59:14] /t zatacka
[13/08/2012 12:59:14] /t zatacka
[13/08/2012 12:59:14] /t zatacka
[13/08/2012 12:59:15] /t zatacka
[13/08/2012 12:59:15] /t zatacka
[13/08/2012 12:59:15] /t zatacka
[13/08/2012 12:59:15] /t zatacka
[13/08/2012 12:59:15] /t zatacka
[13/08/2012 12:59:15] /t zatacka
[13/08/2012 12:59:15] /t zatacka
[13/08/2012 12:59:15] /t zatacka
[13/08/2012 12:59:16] /t zatacka
[13/08/2012 12:59:16] /t zatacka
[13/08/2012 12:59:16] /t zatacka
[13/08/2012 12:59:16] /t zatacka
[13/08/2012 12:59:16] /t zatacka
[13/08/2012 12:59:17] /t zatacka
[13/08/2012 12:59:17] /t zatacka
[13/08/2012 12:59:17] /t zatacka
[13/08/2012 12:59:17] /t zatacka
[13/08/2012 12:59:17] /t zatacka
[13/08/2012 12:59:17] /t zatacka
[13/08/2012 12:59:17] /t zatacka
[13/08/2012 12:59:17] /t zatacka
[13/08/2012 12:59:18] /t zatacka
[13/08/2012 12:59:18] /t zatacka
[13/08/2012 12:59:18] /t zatacka
[13/08/2012 12:59:19] /t zatacka
[13/08/2012 12:59:19] /t zatacka
[13/08/2012 12:59:24] /t zatacka
[13/08/2012 12:59:25] /t zatacka
[13/08/2012 12:59:25] /t zatacka
[13/08/2012 12:59:25] /t zatacka
[13/08/2012 12:59:25] /t zatacka
[13/08/2012 12:59:25] /t zatacka
[13/08/2012 12:59:25] /t zatacka
[13/08/2012 12:59:25] /t zatacka
[13/08/2012 12:59:25] /t zatacka
[13/08/2012 12:59:26] /t zatacka
[13/08/2012 12:59:26] /t zatacka
[13/08/2012 12:59:26] /t zatacka
[13/08/2012 12:59:26] /t zatacka
[13/08/2012 12:59:26] /t zatacka
[13/08/2012 12:59:26] /t zatacka
[13/08/2012 12:59:26] /t zatacka
[13/08/2012 12:59:26] /t zatacka
[13/08/2012 12:59:26] /t zatacka
[13/08/2012 12:59:26] /t zatacka
[13/08/2012 12:59:26] /t zatacka
[13/08/2012 12:59:26] /t zatacka
[13/08/2012 12:59:26] /t zatacka
[13/08/2012 12:59:26] /t zatacka
[13/08/2012 12:59:26] /t zatacka
[13/08/2012 12:59:26] /t zatacka
[13/08/2012 12:59:26] /t zatacka
[13/08/2012 12:59:26] /t zatacka
[13/08/2012 12:59:27] /t zatacka
[13/08/2012 12:59:35] /c zatacka
[13/08/2012 12:59:36] /c zatacka
[13/08/2012 12:59:36] /c zatacka
[13/08/2012 12:59:36] /c zatacka
[13/08/2012 12:59:36] /c zatacka
[13/08/2012 12:59:36] /c zatacka
[13/08/2012 12:59:36] /c zatacka
[13/08/2012 12:59:36] /c zatacka
[13/08/2012 12:59:36] /c zatacka
[13/08/2012 12:59:36] /c zatacka
[13/08/2012 12:59:36] /c zatacka
[13/08/2012 12:59:36] /c zatacka
[13/08/2012 12:59:36] /c zatacka
[13/08/2012 12:59:36] /c zatacka
[13/08/2012 12:59:36] /c zatacka
[13/08/2012 12:59:36] /c zatacka
[13/08/2012 12:59:36] /c zatacka
[13/08/2012 12:59:36] /c zatacka
[13/08/2012 12:59:36] /c zatacka
[13/08/2012 12:59:36] /c zatacka
[13/08/2012 12:59:37] /c zatacka
[13/08/2012 12:59:37] /c zatacka
[13/08/2012 12:59:37] /c zatacka
[13/08/2012 12:59:37] /c zatacka
[13/08/2012 12:59:37] /c zatacka
[13/08/2012 12:59:37] /c zatacka
[13/08/2012 12:59:37] /c zatacka
[13/08/2012 12:59:37] /c zatacka
[13/08/2012 12:59:37] /c zatacka
[13/08/2012 12:59:38] /c zatacka
[13/08/2012 12:59:38] /c zatacka
[13/08/2012 12:59:39] /c zatacka
[13/08/2012 12:59:39] /c zatacka
[13/08/2012 12:59:40] /c zatacka
[13/08/2012 12:59:41] /c zatacka
[13/08/2012 12:59:41] /c zatacka
[13/08/2012 12:59:41] /c zatacka
[13/08/2012 12:59:41] /c zatacka
[13/08/2012 12:59:41] /c zatacka
[13/08/2012 12:59:42] /c zatacka
[13/08/2012 12:59:42] /c zatacka
[13/08/2012 12:59:42] /c zatacka
[13/08/2012 12:59:42] /c zatacka
[13/08/2012 12:59:42] /c zatacka
[13/08/2012 12:59:42] /c zatacka
[13/08/2012 12:59:43] /c zatacka
[13/08/2012 12:59:44] /c zatacka
[13/08/2012 12:59:44] /c zatacka
[13/08/2012 12:59:44] /c zatacka
[13/08/2012 12:59:44] /c zatacka
[13/08/2012 12:59:45] /c zatacka
[13/08/2012 12:59:45] /c zatacka
[13/08/2012 12:59:45] /c zatacka
[13/08/2012 12:59:46] /c zatacka
[13/08/2012 12:59:46] /c zatacka
[13/08/2012 12:59:46] /c zatacka
[13/08/2012 12:59:46] /c zatacka
[13/08/2012 12:59:46] /c zatacka
[13/08/2012 12:59:46] /c zatacka
[13/08/2012 12:59:48] /c zatacka
[13/08/2012 12:59:48] /c zatacka
[13/08/2012 12:59:48] /c zatacka
[13/08/2012 12:59:49] /c zatacka
[13/08/2012 12:59:49] /c zatacka
[13/08/2012 12:59:50] /c zatacka
[13/08/2012 12:59:51] /c zatacka
[13/08/2012 12:59:51] /c zatacka
[13/08/2012 12:59:51] /c zatacka
[13/08/2012 12:59:52] /c zatacka
[13/08/2012 12:59:53] /c zatacka
[13/08/2012 12:59:53] /c zatacka
[13/08/2012 12:59:53] /c zatacka
[13/08/2012 12:59:53] /c zatacka
[13/08/2012 12:59:53] /c zatacka
[13/08/2012 12:59:53] /c zatacka
[13/08/2012 12:59:53] /c zatacka
[13/08/2012 12:59:53] /c zatacka
[13/08/2012 12:59:54] /c zatacka
[13/08/2012 12:59:54] /c zatacka
[13/08/2012 12:59:54] /c zatacka
[13/08/2012 12:59:54] /c zatacka
[13/08/2012 12:59:55] /c zatacka
[13/08/2012 12:59:55] /c zatacka
[13/08/2012 12:59:55] /c zatacka
[13/08/2012 12:59:56] /c zatacka
[13/08/2012 12:59:58] /c zatacka
[13/08/2012 12:59:58] /c zatacka
[13/08/2012 12:59:58] /c zatacka
[13/08/2012 12:59:58] /c zatacka
[13/08/2012 12:59:58] /c zatacka
[13/08/2012 12:59:58] /c zatacka
[13/08/2012 12:59:58] /c zatacka
[13/08/2012 12:59:58] /c zatacka
[13/08/2012 12:59:58] /c zatacka
[13/08/2012 12:59:58] /c zatacka
[13/08/2012 12:59:58] /c zatacka
[13/08/2012 12:59:58] /c zatacka
[13/08/2012 12:59:58] /c zatacka
[13/08/2012 12:59:58] /c zatacka
[13/08/2012 12:59:58] /c zatacka
[13/08/2012 12:59:58] /c zatacka
[13/08/2012 12:59:58] /c zatacka
[13/08/2012 12:59:58] /c zatacka
[13/08/2012 12:59:58] /c zatacka
[13/08/2012 12:59:58] /c zatacka
[13/08/2012 12:59:58] /c zatacka
[13/08/2012 12:59:58] /c zatacka
[13/08/2012 12:59:58] /c zatacka
[13/08/2012 12:59:58] /c zatacka
[13/08/2012 12:59:58] /c zatacka
[13/08/2012 12:59:58] /c zatacka
[13/08/2012 12:59:58] /c zatacka
[13/08/2012 12:59:58] /c zatacka
[13/08/2012 12:59:58] /c zatacka
[13/08/2012 12:59:58] /c zatacka
[13/08/2012 13:01:41] /a 2
[13/08/2012 13:05:41] /i 11414
[13/08/2012 13:05:45] /i 11415
[13/08/2012 13:05:47] /i 11412
[13/08/2012 13:05:51] /r
[13/08/2012 13:05:54] /r
[13/08/2012 13:05:55] /r
[13/08/2012 13:05:57] /r
[13/08/2012 13:05:59] /r
[13/08/2012 13:06:03] /i 11411
[13/08/2012 13:06:09] /i 11417
[13/08/2012 13:06:15] /i 1146
[13/08/2012 13:06:17] /r
[13/08/2012 13:06:20] /r
[13/08/2012 13:06:27] /i 11415
[13/08/2012 13:06:32] /r
[13/08/2012 13:08:55] /a 1
[13/08/2012 13:08:56] /a 1
[13/08/2012 13:09:09] /down
[13/08/2012 13:09:43] /goto zatacka
[13/08/2012 13:10:57] /a 7
[13/08/2012 13:11:02] /goto zatacka
[13/08/2012 13:11:28] /a 3
[13/08/2012 13:12:08] /a 2
[13/08/2012 13:15:48] /i donation UH
[13/08/2012 13:16:24] /c sexbomb
[13/08/2012 13:16:48] /t sexbomb
[13/08/2012 13:18:06] /b fucksake
[13/08/2012 13:19:40] /goto zatacka
[13/08/2012 13:19:48] /goto zatacka
[13/08/2012 13:26:10] /t
[13/08/2012 13:26:14] /c lord dalskog
[13/08/2012 13:26:47] /i crystal coin
[13/08/2012 13:26:55] /i lord dalskog
[13/08/2012 13:27:02] /c lord dalskog
[13/08/2012 13:28:37] /i pirate shirt
[13/08/2012 13:28:49] /i pirate knee knee breeches
[13/08/2012 13:29:04] /i pirate knee knee breeches
[13/08/2012 13:29:14] /i pirate knee breeches
[13/08/2012 13:29:22] /i pirate boots
[13/08/2012 13:29:28] /i piratehat
[13/08/2012 13:29:36] /i pirate hat
[13/08/2012 13:29:54] /newtype 203 ,lord dalskog
[13/08/2012 13:30:22] /newtype 283 ,lord dalskog
[13/08/2012 13:32:29] /i demon helmet
[13/08/2012 13:32:51] /i change name Dalskog's'Helmet
[13/08/2012 13:32:52] /i change name Dalskog's'Helmet
[13/08/2012 13:33:06] /attr change name Dalskog's'Helmet
[13/08/2012 13:33:13] /name
[13/08/2012 13:33:15] /name u
[13/08/2012 13:33:29] /attr changename
[13/08/2012 13:33:37] /attr name
[13/08/2012 13:34:00] /r
[13/08/2012 13:34:07] /r
[13/08/2012 13:34:09] /r
[13/08/2012 13:34:10] /r
[13/08/2012 13:34:11] /r
[13/08/2012 13:34:13] /r
[13/08/2012 13:34:27] /i 11416
[13/08/2012 13:37:04] /m fucker
[13/08/2012 13:40:33] /t
[13/08/2012 13:41:00] /i super uh
[13/08/2012 13:41:48] /m slynan
[13/08/2012 13:41:49] /m slynan
[13/08/2012 13:41:50] /m slynan
[13/08/2012 13:43:53] /r
[13/08/2012 13:48:30] /i 461
[13/08/2012 13:48:34] /up
[13/08/2012 13:48:50] /up
[13/08/2012 13:48:54] /r
[13/08/2012 13:48:55] /r
[13/08/2012 13:48:56] /r
[13/08/2012 13:48:57] /r
[13/08/2012 13:49:05] /i 1284
[13/08/2012 13:49:08] /i 1284
[13/08/2012 13:49:09] /i 1284
[13/08/2012 13:49:17] /r
[13/08/2012 13:49:18] /r
[13/08/2012 13:49:26] /up
[13/08/2012 13:51:23] /m slynan
[13/08/2012 13:51:24] /m slyna
[13/08/2012 13:51:31] /m rohans monter
[13/08/2012 13:51:35] /m rohans monzter
[13/08/2012 13:51:38] /m rohans monzta
[13/08/2012 13:53:40] /up
[13/08/2012 13:53:49] /up
[13/08/2012 13:54:04] /i 6894
[13/08/2012 13:54:18] /r
[13/08/2012 13:54:20] /r
[13/08/2012 13:54:22] /r
[13/08/2012 13:54:25] /up
[13/08/2012 14:26:16] /bc hiphip hoooooooooooooora
[13/08/2012 14:26:24] /bc hiphiphoooooooooooooora
[13/08/2012 14:26:25] /bc hiphiphoooooooooooooora
[13/08/2012 14:28:35] /goto zatacka
[13/08/2012 14:28:59] /goto zatacka
[13/08/2012 14:29:52] /m demon
[13/08/2012 14:30:00] /name
[13/08/2012 14:30:07] /name demon ,lol
[13/08/2012 14:30:19] /attr name
[13/08/2012 14:30:32] /m demon
[13/08/2012 14:30:38] /attr name
[13/08/2012 14:30:41] /attr name lol
[13/08/2012 14:30:49] /attr name 
[13/08/2012 14:30:52] /attr name  lol
[13/08/2012 14:31:11] /attr changename lol
[13/08/2012 14:31:19] /attr name change lol
[13/08/2012 14:31:27] /attr set name lol
[13/08/2012 14:31:39] /attr set name Fares fitta
[13/08/2012 14:31:44] /attr set name Fares
[13/08/2012 14:31:50] /attr set name Fares
[13/08/2012 14:32:48] /i exp scroll
[13/08/2012 15:49:51] /m fucker
[13/08/2012 15:49:52] /m fucker
[13/08/2012 15:49:52] /m fucker
[13/08/2012 15:49:53] /m fucker
[13/08/2012 15:49:53] /m fucker
[13/08/2012 15:49:54] /m fucker
[13/08/2012 15:49:54] /m fucker
[13/08/2012 15:49:55] /m fucker
[13/08/2012 15:49:56] /m fucker
[13/08/2012 15:49:57] /m fucker
[13/08/2012 15:50:08] /a 2
[13/08/2012 15:51:01] /i 6080
[13/08/2012 15:51:07] /i 6080
[13/08/2012 15:51:57] /i 1543
[13/08/2012 15:51:59] /i 1543
[13/08/2012 15:52:03] /i 1543
[13/08/2012 15:52:11] /i 1544
[13/08/2012 15:52:14] /i 1544
[13/08/2012 15:52:16] /i 1544
[13/08/2012 15:52:20] /i 1543
[13/08/2012 15:52:21] /i 1543
[13/08/2012 15:52:24] /i 1543
[13/08/2012 15:52:28] /r
[13/08/2012 15:53:01] /i 5064
[13/08/2012 15:53:05] /i 5064
[13/08/2012 15:53:08] /r
[13/08/2012 15:53:10] /r
[13/08/2012 15:53:12] /i 5064
[13/08/2012 15:53:19] /i 5064
[13/08/2012 15:53:23] /i 5064
[13/08/2012 15:53:25] /i 5064
[13/08/2012 15:53:30] /i 5064
[13/08/2012 15:53:33] /i 5064
[13/08/2012 15:53:36] /i 5064
[13/08/2012 15:54:05] /i 2320
[13/08/2012 15:55:05] /i 7133
[13/08/2012 15:55:29] /i hanged man
[13/08/2012 15:55:39] /i chained man
[13/08/2012 15:56:21] /owner
[13/08/2012 15:56:25] /owner Poseidon
[13/08/2012 15:56:53] /owner
[13/08/2012 15:56:59] /owner none
[13/08/2012 15:57:02] /owner 0
[13/08/2012 15:59:41] /goto zatacka
[13/08/2012 16:00:29] /a 2
[13/08/2012 16:00:40] /a 1
[13/08/2012 16:00:48] /a 100
[13/08/2012 16:01:44] /i donation jar
[13/08/2012 16:01:52] /t
[13/08/2012 16:03:49] /down
[13/08/2012 16:03:52] /up
[13/08/2012 16:04:26] /attr attk ,1000000000000
[13/08/2012 16:04:32] /m fucker
[13/08/2012 16:04:41] /attr attk ,1000000
[13/08/2012 16:04:50] /attr attack ,1000000
[13/08/2012 16:05:03] /attr attack 100000
[13/08/2012 16:05:10] /attr atk ,10000000000
[13/08/2012 16:05:20] /attr atk ,10000
[13/08/2012 16:05:25] /attr atk 10000
[13/08/2012 16:05:30] /attr atk "10000
[13/08/2012 16:05:31] /attr atk "10000
[13/08/2012 16:05:44] /i longsword
[13/08/2012 16:05:50] /attr atk "10000
[13/08/2012 16:05:55] /attr atk ,10000
[13/08/2012 16:06:02] /attr atk ,100000
[13/08/2012 16:06:09] /attr atk :100
[13/08/2012 16:06:16] /attr atk 18686
[13/08/2012 16:06:40] /attr atk, 343
[13/08/2012 16:06:48] /attr atk ,5656
[13/08/2012 16:06:57] /addskill atk ,1333
[13/08/2012 16:07:08] /attr atk ,1333
[13/08/2012 16:07:17] /attr attk ,11
[13/08/2012 16:07:30] /attr atk ,100000
[13/08/2012 16:08:05] /attr skill ,1000
[13/08/2012 16:08:17] /attr def ,12121
[13/08/2012 16:08:19] /attr def ,1212
[13/08/2012 16:08:20] /attr def ,121
[13/08/2012 16:08:21] /attr def ,12
[13/08/2012 16:08:23] /attr def ,1
[13/08/2012 16:08:26] /attr defuse
[13/08/2012 16:08:29] /attr defuse 1
[13/08/2012 16:08:33] /attr defuse ,1
[13/08/2012 16:12:02] /attr set atk ,1111
[13/08/2012 16:12:06] /attr set atk 11
[13/08/2012 16:12:09] /attr set atk 11
[13/08/2012 16:12:12] /attr set atk 11444
[13/08/2012 16:12:26] /i donation sword
[13/08/2012 16:12:31] /attr set atk 11444
[13/08/2012 16:12:33] /attr set atk 11444
[13/08/2012 16:12:37] /attr setatk 11444
[13/08/2012 16:12:44] /attr set attack 11444
[13/08/2012 16:12:51] /r
[13/08/2012 16:12:56] /attr set attack 1144477777777777777777777777777777
[13/08/2012 16:13:19] /attr set attack 99999999999999
[13/08/2012 16:13:28] /attr set attack 1144477777777777777777777777777777
[13/08/2012 16:13:32] /attr set attack 1144477777777777777777777777777777
[13/08/2012 16:14:01] /attr set attack 1144477777777777777777777777777777
[13/08/2012 16:14:47] /goto zatacka
[13/08/2012 16:15:55] /goto zataca
[13/08/2012 16:15:57] /goto zatacka
[13/08/2012 16:17:07] /t
[13/08/2012 16:17:28] /i 10757
[13/08/2012 16:17:30] /i 10757
[13/08/2012 16:17:31] /i 10757
[13/08/2012 16:17:32] /i 10757
[13/08/2012 16:17:33] /i 10757
[13/08/2012 16:18:24] /i donation armor
[13/08/2012 16:18:27] /i donation armor
[13/08/2012 16:18:36] /r
[13/08/2012 16:18:37] /r
[13/08/2012 16:18:40] /r
[13/08/2012 16:18:42] /r
[13/08/2012 16:18:45] /r
[13/08/2012 16:18:47] /r
[13/08/2012 16:18:50] /r
[13/08/2012 16:18:53] /r
[13/08/2012 16:18:55] /r
[13/08/2012 16:18:58] /r
[13/08/2012 16:19:02] /r 100
[13/08/2012 16:19:33] /i 10757
[13/08/2012 16:19:44] /i 10757
[13/08/2012 16:19:49] /i 10757
[13/08/2012 16:20:06] /i 10757
[13/08/2012 16:20:09] /i 10757
[13/08/2012 16:21:31] /i bread
[13/08/2012 16:22:08] /i table
[13/08/2012 16:22:12] /r
[13/08/2012 16:22:19] /t
[13/08/2012 16:22:38] /i 1615
[13/08/2012 16:22:42] /i 1615
[13/08/2012 16:22:48] /i 1615
[13/08/2012 16:22:52] /i 1615
[13/08/2012 16:22:54] /i 1615
[13/08/2012 16:22:57] /i 1615
[13/08/2012 16:23:03] /i tomatoe
[13/08/2012 16:23:04] /i tomatoes
[13/08/2012 16:23:07] /i tomato
[13/08/2012 16:23:17] /i garlic
[13/08/2012 16:23:21] /i onion
[13/08/2012 16:25:56] /i blood
[13/08/2012 16:26:03] /i blood spot
[13/08/2012 16:26:06] /i blood spit
[13/08/2012 16:26:14] /i spit
[13/08/2012 16:26:36] /i 3
[13/08/2012 16:26:46] /i 5815
[13/08/2012 16:27:26] /r
[13/08/2012 16:27:47] /i 10757
[13/08/2012 16:28:04] /i cucumber
[13/08/2012 16:28:09] /i cucumber
[13/08/2012 16:28:09] /i cucumber
[13/08/2012 16:28:10] /i cucumber
[13/08/2012 16:28:11] /i cucumber
[13/08/2012 16:28:22] /i cucumber
[13/08/2012 16:28:22] /i cucumber
[13/08/2012 16:28:23] /i cucumber
[13/08/2012 16:28:38] /r
[13/08/2012 16:28:57] /r 7
[13/08/2012 16:28:59] /r 7
[13/08/2012 16:28:59] /r 7
[13/08/2012 16:29:00] /r 7
[13/08/2012 16:29:01] /r 7
[13/08/2012 16:29:01] /r 7
[13/08/2012 16:29:03] /r 7
[13/08/2012 16:29:12] /i cheese
[13/08/2012 16:29:22] /i backpack
[13/08/2012 16:29:42] /i dead body
[13/08/2012 16:29:47] /i dead human
[13/08/2012 16:29:57] /i dead human
[13/08/2012 16:30:05] /r
[13/08/2012 16:30:13] /i dead human
[13/08/2012 16:30:23] /i dead human
[13/08/2012 16:30:26] /i dead human
[13/08/2012 16:30:30] /r
[13/08/2012 16:30:31] /r
[13/08/2012 16:30:36] /r
[13/08/2012 16:30:37] /r
[13/08/2012 16:30:43] /r
[13/08/2012 16:30:47] /r
[13/08/2012 16:30:47] /r
[13/08/2012 16:30:48] /r
[13/08/2012 16:30:48] /r
[13/08/2012 16:30:49] /r
[13/08/2012 16:30:49] /r
[13/08/2012 16:30:50] /r
[13/08/2012 16:31:12] /i flood
[13/08/2012 16:31:15] /i flod
[13/08/2012 16:31:20] /i floud
[13/08/2012 16:31:28] /i black marble tile
[13/08/2012 16:31:30] /i black marble tile
[13/08/2012 16:31:32] /i black marble tile
[13/08/2012 16:31:34] /i black marble tile
[13/08/2012 16:31:40] /i black marble tile
[13/08/2012 16:31:44] /i black marble tile
[13/08/2012 16:31:45] /i black marble tile
[13/08/2012 16:31:47] /i black marble tile
[13/08/2012 16:31:50] /i black marble tile
[13/08/2012 16:32:18] /t
[13/08/2012 16:34:03] /newtype rat
[13/08/2012 16:36:35] /t
[13/08/2012 16:39:01] /down
[13/08/2012 16:39:03] /down 2
[13/08/2012 16:39:06] /down 3
[13/08/2012 16:39:08] /up
[13/08/2012 16:40:01] /t
[13/08/2012 16:40:09] /goto zatacka
[13/08/2012 17:00:40] /goto zatacka
[13/08/2012 17:00:57] /b FUCKING AWESOME
[13/08/2012 17:09:48] /addskill hora,level,700000
[13/08/2012 17:09:49] /addskill hora,level,700000
[13/08/2012 17:09:50] /addskill hora,level,700000
[13/08/2012 17:09:50] /addskill hora,level,700000
[13/08/2012 17:09:50] /addskill hora,level,700000
[13/08/2012 17:09:51] /addskill hora,level,700000
[13/08/2012 17:09:51] /addskill hora,level,700000
[13/08/2012 17:09:54] /goto hora
[13/08/2012 17:09:55] /goto hora
[13/08/2012 17:09:57] /addskill hora,level,700000
[13/08/2012 17:09:57] /addskill hora,level,700000
[13/08/2012 17:09:58] /addskill hora,level,70000
[13/08/2012 17:09:59] /addskill hora,level,700
[13/08/2012 17:10:00] /addskill hora,level,700
[13/08/2012 17:10:01] /addskill hora,level,700
[13/08/2012 17:10:01] /addskill hora,level,700
[13/08/2012 17:10:02] /addskill hora,level,700
[13/08/2012 17:10:02] /addskill hora,level,700
[13/08/2012 17:10:03] /addskill hora,level,700
[13/08/2012 17:10:03] /addskill hora,level,700
[13/08/2012 17:10:04] /addskill hora,level,700
[13/08/2012 17:10:04] /addskill hora,level,700
[13/08/2012 17:10:05] /addskill hora,level,700
[13/08/2012 17:10:05] /addskill hora,level,700
[13/08/2012 17:10:06] /addskill hora,level,700
[13/08/2012 17:10:06] /addskill hora,level,700
[13/08/2012 17:10:07] /addskill hora,level,700
[13/08/2012 17:10:08] /addskill hora,level,700
[13/08/2012 17:10:09] /addskill hora,level,700
[13/08/2012 17:10:09] /addskill hora,level,700
[13/08/2012 17:10:10] /addskill hora,level,700
[13/08/2012 17:10:10] /addskill hora,level,700
[13/08/2012 17:10:11] /addskill hora,level,700
[13/08/2012 17:10:12] /addskill hora,level,700
[13/08/2012 17:10:12] /addskill hora,level,700
[13/08/2012 17:10:13] /addskill hora,level,700
[13/08/2012 17:10:14] /addskill hora,level,700
[13/08/2012 17:10:14] /addskill hora,level,700
[13/08/2012 17:10:16] /addskill hora,level,70
[13/08/2012 17:10:17] /addskill hora,level,70
[13/08/2012 17:10:17] /addskill hora,level,70
[13/08/2012 17:10:18] /addskill hora,level,70
[13/08/2012 17:10:19] /addskill hora,level,70
[13/08/2012 17:10:20] /addskill hora,level,70
[13/08/2012 17:10:20] /addskill hora,level,70
[13/08/2012 17:10:24] /addskill hora,level,40
[13/08/2012 17:10:25] /addskill hora,level,4
[13/08/2012 17:10:26] /addskill hora,level,4
[13/08/2012 17:10:27] /addskill hora,level,4
[13/08/2012 17:10:27] /addskill hora,level,4
[13/08/2012 17:10:30] /addskill hora,level,20
[13/08/2012 17:10:31] /addskill hora,level,20
[13/08/2012 17:10:34] /addskill hora,level,10
[13/08/2012 17:10:36] /addskill hora,level,5
[13/08/2012 17:10:37] /addskill hora,level,3
[13/08/2012 17:10:47] /i exp scroll
[13/08/2012 17:10:48] /i exp scroll
[13/08/2012 17:10:48] /i exp scroll
[13/08/2012 17:13:39] /m lanster
[13/08/2012 17:13:41] /m lanster
[13/08/2012 17:13:42] /m lanster
[13/08/2012 17:14:06] /m lanster
[13/08/2012 17:14:09] /m lanster
[13/08/2012 17:14:25] /m lanenster
[13/08/2012 17:14:27] /m lanenster
[13/08/2012 17:14:30] /m lanester
[13/08/2012 17:14:48] /r
[13/08/2012 17:16:02] /m white walker
[13/08/2012 17:16:15] /m pumper
[13/08/2012 17:16:30] /m hammer
[13/08/2012 17:16:36] /m white walker
[13/08/2012 17:16:41] /m pandora
[13/08/2012 17:17:15] /m blidger
[13/08/2012 17:17:17] /m blidger
[13/08/2012 17:17:54] /m winta
[13/08/2012 17:18:01] /m vayo
[13/08/2012 17:18:08] /m dolder
[13/08/2012 17:18:13] /m finex
[13/08/2012 17:18:19] /m jin
[13/08/2012 17:18:30] /m marid
[13/08/2012 17:18:36] /m spiriter
[13/08/2012 17:18:40] /m slutter
[13/08/2012 17:18:44] /m massive murder
[13/08/2012 17:18:50] /m roxana
[13/08/2012 17:19:15] /m fucker
[13/08/2012 17:19:33] /m the soldier
[13/08/2012 17:19:35] /m the soldier
[13/08/2012 17:19:36] /m the soldier
[13/08/2012 17:19:36] /m the soldier
[13/08/2012 17:19:37] /m the soldier
[13/08/2012 17:19:37] /m the soldier
[13/08/2012 17:19:38] /m the soldier
[13/08/2012 17:19:38] /m the soldier
[13/08/2012 17:19:39] /m the soldier
[13/08/2012 17:20:42] /m blidger
[13/08/2012 17:20:45] /m roxana
[13/08/2012 17:20:47] /m roxana
[13/08/2012 17:20:48] /m roxana
[13/08/2012 17:20:53] /m massive murder
[13/08/2012 17:20:56] /m massive murder
[13/08/2012 17:21:00] /m massive murder
[13/08/2012 17:21:09] /m slutter
[13/08/2012 17:21:17] /m spiriter
[13/08/2012 17:21:25] /m vayo
[13/08/2012 17:21:33] /goto sexbomb
[13/08/2012 17:21:49] /b JAG KOMMER SNART SKA FUCKIN SKIDKA
[13/08/2012 21:51:23] /goto zatacka
[13/08/2012 21:52:09] /t
[13/08/2012 21:53:01] /up
[13/08/2012 21:53:03] /up
[13/08/2012 21:53:04] /up
[13/08/2012 21:53:06] /up
[13/08/2012 21:53:08] /up
[13/08/2012 21:53:10] /up
[13/08/2012 21:53:32] /m knighter
[13/08/2012 21:53:33] /m knight
[13/08/2012 21:53:40] /m exp bug
[13/08/2012 21:54:12] /m morgaroth
[13/08/2012 21:54:29] /m pandora
[13/08/2012 21:54:33] /m pandora
[13/08/2012 21:54:37] /m pandora
[13/08/2012 21:54:40] /a 2
[13/08/2012 21:54:42] /m pandora
[13/08/2012 21:54:43] /a 2
[13/08/2012 21:54:45] /m pandora
[13/08/2012 21:54:48] /a 2
[13/08/2012 21:54:51] /a 2
[13/08/2012 21:54:51] /a 2
[13/08/2012 21:54:53] /m pandora
[13/08/2012 21:54:53] /m pandora
[13/08/2012 21:54:56] /m pandora
[13/08/2012 21:54:57] /m pandora
[13/08/2012 21:54:58] /m pandora
[13/08/2012 21:55:01] /m pandora
[13/08/2012 21:55:03] /m pandora
[13/08/2012 21:55:04] /m pandora
[13/08/2012 21:55:06] /m pandora
[13/08/2012 21:55:07] /m pandora
[13/08/2012 21:55:12] /m pandora
[13/08/2012 21:58:12] /b zatacka kuk
[13/08/2012 21:58:41] /r 300
[13/08/2012 21:58:42] /r 300
[13/08/2012 21:58:43] /r 300
[13/08/2012 21:58:46] /r 300
[13/08/2012 21:58:55] /r 300
[13/08/2012 21:58:56] /r 300
[13/08/2012 21:58:57] /r 300
[13/08/2012 21:58:58] /r 300
[13/08/2012 21:59:29] /name poseidon ,Charles bronson
