[07/08/2012 19:39:51] /i 2160
[07/08/2012 19:40:14] /i vip medal
[07/08/2012 19:41:34] /i 2160
[07/08/2012 19:52:09] /i donation coin
[07/08/2012 19:52:25] /i donation coin
[07/08/2012 19:52:38] /t
[07/08/2012 19:53:19] /t
[07/08/2012 19:56:39] /i 2160
[08/08/2012 01:19:02] /c zatacka
[08/08/2012 01:19:49] /goto zatacka
[08/08/2012 01:20:04] /a
[08/08/2012 01:22:49] /i 2160
[08/08/2012 01:35:50] /i 5952
[08/08/2012 01:35:57] /i 12609
[08/08/2012 01:36:07] /m demon
[08/08/2012 01:38:04] /promote raven demy
[08/08/2012 01:38:05] /promote raven demy
[08/08/2012 01:38:06] /promote raven demy
[08/08/2012 01:38:11] /promote raven demy
[08/08/2012 01:38:12] /promote raven demy
[08/08/2012 01:38:15] /promote raven demy
[08/08/2012 01:38:16] /promote raven demy
[08/08/2012 01:38:17] /promote raven demy
[08/08/2012 01:38:18] /promote raven demy
[08/08/2012 01:38:18] /promote raven demy
[08/08/2012 01:38:22] /demote raven demy
[08/08/2012 01:38:35] /promote raven demy
[08/08/2012 01:38:35] /promote raven demy
[08/08/2012 01:38:36] /promote raven demy
[08/08/2012 01:39:36] /zombiestart
[08/08/2012 01:39:43] /zombiestart 1
[08/08/2012 01:40:46] /a
[08/08/2012 01:40:46] /a
[08/08/2012 01:40:47] /a
[08/08/2012 01:42:46] /promote zatacka
[08/08/2012 01:46:54] /goto chavoz
[08/08/2012 01:49:12] /zombiestart 1
[08/08/2012 01:56:48] /t
[08/08/2012 01:59:16] /goto twisted
[08/08/2012 01:59:28] /goto Twisted
[08/08/2012 01:59:29] /goto Twisted
[08/08/2012 02:03:32] /up
[08/08/2012 02:04:15] /i 3687
[08/08/2012 02:04:16] /i 3687
[08/08/2012 02:06:57] /t
[08/08/2012 02:11:02] /i 5810
[08/08/2012 02:11:48] /goto zatacka
[08/08/2012 02:13:06] /goto zatacka
[08/08/2012 02:13:08] /a 2
[08/08/2012 02:20:07] /goto zatacka
[08/08/2012 02:20:14] /t
[08/08/2012 02:32:45] /n varkhal
[08/08/2012 02:32:55] /r
[08/08/2012 02:34:58] /n varkhal
[08/08/2012 02:37:57] /r
[08/08/2012 02:48:26] /i exp scroll
[08/08/2012 02:48:36] /i exp scroll
[08/08/2012 02:48:37] /i exp scroll
[08/08/2012 02:48:50] /i exp scroll
[08/08/2012 02:48:50] /i exp scroll
[08/08/2012 02:48:50] /i exp scroll
[08/08/2012 02:49:41] /i exp scrool
[08/08/2012 02:49:42] /i exp scroll
[08/08/2012 02:49:46] /i exp scroll
[08/08/2012 02:49:46] /i exp scroll
[08/08/2012 02:49:47] /i exp scroll
[08/08/2012 02:53:03] /i 7131
[08/08/2012 02:53:05] /i 7132
[08/08/2012 03:02:10] /i 7131
[08/08/2012 03:02:13] /r
[08/08/2012 03:13:49] /i 7130
[08/08/2012 03:13:51] /r
[08/08/2012 03:13:54] /i 7132
[08/08/2012 03:13:56] /r
[08/08/2012 03:13:59] /i 7134
[08/08/2012 03:14:01] /r
[08/08/2012 03:14:03] /i 7135
[08/08/2012 03:14:05] /r
[08/08/2012 03:14:08] /i 7136
[08/08/2012 03:14:09] /r
[08/08/2012 03:14:11] /i 7137
[08/08/2012 03:14:14] /r
[08/08/2012 03:14:16] /i 7130
[08/08/2012 03:14:17] /r
[08/08/2012 03:14:21] /i 7129
[08/08/2012 03:14:24] /r
[08/08/2012 03:14:25] /i 7128
[08/08/2012 03:14:28] /i 7128/r
[08/08/2012 03:14:28] /r
[08/08/2012 03:14:32] /i 7127
[08/08/2012 03:14:34] /r
[08/08/2012 03:14:35] /i 7126
[08/08/2012 03:14:37] /r
[08/08/2012 03:14:39] /i 7125
[08/08/2012 03:14:41] /i 7125/r
[08/08/2012 03:14:42] /r
[08/08/2012 03:14:45] /i 7124
[08/08/2012 03:14:46] /r
[08/08/2012 03:14:48] /i 7123
[08/08/2012 03:15:32] /i 7122
[08/08/2012 03:15:33] /r
[08/08/2012 03:15:36] /i 7123
[08/08/2012 03:15:37] /r
[08/08/2012 03:15:40] /i 7121
[08/08/2012 03:15:41] /i 7121
[08/08/2012 03:16:59] /r
[08/08/2012 03:16:59] /r
[08/08/2012 03:17:03] /i 7131
[08/08/2012 03:17:40] /r
[08/08/2012 03:17:42] /r
[08/08/2012 03:17:44] /r
[08/08/2012 03:17:47] /i 7122
[08/08/2012 03:17:47] /i 7122
[08/08/2012 03:17:48] /i 7122
[08/08/2012 03:18:12] /r
[08/08/2012 03:18:15] /r
[08/08/2012 03:18:39] /goto moppel
[08/08/2012 03:18:42] /i stone
[08/08/2012 03:18:43] /i stone
[08/08/2012 03:18:43] /i stone
[08/08/2012 03:18:44] /i stone
[08/08/2012 03:18:45] /i stone
[08/08/2012 03:18:46] /i stone
[08/08/2012 03:18:46] /i stone
[08/08/2012 03:18:47] /up
[08/08/2012 03:19:16] /down
[08/08/2012 03:19:17] /down
[08/08/2012 03:19:19] /up
[08/08/2012 03:19:22] /r
[08/08/2012 03:19:23] /r
[08/08/2012 03:19:23] /r
[08/08/2012 03:19:24] /r
[08/08/2012 03:19:25] /r
[08/08/2012 03:19:26] /r
[08/08/2012 03:19:27] /r
[08/08/2012 03:19:28] /r
[08/08/2012 03:19:29] /up
[08/08/2012 03:19:45] /r
[08/08/2012 03:19:53] /i 7122
[08/08/2012 03:20:03] /r
[08/08/2012 03:20:42] /i 459
[08/08/2012 03:20:45] /up
[08/08/2012 03:20:49] /a
[08/08/2012 03:20:52] /i 128
[08/08/2012 03:20:53] /i 1284
[08/08/2012 03:20:55] /up
[08/08/2012 03:21:30] /promote moppel
[08/08/2012 03:21:33] /demote moppel
[08/08/2012 03:22:09] /goto moppel
[08/08/2012 03:22:12] /promote moppel
[08/08/2012 03:22:13] /promote moppel
[08/08/2012 03:22:13] /promote moppel
[08/08/2012 03:22:14] /promote moppel
[08/08/2012 03:22:14] /promote moppel
[08/08/2012 03:22:18] /demote moppel
[08/08/2012 03:22:18] /demote moppel
[08/08/2012 03:22:19] /demote moppel
[08/08/2012 03:22:20] /demote moppel
[08/08/2012 03:25:28] /zombiestart 1
[08/08/2012 03:25:37] /zombiestart 1
[08/08/2012 03:25:38] /zombiestart 1
[08/08/2012 03:25:38] /zombiestart 1
[08/08/2012 03:25:48] /i 11192
[08/08/2012 03:25:52] /i 11192
[08/08/2012 03:25:52] /i 11192
[08/08/2012 03:27:39] /n prestige npc
[08/08/2012 03:27:45] /c moppeli
[08/08/2012 03:28:19] /i exp scrool
[08/08/2012 03:28:21] /i exp scroll
[08/08/2012 03:28:37] /i exp scroll
[08/08/2012 03:28:38] /i exp scroll
[08/08/2012 03:28:38] /i exp scroll
[08/08/2012 03:28:42] /i exp scroll
[08/08/2012 03:28:43] /i exp scroll
[08/08/2012 03:28:43] /i exp scroll
[08/08/2012 03:28:44] /i exp scroll
[08/08/2012 03:28:46] /i backpack
[08/08/2012 03:28:49] /i backpack
[08/08/2012 03:30:49] /goto zatacka
[08/08/2012 03:32:40] /i exp scroll
[08/08/2012 03:32:40] /i exp scroll
[08/08/2012 03:32:41] /i exp scroll
[08/08/2012 03:32:41] /i exp scroll
[08/08/2012 03:32:41] /i exp scroll
[08/08/2012 03:32:42] /i exp scroll
[08/08/2012 03:32:42] /i exp scroll
[08/08/2012 03:32:48] /i exp scroll
[08/08/2012 03:32:49] /i exp scroll
[08/08/2012 03:32:49] /i exp scroll
[08/08/2012 03:32:49] /i exp scroll
[08/08/2012 03:32:50] /i exp scroll
[08/08/2012 03:32:50] /i exp scroll
[08/08/2012 03:32:51] /i exp scroll
[08/08/2012 03:32:51] /i exp scroll
[08/08/2012 03:33:03] /i exp scroll
[08/08/2012 03:33:47] /t
[08/08/2012 03:56:19] /a 2
[08/08/2012 04:07:08] /t
[08/08/2012 04:16:04] /goto zatacka
[08/08/2012 04:16:21] /c moppeli
[08/08/2012 04:16:49] /newtype 259, moppeli
[08/08/2012 04:16:51] /t
[08/08/2012 04:18:41] /i exp scroll
[08/08/2012 04:20:02] /t
[08/08/2012 04:20:20] !suicide
[08/08/2012 04:20:24] !suicide
[08/08/2012 04:20:38] /i 2160
[08/08/2012 04:24:29] /a
[08/08/2012 04:24:29] /a
[08/08/2012 04:24:29] /a
[08/08/2012 04:24:29] /a
[08/08/2012 04:24:29] /a
[08/08/2012 04:24:29] /a
[08/08/2012 04:24:29] /a
[08/08/2012 04:24:29] /a
[08/08/2012 04:24:29] /a
[08/08/2012 04:24:29] /a
[08/08/2012 04:24:29] /a
[08/08/2012 04:24:29] /a
[08/08/2012 04:24:29] /a
[08/08/2012 04:24:29] /a
[08/08/2012 04:24:29] /a
[08/08/2012 04:24:29] /a
[08/08/2012 04:24:29] /a
[08/08/2012 04:24:29] /a
[08/08/2012 04:24:29] /a
[08/08/2012 04:24:30] /a
[08/08/2012 04:24:30] /a
[08/08/2012 04:24:30] /a
[08/08/2012 04:24:30] /a
[08/08/2012 04:24:30] /a
[08/08/2012 04:24:30] /a
[08/08/2012 04:24:30] /a
[08/08/2012 04:24:30] /a
[08/08/2012 04:24:30] /a
[08/08/2012 04:24:30] /a
[08/08/2012 04:24:30] /a
[08/08/2012 04:24:30] /a
[08/08/2012 04:24:30] /a
[08/08/2012 04:24:30] /a
[08/08/2012 04:24:30] /a
[08/08/2012 04:24:30] /a
[08/08/2012 04:24:30] /a
[08/08/2012 04:24:30] /a
[08/08/2012 04:24:30] /a
[08/08/2012 04:24:31] /a
[08/08/2012 04:24:31] /a
[08/08/2012 04:24:31] /a
[08/08/2012 04:24:31] /a
[08/08/2012 04:24:31] /a
[08/08/2012 04:24:31] /a
[08/08/2012 04:24:31] /a
[08/08/2012 04:24:31] /a
[08/08/2012 04:24:31] /a
[08/08/2012 04:24:31] /a
[08/08/2012 04:24:31] /a
[08/08/2012 04:24:31] /a
[08/08/2012 04:24:31] /a
[08/08/2012 04:24:31] /a
[08/08/2012 04:24:31] /a
[08/08/2012 04:24:31] /a
[08/08/2012 04:24:31] /a
[08/08/2012 04:24:31] /a
[08/08/2012 04:24:31] /a
[08/08/2012 04:24:31] /a
[08/08/2012 04:24:31] /a
[08/08/2012 04:24:31] /a
[08/08/2012 04:24:31] /a
[08/08/2012 04:24:31] /a
[08/08/2012 04:24:31] /a
[08/08/2012 04:24:31] /a
[08/08/2012 04:24:32] /a
[08/08/2012 04:24:32] /a
[08/08/2012 04:24:32] /a
[08/08/2012 04:24:32] /a
[08/08/2012 04:24:32] /a
[08/08/2012 04:24:32] /a
[08/08/2012 04:24:32] /a
[08/08/2012 04:24:32] /a
[08/08/2012 04:24:32] /a
[08/08/2012 04:24:32] /a
[08/08/2012 04:24:32] /a
[08/08/2012 04:24:33] /a
[08/08/2012 04:24:33] /a
[08/08/2012 04:24:33] /a
[08/08/2012 04:24:33] /a
[08/08/2012 04:24:33] /a
[08/08/2012 04:24:33] /a
[08/08/2012 04:24:33] /a
[08/08/2012 04:24:33] /a
[08/08/2012 04:24:33] /a
[08/08/2012 04:24:33] /a
[08/08/2012 04:24:33] /a
[08/08/2012 04:24:33] /a
[08/08/2012 04:24:34] /a
[08/08/2012 04:24:34] /a
[08/08/2012 04:24:34] /a
[08/08/2012 04:24:34] /a
[08/08/2012 04:24:34] /a
[08/08/2012 04:24:34] /a
[08/08/2012 04:24:34] /a
[08/08/2012 04:24:34] /a
[08/08/2012 04:24:34] /a
[08/08/2012 04:24:34] /a
[08/08/2012 04:24:34] /a
[08/08/2012 04:24:34] /a
[08/08/2012 04:24:34] /a
[08/08/2012 04:24:34] /a
[08/08/2012 04:24:34] /a
[08/08/2012 04:24:34] /a
[08/08/2012 04:24:34] /a
[08/08/2012 04:24:34] /a
[08/08/2012 04:24:34] /a
[08/08/2012 04:24:34] /a
[08/08/2012 04:24:34] /a
[08/08/2012 04:24:34] /a
[08/08/2012 04:24:34] /a
[08/08/2012 04:24:34] /a
[08/08/2012 04:24:34] /a
[08/08/2012 04:24:34] /a
[08/08/2012 04:24:34] /a
[08/08/2012 04:24:34] /a
[08/08/2012 04:24:35] /a
[08/08/2012 04:24:35] /a
[08/08/2012 04:24:35] /a
[08/08/2012 04:24:36] /a
[08/08/2012 04:24:36] /a
[08/08/2012 04:24:36] /a
[08/08/2012 04:24:36] /a
[08/08/2012 04:24:36] /a
[08/08/2012 04:24:36] /a
[08/08/2012 04:24:36] /a
[08/08/2012 04:24:36] /a
[08/08/2012 04:24:36] /a
[08/08/2012 04:24:36] /a
[08/08/2012 04:24:36] /a
[08/08/2012 04:24:36] /a
[08/08/2012 04:24:36] /a
[08/08/2012 04:24:36] /a
[08/08/2012 04:24:36] /a
[08/08/2012 04:24:36] /a
[08/08/2012 04:24:36] /a
[08/08/2012 04:24:37] /a
[08/08/2012 04:24:37] /a
[08/08/2012 04:24:37] /a
[08/08/2012 04:24:37] /a
[08/08/2012 04:24:37] /a
[08/08/2012 04:24:37] /a
[08/08/2012 04:24:37] /a
[08/08/2012 04:24:37] /a
[08/08/2012 04:24:37] /a
[08/08/2012 04:24:37] /a
[08/08/2012 04:24:37] /a
[08/08/2012 04:24:37] /a
[08/08/2012 04:24:37] /a
[08/08/2012 04:24:37] /a
[08/08/2012 04:24:37] /a
[08/08/2012 04:24:37] /a
[08/08/2012 04:24:37] /a
[08/08/2012 04:24:37] /a
[08/08/2012 04:24:37] /a
[08/08/2012 04:24:37] /a
[08/08/2012 04:24:37] /a
[08/08/2012 04:24:37] /a
[08/08/2012 04:24:37] /a
[08/08/2012 04:24:37] /a
[08/08/2012 04:24:37] /a
[08/08/2012 04:24:37] /a
[08/08/2012 04:24:37] /a
[08/08/2012 04:24:37] /a
[08/08/2012 04:24:37] /a
[08/08/2012 04:24:37] /a
[08/08/2012 04:24:38] /a
[08/08/2012 04:24:38] /a
[08/08/2012 04:24:38] /a
[08/08/2012 04:24:38] /a
[08/08/2012 04:24:38] /a
[08/08/2012 04:24:38] /a
[08/08/2012 04:24:38] /a
[08/08/2012 04:24:38] /a
[08/08/2012 04:24:39] /a
[08/08/2012 04:24:39] /a
[08/08/2012 04:24:39] /a
[08/08/2012 04:24:39] /a
[08/08/2012 04:24:39] /a
[08/08/2012 04:24:39] /a
[08/08/2012 04:24:39] /a
[08/08/2012 04:24:39] /a
[08/08/2012 04:24:39] /a
[08/08/2012 04:24:39] /a
[08/08/2012 04:24:39] /a
[08/08/2012 04:24:39] /a
[08/08/2012 04:24:39] /a
[08/08/2012 04:24:39] /a
[08/08/2012 04:24:39] /a
[08/08/2012 04:24:39] /a
[08/08/2012 04:24:39] /a
[08/08/2012 04:24:39] /a
[08/08/2012 04:24:39] /a
[08/08/2012 04:24:39] /a
[08/08/2012 04:24:39] /a
[08/08/2012 04:24:39] /a
[08/08/2012 04:24:39] /a
[08/08/2012 04:24:39] /a
[08/08/2012 04:24:39] /a
[08/08/2012 04:24:39] /a
[08/08/2012 04:24:39] /a
[08/08/2012 04:24:40] /a
[08/08/2012 04:24:40] /a
[08/08/2012 04:24:40] /a
[08/08/2012 04:24:40] /a
[08/08/2012 04:24:40] /a
[08/08/2012 04:24:40] /a
[08/08/2012 04:24:40] /a
[08/08/2012 04:24:40] /a
[08/08/2012 04:24:40] /a
[08/08/2012 04:24:40] /a
[08/08/2012 04:24:40] /a
[08/08/2012 04:24:40] /a
[08/08/2012 04:24:40] /a
[08/08/2012 04:24:40] /a
[08/08/2012 04:24:40] /a
[08/08/2012 04:24:40] /a
[08/08/2012 04:24:40] /a
[08/08/2012 04:24:40] /a
[08/08/2012 04:24:40] /a
[08/08/2012 04:24:40] /a
[08/08/2012 04:24:41] /a
[08/08/2012 04:24:41] /a
[08/08/2012 04:24:41] /a
[08/08/2012 04:24:41] /a
[08/08/2012 04:24:41] /a
[08/08/2012 04:24:41] /a
[08/08/2012 04:24:41] /a
[08/08/2012 04:24:41] /a
[08/08/2012 04:24:41] /a
[08/08/2012 04:24:41] /a
[08/08/2012 04:24:41] /a
[08/08/2012 04:24:41] /a
[08/08/2012 04:24:41] /a
[08/08/2012 04:24:41] /a
[08/08/2012 04:24:41] /a
[08/08/2012 04:24:41] /a
[08/08/2012 04:24:41] /a
[08/08/2012 04:24:41] /a
[08/08/2012 04:24:41] /a
[08/08/2012 04:24:41] /a
[08/08/2012 04:24:41] /a
[08/08/2012 04:24:41] /a
[08/08/2012 04:24:41] /a
[08/08/2012 04:24:41] /a
[08/08/2012 04:24:41] /a
[08/08/2012 04:24:41] /a
[08/08/2012 04:24:41] /a
[08/08/2012 04:24:41] /a
[08/08/2012 04:24:41] /a
[08/08/2012 04:24:42] /a
[08/08/2012 04:24:42] /a
[08/08/2012 04:24:42] /a
[08/08/2012 04:24:42] /a
[08/08/2012 04:24:42] /a
[08/08/2012 04:24:42] /a
[08/08/2012 04:24:42] /a
[08/08/2012 04:24:42] /a
[08/08/2012 04:24:42] /a
[08/08/2012 04:24:42] /a
[08/08/2012 04:24:42] /a
[08/08/2012 04:24:42] /a
[08/08/2012 04:24:42] /a
[08/08/2012 04:24:42] /a
[08/08/2012 04:24:43] /a
[08/08/2012 04:24:43] /a
[08/08/2012 04:24:43] /a
[08/08/2012 04:24:43] /a
[08/08/2012 04:24:43] /a
[08/08/2012 04:24:43] /a
[08/08/2012 04:24:43] /a
[08/08/2012 04:24:43] /a
[08/08/2012 04:24:43] /a
[08/08/2012 04:24:43] /a
[08/08/2012 04:24:43] /a
[08/08/2012 04:24:43] /a
[08/08/2012 04:24:43] /a
[08/08/2012 04:24:43] /a
[08/08/2012 04:24:44] /a
[08/08/2012 04:24:44] /a
[08/08/2012 04:24:44] /a
[08/08/2012 04:24:44] /a
[08/08/2012 04:24:44] /a
[08/08/2012 04:24:44] /a
[08/08/2012 04:24:44] /a
[08/08/2012 04:24:44] /a
[08/08/2012 04:24:44] /a
[08/08/2012 04:24:44] /a
[08/08/2012 04:24:44] /a
[08/08/2012 04:24:44] /a
[08/08/2012 04:24:45] /a
[08/08/2012 04:24:45] /a
[08/08/2012 04:24:45] /a
[08/08/2012 04:24:45] /a
[08/08/2012 04:24:45] /a
[08/08/2012 04:24:45] /a
[08/08/2012 04:24:45] /a
[08/08/2012 04:24:45] /a
[08/08/2012 04:24:45] /a
[08/08/2012 04:24:45] /a
[08/08/2012 04:24:45] /a
[08/08/2012 04:24:45] /a
[08/08/2012 04:24:45] /a
[08/08/2012 04:24:45] /a
[08/08/2012 04:24:45] /a
[08/08/2012 04:24:46] /a
[08/08/2012 04:24:46] /a
[08/08/2012 04:24:46] /a
[08/08/2012 04:24:46] /a
[08/08/2012 04:24:46] /a
[08/08/2012 04:24:46] /a
[08/08/2012 04:24:46] /a
[08/08/2012 04:24:46] /a
[08/08/2012 04:24:46] /a
[08/08/2012 04:24:46] /a
[08/08/2012 04:24:46] /a
[08/08/2012 04:24:46] /a
[08/08/2012 04:24:46] /a
[08/08/2012 04:24:46] /a
[08/08/2012 04:24:46] /a
[08/08/2012 04:24:47] /a
[08/08/2012 04:24:47] /a
[08/08/2012 04:24:47] /a
[08/08/2012 04:24:47] /a
[08/08/2012 04:24:47] /a
[08/08/2012 04:24:47] /a
[08/08/2012 04:24:47] /a
[08/08/2012 04:24:47] /a
[08/08/2012 04:24:47] /a
[08/08/2012 04:24:47] /a
[08/08/2012 04:24:47] /a
[08/08/2012 04:24:47] /a
[08/08/2012 04:24:47] /a
[08/08/2012 04:24:47] /a
[08/08/2012 04:24:47] /a
[08/08/2012 04:24:47] /a
[08/08/2012 04:24:47] /a
[08/08/2012 04:24:47] /a
[08/08/2012 04:24:47] /a
[08/08/2012 04:24:47] /a
[08/08/2012 04:24:47] /a
[08/08/2012 04:24:47] /a
[08/08/2012 04:24:47] /a
[08/08/2012 04:24:48] /a
[08/08/2012 04:24:48] /a
[08/08/2012 04:24:48] /a
[08/08/2012 04:24:48] /a
[08/08/2012 04:24:48] /a
[08/08/2012 04:24:49] /a
[08/08/2012 04:24:50] /a
[08/08/2012 04:24:50] /a
[08/08/2012 04:24:50] /a
[08/08/2012 04:24:50] /a
[08/08/2012 04:24:50] /a
[08/08/2012 04:24:50] /a
[08/08/2012 04:24:50] /a
[08/08/2012 04:24:50] /a
[08/08/2012 04:24:50] /a
[08/08/2012 04:24:50] /a
[08/08/2012 04:24:50] /a
[08/08/2012 04:24:50] /a
[08/08/2012 04:24:50] /a
[08/08/2012 04:24:50] /a
[08/08/2012 04:24:51] /a
[08/08/2012 04:24:51] /a
[08/08/2012 04:24:51] /a
[08/08/2012 04:24:51] /a
[08/08/2012 04:24:51] /a
[08/08/2012 04:24:51] /a
[08/08/2012 04:24:51] /a
[08/08/2012 04:24:51] /a
[08/08/2012 04:24:51] /a
[08/08/2012 04:24:51] /a
[08/08/2012 04:24:51] /a
[08/08/2012 04:24:51] /a
[08/08/2012 04:24:51] /a
[08/08/2012 04:24:51] /a
[08/08/2012 04:24:51] /a
[08/08/2012 04:24:51] /a
[08/08/2012 04:24:51] /a
[08/08/2012 04:24:51] /a
[08/08/2012 04:24:51] /a
[08/08/2012 04:24:51] /a
[08/08/2012 04:24:51] /a
[08/08/2012 04:24:51] /a
[08/08/2012 04:24:51] /a
[08/08/2012 04:24:51] /a
[08/08/2012 04:24:51] /a
[08/08/2012 04:24:51] /a
[08/08/2012 04:24:51] /a
[08/08/2012 04:24:51] /a
[08/08/2012 04:24:52] /a
[08/08/2012 04:24:53] /a
[08/08/2012 04:24:53] /a
[08/08/2012 04:24:53] /a
[08/08/2012 04:24:53] /a
[08/08/2012 04:24:54] /a
[08/08/2012 04:24:54] /a
[08/08/2012 04:24:54] /a
[08/08/2012 04:24:54] /a
[08/08/2012 04:24:54] /a
[08/08/2012 04:24:54] /a
[08/08/2012 04:31:59] /i 5785
[08/08/2012 04:32:05] /i vip medal
[08/08/2012 04:32:10] /i vip medal
[08/08/2012 04:32:12] /i vip medal
[08/08/2012 04:32:14] /i vip medal
[08/08/2012 04:32:16] /i vip medal
[08/08/2012 04:38:25] /a
[08/08/2012 04:38:25] /a
[08/08/2012 04:38:31] /a
[08/08/2012 04:38:37] /a
[08/08/2012 04:38:37] /a
[08/08/2012 04:38:38] /a
[08/08/2012 04:38:46] /a
[08/08/2012 04:38:47] /a
[08/08/2012 04:38:47] /a
[08/08/2012 04:38:48] /a
[08/08/2012 04:38:49] /a
[08/08/2012 04:41:00] /a
[08/08/2012 04:41:01] /a
[08/08/2012 04:41:01] /a
[08/08/2012 04:41:02] /a
[08/08/2012 04:41:28] /a
[08/08/2012 04:41:28] /a
[08/08/2012 04:41:28] /a
[08/08/2012 04:54:10] /goto zatacka
[08/08/2012 04:54:40] /a
[08/08/2012 04:54:40] /a
[08/08/2012 04:54:40] /a
[08/08/2012 04:54:40] /a
[08/08/2012 04:54:40] /a
[08/08/2012 04:54:40] /a
[08/08/2012 04:54:40] /a
[08/08/2012 04:54:40] /a
[08/08/2012 04:54:40] /a
[08/08/2012 04:54:41] /a
[08/08/2012 04:54:43] /a
[08/08/2012 04:54:43] /a
[08/08/2012 04:54:44] /a
[08/08/2012 04:54:44] /a
[08/08/2012 04:54:44] /a
[08/08/2012 04:54:45] /a
[08/08/2012 04:54:46] /a
[08/08/2012 04:54:46] /a
[08/08/2012 04:54:46] /a
[08/08/2012 04:54:46] /a
[08/08/2012 04:54:46] /a
[08/08/2012 04:54:46] /a
[08/08/2012 04:54:46] /a
[08/08/2012 04:54:46] /a
[08/08/2012 04:54:46] /a
[08/08/2012 04:54:46] /a
[08/08/2012 04:54:46] /a
[08/08/2012 04:54:47] /a
[08/08/2012 04:54:47] /a
[08/08/2012 04:54:47] /a
[08/08/2012 04:54:47] /a
[08/08/2012 04:54:47] /a
[08/08/2012 04:54:47] /a
[08/08/2012 04:54:47] /a
[08/08/2012 04:54:47] /a
[08/08/2012 04:54:48] /a
[08/08/2012 04:54:48] /a
[08/08/2012 04:54:48] /a
[08/08/2012 04:54:48] /a
[08/08/2012 04:54:48] /a
[08/08/2012 04:54:48] /a
[08/08/2012 04:54:48] /a
[08/08/2012 04:54:48] /a
[08/08/2012 04:54:48] /a
[08/08/2012 04:54:48] /a
[08/08/2012 04:54:48] /a
[08/08/2012 04:54:49] /a
[08/08/2012 04:54:50] /a
[08/08/2012 04:54:50] /a
[08/08/2012 04:54:50] /a
[08/08/2012 04:54:50] /a
[08/08/2012 04:54:50] /a
[08/08/2012 04:54:50] /a
[08/08/2012 04:54:50] /a
[08/08/2012 04:54:50] /a
[08/08/2012 04:54:50] /a
[08/08/2012 04:54:50] /a
[08/08/2012 04:54:50] /a
[08/08/2012 04:54:52] /up
[08/08/2012 04:54:53] /a
[08/08/2012 04:54:53] /a
[08/08/2012 04:54:53] /a
[08/08/2012 04:54:53] /a
[08/08/2012 04:54:54] /up
[08/08/2012 04:54:54] /a
[08/08/2012 04:54:54] /a
[08/08/2012 04:54:54] /a
[08/08/2012 04:54:54] /a
[08/08/2012 04:54:55] /a
[08/08/2012 04:54:55] /a
[08/08/2012 04:54:55] /a
[08/08/2012 04:54:55] /a
[08/08/2012 04:54:55] /a
[08/08/2012 04:54:55] /a
[08/08/2012 04:54:55] /a
[08/08/2012 04:54:55] /a
[08/08/2012 04:54:55] /a
[08/08/2012 04:54:55] /a
[08/08/2012 04:54:55] /a
[08/08/2012 04:54:55] /a
[08/08/2012 04:54:55] /a
[08/08/2012 04:54:55] /a
[08/08/2012 04:54:55] /a
[08/08/2012 04:54:55] /a
[08/08/2012 04:54:55] /a
[08/08/2012 04:54:55] /a
[08/08/2012 04:54:55] /a
[08/08/2012 04:54:55] /a
[08/08/2012 04:54:55] /a
[08/08/2012 04:54:55] /a
[08/08/2012 04:54:55] /a
[08/08/2012 04:54:55] /a
[08/08/2012 04:54:55] /a
[08/08/2012 04:54:55] /a
[08/08/2012 04:54:55] /a
[08/08/2012 04:54:55] /a
[08/08/2012 04:54:56] /up
[08/08/2012 04:54:57] /a
[08/08/2012 04:54:57] /a
[08/08/2012 04:54:57] /a
[08/08/2012 04:54:57] /a
[08/08/2012 04:54:57] /a
[08/08/2012 04:54:57] /a
[08/08/2012 04:54:57] /a
[08/08/2012 04:54:57] /a
[08/08/2012 04:54:57] /a
[08/08/2012 04:54:57] /a
[08/08/2012 04:54:58] /a
[08/08/2012 04:54:58] /a
[08/08/2012 04:54:58] /a
[08/08/2012 04:54:58] /a
[08/08/2012 04:54:58] /a
[08/08/2012 04:54:58] /a
[08/08/2012 04:54:58] /a
[08/08/2012 04:54:58] /a
[08/08/2012 04:54:58] /a
[08/08/2012 04:54:58] /a
[08/08/2012 04:54:58] /a
[08/08/2012 04:54:58] /a
[08/08/2012 04:54:58] /a
[08/08/2012 04:54:58] /a
[08/08/2012 04:54:58] /a
[08/08/2012 04:54:58] /a
[08/08/2012 04:54:58] /a
[08/08/2012 04:54:58] /a
[08/08/2012 04:54:58] /a
[08/08/2012 04:54:58] /a
[08/08/2012 04:54:59] /a
[08/08/2012 04:54:59] /a
[08/08/2012 04:54:59] /a
[08/08/2012 04:54:59] /a
[08/08/2012 04:54:59] /a
[08/08/2012 04:54:59] /a
[08/08/2012 04:54:59] /a
[08/08/2012 04:54:59] /a
[08/08/2012 04:54:59] /a
[08/08/2012 04:54:59] /a
[08/08/2012 04:54:59] /a
[08/08/2012 04:54:59] /a
[08/08/2012 04:54:59] /a
[08/08/2012 04:54:59] /a
[08/08/2012 04:55:00] /a
[08/08/2012 04:55:00] /a
[08/08/2012 04:55:00] /a
[08/08/2012 04:55:00] /a
[08/08/2012 04:55:00] /a
[08/08/2012 04:55:12] /a
[08/08/2012 04:55:13] /a
[08/08/2012 04:55:14] /a
[08/08/2012 05:11:12] /a
[08/08/2012 05:11:15] /a
[08/08/2012 05:11:16] /a
[08/08/2012 05:11:17] /a
[08/08/2012 05:12:19] /i 10764
[13/08/2012 18:05:26] /newtype 309
