[02/09/2012 23:54:04] /ghost
[02/09/2012 23:54:05] /ghost
[02/09/2012 23:55:12] /goto sir omg
[02/09/2012 23:56:04] /i 12
[02/09/2012 23:56:21] /i 12427
[02/09/2012 23:56:44] /acc
[02/09/2012 23:56:47] /acc on
[02/09/2012 23:56:52] /acc sir omg
[02/09/2012 23:57:37] /goto Zatacka
[02/09/2012 23:57:57] /mode
[02/09/2012 23:58:00] /mode
[02/09/2012 23:58:07] /goto sir omg
[02/09/2012 23:59:12] /goto Zatacka
[02/09/2012 23:59:18] /goto sir omg
[02/09/2012 23:59:51] /c
[03/09/2012 00:00:09] /c
[03/09/2012 00:00:11] /c
[03/09/2012 00:00:17] /c on
[03/09/2012 00:02:05] /c
[03/09/2012 00:02:11] /c here
[03/09/2012 00:02:34] /c
[03/09/2012 00:02:38] /c
[03/09/2012 00:02:44] /c
[03/09/2012 00:02:45] /c
[03/09/2012 00:02:48] /c 
[03/09/2012 00:05:06] /c
[03/09/2012 00:05:07] /c
[03/09/2012 00:05:14] /goto Zatacka
[03/09/2012 00:06:27] /goto Zatacka
[03/09/2012 00:07:51] /ghost
[03/09/2012 00:08:37] /goto sir omg
[03/09/2012 00:08:42] /ghost 
[03/09/2012 00:09:22] /goto sir omg
[03/09/2012 00:13:58] /name dre beatz
[03/09/2012 00:14:01] /name dre beatz
[03/09/2012 00:35:26] /mute saintz
[03/09/2012 00:35:43] /m rotworm
[03/09/2012 00:35:45] /m rotworm
[03/09/2012 00:35:46] /m rotworm
[03/09/2012 00:36:23] /c
[03/09/2012 00:36:26] /c up
[03/09/2012 00:36:33] /c rebell
[03/09/2012 00:36:35] /c rebell
[03/09/2012 00:36:40] /c rebell
[03/09/2012 00:36:41] /c rebell
[03/09/2012 00:36:43] /c rebell
[03/09/2012 00:36:48] /c rebell
[03/09/2012 00:36:54] /c dick
[03/09/2012 00:36:58] /c rotworm
[03/09/2012 00:41:13] /goto rosso
[03/09/2012 00:41:15] /goto rosso
[03/09/2012 00:41:17] /goto rosso
[03/09/2012 00:41:19] /goto rosso
[03/09/2012 00:41:24] /goto rosso
[03/09/2012 00:41:50] /ghost
[03/09/2012 00:42:02] /ghost
[03/09/2012 00:42:26] /c death
[03/09/2012 00:42:39] /ghost
[03/09/2012 00:42:55] /i 1234
[03/09/2012 00:43:28] /clean
[03/09/2012 00:43:33] /clean
[03/09/2012 00:43:36] /clean
[03/09/2012 00:43:38] /clean
[03/09/2012 00:43:40] /clean
[03/09/2012 00:43:52] !addpoints
[03/09/2012 00:43:54] !addpoints
[03/09/2012 00:43:54] !addpoints
[03/09/2012 00:43:55] !addpoints
[03/09/2012 00:43:56] !addpoints
[03/09/2012 00:43:57] !addpoints 12
[03/09/2012 00:44:02] !addpoints 100000000
[03/09/2012 00:44:03] !addpoints 100000000
[03/09/2012 00:44:04] !addpoints 100000000
[03/09/2012 00:44:04] !addpoints 100000000
[03/09/2012 00:44:17] /goto rosso
[03/09/2012 00:44:23] /ghost
