[13/08/2012 18:07:02] /newtype 309
[13/08/2012 18:07:06] /newtype 266
[13/08/2012 18:07:15] /i 2160
[13/08/2012 18:07:18] /i 2160
[13/08/2012 18:09:05] /newtype 208
[13/08/2012 18:09:24] /newtype 209
[13/08/2012 18:09:26] /newtype 210
[13/08/2012 18:09:28] /newtype 211
[13/08/2012 18:09:29] /newtype 212
[13/08/2012 18:09:30] /newtype 213
[13/08/2012 18:09:32] /newtype 212
[13/08/2012 18:09:39] /newtype 212
[13/08/2012 18:09:53] /newtype 213
[13/08/2012 18:09:54] /newtype 214
[13/08/2012 18:09:54] /newtype 215
[13/08/2012 18:09:55] /newtype 216
[13/08/2012 18:09:56] /newtype 217
[13/08/2012 18:09:56] /newtype 218
[13/08/2012 18:09:57] /newtype 219
[13/08/2012 18:09:59] /newtype 220
[13/08/2012 18:09:59] /newtype 221
[13/08/2012 18:10:00] /newtype 222
[13/08/2012 18:10:01] /newtype 223
[13/08/2012 18:10:01] /newtype 224
[13/08/2012 18:10:02] /newtype 225
[13/08/2012 18:10:03] /newtype 226
[13/08/2012 18:10:04] /newtype 227
[13/08/2012 18:10:04] /newtype 228
[13/08/2012 18:10:05] /newtype 229
[13/08/2012 18:10:06] /newtype 230
[13/08/2012 18:11:14] /newtype 231
[13/08/2012 18:11:16] /newtype 232
[13/08/2012 18:11:17] /newtype 233
[13/08/2012 18:11:18] /newtype 234
[13/08/2012 18:11:18] /newtype 235
[13/08/2012 18:11:20] /newtype 236
[13/08/2012 18:11:21] /newtype 237
[13/08/2012 18:11:21] /newtype 238
[13/08/2012 18:11:22] /newtype 239
[13/08/2012 18:11:24] /newtype 240
[13/08/2012 18:11:24] /newtype 241
[13/08/2012 18:11:25] /newtype 242
[13/08/2012 18:11:26] /newtype 243
[13/08/2012 18:11:26] /newtype 244
[13/08/2012 18:11:27] /newtype 245
[13/08/2012 18:11:28] /newtype 246
[13/08/2012 18:11:29] /newtype 247
[13/08/2012 18:11:30] /newtype 248
[13/08/2012 18:11:31] /newtype 249
[13/08/2012 18:11:32] /newtype 250
[13/08/2012 18:11:34] /newtype 251
[13/08/2012 18:11:35] /newtype 252
[13/08/2012 18:11:36] /newtype 253
[13/08/2012 18:11:36] /newtype 254
[13/08/2012 18:11:37] /newtype 2545
[13/08/2012 18:11:39] /newtype 254
[13/08/2012 18:11:42] /newtype 256
[13/08/2012 18:11:43] /newtype 257
[13/08/2012 18:11:43] /newtype 258
[13/08/2012 18:11:44] /newtype 259
[13/08/2012 18:11:48] /newtype 260
[13/08/2012 18:11:49] /newtype 261
[13/08/2012 18:11:50] /newtype 262
[13/08/2012 18:11:50] /newtype 263
[13/08/2012 18:11:52] /newtype 264
[13/08/2012 18:11:52] /newtype 265
[13/08/2012 18:11:53] /newtype 266
[13/08/2012 18:11:58] /newtype 267
[13/08/2012 18:12:03] /newtype 268
[13/08/2012 18:12:04] /newtype 269
[13/08/2012 18:12:07] /newtype 270
[13/08/2012 18:12:13] /newtype 271
[13/08/2012 18:12:13] /newtype 272
[13/08/2012 18:12:14] /newtype 273
[13/08/2012 18:12:15] /newtype 274
[13/08/2012 18:12:16] /newtype 275
[13/08/2012 18:12:16] /newtype 276
[13/08/2012 18:12:20] /newtype 276
[13/08/2012 18:12:28] /newtype 275
[13/08/2012 18:12:31] /newtype 275
[13/08/2012 18:13:32] /c zatacka
[13/08/2012 18:13:34] /c zatacka
[13/08/2012 18:13:39] /a
[13/08/2012 18:13:39] /a
[13/08/2012 18:13:40] /a
[13/08/2012 18:13:42] /a
[13/08/2012 18:13:48] /a 2
[13/08/2012 18:15:37] /clean
[13/08/2012 18:15:59] /a
[13/08/2012 18:16:00] /a
[13/08/2012 18:16:01] /a
[13/08/2012 18:16:02] /a
[13/08/2012 18:16:03] /a
[13/08/2012 18:16:07] /a
[13/08/2012 18:16:07] /a
[13/08/2012 18:16:08] /a
[13/08/2012 18:16:08] /a
[13/08/2012 18:16:08] /a
[13/08/2012 18:16:08] /a
[13/08/2012 18:16:08] /a
[13/08/2012 18:16:08] /a
[13/08/2012 18:16:08] /a
[13/08/2012 18:16:08] /a
[13/08/2012 18:16:08] /a
[13/08/2012 18:16:08] /a
[13/08/2012 18:16:08] /a
[13/08/2012 18:16:08] /a
[13/08/2012 18:16:08] /a
[13/08/2012 18:16:08] /a
[13/08/2012 18:16:08] /a
[13/08/2012 18:16:08] /a
[13/08/2012 18:16:08] /a
[13/08/2012 18:16:09] /a
[13/08/2012 18:16:09] /a
[13/08/2012 18:16:09] /a
[13/08/2012 18:16:09] /a
[13/08/2012 18:16:09] /a
[13/08/2012 18:16:09] /a
[13/08/2012 18:16:09] /a
[13/08/2012 18:16:09] /a
[13/08/2012 18:16:09] /a
[13/08/2012 18:16:09] /a
[13/08/2012 18:16:09] /a
[13/08/2012 18:16:09] /a
[13/08/2012 18:16:09] /a
[13/08/2012 18:16:09] /a
[13/08/2012 18:16:09] /a
[13/08/2012 18:16:10] /a
[13/08/2012 18:16:10] /a
[13/08/2012 18:16:10] /a
[13/08/2012 18:16:10] /a
[13/08/2012 18:16:10] /a
[13/08/2012 18:16:10] /a
[13/08/2012 18:16:10] /a
[13/08/2012 18:16:10] /a
[13/08/2012 18:16:10] /a
[13/08/2012 18:16:10] /a
[13/08/2012 18:16:11] /a
[13/08/2012 18:16:11] /a
[13/08/2012 18:16:11] /a
[13/08/2012 18:16:11] /a
[13/08/2012 18:16:11] /a
[13/08/2012 18:16:11] /a
[13/08/2012 18:16:11] /a
[13/08/2012 18:16:11] /a
[13/08/2012 18:16:11] /a
[13/08/2012 18:16:11] /a
[13/08/2012 18:16:11] /a
[13/08/2012 18:16:11] /a
[13/08/2012 18:16:12] /a
[13/08/2012 18:16:12] /a
[13/08/2012 18:16:12] /a
[13/08/2012 18:16:12] /a
[13/08/2012 18:16:12] /a
[13/08/2012 18:16:12] /a
[13/08/2012 18:16:12] /a
[13/08/2012 18:16:14] /c zatacka
[13/08/2012 18:16:15] /a
[13/08/2012 18:16:15] /a
[13/08/2012 18:16:16] /a
[13/08/2012 18:16:16] /a
[13/08/2012 18:16:16] /a
[13/08/2012 18:16:16] /a
[13/08/2012 18:16:16] /a
[13/08/2012 18:16:16] /a
[13/08/2012 18:16:17] /a
[13/08/2012 18:16:17] /a
[13/08/2012 18:16:17] /a
[13/08/2012 18:16:18] /a
[13/08/2012 18:16:18] /a
[13/08/2012 18:16:18] /a
[13/08/2012 18:16:18] /a
[13/08/2012 18:16:18] /a
[13/08/2012 18:16:18] /a
[13/08/2012 18:16:19] /a
[13/08/2012 18:16:19] /a
[13/08/2012 18:16:19] /a
[13/08/2012 18:16:19] /a
[13/08/2012 18:16:19] /a
[13/08/2012 18:16:19] /a
[13/08/2012 18:16:19] /a
[13/08/2012 18:16:19] /a
[13/08/2012 18:16:19] /a
[13/08/2012 18:16:19] /a
[13/08/2012 18:16:19] /a
[13/08/2012 18:16:20] /a
[13/08/2012 18:16:20] /a
[13/08/2012 18:16:20] /a
[13/08/2012 18:16:20] /a
[13/08/2012 18:16:20] /a
[13/08/2012 18:16:20] /a
[13/08/2012 18:16:20] /a
[13/08/2012 18:16:20] /a
[13/08/2012 18:16:20] /a
[13/08/2012 18:16:20] /a
[13/08/2012 18:16:21] /a
[13/08/2012 18:16:21] /a
[13/08/2012 18:16:21] /a
[13/08/2012 18:16:22] /a
[13/08/2012 18:16:22] /a
[13/08/2012 18:16:22] /a
[13/08/2012 18:16:23] /a
[13/08/2012 18:16:37] /r
[13/08/2012 18:16:38] /r
[13/08/2012 18:16:45] /r
[13/08/2012 18:16:46] /r
[13/08/2012 18:16:46] /r
[13/08/2012 18:16:47] /r
[13/08/2012 18:16:49] /r
[13/08/2012 18:16:50] /r
[13/08/2012 18:16:51] /r
[13/08/2012 18:16:51] /r
[13/08/2012 18:16:52] /r
[13/08/2012 18:16:52] /r
[13/08/2012 18:16:54] /r
[13/08/2012 18:17:01] /r
[13/08/2012 18:17:01] /r
[13/08/2012 18:17:03] /r
[13/08/2012 18:17:03] /r
[13/08/2012 18:17:04] /r
[13/08/2012 18:17:04] /r
[13/08/2012 18:17:05] /r
[13/08/2012 18:17:06] /r
[13/08/2012 18:17:06] /r
[13/08/2012 18:17:07] /r
[13/08/2012 18:17:07] /r
[13/08/2012 18:17:08] /r
[13/08/2012 18:17:09] /r
[13/08/2012 18:17:15] /r
[13/08/2012 18:17:16] /r
[13/08/2012 18:17:17] /r
[13/08/2012 18:17:18] /r
[13/08/2012 18:17:19] /r
[13/08/2012 18:17:19] /r
[13/08/2012 18:17:20] /r
[13/08/2012 18:17:21] /r
[13/08/2012 18:17:22] /r
[13/08/2012 18:17:23] /r
[13/08/2012 18:17:24] /r
[13/08/2012 18:17:25] /r
[13/08/2012 18:17:40] /t
[13/08/2012 18:17:43] /a
[13/08/2012 18:17:43] /a
[13/08/2012 18:17:55] /a
[13/08/2012 18:17:58] /c zatacka
[13/08/2012 18:18:00] /c zatacka
[13/08/2012 18:18:12] /t
[13/08/2012 18:19:14] /i 5952
[13/08/2012 18:19:23] /i exp book
[13/08/2012 18:19:27] /i exp scroll
[13/08/2012 18:19:32] /i exp scroll
[13/08/2012 18:19:35] /i backpack
[13/08/2012 18:19:36] /i backpack
[13/08/2012 18:19:37] /i backpack
[13/08/2012 18:19:37] /i backpack
[13/08/2012 18:19:38] /i backpack
[13/08/2012 18:19:38] /i backpack
[13/08/2012 18:19:54] /i exp scroll
[13/08/2012 18:19:54] /i exp scroll
[13/08/2012 18:19:54] /i exp scroll
[13/08/2012 18:19:54] /i exp scroll
[13/08/2012 18:19:54] /i exp scroll
[13/08/2012 18:19:54] /i exp scroll
[13/08/2012 18:19:55] /i exp scroll
[13/08/2012 18:19:55] /i exp scroll
[13/08/2012 18:19:55] /i exp scroll
[13/08/2012 18:19:55] /i exp scroll
[13/08/2012 18:19:55] /i exp scroll
[13/08/2012 18:19:55] /i exp scroll
[13/08/2012 18:19:55] /i exp scroll
[13/08/2012 18:19:55] /i exp scroll
[13/08/2012 18:19:55] /i exp scroll
[13/08/2012 18:19:55] /i exp scroll
[13/08/2012 18:19:55] /i exp scroll
[13/08/2012 18:19:55] /i exp scroll
[13/08/2012 18:19:55] /i exp scroll
[13/08/2012 18:19:55] /i exp scroll
[13/08/2012 18:19:56] /i exp scroll
[13/08/2012 18:19:56] /i exp scroll
[13/08/2012 18:19:56] /i exp scroll
[13/08/2012 18:19:56] /i exp scroll
[13/08/2012 18:19:56] /i exp scroll
[13/08/2012 18:19:56] /i exp scroll
[13/08/2012 18:19:56] /i exp scroll
[13/08/2012 18:19:56] /i exp scroll
[13/08/2012 18:19:56] /i exp scroll
[13/08/2012 18:19:56] /i exp scroll
[13/08/2012 18:19:56] /i exp scroll
[13/08/2012 18:19:56] /i exp scroll
[13/08/2012 18:19:56] /i exp scroll
[13/08/2012 18:19:56] /i exp scroll
[13/08/2012 18:19:56] /i exp scroll
[13/08/2012 18:19:56] /i exp scroll
[13/08/2012 18:19:56] /i exp scroll
[13/08/2012 18:19:56] /i exp scroll
[13/08/2012 18:19:56] /i exp scroll
[13/08/2012 18:19:56] /i exp scroll
[13/08/2012 18:19:56] /i exp scroll
[13/08/2012 18:19:57] /i exp scroll
[13/08/2012 18:19:57] /i exp scroll
[13/08/2012 18:19:57] /i exp scroll
[13/08/2012 18:19:57] /i exp scroll
[13/08/2012 18:19:57] /i exp scroll
[13/08/2012 18:19:57] /i exp scroll
[13/08/2012 18:19:57] /i exp scroll
[13/08/2012 18:20:01] /i exp scroll
[13/08/2012 18:20:01] /i exp scroll
[13/08/2012 18:20:01] /i exp scroll
[13/08/2012 18:20:01] /i exp scroll
[13/08/2012 18:20:01] /i exp scroll
[13/08/2012 18:20:01] /i exp scroll
[13/08/2012 18:20:01] /i exp scroll
[13/08/2012 18:20:01] /i exp scroll
[13/08/2012 18:20:01] /i exp scroll
[13/08/2012 18:20:01] /i exp scroll
[13/08/2012 18:20:01] /i exp scroll
[13/08/2012 18:20:01] /i exp scroll
[13/08/2012 18:20:01] /i exp scroll
[13/08/2012 18:20:01] /i exp scroll
[13/08/2012 18:20:01] /i exp scroll
[13/08/2012 18:20:01] /i exp scroll
[13/08/2012 18:20:01] /i exp scroll
[13/08/2012 18:20:01] /i exp scroll
[13/08/2012 18:20:01] /i exp scroll
[13/08/2012 18:20:01] /i exp scroll
[13/08/2012 18:20:02] /i exp scroll
[13/08/2012 18:20:02] /i exp scroll
[13/08/2012 18:20:02] /i exp scroll
[13/08/2012 18:20:02] /i exp scroll
[13/08/2012 18:20:02] /i exp scroll
[13/08/2012 18:20:02] /i exp scroll
[13/08/2012 18:20:02] /i exp scroll
[13/08/2012 18:20:02] /i exp scroll
[13/08/2012 18:20:02] /i exp scroll
[13/08/2012 18:20:02] /i exp scroll
[13/08/2012 18:20:02] /i exp scroll
[13/08/2012 18:20:02] /i exp scroll
[13/08/2012 18:20:02] /i exp scroll
[13/08/2012 18:20:02] /i exp scroll
[13/08/2012 18:20:02] /i exp scroll
[13/08/2012 18:20:02] /i exp scroll
[13/08/2012 18:20:02] /i exp scroll
[13/08/2012 18:20:02] /i exp scroll
[13/08/2012 18:20:02] /i exp scroll
[13/08/2012 18:20:02] /i exp scroll
[13/08/2012 18:20:02] /i exp scroll
[13/08/2012 18:20:02] /i exp scroll
[13/08/2012 18:20:02] /i exp scroll
[13/08/2012 18:20:02] /i exp scroll
[13/08/2012 18:20:02] /i exp scroll
[13/08/2012 18:20:02] /i exp scroll
[13/08/2012 18:20:02] /i exp scroll
[13/08/2012 18:20:02] /i exp scroll
[13/08/2012 18:20:02] /i exp scroll
[13/08/2012 18:20:02] /i exp scroll
[13/08/2012 18:20:02] /i exp scroll
[13/08/2012 18:20:02] /i exp scroll
[13/08/2012 18:20:03] /i exp scroll
[13/08/2012 18:20:03] /i exp scroll
[13/08/2012 18:20:03] /i exp scroll
[13/08/2012 18:20:03] /i exp scroll
[13/08/2012 18:20:03] /i exp scroll
[13/08/2012 18:20:03] /i exp scroll
[13/08/2012 18:20:03] /i exp scroll
[13/08/2012 18:20:03] /i exp scroll
[13/08/2012 18:20:03] /i exp scroll
[13/08/2012 18:20:03] /i exp scroll
[13/08/2012 18:20:03] /i exp scroll
[13/08/2012 18:20:03] /i exp scroll
[13/08/2012 18:20:03] /i exp scroll
[13/08/2012 18:20:03] /i exp scroll
[13/08/2012 18:20:03] /i exp scroll
[13/08/2012 18:20:03] /i exp scroll
[13/08/2012 18:20:03] /i exp scroll
[13/08/2012 18:20:03] /i exp scroll
[13/08/2012 18:20:03] /i exp scroll
[13/08/2012 18:20:03] /i exp scroll
[13/08/2012 18:20:03] /i exp scroll
[13/08/2012 18:20:03] /i exp scroll
[13/08/2012 18:20:03] /i exp scroll
[13/08/2012 18:20:03] /i exp scroll
[13/08/2012 18:20:03] /i exp scroll
[13/08/2012 18:20:03] /i exp scroll
[13/08/2012 18:20:03] /i exp scroll
[13/08/2012 18:20:03] /i exp scroll
[13/08/2012 18:20:05] /i exp scroll
[13/08/2012 18:20:05] /i exp scroll
[13/08/2012 18:20:05] /i exp scroll
[13/08/2012 18:20:06] /i exp scroll
[13/08/2012 18:20:10] /r
[13/08/2012 18:20:17] /r
[13/08/2012 18:20:20] /i backpack
[13/08/2012 18:21:37] /goto zatack
[13/08/2012 18:21:38] /goto zatack
[13/08/2012 18:21:41] /goto zatacka
[13/08/2012 18:21:42] /goto zatacka
[13/08/2012 18:21:43] /goto zatacka
[13/08/2012 18:21:44] /a
[13/08/2012 18:21:44] /a
[13/08/2012 18:21:44] /a
[13/08/2012 18:21:44] /a
[13/08/2012 18:21:44] /a
[13/08/2012 18:21:44] /a
[13/08/2012 18:21:44] /a
[13/08/2012 18:21:44] /a
[13/08/2012 18:21:44] /a
[13/08/2012 18:21:44] /a
[13/08/2012 18:21:44] /a
[13/08/2012 18:21:44] /a
[13/08/2012 18:21:44] /a
[13/08/2012 18:21:44] /a
[13/08/2012 18:21:44] /a
[13/08/2012 18:21:45] /a
[13/08/2012 18:21:45] /a
[13/08/2012 18:21:45] /a
[13/08/2012 18:21:45] /a
[13/08/2012 18:21:45] /a
[13/08/2012 18:21:45] /a
[13/08/2012 18:21:45] /a
[13/08/2012 18:21:45] /a
[13/08/2012 18:21:45] /a
[13/08/2012 18:21:45] /a
[13/08/2012 18:21:45] /a
[13/08/2012 18:21:45] /a
[13/08/2012 18:21:45] /a
[13/08/2012 18:21:45] /a
[13/08/2012 18:21:45] /a
[13/08/2012 18:21:45] /a
[13/08/2012 18:21:45] /a
[13/08/2012 18:21:45] /a
[13/08/2012 18:21:45] /a
[13/08/2012 18:21:45] /a
[13/08/2012 18:21:46] /a
[13/08/2012 18:21:46] /a
[13/08/2012 18:21:46] /a
[13/08/2012 18:21:46] /a
[13/08/2012 18:21:46] /a
[13/08/2012 18:21:46] /a
[13/08/2012 18:21:46] /a
[13/08/2012 18:21:46] /a
[13/08/2012 18:21:46] /a
[13/08/2012 18:21:46] /a
[13/08/2012 18:21:46] /a
[13/08/2012 18:21:46] /a
[13/08/2012 18:21:46] /a
[13/08/2012 18:21:46] /a
[13/08/2012 18:21:46] /a
[13/08/2012 18:21:46] /a
[13/08/2012 18:21:46] /a
[13/08/2012 18:21:46] /a
[13/08/2012 18:21:46] /a
[13/08/2012 18:21:46] /a
[13/08/2012 18:21:46] /a
[13/08/2012 18:21:46] /a
[13/08/2012 18:21:46] /a
[13/08/2012 18:21:46] /a
[13/08/2012 18:21:46] /a
[13/08/2012 18:21:46] /a
[13/08/2012 18:21:47] /a
[13/08/2012 18:21:47] /a
[13/08/2012 18:21:47] /a
[13/08/2012 18:21:47] /a
[13/08/2012 18:21:47] /a
[13/08/2012 18:21:47] /a
[13/08/2012 18:21:47] /a
[13/08/2012 18:21:47] /a
[13/08/2012 18:21:47] /a
[13/08/2012 18:21:47] /a
[13/08/2012 18:21:47] /a
[13/08/2012 18:21:47] /a
[13/08/2012 18:21:47] /a
[13/08/2012 18:21:47] /a
[13/08/2012 18:21:47] /a
[13/08/2012 18:21:47] /a
[13/08/2012 18:21:47] /a
[13/08/2012 18:21:47] /a
[13/08/2012 18:21:48] /a
[13/08/2012 18:21:48] /a
[13/08/2012 18:21:48] /a
[13/08/2012 18:21:48] /a
[13/08/2012 18:21:48] /a
[13/08/2012 18:21:48] /a
[13/08/2012 18:21:48] /a
[13/08/2012 18:21:48] /a
[13/08/2012 18:21:48] /a
[13/08/2012 18:21:48] /a
[13/08/2012 18:21:48] /a
[13/08/2012 18:21:48] /a
[13/08/2012 18:21:48] /a
[13/08/2012 18:21:48] /a
[13/08/2012 18:21:48] /a
[13/08/2012 18:21:48] /a
[13/08/2012 18:21:48] /a
[13/08/2012 18:21:48] /a
[13/08/2012 18:21:48] /a
[13/08/2012 18:21:48] /a
[13/08/2012 18:21:48] /a
[13/08/2012 18:21:48] /a
[13/08/2012 18:21:48] /a
[13/08/2012 18:21:48] /a
[13/08/2012 18:21:49] /a
[13/08/2012 18:21:49] /a
[13/08/2012 18:21:49] /a
[13/08/2012 18:21:49] /a
[13/08/2012 18:21:49] /a
[13/08/2012 18:21:49] /a
[13/08/2012 18:21:49] /a
[13/08/2012 18:21:49] /a
[13/08/2012 18:21:49] /a
[13/08/2012 18:21:49] /a
[13/08/2012 18:21:49] /a
[13/08/2012 18:21:49] /a
[13/08/2012 18:21:49] /a
[13/08/2012 18:21:49] /a
[13/08/2012 18:21:49] /a
[13/08/2012 18:21:49] /a
[13/08/2012 18:21:49] /a
[13/08/2012 18:21:49] /a
[13/08/2012 18:21:49] /a
[13/08/2012 18:21:49] /a
[13/08/2012 18:21:49] /a
[13/08/2012 18:21:49] /a
[13/08/2012 18:21:49] /a
[13/08/2012 18:21:49] /a
[13/08/2012 18:21:49] /a
[13/08/2012 18:21:49] /a
[13/08/2012 18:21:49] /a
[13/08/2012 18:21:49] /a
[13/08/2012 18:21:49] /a
[13/08/2012 18:21:49] /a
[13/08/2012 18:21:49] /a
[13/08/2012 18:21:49] /a
[13/08/2012 18:21:49] /a
[13/08/2012 18:21:49] /a
[13/08/2012 18:21:50] /a
[13/08/2012 18:21:50] /a
[13/08/2012 18:21:50] /a
[13/08/2012 18:21:50] /a
[13/08/2012 18:21:50] /a
[13/08/2012 18:21:50] /a
[13/08/2012 18:21:50] /a
[13/08/2012 18:21:50] /a
[13/08/2012 18:21:50] /a
[13/08/2012 18:21:50] /a
[13/08/2012 18:21:50] /a
[13/08/2012 18:21:50] /a
[13/08/2012 18:21:50] /a
[13/08/2012 18:21:50] /a
[13/08/2012 18:21:50] /a
[13/08/2012 18:21:50] /a
[13/08/2012 18:21:50] /a
[13/08/2012 18:21:50] /a
[13/08/2012 18:21:50] /a
[13/08/2012 18:21:50] /a
[13/08/2012 18:21:50] /a
[13/08/2012 18:21:50] /a
[13/08/2012 18:21:50] /a
[13/08/2012 18:21:50] /a
[13/08/2012 18:21:51] /a
[13/08/2012 18:21:51] /a
[13/08/2012 18:21:51] /a
[13/08/2012 18:21:51] /a
[13/08/2012 18:21:51] /a
[13/08/2012 18:21:52] /a
[13/08/2012 18:21:52] /a
[13/08/2012 18:21:52] /a
[13/08/2012 18:21:52] /a
[13/08/2012 18:21:52] /a
[13/08/2012 18:21:52] /a
[13/08/2012 18:21:52] /a
[13/08/2012 18:21:52] /a
[13/08/2012 18:21:52] /a
[13/08/2012 18:21:52] /a
[13/08/2012 18:21:52] /a
[13/08/2012 18:21:52] /a
[13/08/2012 18:21:52] /a
[13/08/2012 18:21:52] /a
[13/08/2012 18:21:52] /a
[13/08/2012 18:21:52] /a
[13/08/2012 18:21:52] /a
[13/08/2012 18:21:52] /a
[13/08/2012 18:21:52] /a
[13/08/2012 18:21:52] /a
[13/08/2012 18:21:52] /a
[13/08/2012 18:21:52] /a
[13/08/2012 18:21:52] /a
[13/08/2012 18:21:52] /a
[13/08/2012 18:21:52] /a
[13/08/2012 18:21:52] /a
[13/08/2012 18:21:53] /a
[13/08/2012 18:21:53] /a
[13/08/2012 18:21:54] /a
[13/08/2012 18:21:54] /a
[13/08/2012 18:21:54] /a
[13/08/2012 18:21:54] /a
[13/08/2012 18:21:56] /a 5
[13/08/2012 18:21:56] /a
[13/08/2012 18:21:56] /a
[13/08/2012 18:21:56] /a
[13/08/2012 18:21:56] /a
[13/08/2012 18:21:56] /a
[13/08/2012 18:21:57] /a
[13/08/2012 18:21:57] /a
[13/08/2012 18:21:57] /a
[13/08/2012 18:21:57] /a
[13/08/2012 18:21:57] /a
[13/08/2012 18:21:57] /a
[13/08/2012 18:21:57] /a
[13/08/2012 18:21:57] /a
[13/08/2012 18:21:57] /a
[13/08/2012 18:21:57] /a
[13/08/2012 18:21:57] /a
[13/08/2012 18:21:57] /a
[13/08/2012 18:21:57] /a
[13/08/2012 18:21:57] /a
[13/08/2012 18:21:57] /a
[13/08/2012 18:21:58] /a
[13/08/2012 18:21:58] /a
[13/08/2012 18:21:58] /a
[13/08/2012 18:21:58] /a
[13/08/2012 18:21:58] /a
[13/08/2012 18:21:58] /a
[13/08/2012 18:21:58] /a
[13/08/2012 18:21:58] /a
[13/08/2012 18:21:58] /a
[13/08/2012 18:21:58] /a
[13/08/2012 18:21:58] /a
[13/08/2012 18:21:58] /a
[13/08/2012 18:21:58] /a
[13/08/2012 18:21:58] /a
[13/08/2012 18:21:58] /a
[13/08/2012 18:21:58] /a
[13/08/2012 18:21:58] /a
[13/08/2012 18:21:58] /a
[13/08/2012 18:21:58] /a
[13/08/2012 18:21:58] /a
[13/08/2012 18:21:58] /a
[13/08/2012 18:21:58] /a
[13/08/2012 18:21:58] /a
[13/08/2012 18:21:59] /a
[13/08/2012 18:21:59] /a
[13/08/2012 18:21:59] /a
[13/08/2012 18:21:59] /a
[13/08/2012 18:21:59] /a
[13/08/2012 18:21:59] /a
[13/08/2012 18:21:59] /a
[13/08/2012 18:21:59] /a
[13/08/2012 18:22:00] /a
[13/08/2012 18:22:00] /a
[13/08/2012 18:22:00] /a
[13/08/2012 18:22:00] /a
[13/08/2012 18:22:00] /a
[13/08/2012 18:22:00] /a
[13/08/2012 18:22:00] /a
[13/08/2012 18:22:00] /a
[13/08/2012 18:22:00] /a
[13/08/2012 18:22:00] /a
[13/08/2012 18:22:00] /a
[13/08/2012 18:22:00] /a
[13/08/2012 18:22:00] /a
[13/08/2012 18:22:00] /a
[13/08/2012 18:22:00] /a
[13/08/2012 18:22:00] /a
[13/08/2012 18:22:00] /a
[13/08/2012 18:22:00] /a
[13/08/2012 18:22:00] /a
[13/08/2012 18:22:00] /a
[13/08/2012 18:22:00] /a
[13/08/2012 18:22:00] /a
[13/08/2012 18:22:00] /a
[13/08/2012 18:22:00] /a
[13/08/2012 18:22:00] /a
[13/08/2012 18:22:03] /goto zatacka
[13/08/2012 18:22:04] /a
[13/08/2012 18:22:04] /a
[13/08/2012 18:22:04] /a
[13/08/2012 18:22:04] /a
[13/08/2012 18:22:04] /a
[13/08/2012 18:22:04] /a
[13/08/2012 18:22:04] /a
[13/08/2012 18:22:04] /a
[13/08/2012 18:22:04] /a
[13/08/2012 18:22:04] /a
[13/08/2012 18:22:04] /a
[13/08/2012 18:22:04] /a
[13/08/2012 18:22:04] /a
[13/08/2012 18:22:04] /a
[13/08/2012 18:22:05] /a
[13/08/2012 18:22:05] /a
[13/08/2012 18:22:05] /a
[13/08/2012 18:22:05] /a
[13/08/2012 18:22:05] /a
[13/08/2012 18:22:05] /a
[13/08/2012 18:22:05] /a
[13/08/2012 18:22:05] /a
[13/08/2012 18:22:05] /a
[13/08/2012 18:22:05] /a
[13/08/2012 18:22:05] /a
[13/08/2012 18:22:05] /a
[13/08/2012 18:22:05] /a
[13/08/2012 18:22:05] /a
[13/08/2012 18:22:06] /a
[13/08/2012 18:22:06] /a
[13/08/2012 18:22:06] /a
[13/08/2012 18:22:06] /a
[13/08/2012 18:22:06] /a
[13/08/2012 18:22:06] /a
[13/08/2012 18:22:06] /a
[13/08/2012 18:22:06] /a
[13/08/2012 18:22:06] /a
[13/08/2012 18:22:06] /a
[13/08/2012 18:22:06] /a
[13/08/2012 18:22:06] /a
[13/08/2012 18:22:06] /a
[13/08/2012 18:22:06] /a
[13/08/2012 18:22:06] /a
[13/08/2012 18:22:06] /a
[13/08/2012 18:22:07] /a
[13/08/2012 18:22:07] /a
[13/08/2012 18:22:07] /a
[13/08/2012 18:22:07] /a
[13/08/2012 18:22:07] /a
[13/08/2012 18:22:07] /a
[13/08/2012 18:22:07] /a
[13/08/2012 18:22:07] /a
[13/08/2012 18:22:07] /a
[13/08/2012 18:22:07] /a
[13/08/2012 18:22:07] /a
[13/08/2012 18:22:07] /a
[13/08/2012 18:22:07] /a
[13/08/2012 18:22:07] /a
[13/08/2012 18:22:07] /a
[13/08/2012 18:22:07] /a
[13/08/2012 18:22:07] /a
[13/08/2012 18:22:07] /a
[13/08/2012 18:22:07] /a
[13/08/2012 18:22:07] /a
[13/08/2012 18:22:07] /a
[13/08/2012 18:22:07] /a
[13/08/2012 18:22:07] /a
[13/08/2012 18:22:07] /a
[13/08/2012 18:22:07] /a
[13/08/2012 18:22:07] /a
[13/08/2012 18:22:07] /a
[13/08/2012 18:22:07] /a
[13/08/2012 18:22:07] /a
[13/08/2012 18:22:08] /a
[13/08/2012 18:22:08] /a
[13/08/2012 18:22:08] /a
[13/08/2012 18:22:08] /a
[13/08/2012 18:22:08] /a
[13/08/2012 18:22:08] /a
[13/08/2012 18:22:08] /a
[13/08/2012 18:22:08] /a
[13/08/2012 18:22:08] /a
[13/08/2012 18:22:08] /a
[13/08/2012 18:22:08] /a
[13/08/2012 18:22:08] /a
[13/08/2012 18:22:08] /a
[13/08/2012 18:22:08] /a
[13/08/2012 18:22:08] /a
[13/08/2012 18:22:08] /a
[13/08/2012 18:22:08] /a
[13/08/2012 18:22:08] /a
[13/08/2012 18:22:08] /a
[13/08/2012 18:22:08] /a
[13/08/2012 18:22:08] /a
[13/08/2012 18:22:08] /a
[13/08/2012 18:22:08] /a
[13/08/2012 18:22:08] /a
[13/08/2012 18:22:08] /a
[13/08/2012 18:22:08] /a
[13/08/2012 18:22:08] /a
[13/08/2012 18:22:08] /a
[13/08/2012 18:22:08] /a
[13/08/2012 18:22:08] /a
[13/08/2012 18:22:09] /a
[13/08/2012 18:22:09] /a
[13/08/2012 18:22:09] /a
[13/08/2012 18:22:09] /a
[13/08/2012 18:22:09] /a
[13/08/2012 18:22:09] /a
[13/08/2012 18:22:09] /a
[13/08/2012 18:22:09] /a
[13/08/2012 18:22:09] /a
[13/08/2012 18:22:09] /a
[13/08/2012 18:22:09] /a
[13/08/2012 18:22:09] /a
[13/08/2012 18:22:09] /a
[13/08/2012 18:22:09] /a
[13/08/2012 18:22:09] /a
[13/08/2012 18:22:09] /a
[13/08/2012 18:22:09] /a
[13/08/2012 18:22:09] /a
[13/08/2012 18:22:09] /a
[13/08/2012 18:22:09] /a
[13/08/2012 18:22:09] /a
[13/08/2012 18:22:09] /a
[13/08/2012 18:22:09] /a
[13/08/2012 18:22:09] /a
[13/08/2012 18:22:09] /a
[13/08/2012 18:22:09] /a
[13/08/2012 18:22:09] /a
[13/08/2012 18:22:09] /a
[13/08/2012 18:22:09] /a
[13/08/2012 18:22:10] /a
[13/08/2012 18:22:10] /a
[13/08/2012 18:22:10] /a
[13/08/2012 18:22:10] /a
[13/08/2012 18:22:10] /a
[13/08/2012 18:22:10] /a
[13/08/2012 18:22:10] /a
[13/08/2012 18:22:10] /a
[13/08/2012 18:22:10] /a
[13/08/2012 18:22:10] /a
[13/08/2012 18:22:10] /a
[13/08/2012 18:22:10] /a
[13/08/2012 18:22:10] /a
[13/08/2012 18:22:10] /a
[13/08/2012 18:22:10] /a
[13/08/2012 18:22:10] /a
[13/08/2012 18:22:10] /a
[13/08/2012 18:22:10] /a
[13/08/2012 18:22:10] /a
[13/08/2012 18:22:10] /a
[13/08/2012 18:22:10] /a
[13/08/2012 18:22:10] /a
[13/08/2012 18:22:10] /a
[13/08/2012 18:22:10] /a
[13/08/2012 18:22:10] /a
[13/08/2012 18:22:11] /goto zatacka
[13/08/2012 18:22:12] /goto zatacka
[13/08/2012 18:22:14] /a 15
[13/08/2012 18:22:15] /a 50
[13/08/2012 18:22:17] /a 80
[13/08/2012 18:22:18] /a 90
[13/08/2012 18:22:20] /a 100
[13/08/2012 18:22:21] /a 150
[13/08/2012 18:22:24] /a 1800
[13/08/2012 18:22:27] /goto zatacka
[13/08/2012 18:22:30] /a
[13/08/2012 18:22:30] /a
[13/08/2012 18:22:30] /a
[13/08/2012 18:22:30] /a
[13/08/2012 18:22:30] /a
[13/08/2012 18:22:30] /a
[13/08/2012 18:22:30] /a
[13/08/2012 18:22:30] /a
[13/08/2012 18:22:30] /a
[13/08/2012 18:22:30] /a
[13/08/2012 18:22:30] /a
[13/08/2012 18:22:30] /a
[13/08/2012 18:22:30] /a
[13/08/2012 18:22:31] /a
[13/08/2012 18:22:31] /a
[13/08/2012 18:22:31] /a
[13/08/2012 18:22:31] /a
[13/08/2012 18:22:31] /a
[13/08/2012 18:22:31] /a
[13/08/2012 18:22:31] /a
[13/08/2012 18:22:31] /a
[13/08/2012 18:22:31] /a
[13/08/2012 18:22:31] /a
[13/08/2012 18:22:31] /a
[13/08/2012 18:22:31] /a
[13/08/2012 18:22:31] /a
[13/08/2012 18:22:31] /a
[13/08/2012 18:22:31] /a
[13/08/2012 18:22:31] /a
[13/08/2012 18:22:31] /a
[13/08/2012 18:22:31] /a
[13/08/2012 18:22:32] /a
[13/08/2012 18:22:32] /a
[13/08/2012 18:22:32] /a
[13/08/2012 18:22:32] /a
[13/08/2012 18:22:32] /a
[13/08/2012 18:22:32] /a
[13/08/2012 18:22:32] /a
[13/08/2012 18:22:32] /a
[13/08/2012 18:22:32] /a
[13/08/2012 18:22:32] /a
[13/08/2012 18:22:33] /a
[13/08/2012 18:22:33] /a
[13/08/2012 18:22:33] /a
[13/08/2012 18:22:33] /a
[13/08/2012 18:22:33] /a
[13/08/2012 18:22:33] /a
[13/08/2012 18:22:33] /a
[13/08/2012 18:22:33] /a
[13/08/2012 18:22:33] /a
[13/08/2012 18:22:35] /a 50
[13/08/2012 18:22:37] /a 10
[13/08/2012 18:22:38] /a 15
[13/08/2012 18:22:39] /a 16
[13/08/2012 18:25:05] /newtype 212
[13/08/2012 18:26:11] /t
[13/08/2012 18:26:21] /t
[13/08/2012 18:26:26] /zombiestart 1
[13/08/2012 18:26:42] /goto zombie event
[13/08/2012 18:26:43] /goto zombie event
[13/08/2012 18:26:44] /goto zombie event
[13/08/2012 18:26:45] /goto zombie event
[13/08/2012 18:27:13] /goto zombie event
[13/08/2012 18:35:48] /t
[13/08/2012 18:35:59] /c zatacka
[13/08/2012 18:37:30] /r
[13/08/2012 18:37:31] /r
[13/08/2012 18:37:34] /i stone
[13/08/2012 18:37:35] /i stone
[13/08/2012 18:37:36] /i stone
[13/08/2012 18:37:37] /i stone
[13/08/2012 18:38:57] /r
[13/08/2012 18:38:58] /r
[13/08/2012 18:39:00] /i 1387
[13/08/2012 18:39:06] /t
[13/08/2012 18:41:08] /r
[13/08/2012 18:41:12] /i 351
[13/08/2012 18:41:13] /i 3514
[13/08/2012 18:41:16] /i stone
[13/08/2012 18:41:18] /r
[13/08/2012 18:41:22] /i stone 
[13/08/2012 18:41:43] /t
[13/08/2012 18:41:51] /c zatacka
[13/08/2012 18:43:23] /i 2698
[13/08/2012 18:44:36] /r
[13/08/2012 18:45:07] /r
[13/08/2012 18:47:05] /r
[13/08/2012 18:47:50] /promote
[13/08/2012 18:47:51] /promote
[13/08/2012 18:47:52] /promote
[13/08/2012 18:49:41] /i 5915
[13/08/2012 18:49:43] /r
[13/08/2012 18:49:45] /i 5915
[13/08/2012 18:49:55] /i stone
[13/08/2012 18:51:11] /goto zatacka
[13/08/2012 18:51:22] /t
[13/08/2012 18:51:35] /r
[13/08/2012 18:51:41] /r
[13/08/2012 18:51:42] /r
[13/08/2012 18:51:54] /i 2604
[13/08/2012 18:51:55] /i 2604
[13/08/2012 18:52:08] /a
[13/08/2012 18:52:13] /a
[13/08/2012 18:52:14] /i 5064
[13/08/2012 18:52:30] /a
[13/08/2012 18:52:33] /i 5066
[13/08/2012 18:53:09] /a
[13/08/2012 18:53:29] /goto zatacka
[13/08/2012 18:53:40] /a
[13/08/2012 18:53:40] /a
[13/08/2012 18:54:03] /a
[13/08/2012 18:54:03] /a
[13/08/2012 18:54:03] /a
[13/08/2012 18:54:03] /a
[13/08/2012 18:54:03] /a
[13/08/2012 18:54:03] /a
[13/08/2012 18:54:03] /a
[13/08/2012 18:54:03] /a
[13/08/2012 18:54:03] /a
[13/08/2012 18:54:03] /a
[13/08/2012 18:54:03] /a
[13/08/2012 18:54:03] /a
[13/08/2012 18:54:03] /a
[13/08/2012 18:54:03] /a
[13/08/2012 18:54:03] /a
[13/08/2012 18:54:04] /a
[13/08/2012 18:54:04] /a
[13/08/2012 18:54:04] /a
[13/08/2012 18:54:04] /a
[13/08/2012 18:54:04] /a
[13/08/2012 18:54:04] /a
[13/08/2012 18:54:04] /a
[13/08/2012 18:54:04] /a
[13/08/2012 18:54:04] /a
[13/08/2012 18:54:04] /a
[13/08/2012 18:54:04] /a
[13/08/2012 18:54:04] /a
[13/08/2012 18:54:04] /a
[13/08/2012 18:54:04] /a
[13/08/2012 18:54:04] /a
[13/08/2012 18:54:04] /a
[13/08/2012 18:54:05] /a
[13/08/2012 18:54:05] /a
[13/08/2012 18:54:05] /a
[13/08/2012 18:54:05] /a
[13/08/2012 18:54:05] /a
[13/08/2012 18:54:05] /a
[13/08/2012 18:54:19] /t
[13/08/2012 18:54:37] /i 12471
[13/08/2012 18:54:38] /r
[13/08/2012 19:02:31] /zombiestart 1
[13/08/2012 19:03:09] /a
[13/08/2012 19:30:26] /t hora
[13/08/2012 19:30:27] /t
[13/08/2012 19:30:52] /t
[13/08/2012 19:31:03] /i backpack
[13/08/2012 19:31:14] /i backpack
[13/08/2012 19:31:17] /i backpack
[13/08/2012 19:31:33] /i exp scroll
[13/08/2012 19:31:34] /i exp scroll
[13/08/2012 19:31:34] /i exp scroll
[13/08/2012 19:31:34] /i exp scroll
[13/08/2012 19:31:34] /i exp scroll
[13/08/2012 19:31:34] /i exp scroll
[13/08/2012 19:31:34] /i exp scroll
[13/08/2012 19:31:34] /i exp scroll
[13/08/2012 19:31:34] /i exp scroll
[13/08/2012 19:31:34] /i exp scroll
[13/08/2012 19:31:34] /i exp scroll
[13/08/2012 19:31:34] /i exp scroll
[13/08/2012 19:31:34] /i exp scroll
[13/08/2012 19:31:34] /i exp scroll
[13/08/2012 19:31:34] /i exp scroll
[13/08/2012 19:31:34] /i exp scroll
[13/08/2012 19:31:34] /i exp scroll
[13/08/2012 19:31:34] /i exp scroll
[13/08/2012 19:31:34] /i exp scroll
[13/08/2012 19:31:34] /i exp scroll
[13/08/2012 19:31:34] /i exp scroll
[13/08/2012 19:31:34] /i exp scroll
[13/08/2012 19:31:34] /i exp scroll
[13/08/2012 19:31:34] /i exp scroll
[13/08/2012 19:31:35] /i exp scroll
[13/08/2012 19:31:35] /i exp scroll
[13/08/2012 19:31:35] /i exp scroll
[13/08/2012 19:31:35] /i exp scroll
[13/08/2012 19:31:35] /i exp scroll
[13/08/2012 19:31:35] /i exp scroll
[13/08/2012 19:31:35] /i exp scroll
[13/08/2012 19:31:35] /i exp scroll
[13/08/2012 19:31:35] /i exp scroll
[13/08/2012 19:31:35] /i exp scroll
[13/08/2012 19:31:35] /i exp scroll
[13/08/2012 19:31:35] /i exp scroll
[13/08/2012 19:31:35] /i exp scroll
[13/08/2012 19:31:35] /i exp scroll
[13/08/2012 19:31:35] /i exp scroll
[13/08/2012 19:31:35] /i exp scroll
[13/08/2012 19:31:35] /i exp scroll
[13/08/2012 19:31:35] /i exp scroll
[13/08/2012 19:31:35] /i exp scroll
[13/08/2012 19:31:35] /i exp scroll
[13/08/2012 19:31:35] /i exp scroll
[13/08/2012 19:31:35] /i exp scroll
[13/08/2012 19:31:35] /i exp scroll
[13/08/2012 19:31:35] /i exp scroll
[13/08/2012 19:31:35] /i exp scroll
[13/08/2012 19:31:35] /i exp scroll
[13/08/2012 19:31:35] /i exp scroll
[13/08/2012 19:31:35] /i exp scroll
[13/08/2012 19:31:35] /i exp scroll
[13/08/2012 19:31:35] /i exp scroll
[13/08/2012 19:31:36] /i exp scroll
[13/08/2012 19:31:36] /i exp scroll
[13/08/2012 19:31:36] /i exp scroll
[13/08/2012 19:31:36] /i exp scroll
[13/08/2012 19:32:35] /r
[13/08/2012 19:32:36] /t
[13/08/2012 19:32:44] /t hora
[13/08/2012 19:32:44] /t
[13/08/2012 19:32:58] /zombiestart 1
[13/08/2012 19:33:01] /c hora
[13/08/2012 19:33:28] /t
[13/08/2012 19:34:02] /t
[13/08/2012 19:34:08] /i 1845
[13/08/2012 19:34:10] /i 1848
[13/08/2012 19:34:11] /i 1848
[13/08/2012 19:34:21] /i backpack
[13/08/2012 19:34:21] /i backpack
[13/08/2012 19:34:22] /i backpack
[13/08/2012 19:34:31] /i exp scroll
[13/08/2012 19:34:31] /i exp scroll
[13/08/2012 19:34:32] /i exp scroll
[13/08/2012 19:34:32] /i exp scroll
[13/08/2012 19:34:32] /i exp scroll
[13/08/2012 19:34:32] /i exp scroll
[13/08/2012 19:34:32] /i exp scroll
[13/08/2012 19:34:32] /i exp scroll
[13/08/2012 19:34:32] /i exp scroll
[13/08/2012 19:34:32] /i exp scroll
[13/08/2012 19:34:32] /i exp scroll
[13/08/2012 19:34:32] /i exp scroll
[13/08/2012 19:34:32] /i exp scroll
[13/08/2012 19:34:32] /i exp scroll
[13/08/2012 19:34:32] /i exp scroll
[13/08/2012 19:34:32] /i exp scroll
[13/08/2012 19:34:32] /i exp scroll
[13/08/2012 19:34:32] /i exp scroll
[13/08/2012 19:34:32] /i exp scroll
[13/08/2012 19:34:32] /i exp scroll
[13/08/2012 19:34:32] /i exp scroll
[13/08/2012 19:34:32] /i exp scroll
[13/08/2012 19:34:32] /i exp scroll
[13/08/2012 19:34:32] /i exp scroll
[13/08/2012 19:34:32] /i exp scroll
[13/08/2012 19:34:32] /i exp scroll
[13/08/2012 19:34:32] /i exp scroll
[13/08/2012 19:34:32] /i exp scroll
[13/08/2012 19:34:32] /i exp scroll
[13/08/2012 19:34:32] /i exp scroll
[13/08/2012 19:34:32] /i exp scroll
[13/08/2012 19:34:33] /i exp scroll
[13/08/2012 19:34:33] /i exp scroll
[13/08/2012 19:34:33] /i exp scroll
[13/08/2012 19:34:33] /i exp scroll
[13/08/2012 19:34:33] /i exp scroll
[13/08/2012 19:34:33] /i exp scroll
[13/08/2012 19:34:36] /i exp scroll
[13/08/2012 19:34:37] /i exp scroll
[13/08/2012 19:34:37] /i exp scroll
[13/08/2012 19:34:37] /i exp scroll
[13/08/2012 19:34:37] /i exp scroll
[13/08/2012 19:34:37] /i exp scroll
[13/08/2012 19:34:37] /i exp scroll
[13/08/2012 19:34:37] /i exp scroll
[13/08/2012 19:34:37] /i exp scroll
[13/08/2012 19:34:37] /i exp scroll
[13/08/2012 19:34:37] /i exp scroll
[13/08/2012 19:34:37] /i exp scroll
[13/08/2012 19:34:37] /i exp scroll
[13/08/2012 19:34:37] /i exp scroll
[13/08/2012 19:34:37] /i exp scroll
[13/08/2012 19:34:37] /i exp scroll
[13/08/2012 19:34:37] /i exp scroll
[13/08/2012 19:34:37] /i exp scroll
[13/08/2012 19:34:37] /i exp scroll
[13/08/2012 19:34:37] /i exp scroll
[13/08/2012 19:34:37] /i exp scroll
[13/08/2012 19:34:37] /i exp scroll
[13/08/2012 19:34:37] /i exp scroll
[13/08/2012 19:34:37] /i exp scroll
[13/08/2012 19:34:37] /i exp scroll
[13/08/2012 19:34:37] /i exp scroll
[13/08/2012 19:34:37] /i exp scroll
[13/08/2012 19:34:37] /i exp scroll
[13/08/2012 19:34:37] /i exp scroll
[13/08/2012 19:34:41] /r all
[13/08/2012 19:59:42] /r
[13/08/2012 19:59:51] /goto zatacka
[13/08/2012 19:59:58] /goto zatacka
[13/08/2012 19:59:59] /goto zatacka
[13/08/2012 20:00:00] /goto zatacka
[13/08/2012 20:02:30] /t
[13/08/2012 20:02:41] /goto zatacka
[13/08/2012 20:03:02] /t
[13/08/2012 20:03:44] /goto zombie event
[13/08/2012 20:03:48] /goto event zombie
[13/08/2012 20:03:51] /t hora
[13/08/2012 20:03:54] /t
[13/08/2012 20:04:12] /goto zombie event
[13/08/2012 20:04:16] /goto event zombie
[13/08/2012 20:07:20] /a
[13/08/2012 20:07:20] /a
[13/08/2012 20:07:21] /a
[13/08/2012 20:07:21] /a
[13/08/2012 20:07:21] /a
[13/08/2012 20:07:21] /a
[13/08/2012 20:07:21] /a
[13/08/2012 20:07:21] /a
[13/08/2012 20:07:21] /a
[13/08/2012 20:07:21] /a
[13/08/2012 20:07:21] /a
[13/08/2012 20:07:21] /a
[13/08/2012 20:07:51] /a
[13/08/2012 20:07:52] /a
[13/08/2012 20:07:52] /a
[13/08/2012 20:07:52] /a
[13/08/2012 20:07:52] /a
[13/08/2012 20:07:52] /a
[13/08/2012 20:07:52] /a
[13/08/2012 20:07:52] /a
[13/08/2012 20:07:52] /a
[13/08/2012 20:07:52] /a
[13/08/2012 20:07:52] /a
[13/08/2012 20:07:52] /a
[13/08/2012 20:07:52] /a
[13/08/2012 20:07:52] /a
[13/08/2012 20:07:52] /a
[13/08/2012 20:07:52] /a
[13/08/2012 20:07:52] /a
[13/08/2012 20:07:52] /a
[13/08/2012 20:07:52] /a
[13/08/2012 20:07:52] /a
[13/08/2012 20:07:52] /a
[13/08/2012 20:07:52] /a
[13/08/2012 20:07:52] /a
[13/08/2012 20:07:53] /a
[13/08/2012 20:07:53] /a
[13/08/2012 20:07:53] /a
[13/08/2012 20:07:53] /a
[13/08/2012 20:07:53] /a
[13/08/2012 20:07:53] /a
[13/08/2012 20:07:53] /a
[13/08/2012 20:07:53] /a
[13/08/2012 20:07:53] /a
[13/08/2012 20:07:53] /a
[13/08/2012 20:07:53] /a
[13/08/2012 20:07:53] /a
[13/08/2012 20:07:53] /a
[13/08/2012 20:07:53] /a
[13/08/2012 20:07:53] /a
[13/08/2012 20:07:53] /a
[13/08/2012 20:07:53] /a
[13/08/2012 20:07:53] /a
[13/08/2012 20:07:53] /a
[13/08/2012 20:07:53] /a
[13/08/2012 20:07:53] /a
[13/08/2012 20:07:53] /a
[13/08/2012 20:07:53] /a
[13/08/2012 20:07:53] /a
[13/08/2012 20:07:53] /a
[13/08/2012 20:07:53] /a
[13/08/2012 20:07:53] /a
[13/08/2012 20:07:53] /a
[13/08/2012 20:07:53] /a
[13/08/2012 20:07:53] /a
[13/08/2012 20:07:54] /a
[13/08/2012 20:07:54] /a
[13/08/2012 20:07:54] /a
[13/08/2012 20:07:54] /a
[13/08/2012 20:07:55] /t
[13/08/2012 20:08:43] /zombiestart 1
[13/08/2012 20:08:48] /zombiestart
[13/08/2012 20:08:53] /zombiestart 1000
[13/08/2012 20:08:56] /a
[13/08/2012 20:08:56] /a
[13/08/2012 20:08:56] /a
[13/08/2012 20:08:56] /a
[13/08/2012 20:08:56] /a
[13/08/2012 20:08:56] /a
[13/08/2012 20:08:56] /a
[13/08/2012 20:08:56] /a
[13/08/2012 20:08:56] /a
[13/08/2012 20:08:56] /a
[13/08/2012 20:08:56] /a
[13/08/2012 20:08:56] /a
[13/08/2012 20:08:56] /a
[13/08/2012 20:08:57] /a
[13/08/2012 20:08:57] /a
[13/08/2012 20:08:57] /a
[13/08/2012 20:08:57] /a
[13/08/2012 20:08:57] /a
[13/08/2012 20:08:57] /a
[13/08/2012 20:08:57] /a
[13/08/2012 20:08:57] /a
[13/08/2012 20:08:57] /a
[13/08/2012 20:08:57] /a
[13/08/2012 20:08:57] /a
[13/08/2012 20:08:57] /a
[13/08/2012 20:08:57] /a
[13/08/2012 20:08:57] /a
[13/08/2012 20:08:57] /a
[13/08/2012 20:08:57] /a
[13/08/2012 20:08:57] /a
[13/08/2012 20:08:57] /a
[13/08/2012 20:08:57] /a
[13/08/2012 20:08:57] /a
[13/08/2012 20:10:07] /goto 1877,1828,7
[13/08/2012 20:10:44] /m event zombie
[13/08/2012 20:10:49] /r
[13/08/2012 20:11:13] /a
[13/08/2012 20:11:13] /a
[13/08/2012 20:11:14] /a
[13/08/2012 20:11:14] /a
[13/08/2012 20:11:14] /a
[13/08/2012 20:11:14] /a
[13/08/2012 20:11:14] /a
[13/08/2012 20:11:14] /a
[13/08/2012 20:11:14] /a
[13/08/2012 20:11:14] /a
[13/08/2012 20:11:14] /a
[13/08/2012 20:11:14] /a
[13/08/2012 20:11:14] /a
[13/08/2012 20:11:14] /a
[13/08/2012 20:11:14] /a
[13/08/2012 20:11:14] /a
[13/08/2012 20:11:14] /a
[13/08/2012 20:11:14] /a
[13/08/2012 20:11:14] /a
[13/08/2012 20:11:14] /a
[13/08/2012 20:11:14] /a
[13/08/2012 20:11:14] /a
[13/08/2012 20:11:14] /a
[13/08/2012 20:11:14] /a
[13/08/2012 20:11:14] /a
[13/08/2012 20:11:14] /a
[13/08/2012 20:11:14] /a
[13/08/2012 20:11:14] /a
[13/08/2012 20:11:14] /a
[13/08/2012 20:11:14] /a
[13/08/2012 20:11:14] /a
[13/08/2012 20:11:14] /a
[13/08/2012 20:11:15] /a
[13/08/2012 20:11:15] /a
[13/08/2012 20:11:15] /a
[13/08/2012 20:11:15] /a
[13/08/2012 20:11:15] /a
[13/08/2012 20:11:15] /a
[13/08/2012 20:11:15] /a
[13/08/2012 20:11:15] /a
[13/08/2012 20:11:15] /a
[13/08/2012 20:11:15] /a
[13/08/2012 20:11:15] /a
[13/08/2012 20:11:15] /a
[13/08/2012 20:11:15] /a
[13/08/2012 20:11:15] /a
[13/08/2012 20:11:15] /a
[13/08/2012 20:11:15] /a
[13/08/2012 20:11:15] /a
[13/08/2012 20:11:16] /a
[13/08/2012 20:11:16] /a
[13/08/2012 20:11:16] /a
[13/08/2012 20:11:16] /a
[13/08/2012 20:11:16] /a
[13/08/2012 20:11:16] /a
[13/08/2012 20:11:17] /a
[13/08/2012 20:11:21] /a
[13/08/2012 20:11:21] /a
[13/08/2012 20:11:22] /a
[13/08/2012 20:11:23] /a
[13/08/2012 20:12:12] /goto 1877,1828,7
[13/08/2012 20:12:13] /t
[14/08/2012 04:48:39] /t
[14/08/2012 04:48:46] !getpoints
[14/08/2012 04:48:47] !getpoints
[14/08/2012 04:48:49] !getpoints
[14/08/2012 04:49:08] !addpoints
[14/08/2012 04:49:15] !addpoints Scripter Raven, 100
[14/08/2012 12:48:21] /goto zatacka
[14/08/2012 12:49:43] /newtype 342
[14/08/2012 12:49:52] /newtype lord teluh, 342
[14/08/2012 12:50:02] /newtype 342, lord teluh
[14/08/2012 12:51:22] /newtype 212
[14/08/2012 12:52:36] /c lord teluh
[14/08/2012 12:52:39] /n varkhal
[14/08/2012 12:54:14] /r
[14/08/2012 12:54:57] /i exp scrool
[14/08/2012 12:54:59] /i exp scroll
[14/08/2012 12:55:42] /i exp scroll
[14/08/2012 12:55:42] /i exp scroll
[14/08/2012 12:56:17] /goto lord teluh
[14/08/2012 12:56:33] /goto lord teluh
[14/08/2012 12:58:27] /goto lord teluh
[14/08/2012 12:58:44] /i dontation coin
[14/08/2012 12:58:47] /i donation coin
[14/08/2012 12:59:18] /goto hora
[14/08/2012 12:59:32] /a 2
[14/08/2012 13:01:44] /goto lord teluh
[14/08/2012 13:01:47] /i donation coin
[14/08/2012 13:02:00] /c zatacka
[14/08/2012 13:06:53] /c queen raven
[14/08/2012 13:06:56] /i exp scroll
[14/08/2012 13:11:07] /i exp scroll
[14/08/2012 13:11:16] /i exp scroll
[14/08/2012 13:11:17] /i exp scroll
[14/08/2012 13:11:18] /newtype 275
[14/08/2012 13:11:19] /newtype 275
[14/08/2012 13:11:38] /newtype 300
[14/08/2012 13:11:39] /newtype 301
[14/08/2012 13:11:40] /newtype 302
[14/08/2012 13:11:41] /newtype 303
[14/08/2012 13:11:42] /newtype 304
[14/08/2012 13:11:43] /newtype 305
[14/08/2012 13:11:44] /newtype 306
[14/08/2012 13:11:46] /newtype 307
[14/08/2012 13:11:47] /newtype 306
[14/08/2012 13:12:03] /goto lord teluh
[14/08/2012 13:12:14] /a
[14/08/2012 13:12:15] /a
[14/08/2012 13:13:48] /a
[14/08/2012 13:13:49] /a
[14/08/2012 13:13:49] /a
[14/08/2012 13:14:10] /i golden nugget
[14/08/2012 13:14:14] /i golden nugget
[14/08/2012 13:14:18] /i gold nugget
[14/08/2012 13:14:19] /i gold nugget
[14/08/2012 13:14:20] /i gold nugget
[14/08/2012 13:14:20] /i gold nugget
[14/08/2012 13:14:21] /i gold nugget
[14/08/2012 13:14:22] /i gold nugget
[14/08/2012 13:14:22] /i gold nugget
[14/08/2012 13:14:31] /clean
[14/08/2012 13:14:46] /i 2160
[14/08/2012 13:14:46] /i 2160
[14/08/2012 13:14:47] /i 2160
[14/08/2012 13:14:47] /i 2160
[14/08/2012 13:14:47] /i 2160
[14/08/2012 13:14:47] /i 2160
[14/08/2012 13:14:47] /i 2160
[14/08/2012 13:14:47] /i 2160
[14/08/2012 13:14:47] /i 2160
[14/08/2012 13:14:47] /i 2160
[14/08/2012 13:14:48] /i 2160
[14/08/2012 13:14:48] /i 2160
[14/08/2012 13:14:48] /i 2160
[14/08/2012 13:14:48] /i 2160
[14/08/2012 13:14:48] /i 2160
[14/08/2012 13:14:48] /i 2160
[14/08/2012 13:14:48] /i 2160
[14/08/2012 13:14:48] /i 2160
[14/08/2012 13:14:48] /i 2160
[14/08/2012 13:14:48] /i 2160
[14/08/2012 13:14:48] /i 2160
[14/08/2012 13:14:48] /i 2160
[14/08/2012 13:14:48] /i 2160
[14/08/2012 13:14:48] /i 2160
[14/08/2012 13:14:48] /i 2160
[14/08/2012 13:14:48] /i 2160
[14/08/2012 13:14:48] /i 2160
[14/08/2012 13:14:48] /i 2160
[14/08/2012 13:14:48] /i 2160
[14/08/2012 13:14:48] /i 2160
[14/08/2012 13:14:48] /i 2160
[14/08/2012 13:14:48] /i 2160
[14/08/2012 13:14:48] /i 2160
[14/08/2012 13:14:48] /i 2160
[14/08/2012 13:14:48] /i 2160
[14/08/2012 13:14:48] /i 2160
[14/08/2012 13:14:48] /i 2160
[14/08/2012 13:14:48] /i 2160
[14/08/2012 13:14:48] /i 2160
[14/08/2012 13:14:48] /i 2160
[14/08/2012 13:14:48] /i 2160
[14/08/2012 13:14:49] /i 2160
[14/08/2012 13:14:49] /i 2160
[14/08/2012 13:14:49] /i 2160
[14/08/2012 13:14:49] /i 2160
[14/08/2012 13:14:49] /i 2160
[14/08/2012 13:14:49] /i 2160
[14/08/2012 13:14:49] /i 2160
[14/08/2012 13:14:49] /i 2160
[14/08/2012 13:14:49] /i 2160
[14/08/2012 13:14:49] /i 2160
[14/08/2012 13:14:49] /i 2160
[14/08/2012 13:14:49] /i 2160
[14/08/2012 13:14:49] /i 2160
[14/08/2012 13:14:49] /i 2160
[14/08/2012 13:14:49] /i 2160
[14/08/2012 13:14:49] /i 2160
[14/08/2012 13:14:49] /i 2160
[14/08/2012 13:14:49] /i 2160
[14/08/2012 13:14:49] /i 2160
[14/08/2012 13:14:49] /i 2160
[14/08/2012 13:14:49] /i 2160
[14/08/2012 13:14:49] /i 2160
[14/08/2012 13:14:50] /i 2160
[14/08/2012 13:14:50] /i 2160
[14/08/2012 13:14:50] /i 2160
[14/08/2012 13:14:50] /i 2160
[14/08/2012 13:14:50] /i 2160
[14/08/2012 13:14:50] /i 2160
[14/08/2012 13:14:50] /i 2160
[14/08/2012 13:14:50] /i 2160
[14/08/2012 13:14:50] /i 2160
[14/08/2012 13:14:50] /i 2160
[14/08/2012 13:14:50] /i 2160
[14/08/2012 13:14:50] /i 2160
[14/08/2012 13:14:50] /i 2160
[14/08/2012 13:14:50] /i 2160
[14/08/2012 13:14:50] /i 2160
[14/08/2012 13:14:50] /i 2160
[14/08/2012 13:14:51] /i 2160
[14/08/2012 13:14:51] /i 2160
[14/08/2012 13:14:51] /i 2160
[14/08/2012 13:15:00] /r all
[14/08/2012 13:15:30] /i 2000
[14/08/2012 13:15:32] /i 2000
[14/08/2012 13:17:33] /i exp scroll
[14/08/2012 13:17:34] /newtype 212
[14/08/2012 13:17:35] /newtype 275
[14/08/2012 13:17:35] /newtype 275
[14/08/2012 13:17:36] /newtype 275
[14/08/2012 13:17:36] /newtype 275
[14/08/2012 13:17:36] /newtype 275
[14/08/2012 13:17:36] /newtype 275
[14/08/2012 13:17:36] /newtype 275
[14/08/2012 13:17:36] /newtype 275
[14/08/2012 13:17:36] /newtype 275
[14/08/2012 13:17:36] /newtype 275
[14/08/2012 13:17:36] /newtype 275
[14/08/2012 13:17:40] /newtype 305
[14/08/2012 13:17:42] /newtype 306
[14/08/2012 13:17:43] /newtype 307
[14/08/2012 13:17:43] /newtype 308
[14/08/2012 13:17:44] /newtype 309
[14/08/2012 13:17:46] /newtype 31
[14/08/2012 13:17:48] /newtype 310
[14/08/2012 13:17:50] /newtype 311
[14/08/2012 13:17:51] /newtype 312
[14/08/2012 13:17:52] /newtype 313
[14/08/2012 13:17:53] /newtype 314
[14/08/2012 13:17:54] /newtype 315
[14/08/2012 13:17:54] /newtype 316
[14/08/2012 13:17:55] /newtype 317
[14/08/2012 13:17:58] /newtype 317
[14/08/2012 13:18:00] /t
[14/08/2012 13:18:07] /r all
[14/08/2012 13:18:09] /r all
[14/08/2012 13:18:12] /goto lord teluh
[14/08/2012 13:18:18] /newtype 317
[14/08/2012 13:18:34] /newtype 317, lord teluh
[14/08/2012 13:18:48] /newtype 318
[14/08/2012 13:18:49] /newtype 319
[14/08/2012 13:18:50] /newtype 319
[14/08/2012 13:18:56] /newtype 319, lord teluh
[14/08/2012 13:19:11] /newtype 320
[14/08/2012 13:19:12] /newtype 321
[14/08/2012 13:19:13] /newtype 322
[14/08/2012 13:19:14] /newtype 323
[14/08/2012 13:19:15] /newtype 324
[14/08/2012 13:19:16] /newtype 325
[14/08/2012 13:19:17] /newtype 326
[14/08/2012 13:19:18] /newtype 327
[14/08/2012 13:19:18] /newtype 328
[14/08/2012 13:19:19] /newtype 329
[14/08/2012 13:19:21] /newtype 330
[14/08/2012 13:19:22] /newtype 331
[14/08/2012 13:19:23] /newtype 332
[14/08/2012 13:19:27] /newtype 422
[14/08/2012 13:19:28] /newtype 422
[14/08/2012 13:19:35] /newtype 122
[14/08/2012 13:19:37] /newtype 222
[14/08/2012 13:19:39] /newtype 322
[14/08/2012 13:19:42] /newtype 422
[14/08/2012 13:19:44] /newtype 522
[14/08/2012 13:19:48] /newtype 332
[14/08/2012 13:19:55] /newtype 331, lord teluh
[14/08/2012 13:23:39] /t
[14/08/2012 13:25:23] /t
[14/08/2012 13:25:29] /c zatacka
[14/08/2012 13:47:49] /i large throne
[14/08/2012 13:49:42] /goto queen raven
[14/08/2012 13:49:50] /goto Queen Raven
[14/08/2012 13:49:51] /goto Queen Raven
[14/08/2012 13:49:59] /goto Queen Raven
[14/08/2012 13:50:02] /goto Queen Raven
[14/08/2012 13:50:02] /goto Queen Raven
[14/08/2012 13:50:12] /goto Queen Raven
[14/08/2012 13:50:14] /c Queen Raven
[14/08/2012 13:50:16] /i 2160
[14/08/2012 13:50:17] /a
[14/08/2012 13:50:18] /a
[14/08/2012 13:50:43] /goto Queen Raven
[14/08/2012 13:50:44] /goto Queen Raven
[14/08/2012 13:50:47] /goto Queen Raven
[14/08/2012 13:50:48] /a
[14/08/2012 13:50:49] /a
[14/08/2012 13:51:46] /a
[14/08/2012 13:55:32] /t
[14/08/2012 13:55:53] /n varkhal
[14/08/2012 13:56:47] /r
[14/08/2012 13:57:01] /r
[14/08/2012 13:57:43] /r
[14/08/2012 13:59:11] /r
[14/08/2012 13:59:12] /r
[14/08/2012 13:59:13] /r
[14/08/2012 13:59:15] /r
[14/08/2012 13:59:16] /r
[14/08/2012 13:59:23] /t
[14/08/2012 13:59:26] /i 1387
[14/08/2012 13:59:35] /r
[14/08/2012 14:07:45] /t
[14/08/2012 14:07:57] /goto toytoy
[14/08/2012 14:08:02] /goto head hunter
[14/08/2012 14:11:36] /i 2160
[14/08/2012 14:11:36] /i 2160
[14/08/2012 14:11:36] /i 2160
[14/08/2012 14:11:36] /i 2160
[14/08/2012 14:11:36] /i 2160
[14/08/2012 14:11:36] /i 2160
[14/08/2012 14:11:36] /i 2160
[14/08/2012 14:11:36] /i 2160
[14/08/2012 14:11:36] /i 2160
[14/08/2012 14:11:36] /i 2160
[14/08/2012 14:11:36] /i 2160
[14/08/2012 14:11:36] /i 2160
[14/08/2012 14:11:36] /i 2160
[14/08/2012 14:11:40] /a
[14/08/2012 14:11:41] /a
[14/08/2012 14:11:41] /a
[14/08/2012 14:11:41] /a
[14/08/2012 14:11:41] /a
[14/08/2012 14:11:41] /a
[14/08/2012 14:11:41] /a
[14/08/2012 14:11:41] /a
[14/08/2012 14:11:41] /a
[14/08/2012 14:11:41] /a
[14/08/2012 14:11:41] /a
[14/08/2012 14:11:41] /a
[14/08/2012 14:11:41] /a
[14/08/2012 14:11:41] /a
[14/08/2012 14:11:41] /a
[14/08/2012 14:11:42] /a
[14/08/2012 14:11:42] /a
[14/08/2012 14:11:42] /a
[14/08/2012 14:11:42] /a
[14/08/2012 14:11:42] /a
[14/08/2012 14:11:42] /a
[14/08/2012 14:11:42] /a
[14/08/2012 14:11:42] /a
[14/08/2012 14:11:42] /a
[14/08/2012 14:11:42] /a
[14/08/2012 14:11:42] /a
[14/08/2012 14:11:42] /a
[14/08/2012 14:11:42] /a
[14/08/2012 14:11:42] /a
[14/08/2012 14:11:42] /a
[14/08/2012 14:11:42] /a
[14/08/2012 14:11:42] /a
[14/08/2012 14:11:42] /a
[14/08/2012 14:11:42] /a
[14/08/2012 14:11:43] /a
[14/08/2012 14:11:43] /a
[14/08/2012 14:11:43] /a
[14/08/2012 14:11:43] /a
[14/08/2012 14:11:43] /a
[14/08/2012 14:11:43] /a
[14/08/2012 14:11:43] /a
[14/08/2012 14:11:45] /clean
[14/08/2012 14:11:46] /a
[14/08/2012 14:11:52] /a
[14/08/2012 14:11:58] /a
[14/08/2012 14:11:58] /a
[14/08/2012 14:11:58] /a
[14/08/2012 14:11:58] /a
[14/08/2012 14:11:58] /a
[14/08/2012 14:11:58] /a
[14/08/2012 14:11:58] /a
[14/08/2012 14:11:58] /a
[14/08/2012 14:11:58] /a
[14/08/2012 14:11:58] /a
[14/08/2012 14:11:59] /a
[14/08/2012 14:11:59] /a
[14/08/2012 14:11:59] /a
[14/08/2012 14:11:59] /a
[14/08/2012 14:11:59] /a
[14/08/2012 14:11:59] /a
[14/08/2012 14:11:59] /a
[14/08/2012 14:11:59] /a
[14/08/2012 14:11:59] /a
[14/08/2012 14:11:59] /a
[14/08/2012 14:11:59] /a
[14/08/2012 14:11:59] /a
[14/08/2012 14:11:59] /a
[14/08/2012 14:11:59] /a
[14/08/2012 14:11:59] /a
[14/08/2012 14:11:59] /a
[14/08/2012 14:11:59] /a
[14/08/2012 14:11:59] /a
[14/08/2012 14:12:00] /a
[14/08/2012 14:12:00] /a
[14/08/2012 14:12:00] /a
[14/08/2012 14:12:00] /a
[14/08/2012 14:12:00] /a
[14/08/2012 14:12:00] /a
[14/08/2012 14:12:00] /a
[14/08/2012 14:12:00] /a
[14/08/2012 14:12:00] /a
[14/08/2012 14:12:00] /a
[14/08/2012 14:12:00] /a
[14/08/2012 14:12:01] /a
[14/08/2012 14:12:01] /a
[14/08/2012 14:12:01] /a
[14/08/2012 14:12:01] /a
[14/08/2012 14:12:01] /a
[14/08/2012 14:12:01] /a
[14/08/2012 14:12:01] /a
[14/08/2012 14:12:01] /a
[14/08/2012 14:12:01] /a
[14/08/2012 14:12:01] /a
[14/08/2012 14:12:02] /a
[14/08/2012 14:12:04] /c zatacka
[14/08/2012 14:12:05] /a
[14/08/2012 14:12:05] /a
[14/08/2012 14:12:06] /a
[14/08/2012 14:12:06] /a
[14/08/2012 14:12:08] /a
[14/08/2012 14:12:09] /a
[14/08/2012 14:12:11] /c zatacka
[14/08/2012 14:16:28] /goto zatacka
[14/08/2012 14:18:32] /r all
[14/08/2012 14:20:51] /i 10570
[14/08/2012 14:22:18] /a
[14/08/2012 14:22:18] /a
[14/08/2012 14:22:21] /c zatacka
[14/08/2012 14:22:22] /c zatacka
[14/08/2012 14:22:28] /a
[14/08/2012 14:22:28] /a
[14/08/2012 14:22:28] /a
[14/08/2012 14:22:28] /a
[14/08/2012 14:22:28] /a
[14/08/2012 14:22:28] /a
[14/08/2012 14:22:28] /a
[14/08/2012 14:22:28] /a
[14/08/2012 14:22:28] /a
[14/08/2012 14:22:28] /a
[14/08/2012 14:22:28] /a
[14/08/2012 14:22:28] /a
[14/08/2012 14:22:28] /a
[14/08/2012 14:22:28] /a
[14/08/2012 14:22:28] /a
[14/08/2012 14:22:28] /a
[14/08/2012 14:22:28] /a
[14/08/2012 14:22:29] /a
[14/08/2012 14:22:29] /a
[14/08/2012 14:22:29] /a
[14/08/2012 14:22:29] /a
[14/08/2012 14:22:29] /a
[14/08/2012 14:22:29] /a
[14/08/2012 14:22:29] /a
[14/08/2012 14:22:29] /a
[14/08/2012 14:22:29] /a
[14/08/2012 14:22:29] /a
[14/08/2012 14:22:29] /a
[14/08/2012 14:22:29] /a
[14/08/2012 14:22:29] /a
[14/08/2012 14:22:29] /a
[14/08/2012 14:22:29] /a
[14/08/2012 14:22:29] /a
[14/08/2012 14:22:29] /a
[14/08/2012 14:22:29] /a
[14/08/2012 14:22:29] /a
[14/08/2012 14:22:29] /a
[14/08/2012 14:22:29] /a
[14/08/2012 14:22:29] /a
[14/08/2012 14:22:29] /a
[14/08/2012 14:22:29] /a
[14/08/2012 14:22:29] /a
[14/08/2012 14:22:30] /a
[14/08/2012 14:22:30] /a
[14/08/2012 14:22:30] /a
[14/08/2012 14:22:30] /a
[14/08/2012 14:22:30] /a
[14/08/2012 14:22:30] /a
[14/08/2012 14:22:30] /a
[14/08/2012 14:22:30] /a
[14/08/2012 14:22:30] /a
[14/08/2012 14:22:30] /a
[14/08/2012 14:22:30] /a
[14/08/2012 14:22:30] /a
[14/08/2012 14:22:30] /a
[14/08/2012 14:22:30] /a
[14/08/2012 14:22:30] /a
[14/08/2012 14:22:30] /a
[14/08/2012 14:22:30] /a
[14/08/2012 14:22:30] /a
[14/08/2012 14:22:30] /a
[14/08/2012 14:22:30] /a
[14/08/2012 14:22:30] /a
[14/08/2012 14:22:31] /a
[14/08/2012 14:22:31] /a
[14/08/2012 14:22:31] /a
[14/08/2012 14:22:31] /a
[14/08/2012 14:22:31] /a
[14/08/2012 14:22:31] /a
[14/08/2012 14:22:31] /a
[14/08/2012 14:22:31] /a
[14/08/2012 14:22:31] /a
[14/08/2012 14:22:31] /a
[14/08/2012 14:22:31] /a
[14/08/2012 14:22:32] /a
[14/08/2012 14:22:32] /a
[14/08/2012 14:22:32] /a
[14/08/2012 14:22:32] /a
[14/08/2012 14:22:32] /a
[14/08/2012 14:22:32] /a
[14/08/2012 14:22:32] /a
[14/08/2012 14:22:32] /a
[14/08/2012 14:22:32] /a
[14/08/2012 14:22:32] /a
[14/08/2012 14:22:32] /a
[14/08/2012 14:22:32] /a
[14/08/2012 14:22:32] /a
[14/08/2012 14:22:32] /a
[14/08/2012 14:22:32] /a
[14/08/2012 14:22:32] /a
[14/08/2012 14:22:32] /a
[14/08/2012 14:22:32] /a
[14/08/2012 14:22:32] /a
[14/08/2012 14:22:32] /a
[14/08/2012 14:22:32] /a
[14/08/2012 14:22:32] /a
[14/08/2012 14:22:32] /a
[14/08/2012 14:22:32] /a
[14/08/2012 14:22:34] /down
[14/08/2012 14:22:36] /a
[14/08/2012 14:22:36] /a
[14/08/2012 14:22:36] /a
[14/08/2012 14:22:36] /a
[14/08/2012 14:22:36] /a
[14/08/2012 14:22:36] /a
[14/08/2012 14:22:36] /a
[14/08/2012 14:22:36] /a
[14/08/2012 14:22:36] /a
[14/08/2012 14:22:37] /a
[14/08/2012 14:22:37] /a
[14/08/2012 14:22:37] /a
[14/08/2012 14:22:37] /a
[14/08/2012 14:22:37] /a
[14/08/2012 14:22:37] /a
[14/08/2012 14:22:37] /a
[14/08/2012 14:22:38] /a
[14/08/2012 14:22:38] /a
[14/08/2012 14:22:38] /a
[14/08/2012 14:22:38] /a
[14/08/2012 14:22:38] /a
[14/08/2012 14:22:38] /a
[14/08/2012 14:22:39] /a
[14/08/2012 14:22:39] /a
[14/08/2012 14:22:39] /a
[14/08/2012 14:22:39] /a
[14/08/2012 14:22:39] /a
[14/08/2012 14:22:39] /a
[14/08/2012 14:23:09] /a
[14/08/2012 14:23:09] /a
[14/08/2012 14:23:09] /a
[14/08/2012 14:23:09] /a
[14/08/2012 14:23:09] /a
[14/08/2012 14:23:09] /a
[14/08/2012 14:23:09] /a
[14/08/2012 14:23:09] /a
[14/08/2012 14:23:09] /a
[14/08/2012 14:23:09] /a
[14/08/2012 14:23:09] /a
[14/08/2012 14:23:10] /a
[14/08/2012 14:23:10] /a
[14/08/2012 14:23:10] /a
[14/08/2012 14:23:10] /a
[14/08/2012 14:23:10] /a
[14/08/2012 14:23:10] /a
[14/08/2012 14:23:10] /a
[14/08/2012 14:23:10] /a
[14/08/2012 14:23:10] /a
[14/08/2012 14:23:10] /a
[14/08/2012 14:23:10] /a
[14/08/2012 14:23:10] /a
[14/08/2012 14:23:10] /a
[14/08/2012 14:23:11] /a
[14/08/2012 14:23:11] /a
[14/08/2012 14:23:11] /a
[14/08/2012 14:23:11] /a
[14/08/2012 14:23:11] /a
[14/08/2012 14:23:11] /a
[14/08/2012 14:23:11] /a
[14/08/2012 14:23:11] /a
[14/08/2012 14:23:11] /a
[14/08/2012 14:23:11] /a
[14/08/2012 14:23:11] /a
[14/08/2012 14:23:11] /a
[14/08/2012 14:23:11] /a
[14/08/2012 14:23:11] /a
[14/08/2012 14:23:11] /a
[14/08/2012 14:23:11] /a
[14/08/2012 14:23:11] /a
[14/08/2012 14:23:11] /a
[14/08/2012 14:23:11] /a
[14/08/2012 14:23:11] /a
[14/08/2012 14:23:11] /a
[14/08/2012 14:23:11] /a
[14/08/2012 14:23:11] /a
[14/08/2012 14:23:11] /a
[14/08/2012 14:23:11] /a
[14/08/2012 14:23:11] /a
[14/08/2012 14:23:11] /a
[14/08/2012 14:23:11] /a
[14/08/2012 14:23:11] /a
[14/08/2012 14:23:11] /a
[14/08/2012 14:23:12] /a
[14/08/2012 14:23:12] /a
[14/08/2012 14:23:12] /a
[14/08/2012 14:23:12] /a
[14/08/2012 14:23:12] /a
[14/08/2012 14:23:12] /a
[14/08/2012 14:23:12] /a
[14/08/2012 14:23:12] /a
[14/08/2012 14:23:12] /a
[14/08/2012 14:23:12] /a
[14/08/2012 14:23:12] /a
[14/08/2012 14:23:12] /a
[14/08/2012 14:23:12] /a
[14/08/2012 14:23:12] /a
[14/08/2012 14:23:13] /a
[14/08/2012 14:23:13] /a
[14/08/2012 14:23:13] /a
[14/08/2012 14:23:13] /a
[14/08/2012 14:23:13] /a
[14/08/2012 14:23:13] /a
[14/08/2012 14:23:13] /a
[14/08/2012 14:23:13] /a
[14/08/2012 14:23:13] /a
[14/08/2012 14:23:13] /a
[14/08/2012 14:23:13] /a
[14/08/2012 14:23:13] /a
[14/08/2012 14:23:13] /a
[14/08/2012 14:23:14] /a
[14/08/2012 14:23:14] /a
[14/08/2012 14:23:15] /a
[14/08/2012 14:23:15] /a
[16/08/2012 12:54:26] /t
[16/08/2012 12:59:56] /goto zatacka
[16/08/2012 13:00:01] /a 2
[16/08/2012 13:00:02] /a 2
[16/08/2012 13:00:57] /goto zatacka#
[16/08/2012 13:00:58] /goto zatacka
[16/08/2012 13:01:01] /a 5
[16/08/2012 13:01:05] /a 2
[16/08/2012 13:02:48] /goto zatacka
[16/08/2012 13:02:50] /s 2
[16/08/2012 13:02:52] /s 2
[16/08/2012 13:02:53] /a 2
[16/08/2012 13:03:08] /goto zatacka
[16/08/2012 13:04:13] /goto zatacka
[16/08/2012 13:04:21] /c zatacka
[16/08/2012 13:04:43] /goto zatacka
[16/08/2012 13:07:06] /a 2
[16/08/2012 13:07:17] /a 2
[16/08/2012 13:07:29] /a 2
[16/08/2012 13:07:39] /a 2
[16/08/2012 13:07:45] /t
[16/08/2012 13:35:39] /a 2
[16/08/2012 13:35:47] /up
[16/08/2012 13:36:18] /t
[16/08/2012 13:36:26] /a 2
[16/08/2012 13:36:27] /up
[16/08/2012 13:36:44] /goto zatacka
[16/08/2012 13:36:50] /a
[16/08/2012 13:39:53] /i 3511
[16/08/2012 17:30:43] /t
[16/08/2012 17:30:47] /i 2309
[16/08/2012 17:30:59] /goto zatacka
[16/08/2012 17:31:38] /r all
[16/08/2012 17:31:38] /r all
[16/08/2012 17:31:38] /r all
[16/08/2012 17:31:39] /r all
[16/08/2012 17:31:41] /r all
[17/08/2012 00:53:37] /t
[17/08/2012 00:53:41] /goto zatacka
[17/08/2012 23:46:05] /goto zatacka
[17/08/2012 23:46:28] /i exp scroll
[17/08/2012 23:46:30] /i exp scroll
[17/08/2012 23:46:31] /i exp scroll
[17/08/2012 23:46:31] /i exp scroll
[17/08/2012 23:47:05] /i exp scroll
[17/08/2012 23:47:06] /i exp scroll
[17/08/2012 23:47:07] /i exp scroll
[17/08/2012 23:47:19] /n rebirth npc
[17/08/2012 23:47:20] /n rebirth npc
[17/08/2012 23:47:21] /n rebirth npc
[17/08/2012 23:47:29] /n prestige npc
[17/08/2012 23:47:45] /i exp scroll
[17/08/2012 23:47:45] /i exp scroll
[17/08/2012 23:47:46] /i exp scroll
[17/08/2012 23:47:47] /i exp scroll
[17/08/2012 23:47:47] /i exp scroll
[17/08/2012 23:47:47] /i exp scroll
[17/08/2012 23:47:48] /i exp scroll
[17/08/2012 23:48:48] /r
[17/08/2012 23:49:03] /a
[17/08/2012 23:49:03] /a
[17/08/2012 23:49:03] /a
[17/08/2012 23:49:03] /a
[17/08/2012 23:49:03] /a
[17/08/2012 23:49:04] /a
[17/08/2012 23:49:04] /a
[17/08/2012 23:49:04] /a
[17/08/2012 23:49:04] /a
[17/08/2012 23:49:04] /a
[17/08/2012 23:49:04] /a
[17/08/2012 23:49:04] /a
[17/08/2012 23:49:04] /a
[17/08/2012 23:49:04] /a
[17/08/2012 23:49:04] /a
[17/08/2012 23:49:04] /a
[17/08/2012 23:49:04] /a
[17/08/2012 23:49:05] /a
[17/08/2012 23:49:05] /a
[17/08/2012 23:49:05] /a
[17/08/2012 23:49:05] /a
[17/08/2012 23:49:05] /a
[17/08/2012 23:49:05] /a
[17/08/2012 23:49:05] /a
[17/08/2012 23:49:05] /a
[17/08/2012 23:49:06] /a
[17/08/2012 23:49:06] /a
[17/08/2012 23:49:06] /a
[17/08/2012 23:49:06] /a
[17/08/2012 23:49:06] /a
[17/08/2012 23:49:06] /a
[17/08/2012 23:49:06] /a
[17/08/2012 23:49:06] /a
[17/08/2012 23:49:06] /a
[17/08/2012 23:49:06] /a
[17/08/2012 23:49:06] /a
[17/08/2012 23:49:06] /a
[17/08/2012 23:49:06] /a
[17/08/2012 23:49:06] /a
[17/08/2012 23:49:07] /a
[17/08/2012 23:49:07] /a
[17/08/2012 23:49:07] /a
[17/08/2012 23:49:07] /a
[17/08/2012 23:49:07] /a
[17/08/2012 23:49:07] /a
[17/08/2012 23:49:07] /a
[17/08/2012 23:49:07] /a
[17/08/2012 23:49:07] /a
[17/08/2012 23:49:08] /a
[17/08/2012 23:49:08] /a
[17/08/2012 23:49:08] /a
[17/08/2012 23:49:08] /a
[17/08/2012 23:49:08] /a
[17/08/2012 23:49:08] /a
[17/08/2012 23:49:08] /a
[17/08/2012 23:49:08] /a
[17/08/2012 23:49:08] /a
[17/08/2012 23:49:08] /a
[17/08/2012 23:49:08] /a
[17/08/2012 23:49:08] /a
[17/08/2012 23:49:09] /a
[17/08/2012 23:49:09] /a
[17/08/2012 23:49:09] /a
[17/08/2012 23:49:09] /a
[17/08/2012 23:49:09] /a
[17/08/2012 23:49:09] /a
[17/08/2012 23:49:09] /a
[17/08/2012 23:49:09] /a
[17/08/2012 23:49:09] /a
[17/08/2012 23:49:09] /a
[17/08/2012 23:49:09] /a
[17/08/2012 23:49:09] /a
[17/08/2012 23:49:09] /a
[17/08/2012 23:49:09] /a
[17/08/2012 23:49:09] /a
[17/08/2012 23:49:09] /a
[17/08/2012 23:49:09] /a
[17/08/2012 23:49:09] /a
[17/08/2012 23:49:09] /a
[17/08/2012 23:49:09] /a
[17/08/2012 23:49:10] /a
[17/08/2012 23:49:10] /a
[17/08/2012 23:49:10] /a
[17/08/2012 23:49:10] /a
[17/08/2012 23:49:10] /a
[17/08/2012 23:49:10] /a
[17/08/2012 23:49:10] /a
[17/08/2012 23:49:10] /a
[17/08/2012 23:49:10] /a
[17/08/2012 23:49:10] /a
[17/08/2012 23:49:10] /a
[17/08/2012 23:49:10] /a
[17/08/2012 23:49:10] /a
[17/08/2012 23:49:10] /a
[17/08/2012 23:49:10] /a
[17/08/2012 23:49:10] /a
[17/08/2012 23:49:10] /a
[17/08/2012 23:49:10] /a
[17/08/2012 23:49:10] /a
[17/08/2012 23:49:11] /a
[17/08/2012 23:49:11] /a
[17/08/2012 23:49:11] /a
[17/08/2012 23:49:11] /a
[17/08/2012 23:49:11] /a
[17/08/2012 23:49:11] /a
[17/08/2012 23:49:11] /a
[17/08/2012 23:49:11] /a
[17/08/2012 23:49:11] /a
[17/08/2012 23:49:11] /a
[17/08/2012 23:49:11] /a
[17/08/2012 23:49:11] /a
[17/08/2012 23:49:11] /a
[17/08/2012 23:49:11] /a
[17/08/2012 23:49:11] /a
[17/08/2012 23:49:12] /a
[17/08/2012 23:49:12] /a
[17/08/2012 23:49:12] /a
[17/08/2012 23:49:12] /a
[17/08/2012 23:49:12] /a
[17/08/2012 23:49:12] /a
[17/08/2012 23:49:12] /a
[17/08/2012 23:49:12] /a
[17/08/2012 23:49:12] /a
[17/08/2012 23:49:12] /a
[17/08/2012 23:49:12] /a
[17/08/2012 23:49:12] /a
[17/08/2012 23:49:12] /a
[17/08/2012 23:49:12] /a
[17/08/2012 23:49:12] /a
[17/08/2012 23:49:12] /a
[17/08/2012 23:49:12] /a
[17/08/2012 23:49:12] /a
[17/08/2012 23:49:13] /a
[17/08/2012 23:49:13] /a
[17/08/2012 23:49:13] /a
[17/08/2012 23:49:13] /a
[17/08/2012 23:49:13] /a
[17/08/2012 23:49:13] /a
[17/08/2012 23:49:13] /a
[17/08/2012 23:49:13] /a
[17/08/2012 23:49:13] /a
[17/08/2012 23:49:13] /a
[17/08/2012 23:49:13] /a
[17/08/2012 23:49:13] /a
[17/08/2012 23:49:13] /a
[17/08/2012 23:49:13] /a
[17/08/2012 23:49:13] /a
[17/08/2012 23:49:14] /a
[17/08/2012 23:49:14] /a
[17/08/2012 23:49:14] /a
[17/08/2012 23:49:14] /a
[17/08/2012 23:49:14] /a
[17/08/2012 23:49:14] /a
[17/08/2012 23:49:14] /a
[17/08/2012 23:49:14] /a
[17/08/2012 23:49:14] /a
[17/08/2012 23:49:14] /a
[17/08/2012 23:49:14] /a
[17/08/2012 23:49:14] /a
[17/08/2012 23:49:14] /a
[17/08/2012 23:49:14] /a
[17/08/2012 23:49:14] /a
[17/08/2012 23:49:14] /a
[17/08/2012 23:49:14] /a
[17/08/2012 23:49:14] /a
[17/08/2012 23:49:14] /a
[17/08/2012 23:49:14] /a
[17/08/2012 23:49:14] /a
[17/08/2012 23:49:14] /a
[17/08/2012 23:49:14] /a
[17/08/2012 23:49:14] /a
[17/08/2012 23:49:14] /a
[17/08/2012 23:49:14] /a
[17/08/2012 23:49:14] /a
[17/08/2012 23:49:14] /a
[17/08/2012 23:49:15] /a
[17/08/2012 23:49:15] /a
[17/08/2012 23:49:15] /a
[17/08/2012 23:49:15] /a
[17/08/2012 23:49:15] /a
[17/08/2012 23:49:15] /a
[17/08/2012 23:49:15] /a
[17/08/2012 23:49:15] /a
[17/08/2012 23:49:15] /a
[17/08/2012 23:49:15] /a
[17/08/2012 23:49:15] /a
[17/08/2012 23:49:16] /a
[17/08/2012 23:49:16] /a
[17/08/2012 23:49:16] /a
[17/08/2012 23:49:16] /a
[17/08/2012 23:49:16] /a
[17/08/2012 23:49:16] /a
[17/08/2012 23:49:16] /a
[17/08/2012 23:49:16] /a
[17/08/2012 23:49:16] /a
[17/08/2012 23:49:16] /a
[17/08/2012 23:49:24] /t
[17/08/2012 23:49:53] /cliport
[17/08/2012 23:59:27] /ghost
[17/08/2012 23:59:30] /goto moppel
[17/08/2012 23:59:54] /ghost
[18/08/2012 00:00:50] /a
[18/08/2012 00:00:51] /a
[18/08/2012 00:01:06] /a 2
[18/08/2012 00:01:09] /up
[18/08/2012 00:01:11] /a
[18/08/2012 00:01:11] /a
[18/08/2012 00:01:11] /a
[18/08/2012 00:01:11] /a
[18/08/2012 00:01:11] /a
[18/08/2012 00:01:11] /a
[18/08/2012 00:01:11] /a
[18/08/2012 00:01:11] /a
[18/08/2012 00:01:11] /a
[18/08/2012 00:01:11] /a
[18/08/2012 00:01:11] /a
[18/08/2012 00:01:11] /a
[18/08/2012 00:01:11] /a
[18/08/2012 00:01:11] /a
[18/08/2012 00:01:11] /a
[18/08/2012 00:01:11] /a
[18/08/2012 00:01:11] /a
[18/08/2012 00:01:12] /a
[18/08/2012 00:01:12] /a
[18/08/2012 00:01:12] /a
[18/08/2012 00:01:12] /a
[18/08/2012 00:01:12] /a
[18/08/2012 00:01:12] /a
[18/08/2012 00:01:12] /a
[18/08/2012 00:01:12] /a
[18/08/2012 00:01:12] /a
[18/08/2012 00:01:12] /a
[18/08/2012 00:01:12] /a
[18/08/2012 00:01:12] /a
[18/08/2012 00:01:12] /a
[18/08/2012 00:01:12] /a
[18/08/2012 00:01:12] /a
[18/08/2012 00:01:12] /a
[18/08/2012 00:01:12] /a
[18/08/2012 00:01:12] /a
[18/08/2012 00:01:12] /a
[18/08/2012 00:01:12] /a
[18/08/2012 00:01:12] /a
[18/08/2012 00:01:12] /a
[18/08/2012 00:01:12] /a
[18/08/2012 00:01:12] /a
[18/08/2012 00:01:12] /a
[18/08/2012 00:01:13] /a
[18/08/2012 00:01:13] /a
[18/08/2012 00:01:13] /a
[18/08/2012 00:01:13] /a
[18/08/2012 00:01:13] /a
[18/08/2012 00:01:13] /a
[18/08/2012 00:01:13] /a
[18/08/2012 00:01:13] /a
[18/08/2012 00:01:13] /a
[18/08/2012 00:01:13] /a
[18/08/2012 00:01:13] /a
[18/08/2012 00:01:13] /a
[18/08/2012 00:01:13] /a
[18/08/2012 00:01:13] /a
[18/08/2012 00:01:13] /a
[18/08/2012 00:01:13] /a
[18/08/2012 00:01:13] /a
[18/08/2012 00:01:13] /a
[18/08/2012 00:01:13] /a
[18/08/2012 00:01:13] /a
[18/08/2012 00:01:13] /a
[18/08/2012 00:01:13] /a
[18/08/2012 00:01:13] /a
[18/08/2012 00:01:13] /a
[18/08/2012 00:01:13] /a
[18/08/2012 00:01:13] /a
[18/08/2012 00:01:13] /a
[18/08/2012 00:01:13] /a
[18/08/2012 00:01:13] /a
[18/08/2012 00:01:13] /a
[18/08/2012 00:01:13] /a
[18/08/2012 00:01:14] /a
[18/08/2012 00:01:14] /a
[18/08/2012 00:01:14] /a
[18/08/2012 00:01:14] /a
[18/08/2012 00:01:14] /a
[18/08/2012 00:01:14] /a
[18/08/2012 00:01:14] /a
[18/08/2012 00:01:14] /a
[18/08/2012 00:01:14] /a
[18/08/2012 00:01:14] /a
[18/08/2012 00:01:14] /a
[18/08/2012 00:01:14] /a
[18/08/2012 00:01:14] /a
[18/08/2012 00:01:14] /a
[18/08/2012 00:01:14] /a
[18/08/2012 00:01:14] /a
[18/08/2012 00:01:14] /a
[18/08/2012 00:01:14] /a
[18/08/2012 00:01:14] /a
[18/08/2012 00:01:14] /a
[18/08/2012 00:01:14] /a
[18/08/2012 00:01:14] /a
[18/08/2012 00:01:14] /a
[18/08/2012 00:01:14] /a
[18/08/2012 00:01:14] /a
[18/08/2012 00:01:14] /a
[18/08/2012 00:01:14] /a
[18/08/2012 00:01:15] /a
[18/08/2012 00:01:15] /a
[18/08/2012 00:01:15] /a
[18/08/2012 00:01:15] /a
[18/08/2012 00:01:15] /a
[18/08/2012 00:01:15] /a
[18/08/2012 00:01:15] /a
[18/08/2012 00:01:15] /a
[18/08/2012 00:01:15] /a
[18/08/2012 00:01:15] /a
[18/08/2012 00:01:15] /a
[18/08/2012 00:01:15] /a
[18/08/2012 00:01:15] /a
[18/08/2012 00:01:15] /t
[18/08/2012 00:01:16] /a
[18/08/2012 00:01:16] /a
[18/08/2012 00:01:17] /a
[18/08/2012 00:01:17] /a
[18/08/2012 00:01:17] /a
[18/08/2012 00:01:17] /a
[18/08/2012 00:01:17] /a
[18/08/2012 00:01:17] /a
[18/08/2012 00:01:17] /a
[18/08/2012 00:01:17] /a
[18/08/2012 00:01:17] /a
[18/08/2012 00:01:17] /a
[18/08/2012 00:01:17] /a
[18/08/2012 00:01:17] /a
[18/08/2012 00:01:17] /a
[18/08/2012 00:01:17] /a
[18/08/2012 00:01:17] /a
[18/08/2012 00:01:17] /a
[18/08/2012 00:01:17] /a
[18/08/2012 00:01:17] /a
[18/08/2012 00:01:17] /a
[18/08/2012 00:01:17] /a
[18/08/2012 00:01:17] /a
[18/08/2012 00:01:17] /a
[18/08/2012 00:01:17] /a
[18/08/2012 00:01:17] /a
[18/08/2012 00:01:17] /a
[18/08/2012 00:01:17] /a
[18/08/2012 00:01:17] /a
[18/08/2012 00:01:17] /a
[18/08/2012 00:01:18] /a
[18/08/2012 00:01:18] /a
[18/08/2012 00:01:18] /a
[18/08/2012 00:01:18] /a
[18/08/2012 00:01:18] /a
[18/08/2012 00:01:18] /a
[18/08/2012 00:01:18] /a
[18/08/2012 00:01:18] /a
[18/08/2012 00:01:18] /a
[18/08/2012 00:01:18] /a
[18/08/2012 00:01:18] /a
[18/08/2012 00:01:18] /a
[18/08/2012 00:01:18] /a
[18/08/2012 00:01:18] /a
[18/08/2012 00:01:18] /a
[18/08/2012 00:01:18] /a
[18/08/2012 00:01:19] /a
[18/08/2012 00:01:19] /a
[18/08/2012 00:01:19] /a
[18/08/2012 00:01:19] /a
[18/08/2012 00:01:20] /t
[18/08/2012 00:01:20] /a
[18/08/2012 00:01:21] /a
[18/08/2012 00:01:21] /a
[18/08/2012 00:01:21] /a
[18/08/2012 00:01:21] /a
[18/08/2012 00:01:21] /a
[18/08/2012 00:01:21] /a
[18/08/2012 00:01:21] /a
[18/08/2012 00:01:21] /a
[18/08/2012 00:01:21] /a
[18/08/2012 00:01:21] /a
[18/08/2012 00:01:21] /a
[18/08/2012 00:01:21] /a
[18/08/2012 00:01:22] /a
[18/08/2012 00:01:22] /a
[18/08/2012 00:01:22] /a
[18/08/2012 00:01:22] /a
[18/08/2012 00:01:22] /a
[18/08/2012 00:01:22] /a
[18/08/2012 00:01:22] /a
[18/08/2012 00:01:22] /a
[18/08/2012 00:01:23] /a
[18/08/2012 00:01:23] /a
[18/08/2012 00:01:23] /a
[18/08/2012 00:01:23] /a
[18/08/2012 00:01:23] /a
[18/08/2012 00:01:23] /a
[18/08/2012 00:01:23] /a
[18/08/2012 00:01:23] /a
[18/08/2012 00:01:23] /a
[18/08/2012 00:01:23] /a
[18/08/2012 00:01:24] /a
[18/08/2012 00:01:25] /a
[18/08/2012 00:01:25] /a
[18/08/2012 00:01:25] /a
[18/08/2012 00:01:25] /a
[18/08/2012 00:01:26] /a
[18/08/2012 00:01:26] /a
[18/08/2012 00:01:26] /a
[18/08/2012 00:01:26] /a
[18/08/2012 00:01:26] /a
[18/08/2012 00:01:26] /a
[18/08/2012 00:01:26] /a
[18/08/2012 00:01:26] /a
[18/08/2012 00:01:26] /a
[18/08/2012 00:01:27] /a
[18/08/2012 00:01:27] /a
[18/08/2012 00:01:27] /a
[18/08/2012 00:01:27] /a
[18/08/2012 00:01:27] /a
[18/08/2012 00:01:27] /a
[18/08/2012 00:01:27] /a
[18/08/2012 00:01:27] /a
[18/08/2012 00:01:27] /a
[18/08/2012 00:01:27] /a
[18/08/2012 00:01:27] /a
[18/08/2012 00:01:27] /a
[18/08/2012 00:01:27] /a
[18/08/2012 00:01:27] /a
[18/08/2012 00:01:27] /a
[18/08/2012 00:01:27] /a
[18/08/2012 00:01:27] /a
[18/08/2012 00:01:27] /a
[18/08/2012 00:01:27] /a
[18/08/2012 00:01:27] /a
[18/08/2012 00:01:28] /a
[18/08/2012 00:01:28] /a
[18/08/2012 00:01:28] /a
[18/08/2012 00:01:28] /a
[18/08/2012 00:01:28] /a
[18/08/2012 00:01:28] /a
[18/08/2012 00:01:28] /a
[18/08/2012 00:01:28] /a
[18/08/2012 00:01:28] /a
[18/08/2012 00:01:28] /a
[18/08/2012 00:01:28] /a
[18/08/2012 00:01:29] /a
[18/08/2012 00:01:29] /a
[18/08/2012 00:01:29] /a
[18/08/2012 00:01:29] /a
[18/08/2012 00:01:29] /a
[18/08/2012 00:01:29] /a
[18/08/2012 00:01:29] /a
[18/08/2012 00:01:29] /a
[18/08/2012 00:01:29] /a
[18/08/2012 00:01:30] /a
[18/08/2012 00:01:30] /a
[18/08/2012 00:01:30] /a
[18/08/2012 00:01:31] /a
[18/08/2012 00:01:32] /a
[18/08/2012 00:01:34] /a
[18/08/2012 00:01:34] /a
[18/08/2012 00:01:34] /a
[18/08/2012 00:01:34] /a
[18/08/2012 00:01:34] /a
[18/08/2012 00:01:34] /a
[18/08/2012 00:01:34] /a
[18/08/2012 00:01:34] /a
[18/08/2012 00:01:34] /a
[18/08/2012 00:01:34] /a
[18/08/2012 00:01:34] /a
[18/08/2012 00:01:34] /a
[18/08/2012 00:01:34] /a
[18/08/2012 00:01:34] /a
[18/08/2012 00:01:34] /a
[18/08/2012 00:01:35] /a
[18/08/2012 00:01:35] /a
[18/08/2012 00:01:35] /a
[18/08/2012 00:01:35] /a
[18/08/2012 00:01:35] /a
[18/08/2012 00:01:35] /a
[18/08/2012 00:01:35] /a
[18/08/2012 00:01:35] /a
[18/08/2012 00:01:36] /a
[18/08/2012 00:01:36] /a
[18/08/2012 00:01:36] /a
[18/08/2012 00:01:36] /a
[18/08/2012 00:01:36] /a
[18/08/2012 00:01:36] /a
[18/08/2012 00:01:36] /a
[18/08/2012 00:01:36] /a
[18/08/2012 00:01:36] /a
[18/08/2012 00:03:35] /ghost
[18/08/2012 00:03:38] /goto moppel,
[18/08/2012 00:03:39] /goto moppel
[18/08/2012 00:03:40] /goto moppel
[18/08/2012 00:03:47] /goto zatacka
[18/08/2012 00:10:46] /i 1967
[18/08/2012 00:11:35] /goto zatacka
[18/08/2012 00:12:22] /i freez rune
[18/08/2012 00:12:24] /i freezrune
[18/08/2012 00:12:48] /i 7289
[18/08/2012 00:25:57] /a
[18/08/2012 00:25:58] /a
[18/08/2012 00:26:02] /r
[18/08/2012 00:26:03] /a
[18/08/2012 00:26:04] /a
[18/08/2012 00:26:11] /r
[18/08/2012 00:26:41] /a 5
[18/08/2012 00:26:42] /a 6
[18/08/2012 00:26:43] /a 7
[18/08/2012 00:26:44] /a 8
[18/08/2012 00:26:45] /a 15
[18/08/2012 00:26:46] /a 20
[18/08/2012 00:27:05] /a 15
[18/08/2012 00:27:06] /a 15
[18/08/2012 00:27:06] /a 15
[18/08/2012 00:27:24] /t
[18/08/2012 00:27:27] /goto zatacka
[18/08/2012 13:11:23] /i vip medal
[18/08/2012 13:11:30] /i vip medal
[18/08/2012 13:19:52] /a 100
[18/08/2012 13:19:53] /a 100
[18/08/2012 13:19:54] /a 100
[18/08/2012 13:19:54] /a 100
[18/08/2012 13:19:55] /a 100
[18/08/2012 13:19:56] /a 100
[18/08/2012 13:19:57] /a 50
[18/08/2012 13:19:58] /a 50
[18/08/2012 13:19:59] /a 20
[18/08/2012 13:20:01] /a 20
[18/08/2012 13:20:02] /a 20
[18/08/2012 13:20:03] /a 10
[18/08/2012 13:20:04] /a 10
[18/08/2012 13:20:05] /a 5
[18/08/2012 13:20:06] /a 5
[18/08/2012 13:20:07] /a 2
[18/08/2012 13:20:11] /a 800
[18/08/2012 13:20:14] /a 600
[18/08/2012 13:20:16] /a 500
[18/08/2012 13:20:18] /a 400
[18/08/2012 13:20:20] /a 500
[18/08/2012 13:20:21] /a 500
[18/08/2012 13:20:21] /a 500
[18/08/2012 13:20:23] /t
[18/08/2012 13:22:50] /i donation coin
[18/08/2012 13:23:07] /m demon
[18/08/2012 13:25:08] /attr action 900
[18/08/2012 13:25:16] /attr action 900
[18/08/2012 13:25:21] /attr action 900
[18/08/2012 13:25:22] /attr action 900
[18/08/2012 13:25:24] /attr action 900
[18/08/2012 13:25:25] /attr action 900
[18/08/2012 13:26:11] /up
[18/08/2012 13:26:13] /up
[18/08/2012 13:26:14] /up
[18/08/2012 13:26:15] /up
[18/08/2012 13:26:25] /up
[18/08/2012 13:31:25] /t
[18/08/2012 13:39:35] /t
[18/08/2012 13:41:31] /a 3
[18/08/2012 13:41:39] /a 3
[18/08/2012 13:41:49] /a 50
[18/08/2012 13:41:51] /a 100
[18/08/2012 13:41:53] /a 200
[18/08/2012 13:41:55] /a 500
[18/08/2012 13:41:56] /a 400
[18/08/2012 13:41:58] /a 400
[18/08/2012 13:42:06] /t
[18/08/2012 19:37:35] /goto zatacka
[18/08/2012 19:49:04] /goto zatacka
[18/08/2012 19:49:12] /goto zatacka
[18/08/2012 19:51:53] /goto zatacka
[18/08/2012 19:54:43] /attr action 2000
[18/08/2012 19:54:45] /r
[18/08/2012 19:54:47] /i 1387
[18/08/2012 19:56:09] /t
[18/08/2012 19:56:44] /t
[18/08/2012 19:56:56] /r
[18/08/2012 19:56:57] /r
[18/08/2012 19:56:59] /r
[18/08/2012 19:57:09] /t
[18/08/2012 19:59:00] /ghost
[18/08/2012 19:59:02] /ghost
[18/08/2012 19:59:07] /c asus
[18/08/2012 19:59:09] /c asus
[18/08/2012 19:59:10] /c asus
[18/08/2012 19:59:13] /c asus
[18/08/2012 19:59:16] /ghost
[18/08/2012 20:00:34] /c zatacka
[18/08/2012 20:01:15] /i vip medal
[18/08/2012 20:01:36] /c asus
[18/08/2012 20:02:31] /c asus
[18/08/2012 20:02:38] /t asus
[18/08/2012 20:02:39] /t
[18/08/2012 20:02:41] /c asus
[18/08/2012 20:02:43] /c asus
[18/08/2012 20:02:45] /c asus
[18/08/2012 20:02:47] /c asus
[18/08/2012 20:02:48] /c asus
[18/08/2012 20:03:25] /i 2000
[18/08/2012 20:04:02] /goto zatacka
[18/08/2012 20:04:14] /c asus
[18/08/2012 20:04:17] /c 2272
[18/08/2012 20:04:19] /c 2272
[18/08/2012 20:04:21] /i 2272
[18/08/2012 20:04:25] /i 2307
[18/08/2012 20:04:31] /i 2264
[18/08/2012 20:04:39] /i 6391
[18/08/2012 20:05:30] /i 7902
[18/08/2012 20:05:33] /i 7897
[18/08/2012 20:05:38] /i 7896
[18/08/2012 20:05:41] /i 7892
[18/08/2012 20:05:53] /i 7958
[18/08/2012 20:05:57] /i 12609
[18/08/2012 20:06:15] /t
[18/08/2012 20:06:25] /c asus
[18/08/2012 20:06:50] /i 11115
[18/08/2012 20:06:55] /i 12607
[18/08/2012 20:06:59] /i 12606
[18/08/2012 20:07:06] /i 12605
[18/08/2012 20:07:08] /i 12604
[18/08/2012 20:07:10] /i 12603
[18/08/2012 20:07:30] /ghost
[18/08/2012 20:07:32] /ghost
[18/08/2012 20:07:44] /i donation coin
[18/08/2012 20:07:53] /c asus
[18/08/2012 20:08:30] /t
[18/08/2012 20:08:49] /c asus
[18/08/2012 20:08:51] /c asus
[18/08/2012 20:08:54] /c asus
[18/08/2012 20:08:57] /c asus
[18/08/2012 20:08:58] /c asus
[18/08/2012 20:08:59] /c asus
[18/08/2012 20:08:59] /c asus
[18/08/2012 20:09:00] /c asus
[18/08/2012 20:09:00] /c asus
[18/08/2012 20:09:01] /c asus
[18/08/2012 20:09:02] /c asus
[18/08/2012 20:09:04] /c asus
[18/08/2012 20:09:09] /c asus
[18/08/2012 20:09:16] /c asus
[18/08/2012 20:09:19] /a 2
[18/08/2012 20:09:22] /a 
[18/08/2012 20:09:24] /a 2
[18/08/2012 20:09:27] /a 2
[18/08/2012 20:09:38] /goto asus
[18/08/2012 20:09:54] /m spriter
[18/08/2012 20:09:55] /m spriter
[18/08/2012 20:09:56] /m spriter
[18/08/2012 20:10:00] /m spiriter
[18/08/2012 20:10:01] /m spiriter
[18/08/2012 20:10:01] /m spiriter
[18/08/2012 20:10:02] /m spiriter
[18/08/2012 20:10:02] /m spiriter
[18/08/2012 20:10:03] /m spiriter
[18/08/2012 20:10:03] /m spiriter
[18/08/2012 20:10:08] /c asus
[18/08/2012 20:10:10] /m spiriter
[18/08/2012 20:10:11] /m spiriter
[18/08/2012 20:10:12] /m spiriter
[18/08/2012 20:10:12] /m spiriter
[18/08/2012 20:10:13] /m spiriter
[18/08/2012 20:10:13] /m spiriter
[18/08/2012 20:10:14] /m spiriter
[18/08/2012 20:10:15] /m spiriter
[18/08/2012 20:10:15] /m spiriter
[18/08/2012 20:10:16] /m spiriter
[18/08/2012 20:10:16] /m spiriter
[18/08/2012 20:10:17] /m spiriter
[18/08/2012 20:10:17] /m spiriter
[18/08/2012 20:10:18] /m spiriter
[18/08/2012 20:10:18] /m spiriter
[18/08/2012 20:10:19] /c asus
[18/08/2012 20:10:20] /c asus
[18/08/2012 20:10:20] /c asus
[18/08/2012 20:10:21] /c asus
[18/08/2012 20:10:21] /c asus
[18/08/2012 20:10:23] /c asus
[18/08/2012 20:10:28] /m spiriter
[18/08/2012 20:10:29] /m spiriter
[18/08/2012 20:10:31] /a 2
[18/08/2012 20:10:37] /a 2
[18/08/2012 20:10:44] /ghost
[18/08/2012 20:10:53] /b Game map Cleaning
[18/08/2012 20:10:55] /clean
[18/08/2012 20:11:08] /ghost
[18/08/2012 20:11:39] /i 2284
[18/08/2012 20:11:42] /i 2275
[18/08/2012 20:11:45] /i 2296
[18/08/2012 20:15:14] /goto zatacka
[18/08/2012 20:15:20] /goto zatacka
[18/08/2012 20:15:51] /goto asus
[18/08/2012 20:15:54] /r
[18/08/2012 20:15:55] /r
[18/08/2012 20:15:57] /r
[18/08/2012 20:15:59] /r
[18/08/2012 20:15:59] /r
[18/08/2012 20:16:00] /r
[18/08/2012 20:16:00] /r
[18/08/2012 20:16:01] /r
[18/08/2012 20:16:01] /r
[18/08/2012 20:16:02] /r
[18/08/2012 20:16:02] /r
[18/08/2012 20:16:03] /r
[18/08/2012 20:16:03] /r
[18/08/2012 20:16:04] /r
[18/08/2012 20:16:04] /r
[18/08/2012 20:16:05] /r
[18/08/2012 20:16:05] /r
[18/08/2012 20:16:06] /r
[18/08/2012 20:16:06] /r
[18/08/2012 20:16:07] /r
[18/08/2012 20:16:07] /r
[18/08/2012 20:16:08] /r
[18/08/2012 20:16:09] /r
[18/08/2012 20:16:13] /i 5772
[18/08/2012 20:16:15] /i 5772
[18/08/2012 20:16:18] /i 4737
[18/08/2012 20:16:22] /n varkhal
[18/08/2012 20:16:23] /n varkhal
[18/08/2012 20:16:27] /c asus
[18/08/2012 20:16:35] /r
[18/08/2012 20:16:52] /m rat
[18/08/2012 20:16:53] /m rat
[18/08/2012 20:16:54] /m rat
[18/08/2012 20:16:55] /m rat
[18/08/2012 20:16:55] /m rat
[18/08/2012 20:16:55] /m rat
[18/08/2012 20:16:56] /m rat
[18/08/2012 20:16:56] /m rat
[18/08/2012 20:16:57] /m rat
[18/08/2012 20:16:57] /m rat
[18/08/2012 20:16:58] /m rat
[18/08/2012 20:16:58] /m rat
[18/08/2012 20:16:59] /m rat
[18/08/2012 20:16:59] /m rat
[18/08/2012 20:17:00] /m rat
[18/08/2012 20:17:00] /m rat
[18/08/2012 20:17:01] /m rat
[18/08/2012 20:17:01] /m rat
[18/08/2012 20:17:01] /m rat
[18/08/2012 20:17:02] /m rat
[18/08/2012 20:17:02] /m rat
[18/08/2012 20:17:03] /m rat
[18/08/2012 20:17:03] /m rat
[18/08/2012 20:17:04] /m rat
[18/08/2012 20:17:04] /m rat
[18/08/2012 20:17:05] /m rat
[18/08/2012 20:17:05] /m rat
[18/08/2012 20:17:06] /m rat
[18/08/2012 20:17:06] /m rat
[18/08/2012 20:17:07] /m rat
[18/08/2012 20:19:16] /goto asu
[18/08/2012 20:19:20] /goto asus
[18/08/2012 20:19:22] /goto asus
[18/08/2012 20:19:28] /goto test
[18/08/2012 20:19:53] /a 15
[21/08/2012 04:46:19] /goto zatacka
[21/08/2012 04:49:08] /m trainer
[21/08/2012 04:49:11] /m training boy
[21/08/2012 04:50:42] /r
[23/08/2012 04:22:53] /t
[30/08/2012 17:15:11] /cliport
