[02/09/2012 23:48:28] /goto saintiz
[02/09/2012 23:48:39] /goto Saintz
[02/09/2012 23:49:10] /r
[02/09/2012 23:49:27] /clean
[02/09/2012 23:49:47] /i 6016
[02/09/2012 23:49:50] /r
[02/09/2012 23:49:58] /r
[02/09/2012 23:50:16] /i 6017
[02/09/2012 23:50:20] /r
[02/09/2012 23:51:26] /t
[02/09/2012 23:51:52] /a 3
[02/09/2012 23:51:52] /a 3
[02/09/2012 23:51:53] /a 3
[02/09/2012 23:52:01] /a 3
[02/09/2012 23:52:02] /a 3
[02/09/2012 23:52:02] /a 3
[02/09/2012 23:52:03] /a 3
[02/09/2012 23:52:05] /a 3
[02/09/2012 23:52:06] /a 3
[02/09/2012 23:52:07] /a 3
[02/09/2012 23:52:07] /a 3
[02/09/2012 23:52:08] /a 3
[02/09/2012 23:52:09] /a 3
[02/09/2012 23:52:10] /a 3
[02/09/2012 23:52:11] /a 3
[02/09/2012 23:52:12] /a 3
[02/09/2012 23:52:12] /a 3
[02/09/2012 23:52:13] /a 3
[02/09/2012 23:52:13] /a 3
[02/09/2012 23:52:14] /a 3
[02/09/2012 23:52:16] /a 3
[02/09/2012 23:52:17] /a 3
[02/09/2012 23:52:18] /a 3
[02/09/2012 23:52:18] /a 3
[02/09/2012 23:52:19] /a 3
[02/09/2012 23:52:20] /a 3
[02/09/2012 23:52:20] /a 3
[02/09/2012 23:52:21] /a 3
[02/09/2012 23:52:23] /a 3
[02/09/2012 23:52:24] /a 3
[02/09/2012 23:52:25] /a 3
[02/09/2012 23:52:26] /a 3
[02/09/2012 23:52:26] /a 3
[02/09/2012 23:52:26] /a 3
[02/09/2012 23:52:27] /a 3
[02/09/2012 23:52:28] /a 3
[02/09/2012 23:52:28] /a 3
[02/09/2012 23:52:28] /a 3
[02/09/2012 23:52:29] /a 3
[02/09/2012 23:52:29] /a 3
[02/09/2012 23:52:31] /a 3
[02/09/2012 23:52:31] /a 3
[02/09/2012 23:52:31] /a 3
[02/09/2012 23:52:32] /a 3
[02/09/2012 23:52:32] /a 3
[02/09/2012 23:52:33] /a 3
[02/09/2012 23:52:34] /a 3
[02/09/2012 23:52:35] /a 3
[02/09/2012 23:52:35] /a 3
[02/09/2012 23:52:35] /a 3
[02/09/2012 23:52:36] /a 3
[02/09/2012 23:52:40] /r
[02/09/2012 23:52:42] /r
[02/09/2012 23:52:51] /i 1284
[02/09/2012 23:52:53] /a
[02/09/2012 23:52:54] /i 1284
[02/09/2012 23:52:59] /a
[02/09/2012 23:53:00] /i 1284
[02/09/2012 23:53:02] /a
[02/09/2012 23:53:03] /i 1284
[02/09/2012 23:53:05] /a
[02/09/2012 23:53:06] /i 1284
[02/09/2012 23:53:26] /a
[02/09/2012 23:53:28] /i 3519
[02/09/2012 23:53:31] /a
[02/09/2012 23:53:32] /i 3519
[02/09/2012 23:53:38] /a
[02/09/2012 23:53:40] /a
[02/09/2012 23:53:41] /a
[02/09/2012 23:53:43] /i 3519
[02/09/2012 23:53:44] /a
[02/09/2012 23:53:47] /i 3519
[02/09/2012 23:53:48] /a
[02/09/2012 23:53:50] /i 3519
[02/09/2012 23:53:53] /a
[02/09/2012 23:53:54] /a
[02/09/2012 23:53:55] /a
[02/09/2012 23:53:57] /a
[02/09/2012 23:53:58] /a
[02/09/2012 23:53:59] /a
[02/09/2012 23:54:00] /i 3519
[02/09/2012 23:54:01] /a
[02/09/2012 23:54:03] /i 3519
[02/09/2012 23:54:04] /a
[02/09/2012 23:54:06] /i 3519
[02/09/2012 23:54:08] /a 3
[02/09/2012 23:54:09] /a 3
[02/09/2012 23:54:18] /a 3
[02/09/2012 23:54:19] /a 3
[02/09/2012 23:54:23] /a
[02/09/2012 23:54:26] /i 3514
[02/09/2012 23:54:29] /a
[02/09/2012 23:54:30] /i 3514
[02/09/2012 23:54:34] /r
[02/09/2012 23:54:35] /a
[02/09/2012 23:54:37] /r
[02/09/2012 23:54:39] /r
[02/09/2012 23:54:41] /a
[02/09/2012 23:54:49] /i 3519
[02/09/2012 23:54:53] /a
[02/09/2012 23:54:55] /i 3514
[02/09/2012 23:54:57] /a
[02/09/2012 23:54:59] /i 3514
[02/09/2012 23:55:01] /a
[02/09/2012 23:55:02] /i 3514
[02/09/2012 23:55:04] /a
[02/09/2012 23:55:05] /i 3514
[02/09/2012 23:55:09] /a
[02/09/2012 23:55:10] /a
[02/09/2012 23:55:11] /a
[02/09/2012 23:55:12] /a
[02/09/2012 23:55:13] /a
[02/09/2012 23:55:13] /a
[02/09/2012 23:55:14] /a
[02/09/2012 23:55:15] /a
[02/09/2012 23:55:15] /a
[02/09/2012 23:55:16] /a
[02/09/2012 23:55:24] /a
[02/09/2012 23:55:25] /a
[02/09/2012 23:55:33] /c saintz
[02/09/2012 23:55:37] /c saintz
[02/09/2012 23:55:52] /a
[02/09/2012 23:55:53] /a
[02/09/2012 23:55:53] /a
[02/09/2012 23:55:54] /a
[02/09/2012 23:55:54] /a
[02/09/2012 23:55:57] /i 3514
[02/09/2012 23:56:00] /a
[02/09/2012 23:56:01] /r
[02/09/2012 23:56:03] /a
[02/09/2012 23:56:03] /a
[02/09/2012 23:56:05] /i 3514
[02/09/2012 23:56:08] /a
[02/09/2012 23:56:09] /i 3514
[02/09/2012 23:56:12] /a
[02/09/2012 23:56:13] /i 3514
[02/09/2012 23:56:15] /a
[02/09/2012 23:56:17] /i 3514
[02/09/2012 23:56:18] /a 3
[02/09/2012 23:56:20] /a 3
[02/09/2012 23:56:47] /i 1284
[02/09/2012 23:56:53] /a 3
[02/09/2012 23:56:55] /i 1284
[02/09/2012 23:56:59] /a
[02/09/2012 23:57:00] /i 1284
[02/09/2012 23:57:01] /a
[02/09/2012 23:57:02] /i 1284
[02/09/2012 23:57:04] /a
[02/09/2012 23:57:05] /i 1284
[02/09/2012 23:57:06] /a
[02/09/2012 23:57:08] /i 1284
[02/09/2012 23:57:09] /a
[02/09/2012 23:57:11] /i 1284
[02/09/2012 23:57:12] /a
[02/09/2012 23:57:13] /i 1284
[02/09/2012 23:57:18] /a
[02/09/2012 23:57:19] /i 1284
[02/09/2012 23:57:24] /a
[02/09/2012 23:57:25] /i 1284
[02/09/2012 23:57:27] /a
[02/09/2012 23:57:28] /i 1284
[02/09/2012 23:57:29] /a
[02/09/2012 23:57:31] /i 1284
[02/09/2012 23:57:35] /a
[02/09/2012 23:57:37] /i 1284
[02/09/2012 23:57:39] /goto
[02/09/2012 23:57:42] /a
[02/09/2012 23:57:43] /goto
[02/09/2012 23:57:46] /i 1284
[02/09/2012 23:57:49] /a
[02/09/2012 23:57:50] /i 1284
[02/09/2012 23:57:51] /a
[02/09/2012 23:57:52] /i 1284
[02/09/2012 23:57:57] /a
[02/09/2012 23:57:57] /i 1284
[02/09/2012 23:57:59] /a
[02/09/2012 23:57:59] /i 1284
[02/09/2012 23:58:00] /a
[02/09/2012 23:58:01] /i 1284
[02/09/2012 23:58:03] /a
[02/09/2012 23:58:03] /i 1284
[02/09/2012 23:58:04] /a
[02/09/2012 23:58:05] /i 1284
[02/09/2012 23:58:07] /a
[02/09/2012 23:58:10] /i 1284
[02/09/2012 23:58:12] /a
[02/09/2012 23:58:13] /i 1284
[02/09/2012 23:58:15] /a
[02/09/2012 23:58:16] /i 1284
[02/09/2012 23:58:54] /a 10
[02/09/2012 23:58:56] /a 10
[02/09/2012 23:58:57] /a 10
[02/09/2012 23:58:58] /a 10
[02/09/2012 23:58:59] /a 10
[02/09/2012 23:59:00] /a 10
[02/09/2012 23:59:01] /a 10
[02/09/2012 23:59:14] /a 20
[02/09/2012 23:59:15] /a 20
[02/09/2012 23:59:16] /a 20
[02/09/2012 23:59:19] /a 5
[02/09/2012 23:59:20] /a 5
[02/09/2012 23:59:24] /i 6903
[02/09/2012 23:59:37] /c saintz
[02/09/2012 23:59:56] /a 1
[03/09/2012 00:00:04] /i 1284
[03/09/2012 00:00:09] /a 1
[03/09/2012 00:00:10] /i 1284
[03/09/2012 00:00:10] /a 1
[03/09/2012 00:00:11] /i 1284
[03/09/2012 00:00:12] /a 1
[03/09/2012 00:00:13] /i 1284
[03/09/2012 00:00:13] /a 1
[03/09/2012 00:00:14] /i 1284
[03/09/2012 00:00:15] /a 1
[03/09/2012 00:00:15] /i 1284
[03/09/2012 00:00:16] /a 1
[03/09/2012 00:00:17] /i 1284
[03/09/2012 00:00:18] /a 1
[03/09/2012 00:00:19] /i 1284
[03/09/2012 00:00:19] /a 1
[03/09/2012 00:00:20] /i 1284
[03/09/2012 00:00:20] /a 1
[03/09/2012 00:00:37] /a 1
[03/09/2012 00:00:42] /i 1284
[03/09/2012 00:00:44] /a 1
[03/09/2012 00:00:45] /i 1284
[03/09/2012 00:00:46] /a 1
[03/09/2012 00:00:47] /i 1284
[03/09/2012 00:00:54] /i 1284
[03/09/2012 00:01:00] /a 1
[03/09/2012 00:01:03] /i 1284
[03/09/2012 00:01:05] /a 1
[03/09/2012 00:01:06] /i 1284
[03/09/2012 00:01:10] /a 1
[03/09/2012 00:01:11] /i 1284
[03/09/2012 00:01:12] /a 1
[03/09/2012 00:01:13] /i 1284
[03/09/2012 00:01:15] /a 1
[03/09/2012 00:01:16] /i 1284
[03/09/2012 00:01:18] /a 1
[03/09/2012 00:01:19] /i 1284
[03/09/2012 00:01:25] /i 3514
[03/09/2012 00:01:26] /i 3514
[03/09/2012 00:01:33] /i 3514
[03/09/2012 00:01:36] /r
[03/09/2012 00:01:40] /a
[03/09/2012 00:01:41] /a
[03/09/2012 00:01:43] /i 3514
[03/09/2012 00:01:45] /a
[03/09/2012 00:01:46] /i 3514
[03/09/2012 00:01:56] /a
[03/09/2012 00:01:58] /a
[03/09/2012 00:02:00] /a
[03/09/2012 00:02:01] /i 3519
[03/09/2012 00:02:05] /a
[03/09/2012 00:02:06] /r
[03/09/2012 00:02:08] /i 3519
[03/09/2012 00:02:11] /a
[03/09/2012 00:02:12] /i 3519
[03/09/2012 00:02:12] /a
[03/09/2012 00:02:13] /i 3519
[03/09/2012 00:02:14] /a
[03/09/2012 00:02:14] /i 3519
[03/09/2012 00:02:15] /a
[03/09/2012 00:02:16] /i 3519
[03/09/2012 00:02:17] /a
[03/09/2012 00:02:17] /i 3519
[03/09/2012 00:02:18] /a
[03/09/2012 00:02:19] /i 3519
[03/09/2012 00:02:20] /a
[03/09/2012 00:02:21] /i 3519
[03/09/2012 00:02:22] /a
[03/09/2012 00:02:23] /i 3519
[03/09/2012 00:02:33] /i stairs
[03/09/2012 00:02:35] /r
[03/09/2012 00:02:37] /a
[03/09/2012 00:02:42] /i 1284
[03/09/2012 00:02:44] /i 1284
[03/09/2012 00:02:44] /i 1284
[03/09/2012 00:02:46] /i 1284
[03/09/2012 00:02:47] /i 1284
[03/09/2012 00:02:47] /i 1284
[03/09/2012 00:02:49] /r
[03/09/2012 00:02:50] /r
[03/09/2012 00:03:13] /t Saintz
[03/09/2012 00:03:14] /r
[03/09/2012 00:03:18] /up
[03/09/2012 00:03:23] /i 1284
[03/09/2012 00:03:27] /down
[03/09/2012 00:03:32] /a
[03/09/2012 00:03:33] /r
[03/09/2012 00:03:37] /a
[03/09/2012 00:03:46] /i 493
[03/09/2012 00:03:48] /up
[03/09/2012 00:03:56] /i stairs
[03/09/2012 00:04:03] /i stairs
[03/09/2012 00:04:10] /c saintz
[03/09/2012 00:04:44] /i stone
[03/09/2012 00:05:12] /i 1284
[03/09/2012 00:05:14] /up
[03/09/2012 00:05:59] /a
[03/09/2012 00:06:09] /up
[03/09/2012 00:06:18] /up
[03/09/2012 00:06:18] /up
[03/09/2012 00:06:58] /c zombie
[03/09/2012 00:07:01] /m zombir
[03/09/2012 00:07:02] /m zombie
[03/09/2012 00:07:49] /zombiestart force
[03/09/2012 00:08:30] /t
[03/09/2012 00:08:33] /t Zatacka
[03/09/2012 00:08:37] /t Zatacka
[03/09/2012 00:08:40] /c Zatacka
[03/09/2012 00:08:50] /t Zatacka
[03/09/2012 00:08:54] /c Zatacka
[03/09/2012 00:08:56] /c Zatacka
[03/09/2012 00:09:08] /i vip medal
[03/09/2012 00:09:21] /i vip medal
[03/09/2012 00:09:25] /i vip medal
[03/09/2012 00:09:27] /i vip medal
[03/09/2012 00:09:28] /i vip medal
[03/09/2012 00:09:29] /i vip medal
[03/09/2012 00:09:29] /i vip medal
[03/09/2012 00:09:30] /i vip medal
[03/09/2012 00:09:30] /i vip medal
[03/09/2012 00:09:31] /i vip medal
[03/09/2012 00:09:50] /i vip medal
[03/09/2012 00:09:50] /i vip medal
[03/09/2012 00:09:50] /i vip medal
[03/09/2012 00:09:51] /i vip medal
[03/09/2012 00:09:51] /i vip medal
[03/09/2012 00:09:55] /i vip medal
[03/09/2012 00:09:55] /i vip medal
[03/09/2012 00:09:56] /i vip medal
[03/09/2012 00:09:57] /i vip medal
[03/09/2012 00:09:57] /i vip medal
[03/09/2012 00:09:58] /i vip medal
[03/09/2012 00:09:58] /i vip medal
[03/09/2012 00:09:58] /i vip medal
[03/09/2012 00:09:59] /i vip medal
[03/09/2012 00:09:59] /i vip medal
[03/09/2012 00:09:59] /i vip medal
[03/09/2012 00:10:00] /i vip medal
[03/09/2012 00:10:00] /i vip medal
[03/09/2012 00:10:01] /i vip medal
[03/09/2012 00:10:01] /i vip medal
[03/09/2012 00:10:02] /i vip medal
[03/09/2012 00:10:02] /i vip medal
[03/09/2012 00:10:25] /i vip medal
[03/09/2012 00:10:26] /i vip medal
[03/09/2012 00:10:26] /i vip medal
[03/09/2012 00:10:26] /i vip medal
[03/09/2012 00:10:27] /i vip medal
[03/09/2012 00:10:27] /i vip medal
[03/09/2012 00:10:28] /i vip medal
[03/09/2012 00:10:28] /i vip medal
[03/09/2012 00:10:28] /i vip medal
[03/09/2012 00:10:29] /i vip medal
[03/09/2012 00:10:29] /i vip medal
[03/09/2012 00:10:29] /i vip medal
[03/09/2012 00:10:36] /r
[03/09/2012 00:10:47] /name saintz ,stupid fuck
[03/09/2012 00:10:50] /r
[03/09/2012 00:11:27] /name Zatacka, am asshole
[03/09/2012 00:11:29] /r
[03/09/2012 00:11:49] /name stupid fuck, am a retard
[03/09/2012 00:11:59] /goto stupid fuck
[03/09/2012 00:12:01] /r
[03/09/2012 00:12:29] /name am a retard, Saintz
[03/09/2012 00:12:30] /r
[03/09/2012 00:12:58] /name am asshole, Zatacka
[03/09/2012 00:13:35] /name sir omg, [Owner] Moad
