[22/09/2012 19:52:40] !getpoints
[22/09/2012 22:15:36] /goto master
[22/09/2012 22:16:53] /m demon
[22/09/2012 22:17:03] /m rebell
[22/09/2012 22:19:27] /goto rosso
[22/09/2012 22:19:29] /goto rosso
[22/09/2012 22:19:30] /goto rosso
[22/09/2012 22:19:31] /goto rosso
[22/09/2012 22:19:32] /goto rosso
[22/09/2012 22:19:32] /goto rosso
[22/09/2012 22:19:33] /goto rosso
[22/09/2012 22:19:33] /goto rosso
[22/09/2012 22:20:16] /i donation backpack
[22/09/2012 22:24:10] /ghost
[22/09/2012 22:26:48] /i donation sword
[22/09/2012 22:27:02] /i donation wand
[22/09/2012 22:27:10] /i donation boots
[22/09/2012 22:27:23] /i donation helmet
[22/09/2012 22:27:26] /i donation legs
[22/09/2012 22:27:29] /i donation armor
[22/09/2012 22:28:11] /i donation sd
[22/09/2012 22:28:33] /i donation manarune
[22/09/2012 22:29:48] /i exp ring
[22/09/2012 22:29:57] /i transforming ring
[22/09/2012 22:37:35] /i donation legs
[22/09/2012 22:38:02] /i donation helmet
[22/09/2012 22:38:08] /i donation armor
[22/09/2012 22:39:19] /kick como batallo
[22/09/2012 22:39:42] /kick como batallo
[22/09/2012 22:40:15] /ghost
[22/09/2012 22:41:08] /a
[22/09/2012 22:41:12] /a
[22/09/2012 22:41:12] /a
[22/09/2012 22:41:13] /a
[22/09/2012 22:41:17] /a
[22/09/2012 22:41:18] /a
[22/09/2012 22:41:19] /a
[22/09/2012 22:41:26] /a
[22/09/2012 22:41:27] /a
[22/09/2012 22:41:29] /a
[22/09/2012 22:41:30] /a
[22/09/2012 22:41:30] /a
[22/09/2012 22:41:31] /a
[22/09/2012 22:41:32] /a
[22/09/2012 22:41:32] /a
[22/09/2012 22:41:35] /a 2
[22/09/2012 22:41:38] /a 2
[22/09/2012 22:41:39] /a 2
[22/09/2012 22:41:41] /a 2
[22/09/2012 22:41:43] /ghost
[22/09/2012 22:41:53] /m raballa
[22/09/2012 22:42:04] /goto zatacka
[22/09/2012 22:42:06] /goto zatacka
[22/09/2012 22:42:07] /goto zatacka
[22/09/2012 22:42:15] /goto zatacka
[22/09/2012 22:42:19] /goto zatacka
[22/09/2012 22:42:21] /goto zatacka
[22/09/2012 22:42:22] /goto zatacka
[22/09/2012 22:42:23] /goto zatacka
[22/09/2012 22:42:24] /goto zatacka
[22/09/2012 22:42:24] /goto zatacka
[22/09/2012 22:42:26] /m raballa
[22/09/2012 22:43:54] /m mozala
[22/09/2012 22:43:56] /m mozala
[22/09/2012 22:43:56] /m mozala
[22/09/2012 22:43:57] /m mozala
[22/09/2012 22:43:57] /m mozala
[22/09/2012 22:43:59] /m mozala
[22/09/2012 22:44:03] /m mozala
[22/09/2012 22:44:03] /m mozala
[22/09/2012 22:44:04] /m mozala
[22/09/2012 22:44:04] /m mozala
[22/09/2012 22:44:05] /m mozala
[22/09/2012 22:44:05] /m mozala
[22/09/2012 22:44:06] /m mozala
[22/09/2012 22:44:06] /m mozala
[22/09/2012 22:44:07] /m mozala
[22/09/2012 22:44:42] /m rebelle
[22/09/2012 22:44:51] /m rebell
[22/09/2012 22:44:52] /m rebell
[22/09/2012 22:44:53] /m rebell
[22/09/2012 22:44:53] /m rebell
[22/09/2012 22:46:53] /ghost
[22/09/2012 22:47:44] /goto rosso
[22/09/2012 22:47:50] /goto rosso
[22/09/2012 22:47:51] /goto rosso
