[05/09/2012 03:30:06] /s fuking
[05/09/2012 03:30:11] /m fuking
[05/09/2012 03:30:19] /a
[05/09/2012 03:30:20] /a
[05/09/2012 03:30:21] /a
[05/09/2012 03:30:21] /a
[05/09/2012 03:30:22] /a
[05/09/2012 03:30:22] /a
[05/09/2012 03:30:22] /a
[05/09/2012 03:30:27] /a
[05/09/2012 03:30:28] /a
[05/09/2012 03:30:28] /a
[05/09/2012 03:30:28] /a
[05/09/2012 03:30:28] /a
[05/09/2012 03:30:28] /a
[05/09/2012 03:30:28] /a
[05/09/2012 03:30:28] /a
[05/09/2012 03:30:28] /a
[05/09/2012 03:30:28] /a
[05/09/2012 03:30:28] /a
[05/09/2012 03:30:29] /a
[05/09/2012 03:30:29] /a
[05/09/2012 03:30:29] /a
[05/09/2012 03:30:29] /a
[05/09/2012 03:30:29] /a
[05/09/2012 03:30:29] /a
[05/09/2012 03:30:29] /a
[05/09/2012 03:30:29] /a
[05/09/2012 03:30:29] /a
[05/09/2012 03:30:29] /a
[05/09/2012 03:30:29] /a
[05/09/2012 03:30:29] /a
[05/09/2012 03:30:29] /a
[05/09/2012 03:30:29] /a
[05/09/2012 03:30:29] /a
[05/09/2012 03:30:30] /a
[05/09/2012 03:30:30] /a
[05/09/2012 03:30:31] /a
[05/09/2012 03:30:32] /a
[05/09/2012 03:30:32] /a
[05/09/2012 03:30:33] /a
[05/09/2012 03:30:33] /a
[05/09/2012 03:30:33] /a
[05/09/2012 03:30:33] /a
[05/09/2012 03:30:33] /a
[05/09/2012 03:30:33] /a
[05/09/2012 03:30:33] /a
[05/09/2012 03:30:47] /i Donation Health apples
[05/09/2012 03:31:30] /a 5
[05/09/2012 03:32:11] /i donation coin
[05/09/2012 03:32:23] /i donation coin
[05/09/2012 03:32:23] /i donation coin
[05/09/2012 03:32:24] /i donation coin
[05/09/2012 03:32:24] /i donation coin
[05/09/2012 03:34:23] /t
[05/09/2012 03:34:52] /i 12427
[05/09/2012 03:35:01] /r 100
[05/09/2012 03:36:06] /a
[05/09/2012 03:36:07] /a
[05/09/2012 03:36:07] /a
[05/09/2012 03:36:08] /a
[05/09/2012 03:36:08] /a
[05/09/2012 03:36:08] /a
[05/09/2012 03:36:08] /a
[05/09/2012 03:36:09] /a
[05/09/2012 03:36:48] /c assasin
[05/09/2012 03:36:53] /c Assassin
[05/09/2012 03:37:21] /a
[05/09/2012 03:37:21] /a
[05/09/2012 03:37:22] /a
[05/09/2012 03:37:22] /a
[05/09/2012 03:37:22] /a
[05/09/2012 03:37:22] /a
[05/09/2012 03:37:22] /a
[05/09/2012 03:37:22] /a
[05/09/2012 03:37:23] /a
[05/09/2012 03:37:48] /a
[05/09/2012 03:37:48] /a
[05/09/2012 03:37:49] /a
[05/09/2012 03:37:49] /a
[05/09/2012 03:37:49] /a
[05/09/2012 03:37:49] /a
[05/09/2012 03:37:49] /a
[05/09/2012 03:37:49] /a
[05/09/2012 03:37:49] /a
[05/09/2012 03:37:50] /a
[05/09/2012 03:37:50] /a
[05/09/2012 03:37:50] /a
[05/09/2012 03:37:53] /a 50
[05/09/2012 03:37:54] /a 50
[05/09/2012 03:37:57] /a 50
[05/09/2012 03:38:04] /a
[05/09/2012 03:38:04] /a
[05/09/2012 03:38:05] /a
[05/09/2012 03:38:05] /a
[05/09/2012 03:38:05] /a
[05/09/2012 03:38:05] /a
[05/09/2012 03:38:06] /a
[05/09/2012 03:38:06] /a
[05/09/2012 03:38:06] /a
[05/09/2012 03:38:06] /a
[05/09/2012 03:38:07] /a
[05/09/2012 03:38:07] /a
[05/09/2012 03:38:07] /a
[05/09/2012 03:38:07] /a
[05/09/2012 03:38:07] /a
[05/09/2012 03:38:07] /a
[05/09/2012 03:38:08] /a
[05/09/2012 03:38:08] /a
[05/09/2012 03:38:08] /a
[05/09/2012 03:38:08] /a
[05/09/2012 03:38:08] /a
[05/09/2012 03:38:08] /a
[05/09/2012 03:38:08] /a
[05/09/2012 03:38:08] /a
[05/09/2012 03:38:08] /a
[05/09/2012 03:38:09] /a
[05/09/2012 03:38:09] /a
[05/09/2012 03:38:09] /a
[05/09/2012 03:38:09] /a
[05/09/2012 03:38:09] /a
[05/09/2012 03:38:09] /a
[05/09/2012 03:38:09] /a
[05/09/2012 03:38:09] /a
[05/09/2012 03:38:09] /a
[05/09/2012 03:38:09] /a
[05/09/2012 03:38:09] /a
[05/09/2012 03:38:09] /a
[05/09/2012 03:38:09] /a
[05/09/2012 03:38:10] /a
[05/09/2012 03:38:10] /a
[05/09/2012 03:38:10] /a
[05/09/2012 03:38:10] /a
[05/09/2012 03:38:10] /a
[05/09/2012 03:38:10] /a
[05/09/2012 03:38:10] /a
[05/09/2012 03:38:10] /a
[05/09/2012 03:38:10] /a
[05/09/2012 03:38:10] /a
[05/09/2012 03:38:10] /a
[05/09/2012 03:38:10] /a
[05/09/2012 03:38:10] /a
[05/09/2012 03:38:11] /a
[05/09/2012 03:38:11] /a
[05/09/2012 03:38:11] /a
[05/09/2012 03:38:11] /a
[05/09/2012 03:38:11] /a
[05/09/2012 03:38:11] /a
[05/09/2012 03:38:11] /a
[05/09/2012 03:38:11] /a
[05/09/2012 03:38:11] /a
[05/09/2012 03:38:11] /a
[05/09/2012 03:38:11] /a
[05/09/2012 03:38:12] /a
[05/09/2012 03:38:12] /a
[05/09/2012 03:38:12] /a
[05/09/2012 03:38:12] /a
[05/09/2012 03:38:12] /a
[05/09/2012 03:38:12] /a
[05/09/2012 03:38:12] /a
[05/09/2012 03:38:12] /a
[05/09/2012 03:38:12] /a
[05/09/2012 03:38:12] /a
[05/09/2012 03:38:12] /a
[05/09/2012 03:38:12] /a
[05/09/2012 03:38:12] /a
[05/09/2012 03:38:12] /a
[05/09/2012 03:38:13] /a
[05/09/2012 03:38:13] /a
[05/09/2012 03:38:13] /a
[05/09/2012 03:38:13] /a
[05/09/2012 03:38:13] /a
[05/09/2012 03:38:13] /a
[05/09/2012 03:38:13] /a
[05/09/2012 03:38:13] /a
[05/09/2012 03:38:13] /a
[05/09/2012 03:38:13] /a
[05/09/2012 03:38:13] /a
[05/09/2012 03:38:13] /a
[05/09/2012 03:38:13] /a
[05/09/2012 03:38:13] /a
[05/09/2012 03:38:13] /a
[05/09/2012 03:38:13] /a
[05/09/2012 03:38:14] /a
[05/09/2012 03:38:14] /a
[05/09/2012 03:38:14] /a
[05/09/2012 03:38:35] /a
[05/09/2012 03:38:35] /a
[05/09/2012 03:38:35] /a
[05/09/2012 03:38:44] /a
[05/09/2012 03:38:44] /a
[05/09/2012 03:38:44] /a
[05/09/2012 03:38:44] /a
[05/09/2012 03:38:45] /a
[05/09/2012 03:38:45] /a
[05/09/2012 03:38:45] /a
[05/09/2012 03:38:45] /a
[05/09/2012 03:38:45] /a
[05/09/2012 03:38:45] /a
[05/09/2012 03:38:46] /a
[05/09/2012 03:38:46] /a
[05/09/2012 03:38:46] /a
[05/09/2012 03:38:46] /a
[05/09/2012 03:38:46] /a
[05/09/2012 03:38:47] /a
[05/09/2012 03:38:47] /a
[05/09/2012 03:38:47] /a
[05/09/2012 03:38:47] /a
[05/09/2012 03:38:47] /a
[05/09/2012 03:38:47] /a
[05/09/2012 03:38:47] /a
[05/09/2012 03:38:48] /a
[05/09/2012 03:38:48] /a
[05/09/2012 03:38:48] /a
[05/09/2012 03:38:48] /a
[05/09/2012 03:38:49] /a
[05/09/2012 03:38:49] /a
[05/09/2012 03:38:49] /a
[05/09/2012 03:38:49] /a
[05/09/2012 03:38:49] /a
[05/09/2012 03:38:55] /a
[05/09/2012 03:38:56] /a
[05/09/2012 03:38:56] /a
[05/09/2012 03:38:56] /a
[05/09/2012 03:38:56] /a
[05/09/2012 03:38:56] /a
[05/09/2012 03:38:57] /a
[05/09/2012 03:38:57] /a
[05/09/2012 03:38:57] /a
[05/09/2012 03:39:05] /a
[05/09/2012 03:39:05] /a
[05/09/2012 03:39:05] /a
[05/09/2012 03:39:07] /a
[05/09/2012 03:39:08] /a
[05/09/2012 03:39:59] /i stone
[05/09/2012 03:40:00] /i stone
[05/09/2012 03:40:01] /i stone
[05/09/2012 03:40:01] /i stone
[05/09/2012 03:40:01] /i stone
[05/09/2012 03:40:02] /i stone
[05/09/2012 03:40:02] /i stone
[05/09/2012 03:40:03] /i stone
[05/09/2012 03:40:03] /i stone
[05/09/2012 03:40:04] /i stone
[05/09/2012 03:40:04] /i stone
[05/09/2012 03:40:05] /i stone
[05/09/2012 03:40:23] /r
[05/09/2012 03:40:24] /r
[05/09/2012 03:40:25] /r
[05/09/2012 03:40:27] /r
[05/09/2012 03:40:29] /r
[05/09/2012 03:40:31] /r
[05/09/2012 03:40:48] /a
[05/09/2012 03:40:49] /a
[05/09/2012 03:40:49] /a
[05/09/2012 03:40:49] /a
[05/09/2012 03:40:49] /a
[05/09/2012 03:40:49] /a
[05/09/2012 03:40:49] /a
[05/09/2012 03:40:49] /a
[05/09/2012 03:40:49] /a
[05/09/2012 03:40:49] /a
[05/09/2012 03:40:49] /a
[05/09/2012 03:40:51] /a
[05/09/2012 03:40:51] /a
[05/09/2012 03:40:52] /a
[05/09/2012 03:40:52] /a
[05/09/2012 03:40:52] /a
[05/09/2012 03:40:52] /a
[05/09/2012 03:40:52] /a
[05/09/2012 03:40:52] /a
[05/09/2012 03:40:53] /a
[05/09/2012 03:40:53] /a
[05/09/2012 03:40:55] /a
[05/09/2012 03:40:56] /a
[05/09/2012 03:40:57] /a
[05/09/2012 03:40:58] /a
[05/09/2012 03:41:43] /i spear
[05/09/2012 03:42:02] /r 100
[05/09/2012 03:42:05] /a
[05/09/2012 03:42:06] /a
[05/09/2012 03:42:06] /a
[05/09/2012 03:42:06] /a
[05/09/2012 03:42:07] /a
[05/09/2012 03:42:07] /a
[05/09/2012 03:42:07] /a
[05/09/2012 03:42:07] /a
[05/09/2012 03:42:07] /a
[05/09/2012 03:42:07] /a
[05/09/2012 03:42:07] /a
[05/09/2012 03:42:07] /a
[05/09/2012 03:42:07] /a
[05/09/2012 03:42:07] /a
[05/09/2012 03:42:07] /a
[05/09/2012 03:42:07] /a
[05/09/2012 03:42:07] /a
[05/09/2012 03:42:07] /a
[05/09/2012 03:42:07] /a
[05/09/2012 03:42:08] /a
[05/09/2012 03:42:08] /a
[05/09/2012 03:42:08] /a
[05/09/2012 03:42:08] /a
[05/09/2012 03:42:08] /a
[05/09/2012 03:42:08] /a
[05/09/2012 03:42:08] /a
[05/09/2012 03:42:08] /a
[05/09/2012 03:42:08] /a
[05/09/2012 03:42:08] /a
[05/09/2012 03:42:08] /a
[05/09/2012 03:42:08] /a
[05/09/2012 03:42:08] /a
[05/09/2012 03:42:08] /a
[05/09/2012 03:42:08] /a
[05/09/2012 03:42:08] /a
[05/09/2012 03:42:08] /a
[05/09/2012 03:42:08] /a
[05/09/2012 03:42:08] /a
[05/09/2012 03:42:09] /a
[05/09/2012 03:42:09] /a
[05/09/2012 03:42:11] /a
[05/09/2012 03:42:11] /a
[05/09/2012 03:42:11] /a
[05/09/2012 03:42:11] /a
[05/09/2012 03:42:12] /a
[05/09/2012 03:42:13] /a
[05/09/2012 03:43:34] /a
[05/09/2012 03:43:34] /a
[05/09/2012 03:43:34] /a
[05/09/2012 03:43:35] /a
[05/09/2012 03:43:36] /a
[05/09/2012 03:43:36] /a
[05/09/2012 03:43:36] /a
[05/09/2012 03:43:36] /a
[05/09/2012 03:43:36] /a
[05/09/2012 03:43:53] /t
[05/09/2012 03:44:13] /a
[05/09/2012 03:44:14] /a
[05/09/2012 03:44:14] /a
[05/09/2012 03:44:14] /a
[05/09/2012 03:44:14] /a
[05/09/2012 03:44:14] /a
[05/09/2012 03:44:14] /a
[05/09/2012 03:44:14] /a
[05/09/2012 03:44:14] /a
[05/09/2012 03:44:33] /a
[05/09/2012 03:44:34] /a
[05/09/2012 03:44:34] /a
[05/09/2012 03:44:35] /a
[05/09/2012 03:44:35] /a
[05/09/2012 03:44:35] /a
[05/09/2012 03:44:35] /a
[05/09/2012 03:44:35] /a
[05/09/2012 03:44:35] /a
[05/09/2012 03:44:35] /a
[05/09/2012 03:44:35] /a
[05/09/2012 03:44:35] /a
[05/09/2012 03:44:35] /a
[05/09/2012 03:44:35] /a
[05/09/2012 03:44:35] /a
[05/09/2012 03:44:35] /a
[05/09/2012 03:44:35] /a
[05/09/2012 03:44:35] /a
[05/09/2012 03:44:35] /a
[05/09/2012 03:44:35] /a
[05/09/2012 03:44:36] /a
[05/09/2012 03:44:36] /a
[05/09/2012 03:44:36] /a
[05/09/2012 03:44:36] /a
[05/09/2012 03:44:36] /a
[05/09/2012 03:44:36] /a
[05/09/2012 03:44:37] /a
[05/09/2012 03:44:37] /a
[05/09/2012 03:44:37] /a
[05/09/2012 03:44:37] /a
[05/09/2012 03:44:37] /a
[05/09/2012 03:44:37] /a
[05/09/2012 03:44:37] /a
[05/09/2012 03:44:37] /a
[05/09/2012 03:44:37] /a
[05/09/2012 03:44:37] /a
[05/09/2012 03:44:37] /a
[05/09/2012 03:44:37] /a
[05/09/2012 03:44:38] /a
[05/09/2012 03:44:38] /a
[05/09/2012 03:44:38] /a
[05/09/2012 03:44:38] /a
[05/09/2012 03:44:38] /a
[05/09/2012 03:44:38] /a
[05/09/2012 03:44:38] /a
[05/09/2012 03:44:38] /a
[05/09/2012 03:44:38] /a
[05/09/2012 03:44:38] /a
[05/09/2012 03:44:38] /a
[05/09/2012 03:44:38] /a
[05/09/2012 03:44:38] /a
[05/09/2012 03:44:38] /a
[05/09/2012 03:44:39] /a
[05/09/2012 03:44:39] /a
[05/09/2012 03:44:39] /a
[05/09/2012 03:44:39] /a
[05/09/2012 03:44:39] /a
[05/09/2012 03:44:39] /a
[05/09/2012 03:44:39] /a
[05/09/2012 03:44:39] /a
[05/09/2012 03:44:39] /a
[05/09/2012 03:44:39] /a
[05/09/2012 03:44:40] /a
[05/09/2012 03:44:43] /a
[05/09/2012 03:45:56] /t
[05/09/2012 03:46:45] /a
[05/09/2012 03:46:46] /a
[05/09/2012 03:46:46] /a
[05/09/2012 03:46:46] /a
[05/09/2012 03:46:46] /a
[05/09/2012 03:46:46] /a
[05/09/2012 03:46:46] /a
[05/09/2012 03:46:46] /a
[05/09/2012 03:46:46] /a
[05/09/2012 03:46:46] /a
[05/09/2012 03:46:46] /a
[05/09/2012 03:46:47] /a
[05/09/2012 03:46:47] /a
[05/09/2012 03:46:47] /a
[05/09/2012 03:46:47] /a
[05/09/2012 03:46:47] /a
[05/09/2012 03:46:47] /a
[05/09/2012 03:46:47] /a
[05/09/2012 03:46:47] /a
[05/09/2012 03:46:47] /a
[05/09/2012 03:46:47] /a
[05/09/2012 03:46:47] /a
[05/09/2012 03:46:47] /a
[05/09/2012 03:46:47] /a
[05/09/2012 03:46:47] /a
[05/09/2012 03:46:47] /a
[05/09/2012 03:46:47] /a
[05/09/2012 03:46:47] /a
[05/09/2012 03:46:48] /a
[05/09/2012 03:46:48] /a
[05/09/2012 03:46:48] /a
[05/09/2012 03:46:48] /a
[05/09/2012 03:46:48] /a
[05/09/2012 03:46:48] /a
[05/09/2012 03:46:48] /a
[05/09/2012 03:46:48] /a
[05/09/2012 03:46:49] /a
[05/09/2012 03:46:49] /a
[05/09/2012 03:46:49] /a
[05/09/2012 03:46:49] /a
[05/09/2012 03:46:49] /a
[05/09/2012 03:46:49] /a
[05/09/2012 03:46:49] /a
[05/09/2012 03:46:49] /a
[05/09/2012 03:46:49] /a
[05/09/2012 03:46:49] /a
[05/09/2012 03:46:49] /a
[05/09/2012 03:46:49] /a
[05/09/2012 03:46:49] /a
[05/09/2012 03:46:49] /a
[05/09/2012 03:46:49] /a
[05/09/2012 03:46:50] /a
[05/09/2012 03:46:50] /a
[05/09/2012 03:46:50] /a
[05/09/2012 03:46:50] /a
[05/09/2012 03:46:50] /a
[05/09/2012 03:46:50] /a
[05/09/2012 03:46:51] /a
[05/09/2012 03:46:51] /a
[05/09/2012 03:46:51] /a
[05/09/2012 03:53:17] /a
[05/09/2012 03:53:18] /a
[05/09/2012 03:53:18] /a
[05/09/2012 03:53:18] /a
[05/09/2012 03:53:18] /a
[05/09/2012 03:53:18] /a
[05/09/2012 03:53:18] /a
[05/09/2012 03:53:18] /a
[05/09/2012 03:53:19] /a
[05/09/2012 03:53:19] /a
[05/09/2012 03:53:19] /a
[05/09/2012 03:53:19] /a
[05/09/2012 03:53:19] /a
[05/09/2012 03:53:19] /a
[05/09/2012 03:53:19] /a
[05/09/2012 03:53:19] /a
[05/09/2012 03:53:19] /a
[05/09/2012 03:53:19] /a
[05/09/2012 03:53:19] /a
[05/09/2012 03:53:19] /a
[05/09/2012 03:53:19] /a
[05/09/2012 03:53:19] /a
[05/09/2012 03:53:19] /a
[05/09/2012 03:53:19] /a
[05/09/2012 03:53:20] /a
[05/09/2012 03:53:20] /a
[05/09/2012 03:53:20] /a
[05/09/2012 03:53:20] /a
[05/09/2012 03:53:20] /a
[05/09/2012 03:53:22] /a
[05/09/2012 03:53:22] /a
[05/09/2012 03:53:22] /a
[05/09/2012 03:53:22] /a
[05/09/2012 03:53:22] /a
[05/09/2012 03:53:22] /a
[05/09/2012 03:53:23] /a
[05/09/2012 03:53:23] /a
[05/09/2012 03:53:23] /a
[05/09/2012 03:53:23] /a
[05/09/2012 03:53:23] /a
[05/09/2012 03:53:23] /a
[05/09/2012 03:53:23] /a
[05/09/2012 03:53:23] /a
[05/09/2012 03:53:23] /a
[05/09/2012 03:53:23] /a
[05/09/2012 03:53:23] /a
[05/09/2012 03:53:23] /a
[05/09/2012 03:53:23] /a
[05/09/2012 03:53:23] /a
[05/09/2012 03:53:23] /a
[05/09/2012 03:53:23] /a
[05/09/2012 03:56:01] /m Blocker
[05/09/2012 03:56:01] /m Blocker
[05/09/2012 03:56:02] /m Blocker
[05/09/2012 03:56:02] /m Blocker
[05/09/2012 03:56:02] /m Blocker
[05/09/2012 03:56:03] /m Blocker
[05/09/2012 03:56:03] /m Blocker
[05/09/2012 03:56:03] /m Blocker
[05/09/2012 03:56:03] /m Blocker
[05/09/2012 03:56:04] /m Blocker
[05/09/2012 03:56:04] /m Blocker
[05/09/2012 03:56:05] /m Blocker
[05/09/2012 03:56:05] /m Blocker
[05/09/2012 03:56:05] /m Blocker
[05/09/2012 03:56:06] /m Blocker
[05/09/2012 03:56:06] /m Blocker
[05/09/2012 03:56:06] /m Blocker
[05/09/2012 03:56:07] /m Blocker
[05/09/2012 03:56:07] /m Blocker
[05/09/2012 03:56:07] /m Blocker
[05/09/2012 03:56:08] /m Blocker
[05/09/2012 03:56:08] /m Blocker
[05/09/2012 03:56:09] /m Blocker
[05/09/2012 03:56:09] /m Blocker
[05/09/2012 03:56:09] /m Blocker
[05/09/2012 03:56:10] /m Blocker
[05/09/2012 03:56:10] /m Blocker
[05/09/2012 03:56:11] /m Blocker
[05/09/2012 03:56:11] /m Blocker
[05/09/2012 03:57:19] /a
[05/09/2012 03:57:19] /a
[05/09/2012 03:57:19] /a
[05/09/2012 03:57:20] /a
[05/09/2012 03:57:21] /a
[05/09/2012 03:57:22] /a
[05/09/2012 03:57:23] /a
[05/09/2012 03:57:23] /a
[05/09/2012 03:57:23] /a
[05/09/2012 03:57:23] /a
[05/09/2012 03:57:24] /a
[05/09/2012 03:57:24] /a
[05/09/2012 03:57:36] /a
[05/09/2012 03:57:37] /a
[05/09/2012 03:57:37] /a
[05/09/2012 03:57:37] /a
[05/09/2012 03:57:37] /a
[05/09/2012 03:57:37] /a
[05/09/2012 03:57:37] /a
[05/09/2012 03:57:37] /a
[05/09/2012 03:57:37] /a
[05/09/2012 03:57:37] /a
[05/09/2012 03:57:37] /a
[05/09/2012 03:57:37] /a
[05/09/2012 03:57:37] /a
[05/09/2012 03:57:38] /a
[05/09/2012 03:57:38] /a
[05/09/2012 03:57:38] /a
[05/09/2012 03:57:38] /a
[05/09/2012 03:57:39] /a
[05/09/2012 03:57:39] /a
[05/09/2012 03:57:39] /a
[05/09/2012 03:57:39] /a
[05/09/2012 03:57:39] /a
[05/09/2012 03:57:39] /a
[05/09/2012 03:57:39] /a
[05/09/2012 03:57:40] /a
[05/09/2012 03:57:41] /a
[05/09/2012 03:57:41] /a
[05/09/2012 03:58:22] /m The Soldier
[05/09/2012 03:58:22] /m The Soldier
[05/09/2012 03:58:23] /m The Soldier
[05/09/2012 03:58:23] /m The Soldier
[05/09/2012 03:58:23] /m The Soldier
[05/09/2012 03:58:24] /m The Soldier
[05/09/2012 03:58:24] /m The Soldier
[05/09/2012 03:58:25] /m The Soldier
[05/09/2012 03:58:25] /m The Soldier
[05/09/2012 03:58:25] /m The Soldier
[05/09/2012 03:58:26] /m The Soldier
[05/09/2012 03:58:26] /m The Soldier
[05/09/2012 03:58:26] /m The Soldier
[05/09/2012 03:58:27] /m The Soldier
[05/09/2012 03:58:27] /m The Soldier
[05/09/2012 03:58:28] /m The Soldier
[05/09/2012 03:58:28] /m The Soldier
[05/09/2012 03:58:29] /m The Soldier
[05/09/2012 03:58:29] /m The Soldier
[05/09/2012 03:58:29] /m The Soldier
[05/09/2012 03:58:30] /m The Soldier
[05/09/2012 03:58:30] /m The Soldier
[05/09/2012 03:58:45] /s The Soldier
[05/09/2012 03:58:46] /s The Soldier
[05/09/2012 03:58:46] /s The Soldier
[05/09/2012 03:58:47] /s The Soldier
[05/09/2012 03:58:47] /s The Soldier
[05/09/2012 03:58:48] /s The Soldier
[05/09/2012 03:58:48] /s The Soldier
[05/09/2012 03:58:48] /s The Soldier
[05/09/2012 03:58:49] /s The Soldier
[05/09/2012 03:58:49] /s The Soldier
[05/09/2012 03:58:50] /s The Soldier
[05/09/2012 03:58:50] /s The Soldier
[05/09/2012 04:01:41] /m The Soldier
[05/09/2012 04:05:23] /r
[05/09/2012 04:05:53] /s Blocker
[05/09/2012 04:06:18] /a
[05/09/2012 04:07:23] /a
[05/09/2012 04:07:23] /a
[05/09/2012 04:07:23] /a
[05/09/2012 04:07:23] /a
[05/09/2012 04:07:23] /a
[05/09/2012 04:07:23] /a
[05/09/2012 04:07:23] /a
[05/09/2012 04:07:24] /a
[05/09/2012 04:07:24] /a
[05/09/2012 04:07:24] /a
[05/09/2012 04:07:24] /a
[05/09/2012 04:07:24] /a
[05/09/2012 04:07:24] /a
[05/09/2012 04:07:24] /a
[05/09/2012 04:07:24] /a
[05/09/2012 04:07:24] /a
[05/09/2012 04:07:24] /a
[05/09/2012 04:07:24] /a
[05/09/2012 04:07:24] /a
[05/09/2012 04:07:24] /a
[05/09/2012 04:07:24] /a
[05/09/2012 04:07:24] /a
[05/09/2012 04:07:25] /a
[05/09/2012 04:07:25] /a
[05/09/2012 04:07:26] /a
[05/09/2012 04:07:26] /a
[05/09/2012 04:07:26] /a
[05/09/2012 04:07:26] /a
[05/09/2012 04:07:27] /a
[05/09/2012 04:07:27] /a
[05/09/2012 04:07:27] /a
[05/09/2012 04:07:27] /a
[05/09/2012 04:07:27] /a
[05/09/2012 04:07:27] /a
[05/09/2012 04:07:27] /a
[05/09/2012 04:07:27] /a
[05/09/2012 04:07:27] /a
[05/09/2012 04:07:27] /a
[05/09/2012 04:07:28] /a
[05/09/2012 04:07:28] /a
[05/09/2012 04:07:28] /a
[05/09/2012 04:07:28] /a
[05/09/2012 04:07:28] /a
[05/09/2012 04:07:28] /a
[05/09/2012 04:07:28] /a
[05/09/2012 04:07:48] /t
