[11/08/2012 21:10:56] /a
[11/08/2012 21:11:02] /down
[11/08/2012 21:11:33] /clean
[11/08/2012 21:14:32] /goto poseidon
[11/08/2012 21:44:50] /t
[11/08/2012 21:45:20] /goto Zeus:
[11/08/2012 21:45:21] /goto Zeus
[11/08/2012 21:46:04] /attr set name
[11/08/2012 21:46:21] /attr set name Donated armor
[11/08/2012 21:46:50] /goto Zeus
[11/08/2012 21:46:55] /goto Zeus
[11/08/2012 21:50:14] /a 5
[11/08/2012 22:45:58] /t
[11/08/2012 22:46:09] /goto zatacka
[11/08/2012 22:46:13] /goto zatacka
[11/08/2012 22:46:14] /goto zatacka
[11/08/2012 22:47:01] /reload mods
[12/08/2012 15:12:01] /m morgrath
[12/08/2012 15:17:02] /i Vip medalk
[12/08/2012 15:17:04] /i Vip medal
