[24/09/2012 22:11:14] /t
[24/09/2012 22:14:28] /a 5
[24/09/2012 22:14:30] /a 7
[24/09/2012 22:14:34] /a 5
[24/09/2012 22:14:38] /a 6
[24/09/2012 22:33:26] /a
[24/09/2012 22:33:27] /a
[24/09/2012 22:33:31] /r
[24/09/2012 22:33:54] /t
[25/09/2012 00:26:19] /a
[25/09/2012 00:27:14] /a
[25/09/2012 00:59:37] /a
[25/09/2012 00:59:38] /a
[25/09/2012 01:25:04] /c zatacka
[25/09/2012 01:33:28] /i 12609
[25/09/2012 01:34:21] /r
[25/09/2012 01:34:22] /r
[25/09/2012 01:39:38] /up
[25/09/2012 01:39:46] /a
[25/09/2012 01:39:57] /t
[25/09/2012 01:40:00] /a
[25/09/2012 01:40:00] /a
[25/09/2012 01:40:03] /t
[25/09/2012 01:40:22] /i 2284
[25/09/2012 01:45:07] /i 2275
[25/09/2012 01:52:11] /t
[25/09/2012 01:53:44] /t
[25/09/2012 01:55:59] /t
[25/09/2012 01:56:09] /t
[25/09/2012 01:56:21] /a
[25/09/2012 01:59:51] /c Zatacka
[25/09/2012 02:00:19] /c
[25/09/2012 02:00:41] /goto zatacka
[25/09/2012 02:00:44] /t
[25/09/2012 02:02:28] /t
[25/09/2012 02:02:52] /c danky
[25/09/2012 02:02:56] /c danky
[25/09/2012 16:51:44] /c God dalskog
[25/09/2012 16:53:27] /t
[25/09/2012 16:53:31] /a
[25/09/2012 16:54:09] /goto god dalskog
[25/09/2012 16:54:17] /goto god dalskog
[25/09/2012 16:56:24] /t
[25/09/2012 16:59:43] /i 2157
[25/09/2012 17:02:57] /c god dalskog
[25/09/2012 17:03:14] /goto god daslskog
[25/09/2012 17:03:22] /goto God Dalskog
[25/09/2012 17:07:44] /i 7735
[25/09/2012 17:08:29] /i 12607
[25/09/2012 17:08:44] /i 1115
[25/09/2012 17:08:46] /r
[25/09/2012 17:08:52] /i 11115
[25/09/2012 17:09:05] /i 12606
[25/09/2012 17:09:15] /i 12604
[25/09/2012 17:09:22] /i 12603
[25/09/2012 17:09:47] /i 2296
[25/09/2012 17:09:56] /i 2275
[25/09/2012 17:10:06] /r
[25/09/2012 17:10:07] /r
[25/09/2012 17:10:07] /r
[25/09/2012 17:10:10] /r 100
[25/09/2012 17:10:12] /r 100
[25/09/2012 17:38:00] /a
[25/09/2012 19:25:42] /ghost
[25/09/2012 19:26:55] /a 3
[25/09/2012 19:27:13] /m backpack
[25/09/2012 19:27:21] /i backpack
[25/09/2012 19:27:27] /r
[25/09/2012 19:37:02] /ghost
[25/09/2012 20:02:17] /a
[25/09/2012 20:02:20] /a
[25/09/2012 20:02:24] /a 2
[25/09/2012 20:02:32] /a 2
[25/09/2012 20:02:35] /a 2
[25/09/2012 20:02:38] /a
[25/09/2012 20:21:07] /i stone
[25/09/2012 20:21:10] /i stone
[25/09/2012 20:21:14] /i stone
[25/09/2012 20:21:17] /i stone
[25/09/2012 20:21:20] /i ston
[25/09/2012 20:21:23] /i stone
[25/09/2012 22:22:48] /t
[25/09/2012 22:23:26] /c sammy
[25/09/2012 22:27:00] /c Sammy
[25/09/2012 22:28:26] /c sammy
[25/09/2012 22:30:03] /c sammy
[25/09/2012 22:32:44] /c sammy
[25/09/2012 22:34:03] /c sammy
[25/09/2012 22:39:57] /i Donation coin
[25/09/2012 22:40:18] /i donation coin
[25/09/2012 22:40:29] /i backpack
[25/09/2012 22:48:39] /goto zatacka
[26/09/2012 00:30:24] /t
[26/09/2012 00:30:31] /a
[26/09/2012 00:30:39] /a
[26/09/2012 00:30:56] /i 7289
[26/09/2012 00:33:45] /a
[26/09/2012 00:36:04] /i soldier
[26/09/2012 00:36:09] /m soldier
[26/09/2012 00:37:47] /m the soldier
[28/09/2012 13:06:46] /goto God dalasak
[28/09/2012 13:15:06] /i 12605
[28/09/2012 13:17:38] /a 5
