[21/08/2012 16:09:35] /goto zatacka
[21/08/2012 16:30:04] /goto zatacka
[21/08/2012 16:30:12] /m training boy
[21/08/2012 16:30:18] /m training boy
[21/08/2012 16:37:26] /i sofa chair
[21/08/2012 16:37:28] /i sofa chair
[21/08/2012 16:37:31] /a
[21/08/2012 16:39:46] /r
[21/08/2012 16:39:47] /r
[21/08/2012 16:39:51] /i large thorne
[21/08/2012 16:39:52] /i large thorne
[21/08/2012 16:39:56] /i large throne
[21/08/2012 16:39:58] /i large throne
[21/08/2012 16:50:02] /m gym
[21/08/2012 16:50:07] /m GYM
[25/08/2012 03:53:45] /i donation coin
[25/08/2012 03:53:49] /i donation coin
[25/08/2012 03:54:00] /r
[25/08/2012 03:54:01] /r
[25/08/2012 03:54:06] /i donation coin
[25/08/2012 03:54:07] /i donation coin
[25/08/2012 03:54:07] /i donation coin
[25/08/2012 03:54:08] /i donation coin
[25/08/2012 03:54:13] /r
[25/08/2012 03:54:22] /r
[25/08/2012 03:54:29] /r
[25/08/2012 03:54:38] /r
[25/08/2012 03:55:50] /r
[25/08/2012 03:56:02] /r
[25/08/2012 03:57:30] /r
[25/08/2012 03:57:38] /i backpack
[25/08/2012 03:57:43] /i donation coin
[25/08/2012 03:57:44] /i donation coin
[25/08/2012 03:57:45] /i donation coin
[25/08/2012 03:58:42] /b arena?
[25/08/2012 03:59:41] /i stone
[25/08/2012 03:59:42] /i stone
[25/08/2012 03:59:43] /i stone
[25/08/2012 03:59:44] /i stone
[25/08/2012 03:59:45] /i stone
[25/08/2012 03:59:46] /i stone
[25/08/2012 03:59:51] /i stone
[25/08/2012 03:59:54] /r
[25/08/2012 03:59:55] /r
[25/08/2012 03:59:56] /r
[25/08/2012 03:59:58] /r
[25/08/2012 04:00:00] /r
[25/08/2012 04:00:01] /r
[25/08/2012 04:00:03] /r
[25/08/2012 04:00:37] /m fucker
[25/08/2012 04:05:57] /a
[25/08/2012 04:06:02] /c test
[25/08/2012 04:07:01] /a
[25/08/2012 04:07:02] /a
[25/08/2012 04:08:06] /t
[25/08/2012 04:09:09] /t
[25/08/2012 04:17:40] /i large throne
[25/08/2012 04:18:37] /i icecube
[25/08/2012 04:18:42] /i ice cube
[25/08/2012 04:18:44] /i ice cube
[25/08/2012 04:18:44] /i ice cube
[25/08/2012 04:18:45] /i ice cube
[25/08/2012 04:18:46] /i ice cube
[25/08/2012 04:18:47] /i ice cube
[25/08/2012 04:18:50] /i fire
[25/08/2012 04:18:54] /i fire
[25/08/2012 04:18:55] /i fire
[25/08/2012 04:18:56] /i fire
[25/08/2012 04:18:57] /i fire
[25/08/2012 04:18:58] /i fire
[25/08/2012 04:19:02] /i coal basin
[25/08/2012 04:19:04] /i coal basin
[25/08/2012 04:19:05] /i coal basin
[25/08/2012 04:19:05] /i coal basin
[25/08/2012 04:19:07] /i coal basin
[25/08/2012 04:19:08] /i coal basin
[25/08/2012 04:19:19] /r
[25/08/2012 04:19:21] /r
[25/08/2012 04:19:23] /r
[25/08/2012 04:19:25] /r
[25/08/2012 04:19:25] /r
[25/08/2012 04:19:26] /r
[25/08/2012 04:19:28] /r
[25/08/2012 04:19:32] /i ice cube
[25/08/2012 04:19:34] /i ice cube
[25/08/2012 04:19:37] /i fire
[25/08/2012 04:19:40] /i blood herb
[25/08/2012 04:19:43] /i fire
[25/08/2012 04:19:44] /i blood herb
[25/08/2012 04:19:48] /i blood herb
[25/08/2012 04:19:57] /r
[25/08/2012 04:19:58] /r
[25/08/2012 04:19:59] /r
[25/08/2012 04:20:05] /r
[25/08/2012 04:20:14] /i icecube
[25/08/2012 04:20:17] /i 3519
[25/08/2012 04:20:17] /i 3519
[25/08/2012 04:20:18] /i 3519
[25/08/2012 04:20:18] /i 3519
[25/08/2012 04:20:19] /i 3519
[25/08/2012 04:20:19] /i 3519
[25/08/2012 04:20:19] /i 3519
[25/08/2012 04:20:19] /i 3519
[25/08/2012 04:20:24] /r
[25/08/2012 04:20:25] /r
[25/08/2012 04:20:26] /r
[25/08/2012 04:20:26] /r
[25/08/2012 04:20:27] /r
[25/08/2012 04:20:27] /r
[25/08/2012 04:20:28] /r
[25/08/2012 04:20:28] /r
[25/08/2012 04:20:29] /r
[25/08/2012 04:20:29] /r
[25/08/2012 04:20:31] /r
[25/08/2012 04:20:32] /r
[25/08/2012 04:20:33] /r
[25/08/2012 04:20:34] /r
[25/08/2012 04:20:39] /i ice cube
[25/08/2012 04:20:44] /i fire
[25/08/2012 04:20:48] /i blood herb
[25/08/2012 04:20:51] /r
[25/08/2012 04:20:55] /i coal basin
[25/08/2012 04:20:58] /r
[25/08/2012 04:20:59] /r
[25/08/2012 04:21:01] /r
[25/08/2012 04:21:03] /r
[25/08/2012 04:21:06] /r
[25/08/2012 04:21:08] /r
[25/08/2012 04:21:09] /r
[25/08/2012 04:21:13] /i large throne
[25/08/2012 04:21:15] /i large throne
[25/08/2012 04:21:20] /i red tapsestry
[25/08/2012 04:21:38] /r
[25/08/2012 04:21:43] /r
[25/08/2012 04:21:50] /r
[25/08/2012 04:22:13] /b clean in ur mom
[25/08/2012 04:22:14] /clean
[25/08/2012 04:27:23] /up
[25/08/2012 04:27:49] /a
[25/08/2012 04:35:44] /up
[25/08/2012 04:36:51] /c zatacka
[25/08/2012 04:36:57] /a
[25/08/2012 04:37:12] /owner zerxiz
[25/08/2012 04:37:52] /owner zatacka
[25/08/2012 04:39:08] /a
[25/08/2012 04:39:11] /a 10
[25/08/2012 04:39:13] /a 10
[25/08/2012 04:39:23] /owner zerxiz
[25/08/2012 04:39:27] /owner zerxiz
[25/08/2012 04:39:31] /owner zerxiz
[25/08/2012 04:39:34] /owner zerxiz
[25/08/2012 04:39:36] /owner zerxiz
[25/08/2012 04:39:38] /owner zerxiz
[25/08/2012 04:39:41] /owner zerxiz
[25/08/2012 04:39:44] /owner zerxiz
[25/08/2012 04:39:46] /owner zerxiz
[25/08/2012 04:39:48] /owner zerxiz
[25/08/2012 04:39:55] /owner zerxiz
[25/08/2012 04:40:00] /owner zerxiz
[25/08/2012 04:40:05] /owner zerxiz
[25/08/2012 04:40:08] /owner zerxiz
[25/08/2012 04:40:10] /owner zerxiz
[25/08/2012 04:40:11] /owner zerxiz
[25/08/2012 04:40:14] /a
[25/08/2012 04:45:43] /r
[25/08/2012 04:46:20] /i 7794
[25/08/2012 04:46:24] /r
[25/08/2012 04:46:29] /i 7796
[25/08/2012 04:46:49] /t
[25/08/2012 04:52:09] /i backpack
[25/08/2012 04:52:15] /i donation coin
[25/08/2012 04:52:16] /i donation coin
[25/08/2012 04:52:17] /i donation coin
[25/08/2012 04:55:40] /a
[25/08/2012 04:55:45] /i 7355
[25/08/2012 04:55:48] /i 7355
[25/08/2012 04:56:32] /a
[25/08/2012 04:56:33] /i 7355
[25/08/2012 04:56:33] /a
[25/08/2012 04:56:34] /i 7355
[25/08/2012 04:56:34] /a
[25/08/2012 04:56:35] /i 7355
[25/08/2012 04:56:35] /a
[25/08/2012 04:56:35] /i 7355
[25/08/2012 04:56:35] /a
[25/08/2012 04:56:35] /i 7355
[25/08/2012 04:56:37] /i 7355
[25/08/2012 04:56:37] /a
[25/08/2012 04:56:37] /i 7355
[25/08/2012 04:56:37] /a
[25/08/2012 04:56:37] /i 7355
[25/08/2012 04:56:37] /a
[25/08/2012 04:56:39] /i 7355
[25/08/2012 04:56:40] /a
[25/08/2012 04:56:40] /i 7355
[25/08/2012 04:56:40] /a
[25/08/2012 04:56:40] /i 7355
[25/08/2012 04:56:40] /a
[25/08/2012 04:56:40] /i 7355
[25/08/2012 04:56:40] /a
[25/08/2012 04:56:40] /i 7355
[25/08/2012 04:56:41] /i 7355
[25/08/2012 04:56:41] /a
[25/08/2012 04:56:41] /i 7355
[25/08/2012 04:56:41] /a
[25/08/2012 04:56:41] /i 7355
[25/08/2012 04:56:43] /i 7355
[25/08/2012 04:56:43] /a
[25/08/2012 04:56:45] /i 7355
[25/08/2012 04:56:46] /i 7355
[25/08/2012 04:56:46] /a
[25/08/2012 04:56:47] /i 7355
[25/08/2012 04:56:48] /i 7355
[25/08/2012 04:56:50] /a
[25/08/2012 04:56:52] /a
[25/08/2012 04:56:53] /i 7355
[25/08/2012 04:56:59] /r
[25/08/2012 04:57:01] /r
[25/08/2012 04:57:03] /r
[25/08/2012 04:57:04] /r
[25/08/2012 04:57:05] /r
[25/08/2012 04:57:07] /r
[25/08/2012 04:57:09] /r
[25/08/2012 04:57:11] /i 7355
[25/08/2012 04:57:12] /i 7355
[25/08/2012 04:57:17] /a 
[25/08/2012 04:57:22] /i 4737
[25/08/2012 04:57:25] /a
[25/08/2012 04:57:27] /i 4737
[25/08/2012 04:57:31] /a
[25/08/2012 04:57:33] /i 4737
[25/08/2012 04:57:44] /i 6683
[25/08/2012 04:57:46] /a
[25/08/2012 04:57:48] /i 6683
[25/08/2012 04:57:53] /r
[25/08/2012 04:57:57] /a
[25/08/2012 04:58:00] /i 6683
[25/08/2012 04:58:01] /a
[25/08/2012 04:58:07] /i 6683
[25/08/2012 04:58:11] /r
[25/08/2012 04:59:26] /i exp scroll
[25/08/2012 04:59:33] /r
[25/08/2012 04:59:56] /b custom spells. .!spells
[25/08/2012 05:00:06] /goto zatacka
[25/08/2012 05:00:09] /ghost
[25/08/2012 05:00:10] /goto zatacka
[25/08/2012 05:00:12] /goto zatacka
[25/08/2012 05:00:13] /goto zatacka
[25/08/2012 05:00:14] /goto zatacka
[25/08/2012 05:00:15] /goto zatacka
[25/08/2012 05:00:17] /goto zatacka
[25/08/2012 05:00:18] /goto zatacka
[25/08/2012 05:00:22] /goto godiskungen
[25/08/2012 05:00:44] /m orshabaal
[25/08/2012 05:01:40] /b .Legendary Spell
[25/08/2012 05:01:54] /goto godiskungen
[25/08/2012 05:02:02] /goto godiskungen
[25/08/2012 05:02:04] /goto godiskungen
[25/08/2012 05:02:05] /goto godiskungen
[25/08/2012 05:02:08] /goto godiskungen
[25/08/2012 05:02:13] /goto godiskungen
[25/08/2012 05:02:15] /goto godiskungen
[25/08/2012 05:02:17] /goto godiskungen
[25/08/2012 05:02:18] /goto godiskungen
[25/08/2012 05:02:20] /goto godiskungen
[25/08/2012 05:02:21] /goto godiskungen
[25/08/2012 05:02:23] /goto godiskungen
[25/08/2012 05:02:24] /goto godiskungen
[25/08/2012 05:02:25] /goto godiskungen
[25/08/2012 05:02:27] /goto godiskungen
[25/08/2012 05:02:29] /goto godiskungen
[25/08/2012 05:02:45] /goto godiskungen
[25/08/2012 05:03:01] /goto godiskungen
[25/08/2012 05:03:02] /goto godiskungen
[25/08/2012 05:03:04] /goto godiskungen
[25/08/2012 05:03:05] /goto godiskungen
[25/08/2012 05:03:06] /goto godiskungen
[25/08/2012 05:03:06] /goto godiskungen
[25/08/2012 05:03:10] /goto godiskungen
[25/08/2012 05:03:10] /goto godiskungen
[25/08/2012 05:03:11] /goto godiskungen
[25/08/2012 05:03:14] /goto godiskungen
[25/08/2012 05:03:18] /goto godiskungen
[25/08/2012 05:03:28] /goto godiskungen
[25/08/2012 05:03:35] /ghost
[25/08/2012 05:04:45] /s Rebirth NPC
[25/08/2012 05:04:58] /s varkha
[25/08/2012 05:05:00] /s varkhal
[25/08/2012 05:05:04] /m varkhal
[25/08/2012 05:05:28] /n varkhal
[25/08/2012 05:05:39] /i crystal coin
[25/08/2012 05:07:05] /b clean in 10 sec
[25/08/2012 05:07:11] /clean
[25/08/2012 05:07:33] /i donation freeze rune
[25/08/2012 05:08:31] /i donation uh
[25/08/2012 05:09:25] /t
[25/08/2012 05:09:39] /goto zatacka
[25/08/2012 05:10:46] /attr set attack 1999999999999999
[25/08/2012 05:10:59] /m the soldier
[25/08/2012 05:11:17] /m the soldier
[25/08/2012 05:11:23] /m the soldier
[25/08/2012 05:11:52] /m fucker
[25/08/2012 05:14:39] /m trainer boy
[25/08/2012 05:14:43] /m training boy
[25/08/2012 05:17:51] /r
[25/08/2012 05:17:55] /r
[25/08/2012 05:17:56] /r
[25/08/2012 05:18:02] /i large thorne
[25/08/2012 05:18:10] /i large throne
[25/08/2012 05:18:12] /i large throne
[25/08/2012 05:18:18] /r
[25/08/2012 05:18:20] /r
[25/08/2012 05:18:22] /i large throne
[25/08/2012 05:19:37] /i sofa chair
[25/08/2012 05:19:39] /i sofa chair
[25/08/2012 05:19:41] /i sofa chair
[25/08/2012 05:19:43] /i sofa chair
[25/08/2012 05:22:45] /b loggar nu, hörs :p
[25/08/2012 19:31:50] /a 3
[25/08/2012 19:32:16] /a
[26/08/2012 03:14:58] /goto zatacka
[26/08/2012 03:46:33] /a
[26/08/2012 03:46:35] /a 5
[26/08/2012 03:46:38] /a 5
[26/08/2012 03:46:59] /a 5
[26/08/2012 05:09:31] /a
[26/08/2012 05:09:33] /down
[26/08/2012 05:10:20] /t
[26/08/2012 05:11:08] /a
[26/08/2012 05:11:09] /a
[26/08/2012 05:11:09] /a
[26/08/2012 05:13:50] /r
[26/08/2012 05:13:52] /r
[26/08/2012 05:14:01] /i 6241
[26/08/2012 05:14:04] /r
[26/08/2012 05:14:15] /i 6251
[26/08/2012 05:17:11] /down
[26/08/2012 05:17:12] /down
[26/08/2012 05:17:34] /i 11914
[26/08/2012 05:17:55] /r
[26/08/2012 05:17:56] /t
[26/08/2012 05:19:40] /t
[26/08/2012 05:19:42] /b afk
[26/08/2012 05:19:50] /i large throne
[26/08/2012 05:29:54] /a
[30/08/2012 16:06:48] /i 7708
[30/08/2012 16:08:11] /i 7708
[30/08/2012 16:33:58] /b :/
[30/08/2012 16:34:11] /newtype 311
[30/08/2012 16:35:24] /a 10
[30/08/2012 16:43:15] /t
[30/08/2012 16:43:54] /c high brothers
[30/08/2012 16:44:14] /i donation coin
[30/08/2012 16:44:15] /i donation coin
[30/08/2012 16:45:05] /addskill ttestt, level, 1000
[30/08/2012 16:45:11] /addskill ttestt, level, 10000
[30/08/2012 16:45:20] /up
[30/08/2012 16:45:26] /c High Brothers
[30/08/2012 16:45:51] /a
[30/08/2012 16:46:05] /owner high brothers
[30/08/2012 16:46:43] /owner high brothers
[30/08/2012 16:46:57] /owner high brothers
[30/08/2012 16:47:29] /a
[30/08/2012 16:49:03] /i 2091
[30/08/2012 16:49:04] /up
[30/08/2012 16:49:20] /a
[30/08/2012 16:49:23] /owner test
[30/08/2012 16:49:50] /goto High Brothers
[30/08/2012 16:49:55] /goto High Brothers
[30/08/2012 16:50:11] /i crystal coin
[30/08/2012 16:50:17] /c test
[30/08/2012 16:50:40] /i  crystal coin
[30/08/2012 16:50:42] /i  crystal coin
[30/08/2012 16:51:19] /t test
[30/08/2012 16:51:21] /t High Brothers
[30/08/2012 16:51:22] /t
[30/08/2012 16:51:26] /a
[30/08/2012 16:51:27] /a
[30/08/2012 16:51:32] /up
[30/08/2012 16:51:37] /c test
[30/08/2012 16:51:56] /owner test
[30/08/2012 16:52:16] /owner test
[30/08/2012 16:52:22] /goto test
[30/08/2012 16:52:47] /goto high brothers
[30/08/2012 16:52:55] /a
[30/08/2012 16:53:02] /c high brothers
[30/08/2012 16:53:15] /i stone
[30/08/2012 16:53:18] /i stone
[30/08/2012 16:53:19] /i stone
[30/08/2012 16:53:20] /i stone
[30/08/2012 16:53:21] /i stone
[30/08/2012 16:53:22] /i stone
[30/08/2012 16:53:25] /i stone
[30/08/2012 16:53:26] /i stone
[30/08/2012 16:53:27] /i stone
[30/08/2012 16:53:28] /i stone
[30/08/2012 16:53:31] /r
[30/08/2012 16:53:36] /i stone'
[30/08/2012 16:53:40] /i stone
[30/08/2012 16:53:41] /i stone
[30/08/2012 16:53:41] /i stone
[30/08/2012 16:53:44] /i stone
[30/08/2012 16:53:45] /i stone
[30/08/2012 16:53:46] /i stone
[30/08/2012 16:53:48] /i stone
[30/08/2012 16:53:49] /i stone
[30/08/2012 16:53:49] /i stone
[30/08/2012 16:53:52] /i stone
[30/08/2012 16:53:53] /i stone
[30/08/2012 16:53:55] /i stone
[30/08/2012 16:53:56] /i stone
[30/08/2012 16:53:57] /i stone
[30/08/2012 16:53:58] /i stone
[30/08/2012 16:53:59] /i stone
[30/08/2012 16:54:00] /i stone
[30/08/2012 16:54:01] /i stone
[30/08/2012 16:54:03] /r
[30/08/2012 16:54:08] /i stone
[30/08/2012 16:54:08] /i stone
[30/08/2012 16:54:10] /i stone
[30/08/2012 16:54:11] /i stone
[30/08/2012 16:54:11] /i stone
[30/08/2012 16:54:12] /i stone
[30/08/2012 16:54:21] /a
[30/08/2012 16:54:23] /a
[30/08/2012 16:54:24] /a
[30/08/2012 16:54:28] /i stone
[30/08/2012 16:54:30] /i stone
[30/08/2012 16:54:32] /a
[30/08/2012 16:54:35] /a
[30/08/2012 16:54:39] /i donation coin
[30/08/2012 16:54:41] /i donation coin
[30/08/2012 16:54:41] /i donation coin
[30/08/2012 16:55:08] /i donation spear thrower
[30/08/2012 16:55:18] /i demon armor
[30/08/2012 16:55:23] /i demon legs
[30/08/2012 16:55:28] /i demon helmet
[30/08/2012 16:55:36] /i steel boots
[30/08/2012 16:55:57] /i demon shield
[30/08/2012 16:56:05] /i death ring
[30/08/2012 16:56:17] /b clean
[30/08/2012 16:56:20] /clean
[30/08/2012 16:56:26] /t
[30/08/2012 16:56:31] /t High BrothersH
[30/08/2012 16:56:32] /t High Brothers
[30/08/2012 16:57:26] /i donation coin
[30/08/2012 16:58:15] /i 10522
[30/08/2012 16:58:22] /i 10552
[30/08/2012 17:00:34] /a 10
[30/08/2012 17:00:36] /a 10
[30/08/2012 17:00:36] /a 10
[30/08/2012 17:01:02] /i shovel
[30/08/2012 17:01:12] /down
[30/08/2012 17:01:19] /a 10
[30/08/2012 17:01:20] /a 10
[30/08/2012 17:01:21] /a 10
[30/08/2012 17:01:28] /a
[30/08/2012 17:01:33] /a
[30/08/2012 17:01:38] /owner High Brothers
[30/08/2012 17:01:44] /owner High Brothers
[30/08/2012 17:01:49] /owner High Brothers
[30/08/2012 17:01:53] /up
[30/08/2012 17:01:55] /up
[30/08/2012 17:02:01] /goto high brothers
[30/08/2012 17:02:05] /a
[30/08/2012 17:02:10] /a 10
[30/08/2012 17:02:11] /a 10
[30/08/2012 17:02:13] /a 10
[30/08/2012 17:02:20] /c high brothers
[30/08/2012 17:02:30] /goto high brothers
[30/08/2012 17:02:33] /goto high brothers
[30/08/2012 17:02:36] /goto high brothers
[30/08/2012 17:02:38] /goto high brothers
[30/08/2012 17:03:50] /c high brothers
[30/08/2012 17:04:01] /i donation sd
[30/08/2012 17:05:11] /i stone
[30/08/2012 17:05:13] /i stone
[30/08/2012 17:05:15] /i stone
[30/08/2012 17:05:16] /i stone
[30/08/2012 17:05:17] /i stone
[30/08/2012 17:05:19] /i stone
[30/08/2012 17:05:20] /i stone
[30/08/2012 17:05:21] /i stone
[30/08/2012 17:05:50] /r
[30/08/2012 17:05:51] /r
[30/08/2012 17:05:53] /r
[30/08/2012 17:05:54] /r
[30/08/2012 17:05:56] /r
[30/08/2012 17:05:58] /r
[30/08/2012 17:05:59] /r
[30/08/2012 17:06:00] /r
[30/08/2012 17:06:01] /r
[30/08/2012 17:06:03] /r
[30/08/2012 17:06:05] /r
[30/08/2012 17:06:06] /r
[30/08/2012 17:06:54] /c high brothers
[30/08/2012 17:07:49] /i spike sword
[30/08/2012 17:07:59] /attr set attack 100000000000000000000000
[30/08/2012 17:08:05] /attr set attack 10000000000000
[30/08/2012 17:08:12] /m
[30/08/2012 17:08:16] /m training boy
[30/08/2012 17:10:17] /t high brother
[30/08/2012 17:10:21] /t high brothers
[30/08/2012 17:10:25] /clean
[30/08/2012 17:10:26] /t
[30/08/2012 17:11:12] /attr set vocation mage
[30/08/2012 17:11:31] /attr ser arm 10000000000000000000000000000000000000000
[30/08/2012 17:11:38] /attr ser armor 10000000000000000000000000000000000000000
[30/08/2012 17:11:49] /attr set armr 10000000000000000000000000000000000000000
[30/08/2012 17:12:00] /attr set arm 10000000000000000000000000000000000000000
[30/08/2012 17:12:06] /attr set arm 1000000000000000000
[30/08/2012 17:12:10] /attr set arm 10000000
[30/08/2012 17:12:13] /attr set arm 100
[30/08/2012 17:12:18] /attr set armor 100
[30/08/2012 17:12:25] /attr set armor 100000000000000000000000000
[30/08/2012 17:17:16] /ghost
[30/08/2012 17:17:20] /goto high brothers
[30/08/2012 17:18:48] /ghost
[30/08/2012 17:19:42] /i demon helmet
[30/08/2012 17:20:04] /newtype 311
[30/08/2012 17:20:09] /newtype high brothers. 311
[30/08/2012 17:20:15] /newtype high brothers, 311
[30/08/2012 17:20:24] /newtype 311, high brothers
[30/08/2012 17:20:47] /newtype 311, high brothers
[30/08/2012 17:20:50] /newtype 311, high brothers
[30/08/2012 17:20:52] /newtype 311, high brothers
[30/08/2012 17:20:52] /newtype 311, high brothers
[30/08/2012 17:20:53] /newtype 311, high brothers
[30/08/2012 17:22:00] /newtype 260, high brothers
[30/08/2012 17:22:07] /newtype 261
[30/08/2012 17:22:27] /newtype 259
[30/08/2012 17:22:33] /newtype 258
[30/08/2012 17:22:35] /newtype 257
[30/08/2012 17:22:36] /newtype 256
[30/08/2012 17:22:38] /newtype 255
[30/08/2012 17:22:39] /newtype 254
[30/08/2012 17:22:41] /newtype 253
[30/08/2012 17:22:43] /newtype 252
[30/08/2012 17:22:45] /newtype 251
[30/08/2012 17:22:46] /newtype 25
[30/08/2012 17:22:48] /newtype 250
[30/08/2012 17:22:59] /newtype 253
[30/08/2012 17:23:13] /r
[30/08/2012 17:25:57] /goto test
[30/08/2012 17:26:07] /b höjde du xp?
[30/08/2012 17:26:13] /b höjde du xp?
[30/08/2012 17:26:35] /m archangle
[30/08/2012 17:26:39] /m archangel
[30/08/2012 17:26:42] /m arch angel
[30/08/2012 17:26:51] /m archdruid
[30/08/2012 17:27:22] /i stone
[30/08/2012 17:27:25] /i stone
[30/08/2012 17:27:26] /i stone
[30/08/2012 17:27:29] /i stone
[30/08/2012 17:27:30] /i stone
[30/08/2012 17:29:57] /attr set armor 500000
[30/08/2012 17:30:03] /attr set armor 500000
[30/08/2012 17:30:05] /attr set armor 500000
[30/08/2012 17:30:16] /attr set def 500000
[30/08/2012 17:30:24] /attr set defense 500000
[31/08/2012 02:23:03] /attr set attack 515000000000
[31/08/2012 02:23:06] /attr set attack 515000000
[31/08/2012 02:24:39] /r 100
[31/08/2012 02:25:05] /m fucker
[31/08/2012 02:25:06] /m fucker
[31/08/2012 02:25:11] /r
[31/08/2012 02:25:13] /r
[31/08/2012 02:26:32] /rename Zerxiz, Dalskog
