[11/08/2012 17:33:08] /addskill poseidon ,mlevel,100
[11/08/2012 17:33:11] /addskill poseidon ,mlevel,100
[11/08/2012 17:33:14] /addskill poseidon ,mlevel,100
[11/08/2012 17:33:14] /addskill poseidon ,mlevel,100
[11/08/2012 17:33:15] /addskill poseidon ,mlevel,100
[11/08/2012 17:33:16] /addskill poseidon ,mlevel,100
[11/08/2012 17:33:16] /addskill poseidon ,mlevel,100
[11/08/2012 17:33:19] /addskill poseidon ,mlevel,10
[11/08/2012 17:33:20] /addskill poseidon ,mlevel,10
[11/08/2012 17:33:20] /addskill poseidon ,mlevel,10
[11/08/2012 17:33:21] /addskill poseidon ,mlevel,10
[11/08/2012 17:33:22] /addskill poseidon ,mlevel,10
[11/08/2012 17:33:22] /addskill poseidon ,mlevel,10
[11/08/2012 17:33:23] /addskill poseidon ,mlevel,10
[11/08/2012 17:33:23] /addskill poseidon ,mlevel,10
[11/08/2012 17:33:24] /addskill poseidon ,mlevel,10
[11/08/2012 17:33:24] /addskill poseidon ,mlevel,10
[11/08/2012 17:33:25] /addskill poseidon ,mlevel,10
[11/08/2012 17:33:27] /addskill poseidon ,mlevel,10
[11/08/2012 17:33:28] /addskill poseidon ,mlevel,10
[11/08/2012 17:33:28] /addskill poseidon ,mlevel,10
[11/08/2012 17:33:29] /addskill poseidon ,mlevel,10
[11/08/2012 17:33:30] /addskill poseidon ,mlevel,1
[11/08/2012 17:33:33] /addskill poseidon ,mlevel,5
[11/08/2012 17:33:35] /addskill poseidon ,mlevel,5
[11/08/2012 17:33:36] /addskill poseidon ,mlevel,5
[11/08/2012 17:33:37] /addskill poseidon ,mlevel,5
[11/08/2012 17:33:37] /addskill poseidon ,mlevel,5
[11/08/2012 17:33:38] /addskill poseidon ,mlevel,5
[11/08/2012 17:33:39] /addskill poseidon ,mlevel,5
[11/08/2012 17:33:40] /addskill poseidon ,mlevel,5
[11/08/2012 17:33:43] /addskill poseidon ,mlevel,1
[11/08/2012 17:33:44] /addskill poseidon ,mlevel,1
[11/08/2012 17:33:45] /addskill poseidon ,mlevel,1
[11/08/2012 17:33:46] /addskill poseidon ,mlevel,1
[11/08/2012 17:33:47] /addskill poseidon ,mlevel,1
[11/08/2012 17:33:48] /addskill poseidon ,mlevel,1
[11/08/2012 17:33:50] /addskill poseidon ,mlevel,1
[11/08/2012 17:33:53] /addskill poseidon ,mlevel,0,1
[11/08/2012 17:33:55] /addskill poseidon ,mlevel,0,1
[11/08/2012 17:33:55] /addskill poseidon ,mlevel,0,1
[11/08/2012 21:44:11] /goto zatacka
[12/08/2012 12:52:00] /zombiestart force
[12/08/2012 12:55:18] /zombiestart force
[12/08/2012 12:56:13] /a 1
[12/08/2012 12:56:14] /a 1
[12/08/2012 12:56:14] /a 1
[12/08/2012 12:56:14] /a 1
[12/08/2012 12:56:14] /a 1
[12/08/2012 12:57:28] /t
[26/09/2012 04:09:12] /i outfit cahnger
[26/09/2012 04:09:16] /i 5810
[26/09/2012 04:12:53] /newtype 229
[26/09/2012 04:13:05] /r
[26/09/2012 04:13:07] /r
[26/09/2012 04:13:09] /r
[26/09/2012 04:13:10] /r
[26/09/2012 04:13:11] /r
[26/09/2012 04:13:14] /r
[26/09/2012 04:13:17] /r
[26/09/2012 04:13:45] /b clean in 5 sec
[26/09/2012 04:13:49] /clean
[26/09/2012 15:50:50] /b Goooooooood Morning Mumbai!
[26/09/2012 15:52:26] /t
[26/09/2012 16:28:11] /owner toytoy
[26/09/2012 17:06:52] /i 1284
[26/09/2012 17:06:57] /i 1284
[26/09/2012 17:07:00] /b clean
[26/09/2012 17:11:04] /c caveman
[26/09/2012 17:11:06] /c caveman
[26/09/2012 17:16:23] /c negerdase
[26/09/2012 17:17:03] /addskill level, negerdase, 10
[26/09/2012 17:17:26] /addskill negerdase, level, 10
[26/09/2012 17:19:40] /goto negerdase
[26/09/2012 17:19:45] /goto negerdase
[26/09/2012 17:19:53] /goto negerdase
[26/09/2012 17:20:33] /r
[26/09/2012 17:20:38] /c zatacka
[26/09/2012 17:22:54] /goto negerdase
[26/09/2012 17:23:02] /t all
[26/09/2012 17:23:10] /t
[27/09/2012 01:55:44] /ghost
[27/09/2012 01:55:54] /goto crazy people
[27/09/2012 01:56:03] /goto crazy people
[27/09/2012 01:58:04] /a
[27/09/2012 01:59:47] /rename Zeus, GOD Dalskog
