[30/03/2012 06:38:28] /attr group 2
[30/03/2012 06:38:32] /attr group 3
[30/03/2012 06:38:35] /attr group 4
[30/03/2012 06:38:37] /attr group 5
[30/03/2012 06:38:40] /attr group 6
[30/03/2012 06:38:46] /i uh
[30/03/2012 06:39:07] /i ultimate health rune
[30/03/2012 06:39:12] /m malak
[30/03/2012 06:39:14] /n malak
[30/03/2012 06:39:19] /n eryn
[07/04/2012 02:46:16] /t
[07/04/2012 02:54:30] /removedays 1000000000000
[07/04/2012 02:54:37] /removedays 365
[07/04/2012 02:54:40] /removedays
[07/04/2012 02:54:45] /removedays 365
[07/04/2012 02:55:01] /removedays {OwneR} CarCoO , 365
[07/04/2012 02:55:06] /removedays {OwneR} CarCoO , 10000000
[07/04/2012 02:55:19] /removedays 100000000000000000000000, {OwneR} CarCoO
[07/04/2012 02:57:44] /r
[07/04/2012 02:57:52] /attr pos 1000 1000 7
[07/04/2012 02:58:24] /t
[07/04/2012 03:09:15] /t
[07/04/2012 03:09:25] /t
[09/04/2012 13:47:15] /t
[09/04/2012 13:47:32] /t
[09/04/2012 13:47:53] /ghost
[09/04/2012 14:03:26] /up
[09/04/2012 14:03:31] /t
[09/04/2012 14:04:39] /a 5
[09/04/2012 14:04:41] /a 6
[09/04/2012 14:07:00] /i magic enfored
[09/04/2012 14:07:03] /i 1387
[09/04/2012 14:07:07] /r
[09/04/2012 14:07:13] /i 1387
[09/04/2012 14:07:22] /attr pos 4990 915 7
[09/04/2012 14:08:10] /attr pos 4490 996 7
[09/04/2012 14:08:18] /up
[09/04/2012 14:08:31] /a 7
[09/04/2012 14:08:34] /a 8
[09/04/2012 14:08:36] /a 
[09/04/2012 14:08:41] /a 9
[09/04/2012 14:08:45] /a 4
[09/04/2012 14:08:47] /a 5
[09/04/2012 14:08:48] /a 6
[09/04/2012 14:08:48] /a 7
[09/04/2012 14:08:50] /a 8
[09/04/2012 14:08:51] /a 9
[09/04/2012 14:08:53] /a 10
[09/04/2012 14:08:54] /a 11
[09/04/2012 14:09:19] /attr pos 4990 915 6
[09/04/2012 14:09:35] /r
[09/04/2012 14:09:49] /t
[09/04/2012 14:11:01] /r
[09/04/2012 14:11:04] /r
[09/04/2012 14:11:15] /i 1213
[09/04/2012 14:11:25] /attr actionid 5788
[09/04/2012 14:11:34] /i vip medal
[09/04/2012 14:11:40] /i vip scroll
[09/04/2012 14:11:45] /r
[09/04/2012 14:11:53] /a
[09/04/2012 14:11:54] /i 1213
[09/04/2012 14:11:55] /i 1213
[10/04/2012 07:56:50] /i troll champion
[10/04/2012 07:56:55] /i bithcy hydra
[10/04/2012 07:56:59] /m bitchy hydra
[10/04/2012 07:57:02] /i 12609
[10/04/2012 07:57:44] /addskill ,level, {owner} carcoo , 500
[10/04/2012 07:58:14] /addskill 500 ,level, {OwneR} CarCoO
[10/04/2012 07:58:34] /addskill {OwneR} CarCoO ,level, 600
[10/04/2012 07:59:26] /attr action id 1
[10/04/2012 07:59:31] /attr actionid 7000
[10/04/2012 07:59:36] /attr actionid 1000
[10/04/2012 07:59:42] /t
[10/04/2012 07:59:51] /m bitchy hydra
[10/04/2012 08:05:18] /m bitchy hydra
[10/04/2012 08:05:22] /t
[13/04/2012 00:09:54] /i yalahi~
[13/04/2012 00:10:07] /i 9777
[13/04/2012 00:10:14] /r
[13/04/2012 00:12:09] /i cara shield
[13/04/2012 00:15:53] /reload item
[13/04/2012 00:15:55] /reload items
[13/04/2012 00:16:04] /i super mantle
[13/04/2012 00:30:30] /i snakebite rod
[13/04/2012 00:55:40] /i 7985
[13/04/2012 00:55:49] /i 7958
[13/04/2012 00:55:54] /r
[13/04/2012 00:55:59] /i super wand
[13/04/2012 00:57:00] /r
[13/04/2012 00:57:03] /r
[13/04/2012 00:57:07] /i rich rod
[13/04/2012 00:57:40] /t
[15/04/2012 12:26:47] /t
[15/04/2012 12:28:31] /reload spells
[15/04/2012 12:33:44] /reload vocatinos
[15/04/2012 12:33:47] /reload vocations
[15/04/2012 12:35:31] /reload xml
[15/04/2012 12:35:41] /reload vocations.xml
[15/04/2012 12:37:54] /t
[15/04/2012 12:38:01] /i 7899
[15/04/2012 12:38:06] /r
[15/04/2012 12:38:10] /i 7888
[15/04/2012 12:38:15] /r
[15/04/2012 12:38:35] /i 6080
[15/04/2012 12:38:38] /r
[15/04/2012 12:38:40] /i 60090
[15/04/2012 12:38:42] /i 6090
[15/04/2012 12:39:35] /reload spells
[15/04/2012 12:43:03] /reload spells
[15/04/2012 12:43:36] /i 6090
[17/04/2012 08:50:03] /m orchid frog
[17/04/2012 08:50:07] /r
[17/04/2012 09:46:00] /reload config.lua
[17/04/2012 09:47:40] /owner {owner} carcoo
[17/04/2012 09:48:02] /up
[17/04/2012 09:48:07] /down
[17/04/2012 09:48:10] /up
[17/04/2012 09:50:04] /a
[17/04/2012 09:55:39] /reload talkactions
[17/04/2012 09:55:44] /shutdown
[17/04/2012 09:56:21] /shutdown 0.1
[17/04/2012 09:56:25] /shutdown 0.11
[17/04/2012 09:56:33] /shutdown 600000
[17/04/2012 09:56:37] /shutdown 6000000000000000000000
[17/04/2012 09:56:57] /shutdown
[20/04/2012 02:38:51] /t
[20/04/2012 02:39:02] /i donation wand
[20/04/2012 02:39:37] /i super rod
[20/04/2012 02:39:40] /i super wand
[20/04/2012 02:39:40] /t
[20/04/2012 02:40:13] /t
[22/05/2012 17:11:02] /t
[22/05/2012 17:11:15] /n probte NPC
[22/05/2012 17:13:10] /i backpack
[22/05/2012 17:13:19] /i crystal coin
[22/05/2012 17:13:42] /i crystal coin
[22/05/2012 17:13:44] /i crystal coin
[22/05/2012 17:13:44] /i crystal coin
[22/05/2012 17:13:44] /i crystal coin
[22/05/2012 17:13:44] /i crystal coin
[22/05/2012 17:13:44] /i crystal coin
[22/05/2012 17:13:44] /i crystal coin
[22/05/2012 17:13:45] /i crystal coin
[22/05/2012 17:13:45] /i crystal coin
[22/05/2012 17:13:45] /i crystal coin
[22/05/2012 17:13:45] /i crystal coin
[22/05/2012 17:13:45] /i crystal coin
[22/05/2012 17:13:45] /i crystal coin
[22/05/2012 17:13:45] /i crystal coin
[22/05/2012 17:13:45] /i crystal coin
[22/05/2012 17:13:45] /i crystal coin
[22/05/2012 17:13:45] /i crystal coin
[22/05/2012 17:13:45] /i crystal coin
[22/05/2012 17:13:45] /i crystal coin
[22/05/2012 17:13:45] /i crystal coin
[22/05/2012 17:13:45] /i crystal coin
[22/05/2012 17:13:45] /i crystal coin
[22/05/2012 17:13:45] /i crystal coin
[22/05/2012 17:13:45] /i crystal coin
[22/05/2012 17:13:45] /i crystal coin
[22/05/2012 17:13:45] /i crystal coin
[22/05/2012 17:13:45] /i crystal coin
[22/05/2012 17:13:45] /i crystal coin
[22/05/2012 17:13:45] /i crystal coin
[22/05/2012 17:13:45] /i crystal coin
[22/05/2012 17:13:45] /i crystal coin
[22/05/2012 17:13:45] /i crystal coin
[22/05/2012 17:13:45] /i crystal coin
[22/05/2012 17:13:45] /i crystal coin
[22/05/2012 17:13:46] /i crystal coin
[22/05/2012 17:13:46] /i crystal coin
[22/05/2012 17:13:46] /i crystal coin
[22/05/2012 17:13:46] /i crystal coin
[22/05/2012 17:13:46] /i crystal coin
[22/05/2012 17:13:46] /i crystal coin
[22/05/2012 17:13:46] /i crystal coin
[22/05/2012 17:13:46] /i crystal coin
[22/05/2012 17:13:46] /i crystal coin
[22/05/2012 17:13:46] /i crystal coin
[22/05/2012 17:13:46] /i crystal coin
[22/05/2012 17:13:46] /i crystal coin
[22/05/2012 17:13:46] /i crystal coin
[22/05/2012 17:13:46] /i crystal coin
[22/05/2012 17:14:09] /r
[22/05/2012 17:14:12] /r 100
[22/05/2012 17:14:14] /r 1000000
[22/05/2012 17:14:15] /r 1000000
[22/05/2012 17:14:15] /r 1000000
[22/05/2012 17:14:16] /r 1000000
[22/05/2012 17:14:16] /r 1000000
[22/05/2012 17:14:21] /clean
[22/05/2012 17:14:28] /i backpack
[22/05/2012 17:14:28] /i backpack
[22/05/2012 17:14:29] /i backpack
[22/05/2012 17:14:29] /i backpack
[22/05/2012 17:14:40] /i crystal coin
[22/05/2012 17:14:40] /i crystal coin
[22/05/2012 17:14:40] /i crystal coin
[22/05/2012 17:14:40] /i crystal coin
[22/05/2012 17:14:40] /i crystal coin
[22/05/2012 17:14:42] /i crystal coin
[22/05/2012 17:14:43] /i crystal coin
[22/05/2012 17:14:43] /i crystal coin
[22/05/2012 17:14:43] /i crystal coin
[22/05/2012 17:14:44] /i crystal coin
[22/05/2012 17:14:45] /i crystal coin
[22/05/2012 17:14:45] /i crystal coin
[22/05/2012 17:14:45] /i crystal coin
[22/05/2012 17:14:45] /i crystal coin
[22/05/2012 17:14:45] /i crystal coin
[22/05/2012 17:14:46] /i crystal coin
[22/05/2012 17:14:46] /i crystal coin
[22/05/2012 17:14:46] /i crystal coin
[22/05/2012 17:14:46] /i crystal coin
[22/05/2012 17:14:47] /i crystal coin
[22/05/2012 17:14:47] /i crystal coin
[22/05/2012 17:14:51] /r
[22/05/2012 17:14:55] /r 100
[22/05/2012 17:15:03] /i crystal coin
[22/05/2012 17:15:04] /i crystal coin
[22/05/2012 17:15:04] /i crystal coin
[22/05/2012 17:15:04] /i crystal coin
[22/05/2012 17:15:04] /i crystal coin
[22/05/2012 17:15:04] /i crystal coin
[22/05/2012 17:15:04] /i crystal coin
[22/05/2012 17:15:05] /i crystal coin
[22/05/2012 17:15:05] /i crystal coin
[22/05/2012 17:15:05] /i crystal coin
[22/05/2012 17:15:05] /i crystal coin
[22/05/2012 17:15:06] /i crystal coin
[22/05/2012 17:15:06] /i crystal coin
[22/05/2012 17:15:06] /i crystal coin
[22/05/2012 17:15:06] /i crystal coin
[22/05/2012 17:15:08] /i crystal coin
[22/05/2012 17:15:09] /i crystal coin
[22/05/2012 17:15:09] /i crystal coin
[22/05/2012 17:15:09] /i crystal coin
[22/05/2012 17:15:09] /i crystal coin
[22/05/2012 17:15:09] /i crystal coin
[22/05/2012 17:15:31] /i crystal coin
[22/05/2012 17:15:31] /i crystal coin
[22/05/2012 17:15:31] /i crystal coin
[22/05/2012 17:15:31] /i crystal coin
[22/05/2012 17:15:31] /i crystal coin
[22/05/2012 17:15:31] /i crystal coin
[22/05/2012 17:15:32] /i crystal coin
[22/05/2012 17:15:32] /i crystal coin
[22/05/2012 17:15:32] /i crystal coin
[22/05/2012 17:15:32] /i crystal coin
[22/05/2012 17:15:32] /i crystal coin
[22/05/2012 17:15:32] /i crystal coin
[22/05/2012 17:15:32] /i crystal coin
[22/05/2012 17:15:32] /i crystal coin
[22/05/2012 17:15:33] /i crystal coin
[22/05/2012 17:15:33] /i crystal coin
[22/05/2012 17:15:33] /i crystal coin
[22/05/2012 17:15:33] /i crystal coin
[22/05/2012 17:15:33] /i crystal coin
[22/05/2012 17:15:33] /i crystal coin
[22/05/2012 17:15:33] /i crystal coin
[22/05/2012 17:15:33] /i crystal coin
[22/05/2012 17:15:39] /i crystal coin
[22/05/2012 17:15:40] /i crystal coin
[22/05/2012 17:15:40] /i crystal coin
[22/05/2012 17:15:40] /i crystal coin
[22/05/2012 17:15:40] /i crystal coin
[22/05/2012 17:15:40] /i crystal coin
[22/05/2012 17:15:40] /i crystal coin
[22/05/2012 17:15:40] /i crystal coin
[22/05/2012 17:15:40] /i crystal coin
[22/05/2012 17:15:40] /i crystal coin
[22/05/2012 17:15:40] /i crystal coin
[22/05/2012 17:15:40] /i crystal coin
[22/05/2012 17:15:40] /i crystal coin
[22/05/2012 17:15:40] /i crystal coin
[22/05/2012 17:15:40] /i crystal coin
[22/05/2012 17:15:40] /i crystal coin
[22/05/2012 17:15:41] /i crystal coin
[22/05/2012 17:15:41] /i crystal coin
[22/05/2012 17:15:41] /i crystal coin
[22/05/2012 17:15:41] /i crystal coin
[22/05/2012 17:15:41] /i crystal coin
[22/05/2012 17:15:41] /i crystal coin
[22/05/2012 17:15:42] /i crystal coin
[22/05/2012 17:15:43] /i crystal coin
[22/05/2012 17:15:43] /i crystal coin
[22/05/2012 17:15:43] /i crystal coin
[22/05/2012 17:15:43] /i crystal coin
[22/05/2012 17:15:43] /i crystal coin
[22/05/2012 17:15:43] /i crystal coin
[22/05/2012 17:15:43] /i crystal coin
[22/05/2012 17:15:43] /i crystal coin
[22/05/2012 17:15:43] /i crystal coin
[22/05/2012 17:15:43] /i crystal coin
[22/05/2012 17:15:43] /i crystal coin
[22/05/2012 17:15:43] /i crystal coin
[22/05/2012 17:15:43] /i crystal coin
[22/05/2012 17:15:43] /i crystal coin
[22/05/2012 17:15:43] /i crystal coin
[22/05/2012 17:15:44] /i crystal coin
[22/05/2012 17:15:44] /i crystal coin
[22/05/2012 17:15:55] /r
[22/05/2012 17:15:57] /i backpack
[22/05/2012 17:16:13] /r
[22/05/2012 17:16:18] /r 99
[22/05/2012 17:17:02] /info {OwneR} CarCoO
[22/05/2012 17:18:01] /storage
[22/05/2012 17:18:05] /storage crystal
[22/05/2012 17:18:10] /storage crystal coins
[22/05/2012 17:18:15] /storage 1
[22/05/2012 17:18:19] /storage a7a\
[22/05/2012 17:18:22] /storage {OwneR} CarCoO
[22/05/2012 17:18:58] !eq
[22/05/2012 17:19:03] !eq {OwneR} CarCoO
[22/05/2012 17:20:45] /reload NPC
[22/05/2012 17:21:17] /reload NPC
[22/05/2012 17:23:41] /reload npc
[22/05/2012 17:25:01] !grafico
[22/05/2012 17:25:43] !eq {OwneR} CarCoO
[22/05/2012 17:27:07] /reload npc
[22/05/2012 17:28:09] /info {OwneR} CarCoO
[22/05/2012 17:30:05] /mc
[22/05/2012 17:30:08] /mc {OwneR} CarCoO
[22/05/2012 17:30:18] /mc 127.0.0.1
[22/05/2012 17:31:09] /config
[22/05/2012 17:31:12] /config {OwneR} CarCoO
[22/05/2012 17:31:22] /config accountr manger
[22/05/2012 17:31:38] /pass {OwneR} CarCoO
[22/05/2012 17:31:40] /pass {OwneR} CarCoO
[22/05/2012 17:32:18] /wp
[22/05/2012 17:32:21] /wp {OwneR} CarCoO
[22/05/2012 17:32:26] /wp 100
[22/05/2012 17:32:28] /wp 
[22/05/2012 17:35:38] /reload npc
[22/05/2012 17:36:18] /r
[22/05/2012 17:36:21] /r 800
[22/05/2012 17:37:29] /reload npc
[22/05/2012 17:37:56] /newtype 1
[22/05/2012 17:37:57] /newtype 2
[22/05/2012 17:37:58] /newtype 3
[22/05/2012 17:37:59] /newtype 3
[22/05/2012 17:38:01] /newtype 4
[22/05/2012 17:38:02] /newtype 5
[22/05/2012 17:38:02] /newtype 6
[22/05/2012 17:38:04] /newtype 7
[22/05/2012 17:38:04] /newtype 8
[22/05/2012 17:38:05] /newtype 9
[22/05/2012 17:38:07] /newtype 10
[22/05/2012 17:38:08] /newtype 11
[22/05/2012 17:38:09] /newtype 12
[22/05/2012 17:38:10] /newtype 13
[22/05/2012 17:38:13] /newtype 14
[22/05/2012 17:38:15] /newtype 15
[22/05/2012 17:38:17] /newtype 16
[22/05/2012 17:38:18] /newtype 17
[22/05/2012 17:38:20] /newtype 18
[22/05/2012 17:38:23] /newtype 19
[22/05/2012 17:38:24] /newtype 20
[22/05/2012 17:38:26] /newtype 21
[22/05/2012 17:38:27] /newtype 22
[22/05/2012 17:38:28] /newtype 23
[22/05/2012 17:40:02] /i crystal coin
[22/05/2012 17:40:02] /i crystal coin
[22/05/2012 17:40:03] /i crystal coin
[22/05/2012 17:40:03] /i crystal coin
[22/05/2012 17:40:03] /i crystal coin
[22/05/2012 17:40:03] /i crystal coin
[22/05/2012 17:40:03] /i crystal coin
[22/05/2012 17:40:03] /i crystal coin
[22/05/2012 17:40:03] /i crystal coin
[22/05/2012 17:40:03] /i crystal coin
[22/05/2012 17:40:03] /i crystal coin
[22/05/2012 17:40:03] /i crystal coin
[22/05/2012 17:40:03] /i crystal coin
[22/05/2012 17:40:03] /i crystal coin
[22/05/2012 17:40:03] /i crystal coin
[22/05/2012 17:40:03] /i crystal coin
[22/05/2012 17:40:03] /i crystal coin
[22/05/2012 17:40:03] /i crystal coin
[22/05/2012 17:40:03] /i crystal coin
[22/05/2012 17:40:03] /i crystal coin
[22/05/2012 17:40:03] /i crystal coin
[22/05/2012 17:40:04] /i crystal coin
[22/05/2012 17:40:04] /i crystal coin
[22/05/2012 17:40:04] /i crystal coin
[22/05/2012 17:40:04] /i crystal coin
[22/05/2012 17:40:04] /i crystal coin
[22/05/2012 17:40:04] /i crystal coin
[22/05/2012 17:40:04] /i crystal coin
[22/05/2012 17:40:04] /i crystal coin
[22/05/2012 17:40:04] /i crystal coin
[22/05/2012 17:40:04] /i crystal coin
[22/05/2012 17:40:04] /i crystal coin
[22/05/2012 17:40:04] /i crystal coin
[22/05/2012 17:40:04] /i crystal coin
[22/05/2012 17:40:04] /i crystal coin
[22/05/2012 17:40:04] /i crystal coin
[22/05/2012 17:40:04] /i crystal coin
[22/05/2012 17:40:04] /i crystal coin
[22/05/2012 17:40:04] /i crystal coin
[22/05/2012 17:40:04] /i crystal coin
[22/05/2012 17:40:04] /i crystal coin
[22/05/2012 17:40:04] /i crystal coin
[22/05/2012 17:40:04] /i crystal coin
[22/05/2012 17:40:04] /i crystal coin
[22/05/2012 17:40:04] /i crystal coin
[22/05/2012 17:40:04] /i crystal coin
[22/05/2012 17:40:04] /i crystal coin
[22/05/2012 17:40:04] /i crystal coin
[22/05/2012 17:40:04] /i crystal coin
[22/05/2012 17:40:05] /i crystal coin
[22/05/2012 17:40:05] /i crystal coin
[22/05/2012 17:40:05] /i crystal coin
[22/05/2012 17:40:05] /i crystal coin
[22/05/2012 17:40:05] /i crystal coin
[22/05/2012 17:40:05] /i crystal coin
[22/05/2012 17:40:05] /i crystal coin
[22/05/2012 17:40:05] /i crystal coin
[22/05/2012 17:40:05] /i crystal coin
[22/05/2012 17:40:05] /i crystal coin
[22/05/2012 17:40:05] /i crystal coin
[22/05/2012 17:40:05] /i crystal coin
[22/05/2012 17:40:05] /i crystal coin
[22/05/2012 17:40:05] /i crystal coin
[22/05/2012 17:40:05] /i crystal coin
[22/05/2012 17:40:05] /i crystal coin
[22/05/2012 17:40:05] /i crystal coin
[22/05/2012 17:40:05] /i crystal coin
[22/05/2012 17:40:05] /i crystal coin
[22/05/2012 17:40:05] /i crystal coin
[22/05/2012 17:40:05] /i crystal coin
[22/05/2012 17:40:05] /i crystal coin
[22/05/2012 17:40:05] /i crystal coin
[22/05/2012 17:40:05] /i crystal coin
[22/05/2012 17:40:05] /i crystal coin
[22/05/2012 17:40:05] /i crystal coin
[22/05/2012 17:40:06] /i crystal coin
[22/05/2012 17:40:06] /i crystal coin
[22/05/2012 17:40:06] /i crystal coin
[22/05/2012 17:40:06] /i crystal coin
[22/05/2012 17:40:06] /i crystal coin
[22/05/2012 17:40:06] /i crystal coin
[22/05/2012 17:41:28] /r 100
[22/05/2012 17:41:29] /r 100
[22/05/2012 17:41:30] /r 100
[22/05/2012 17:41:30] /r 100
[22/05/2012 17:41:32] /clean
[22/05/2012 17:43:50] /reload spells
[22/05/2012 17:46:36] /reload spells
[22/05/2012 17:53:30] /r
[22/05/2012 17:53:36] /attr group 7
[22/05/2012 18:25:56] /i crystal coin
[22/05/2012 18:25:57] /i crystal coin
[22/05/2012 18:25:57] /i crystal coin
[22/05/2012 18:25:57] /i crystal coin
[22/05/2012 18:25:57] /i crystal coin
[22/05/2012 18:25:57] /i crystal coin
[22/05/2012 18:25:57] /i crystal coin
[22/05/2012 18:25:57] /i crystal coin
[22/05/2012 18:25:57] /i crystal coin
[22/05/2012 18:25:57] /i crystal coin
[22/05/2012 18:25:57] /i crystal coin
[22/05/2012 18:25:57] /i crystal coin
[22/05/2012 18:25:57] /i crystal coin
[22/05/2012 18:25:57] /i crystal coin
[22/05/2012 18:25:57] /i crystal coin
[22/05/2012 18:25:57] /i crystal coin
[22/05/2012 18:25:57] /i crystal coin
[22/05/2012 18:25:57] /i crystal coin
[22/05/2012 18:25:57] /i crystal coin
[22/05/2012 18:25:58] /i crystal coin
[22/05/2012 18:25:58] /i crystal coin
[22/05/2012 18:25:58] /i crystal coin
[22/05/2012 18:25:58] /i crystal coin
[22/05/2012 18:25:58] /i crystal coin
[22/05/2012 18:25:58] /i crystal coin
[22/05/2012 18:25:58] /i crystal coin
[22/05/2012 18:25:58] /i crystal coin
[22/05/2012 18:25:58] /i crystal coin
[22/05/2012 18:25:58] /i crystal coin
[22/05/2012 18:25:58] /i crystal coin
[22/05/2012 18:25:58] /i crystal coin
[22/05/2012 18:25:58] /i crystal coin
[22/05/2012 18:25:58] /i crystal coin
[22/05/2012 18:25:58] /i crystal coin
[22/05/2012 18:25:58] /i crystal coin
[22/05/2012 18:25:58] /i crystal coin
[22/05/2012 18:25:58] /i crystal coin
[22/05/2012 18:25:58] /i crystal coin
[22/05/2012 18:25:58] /i crystal coin
[22/05/2012 18:25:58] /i crystal coin
[22/05/2012 18:25:58] /i crystal coin
[22/05/2012 18:25:58] /i crystal coin
[22/05/2012 18:25:58] /i crystal coin
[22/05/2012 18:25:58] /i crystal coin
[22/05/2012 18:25:59] /i crystal coin
[22/05/2012 18:25:59] /i crystal coin
[22/05/2012 18:25:59] /i crystal coin
[22/05/2012 18:25:59] /i crystal coin
[22/05/2012 18:25:59] /i crystal coin
[22/05/2012 18:25:59] /i crystal coin
[22/05/2012 18:25:59] /i crystal coin
[22/05/2012 18:25:59] /i crystal coin
[22/05/2012 18:25:59] /i crystal coin
[22/05/2012 18:25:59] /i crystal coin
[22/05/2012 18:25:59] /i crystal coin
[22/05/2012 18:25:59] /i crystal coin
[22/05/2012 18:25:59] /i crystal coin
[22/05/2012 18:25:59] /i crystal coin
[22/05/2012 18:25:59] /i crystal coin
[22/05/2012 18:25:59] /i crystal coin
[22/05/2012 18:25:59] /i crystal coin
[22/05/2012 18:25:59] /i crystal coin
[22/05/2012 18:25:59] /i crystal coin
[22/05/2012 18:25:59] /i crystal coin
[22/05/2012 18:25:59] /i crystal coin
[22/05/2012 18:25:59] /i crystal coin
[22/05/2012 18:25:59] /i crystal coin
[22/05/2012 18:25:59] /i crystal coin
[22/05/2012 18:25:59] /i crystal coin
[22/05/2012 18:25:59] /i crystal coin
[22/05/2012 18:25:59] /i crystal coin
[22/05/2012 18:25:59] /i crystal coin
[22/05/2012 18:26:00] /i crystal coin
[22/05/2012 18:26:00] /i crystal coin
[22/05/2012 18:26:00] /i crystal coin
[22/05/2012 18:26:00] /i crystal coin
[22/05/2012 18:26:00] /i crystal coin
[22/05/2012 18:26:00] /i crystal coin
[22/05/2012 18:26:00] /i crystal coin
[22/05/2012 18:26:00] /i crystal coin
[22/05/2012 18:26:00] /i crystal coin
[22/05/2012 18:26:00] /i crystal coin
[22/05/2012 18:26:02] /i backpack
[22/05/2012 18:31:13] /reload npc
[22/05/2012 18:31:31] /n probte npc
[22/05/2012 18:31:42] /i backpack
[22/05/2012 18:31:43] /i backpack
[22/05/2012 18:31:43] /i backpack
[22/05/2012 18:31:43] /i backpack
[22/05/2012 18:31:44] /i backpack
[22/05/2012 18:31:45] /i crystal coin
[22/05/2012 18:31:45] /i crystal coin
[22/05/2012 18:31:45] /i crystal coin
[22/05/2012 18:31:45] /i crystal coin
[22/05/2012 18:31:45] /i crystal coin
[22/05/2012 18:31:46] /i crystal coin
[22/05/2012 18:31:46] /i crystal coin
[22/05/2012 18:31:46] /i crystal coin
[22/05/2012 18:31:46] /i crystal coin
[22/05/2012 18:31:46] /i crystal coin
[22/05/2012 18:31:46] /i crystal coin
[22/05/2012 18:31:46] /i crystal coin
[22/05/2012 18:31:46] /i crystal coin
[22/05/2012 18:31:46] /i crystal coin
[22/05/2012 18:31:46] /i crystal coin
[22/05/2012 18:31:46] /i crystal coin
[22/05/2012 18:31:46] /i crystal coin
[22/05/2012 18:31:46] /i crystal coin
[22/05/2012 18:31:46] /i crystal coin
[22/05/2012 18:31:46] /i crystal coin
[22/05/2012 18:31:46] /i crystal coin
[22/05/2012 18:31:46] /i crystal coin
[22/05/2012 18:31:46] /i crystal coin
[22/05/2012 18:31:46] /i crystal coin
[22/05/2012 18:31:46] /i crystal coin
[22/05/2012 18:31:46] /i crystal coin
[22/05/2012 18:31:46] /i crystal coin
[22/05/2012 18:31:46] /i crystal coin
[22/05/2012 18:31:46] /i crystal coin
[22/05/2012 18:31:46] /i crystal coin
[22/05/2012 18:31:46] /i crystal coin
[22/05/2012 18:31:47] /i crystal coin
[22/05/2012 18:31:47] /i crystal coin
[22/05/2012 18:31:47] /i crystal coin
[22/05/2012 18:31:47] /i crystal coin
[22/05/2012 18:31:47] /i crystal coin
[22/05/2012 18:31:47] /i crystal coin
[22/05/2012 18:31:47] /i crystal coin
[22/05/2012 18:31:47] /i crystal coin
[22/05/2012 18:31:47] /i crystal coin
[22/05/2012 18:31:47] /i crystal coin
[22/05/2012 18:31:47] /i crystal coin
[22/05/2012 18:31:47] /i crystal coin
[22/05/2012 18:31:47] /i crystal coin
[22/05/2012 18:31:47] /i crystal coin
[22/05/2012 18:31:47] /i crystal coin
[22/05/2012 18:31:47] /i crystal coin
[22/05/2012 18:31:47] /i crystal coin
[22/05/2012 18:31:47] /i crystal coin
[22/05/2012 18:31:47] /i crystal coin
[22/05/2012 18:31:47] /i crystal coin
[22/05/2012 18:31:47] /i crystal coin
[22/05/2012 18:31:47] /i crystal coin
[22/05/2012 18:31:47] /i crystal coin
[22/05/2012 18:31:47] /i crystal coin
[22/05/2012 18:31:47] /i crystal coin
[22/05/2012 18:31:47] /i crystal coin
[22/05/2012 18:31:47] /i crystal coin
[22/05/2012 18:31:48] /i crystal coin
[22/05/2012 18:31:48] /i crystal coin
[22/05/2012 18:31:48] /i crystal coin
[22/05/2012 18:31:49] /i crystal coin
[22/05/2012 18:31:49] /i crystal coin
[22/05/2012 18:31:49] /i crystal coin
[22/05/2012 18:31:49] /i crystal coin
[22/05/2012 18:31:49] /i crystal coin
[22/05/2012 18:31:49] /i crystal coin
[22/05/2012 18:31:49] /i crystal coin
[22/05/2012 18:31:49] /i crystal coin
[22/05/2012 18:31:49] /i crystal coin
[22/05/2012 18:31:49] /i crystal coin
[22/05/2012 18:31:49] /i crystal coin
[22/05/2012 18:31:49] /i crystal coin
[22/05/2012 18:31:50] /i crystal coin
[22/05/2012 18:31:50] /i crystal coin
[22/05/2012 18:31:50] /i crystal coin
[22/05/2012 18:31:50] /i crystal coin
[22/05/2012 18:31:50] /i crystal coin
[22/05/2012 18:31:50] /i crystal coin
[22/05/2012 18:31:50] /i crystal coin
[22/05/2012 18:31:50] /i crystal coin
[22/05/2012 18:31:50] /i crystal coin
[22/05/2012 18:31:50] /i crystal coin
[22/05/2012 18:31:50] /i crystal coin
[22/05/2012 18:31:50] /i crystal coin
[22/05/2012 18:31:50] /i crystal coin
[22/05/2012 18:31:50] /i crystal coin
[22/05/2012 18:31:50] /i crystal coin
[22/05/2012 18:31:50] /i crystal coin
[22/05/2012 18:31:50] /i crystal coin
[22/05/2012 18:31:50] /i crystal coin
[22/05/2012 18:31:50] /i crystal coin
[22/05/2012 18:31:50] /i crystal coin
[22/05/2012 18:31:50] /i crystal coin
[22/05/2012 18:31:50] /i crystal coin
[22/05/2012 18:31:50] /i crystal coin
[22/05/2012 18:31:50] /i crystal coin
[22/05/2012 18:31:50] /i crystal coin
[22/05/2012 18:31:50] /i crystal coin
[22/05/2012 18:31:50] /i crystal coin
[22/05/2012 18:31:51] /i crystal coin
[22/05/2012 18:31:51] /i crystal coin
[22/05/2012 18:31:51] /i crystal coin
[22/05/2012 18:31:51] /i crystal coin
[22/05/2012 18:31:51] /i crystal coin
[22/05/2012 18:31:51] /i crystal coin
[22/05/2012 18:31:51] /i crystal coin
[22/05/2012 18:31:51] /i crystal coin
[22/05/2012 18:31:51] /i crystal coin
[22/05/2012 18:31:51] /i crystal coin
[22/05/2012 18:31:51] /i crystal coin
[22/05/2012 18:31:51] /i crystal coin
[22/05/2012 18:31:51] /i crystal coin
[22/05/2012 18:31:51] /i crystal coin
[22/05/2012 18:31:51] /i crystal coin
[22/05/2012 18:31:51] /i crystal coin
[22/05/2012 18:31:51] /i crystal coin
[22/05/2012 18:31:51] /i crystal coin
[22/05/2012 18:31:51] /i crystal coin
[22/05/2012 18:31:51] /i crystal coin
[22/05/2012 18:31:51] /i crystal coin
[22/05/2012 18:31:51] /i crystal coin
[22/05/2012 18:31:51] /i crystal coin
[22/05/2012 18:31:51] /i crystal coin
[22/05/2012 18:31:51] /i crystal coin
[06/06/2012 22:47:33] /t
[06/06/2012 22:47:46] /t
[06/06/2012 22:47:56] /attr pos 2000 2000 7
[09/06/2012 14:39:18] /attr pos 1000 1000 7
[09/06/2012 14:39:39] /t
[09/06/2012 20:17:17] /t
[09/06/2012 20:17:18] /t
[09/06/2012 20:17:29] /r
[09/06/2012 20:17:29] /r
[09/06/2012 20:17:30] /r
[09/06/2012 20:17:32] /r 000
[09/06/2012 20:17:35] /r 000088\
[09/06/2012 20:17:38] /r 000088
[09/06/2012 20:17:50] /r 000077
[09/06/2012 20:17:52] /r
[09/06/2012 20:17:54] /r
[09/06/2012 20:17:55] /r
[09/06/2012 20:17:56] /r
[10/06/2012 15:03:29] /i exp scroll
[10/06/2012 15:07:38] /i scroll
[10/06/2012 15:07:44] /r
[10/06/2012 15:07:47] /i parachment
[10/06/2012 15:07:53] /i parach~
[10/06/2012 15:07:55] /i para~
[10/06/2012 15:07:59] /i gold ~
[10/06/2012 15:08:04] /i gold coin~
[10/06/2012 15:08:05] /i gold coin
[10/06/2012 15:08:10] /r 1--
[10/06/2012 15:08:12] /r 100
[10/06/2012 15:12:13] /i 6119
[10/06/2012 15:31:59] /reload actions
[10/06/2012 15:32:32] /i scroll
[10/06/2012 15:34:29] /reload actions
[10/06/2012 15:36:04] /i scroll
[10/06/2012 15:37:12] /reload actions
[10/06/2012 15:37:15] /reload actions
[10/06/2012 15:37:34] /reload actions/tools/beginexp.lua
[10/06/2012 15:38:01] /reload actions/tools/beginexp.lua
[10/06/2012 15:56:22] /i 6119
[10/06/2012 15:57:20] /m bitchy hydra
[10/06/2012 15:57:24] /r
[10/06/2012 15:57:29] /m troll champion
[10/06/2012 16:01:50] /m torll champion
[10/06/2012 16:01:51] /m torll champion
[10/06/2012 16:01:56] /m troll champion
[10/06/2012 16:05:55] /i sword
[10/06/2012 16:06:08] /attr set attack 999999999
[10/06/2012 16:06:54] /t
[10/06/2012 16:06:57] /i 6119
[10/06/2012 16:07:00] /i 6119
[10/06/2012 16:07:01] /i 6119
[10/06/2012 16:07:01] /i 6119
[10/06/2012 16:07:02] /i 6119
[10/06/2012 16:07:02] /i 6119
[10/06/2012 16:07:03] /i 6119
[10/06/2012 16:07:03] /i 6119
[10/06/2012 16:07:03] /i 6119
[10/06/2012 16:07:04] /i 6119
[10/06/2012 16:07:04] /i 6119
[10/06/2012 16:07:04] /i 6119
[10/06/2012 16:07:05] /i 6119
[10/06/2012 16:07:05] /i 6119
[10/06/2012 16:07:05] /i 6119
[10/06/2012 16:07:06] /i 6119
[10/06/2012 16:07:06] /i 6119
[10/06/2012 16:07:06] /i 6119
[10/06/2012 16:07:07] /i 6119
[10/06/2012 16:07:07] /i 6119
[10/06/2012 16:07:08] /i 6119
[10/06/2012 16:07:08] /i 6119
[10/06/2012 16:09:00] /i 6119
[10/06/2012 16:09:00] /i 6119
[10/06/2012 16:09:00] /i 6119
[10/06/2012 16:09:00] /i 6119
[10/06/2012 16:09:00] /i 6119
[10/06/2012 16:09:00] /i 6119
[10/06/2012 16:09:01] /i 6119
[10/06/2012 16:09:01] /i 6119
[10/06/2012 16:09:01] /i 6119
[10/06/2012 16:09:01] /i 6119
[10/06/2012 16:09:01] /i 6119
[10/06/2012 16:09:01] /i 6119
[10/06/2012 16:09:01] /i 6119
[10/06/2012 16:09:01] /i 6119
[10/06/2012 16:09:01] /i 6119
[10/06/2012 16:09:01] /i 6119
[10/06/2012 16:09:01] /i 6119
[10/06/2012 16:09:01] /i 6119
[10/06/2012 16:09:01] /i 6119
[10/06/2012 16:09:01] /i 6119
[10/06/2012 16:09:01] /i 6119
[10/06/2012 16:09:01] /i 6119
[10/06/2012 16:09:02] /i 6119
[10/06/2012 16:09:02] /i 6119
[10/06/2012 16:09:02] /i 6119
[10/06/2012 16:09:02] /i 6119
[10/06/2012 16:09:02] /i 6119
[10/06/2012 16:09:02] /i 6119
[10/06/2012 16:09:02] /i 6119
[10/06/2012 16:09:02] /i 6119
[10/06/2012 16:09:02] /i 6119
[10/06/2012 16:09:02] /i 6119
[10/06/2012 16:09:02] /i 6119
[10/06/2012 16:09:02] /i 6119
[10/06/2012 16:09:02] /i 6119
[10/06/2012 16:09:02] /i 6119
[10/06/2012 16:09:02] /i 6119
[10/06/2012 16:09:02] /i 6119
[10/06/2012 16:09:02] /i 6119
[10/06/2012 16:09:02] /i 6119
[10/06/2012 16:09:03] /i 6119
[10/06/2012 16:09:03] /i 6119
[10/06/2012 16:09:03] /i 6119
[10/06/2012 16:09:03] /i 6119
[10/06/2012 16:09:03] /i 6119
[10/06/2012 16:09:03] /i 6119
[10/06/2012 16:09:03] /i 6119
[10/06/2012 16:09:03] /i 6119
[10/06/2012 16:09:03] /i 6119
[10/06/2012 16:09:03] /i 6119
[10/06/2012 16:09:03] /i 6119
[10/06/2012 16:09:03] /i 6119
[10/06/2012 16:09:03] /i 6119
[10/06/2012 16:09:03] /i 6119
[10/06/2012 16:09:03] /i 6119
[10/06/2012 16:09:04] /i 6119
[10/06/2012 16:09:04] /i 6119
[10/06/2012 16:09:04] /i 6119
[10/06/2012 16:09:04] /i 6119
[10/06/2012 16:09:04] /i 6119
[10/06/2012 16:09:04] /i 6119
[10/06/2012 16:09:04] /i 6119
[10/06/2012 16:09:04] /i 6119
[10/06/2012 16:09:04] /i 6119
[10/06/2012 16:09:04] /i 6119
[10/06/2012 16:09:04] /i 6119
[10/06/2012 16:09:04] /i 6119
[10/06/2012 16:09:04] /i 6119
[10/06/2012 16:09:04] /i 6119
[10/06/2012 16:09:05] /i 6119
[10/06/2012 16:09:05] /i 6119
[10/06/2012 16:09:05] /i 6119
[10/06/2012 16:09:05] /i 6119
[10/06/2012 16:09:05] /i 6119
[10/06/2012 16:09:05] /i 6119
[10/06/2012 16:09:05] /i 6119
[10/06/2012 16:09:05] /i 6119
[10/06/2012 16:09:05] /i 6119
[10/06/2012 16:09:05] /i 6119
[10/06/2012 16:09:05] /i 6119
[10/06/2012 16:09:05] /i 6119
[10/06/2012 16:09:05] /i 6119
[10/06/2012 16:09:05] /i 6119
[10/06/2012 16:09:05] /i 6119
[10/06/2012 16:09:37] /i 6119
[10/06/2012 16:09:38] /i 6119
[10/06/2012 16:09:38] /i 6119
[10/06/2012 16:09:38] /i 6119
[10/06/2012 16:09:38] /i 6119
[10/06/2012 16:09:38] /i 6119
[10/06/2012 16:09:38] /i 6119
[10/06/2012 16:09:38] /i 6119
[10/06/2012 16:09:38] /i 6119
[10/06/2012 16:09:42] /r 100
[10/06/2012 16:09:42] /r 100
[10/06/2012 16:09:43] /r 100
[10/06/2012 16:09:43] /r 100
[10/06/2012 16:09:44] /r 100
[10/06/2012 16:09:44] /r 100
[10/06/2012 16:09:44] /r 100
[10/06/2012 16:09:45] /r 100
[10/06/2012 16:09:45] /r 100
[10/06/2012 16:09:45] /r 100
[10/06/2012 16:09:46] /r 100
[10/06/2012 16:09:46] /r 100
[10/06/2012 16:10:00] /r
[10/06/2012 16:10:01] /r
[10/06/2012 16:10:01] /r
[10/06/2012 16:10:01] /r
[10/06/2012 16:10:01] /r
[10/06/2012 16:10:01] /r
[10/06/2012 16:10:01] /r
[10/06/2012 16:10:01] /r
[10/06/2012 16:10:01] /r
[10/06/2012 16:10:01] /r
[10/06/2012 16:10:01] /r
[10/06/2012 16:10:01] /r
[10/06/2012 16:10:02] /r
[10/06/2012 16:10:02] /r
[10/06/2012 16:10:02] /r
[10/06/2012 16:10:02] /r
[10/06/2012 16:10:02] /r
[10/06/2012 16:10:02] /r
[10/06/2012 16:10:02] /r
[10/06/2012 16:10:02] /r
[10/06/2012 16:10:02] /r
[10/06/2012 16:10:02] /r
[10/06/2012 16:10:02] /r
[10/06/2012 16:10:02] /r
[10/06/2012 16:10:03] /r
[10/06/2012 16:10:03] /r
[10/06/2012 16:10:03] /r
[10/06/2012 16:10:03] /r
[10/06/2012 16:10:03] /r
[10/06/2012 16:10:03] /r
[10/06/2012 16:10:03] /r
[10/06/2012 16:10:03] /r
[10/06/2012 16:10:03] /r
[10/06/2012 16:10:03] /r
[10/06/2012 16:10:03] /r
[10/06/2012 16:10:03] /r
[10/06/2012 16:10:03] /r
[10/06/2012 16:10:03] /r
[10/06/2012 16:10:03] /r
[10/06/2012 16:10:03] /r
[10/06/2012 16:10:03] /r
[10/06/2012 16:10:04] /r
[10/06/2012 16:10:04] /r
[10/06/2012 16:10:04] /r
[10/06/2012 16:10:04] /r
[10/06/2012 16:10:04] /r
[10/06/2012 16:10:04] /r
[10/06/2012 16:10:04] /r
[10/06/2012 16:10:04] /r
[10/06/2012 16:10:04] /r
[10/06/2012 16:10:04] /r
[10/06/2012 16:10:04] /r
[10/06/2012 16:10:04] /r
[10/06/2012 16:10:04] /r
[10/06/2012 16:10:04] /r
[10/06/2012 16:10:04] /r
[10/06/2012 16:10:05] /r
[10/06/2012 16:10:05] /r
[10/06/2012 16:10:05] /r
[10/06/2012 16:10:05] /r
[10/06/2012 16:10:05] /r
[10/06/2012 16:10:05] /r
[10/06/2012 16:10:05] /r
[10/06/2012 16:10:05] /r
[10/06/2012 16:10:05] /r
[10/06/2012 16:10:05] /r
[10/06/2012 16:10:05] /r
[10/06/2012 16:10:05] /r
[10/06/2012 16:10:05] /r
[10/06/2012 16:10:05] /r
[10/06/2012 16:10:05] /r
[10/06/2012 16:10:05] /r
[10/06/2012 16:10:05] /r
[10/06/2012 16:10:06] /r
[10/06/2012 16:10:06] /r
[10/06/2012 16:10:06] /r
[10/06/2012 16:10:06] /r
[10/06/2012 16:10:06] /r
[10/06/2012 16:10:06] /r
[10/06/2012 16:10:06] /r
[10/06/2012 16:10:06] /r
[10/06/2012 16:10:06] /r
[10/06/2012 16:10:06] /r
[10/06/2012 16:10:06] /r
[10/06/2012 16:10:06] /r
[10/06/2012 16:10:06] /r
[10/06/2012 16:10:07] /r
[10/06/2012 16:10:07] /r
[10/06/2012 16:10:07] /r
[10/06/2012 16:10:07] /r
[10/06/2012 16:10:07] /r
[10/06/2012 16:10:07] /r
[10/06/2012 16:10:07] /r
[10/06/2012 16:10:07] /r
[10/06/2012 16:10:07] /r
[10/06/2012 16:10:07] /r
[10/06/2012 16:10:07] /r
[10/06/2012 16:10:07] /r
[10/06/2012 16:10:07] /r
[10/06/2012 16:10:07] /r
[10/06/2012 16:10:07] /r
[10/06/2012 16:10:07] /r
[10/06/2012 16:10:07] /r
[10/06/2012 16:10:07] /r
[10/06/2012 16:10:07] /r
[10/06/2012 16:10:09] /r
[10/06/2012 16:10:09] /r
[10/06/2012 16:10:10] /r
[10/06/2012 16:10:11] /r
[10/06/2012 16:10:11] /r
[10/06/2012 16:10:12] /r
[10/06/2012 16:10:59] /i 6119
[10/06/2012 16:10:59] /i 6119
[10/06/2012 16:10:59] /i 6119
[10/06/2012 16:10:59] /i 6119
[10/06/2012 16:10:59] /i 6119
[10/06/2012 16:10:59] /i 6119
[10/06/2012 16:10:59] /i 6119
[10/06/2012 16:11:00] /i 6119
[10/06/2012 16:11:00] /i 6119
[10/06/2012 16:11:00] /i 6119
[10/06/2012 16:11:02] /r
[10/06/2012 16:11:02] /r
[10/06/2012 16:11:02] /r
[10/06/2012 16:11:02] /r
[10/06/2012 16:11:02] /r
[10/06/2012 16:11:03] /r
[10/06/2012 16:11:03] /r
[10/06/2012 16:11:03] /r
[10/06/2012 16:11:03] /r
[10/06/2012 16:11:03] /r
[10/06/2012 16:11:03] /r
[10/06/2012 16:11:03] /r
[10/06/2012 16:11:03] /r
[10/06/2012 16:11:03] /r
[10/06/2012 16:11:03] /r
[10/06/2012 16:11:03] /r
[10/06/2012 16:11:03] /r
[10/06/2012 16:11:03] /r
[10/06/2012 16:11:03] /r
[10/06/2012 16:11:05] /i 6119
[10/06/2012 16:12:19] /i 6119
[10/06/2012 16:12:19] /i 6119
[10/06/2012 16:12:19] /i 6119
[10/06/2012 16:12:19] /i 6119
[10/06/2012 16:12:24] /i 6119
[10/06/2012 16:12:24] /i 6119
[10/06/2012 16:12:24] /i 6119
[10/06/2012 16:12:24] /i 6119
[10/06/2012 16:12:24] /i 6119
[10/06/2012 16:12:24] /i 6119
[10/06/2012 16:12:25] /i 6119
[10/06/2012 16:12:25] /i 6119
[10/06/2012 16:12:25] /i 6119
[10/06/2012 16:12:25] /i 6119
[10/06/2012 16:12:26] /i 6119
[10/06/2012 16:12:26] /i 6119
[10/06/2012 16:12:26] /i 6119
[10/06/2012 16:12:27] /i 6119
[10/06/2012 16:12:32] /i 6119
[10/06/2012 16:12:33] /i 6119
[10/06/2012 16:12:33] /i 6119
[10/06/2012 16:12:33] /i 6119
[10/06/2012 16:12:33] /i 6119
[10/06/2012 16:12:34] /i 6119
[10/06/2012 16:12:34] /i 6119
[10/06/2012 16:12:34] /i 6119
[10/06/2012 16:12:34] /i 6119
[10/06/2012 16:12:35] /i 6119
[10/06/2012 16:12:35] /i 6119
[10/06/2012 16:12:35] /i 6119
[10/06/2012 16:12:35] /i 6119
[10/06/2012 16:12:35] /i 6119
[10/06/2012 16:12:36] /i 6119
[10/06/2012 16:12:36] /i 6119
[10/06/2012 16:12:36] /i 6119
[10/06/2012 16:12:36] /i 6119
[10/06/2012 16:12:37] /i 6119
[10/06/2012 16:12:37] /i 6119
[10/06/2012 16:12:37] /i 6119
[10/06/2012 16:12:37] /i 6119
[10/06/2012 16:12:37] /i 6119
[10/06/2012 16:12:37] /i 6119
[10/06/2012 16:12:38] /i 6119
[10/06/2012 16:12:38] /i 6119
[10/06/2012 16:12:38] /i 6119
[10/06/2012 16:12:38] /i 6119
[10/06/2012 16:12:39] /i 6119
[10/06/2012 16:12:39] /i 6119
[10/06/2012 16:12:39] /i 6119
[10/06/2012 16:12:39] /i 6119
[10/06/2012 16:12:39] /i 6119
[10/06/2012 16:12:39] /i 6119
[10/06/2012 16:12:40] /i 6119
[10/06/2012 16:12:40] /i 6119
[10/06/2012 16:12:40] /i 6119
[10/06/2012 16:12:40] /i 6119
[10/06/2012 16:12:40] /i 6119
[10/06/2012 16:12:41] /i 6119
[10/06/2012 16:12:41] /i 6119
[10/06/2012 16:12:41] /i 6119
[10/06/2012 16:12:41] /i 6119
[10/06/2012 16:12:41] /i 6119
[10/06/2012 16:12:41] /i 6119
[10/06/2012 16:12:42] /i 6119
[10/06/2012 16:12:42] /i 6119
[10/06/2012 16:12:42] /i 6119
[10/06/2012 16:12:42] /i 6119
[10/06/2012 16:12:42] /i 6119
[10/06/2012 16:12:42] /i 6119
[10/06/2012 16:12:43] /i 6119
[10/06/2012 16:12:43] /i 6119
[10/06/2012 16:12:43] /i 6119
[10/06/2012 16:12:43] /i 6119
[10/06/2012 16:12:43] /i 6119
[10/06/2012 16:12:43] /i 6119
[10/06/2012 16:12:44] /i 6119
[10/06/2012 16:12:44] /i 6119
[10/06/2012 16:12:44] /i 6119
[10/06/2012 16:17:54] /m bitchy hydra
[10/06/2012 16:20:38] /t
[10/06/2012 16:20:43] /i 2296
[10/06/2012 16:21:27] /i 2272
[10/06/2012 16:22:47] /reload spells
[10/06/2012 16:24:40] /reload spells
[10/06/2012 16:25:05] /m bitchy hydra
[12/06/2012 01:50:33] /i death exp ring
[12/06/2012 01:51:04] /r
[12/06/2012 01:54:02] /i death exp ring
[12/06/2012 01:56:16] /i backpack
[12/06/2012 01:57:52] /i backpack
[12/06/2012 01:57:55] /i 6119
[12/06/2012 01:57:55] /i 6119
[12/06/2012 01:57:56] /i 6119
[12/06/2012 01:57:56] /i 6119
[12/06/2012 01:57:56] /i 6119
[12/06/2012 01:57:56] /i 6119
[12/06/2012 01:57:56] /i 6119
[12/06/2012 01:57:56] /i 6119
[12/06/2012 01:57:56] /i 6119
[12/06/2012 01:57:56] /i 6119
[12/06/2012 01:57:56] /i 6119
[12/06/2012 01:57:56] /i 6119
[12/06/2012 01:57:56] /i 6119
[12/06/2012 01:57:56] /i 6119
[12/06/2012 01:57:56] /i 6119
[12/06/2012 01:57:56] /i 6119
[12/06/2012 01:57:57] /i 6119
[12/06/2012 01:57:57] /i 6119
[12/06/2012 01:57:57] /i 6119
[12/06/2012 01:57:57] /i 6119
[12/06/2012 01:57:57] /i 6119
[12/06/2012 01:57:57] /i 6119
[12/06/2012 01:57:57] /i 6119
[12/06/2012 01:57:57] /i 6119
[12/06/2012 01:57:57] /i 6119
[12/06/2012 01:57:57] /i 6119
[12/06/2012 01:57:57] /i 6119
[12/06/2012 01:57:57] /i 6119
[12/06/2012 01:57:57] /i 6119
[12/06/2012 01:57:57] /i 6119
[12/06/2012 01:57:57] /i 6119
[12/06/2012 01:57:57] /i 6119
[12/06/2012 01:57:57] /i 6119
[12/06/2012 01:57:57] /i 6119
[12/06/2012 01:57:57] /i 6119
[12/06/2012 01:57:57] /i 6119
[12/06/2012 01:57:57] /i 6119
[12/06/2012 01:57:58] /i 6119
[12/06/2012 01:57:58] /i 6119
[12/06/2012 01:57:58] /i 6119
[12/06/2012 01:57:58] /i 6119
[12/06/2012 01:57:58] /i 6119
[12/06/2012 01:57:58] /i 6119
[12/06/2012 01:57:58] /i 6119
[12/06/2012 01:57:58] /i 6119
[12/06/2012 01:57:58] /i 6119
[12/06/2012 01:57:58] /i 6119
[12/06/2012 01:57:58] /i 6119
[12/06/2012 01:57:58] /i 6119
[12/06/2012 01:57:58] /i 6119
[12/06/2012 01:58:00] /r
[12/06/2012 01:58:01] /r
[12/06/2012 01:58:01] /r
[12/06/2012 01:58:02] /r
[12/06/2012 01:58:02] /r
[12/06/2012 01:58:03] /r
[12/06/2012 01:58:03] /r
[12/06/2012 01:58:03] /r
[12/06/2012 01:58:04] /r
[12/06/2012 01:58:04] /r
[12/06/2012 01:58:05] /r
[12/06/2012 02:00:21] /i fraving mets armor
[12/06/2012 02:00:23] /i fravingmets armor
[12/06/2012 02:00:26] /i fravingmets legs
[12/06/2012 02:00:29] /i fravingmets boots
[12/06/2012 02:00:32] /i fravingmets shield
[12/06/2012 02:00:38] /i fravingmets helmet
[12/06/2012 02:00:52] /i fravingmets blade
[12/06/2012 02:01:20] /i aol
[12/06/2012 02:01:25] /i amulet fo loss
[12/06/2012 02:01:31] /i amulet of loss
[12/06/2012 02:03:32] /i 2196
[12/06/2012 13:57:08] /t
[12/06/2012 13:57:14] /t
[12/06/2012 13:57:45] /i donation uh
[12/06/2012 13:57:50] /i 2272
[12/06/2012 13:57:53] /i 2282
[12/06/2012 13:58:03] /r 100
[12/06/2012 13:58:04] /r 100
[12/06/2012 14:00:59] /i /i 2296
[12/06/2012 14:01:04] /i 2296
[12/06/2012 14:01:30] /i 2299
[12/06/2012 14:01:40] /i 11200
[12/06/2012 14:01:55] /i backpack
[12/06/2012 14:02:12] /r
[12/06/2012 14:02:15] /r 100
[12/06/2012 14:02:19] /r 99
[12/06/2012 14:02:25] /r 100
[12/06/2012 14:04:31] /t
[12/06/2012 14:04:51] /i black skull
[12/06/2012 14:05:40] /i 6119
[12/06/2012 14:06:09] /t
[12/06/2012 14:43:16] /i 2131
[12/06/2012 14:57:19] /i backpack
[12/06/2012 14:57:22] /i 11200
[12/06/2012 14:57:26] /i 2296
[12/06/2012 14:57:46] /i 2198
[13/06/2012 20:21:04] /i 11201
[13/06/2012 20:21:18] /m bitchy hydra
[13/06/2012 20:24:33] /reload spells
[13/06/2012 20:26:21] /i forever aol
[13/06/2012 20:26:25] /i skull amulet
[13/06/2012 20:26:33] /i forever amulet
[13/06/2012 20:26:52] /i fravingmets armor
[13/06/2012 20:27:03] /r
[13/06/2012 20:27:04] /r
[13/06/2012 20:27:09] /i fravingmets legs
[13/06/2012 20:27:16] /i bronze legs
[13/06/2012 20:27:22] /i legs
[13/06/2012 20:27:29] /r
[13/06/2012 20:27:30] /r
[13/06/2012 20:27:37] /i bitchy hydra
[13/06/2012 20:27:41] /m bitchy hydra
[13/06/2012 20:27:46] /m troll champion
[13/06/2012 20:27:54] /r
[13/06/2012 20:27:55] /r
[13/06/2012 20:28:13] /i 2296
[13/06/2012 20:28:24] /r
[13/06/2012 20:28:26] /r 100
[13/06/2012 20:28:27] /r 100
[13/06/2012 20:28:30] /r
[13/06/2012 20:28:31] /r
[13/06/2012 20:28:58] /i teleporter
[13/06/2012 20:29:04] /attr pos 1000 1000 7
[13/06/2012 20:29:24] /i 11200
[13/06/2012 20:31:12] /m troll champion
[13/06/2012 20:32:13] /m troll champion
[13/06/2012 20:32:13] /m troll champion
[13/06/2012 20:32:14] /m troll champion
[13/06/2012 20:32:15] /m troll champion
[13/06/2012 20:32:16] /m troll champion
[13/06/2012 20:32:17] /m troll champion
[13/06/2012 20:32:17] /m troll champion
[13/06/2012 20:32:18] /m troll champion
[13/06/2012 20:32:19] /m troll champion
[13/06/2012 20:32:20] /m troll champion
[13/06/2012 20:32:20] /m troll champion
[13/06/2012 20:32:22] /m troll champion
[13/06/2012 20:35:46] /clean
[13/06/2012 20:35:52] /reload XML
[13/06/2012 20:35:54] /reload xml
[13/06/2012 20:36:02] /reload vocations
[13/06/2012 20:36:13] /m troll champion
[13/06/2012 20:40:38] /reload spells
[13/06/2012 20:46:07] /reload spells
[13/06/2012 20:47:08] /info
[13/06/2012 20:47:16] /info bodycarcoo knight
[13/06/2012 20:47:30] /info {owner} Carcoo
[13/06/2012 20:49:44] /reload spells
[13/06/2012 20:52:37] /reload spawns
[13/06/2012 20:52:46] /t
[13/06/2012 20:52:58] /reload blady-spawns.xml
[13/06/2012 21:01:02] /i fravingmets shield
[13/06/2012 21:04:07] /i 1387
[13/06/2012 21:04:14] /attr pos 1000 1000 7
[13/06/2012 21:04:28] /attr pos 2000 2000 7
[13/06/2012 21:07:05] /m troll champion
[13/06/2012 21:07:06] /m troll champion
[13/06/2012 21:07:07] /m troll champion
[13/06/2012 21:07:08] /m troll champion
[13/06/2012 21:07:09] /m troll champion
[13/06/2012 21:07:09] /m troll champion
[13/06/2012 21:07:10] /m troll champion
[13/06/2012 21:07:10] /m troll champion
[13/06/2012 21:07:11] /m troll champion
[13/06/2012 21:07:12] /m troll champion
[13/06/2012 21:07:12] /m troll champion
[13/06/2012 21:07:13] /m troll champion
[13/06/2012 21:07:16] /m troll champion
[13/06/2012 21:07:16] /m troll champion
[13/06/2012 21:07:17] /m troll champion
[13/06/2012 21:13:44] /m troll champion
[13/06/2012 21:13:45] /m troll champion
[13/06/2012 21:13:46] /m troll champion
[13/06/2012 21:13:47] /m troll champion
[13/06/2012 21:13:48] /m troll champion
[13/06/2012 21:13:49] /m troll champion
[13/06/2012 21:13:49] /m troll champion
[13/06/2012 21:13:50] /m troll champion
[13/06/2012 21:13:51] /m troll champion
[13/06/2012 21:13:52] /m troll champion
[13/06/2012 21:13:53] /m troll champion
[13/06/2012 21:13:54] /m troll champion
[13/06/2012 21:13:54] /m troll champion
[13/06/2012 21:13:56] /m troll champion
[13/06/2012 21:13:56] /m troll champion
[13/06/2012 21:13:57] /m troll champion
[13/06/2012 21:13:58] /m troll champion
[13/06/2012 21:13:59] /m troll champion
[13/06/2012 21:14:00] /m troll champion
[13/06/2012 21:14:01] /m troll champion
[13/06/2012 21:17:19] /m troll champion
[13/06/2012 21:17:19] /m troll champion
[13/06/2012 21:17:30] /m troll champion
[13/06/2012 21:17:31] /m troll champion
[13/06/2012 21:17:31] /m troll champion
[13/06/2012 21:17:31] /m troll champion
[13/06/2012 21:17:31] /m troll champion
[13/06/2012 21:17:31] /m troll champion
[13/06/2012 21:17:31] /m troll champion
[13/06/2012 21:17:31] /m troll champion
[13/06/2012 21:17:31] /m troll champion
[13/06/2012 21:17:31] /m troll champion
[13/06/2012 21:17:31] /m troll champion
[13/06/2012 21:17:31] /m troll champion
[13/06/2012 21:17:31] /m troll champion
[13/06/2012 21:17:31] /m troll champion
[13/06/2012 21:17:31] /m troll champion
[13/06/2012 21:17:31] /m troll champion
[13/06/2012 21:17:31] /m troll champion
[13/06/2012 21:17:31] /m troll champion
[13/06/2012 21:17:32] /m troll champion
[13/06/2012 21:17:32] /m troll champion
[13/06/2012 21:17:32] /m troll champion
[13/06/2012 21:17:32] /m troll champion
[13/06/2012 21:17:32] /m troll champion
[13/06/2012 21:17:32] /m troll champion
[13/06/2012 21:19:02] /m troll champion
[13/06/2012 21:19:03] /m troll champion
[13/06/2012 21:19:03] /m troll champion
[13/06/2012 21:19:03] /m troll champion
[13/06/2012 21:19:03] /m troll champion
[13/06/2012 21:19:03] /m troll champion
[13/06/2012 21:19:03] /m troll champion
[13/06/2012 21:19:03] /m troll champion
[13/06/2012 21:19:03] /m troll champion
[13/06/2012 21:19:03] /m troll champion
[13/06/2012 21:19:03] /m troll champion
[13/06/2012 21:19:03] /m troll champion
[13/06/2012 21:19:03] /m troll champion
[13/06/2012 21:19:03] /m troll champion
[13/06/2012 21:19:03] /m troll champion
[13/06/2012 21:19:06] /m troll champion
[13/06/2012 21:19:07] /m troll champion
[13/06/2012 21:19:07] /m troll champion
[13/06/2012 21:19:07] /m troll champion
[13/06/2012 21:19:07] /m troll champion
[13/06/2012 21:19:07] /m troll champion
[13/06/2012 21:19:07] /m troll champion
[13/06/2012 21:19:07] /m troll champion
[13/06/2012 21:19:07] /m troll champion
[13/06/2012 21:19:07] /m troll champion
[13/06/2012 21:19:07] /m troll champion
[13/06/2012 21:19:07] /m troll champion
[13/06/2012 21:19:07] /m troll champion
[13/06/2012 21:19:07] /m troll champion
[13/06/2012 21:19:07] /m troll champion
[13/06/2012 21:19:07] /m troll champion
[14/06/2012 15:36:10] /town 2
[14/06/2012 15:36:11] /town 3
[14/06/2012 15:46:07] /t
[14/06/2012 15:51:30] /reload gloal events
[14/06/2012 15:51:36] /reload globalevents
[14/06/2012 16:15:43] /reload globalevents
[14/06/2012 16:18:08] /reload globalevents
[14/06/2012 17:20:41] /reload global events
[14/06/2012 17:20:47] /t
[14/06/2012 17:20:48] /t
[14/06/2012 17:20:50] /t
[14/06/2012 17:22:27] /a
[14/06/2012 17:22:31] /ghost
[14/06/2012 17:22:32] /a
[14/06/2012 17:22:33] /a
[14/06/2012 17:22:34] /a
[14/06/2012 17:22:34] /a
[14/06/2012 17:22:35] /a
[14/06/2012 17:22:42] /i fravingmets armor
[14/06/2012 17:22:45] /i fravingmets legs
[14/06/2012 17:22:47] /t
[14/06/2012 17:23:02] /i void
[14/06/2012 17:23:04] /i void
[14/06/2012 17:23:05] /i void
[14/06/2012 17:23:05] /i void
[14/06/2012 17:23:09] /a
[14/06/2012 17:23:17] /i fravingmets helmet
[14/06/2012 17:23:25] /a
[14/06/2012 17:23:26] /i fravingmets helmet
[14/06/2012 17:23:32] /i fravingmets boots
[14/06/2012 17:23:35] /r
[14/06/2012 17:23:37] /a
[14/06/2012 17:23:38] /i fravingmets boots
[14/06/2012 17:23:49] /i fravingmets shield
[14/06/2012 17:24:09] /i fravingmets blade
[14/06/2012 17:24:13] /i fravingmets wand
[14/06/2012 17:24:31] /i fravingmets twice/i super rod
[14/06/2012 17:24:36] /i super rod
[14/06/2012 17:24:43] /i super wand
[14/06/2012 17:24:49] /i 2185
[14/06/2012 17:24:52] /r
[14/06/2012 17:24:54] /r
[14/06/2012 17:24:59] /i super wand
[14/06/2012 17:25:14] /i fravingmets twiceslice
[14/06/2012 17:25:23] /i fravingmets twicekick
[14/06/2012 17:25:46] /a
[14/06/2012 17:25:48] /i void
[14/06/2012 17:25:51] /i void
[14/06/2012 17:25:52] /i void
[14/06/2012 17:26:10] /i fravingmets twice~
[14/06/2012 17:28:12] /i 12574
[14/06/2012 17:28:58] /r
[14/06/2012 17:29:04] /i void
[14/06/2012 17:29:13] /i 8047
[14/06/2012 17:29:14] /a
[14/06/2012 17:29:15] /i 8047
[14/06/2012 17:29:16] /a
[14/06/2012 17:29:17] /i 8047
[14/06/2012 17:29:18] /a
[14/06/2012 17:29:21] /a
[14/06/2012 17:29:22] /i 8047
[14/06/2012 17:29:24] /a
[14/06/2012 17:29:25] /a
[14/06/2012 17:29:26] /i 8047
[14/06/2012 17:29:27] /a
[14/06/2012 17:29:28] /i 8047
[14/06/2012 17:29:30] /a
[14/06/2012 17:29:31] /i 8047
[14/06/2012 17:29:34] /clean
[14/06/2012 17:29:36] /r
[14/06/2012 17:29:37] /a
[14/06/2012 17:29:38] /a
[14/06/2012 17:29:39] /a
[14/06/2012 17:29:42] /r
[14/06/2012 17:29:44] /a
[14/06/2012 17:29:45] /r
[14/06/2012 17:29:47] /r
[14/06/2012 17:29:48] /a
[14/06/2012 17:29:49] /r
[14/06/2012 17:29:53] /i walkable sea
[14/06/2012 17:29:59] /i walkable void
[14/06/2012 17:30:01] /r
[14/06/2012 17:30:05] /i 9883
[14/06/2012 17:30:07] /a
[14/06/2012 17:30:11] /a
[14/06/2012 17:30:12] /i 9883
[14/06/2012 17:30:18] /r
[14/06/2012 17:30:20] /a
[14/06/2012 17:30:32] /i 9883
[14/06/2012 17:30:33] /a
[14/06/2012 17:30:34] /i 9883
[14/06/2012 17:30:35] /a
[14/06/2012 17:30:36] /i 9883
[15/06/2012 15:59:30] /n Malak
[15/06/2012 16:00:02] /n soya
[15/06/2012 16:00:08] /r
[15/06/2012 16:00:42] /n xodet
[15/06/2012 16:04:46] /reload npc
[15/06/2012 16:04:50] /r
[15/06/2012 16:04:53] /n xodet
[15/06/2012 16:05:09] /r
[15/06/2012 16:05:15] /shutdown
[15/06/2012 16:06:59] /n xodet
[15/06/2012 16:11:38] /r
[15/06/2012 16:11:41] /r
[15/06/2012 16:11:45] /r zodet
[15/06/2012 16:11:46] /r zodet
[15/06/2012 16:11:54] /reload NPC
[15/06/2012 16:11:58] /n xodet
[15/06/2012 16:12:08] /i 2160
[15/06/2012 16:12:15] /i backpack
[15/06/2012 16:18:32] /i crystal coin
[15/06/2012 16:33:27] /clean
[15/06/2012 17:35:28] /i fravingmets armor
[15/06/2012 17:35:31] /i fravingmets legs
[15/06/2012 17:35:34] /i fravingmets boots
[15/06/2012 17:35:56] /i fravingmets shield
[15/06/2012 17:46:25] /i fravingmets blade
[15/06/2012 17:46:35] /i 8047
[15/06/2012 17:46:36] /i 8047
[15/06/2012 17:46:36] /i 8047
[15/06/2012 17:46:37] /i 8047
[15/06/2012 17:46:39] /i 8047
[15/06/2012 17:46:39] /i 8047
[15/06/2012 17:47:23] /i crystal arrow
[15/06/2012 17:47:30] /i spear
[15/06/2012 17:47:37] /r
[15/06/2012 17:47:40] /i rainbow spear
[15/06/2012 18:02:31] /i rainbow spear
[15/06/2012 18:05:36] /i enchanted spear
[15/06/2012 18:07:01] /reload items
[15/06/2012 18:07:03] /r
[15/06/2012 18:07:06] /i fravngmets spears
[15/06/2012 18:07:14] /i fravingmets spear
[15/06/2012 18:07:18] /r 100
[15/06/2012 18:45:31] /i fravingmets spear
[15/06/2012 18:46:35] /addskill {owner}carcoo ,distance fighting, 100
[15/06/2012 18:46:41] /addskill {owner} carcoo ,distance fighting, 100
[15/06/2012 18:47:10] /addskill {owner} carcoo ,distance, 100
[15/06/2012 18:47:24] /addskill {owner} carcoo ,distance, 100
[15/06/2012 18:47:24] /addskill {owner} carcoo ,distance, 100
[15/06/2012 18:47:24] /addskill {owner} carcoo ,distance, 100
[15/06/2012 18:47:25] /addskill {owner} carcoo ,distance, 100
[16/06/2012 13:24:57] /i 2436
[16/06/2012 13:25:22] /i 7451
[16/06/2012 13:25:39] /i 7426
[16/06/2012 13:26:03] /i 2184
[16/06/2012 13:27:09] /i poem scroll
[16/06/2012 13:27:14] /r
[16/06/2012 13:27:17] /i 6112
[16/06/2012 13:27:24] /r
[16/06/2012 13:27:43] /i 6119
[16/06/2012 13:29:15] /m fucking monster
[16/06/2012 13:29:23] /m bitchy hydra
[20/06/2012 14:47:19] /r
[20/06/2012 14:47:22] /r
[20/06/2012 14:47:23] /r
[20/06/2012 14:47:26] /r
[20/06/2012 18:09:45] /attr set wand
[20/06/2012 18:11:03] /attr set wand
[20/06/2012 18:11:12] /r
[20/06/2012 18:11:37] /r
[20/06/2012 18:11:40] /i backpack
[20/06/2012 18:11:54] /i fravingmets spear
[23/06/2012 02:44:24] /i fravingmets sword
[23/06/2012 02:44:30] /i fravingmets blade
[23/06/2012 15:48:53] /a
[23/06/2012 15:48:54] /a
[23/06/2012 15:49:01] /t
[23/06/2012 15:49:06] /t
[23/06/2012 15:49:58] /r
[23/06/2012 15:49:59] /t
[23/06/2012 15:50:41] /a 2
[23/06/2012 15:51:07] /a 32
[23/06/2012 15:51:20] /reload xml
[23/06/2012 15:51:39] /reload vocations
[23/06/2012 15:54:12] /reload vocations
[23/06/2012 15:54:53] /reload vocations
[23/06/2012 15:55:09] /i super wand
[23/06/2012 15:55:55] /reload vocations
[23/06/2012 15:57:09] /reload vocations
[23/06/2012 15:57:55] /reload vocations
[23/06/2012 16:02:21] /reload weapons
[23/06/2012 16:05:09] /i 7538
[23/06/2012 16:05:12] /r
[23/06/2012 16:05:44] /addskill 
[23/06/2012 16:06:21] /addskill {owner} carcoo ,distance fighting,\
[23/06/2012 16:06:24] /addskill {owner} carcoo ,distance fighting,
[23/06/2012 16:06:38] /addskill {owner} carcoo ,level, 1
[23/06/2012 16:06:43] /addskill {owner} carcoo ,level, 1
[23/06/2012 16:06:51] /addskill {owner} carcoo ,distance, 1
[23/06/2012 16:06:56] /addskill {owner} carcoo ,distance, 30
[23/06/2012 16:06:58] /addskill {owner} carcoo ,distance, 30
[23/06/2012 16:06:59] /addskill {owner} carcoo ,distance, 30
[23/06/2012 16:06:59] /addskill {owner} carcoo ,distance, 30
[23/06/2012 16:07:00] /addskill {owner} carcoo ,distance, 30
[23/06/2012 16:07:00] /addskill {owner} carcoo ,distance, 30
[23/06/2012 16:07:01] /addskill {owner} carcoo ,distance, 30
[23/06/2012 16:07:01] /addskill {owner} carcoo ,distance, 30
[23/06/2012 16:07:03] /addskill {owner} carcoo ,distance, 3
[23/06/2012 16:07:04] /addskill {owner} carcoo ,distance, 3
[23/06/2012 16:07:05] /addskill {owner} carcoo ,distance, 3
[23/06/2012 16:07:05] /addskill {owner} carcoo ,distance, 3
[23/06/2012 16:07:06] /addskill {owner} carcoo ,distance, 3
[23/06/2012 16:07:06] /addskill {owner} carcoo ,distance, 3
[23/06/2012 16:07:06] /addskill {owner} carcoo ,distance, 3
[23/06/2012 16:07:07] /addskill {owner} carcoo ,distance, 3
[23/06/2012 16:07:07] /addskill {owner} carcoo ,distance, 3
[23/06/2012 16:07:07] /addskill {owner} carcoo ,distance, 3
[23/06/2012 16:07:08] /addskill {owner} carcoo ,distance, 3
[23/06/2012 16:07:31] /addskill {owner} carcoo ,distance, 3
[23/06/2012 16:07:31] /addskill {owner} carcoo ,distance, 3
[23/06/2012 16:07:31] /addskill {owner} carcoo ,distance, 3
[23/06/2012 16:07:32] /addskill {owner} carcoo ,distance, 3
[23/06/2012 16:07:32] /addskill {owner} carcoo ,distance, 3
[23/06/2012 16:07:32] /addskill {owner} carcoo ,distance, 3
[23/06/2012 16:07:32] /addskill {owner} carcoo ,distance, 3
[23/06/2012 16:07:32] /addskill {owner} carcoo ,distance, 3
[23/06/2012 16:07:32] /addskill {owner} carcoo ,distance, 3
[23/06/2012 16:07:32] /addskill {owner} carcoo ,distance, 3
[23/06/2012 16:07:32] /addskill {owner} carcoo ,distance, 3
[23/06/2012 16:07:32] /addskill {owner} carcoo ,distance, 3
[23/06/2012 16:07:32] /addskill {owner} carcoo ,distance, 3
[23/06/2012 16:07:32] /addskill {owner} carcoo ,distance, 3
[23/06/2012 16:07:32] /addskill {owner} carcoo ,distance, 3
[23/06/2012 16:07:32] /addskill {owner} carcoo ,distance, 3
[23/06/2012 16:07:32] /addskill {owner} carcoo ,distance, 3
[23/06/2012 16:07:33] /addskill {owner} carcoo ,distance, 3
[23/06/2012 16:07:33] /addskill {owner} carcoo ,distance, 3
[23/06/2012 16:07:33] /addskill {owner} carcoo ,distance, 3
[23/06/2012 16:07:33] /addskill {owner} carcoo ,distance, 3
[23/06/2012 16:07:33] /addskill {owner} carcoo ,distance, 3
[23/06/2012 16:07:33] /addskill {owner} carcoo ,distance, 3
[23/06/2012 16:07:33] /addskill {owner} carcoo ,distance, 3
[23/06/2012 16:07:33] /addskill {owner} carcoo ,distance, 3
[23/06/2012 16:07:33] /addskill {owner} carcoo ,distance, 3
[23/06/2012 16:07:33] /addskill {owner} carcoo ,distance, 3
[23/06/2012 16:07:33] /addskill {owner} carcoo ,distance, 3
[23/06/2012 16:07:33] /addskill {owner} carcoo ,distance, 3
[23/06/2012 16:07:33] /addskill {owner} carcoo ,distance, 3
[23/06/2012 16:07:33] /addskill {owner} carcoo ,distance, 3
[23/06/2012 16:07:33] /addskill {owner} carcoo ,distance, 3
[23/06/2012 16:07:34] /addskill {owner} carcoo ,distance, 3
[23/06/2012 16:07:34] /addskill {owner} carcoo ,distance, 3
[23/06/2012 16:07:34] /addskill {owner} carcoo ,distance, 3
[23/06/2012 16:07:34] /addskill {owner} carcoo ,distance, 3
[23/06/2012 16:07:34] /addskill {owner} carcoo ,distance, 3
[23/06/2012 16:07:34] /addskill {owner} carcoo ,distance, 3
[23/06/2012 16:07:34] /addskill {owner} carcoo ,distance, 3
[23/06/2012 16:07:34] /addskill {owner} carcoo ,distance, 3
[23/06/2012 16:07:34] /addskill {owner} carcoo ,distance, 3
[23/06/2012 16:07:35] /addskill {owner} carcoo ,distance, 3
[23/06/2012 16:07:35] /addskill {owner} carcoo ,distance, 3
[23/06/2012 16:07:35] /addskill {owner} carcoo ,distance, 3
[23/06/2012 16:07:35] /addskill {owner} carcoo ,distance, 3
[23/06/2012 16:07:35] /addskill {owner} carcoo ,distance, 3
[23/06/2012 16:07:35] /addskill {owner} carcoo ,distance, 3
[23/06/2012 16:07:35] /addskill {owner} carcoo ,distance, 3
[23/06/2012 16:07:35] /addskill {owner} carcoo ,distance, 3
[23/06/2012 16:07:35] /addskill {owner} carcoo ,distance, 3
[23/06/2012 16:07:35] /addskill {owner} carcoo ,distance, 3
[23/06/2012 16:07:35] /addskill {owner} carcoo ,distance, 3
[23/06/2012 16:07:40] /addskill {owner} carcoo ,distance, 1
[23/06/2012 16:07:42] /addskill {owner} carcoo ,distance, 1
[23/06/2012 16:07:44] /addskill {owner} carcoo ,distance, 1
[23/06/2012 16:07:44] /addskill {owner} carcoo ,distance, 1
[23/06/2012 16:07:44] /addskill {owner} carcoo ,distance, 1
[23/06/2012 16:07:44] /addskill {owner} carcoo ,distance, 1
[23/06/2012 16:07:44] /addskill {owner} carcoo ,distance, 1
[23/06/2012 16:07:45] /addskill {owner} carcoo ,distance, 1
[23/06/2012 16:07:52] /addskill {owner} carcoo ,distance, 1
[23/06/2012 16:07:53] /addskill {owner} carcoo ,distance, 1
[23/06/2012 16:07:53] /addskill {owner} carcoo ,distance, 1
[23/06/2012 16:07:53] /addskill {owner} carcoo ,distance, 1
[23/06/2012 16:07:53] /addskill {owner} carcoo ,distance, 1
[23/06/2012 16:07:53] /addskill {owner} carcoo ,distance, 1
[23/06/2012 16:07:53] /addskill {owner} carcoo ,distance, 1
[23/06/2012 16:07:53] /addskill {owner} carcoo ,distance, 1
[23/06/2012 16:07:53] /addskill {owner} carcoo ,distance, 1
[23/06/2012 16:07:53] /addskill {owner} carcoo ,distance, 1
[23/06/2012 16:07:53] /addskill {owner} carcoo ,distance, 1
[23/06/2012 16:07:53] /addskill {owner} carcoo ,distance, 1
[23/06/2012 16:07:53] /addskill {owner} carcoo ,distance, 1
[23/06/2012 16:07:53] /addskill {owner} carcoo ,distance, 1
[23/06/2012 16:07:54] /addskill {owner} carcoo ,distance, 1
[23/06/2012 16:07:54] /addskill {owner} carcoo ,distance, 1
[23/06/2012 16:07:54] /addskill {owner} carcoo ,distance, 1
[23/06/2012 16:07:54] /addskill {owner} carcoo ,distance, 1
[23/06/2012 16:07:54] /addskill {owner} carcoo ,distance, 1
[23/06/2012 16:07:54] /addskill {owner} carcoo ,distance, 1
[23/06/2012 16:07:54] /addskill {owner} carcoo ,distance, 1
[23/06/2012 16:07:54] /addskill {owner} carcoo ,distance, 1
[23/06/2012 16:07:54] /addskill {owner} carcoo ,distance, 1
[23/06/2012 16:07:54] /addskill {owner} carcoo ,distance, 1
[23/06/2012 16:07:54] /addskill {owner} carcoo ,distance, 1
[23/06/2012 16:07:54] /addskill {owner} carcoo ,distance, 1
[23/06/2012 16:07:54] /addskill {owner} carcoo ,distance, 1
[23/06/2012 16:07:54] /addskill {owner} carcoo ,distance, 1
[23/06/2012 16:07:54] /addskill {owner} carcoo ,distance, 1
[23/06/2012 16:07:55] /addskill {owner} carcoo ,distance, 1
[23/06/2012 16:07:55] /addskill {owner} carcoo ,distance, 1
[23/06/2012 16:07:55] /addskill {owner} carcoo ,distance, 1
[23/06/2012 16:07:55] /addskill {owner} carcoo ,distance, 1
[23/06/2012 16:07:55] /addskill {owner} carcoo ,distance, 1
[23/06/2012 16:07:55] /addskill {owner} carcoo ,distance, 1
[23/06/2012 16:07:55] /addskill {owner} carcoo ,distance, 1
[23/06/2012 16:07:55] /addskill {owner} carcoo ,distance, 1
[23/06/2012 16:07:55] /addskill {owner} carcoo ,distance, 1
[23/06/2012 16:07:55] /addskill {owner} carcoo ,distance, 1
[23/06/2012 16:07:55] /addskill {owner} carcoo ,distance, 1
[23/06/2012 16:07:55] /addskill {owner} carcoo ,distance, 1
[23/06/2012 16:07:55] /addskill {owner} carcoo ,distance, 1
[23/06/2012 16:07:55] /addskill {owner} carcoo ,distance, 1
[23/06/2012 16:07:55] /addskill {owner} carcoo ,distance, 1
[23/06/2012 16:07:55] /addskill {owner} carcoo ,distance, 1
[23/06/2012 16:07:56] /addskill {owner} carcoo ,distance, 1
[23/06/2012 16:07:56] /addskill {owner} carcoo ,distance, 1
[23/06/2012 16:07:56] /addskill {owner} carcoo ,distance, 1
[23/06/2012 16:07:56] /addskill {owner} carcoo ,distance, 1
[23/06/2012 16:07:56] /addskill {owner} carcoo ,distance, 1
[23/06/2012 16:07:56] /addskill {owner} carcoo ,distance, 1
[23/06/2012 16:08:02] /addskill {owner} carcoo ,distance, 1
[23/06/2012 16:08:02] /addskill {owner} carcoo ,distance, 1
[23/06/2012 16:08:02] /addskill {owner} carcoo ,distance, 1
[23/06/2012 16:08:02] /addskill {owner} carcoo ,distance, 1
[23/06/2012 16:08:02] /addskill {owner} carcoo ,distance, 1
[23/06/2012 16:08:02] /addskill {owner} carcoo ,distance, 1
[23/06/2012 16:08:03] /addskill {owner} carcoo ,distance, 1
[23/06/2012 16:08:03] /addskill {owner} carcoo ,distance, 1
[23/06/2012 16:08:03] /addskill {owner} carcoo ,distance, 1
[23/06/2012 16:08:03] /addskill {owner} carcoo ,distance, 1
[23/06/2012 16:08:03] /addskill {owner} carcoo ,distance, 1
[23/06/2012 16:08:03] /addskill {owner} carcoo ,distance, 1
[23/06/2012 16:08:03] /addskill {owner} carcoo ,distance, 1
[23/06/2012 16:08:03] /addskill {owner} carcoo ,distance, 1
[23/06/2012 16:08:03] /addskill {owner} carcoo ,distance, 1
[23/06/2012 16:08:03] /addskill {owner} carcoo ,distance, 1
[23/06/2012 16:08:04] /addskill {owner} carcoo ,distance, 1
[23/06/2012 16:08:06] /addskill {owner} carcoo ,distance, 1
[23/06/2012 16:08:06] /addskill {owner} carcoo ,distance, 1
[23/06/2012 16:08:06] /addskill {owner} carcoo ,distance, 1
[23/06/2012 16:08:07] /addskill {owner} carcoo ,distance, 1
[23/06/2012 16:08:07] /addskill {owner} carcoo ,distance, 1
[23/06/2012 16:08:07] /addskill {owner} carcoo ,distance, 1
[23/06/2012 16:08:07] /addskill {owner} carcoo ,distance, 1
[23/06/2012 16:08:07] /addskill {owner} carcoo ,distance, 1
[23/06/2012 16:08:08] /addskill {owner} carcoo ,distance, 1
[23/06/2012 16:08:08] /addskill {owner} carcoo ,distance, 1
[23/06/2012 16:08:08] /addskill {owner} carcoo ,distance, 1
[23/06/2012 16:08:08] /addskill {owner} carcoo ,distance, 1
[23/06/2012 16:08:08] /addskill {owner} carcoo ,distance, 1
[23/06/2012 16:08:09] /addskill {owner} carcoo ,distance, 1
[23/06/2012 16:08:09] /addskill {owner} carcoo ,distance, 1
[23/06/2012 16:08:09] /addskill {owner} carcoo ,distance, 1
[23/06/2012 16:08:11] /addskill {owner} carcoo ,distance, 1
[23/06/2012 16:08:12] /addskill {owner} carcoo ,distance, 1
[23/06/2012 16:08:13] /addskill {owner} carcoo ,distance, 1
[23/06/2012 16:08:14] /addskill {owner} carcoo ,distance, 1
[23/06/2012 16:08:16] /addskill {owner} carcoo ,distance, 2
[23/06/2012 16:08:18] /addskill {owner} carcoo ,distance,1
[23/06/2012 16:08:21] /addskill {owner} carcoo ,distance,2
[23/06/2012 16:08:29] /addskill {owner} carcoo ,distance,
[23/06/2012 16:10:59] /t
[23/06/2012 16:15:03] /reload spells
[23/06/2012 16:15:58] /i 11200
[23/06/2012 16:16:11] /i fravingmets ring
[23/06/2012 16:16:41] /r
[23/06/2012 16:16:48] /r
[23/06/2012 16:16:50] /r 100
[04/07/2012 14:37:52] /t
[04/07/2012 14:41:30] /a
[04/07/2012 14:41:32] /a 2
[04/07/2012 14:41:45] /a 3
[04/07/2012 14:42:08] /m orchabe/r
[04/07/2012 14:42:08] /m orchabe/r
[04/07/2012 14:42:29] /a 2
[04/07/2012 14:42:30] /m demon
[04/07/2012 14:42:31] /a
[04/07/2012 14:42:32] /a
[04/07/2012 14:42:40] /i captin freak
[04/07/2012 14:46:21] /t
[09/07/2012 23:40:19] /i 2312
[09/07/2012 23:42:52] /newtype 254
[09/07/2012 23:42:53] /newtype 254
[09/07/2012 23:44:27] /r
[09/07/2012 23:45:39] /reload action
[09/07/2012 23:46:24] /r
[09/07/2012 23:46:26] /r
[09/07/2012 23:46:27] /r
[09/07/2012 23:54:03] /m rat
[10/07/2012 12:12:37] /zombiestart
[10/07/2012 12:14:37] /zombiestart
[10/07/2012 12:14:38] /zombiestart
[10/07/2012 12:14:50] /zombiestart
[23/07/2012 15:11:45] /a 2
[23/07/2012 15:11:53] /a 2
[23/07/2012 15:12:06] /t
[23/07/2012 15:12:07] /up
[23/07/2012 15:12:14] /i vip medal
[23/07/2012 15:12:19] /i 8157
[23/07/2012 15:12:22] /r
[24/07/2012 17:12:58] /t
[24/07/2012 17:12:59] /up
[24/07/2012 17:13:02] /down
[24/07/2012 17:13:06] /t
[24/07/2012 17:13:09] /t
[25/07/2012 13:22:20] /i 2312
[25/07/2012 13:23:29] /r
[25/07/2012 13:29:25] /r
[25/07/2012 13:29:44] /i super uh
[25/07/2012 13:30:04] /a 1, koky
[25/07/2012 13:30:05] /a 1, koky
[25/07/2012 13:30:06] /a 1, koky
[25/07/2012 13:30:06] /a 1, koky
[25/07/2012 13:30:25] /t
[25/07/2012 13:30:27] /t koky
[25/07/2012 13:30:32] /c koky
[25/07/2012 13:32:11] /m rotworm
[25/07/2012 13:32:56] /m tortoise
[25/07/2012 13:33:02] /m tortoise
[25/07/2012 13:33:09] /r
[25/07/2012 13:33:26] /r
[25/07/2012 13:33:27] /r
[25/07/2012 13:33:31] /m rotworm
[25/07/2012 13:34:05] /reload actions
[25/07/2012 13:34:23] /m tortoise
[25/07/2012 13:34:24] /m tortoise
[25/07/2012 13:34:24] /m tortoise
[25/07/2012 13:34:30] /r
[25/07/2012 13:34:59] /i manarune
[25/07/2012 13:35:17] /reload actions
[25/07/2012 13:35:23] /i 2273
[25/07/2012 13:35:29] /i 2274
[25/07/2012 13:35:31] /i 2275
[25/07/2012 13:35:32] /i 2276
[25/07/2012 13:35:42] /i 2276/r
[25/07/2012 13:35:44] /r
[25/07/2012 13:36:14] /reload actions
[25/07/2012 13:36:33] /reload actions
[25/07/2012 13:37:19] /reload actions
[25/07/2012 13:38:04] /reload actions
[25/07/2012 13:40:20] /r
[25/07/2012 13:40:21] /r
[25/07/2012 13:40:22] /r
[25/07/2012 13:40:23] /r
[25/07/2012 13:40:26] /r 100
[25/07/2012 13:40:29] /r 100
[25/07/2012 13:40:32] /r 100
[25/07/2012 13:40:34] /r 100
[25/07/2012 13:40:35] /t
[25/07/2012 13:54:19] /m tortoise
[25/07/2012 13:55:39] /reload actions
[25/07/2012 13:58:32] /reload actions
[25/07/2012 14:30:13] /t
[25/07/2012 14:30:24] /t
[25/07/2012 14:30:29] /i vip medal
[25/07/2012 14:30:37] /i medal of honuor
[25/07/2012 14:35:10] /i 5785
[25/07/2012 14:50:13] /t
[25/07/2012 14:50:15] /up
[25/07/2012 14:50:31] /attr actionid 5788
[25/07/2012 14:50:36] /i 9004
[25/07/2012 14:51:14] /i 9004
[25/07/2012 14:51:45] /reload actions
[25/07/2012 14:51:51] /t
[25/07/2012 14:52:11] /t
[25/07/2012 14:56:30] /i 10503
[25/07/2012 14:58:16] /reload actions
[25/07/2012 14:58:26] /i 10503
[25/07/2012 15:09:03] /reload noc
[25/07/2012 15:09:05] /reload npc
[25/07/2012 15:09:09] /n mission npc
[25/07/2012 15:09:11] /n mission npc
[25/07/2012 15:09:14] /n mission npc
[25/07/2012 15:09:16] /n mission
[25/07/2012 15:09:21] /c mission
[25/07/2012 15:10:06] /i tarantula egg
[25/07/2012 15:15:28] /r
[26/07/2012 15:32:04] /t
[26/07/2012 15:32:54] /t
[26/07/2012 15:34:29] /t
[26/07/2012 15:34:57] /reload globalevents
[26/07/2012 15:35:35] /reload gobalevents
[26/07/2012 15:35:43] /reload globalevents
[26/07/2012 15:42:48] /shutdown
[26/07/2012 15:43:17] /t
[26/07/2012 15:18:50] /t
[26/07/2012 15:19:07] /attr group 7
[26/07/2012 15:19:07] /r
[26/07/2012 15:19:26] /r
[26/07/2012 15:19:41] /goto zatacka
[26/07/2012 15:19:50] /goto zatacka
[26/07/2012 15:20:26] /goto zatacka
[26/07/2012 15:20:32] /goto zatacka
[26/07/2012 15:20:35] /goto zatacka
[26/07/2012 15:21:07] /t
[26/07/2012 15:21:11] /goto zatacka
[26/07/2012 15:21:14] /goto zatacka
[26/07/2012 15:23:04] /t
[26/07/2012 15:23:19] /t
[26/07/2012 15:23:25] /goto zatacka
[26/07/2012 15:24:04] /a 4
[26/07/2012 15:24:11] /i super wand
[26/07/2012 15:25:17] /t
[26/07/2012 15:25:29] /goto zatracka
[26/07/2012 15:25:31] /goto zatacka
[26/07/2012 15:25:43] /a 3
[26/07/2012 15:25:46] /r
[26/07/2012 15:25:51] /i 9004
[26/07/2012 15:26:12] /goto zatacka
[26/07/2012 15:26:18] /goto zatacka
[26/07/2012 15:26:19] /goto zatacka
[26/07/2012 15:26:20] /goto zatacka
[26/07/2012 15:27:07] /c me to the last
[26/07/2012 15:28:41] /goto zatacka
[26/07/2012 15:29:12] /t
[26/07/2012 15:30:07] /c sex bomb
[26/07/2012 15:30:10] /c sexbomb
[26/07/2012 15:32:04] /t
[26/07/2012 15:32:07] /t sexbomb
[26/07/2012 15:34:16] /i plate helmet
[26/07/2012 15:35:00] /a 10
[26/07/2012 15:35:01] /a 10
[26/07/2012 15:35:01] /a 10
[26/07/2012 15:35:01] /a 10
[26/07/2012 15:35:02] /a 10
[26/07/2012 15:35:02] /a 10
[26/07/2012 15:35:02] /a 10
[26/07/2012 15:35:04] /a 10
[26/07/2012 15:35:06] /a 10
[26/07/2012 15:35:06] /a 10
[26/07/2012 15:35:07] /a 10
[26/07/2012 15:35:08] /a 10
[26/07/2012 15:35:08] /a 10
[26/07/2012 15:35:14] /t
[26/07/2012 15:35:18] /b who ask for staff banned
[26/07/2012 15:35:36] /town 3
[26/07/2012 15:35:38] /town 2
[26/07/2012 15:35:39] /town 1
[26/07/2012 15:35:50] /a 3
[26/07/2012 15:36:05] /attr pos 3000 3000 7
[26/07/2012 15:36:42] /t
[26/07/2012 15:36:47] /goto zatacka
[26/07/2012 15:37:06] /attr actionid 5788
[26/07/2012 15:37:24] /i 2272
[26/07/2012 15:37:26] /i 2273
[26/07/2012 15:37:38] /i 2276
[26/07/2012 15:37:45] /i 2272
[26/07/2012 15:37:56] /r 200
[26/07/2012 15:38:00] /r 200
[26/07/2012 15:38:13] /goto zatacka
[26/07/2012 16:23:27] /t
[26/07/2012 16:24:03] /t
[26/07/2012 16:24:32] /t
[26/07/2012 16:24:47] /t
[26/07/2012 16:24:59] /t
[26/07/2012 16:25:09] /t
[26/07/2012 16:25:15] /b zatacka the edits are ncie or not
[26/07/2012 16:30:22] /t
[26/07/2012 16:30:23] /goto zatacka
[26/07/2012 16:30:55] /goto zatacka
[26/07/2012 16:32:25] /t
