[01/03/2012 22:32:29] /town 2
[01/03/2012 22:32:44] /i 12385
[01/03/2012 22:32:52] /t
[01/03/2012 22:34:56] /addskill
[01/03/2012 22:35:33] /addskill {Scripter}Abdo ,level, 790
[01/03/2012 22:36:20] /attr pos 3000 3000 7
[01/03/2012 22:37:02] /t
[01/03/2012 22:53:24] /t
[02/03/2012 01:46:43] /t
[02/03/2012 01:48:53] /t
[03/03/2012 11:46:15] /t
[03/03/2012 11:46:37] /t
[03/03/2012 11:48:10] /t
[03/03/2012 11:48:33] /t
[04/03/2012 07:51:54] /attr pos 5000 5000 7
[04/03/2012 07:57:08] /attr pos 5000 5000 7
[09/03/2012 01:50:16] /town 2
[09/03/2012 01:50:23] /t
[09/03/2012 01:50:39] /i fravingmets armor
[09/03/2012 01:51:05] /t
[09/03/2012 01:51:46] /t
[09/03/2012 01:51:59] /goto rotw~
[09/03/2012 01:52:03] /goto rotwor~
[09/03/2012 01:52:05] /t
[09/03/2012 01:52:10] /cliport
[09/03/2012 01:52:19] /goto tor~
[09/03/2012 01:52:23] /t
[09/03/2012 01:52:37] /c tor~
[09/03/2012 01:52:41] /c torto~
[09/03/2012 01:52:52] /goto Tortoise
[09/03/2012 01:52:55] /goto Tortoi~
[09/03/2012 01:52:57] /t
[10/03/2012 03:05:21] /attr pos 7000 7000 7
[10/03/2012 03:05:43] /t
[10/03/2012 03:07:12] /i 12309
[10/03/2012 03:07:15] /r
[10/03/2012 03:07:20] /i 12609
[10/03/2012 03:08:36] /i 11300
[10/03/2012 03:09:01] /i 8910
[10/03/2012 03:09:10] /r
[10/03/2012 03:09:11] /r
[14/03/2012 10:38:51] /m rotworm
[14/03/2012 10:38:57] /r
[14/03/2012 10:39:01] /i fravingMets rod
[14/03/2012 10:39:21] /m bitchy hydra
[14/03/2012 10:39:52] /r
[14/03/2012 10:39:55] /r
[14/03/2012 10:39:55] /r
[14/03/2012 10:49:14] /i 12609
[14/03/2012 10:49:27] /m bitch hydra
[14/03/2012 10:49:28] /m bitch hydra
[14/03/2012 10:49:35] /m bitchy hydra
[14/03/2012 10:49:42] /r
[14/03/2012 10:49:46] /m rotworm
[14/03/2012 11:00:25] /m rotworm
[14/03/2012 11:00:48] /i fravingmets twice~
[14/03/2012 11:00:54] /i fravingmets twiceslicer
[14/03/2012 11:01:05] /m bitchy hydra
[14/03/2012 11:01:29] /attr ser attack 9999999999999
[14/03/2012 11:01:43] /attr set attack 900000000000000
[14/03/2012 11:01:45] /attr set attack 90000000000000
[14/03/2012 11:01:47] /attr set attack 9000000000000
[14/03/2012 11:01:54] /attr set attack 900000000000
[14/03/2012 11:01:58] /attr set attack 90000000000
[14/03/2012 11:02:00] /attr set attack 9000000000
[14/03/2012 11:02:02] /attr set attack 900000000
[14/03/2012 11:02:09] /attr set attack 90000000000
[14/03/2012 11:02:11] /attr set attack 90000000000
[14/03/2012 11:02:12] /attr set attack 900000000
[14/03/2012 11:02:16] /attr set attack 90000000000
[14/03/2012 11:02:25] /attr set attack 9000000000000
[14/03/2012 11:04:37] /reload xml
[14/03/2012 11:04:41] /reload vocations
[14/03/2012 11:04:54] /r
[14/03/2012 11:04:59] /i fravingmets sword
[14/03/2012 11:05:07] /i fravingmets weopon
[14/03/2012 11:05:13] /i fravingmets weapon
[14/03/2012 11:05:24] /i 12604
[14/03/2012 11:05:25] /i 12605
[14/03/2012 11:05:27] /i 12607
[14/03/2012 11:05:29] /i 12606
[14/03/2012 11:05:33] /i 12610
[14/03/2012 11:06:12] /t
[14/03/2012 11:06:17] /i spellbook
[15/03/2012 08:26:31] /i 2299
[15/03/2012 08:27:12] /m bitchy hydra
[15/03/2012 08:27:19] /m bitchy hydra
[15/03/2012 08:27:36] /m bitchy hydra
[15/03/2012 08:27:59] /a 
[15/03/2012 08:28:02] /a 2
[15/03/2012 08:28:13] /m training boy
[15/03/2012 08:28:25] /a 4
[15/03/2012 08:28:44] /i lava
[15/03/2012 08:28:44] /i lava
[15/03/2012 08:28:45] /i lava
[15/03/2012 08:28:46] /i lava
[15/03/2012 08:28:47] /i lava
[15/03/2012 08:28:48] /i lava
[15/03/2012 08:28:58] /i 1387
[15/03/2012 08:29:04] /attr 1000 1000 7
[15/03/2012 08:29:10] /r
[15/03/2012 08:29:15] /a
[15/03/2012 08:29:16] /a
[15/03/2012 08:29:18] /i 11919
[15/03/2012 08:29:21] /a
[15/03/2012 08:29:21] /i 11919
[15/03/2012 08:29:24] /a
[15/03/2012 08:29:26] /i 11919
[15/03/2012 08:29:28] /i 11919
[15/03/2012 08:29:29] /a
[15/03/2012 08:29:31] /i 11919
[15/03/2012 08:29:36] /a
[15/03/2012 08:29:38] /i 11919
[15/03/2012 08:29:42] /a
[15/03/2012 08:29:43] /i 11919
[15/03/2012 08:29:47] /t
[15/03/2012 08:31:14] /i manarune
[15/03/2012 08:31:30] /m troll champion
[15/03/2012 08:32:07] /addskill ,level, {Scripter}Abdo , 717200
[15/03/2012 08:32:25] /addskill ,level, 717200, {Scripter}Abdo
[15/03/2012 08:32:56] /addskill 717219, level, {Scripter}Abdo
[15/03/2012 08:33:10] /addskill 717219 ,level, {Scripter}Abdo
[15/03/2012 08:33:12] /addskill 717219 ,level, {Scripter}Abdo
[15/03/2012 08:33:22] /addskill ,level, {Scripter}Abdo
[15/03/2012 08:33:30] /addskill {Scripter}Abdo
[15/03/2012 08:33:39] /addskill {Scripter}Abdo , level, 717219
[15/03/2012 08:33:42] /addskill {Scripter}Abdo , level, 717200
[15/03/2012 08:33:47] /addskill {Scripter}Abdo , level, 600
[15/03/2012 08:33:47] /addskill {Scripter}Abdo , level, 600
[15/03/2012 08:33:53] /addskill {Scripter}Abdo , level, 88888
[15/03/2012 08:33:54] /addskill {Scripter}Abdo , level, 88888
[15/03/2012 08:33:54] /addskill {Scripter}Abdo , level, 88888
[15/03/2012 08:33:55] /addskill {Scripter}Abdo , level, 88888
[15/03/2012 08:33:55] /addskill {Scripter}Abdo , level, 88888
[15/03/2012 08:33:56] /addskill {Scripter}Abdo , level, 88888
[15/03/2012 08:33:56] /addskill {Scripter}Abdo , level, 88888
[15/03/2012 08:33:56] /addskill {Scripter}Abdo , level, 88888
[15/03/2012 08:33:57] /addskill {Scripter}Abdo , level, 88888
[15/03/2012 08:33:59] /addskill {Scripter}Abdo , level, 88888
[15/03/2012 08:34:00] /addskill {Scripter}Abdo , level, 88888
[15/03/2012 08:34:32] /t
[15/03/2012 09:05:04] /reload spells
[15/03/2012 09:05:26] /m bitchy hydra
[15/03/2012 09:06:51] /reload spells
[15/03/2012 09:07:45] /reload spells
[15/03/2012 09:08:44] /reload spells
[15/03/2012 09:08:46] /reload spells
[15/03/2012 09:09:22] /reload spells
[15/03/2012 09:10:03] /reload spells
[15/03/2012 09:10:23] /m training boy
[15/03/2012 09:10:29] /m bitchy hydra
[15/03/2012 09:10:31] /m bitchy hydra
[15/03/2012 09:10:38] /m bitchy hydra
[15/03/2012 09:10:49] /clean
[15/03/2012 09:10:50] /clean
[15/03/2012 09:13:31] /reload monsters
[15/03/2012 09:13:39] /m msh hamoot 3ashanak
[15/03/2012 09:13:40] /m msh hamoot 3ashanak
[15/03/2012 09:14:04] /m Msh Hamoot 3ashanak" 
[15/03/2012 09:14:05] /m Msh Hamoot 3ashanak"
[15/03/2012 09:14:06] /m Msh Hamoot 3ashanak
[15/03/2012 09:14:07] /m Msh Hamoot 3ashanak
[15/03/2012 09:14:47] /reload monsters
[15/03/2012 09:14:49] /m Msh Hamoot 3ashanak
[15/03/2012 09:14:50] /m Msh Hamoot 3ashanak
[15/03/2012 09:14:51] /m Msh Hamoot 3ashanak
[15/03/2012 09:16:30] /reload monsters
[15/03/2012 09:16:33] /m bad bug
[15/03/2012 09:16:47] /m fucking monster
[15/03/2012 09:16:48] /m fucking monster
[17/03/2012 00:47:38] /i 66088
[17/03/2012 00:47:41] /i 6088
[17/03/2012 00:48:33] /i 6088
[17/03/2012 00:48:42] /i 6088
[17/03/2012 01:33:39] /i 6088
[17/03/2012 01:33:43] /r
[17/03/2012 02:12:43] /attr 5788
[17/03/2012 02:12:48] /attr set action id 5788
[17/03/2012 02:12:58] /attr action id 5788
[17/03/2012 02:13:03] /attr actionid 5788
[17/03/2012 02:13:12] /i door
[17/03/2012 02:13:21] /i vip medal
[17/03/2012 02:13:27] /i 5788
[17/03/2012 02:13:33] /r
[17/03/2012 02:15:13] /reload global eventsa
[17/03/2012 02:15:14] /reload global events
[17/03/2012 02:16:05] /reload global events
[17/03/2012 02:17:45] /reload global events
[17/03/2012 02:20:16] /reload globalevents
[17/03/2012 02:27:39] /reload glbalevents
[17/03/2012 02:27:54] /reload globalevents
[17/03/2012 02:30:44] /reload globalevents
[17/03/2012 02:31:35] /reload globalevents
